2021-10-28 20:21:31.541 | INFO     |  5333 | mycroft.messagebus.load_config:load_message_bus_config:33 | Loading message bus configs
2021-10-28 20:21:31.546 | INFO     |  5333 | mycroft_bus_client.client.client | Connected
2021-10-28 20:21:31.547 | INFO     |  5333 | mycroft.util.process_utils:start_message_bus_client:155 | Connected to messagebus
2021-10-28 20:21:31.550 | INFO     |  5333 | mycroft.skills.msm_wrapper:create_msm:96 | Acquiring lock to instantiate MSM
2021-10-28 20:21:32.504 | INFO     |  5333 | msm.mycroft_skills_manager | building SkillEntry objects for all skills
2021-10-28 20:21:32.746 | INFO     |  5333 | mycroft.skills.msm_wrapper:create_msm:112 | Releasing MSM instantiation lock.
2021-10-28 20:21:32.747 | INFO     |  5333 | mycroft.skills.skill_updater:_log_next_download_time:267 | Next scheduled skill update: 2021-10-28 20:21:31.746713
2021-10-28 20:21:32.747 | INFO     |  5333 | msm.skill_entry | Downloading skill: https://github.com/mycroftai/skill-pairing
2021-10-28 20:21:33.021 | INFO     |  5333 | msm.skill_entry | Installing system requirements...
2021-10-28 20:21:33.037 | INFO     |  5333 | msm.skill_entry | Successfully installed mycroft-pairing
2021-10-28 20:21:33.037 | INFO     |  5333 | msm.mycroft_skills_manager | invalidating skills cache
2021-10-28 20:21:33.039 | INFO     |  5333 | mycroft.skills.skill_loader:load:185 | ATTEMPTING TO LOAD SKILL: mycroft-pairing.mycroftai
2021-10-28 20:21:33.053 | INFO     |  5333 | mycroft.skills.settings:get_local_settings:83 | /opt/mycroft/skills/mycroft-pairing.mycroftai/settings.json
2021-10-28 20:21:33.072 | INFO     |  5333 | mycroft.skills.skill_loader:_check_for_first_run:324 | First run of mycroft-pairing.mycroftai
2021-10-28 20:21:33.072 | INFO     |  5333 | mycroft.skills.settings:save_settings:116 | Skill settings successfully saved to /home/runner/.config/mycroft/skills/mycroft-pairing.mycroftai/settings.json
2021-10-28 20:21:33.081 | INFO     |  5333 | mycroft.skills.skill_loader:_communicate_load_status:344 | Skill mycroft-pairing.mycroftai loaded successfully
2021-10-28 20:21:33.081 | INFO     |  5333 | msm.skill_entry | Downloading skill: https://github.com/mycroftai/skill-volume
2021-10-28 20:21:33.397 | INFO     |  5333 | msm.skill_entry | Installing system requirements...
2021-10-28 20:21:33.411 | INFO     |  5333 | msm.skill_entry | Installing requirements.txt for mycroft-volume
2021-10-28 20:21:34.752 | INFO     |  5333 | msm.skill_entry | Successfully installed mycroft-volume
2021-10-28 20:21:34.753 | INFO     |  5333 | msm.mycroft_skills_manager | invalidating skills cache
2021-10-28 20:21:34.754 | INFO     |  5333 | mycroft.skills.skill_loader:load:185 | ATTEMPTING TO LOAD SKILL: mycroft-volume.mycroftai
2021-10-28 20:21:34.767 | INFO     |  5333 | mycroft.skills.settings:get_local_settings:83 | /opt/mycroft/skills/mycroft-volume.mycroftai/settings.json
2021-10-28 20:21:34.864 | ERROR    |  5333 | VolumeSkill | Couldn't allocate mixer, ALSAAudioError('No such file or directory [default]')
2021-10-28 20:21:37.880 | INFO     |  5333 | mycroft.skills.skill_loader:_check_for_first_run:324 | First run of mycroft-volume.mycroftai
2021-10-28 20:21:37.881 | INFO     |  5333 | mycroft.skills.settings:save_settings:116 | Skill settings successfully saved to /home/runner/.config/mycroft/skills/mycroft-volume.mycroftai/settings.json
2021-10-28 20:21:37.883 | INFO     |  5333 | mycroft.skills.skill_loader:_communicate_load_status:344 | Skill mycroft-volume.mycroftai loaded successfully
2021-10-28 20:21:37.886 | INFO     |  5333 | __main__:on_started:177 | Skills service is starting up.
2021-10-28 20:21:37.937 | INFO     |  5333 | __main__:_update_system:154 | Attempting system update...
2021-10-28 20:21:40.939 | INFO     |  5333 | mycroft.enclosure.display_manager:_write_data:70 | Display Manager is creating /tmp/mycroft/ipc/managers/disp_info
2021-10-28 20:21:40.939 | INFO     |  5333 | __main__:_ensure_device_is_paired:133 | Device not paired, invoking the pairing skill
2021-10-28 20:21:40.955 | INFO     |  5333 | __main__:on_alive:181 | Skills service is alive.
2021-10-28 20:21:40.959 | INFO     |  5333 | msm.mycroft_skills_manager | building SkillEntry objects for all skills
2021-10-28 20:21:41.126 | INFO     |  5333 | PairingSkill | Communicating account URL to user
2021-10-28 20:21:41.423 | WARNING  |  5333 | msm.mycroft_skills_manager | No such default skill: mycroft-pandora
2021-10-28 20:21:41.424 | INFO     |  5333 | mycroft.skills.skill_manager:run:234 | Not all default skills are installed, performing skill update...
2021-10-28 20:21:41.425 | INFO     |  5333 | mycroft.skills.skill_updater:update_skills:149 | Beginning skill update...
2021-10-28 20:21:41.472 | INFO     |  5333 | msm.mycroft_skills_manager | building SkillEntry objects for all skills
2021-10-28 20:21:41.759 | INFO     |  5333 | msm.mycroft_skills_manager | invalidating skills cache
2021-10-28 20:21:41.783 | INFO     |  5333 | msm.skill_entry | Downloading skill: https://github.com/mycroftai/fallback-wolfram-alpha
2021-10-28 20:21:41.787 | INFO     |  5333 | msm.skill_entry | Downloading skill: https://github.com/mycroftai/skill-alarm
2021-10-28 20:21:41.790 | INFO     |  5333 | msm.skill_entry | Downloading skill: https://github.com/mycroftai/skill-audio-record
2021-10-28 20:21:41.794 | INFO     |  5333 | msm.skill_entry | Downloading skill: https://github.com/mycroftai/skill-configuration
2021-10-28 20:21:41.798 | INFO     |  5333 | msm.skill_entry | Downloading skill: https://github.com/mycroftai/skill-date-time
2021-10-28 20:21:41.800 | INFO     |  5333 | msm.skill_entry | Downloading skill: https://github.com/mycroftai/fallback-unknown
2021-10-28 20:21:41.802 | INFO     |  5333 | msm.skill_entry | Downloading skill: https://github.com/mycroftai/fallback-duckduckgo
2021-10-28 20:21:41.808 | INFO     |  5333 | msm.skill_entry | Downloading skill: https://github.com/mycroftai/skill-installer
2021-10-28 20:21:41.808 | INFO     |  5333 | msm.skill_entry | Downloading skill: https://github.com/mycroftai/skill-ip
2021-10-28 20:21:41.809 | INFO     |  5333 | msm.skill_entry | Downloading skill: https://github.com/mycroftai/skill-joke
2021-10-28 20:21:41.810 | INFO     |  5333 | msm.skill_entry | Downloading skill: https://github.com/mycroftai/skill-naptime
2021-10-28 20:21:41.811 | INFO     |  5333 | msm.skill_entry | Downloading skill: https://github.com/mycroftai/skill-npr-news
2021-10-28 20:21:41.812 | INFO     |  5333 | msm.skill_entry | Downloading skill: https://github.com/mycroftai/skill-personal
2021-10-28 20:21:41.812 | INFO     |  5333 | msm.skill_entry | Downloading skill: https://github.com/mycroftai/skill-playback-control
2021-10-28 20:21:41.816 | INFO     |  5333 | msm.skill_entry | Downloading skill: https://github.com/mycroftai/skill-reminder
2021-10-28 20:21:41.817 | INFO     |  5333 | msm.skill_entry | Downloading skill: https://github.com/mycroftai/skill-singing
2021-10-28 20:21:41.817 | INFO     |  5333 | msm.skill_entry | Downloading skill: https://github.com/mycroftai/skill-hello-world
2021-10-28 20:21:43.090 | INFO     |  5333 | msm.skill_entry | Installing system requirements...
2021-10-28 20:21:43.186 | INFO     |  5333 | msm.skill_entry | Installing system requirements...
2021-10-28 20:21:43.323 | INFO     |  5333 | msm.skill_entry | Installing requirements.txt for fallback-wolfram-alpha
2021-10-28 20:21:43.323 | INFO     |  5333 | msm.skill_entry | Installing system requirements...
2021-10-28 20:21:43.337 | INFO     |  5333 | msm.skill_entry | Installing system requirements...
2021-10-28 20:21:43.372 | INFO     |  5333 | msm.skill_entry | Installing requirements.txt for mycroft-audio-record
2021-10-28 20:21:43.397 | INFO     |  5333 | msm.skill_entry | Installing system requirements...
2021-10-28 20:21:43.450 | INFO     |  5333 | msm.skill_entry | Installing system requirements...
2021-10-28 20:21:43.477 | INFO     |  5333 | msm.skill_entry | Installing system requirements...
2021-10-28 20:21:43.483 | INFO     |  5333 | msm.skill_entry | Installing system requirements...
2021-10-28 20:21:43.537 | INFO     |  5333 | msm.skill_entry | Successfully installed fallback-unknown
2021-10-28 20:21:43.537 | INFO     |  5333 | msm.mycroft_skills_manager | invalidating skills cache
2021-10-28 20:21:43.539 | INFO     |  5333 | msm.skill_entry | Downloading skill: https://github.com/mycroftai/skill-speak
2021-10-28 20:21:43.560 | INFO     |  5333 | msm.skill_entry | Installing system requirements...
2021-10-28 20:21:43.598 | INFO     |  5333 | msm.skill_entry | Installing requirements.txt for mycroft-fallback-duck-duck-go
2021-10-28 20:21:43.613 | INFO     |  5333 | msm.skill_entry | Installing requirements.txt for mycroft-configuration
2021-10-28 20:21:43.614 | INFO     |  5333 | msm.skill_entry | Successfully installed mycroft-personal
2021-10-28 20:21:43.614 | INFO     |  5333 | msm.mycroft_skills_manager | invalidating skills cache
2021-10-28 20:21:43.615 | INFO     |  5333 | msm.skill_entry | Downloading skill: https://github.com/mycroftai/skill-spelling
2021-10-28 20:21:43.635 | INFO     |  5333 | msm.skill_entry | Installing requirements.txt for mycroft-joke
2021-10-28 20:21:43.685 | INFO     |  5333 | msm.skill_entry | Successfully installed mycroft-hello-world
2021-10-28 20:21:43.700 | INFO     |  5333 | msm.mycroft_skills_manager | invalidating skills cache
2021-10-28 20:21:43.701 | INFO     |  5333 | msm.skill_entry | Installing system requirements...
2021-10-28 20:21:43.711 | INFO     |  5333 | msm.skill_entry | Successfully installed mycroft-playback-control
2021-10-28 20:21:43.712 | INFO     |  5333 | msm.mycroft_skills_manager | invalidating skills cache
2021-10-28 20:21:43.715 | INFO     |  5333 | msm.skill_entry | Downloading skill: https://github.com/mycroftai/skill-support
2021-10-28 20:21:43.744 | INFO     |  5333 | msm.skill_entry | Downloading skill: https://github.com/mycroftai/skill-stop
2021-10-28 20:21:43.852 | INFO     |  5333 | msm.skill_entry | Installing requirements.txt for mycroft-ip
2021-10-28 20:21:43.999 | INFO     |  5333 | msm.skill_entry | Installing system requirements...
2021-10-28 20:21:44.031 | INFO     |  5333 | msm.skill_entry | Installing requirements.txt for mycroft-date-time
2021-10-28 20:21:44.251 | INFO     |  5333 | msm.skill_entry | Installing system requirements...
2021-10-28 20:21:44.273 | INFO     |  5333 | msm.skill_entry | Nothing new for mycroft-volume
2021-10-28 20:21:44.276 | ERROR    |  5333 | msm.mycroft_skills_manager | Error running install_or_update on homeassistant.mycroftai: MergeConflict
2021-10-28 20:21:44.283 | INFO     |  5333 | msm.skill_entry | Downloading skill: https://github.com/mycroftai/mycroft-timer
2021-10-28 20:21:44.325 | INFO     |  5333 | msm.skill_entry | Installing requirements.txt for mycroft-installer
2021-10-28 20:21:44.328 | INFO     |  5333 | msm.skill_entry | Installing system requirements...
2021-10-28 20:21:44.332 | INFO     |  5333 | msm.skill_entry | Installing system requirements...
2021-10-28 20:21:44.362 | INFO     |  5333 | msm.skill_entry | Nothing new for mycroft-pairing
2021-10-28 20:21:44.377 | INFO     |  5333 | msm.skill_entry | Installing system requirements...
2021-10-28 20:21:44.392 | INFO     |  5333 | msm.skill_entry | Successfully installed mycroft-reminder
2021-10-28 20:21:44.393 | INFO     |  5333 | msm.mycroft_skills_manager | invalidating skills cache
2021-10-28 20:21:44.395 | INFO     |  5333 | msm.skill_entry | Downloading skill: https://github.com/mycroftai/skill-weather
2021-10-28 20:21:44.405 | INFO     |  5333 | msm.skill_entry | Installing requirements.txt for mycroft-volume
2021-10-28 20:21:44.429 | INFO     |  5333 | msm.skill_entry | Downloading skill: https://github.com/mycroftai/skill-version-checker
2021-10-28 20:21:44.495 | INFO     |  5333 | msm.skill_entry | Installing system requirements...
2021-10-28 20:21:44.543 | INFO     |  5333 | msm.skill_entry | Installing requirements.txt for mycroft-npr-news
2021-10-28 20:21:44.650 | INFO     |  5333 | msm.skill_entry | Installing system requirements...
2021-10-28 20:21:44.728 | INFO     |  5333 | msm.skill_entry | Successfully installed mycroft-naptime
2021-10-28 20:21:44.728 | INFO     |  5333 | msm.mycroft_skills_manager | invalidating skills cache
2021-10-28 20:21:44.729 | INFO     |  5333 | msm.skill_entry | Downloading skill: https://github.com/mycroftai/skill-wiki
2021-10-28 20:21:44.766 | INFO     |  5333 | msm.skill_entry | Installing system requirements...
2021-10-28 20:21:44.773 | INFO     |  5333 | msm.skill_entry | Installing system requirements...
2021-10-28 20:21:44.866 | INFO     |  5333 | msm.skill_entry | Successfully installed mycroft-spelling
2021-10-28 20:21:44.866 | INFO     |  5333 | msm.mycroft_skills_manager | invalidating skills cache
2021-10-28 20:21:44.870 | INFO     |  5333 | msm.skill_entry | Downloading skill: https://github.com/MycroftAI/skill-query
2021-10-28 20:21:44.903 | INFO     |  5333 | msm.skill_entry | Installing system requirements...
2021-10-28 20:21:44.914 | INFO     |  5333 | msm.skill_entry | Successfully installed mycroft-speak
2021-10-28 20:21:44.914 | INFO     |  5333 | msm.mycroft_skills_manager | invalidating skills cache
2021-10-28 20:21:44.946 | INFO     |  5333 | msm.skill_entry | Installing system requirements...
2021-10-28 20:21:44.998 | INFO     |  5333 | msm.skill_entry | Successfully installed mycroft-stop
2021-10-28 20:21:44.998 | INFO     |  5333 | msm.mycroft_skills_manager | invalidating skills cache
2021-10-28 20:21:45.014 | INFO     |  5333 | msm.skill_entry | Installing requirements.txt for mycroft-support-helper
2021-10-28 20:21:45.016 | INFO     |  5333 | msm.skill_entry | Installing system requirements...
2021-10-28 20:21:45.072 | INFO     |  5333 | msm.skill_entry | Installing requirements.txt for mycroft-alarm
2021-10-28 20:21:45.257 | INFO     |  5333 | msm.skill_entry | Installing system requirements...
2021-10-28 20:21:45.322 | INFO     |  5333 | msm.skill_entry | Successfully installed mycroft-version-checker
2021-10-28 20:21:45.322 | INFO     |  5333 | msm.mycroft_skills_manager | invalidating skills cache
2021-10-28 20:21:45.399 | INFO     |  5333 | msm.skill_entry | Installing system requirements...
2021-10-28 20:21:45.508 | INFO     |  5333 | msm.skill_entry | Installing requirements.txt for mycroft-wiki
2021-10-28 20:21:45.510 | INFO     |  5333 | msm.skill_entry | Installing system requirements...
2021-10-28 20:21:45.589 | ERROR    |  5333 | msm.mycroft_skills_manager | Error running install_or_update on homeassistant: MergeConflict
2021-10-28 20:21:45.594 | INFO     |  5333 | msm.skill_entry | Successfully installed fallback-query
2021-10-28 20:21:45.595 | INFO     |  5333 | msm.mycroft_skills_manager | invalidating skills cache
2021-10-28 20:21:46.017 | INFO     |  5333 | msm.skill_entry | Installing system requirements...
2021-10-28 20:21:46.067 | INFO     |  5333 | msm.skill_entry | Installing requirements.txt for mycroft-weather
2021-10-28 20:21:46.127 | INFO     |  5333 | msm.skill_entry | Installing system requirements...
2021-10-28 20:21:46.156 | INFO     |  5333 | msm.skill_entry | Installing system requirements...
2021-10-28 20:21:46.168 | INFO     |  5333 | msm.skill_entry | Successfully installed mycroft-timer
2021-10-28 20:21:46.168 | INFO     |  5333 | msm.mycroft_skills_manager | invalidating skills cache
2021-10-28 20:21:46.185 | INFO     |  5333 | msm.skill_entry | Successfully installed mycroft-singing
2021-10-28 20:21:46.185 | INFO     |  5333 | msm.mycroft_skills_manager | invalidating skills cache
2021-10-28 20:21:49.479 | INFO     |  5333 | msm.skill_entry | Successfully installed fallback-wolfram-alpha
2021-10-28 20:21:49.480 | INFO     |  5333 | msm.mycroft_skills_manager | invalidating skills cache
2021-10-28 20:21:50.466 | INFO     |  5333 | msm.skill_entry | Successfully installed mycroft-audio-record
2021-10-28 20:21:50.467 | INFO     |  5333 | msm.mycroft_skills_manager | invalidating skills cache
2021-10-28 20:21:51.515 | INFO     |  5333 | msm.skill_entry | Successfully installed mycroft-fallback-duck-duck-go
2021-10-28 20:21:51.515 | INFO     |  5333 | msm.mycroft_skills_manager | invalidating skills cache
2021-10-28 20:21:54.294 | INFO     |  5333 | msm.skill_entry | Successfully installed mycroft-configuration
2021-10-28 20:21:54.294 | INFO     |  5333 | msm.mycroft_skills_manager | invalidating skills cache
2021-10-28 20:21:55.348 | INFO     |  5333 | msm.skill_entry | Successfully installed mycroft-joke
2021-10-28 20:21:55.349 | INFO     |  5333 | msm.mycroft_skills_manager | invalidating skills cache
2021-10-28 20:21:56.260 | INFO     |  5333 | msm.skill_entry | Successfully installed mycroft-ip
2021-10-28 20:21:56.260 | INFO     |  5333 | msm.mycroft_skills_manager | invalidating skills cache
2021-10-28 20:22:11.465 | INFO     |  5333 | PairingSkill | Initiating device pairing sequence...
2021-10-28 20:22:11.465 | INFO     |  5333 | PairingSkill | Retrieving pairing code from device API...
2021-10-28 20:22:11.636 | INFO     |  5333 | PairingSkill | Pairing code obtained: CLX3FP
2021-10-28 20:22:11.636 | INFO     |  5333 | PairingSkill | Communicating pairing URL to user
2021-10-28 20:22:13.439 | INFO     |  5333 | msm.skill_entry | Successfully installed mycroft-date-time
2021-10-28 20:22:13.440 | INFO     |  5333 | msm.mycroft_skills_manager | invalidating skills cache
2021-10-28 20:22:14.420 | INFO     |  5333 | msm.skill_entry | Successfully installed mycroft-installer
2021-10-28 20:22:14.420 | INFO     |  5333 | msm.mycroft_skills_manager | invalidating skills cache
2021-10-28 20:22:18.768 | INFO     |  5333 | msm.skill_entry | Successfully installed mycroft-npr-news
2021-10-28 20:22:18.768 | INFO     |  5333 | msm.mycroft_skills_manager | invalidating skills cache
2021-10-28 20:22:20.973 | INFO     |  5333 | msm.skill_entry | Successfully installed mycroft-support-helper
2021-10-28 20:22:20.973 | INFO     |  5333 | msm.mycroft_skills_manager | invalidating skills cache
2021-10-28 20:22:22.038 | INFO     |  5333 | msm.skill_entry | Successfully installed mycroft-alarm
2021-10-28 20:22:22.038 | INFO     |  5333 | msm.mycroft_skills_manager | invalidating skills cache
2021-10-28 20:22:24.185 | INFO     |  5333 | msm.skill_entry | Successfully installed mycroft-wiki
2021-10-28 20:22:24.186 | INFO     |  5333 | msm.mycroft_skills_manager | invalidating skills cache
2021-10-28 20:22:25.371 | INFO     |  5333 | msm.skill_entry | Successfully installed mycroft-weather
2021-10-28 20:22:25.371 | INFO     |  5333 | msm.mycroft_skills_manager | invalidating skills cache
2021-10-28 20:22:25.456 | INFO     |  5333 | mycroft.skills.skill_updater:_log_next_download_time:267 | Next scheduled skill update: 2021-10-28 21:22:25.455995
2021-10-28 20:22:25.456 | INFO     |  5333 | mycroft.skills.skill_updater:update_skills:170 | Skill update complete
2021-10-28 20:22:25.459 | INFO     |  5333 | mycroft.skills.skill_manager:_load_on_startup:273 | Loading installed skills...
2021-10-28 20:22:25.460 | INFO     |  5333 | mycroft.skills.skill_loader:load:185 | ATTEMPTING TO LOAD SKILL: mycroft-ip.mycroftai
2021-10-28 20:22:25.664 | INFO     |  5333 | mycroft.skills.settings:get_local_settings:83 | /opt/mycroft/skills/mycroft-ip.mycroftai/settings.json
2021-10-28 20:22:25.677 | INFO     |  5333 | mycroft.skills.skill_loader:_check_for_first_run:324 | First run of mycroft-ip.mycroftai
2021-10-28 20:22:25.679 | INFO     |  5333 | mycroft.skills.settings:save_settings:116 | Skill settings successfully saved to /home/runner/.config/mycroft/skills/mycroft-ip.mycroftai/settings.json
2021-10-28 20:22:25.707 | INFO     |  5333 | mycroft.skills.skill_loader:_communicate_load_status:344 | Skill mycroft-ip.mycroftai loaded successfully
2021-10-28 20:22:25.708 | INFO     |  5333 | mycroft.skills.skill_loader:load:185 | ATTEMPTING TO LOAD SKILL: mycroft-reminder.mycroftai
2021-10-28 20:22:25.759 | INFO     |  5333 | mycroft.skills.settings:get_local_settings:83 | /opt/mycroft/skills/mycroft-reminder.mycroftai/settings.json
2021-10-28 20:22:25.819 | INFO     |  5333 | mycroft.skills.skill_loader:_check_for_first_run:324 | First run of mycroft-reminder.mycroftai
2021-10-28 20:22:25.819 | INFO     |  5333 | mycroft.skills.settings:save_settings:116 | Skill settings successfully saved to /home/runner/.config/mycroft/skills/mycroft-reminder.mycroftai/settings.json
2021-10-28 20:22:25.833 | INFO     |  5333 | mycroft.skills.skill_loader:_communicate_load_status:344 | Skill mycroft-reminder.mycroftai loaded successfully
2021-10-28 20:22:25.834 | INFO     |  5333 | mycroft.skills.skill_loader:load:185 | ATTEMPTING TO LOAD SKILL: mycroft-installer.mycroftai
2021-10-28 20:22:25.840 | INFO     |  5333 | mycroft.skills.settings:get_local_settings:83 | /opt/mycroft/skills/mycroft-installer.mycroftai/settings.json
2021-10-28 20:22:25.882 | INFO     |  5333 | mycroft.skills.skill_loader:_check_for_first_run:324 | First run of mycroft-installer.mycroftai
2021-10-28 20:22:25.885 | INFO     |  5333 | mycroft.skills.settings:save_settings:116 | Skill settings successfully saved to /home/runner/.config/mycroft/skills/mycroft-installer.mycroftai/settings.json
2021-10-28 20:22:25.892 | INFO     |  5333 | mycroft.skills.skill_loader:_communicate_load_status:344 | Skill mycroft-installer.mycroftai loaded successfully
2021-10-28 20:22:25.892 | INFO     |  5333 | mycroft.skills.skill_loader:load:185 | ATTEMPTING TO LOAD SKILL: mycroft-version-checker.mycroftai
2021-10-28 20:22:25.903 | INFO     |  5333 | mycroft.skills.settings:get_local_settings:83 | /opt/mycroft/skills/mycroft-version-checker.mycroftai/settings.json
2021-10-28 20:22:25.931 | INFO     |  5333 | mycroft.skills.skill_loader:_check_for_first_run:324 | First run of mycroft-version-checker.mycroftai
2021-10-28 20:22:25.932 | INFO     |  5333 | mycroft.skills.settings:save_settings:116 | Skill settings successfully saved to /home/runner/.config/mycroft/skills/mycroft-version-checker.mycroftai/settings.json
2021-10-28 20:22:25.932 | INFO     |  5333 | mycroft.skills.skill_loader:_communicate_load_status:344 | Skill mycroft-version-checker.mycroftai loaded successfully
2021-10-28 20:22:25.953 | INFO     |  5333 | mycroft.skills.skill_loader:load:185 | ATTEMPTING TO LOAD SKILL: mycroft-singing.mycroftai
2021-10-28 20:22:25.958 | INFO     |  5333 | mycroft.skills.settings:get_local_settings:83 | /opt/mycroft/skills/mycroft-singing.mycroftai/settings.json
2021-10-28 20:22:25.991 | INFO     |  5333 | mycroft.skills.skill_loader:_check_for_first_run:324 | First run of mycroft-singing.mycroftai
2021-10-28 20:22:25.992 | INFO     |  5333 | mycroft.skills.settings:save_settings:116 | Skill settings successfully saved to /home/runner/.config/mycroft/skills/mycroft-singing.mycroftai/settings.json
2021-10-28 20:22:26.000 | INFO     |  5333 | mycroft.skills.skill_loader:_communicate_load_status:344 | Skill mycroft-singing.mycroftai loaded successfully
2021-10-28 20:22:26.001 | INFO     |  5333 | mycroft.skills.skill_loader:load:185 | ATTEMPTING TO LOAD SKILL: mycroft-joke.mycroftai
2021-10-28 20:22:26.008 | INFO     |  5333 | mycroft.skills.settings:get_local_settings:83 | /opt/mycroft/skills/mycroft-joke.mycroftai/settings.json
2021-10-28 20:22:26.020 | INFO     |  5333 | mycroft.skills.skill_loader:_check_for_first_run:324 | First run of mycroft-joke.mycroftai
2021-10-28 20:22:26.023 | INFO     |  5333 | mycroft.skills.settings:save_settings:116 | Skill settings successfully saved to /home/runner/.config/mycroft/skills/mycroft-joke.mycroftai/settings.json
2021-10-28 20:22:26.023 | INFO     |  5333 | mycroft.skills.skill_loader:_communicate_load_status:344 | Skill mycroft-joke.mycroftai loaded successfully
2021-10-28 20:22:26.024 | INFO     |  5333 | mycroft.skills.skill_loader:load:185 | ATTEMPTING TO LOAD SKILL: mycroft-timer.mycroftai
2021-10-28 20:22:26.054 | INFO     |  5333 | mycroft.skills.settings:get_local_settings:83 | /opt/mycroft/skills/mycroft-timer.mycroftai/settings.json
2021-10-28 20:22:26.092 | INFO     |  5333 | mycroft.skills.skill_loader:_check_for_first_run:324 | First run of mycroft-timer.mycroftai
2021-10-28 20:22:26.092 | INFO     |  5333 | mycroft.skills.settings:save_settings:116 | Skill settings successfully saved to /home/runner/.config/mycroft/skills/mycroft-timer.mycroftai/settings.json
2021-10-28 20:22:26.093 | INFO     |  5333 | mycroft.skills.skill_loader:_communicate_load_status:344 | Skill mycroft-timer.mycroftai loaded successfully
2021-10-28 20:22:26.095 | INFO     |  5333 | mycroft.skills.skill_loader:load:185 | ATTEMPTING TO LOAD SKILL: homeassistant.mycroftai
2021-10-28 20:22:26.462 | INFO     |  5333 | mycroft.skills.settings:get_local_settings:83 | /opt/mycroft/skills/homeassistant.mycroftai/settings.json
2021-10-28 20:22:26.463 | INFO     |  5333 | mycroft.skills.settings:get_local_settings:83 | /opt/mycroft/skills/homeassistant.mycroftai/settings.json
2021-10-28 20:22:26.513 | INFO     |  5333 | mycroft.skills.skill_loader:_communicate_load_status:344 | Skill homeassistant.mycroftai loaded successfully
2021-10-28 20:22:26.513 | INFO     |  5333 | mycroft.skills.skill_loader:load:185 | ATTEMPTING TO LOAD SKILL: mycroft-alarm.mycroftai
2021-10-28 20:22:26.544 | INFO     |  5333 | mycroft.skills.settings:get_local_settings:83 | /opt/mycroft/skills/mycroft-alarm.mycroftai/settings.json
2021-10-28 20:22:26.566 | ERROR    |  5333 | AlarmSkill | Couldn't allocate mixer, ALSAAudioError('No such file or directory [default]')
2021-10-28 20:22:26.626 | INFO     |  5333 | mycroft.skills.skill_loader:_check_for_first_run:324 | First run of mycroft-alarm.mycroftai
2021-10-28 20:22:26.626 | INFO     |  5333 | mycroft.skills.settings:save_settings:116 | Skill settings successfully saved to /home/runner/.config/mycroft/skills/mycroft-alarm.mycroftai/settings.json
2021-10-28 20:22:26.636 | INFO     |  5333 | mycroft.skills.skill_loader:_communicate_load_status:344 | Skill mycroft-alarm.mycroftai loaded successfully
2021-10-28 20:22:26.637 | INFO     |  5333 | mycroft.skills.skill_loader:load:185 | ATTEMPTING TO LOAD SKILL: mycroft-naptime.mycroftai
2021-10-28 20:22:26.648 | INFO     |  5333 | mycroft.skills.settings:get_local_settings:83 | /opt/mycroft/skills/mycroft-naptime.mycroftai/settings.json
2021-10-28 20:22:26.662 | INFO     |  5333 | mycroft.skills.skill_loader:_check_for_first_run:324 | First run of mycroft-naptime.mycroftai
2021-10-28 20:22:26.663 | INFO     |  5333 | mycroft.skills.settings:save_settings:116 | Skill settings successfully saved to /home/runner/.config/mycroft/skills/mycroft-naptime.mycroftai/settings.json
2021-10-28 20:22:26.668 | INFO     |  5333 | mycroft.skills.skill_loader:_communicate_load_status:344 | Skill mycroft-naptime.mycroftai loaded successfully
2021-10-28 20:22:26.668 | INFO     |  5333 | mycroft.skills.skill_loader:load:185 | ATTEMPTING TO LOAD SKILL: mycroft-spelling.mycroftai
2021-10-28 20:22:26.672 | INFO     |  5333 | mycroft.skills.settings:get_local_settings:83 | /opt/mycroft/skills/mycroft-spelling.mycroftai/settings.json
2021-10-28 20:22:26.692 | INFO     |  5333 | mycroft.skills.skill_loader:_check_for_first_run:324 | First run of mycroft-spelling.mycroftai
2021-10-28 20:22:26.692 | INFO     |  5333 | mycroft.skills.settings:save_settings:116 | Skill settings successfully saved to /home/runner/.config/mycroft/skills/mycroft-spelling.mycroftai/settings.json
2021-10-28 20:22:26.699 | INFO     |  5333 | mycroft.skills.skill_loader:_communicate_load_status:344 | Skill mycroft-spelling.mycroftai loaded successfully
2021-10-28 20:22:26.699 | INFO     |  5333 | mycroft.skills.skill_loader:load:185 | ATTEMPTING TO LOAD SKILL: mycroft-fallback-duck-duck-go.mycroftai
2021-10-28 20:22:26.711 | INFO     |  5333 | mycroft.skills.settings:get_local_settings:83 | /opt/mycroft/skills/mycroft-fallback-duck-duck-go.mycroftai/settings.json
2021-10-28 20:22:26.740 | INFO     |  5333 | mycroft.skills.skill_loader:_check_for_first_run:324 | First run of mycroft-fallback-duck-duck-go.mycroftai
2021-10-28 20:22:26.745 | INFO     |  5333 | mycroft.skills.settings:save_settings:116 | Skill settings successfully saved to /home/runner/.config/mycroft/skills/mycroft-fallback-duck-duck-go.mycroftai/settings.json
2021-10-28 20:22:26.747 | INFO     |  5333 | mycroft.skills.skill_loader:_communicate_load_status:344 | Skill mycroft-fallback-duck-duck-go.mycroftai loaded successfully
2021-10-28 20:22:26.747 | INFO     |  5333 | mycroft.skills.skill_loader:load:185 | ATTEMPTING TO LOAD SKILL: mycroft-npr-news.mycroftai
2021-10-28 20:22:26.852 | INFO     |  5333 | mycroft.skills.settings:get_local_settings:83 | /opt/mycroft/skills/mycroft-npr-news.mycroftai/settings.json
2021-10-28 20:22:27.877 | INFO     |  5333 | mycroft.skills.skill_loader:_check_for_first_run:324 | First run of mycroft-npr-news.mycroftai
2021-10-28 20:22:27.877 | INFO     |  5333 | mycroft.skills.settings:save_settings:116 | Skill settings successfully saved to /home/runner/.config/mycroft/skills/mycroft-npr-news.mycroftai/settings.json
2021-10-28 20:22:27.878 | INFO     |  5333 | mycroft.skills.skill_loader:_communicate_load_status:344 | Skill mycroft-npr-news.mycroftai loaded successfully
2021-10-28 20:22:27.878 | INFO     |  5333 | mycroft.skills.skill_loader:load:185 | ATTEMPTING TO LOAD SKILL: mycroft-support-helper.mycroftai
2021-10-28 20:22:27.892 | INFO     |  5333 | mycroft.skills.settings:get_local_settings:83 | /opt/mycroft/skills/mycroft-support-helper.mycroftai/settings.json
2021-10-28 20:22:27.897 | INFO     |  5333 | mycroft.skills.skill_loader:_check_for_first_run:324 | First run of mycroft-support-helper.mycroftai
2021-10-28 20:22:27.902 | INFO     |  5333 | mycroft.skills.settings:save_settings:116 | Skill settings successfully saved to /home/runner/.config/mycroft/skills/mycroft-support-helper.mycroftai/settings.json
2021-10-28 20:22:27.902 | INFO     |  5333 | mycroft.skills.skill_loader:_communicate_load_status:344 | Skill mycroft-support-helper.mycroftai loaded successfully
2021-10-28 20:22:27.903 | INFO     |  5333 | mycroft.skills.skill_loader:load:185 | ATTEMPTING TO LOAD SKILL: mycroft-weather.mycroftai
2021-10-28 20:22:27.923 | INFO     |  5333 | mycroft.skills.settings:get_local_settings:83 | /opt/mycroft/skills/mycroft-weather.mycroftai/settings.json
2021-10-28 20:22:27.978 | INFO     |  5333 | mycroft.skills.skill_loader:_check_for_first_run:324 | First run of mycroft-weather.mycroftai
2021-10-28 20:22:27.979 | INFO     |  5333 | mycroft.skills.settings:save_settings:116 | Skill settings successfully saved to /home/runner/.config/mycroft/skills/mycroft-weather.mycroftai/settings.json
2021-10-28 20:22:27.979 | INFO     |  5333 | mycroft.skills.skill_loader:_communicate_load_status:344 | Skill mycroft-weather.mycroftai loaded successfully
2021-10-28 20:22:27.980 | INFO     |  5333 | mycroft.skills.skill_loader:load:185 | ATTEMPTING TO LOAD SKILL: mycroft-speak.mycroftai
2021-10-28 20:22:27.985 | INFO     |  5333 | mycroft.skills.settings:get_local_settings:83 | /opt/mycroft/skills/mycroft-speak.mycroftai/settings.json
2021-10-28 20:22:27.995 | INFO     |  5333 | mycroft.skills.skill_loader:_check_for_first_run:324 | First run of mycroft-speak.mycroftai
2021-10-28 20:22:27.997 | INFO     |  5333 | mycroft.skills.settings:save_settings:116 | Skill settings successfully saved to /home/runner/.config/mycroft/skills/mycroft-speak.mycroftai/settings.json
2021-10-28 20:22:27.998 | INFO     |  5333 | mycroft.skills.skill_loader:_communicate_load_status:344 | Skill mycroft-speak.mycroftai loaded successfully
2021-10-28 20:22:27.999 | INFO     |  5333 | mycroft.skills.skill_loader:load:185 | ATTEMPTING TO LOAD SKILL: mycroft-audio-record.mycroftai
2021-10-28 20:22:28.003 | INFO     |  5333 | mycroft.skills.settings:get_local_settings:83 | /opt/mycroft/skills/mycroft-audio-record.mycroftai/settings.json
2021-10-28 20:22:28.014 | INFO     |  5333 | mycroft.skills.skill_loader:_check_for_first_run:324 | First run of mycroft-audio-record.mycroftai
2021-10-28 20:22:28.015 | INFO     |  5333 | mycroft.skills.settings:save_settings:116 | Skill settings successfully saved to /home/runner/.config/mycroft/skills/mycroft-audio-record.mycroftai/settings.json
2021-10-28 20:22:28.016 | INFO     |  5333 | mycroft.skills.skill_loader:_communicate_load_status:344 | Skill mycroft-audio-record.mycroftai loaded successfully
2021-10-28 20:22:28.016 | INFO     |  5333 | mycroft.skills.skill_loader:load:185 | ATTEMPTING TO LOAD SKILL: mycroft-stop.mycroftai
2021-10-28 20:22:28.020 | INFO     |  5333 | mycroft.skills.settings:get_local_settings:83 | /opt/mycroft/skills/mycroft-stop.mycroftai/settings.json
2021-10-28 20:22:28.032 | INFO     |  5333 | mycroft.skills.skill_loader:_check_for_first_run:324 | First run of mycroft-stop.mycroftai
2021-10-28 20:22:28.032 | INFO     |  5333 | mycroft.skills.settings:save_settings:116 | Skill settings successfully saved to /home/runner/.config/mycroft/skills/mycroft-stop.mycroftai/settings.json
2021-10-28 20:22:28.033 | INFO     |  5333 | mycroft.skills.skill_loader:_communicate_load_status:344 | Skill mycroft-stop.mycroftai loaded successfully
2021-10-28 20:22:28.034 | INFO     |  5333 | mycroft.skills.skill_loader:load:185 | ATTEMPTING TO LOAD SKILL: mycroft-hello-world.mycroftai
2021-10-28 20:22:28.037 | INFO     |  5333 | mycroft.skills.settings:get_local_settings:83 | /opt/mycroft/skills/mycroft-hello-world.mycroftai/settings.json
2021-10-28 20:22:28.060 | INFO     |  5333 | mycroft.skills.skill_loader:_check_for_first_run:324 | First run of mycroft-hello-world.mycroftai
2021-10-28 20:22:28.060 | INFO     |  5333 | mycroft.skills.settings:save_settings:116 | Skill settings successfully saved to /home/runner/.config/mycroft/skills/mycroft-hello-world.mycroftai/settings.json
2021-10-28 20:22:28.067 | INFO     |  5333 | mycroft.skills.skill_loader:_communicate_load_status:344 | Skill mycroft-hello-world.mycroftai loaded successfully
2021-10-28 20:22:28.067 | INFO     |  5333 | mycroft.skills.skill_loader:load:185 | ATTEMPTING TO LOAD SKILL: mycroft-date-time.mycroftai
2021-10-28 20:22:28.773 | INFO     |  5333 | mycroft.skills.settings:get_local_settings:83 | /opt/mycroft/skills/mycroft-date-time.mycroftai/settings.json
2021-10-28 20:22:28.828 | INFO     |  5333 | TimeSkill | Registering resting screen <bound method TimeSkill.handle_idle of <mycroft-date-time_mycroftai.TimeSkill object at 0x7fee2868b390>> for Time and Date.
2021-10-28 20:22:28.831 | INFO     |  5333 | TimeSkill | Registering resting screen
2021-10-28 20:22:28.844 | INFO     |  5333 | mycroft.skills.skill_loader:_check_for_first_run:324 | First run of mycroft-date-time.mycroftai
2021-10-28 20:22:28.844 | INFO     |  5333 | mycroft.skills.settings:save_settings:116 | Skill settings successfully saved to /home/runner/.config/mycroft/skills/mycroft-date-time.mycroftai/settings.json
2021-10-28 20:22:28.851 | INFO     |  5333 | mycroft.skills.skill_loader:_communicate_load_status:344 | Skill mycroft-date-time.mycroftai loaded successfully
2021-10-28 20:22:28.852 | INFO     |  5333 | mycroft.skills.skill_loader:load:185 | ATTEMPTING TO LOAD SKILL: mycroft-configuration.mycroftai
2021-10-28 20:22:28.867 | INFO     |  5333 | mycroft.skills.settings:get_local_settings:83 | /opt/mycroft/skills/mycroft-configuration.mycroftai/settings.json
2021-10-28 20:22:28.908 | INFO     |  5333 | mycroft.skills.skill_loader:_check_for_first_run:324 | First run of mycroft-configuration.mycroftai
2021-10-28 20:22:28.915 | INFO     |  5333 | mycroft.skills.settings:save_settings:116 | Skill settings successfully saved to /home/runner/.config/mycroft/skills/mycroft-configuration.mycroftai/settings.json
2021-10-28 20:22:28.917 | INFO     |  5333 | mycroft.skills.skill_loader:_communicate_load_status:344 | Skill mycroft-configuration.mycroftai loaded successfully
2021-10-28 20:22:28.918 | INFO     |  5333 | mycroft.skills.skill_loader:load:185 | ATTEMPTING TO LOAD SKILL: fallback-query.mycroftai
2021-10-28 20:22:28.932 | INFO     |  5333 | mycroft.skills.settings:get_local_settings:83 | /opt/mycroft/skills/fallback-query.mycroftai/settings.json
2021-10-28 20:22:28.955 | INFO     |  5333 | mycroft.skills.skill_loader:_check_for_first_run:324 | First run of fallback-query.mycroftai
2021-10-28 20:22:28.956 | INFO     |  5333 | mycroft.skills.settings:save_settings:116 | Skill settings successfully saved to /home/runner/.config/mycroft/skills/fallback-query.mycroftai/settings.json
2021-10-28 20:22:28.958 | INFO     |  5333 | mycroft.skills.skill_loader:_communicate_load_status:344 | Skill fallback-query.mycroftai loaded successfully
2021-10-28 20:22:28.959 | INFO     |  5333 | mycroft.skills.skill_loader:load:185 | ATTEMPTING TO LOAD SKILL: mycroft-personal.mycroftai
2021-10-28 20:22:28.962 | INFO     |  5333 | mycroft.skills.settings:get_local_settings:83 | /opt/mycroft/skills/mycroft-personal.mycroftai/settings.json
2021-10-28 20:22:28.993 | INFO     |  5333 | mycroft.skills.skill_loader:_check_for_first_run:324 | First run of mycroft-personal.mycroftai
2021-10-28 20:22:28.994 | INFO     |  5333 | mycroft.skills.settings:save_settings:116 | Skill settings successfully saved to /home/runner/.config/mycroft/skills/mycroft-personal.mycroftai/settings.json
2021-10-28 20:22:28.994 | INFO     |  5333 | mycroft.skills.skill_loader:_communicate_load_status:344 | Skill mycroft-personal.mycroftai loaded successfully
2021-10-28 20:22:28.995 | INFO     |  5333 | mycroft.skills.skill_loader:load:185 | ATTEMPTING TO LOAD SKILL: fallback-wolfram-alpha.mycroftai
2021-10-28 20:22:29.076 | INFO     |  5333 | mycroft.skills.settings:get_local_settings:83 | /opt/mycroft/skills/fallback-wolfram-alpha.mycroftai/settings.json
2021-10-28 20:22:29.108 | INFO     |  5333 | mycroft.skills.skill_loader:_check_for_first_run:324 | First run of fallback-wolfram-alpha.mycroftai
2021-10-28 20:22:29.109 | INFO     |  5333 | mycroft.skills.settings:save_settings:116 | Skill settings successfully saved to /home/runner/.config/mycroft/skills/fallback-wolfram-alpha.mycroftai/settings.json
2021-10-28 20:22:29.109 | INFO     |  5333 | mycroft.skills.skill_loader:_communicate_load_status:344 | Skill fallback-wolfram-alpha.mycroftai loaded successfully
2021-10-28 20:22:29.111 | INFO     |  5333 | mycroft.skills.skill_loader:load:185 | ATTEMPTING TO LOAD SKILL: mycroft-wiki.mycroftai
2021-10-28 20:22:29.119 | INFO     |  5333 | mycroft.skills.settings:get_local_settings:83 | /opt/mycroft/skills/mycroft-wiki.mycroftai/settings.json
2021-10-28 20:22:29.143 | INFO     |  5333 | mycroft.skills.skill_loader:_check_for_first_run:324 | First run of mycroft-wiki.mycroftai
2021-10-28 20:22:29.144 | INFO     |  5333 | mycroft.skills.settings:save_settings:116 | Skill settings successfully saved to /home/runner/.config/mycroft/skills/mycroft-wiki.mycroftai/settings.json
2021-10-28 20:22:29.146 | INFO     |  5333 | mycroft.skills.skill_loader:_communicate_load_status:344 | Skill mycroft-wiki.mycroftai loaded successfully
2021-10-28 20:22:29.147 | INFO     |  5333 | mycroft.skills.skill_loader:load:185 | ATTEMPTING TO LOAD SKILL: fallback-unknown.mycroftai
2021-10-28 20:22:29.151 | INFO     |  5333 | mycroft.skills.settings:get_local_settings:83 | /opt/mycroft/skills/fallback-unknown.mycroftai/settings.json
2021-10-28 20:22:29.158 | INFO     |  5333 | mycroft.skills.skill_loader:_check_for_first_run:324 | First run of fallback-unknown.mycroftai
2021-10-28 20:22:29.159 | INFO     |  5333 | mycroft.skills.settings:save_settings:116 | Skill settings successfully saved to /home/runner/.config/mycroft/skills/fallback-unknown.mycroftai/settings.json
2021-10-28 20:22:29.160 | INFO     |  5333 | mycroft.skills.skill_loader:_communicate_load_status:344 | Skill fallback-unknown.mycroftai loaded successfully
2021-10-28 20:22:29.160 | INFO     |  5333 | mycroft.skills.skill_loader:load:185 | ATTEMPTING TO LOAD SKILL: mycroft-playback-control.mycroftai
2021-10-28 20:22:29.169 | INFO     |  5333 | mycroft.skills.settings:get_local_settings:83 | /opt/mycroft/skills/mycroft-playback-control.mycroftai/settings.json
2021-10-28 20:22:29.197 | INFO     |  5333 | mycroft.skills.skill_loader:_check_for_first_run:324 | First run of mycroft-playback-control.mycroftai
2021-10-28 20:22:29.197 | INFO     |  5333 | mycroft.skills.settings:save_settings:116 | Skill settings successfully saved to /home/runner/.config/mycroft/skills/mycroft-playback-control.mycroftai/settings.json
2021-10-28 20:22:29.200 | INFO     |  5333 | mycroft.skills.skill_loader:_communicate_load_status:344 | Skill mycroft-playback-control.mycroftai loaded successfully
2021-10-28 20:22:29.200 | INFO     |  5333 | mycroft.skills.skill_manager:_load_on_startup:275 | Skills all loaded!
2021-10-28 20:22:29.220 | INFO     |  5333 | __main__:on_ready:185 | Skills service is ready.
2021-10-28 20:22:29.474 | INFO     |  5333 | mycroft.skills.intent_services.padatious_service:train:151 | Training... (single_thread=False)
Regenerated mycroft-alarm.mycroftai:{daytype}.
Regenerated mycroft-reminder.mycroftai:ReminderAt.intent.
Regenerated mycroft-reminder.mycroftai:GetNextReminders.intent.
Regenerated mycroft-reminder.mycroftai:UnspecifiedReminderAt.intent.
Regenerated mycroft-reminder.mycroftai:SnoozeReminder.intent.
Regenerated mycroft-reminder.mycroftai:CancelActiveReminder.intent.
Regenerated mycroft-reminder.mycroftai:GetRemindersForDay.intent.
Regenerated mycroft-reminder.mycroftai:DeleteReminderForDay.intent.
Regenerated mycroft-reminder.mycroftai:Reminder.intent.
Regenerated homeassistant.mycroftai:turn.on.intent.
Regenerated homeassistant.mycroftai:set.light.brightness.intent.
Regenerated homeassistant.mycroftai:cover.stop.intent.
Regenerated homeassistant.mycroftai:cover.open.intent.
Regenerated homeassistant.mycroftai:set.climate.intent.
Regenerated homeassistant.mycroftai:automation.intent.
Regenerated homeassistant.mycroftai:tracker.intent.
Regenerated mycroft-alarm.mycroftai:change.alarm.sound.intent.
Regenerated mycroft-personal.mycroftai:WhoMadeYou.intent.
Regenerated mycroft-personal.mycroftai:WhereWereYouBorn.intent.
Regenerated mycroft-wiki.mycroftai:Random.intent.
Regenerated mycroft-reminder.mycroftai:ClearReminders.intent.
Regenerated mycroft-installer.mycroftai:install.beta.intent.
Regenerated mycroft-installer.mycroftai:install.intent.
Regenerated mycroft-installer.mycroftai:list.skills.intent.
Regenerated mycroft-installer.mycroftai:remove.intent.
Regenerated mycroft-installer.mycroftai:is.installed.intent.
Regenerated mycroft-installer.mycroftai:install.custom.intent.
Regenerated mycroft-timer.mycroftai:start.timer.intent.
Regenerated mycroft-timer.mycroftai:timer.status.intent.
Regenerated homeassistant.mycroftai:cover.close.intent.
Regenerated homeassistant.mycroftai:sensor.intent.
Regenerated homeassistant.mycroftai:toggle.intent.
Regenerated homeassistant.mycroftai:increase.light.brightness.intent.
Regenerated homeassistant.mycroftai:decrease.light.brightness.intent.
Regenerated homeassistant.mycroftai:add.item.shopping.list.intent.
Regenerated homeassistant.mycroftai:turn.off.intent.
Regenerated mycroft-alarm.mycroftai:snooze.intent.
Regenerated mycroft-npr-news.mycroftai:PlayTheNews.intent.
Regenerated mycroft-support-helper.mycroftai:contact.support.intent.
Regenerated mycroft-weather.mycroftai:do-i-need-an-umbrella.intent.
Regenerated mycroft-audio-record.mycroftai:PlayRecording.intent.
Regenerated mycroft-audio-record.mycroftai:StartRecording.intent.
Regenerated mycroft-stop.mycroftai:ssh.enable.intent.
Regenerated mycroft-stop.mycroftai:shutdown.intent.
Regenerated mycroft-stop.mycroftai:ssh.disable.intent.
Regenerated mycroft-stop.mycroftai:wifi.setup.intent.
Regenerated mycroft-stop.mycroftai:reboot.intent.
Regenerated mycroft-hello-world.mycroftai:HowAreYou.intent.
Regenerated mycroft-date-time.mycroftai:what.time.will.it.be.intent.
Regenerated mycroft-date-time.mycroftai:date.last.weekend.intent.
Regenerated mycroft-date-time.mycroftai:what.time.is.it.intent.
Regenerated mycroft-date-time.mycroftai:date.future.weekend.intent.
Regenerated mycroft-configuration.mycroftai:DisablePreciseDev.intent.
Regenerated mycroft-configuration.mycroftai:EnablePreciseDev.intent.
Regenerated mycroft-configuration.mycroftai:WhereAreYou.intent.
Regenerated mycroft-personal.mycroftai:DoYouRhyme.intent.
Regenerated mycroft-personal.mycroftai:WhatAreYou.intent.
Regenerated mycroft-personal.mycroftai:DoYouDream.intent.
Regenerated mycroft-personal.mycroftai:WhoAreYou.intent.
Regenerated mycroft-personal.mycroftai:WhenWereYouBorn.intent.
2021-10-28 20:22:32.471 | INFO     |  5333 | mycroft.skills.intent_services.padatious_service:train:153 | Training complete.
2021-10-28 20:22:41.990 | INFO     |  5333 | mycroft.skills.settings:save_settings:116 | Skill settings successfully saved to /home/runner/.config/mycroft/skills/mycroft-pairing.mycroftai/settings.json
2021-10-28 20:22:42.292 | INFO     |  5333 | mycroft.skills.settings:save_settings:116 | Skill settings successfully saved to /home/runner/.config/mycroft/skills/mycroft-timer.mycroftai/settings.json
2021-10-28 20:23:10.197 | INFO     |  5333 | __main__:on_stopping:193 | Skills service is shutting down...
2021-10-28 20:23:10.198 | INFO     |  5333 | __main__:shutdown:284 | Shutting down Skills service
2021-10-28 20:23:10.293 | ERROR    |  5333 | VolumeSkill | Couldn't allocate mixer, ALSAAudioError('No such file or directory [default]')
2021-10-28 20:23:10.295 | INFO     |  5333 | mycroft.skills.settings:save_settings:116 | Skill settings successfully saved to /home/runner/.config/mycroft/skills/mycroft-volume.mycroftai/settings.json
2021-10-28 20:23:10.297 | INFO     |  5333 | mycroft.skills.settings:save_settings:116 | Skill settings successfully saved to /home/runner/.config/mycroft/skills/mycroft-ip.mycroftai/settings.json
2021-10-28 20:23:10.305 | INFO     |  5333 | mycroft.skills.settings:save_settings:116 | Skill settings successfully saved to /home/runner/.config/mycroft/skills/mycroft-reminder.mycroftai/settings.json
2021-10-28 20:23:10.320 | INFO     |  5333 | mycroft.skills.settings:save_settings:116 | Skill settings successfully saved to /home/runner/.config/mycroft/skills/mycroft-installer.mycroftai/settings.json
2021-10-28 20:23:10.322 | INFO     |  5333 | mycroft.skills.settings:save_settings:116 | Skill settings successfully saved to /home/runner/.config/mycroft/skills/mycroft-version-checker.mycroftai/settings.json
2021-10-28 20:23:10.324 | INFO     |  5333 | mycroft.skills.settings:save_settings:116 | Skill settings successfully saved to /home/runner/.config/mycroft/skills/mycroft-singing.mycroftai/settings.json
2021-10-28 20:23:10.331 | INFO     |  5333 | mycroft.skills.settings:save_settings:116 | Skill settings successfully saved to /home/runner/.config/mycroft/skills/mycroft-joke.mycroftai/settings.json
2021-10-28 20:23:10.334 | INFO     |  5333 | HomeAssistantSkill | Removing all handlers...
2021-10-28 20:23:10.340 | WARNING  |  5333 | mycroft.skills.fallback_skill:remove_fallback:185 | Could not find matching fallback handler
2021-10-28 20:23:10.341 | INFO     |  5333 | mycroft.skills.settings:save_settings:116 | Skill settings successfully saved to /home/runner/.config/mycroft/skills/mycroft-alarm.mycroftai/settings.json
2021-10-28 20:23:10.343 | INFO     |  5333 | mycroft.skills.settings:save_settings:116 | Skill settings successfully saved to /home/runner/.config/mycroft/skills/mycroft-naptime.mycroftai/settings.json
2021-10-28 20:23:10.349 | INFO     |  5333 | mycroft.skills.settings:save_settings:116 | Skill settings successfully saved to /home/runner/.config/mycroft/skills/mycroft-spelling.mycroftai/settings.json
2021-10-28 20:23:10.356 | INFO     |  5333 | mycroft.skills.settings:save_settings:116 | Skill settings successfully saved to /home/runner/.config/mycroft/skills/mycroft-fallback-duck-duck-go.mycroftai/settings.json
2021-10-28 20:23:10.358 | INFO     |  5333 | mycroft.skills.settings:save_settings:116 | Skill settings successfully saved to /home/runner/.config/mycroft/skills/mycroft-npr-news.mycroftai/settings.json
2021-10-28 20:23:10.364 | INFO     |  5333 | mycroft.skills.settings:save_settings:116 | Skill settings successfully saved to /home/runner/.config/mycroft/skills/mycroft-support-helper.mycroftai/settings.json
2021-10-28 20:23:10.366 | INFO     |  5333 | mycroft.skills.settings:save_settings:116 | Skill settings successfully saved to /home/runner/.config/mycroft/skills/mycroft-weather.mycroftai/settings.json
2021-10-28 20:23:10.386 | INFO     |  5333 | mycroft.skills.settings:save_settings:116 | Skill settings successfully saved to /home/runner/.config/mycroft/skills/mycroft-speak.mycroftai/settings.json
2021-10-28 20:23:10.388 | INFO     |  5333 | mycroft.skills.settings:save_settings:116 | Skill settings successfully saved to /home/runner/.config/mycroft/skills/mycroft-audio-record.mycroftai/settings.json
2021-10-28 20:23:10.400 | INFO     |  5333 | mycroft.skills.settings:save_settings:116 | Skill settings successfully saved to /home/runner/.config/mycroft/skills/mycroft-stop.mycroftai/settings.json
2021-10-28 20:23:10.410 | INFO     |  5333 | mycroft.skills.settings:save_settings:116 | Skill settings successfully saved to /home/runner/.config/mycroft/skills/mycroft-hello-world.mycroftai/settings.json
2021-10-28 20:23:10.428 | INFO     |  5333 | mycroft.skills.settings:save_settings:116 | Skill settings successfully saved to /home/runner/.config/mycroft/skills/mycroft-date-time.mycroftai/settings.json
2021-10-28 20:23:10.447 | INFO     |  5333 | mycroft.skills.settings:save_settings:116 | Skill settings successfully saved to /home/runner/.config/mycroft/skills/mycroft-configuration.mycroftai/settings.json
2021-10-28 20:23:10.448 | INFO     |  5333 | QuestionsAnswersSkill | Removing all handlers...
2021-10-28 20:23:10.455 | INFO     |  5333 | mycroft.skills.settings:save_settings:116 | Skill settings successfully saved to /home/runner/.config/mycroft/skills/fallback-query.mycroftai/settings.json
2021-10-28 20:23:10.457 | INFO     |  5333 | mycroft.skills.settings:save_settings:116 | Skill settings successfully saved to /home/runner/.config/mycroft/skills/mycroft-personal.mycroftai/settings.json
2021-10-28 20:23:10.459 | INFO     |  5333 | mycroft.skills.settings:save_settings:116 | Skill settings successfully saved to /home/runner/.config/mycroft/skills/fallback-wolfram-alpha.mycroftai/settings.json
2021-10-28 20:23:10.464 | INFO     |  5333 | mycroft.skills.settings:save_settings:116 | Skill settings successfully saved to /home/runner/.config/mycroft/skills/mycroft-wiki.mycroftai/settings.json
2021-10-28 20:23:10.464 | INFO     |  5333 | UnknownSkill | Removing all handlers...
2021-10-28 20:23:10.465 | INFO     |  5333 | mycroft.skills.settings:save_settings:116 | Skill settings successfully saved to /home/runner/.config/mycroft/skills/fallback-unknown.mycroftai/settings.json
2021-10-28 20:23:10.466 | INFO     |  5333 | mycroft.skills.settings:save_settings:116 | Skill settings successfully saved to /home/runner/.config/mycroft/skills/mycroft-playback-control.mycroftai/settings.json
2021-10-28 20:23:11.466 | INFO     |  5333 | Playback Control Skill | Audio service status: {}
2021-10-28 20:23:12.468 | WARNING  |  5333 | mycroft.skills.skill_manager:_shutdown_skill:106 | mycroft-playback-control.mycroftai shutdown took 2.0019158079999784 seconds
2021-10-28 20:23:12.469 | INFO     |  5333 | __main__:shutdown:291 | Skills service shutdown complete!
2021-10-28 20:23:14.487 | ERROR    |  5333 | websocket | error from callback <bound method MessageBusClient.on_message of <mycroft.messagebus.client.client.MessageBusClient object at 0x7fee35246f10>>: cannot schedule new futures after shutdown
2021-10-28 20:23:14.487 | ERROR    |  5333 | mycroft_bus_client.client.client | === RuntimeError('cannot schedule new futures after shutdown') ===
Traceback (most recent call last):
  File "/opt/mycroft-core/.venv/lib/python3.7/site-packages/websocket/_app.py", line 407, in _callback
    callback(self, *args)
  File "/opt/mycroft-core/.venv/lib/python3.7/site-packages/mycroft_bus_client/client/client.py", line 182, in on_message
    self.emitter.emit('message', message)
  File "/opt/mycroft-core/.venv/lib/python3.7/site-packages/pyee/_base.py", line 113, in emit
    handled = self._call_handlers(event, args, kwargs)
  File "/opt/mycroft-core/.venv/lib/python3.7/site-packages/pyee/_base.py", line 96, in _call_handlers
    self._emit_run(f, args, kwargs)
  File "/opt/mycroft-core/.venv/lib/python3.7/site-packages/pyee/_executor.py", line 50, in _emit_run
    future = self._executor.submit(f, *args, **kwargs)
  File "/opt/hostedtoolcache/Python/3.7.12/x64/lib/python3.7/concurrent/futures/thread.py", line 163, in submit
    raise RuntimeError('cannot schedule new futures after shutdown')
RuntimeError: cannot schedule new futures after shutdown
2021-10-28 20:23:14.488 | ERROR    |  5333 | mycroft_bus_client.client.client | Exception closing websocket: RuntimeError('cannot schedule new futures after shutdown')
2021-10-28 20:23:14.488 | WARNING  |  5333 | mycroft_bus_client.client.client | Message Bus Client will reconnect in 5.0 seconds.
