2021-10-23 08:54:58.152 | INFO     |  5802 | __main__:main:46 | Starting Audio Service
2021-10-23 08:54:58.153 | INFO     |  5802 | mycroft.messagebus.load_config:load_message_bus_config:33 | Loading message bus configs
2021-10-23 08:54:58.155 | INFO     |  5802 | mycroft_bus_client.client.client | Connected
2021-10-23 08:54:58.156 | INFO     |  5802 | mycroft.util.process_utils:start_message_bus_client:155 | Connected to messagebus
2021-10-23 08:54:58.167 | WARNING  |  5802 | mycroft.tts.tts:clear_cache:428 | This method is deprecated, use TextToSpeechCache.clear
2021-10-23 08:54:58.650 | ERROR    |  5802 | mycroft.tts.mimic_tts:validate_connection:226 | Mimic executable not found
2021-10-23 08:54:58.650 | ERROR    |  5802 | mycroft.tts.tts:create:625 | The TTS could not be loaded.
Traceback (most recent call last):
  File "/opt/mycroft-core/mycroft/tts/mimic_tts.py", line 221, in validate_connection
    subprocess.call([mimic_bin, '--version'])
  File "/opt/hostedtoolcache/Python/3.7.12/x64/lib/python3.7/subprocess.py", line 339, in call
    with Popen(*popenargs, **kwargs) as p:
  File "/opt/hostedtoolcache/Python/3.7.12/x64/lib/python3.7/subprocess.py", line 800, in __init__
    restore_signals, start_new_session)
  File "/opt/hostedtoolcache/Python/3.7.12/x64/lib/python3.7/subprocess.py", line 1465, in _execute_child
    executable = os.fsencode(executable)
  File "/opt/hostedtoolcache/Python/3.7.12/x64/lib/python3.7/os.py", line 812, in fsencode
    filename = fspath(filename)  # Does type-checking of `filename`.
TypeError: expected str, bytes or os.PathLike object, not NoneType

The above exception was the direct cause of the following exception:

Traceback (most recent call last):
  File "/opt/mycroft-core/mycroft/tts/tts.py", line 614, in create
    tts.validator.validate()
  File "/opt/mycroft-core/mycroft/tts/tts.py", line 500, in validate
    self.validate_connection()
  File "/opt/mycroft-core/mycroft/tts/mimic_tts.py", line 229, in validate_connection
    from err
Exception: Mimic was not found. Run install-mimic.sh to install it.
2021-10-23 08:54:58.679 | ERROR    |  5802 | __main__:on_error:37 | Audio service failed to launch (Exception('Mimic was not found. Run install-mimic.sh to install it.')).
2021-10-23 08:55:13.981 | ERROR    |  5802 | mycroft.audio.speech:handle_speak:99 | Error in mute_and_speak
Traceback (most recent call last):
  File "/opt/mycroft-core/mycroft/audio/speech.py", line 95, in handle_speak
    mute_and_speak(chunk, ident, listen)
  File "/opt/mycroft-core/mycroft/audio/speech.py", line 120, in mute_and_speak
    tts.playback.stop()
AttributeError: 'NoneType' object has no attribute 'playback'
2021-10-23 08:55:44.575 | ERROR    |  5802 | mycroft.audio.speech:handle_speak:99 | Error in mute_and_speak
Traceback (most recent call last):
  File "/opt/mycroft-core/mycroft/audio/speech.py", line 95, in handle_speak
    mute_and_speak(chunk, ident, listen)
  File "/opt/mycroft-core/mycroft/audio/speech.py", line 120, in mute_and_speak
    tts.playback.stop()
AttributeError: 'NoneType' object has no attribute 'playback'
2021-10-23 08:55:44.576 | ERROR    |  5802 | mycroft.audio.speech:handle_speak:99 | Error in mute_and_speak
Traceback (most recent call last):
  File "/opt/mycroft-core/mycroft/audio/speech.py", line 95, in handle_speak
    mute_and_speak(chunk, ident, listen)
  File "/opt/mycroft-core/mycroft/audio/speech.py", line 120, in mute_and_speak
    tts.playback.stop()
AttributeError: 'NoneType' object has no attribute 'playback'
2021-10-23 08:55:58.174 | ERROR    |  5802 | websocket | error from callback <bound method MessageBusClient.on_message of <mycroft.messagebus.client.client.MessageBusClient object at 0x7f1d83e4e650>>: cannot schedule new futures after interpreter shutdown
2021-10-23 08:55:58.174 | ERROR    |  5802 | websocket | error from callback <bound method MessageBusClient.on_message of <mycroft.messagebus.client.client.MessageBusClient object at 0x7f1d83e4e650>>: cannot schedule new futures after interpreter shutdown
2021-10-23 08:55:58.174 | ERROR    |  5802 | websocket | error from callback <bound method MessageBusClient.on_message of <mycroft.messagebus.client.client.MessageBusClient object at 0x7f1d83e4e650>>: cannot schedule new futures after interpreter shutdown
2021-10-23 08:55:58.174 | ERROR    |  5802 | websocket | error from callback <bound method MessageBusClient.on_message of <mycroft.messagebus.client.client.MessageBusClient object at 0x7f1d83e4e650>>: cannot schedule new futures after interpreter shutdown
2021-10-23 08:55:58.175 | ERROR    |  5802 | websocket | error from callback <bound method MessageBusClient.on_message of <mycroft.messagebus.client.client.MessageBusClient object at 0x7f1d83e4e650>>: cannot schedule new futures after interpreter shutdown
2021-10-23 08:55:58.175 | ERROR    |  5802 | websocket | error from callback <bound method MessageBusClient.on_message of <mycroft.messagebus.client.client.MessageBusClient object at 0x7f1d83e4e650>>: cannot schedule new futures after interpreter shutdown
2021-10-23 08:55:58.175 | ERROR    |  5802 | websocket | error from callback <bound method MessageBusClient.on_message of <mycroft.messagebus.client.client.MessageBusClient object at 0x7f1d83e4e650>>: cannot schedule new futures after interpreter shutdown
2021-10-23 08:55:58.175 | ERROR    |  5802 | websocket | error from callback <bound method MessageBusClient.on_message of <mycroft.messagebus.client.client.MessageBusClient object at 0x7f1d83e4e650>>: cannot schedule new futures after interpreter shutdown
2021-10-23 08:55:58.175 | ERROR    |  5802 | websocket | error from callback <bound method MessageBusClient.on_message of <mycroft.messagebus.client.client.MessageBusClient object at 0x7f1d83e4e650>>: cannot schedule new futures after interpreter shutdown
2021-10-23 08:55:58.175 | ERROR    |  5802 | websocket | error from callback <bound method MessageBusClient.on_message of <mycroft.messagebus.client.client.MessageBusClient object at 0x7f1d83e4e650>>: cannot schedule new futures after interpreter shutdown
2021-10-23 08:55:58.176 | ERROR    |  5802 | websocket | error from callback <bound method MessageBusClient.on_message of <mycroft.messagebus.client.client.MessageBusClient object at 0x7f1d83e4e650>>: cannot schedule new futures after interpreter shutdown
2021-10-23 08:55:58.176 | ERROR    |  5802 | websocket | error from callback <bound method MessageBusClient.on_message of <mycroft.messagebus.client.client.MessageBusClient object at 0x7f1d83e4e650>>: cannot schedule new futures after interpreter shutdown
2021-10-23 08:55:58.176 | ERROR    |  5802 | websocket | error from callback <bound method MessageBusClient.on_message of <mycroft.messagebus.client.client.MessageBusClient object at 0x7f1d83e4e650>>: cannot schedule new futures after interpreter shutdown
2021-10-23 08:55:58.176 | ERROR    |  5802 | websocket | error from callback <bound method MessageBusClient.on_message of <mycroft.messagebus.client.client.MessageBusClient object at 0x7f1d83e4e650>>: cannot schedule new futures after interpreter shutdown
2021-10-23 08:55:58.176 | ERROR    |  5802 | websocket | error from callback <bound method MessageBusClient.on_message of <mycroft.messagebus.client.client.MessageBusClient object at 0x7f1d83e4e650>>: cannot schedule new futures after interpreter shutdown
2021-10-23 08:55:58.176 | ERROR    |  5802 | websocket | error from callback <bound method MessageBusClient.on_message of <mycroft.messagebus.client.client.MessageBusClient object at 0x7f1d83e4e650>>: cannot schedule new futures after interpreter shutdown
2021-10-23 08:55:58.177 | ERROR    |  5802 | websocket | error from callback <bound method MessageBusClient.on_message of <mycroft.messagebus.client.client.MessageBusClient object at 0x7f1d83e4e650>>: cannot schedule new futures after interpreter shutdown
2021-10-23 08:55:58.177 | ERROR    |  5802 | websocket | error from callback <bound method MessageBusClient.on_message of <mycroft.messagebus.client.client.MessageBusClient object at 0x7f1d83e4e650>>: cannot schedule new futures after interpreter shutdown
2021-10-23 08:55:58.177 | ERROR    |  5802 | websocket | error from callback <bound method MessageBusClient.on_message of <mycroft.messagebus.client.client.MessageBusClient object at 0x7f1d83e4e650>>: cannot schedule new futures after interpreter shutdown
2021-10-23 08:55:58.177 | ERROR    |  5802 | websocket | error from callback <bound method MessageBusClient.on_message of <mycroft.messagebus.client.client.MessageBusClient object at 0x7f1d83e4e650>>: cannot schedule new futures after interpreter shutdown
2021-10-23 08:55:58.177 | ERROR    |  5802 | websocket | error from callback <bound method MessageBusClient.on_message of <mycroft.messagebus.client.client.MessageBusClient object at 0x7f1d83e4e650>>: cannot schedule new futures after interpreter shutdown
2021-10-23 08:55:58.177 | ERROR    |  5802 | websocket | error from callback <bound method MessageBusClient.on_message of <mycroft.messagebus.client.client.MessageBusClient object at 0x7f1d83e4e650>>: cannot schedule new futures after interpreter shutdown
2021-10-23 08:55:58.177 | ERROR    |  5802 | websocket | error from callback <bound method MessageBusClient.on_message of <mycroft.messagebus.client.client.MessageBusClient object at 0x7f1d83e4e650>>: cannot schedule new futures after interpreter shutdown
2021-10-23 08:55:58.178 | ERROR    |  5802 | websocket | error from callback <bound method MessageBusClient.on_message of <mycroft.messagebus.client.client.MessageBusClient object at 0x7f1d83e4e650>>: cannot schedule new futures after interpreter shutdown
2021-10-23 08:55:58.178 | ERROR    |  5802 | websocket | error from callback <bound method MessageBusClient.on_message of <mycroft.messagebus.client.client.MessageBusClient object at 0x7f1d83e4e650>>: cannot schedule new futures after interpreter shutdown
2021-10-23 08:55:58.178 | ERROR    |  5802 | websocket | error from callback <bound method MessageBusClient.on_message of <mycroft.messagebus.client.client.MessageBusClient object at 0x7f1d83e4e650>>: cannot schedule new futures after interpreter shutdown
2021-10-23 08:55:58.178 | ERROR    |  5802 | websocket | error from callback <bound method MessageBusClient.on_message of <mycroft.messagebus.client.client.MessageBusClient object at 0x7f1d83e4e650>>: cannot schedule new futures after interpreter shutdown
2021-10-23 08:55:58.178 | ERROR    |  5802 | websocket | error from callback <bound method MessageBusClient.on_message of <mycroft.messagebus.client.client.MessageBusClient object at 0x7f1d83e4e650>>: cannot schedule new futures after interpreter shutdown
2021-10-23 08:55:58.178 | ERROR    |  5802 | websocket | error from callback <bound method MessageBusClient.on_message of <mycroft.messagebus.client.client.MessageBusClient object at 0x7f1d83e4e650>>: cannot schedule new futures after interpreter shutdown
2021-10-23 08:55:58.178 | ERROR    |  5802 | websocket | error from callback <bound method MessageBusClient.on_message of <mycroft.messagebus.client.client.MessageBusClient object at 0x7f1d83e4e650>>: cannot schedule new futures after interpreter shutdown
2021-10-23 08:55:58.179 | ERROR    |  5802 | websocket | error from callback <bound method MessageBusClient.on_message of <mycroft.messagebus.client.client.MessageBusClient object at 0x7f1d83e4e650>>: cannot schedule new futures after interpreter shutdown
2021-10-23 08:55:58.179 | ERROR    |  5802 | websocket | error from callback <bound method MessageBusClient.on_message of <mycroft.messagebus.client.client.MessageBusClient object at 0x7f1d83e4e650>>: cannot schedule new futures after interpreter shutdown
2021-10-23 08:55:58.179 | ERROR    |  5802 | websocket | error from callback <bound method MessageBusClient.on_message of <mycroft.messagebus.client.client.MessageBusClient object at 0x7f1d83e4e650>>: cannot schedule new futures after interpreter shutdown
2021-10-23 08:55:58.179 | ERROR    |  5802 | websocket | error from callback <bound method MessageBusClient.on_message of <mycroft.messagebus.client.client.MessageBusClient object at 0x7f1d83e4e650>>: cannot schedule new futures after interpreter shutdown
2021-10-23 08:55:58.179 | ERROR    |  5802 | websocket | error from callback <bound method MessageBusClient.on_message of <mycroft.messagebus.client.client.MessageBusClient object at 0x7f1d83e4e650>>: cannot schedule new futures after interpreter shutdown
2021-10-23 08:55:58.179 | ERROR    |  5802 | websocket | error from callback <bound method MessageBusClient.on_message of <mycroft.messagebus.client.client.MessageBusClient object at 0x7f1d83e4e650>>: cannot schedule new futures after interpreter shutdown
2021-10-23 08:55:58.179 | ERROR    |  5802 | websocket | error from callback <bound method MessageBusClient.on_message of <mycroft.messagebus.client.client.MessageBusClient object at 0x7f1d83e4e650>>: cannot schedule new futures after interpreter shutdown
2021-10-23 08:55:58.180 | ERROR    |  5802 | websocket | error from callback <bound method MessageBusClient.on_message of <mycroft.messagebus.client.client.MessageBusClient object at 0x7f1d83e4e650>>: cannot schedule new futures after interpreter shutdown
2021-10-23 08:55:58.180 | ERROR    |  5802 | websocket | error from callback <bound method MessageBusClient.on_message of <mycroft.messagebus.client.client.MessageBusClient object at 0x7f1d83e4e650>>: cannot schedule new futures after interpreter shutdown
2021-10-23 08:55:58.180 | ERROR    |  5802 | websocket | error from callback <bound method MessageBusClient.on_message of <mycroft.messagebus.client.client.MessageBusClient object at 0x7f1d83e4e650>>: cannot schedule new futures after interpreter shutdown
2021-10-23 08:55:58.180 | ERROR    |  5802 | websocket | error from callback <bound method MessageBusClient.on_message of <mycroft.messagebus.client.client.MessageBusClient object at 0x7f1d83e4e650>>: cannot schedule new futures after interpreter shutdown
2021-10-23 08:55:58.180 | ERROR    |  5802 | websocket | error from callback <bound method MessageBusClient.on_message of <mycroft.messagebus.client.client.MessageBusClient object at 0x7f1d83e4e650>>: cannot schedule new futures after interpreter shutdown
2021-10-23 08:55:58.182 | ERROR    |  5802 | websocket | error from callback <bound method MessageBusClient.on_message of <mycroft.messagebus.client.client.MessageBusClient object at 0x7f1d83e4e650>>: cannot schedule new futures after interpreter shutdown
2021-10-23 08:56:05.127 | INFO     |  7406 | __main__:main:46 | Starting Audio Service
2021-10-23 08:56:05.129 | INFO     |  7406 | mycroft.messagebus.load_config:load_message_bus_config:33 | Loading message bus configs
2021-10-23 08:56:05.131 | INFO     |  7406 | mycroft_bus_client.client.client | Connected
2021-10-23 08:56:05.132 | INFO     |  7406 | mycroft.util.process_utils:start_message_bus_client:155 | Connected to messagebus
2021-10-23 08:56:05.136 | WARNING  |  7406 | mycroft.tts.tts:clear_cache:428 | This method is deprecated, use TextToSpeechCache.clear
2021-10-23 08:56:05.546 | ERROR    |  7406 | mycroft.tts.mimic_tts:validate_connection:226 | Mimic executable not found
2021-10-23 08:56:05.547 | ERROR    |  7406 | mycroft.tts.tts:create:625 | The TTS could not be loaded.
Traceback (most recent call last):
  File "/opt/mycroft-core/mycroft/tts/mimic_tts.py", line 221, in validate_connection
    subprocess.call([mimic_bin, '--version'])
  File "/opt/hostedtoolcache/Python/3.7.12/x64/lib/python3.7/subprocess.py", line 339, in call
    with Popen(*popenargs, **kwargs) as p:
  File "/opt/hostedtoolcache/Python/3.7.12/x64/lib/python3.7/subprocess.py", line 800, in __init__
    restore_signals, start_new_session)
  File "/opt/hostedtoolcache/Python/3.7.12/x64/lib/python3.7/subprocess.py", line 1465, in _execute_child
    executable = os.fsencode(executable)
  File "/opt/hostedtoolcache/Python/3.7.12/x64/lib/python3.7/os.py", line 812, in fsencode
    filename = fspath(filename)  # Does type-checking of `filename`.
TypeError: expected str, bytes or os.PathLike object, not NoneType

The above exception was the direct cause of the following exception:

Traceback (most recent call last):
  File "/opt/mycroft-core/mycroft/tts/tts.py", line 614, in create
    tts.validator.validate()
  File "/opt/mycroft-core/mycroft/tts/tts.py", line 500, in validate
    self.validate_connection()
  File "/opt/mycroft-core/mycroft/tts/mimic_tts.py", line 229, in validate_connection
    from err
Exception: Mimic was not found. Run install-mimic.sh to install it.
2021-10-23 08:56:05.548 | ERROR    |  7406 | __main__:on_error:37 | Audio service failed to launch (Exception('Mimic was not found. Run install-mimic.sh to install it.')).
2021-10-23 08:56:14.902 | ERROR    |  7406 | mycroft.audio.speech:handle_speak:99 | Error in mute_and_speak
Traceback (most recent call last):
  File "/opt/mycroft-core/mycroft/audio/speech.py", line 95, in handle_speak
    mute_and_speak(chunk, ident, listen)
  File "/opt/mycroft-core/mycroft/audio/speech.py", line 120, in mute_and_speak
    tts.playback.stop()
AttributeError: 'NoneType' object has no attribute 'playback'
2021-10-23 08:56:14.903 | ERROR    |  7406 | mycroft.audio.speech:handle_speak:99 | Error in mute_and_speak
Traceback (most recent call last):
  File "/opt/mycroft-core/mycroft/audio/speech.py", line 95, in handle_speak
    mute_and_speak(chunk, ident, listen)
  File "/opt/mycroft-core/mycroft/audio/speech.py", line 120, in mute_and_speak
    tts.playback.stop()
AttributeError: 'NoneType' object has no attribute 'playback'
2021-10-23 08:56:14.903 | ERROR    |  7406 | mycroft.audio.speech:handle_speak:99 | Error in mute_and_speak
Traceback (most recent call last):
  File "/opt/mycroft-core/mycroft/audio/speech.py", line 95, in handle_speak
    mute_and_speak(chunk, ident, listen)
  File "/opt/mycroft-core/mycroft/audio/speech.py", line 120, in mute_and_speak
    tts.playback.stop()
AttributeError: 'NoneType' object has no attribute 'playback'
2021-10-23 08:56:14.904 | ERROR    |  7406 | mycroft.audio.speech:handle_speak:99 | Error in mute_and_speak
Traceback (most recent call last):
  File "/opt/mycroft-core/mycroft/audio/speech.py", line 95, in handle_speak
    mute_and_speak(chunk, ident, listen)
  File "/opt/mycroft-core/mycroft/audio/speech.py", line 120, in mute_and_speak
    tts.playback.stop()
AttributeError: 'NoneType' object has no attribute 'playback'
2021-10-23 08:56:14.904 | ERROR    |  7406 | mycroft.audio.speech:handle_speak:99 | Error in mute_and_speak
Traceback (most recent call last):
  File "/opt/mycroft-core/mycroft/audio/speech.py", line 95, in handle_speak
    mute_and_speak(chunk, ident, listen)
  File "/opt/mycroft-core/mycroft/audio/speech.py", line 120, in mute_and_speak
    tts.playback.stop()
AttributeError: 'NoneType' object has no attribute 'playback'
2021-10-23 08:56:14.904 | ERROR    |  7406 | mycroft.audio.speech:handle_speak:99 | Error in mute_and_speak
Traceback (most recent call last):
  File "/opt/mycroft-core/mycroft/audio/speech.py", line 95, in handle_speak
    mute_and_speak(chunk, ident, listen)
  File "/opt/mycroft-core/mycroft/audio/speech.py", line 120, in mute_and_speak
    tts.playback.stop()
AttributeError: 'NoneType' object has no attribute 'playback'
2021-10-23 08:56:14.905 | ERROR    |  7406 | mycroft.audio.speech:handle_speak:99 | Error in mute_and_speak
Traceback (most recent call last):
  File "/opt/mycroft-core/mycroft/audio/speech.py", line 95, in handle_speak
    mute_and_speak(chunk, ident, listen)
  File "/opt/mycroft-core/mycroft/audio/speech.py", line 120, in mute_and_speak
    tts.playback.stop()
AttributeError: 'NoneType' object has no attribute 'playback'
2021-10-23 08:58:07.743 | ERROR    |  7406 | mycroft.audio.speech:handle_speak:99 | Error in mute_and_speak
Traceback (most recent call last):
  File "/opt/mycroft-core/mycroft/audio/speech.py", line 95, in handle_speak
    mute_and_speak(chunk, ident, listen)
  File "/opt/mycroft-core/mycroft/audio/speech.py", line 120, in mute_and_speak
    tts.playback.stop()
AttributeError: 'NoneType' object has no attribute 'playback'
2021-10-23 08:58:07.743 | ERROR    |  7406 | mycroft.audio.speech:handle_speak:99 | Error in mute_and_speak
Traceback (most recent call last):
  File "/opt/mycroft-core/mycroft/audio/speech.py", line 95, in handle_speak
    mute_and_speak(chunk, ident, listen)
  File "/opt/mycroft-core/mycroft/audio/speech.py", line 120, in mute_and_speak
    tts.playback.stop()
AttributeError: 'NoneType' object has no attribute 'playback'
2021-10-23 08:58:07.744 | ERROR    |  7406 | mycroft.audio.speech:handle_speak:99 | Error in mute_and_speak
Traceback (most recent call last):
  File "/opt/mycroft-core/mycroft/audio/speech.py", line 95, in handle_speak
    mute_and_speak(chunk, ident, listen)
  File "/opt/mycroft-core/mycroft/audio/speech.py", line 120, in mute_and_speak
    tts.playback.stop()
AttributeError: 'NoneType' object has no attribute 'playback'
2021-10-23 08:58:07.744 | ERROR    |  7406 | mycroft.audio.speech:handle_speak:99 | Error in mute_and_speak
Traceback (most recent call last):
  File "/opt/mycroft-core/mycroft/audio/speech.py", line 95, in handle_speak
    mute_and_speak(chunk, ident, listen)
  File "/opt/mycroft-core/mycroft/audio/speech.py", line 120, in mute_and_speak
    tts.playback.stop()
AttributeError: 'NoneType' object has no attribute 'playback'
2021-10-23 08:58:07.744 | ERROR    |  7406 | mycroft.audio.speech:handle_speak:99 | Error in mute_and_speak
Traceback (most recent call last):
  File "/opt/mycroft-core/mycroft/audio/speech.py", line 95, in handle_speak
    mute_and_speak(chunk, ident, listen)
  File "/opt/mycroft-core/mycroft/audio/speech.py", line 120, in mute_and_speak
    tts.playback.stop()
AttributeError: 'NoneType' object has no attribute 'playback'
2021-10-23 08:58:07.745 | ERROR    |  7406 | mycroft.audio.speech:handle_speak:99 | Error in mute_and_speak
Traceback (most recent call last):
  File "/opt/mycroft-core/mycroft/audio/speech.py", line 95, in handle_speak
    mute_and_speak(chunk, ident, listen)
  File "/opt/mycroft-core/mycroft/audio/speech.py", line 120, in mute_and_speak
    tts.playback.stop()
AttributeError: 'NoneType' object has no attribute 'playback'
2021-10-23 08:58:07.745 | ERROR    |  7406 | mycroft.audio.speech:handle_speak:99 | Error in mute_and_speak
Traceback (most recent call last):
  File "/opt/mycroft-core/mycroft/audio/speech.py", line 95, in handle_speak
    mute_and_speak(chunk, ident, listen)
  File "/opt/mycroft-core/mycroft/audio/speech.py", line 120, in mute_and_speak
    tts.playback.stop()
AttributeError: 'NoneType' object has no attribute 'playback'
Exception ignored in: <module 'threading' from '/opt/hostedtoolcache/Python/3.7.12/x64/lib/python3.7/threading.py'>
Traceback (most recent call last):
  File "/opt/hostedtoolcache/Python/3.7.12/x64/lib/python3.7/threading.py", line 1307, in _shutdown
    lock.acquire()
KeyboardInterrupt
