2021-10-19 07:13:56.114 | INFO     |  5357 | mycroft.messagebus.load_config:load_message_bus_config:33 | Loading message bus configs
2021-10-19 07:13:56.146 | INFO     |  5357 | mycroft_bus_client.client.client | Connected
2021-10-19 07:13:56.150 | INFO     |  5357 | mycroft.util.process_utils:start_message_bus_client:155 | Connected to messagebus
2021-10-19 07:13:56.156 | INFO     |  5357 | mycroft.skills.msm_wrapper:create_msm:96 | Acquiring lock to instantiate MSM
2021-10-19 07:13:58.016 | INFO     |  5357 | msm.mycroft_skills_manager | building SkillEntry objects for all skills
2021-10-19 07:13:58.611 | INFO     |  5357 | mycroft.skills.msm_wrapper:create_msm:112 | Releasing MSM instantiation lock.
2021-10-19 07:13:58.611 | INFO     |  5357 | mycroft.skills.skill_updater:_log_next_download_time:267 | Next scheduled skill update: 2021-10-19 07:13:57.611284
2021-10-19 07:13:58.612 | INFO     |  5357 | msm.skill_entry | Downloading skill: https://github.com/mycroftai/skill-pairing
2021-10-19 07:13:59.315 | INFO     |  5357 | msm.skill_entry | Installing system requirements...
2021-10-19 07:13:59.325 | INFO     |  5357 | msm.skill_entry | Successfully installed mycroft-pairing
2021-10-19 07:13:59.325 | INFO     |  5357 | msm.mycroft_skills_manager | invalidating skills cache
2021-10-19 07:13:59.327 | INFO     |  5357 | mycroft.skills.skill_loader:load:185 | ATTEMPTING TO LOAD SKILL: mycroft-pairing.mycroftai
2021-10-19 07:13:59.334 | INFO     |  5357 | mycroft.skills.settings:get_local_settings:83 | /opt/mycroft/skills/mycroft-pairing.mycroftai/settings.json
2021-10-19 07:13:59.359 | INFO     |  5357 | mycroft.skills.skill_loader:_check_for_first_run:324 | First run of mycroft-pairing.mycroftai
2021-10-19 07:13:59.360 | INFO     |  5357 | mycroft.skills.settings:save_settings:116 | Skill settings successfully saved to /home/runner/.config/mycroft/skills/mycroft-pairing.mycroftai/settings.json
2021-10-19 07:13:59.365 | INFO     |  5357 | mycroft.skills.skill_loader:_communicate_load_status:344 | Skill mycroft-pairing.mycroftai loaded successfully
2021-10-19 07:13:59.366 | INFO     |  5357 | msm.skill_entry | Downloading skill: https://github.com/mycroftai/skill-volume
2021-10-19 07:13:59.988 | INFO     |  5357 | msm.skill_entry | Installing system requirements...
2021-10-19 07:14:00.001 | INFO     |  5357 | msm.skill_entry | Installing requirements.txt for mycroft-volume
2021-10-19 07:14:00.962 | INFO     |  5357 | msm.skill_entry | Successfully installed mycroft-volume
2021-10-19 07:14:00.962 | INFO     |  5357 | msm.mycroft_skills_manager | invalidating skills cache
2021-10-19 07:14:00.964 | INFO     |  5357 | mycroft.skills.skill_loader:load:185 | ATTEMPTING TO LOAD SKILL: mycroft-volume.mycroftai
2021-10-19 07:14:00.980 | INFO     |  5357 | mycroft.skills.settings:get_local_settings:83 | /opt/mycroft/skills/mycroft-volume.mycroftai/settings.json
2021-10-19 07:14:01.121 | ERROR    |  5357 | VolumeSkill | Couldn't allocate mixer, ALSAAudioError('No such file or directory [default]')
2021-10-19 07:14:04.126 | INFO     |  5357 | mycroft.skills.skill_loader:_check_for_first_run:324 | First run of mycroft-volume.mycroftai
2021-10-19 07:14:04.127 | INFO     |  5357 | mycroft.skills.settings:save_settings:116 | Skill settings successfully saved to /home/runner/.config/mycroft/skills/mycroft-volume.mycroftai/settings.json
2021-10-19 07:14:04.128 | INFO     |  5357 | mycroft.skills.skill_loader:_communicate_load_status:344 | Skill mycroft-volume.mycroftai loaded successfully
2021-10-19 07:14:04.128 | INFO     |  5357 | __main__:on_started:177 | Skills service is starting up.
2021-10-19 07:14:04.216 | INFO     |  5357 | __main__:_update_system:154 | Attempting system update...
2021-10-19 07:14:07.219 | INFO     |  5357 | mycroft.enclosure.display_manager:_write_data:70 | Display Manager is creating /tmp/mycroft/ipc/managers/disp_info
2021-10-19 07:14:07.220 | INFO     |  5357 | __main__:_ensure_device_is_paired:133 | Device not paired, invoking the pairing skill
2021-10-19 07:14:07.221 | INFO     |  5357 | __main__:on_alive:181 | Skills service is alive.
2021-10-19 07:14:07.223 | INFO     |  5357 | msm.mycroft_skills_manager | building SkillEntry objects for all skills
2021-10-19 07:14:07.596 | INFO     |  5357 | PairingSkill | Communicating account URL to user
2021-10-19 07:14:07.947 | WARNING  |  5357 | msm.mycroft_skills_manager | No such default skill: mycroft-pandora
2021-10-19 07:14:08.091 | INFO     |  5357 | mycroft.skills.skill_manager:run:234 | Not all default skills are installed, performing skill update...
2021-10-19 07:14:08.092 | INFO     |  5357 | mycroft.skills.skill_updater:update_skills:149 | Beginning skill update...
2021-10-19 07:14:08.178 | INFO     |  5357 | msm.mycroft_skills_manager | building SkillEntry objects for all skills
2021-10-19 07:14:09.052 | INFO     |  5357 | msm.mycroft_skills_manager | invalidating skills cache
2021-10-19 07:14:09.085 | INFO     |  5357 | msm.skill_entry | Downloading skill: https://github.com/mycroftai/fallback-unknown
2021-10-19 07:14:09.091 | INFO     |  5357 | msm.skill_entry | Downloading skill: https://github.com/mycroftai/fallback-wolfram-alpha
2021-10-19 07:14:09.101 | INFO     |  5357 | msm.skill_entry | Downloading skill: https://github.com/mycroftai/skill-audio-record
2021-10-19 07:14:09.111 | INFO     |  5357 | msm.skill_entry | Downloading skill: https://github.com/mycroftai/skill-configuration
2021-10-19 07:14:09.116 | INFO     |  5357 | msm.skill_entry | Downloading skill: https://github.com/mycroftai/fallback-duckduckgo
2021-10-19 07:14:09.121 | INFO     |  5357 | msm.skill_entry | Downloading skill: https://github.com/mycroftai/skill-hello-world
2021-10-19 07:14:09.128 | INFO     |  5357 | msm.skill_entry | Downloading skill: https://github.com/mycroftai/skill-installer
2021-10-19 07:14:09.132 | INFO     |  5357 | msm.skill_entry | Downloading skill: https://github.com/mycroftai/skill-ip
2021-10-19 07:14:09.136 | INFO     |  5357 | msm.skill_entry | Downloading skill: https://github.com/mycroftai/skill-joke
2021-10-19 07:14:09.141 | INFO     |  5357 | msm.skill_entry | Downloading skill: https://github.com/mycroftai/skill-naptime
2021-10-19 07:14:09.145 | INFO     |  5357 | msm.skill_entry | Downloading skill: https://github.com/mycroftai/skill-npr-news
2021-10-19 07:14:09.147 | INFO     |  5357 | msm.skill_entry | Downloading skill: https://github.com/mycroftai/skill-personal
2021-10-19 07:14:09.151 | INFO     |  5357 | msm.skill_entry | Downloading skill: https://github.com/mycroftai/skill-playback-control
2021-10-19 07:14:09.152 | INFO     |  5357 | msm.skill_entry | Downloading skill: https://github.com/mycroftai/skill-reminder
2021-10-19 07:14:09.153 | INFO     |  5357 | msm.skill_entry | Downloading skill: https://github.com/mycroftai/skill-singing
2021-10-19 07:14:09.164 | INFO     |  5357 | msm.skill_entry | Downloading skill: https://github.com/mycroftai/skill-date-time
2021-10-19 07:14:09.165 | INFO     |  5357 | msm.skill_entry | Downloading skill: https://github.com/mycroftai/skill-alarm
2021-10-19 07:14:10.132 | ERROR    |  5357 | msm.mycroft_skills_manager | Error running install_or_update on homeassistant.mycroftai: MergeConflict
2021-10-19 07:14:10.155 | INFO     |  5357 | msm.skill_entry | Downloading skill: https://github.com/mycroftai/skill-speak
2021-10-19 07:14:10.349 | INFO     |  5357 | msm.skill_entry | Installing system requirements...
2021-10-19 07:14:10.499 | INFO     |  5357 | msm.skill_entry | Installing system requirements...
2021-10-19 07:14:10.568 | INFO     |  5357 | msm.skill_entry | Installing requirements.txt for mycroft-fallback-duck-duck-go
2021-10-19 07:14:10.573 | INFO     |  5357 | msm.skill_entry | Installing requirements.txt for fallback-wolfram-alpha
2021-10-19 07:14:10.636 | INFO     |  5357 | msm.skill_entry | Installing system requirements...
2021-10-19 07:14:10.640 | INFO     |  5357 | msm.skill_entry | Installing system requirements...
2021-10-19 07:14:10.793 | INFO     |  5357 | msm.skill_entry | Installing system requirements...
2021-10-19 07:14:10.805 | INFO     |  5357 | msm.skill_entry | Installing requirements.txt for mycroft-ip
2021-10-19 07:14:10.817 | INFO     |  5357 | msm.skill_entry | Successfully installed fallback-unknown
2021-10-19 07:14:10.817 | INFO     |  5357 | msm.mycroft_skills_manager | invalidating skills cache
2021-10-19 07:14:10.817 | INFO     |  5357 | msm.skill_entry | Installing requirements.txt for mycroft-joke
2021-10-19 07:14:10.818 | INFO     |  5357 | msm.skill_entry | Downloading skill: https://github.com/mycroftai/skill-spelling
2021-10-19 07:14:11.033 | INFO     |  5357 | msm.skill_entry | Nothing new for mycroft-volume
2021-10-19 07:14:11.055 | INFO     |  5357 | msm.skill_entry | Installing system requirements...
2021-10-19 07:14:11.066 | INFO     |  5357 | msm.skill_entry | Installing requirements.txt for mycroft-volume
2021-10-19 07:14:11.394 | INFO     |  5357 | msm.skill_entry | Nothing new for mycroft-pairing
2021-10-19 07:14:11.399 | INFO     |  5357 | msm.skill_entry | Installing system requirements...
2021-10-19 07:14:11.411 | INFO     |  5357 | msm.skill_entry | Downloading skill: https://github.com/mycroftai/skill-stop
2021-10-19 07:14:11.416 | INFO     |  5357 | msm.skill_entry | Installing system requirements...
2021-10-19 07:14:11.428 | INFO     |  5357 | msm.skill_entry | Successfully installed mycroft-personal
2021-10-19 07:14:11.429 | INFO     |  5357 | msm.mycroft_skills_manager | invalidating skills cache
2021-10-19 07:14:11.430 | INFO     |  5357 | msm.skill_entry | Downloading skill: https://github.com/mycroftai/skill-support
2021-10-19 07:14:11.570 | INFO     |  5357 | msm.skill_entry | Installing system requirements...
2021-10-19 07:14:11.614 | INFO     |  5357 | msm.skill_entry | Installing system requirements...
2021-10-19 07:14:11.626 | INFO     |  5357 | msm.skill_entry | Installing requirements.txt for mycroft-audio-record
2021-10-19 07:14:11.634 | INFO     |  5357 | msm.skill_entry | Installing requirements.txt for mycroft-configuration
2021-10-19 07:14:11.716 | INFO     |  5357 | msm.skill_entry | Installing system requirements...
2021-10-19 07:14:11.721 | INFO     |  5357 | msm.skill_entry | Installing system requirements...
2021-10-19 07:14:11.736 | INFO     |  5357 | msm.skill_entry | Successfully installed mycroft-naptime
2021-10-19 07:14:11.736 | INFO     |  5357 | msm.skill_entry | Successfully installed mycroft-playback-control
2021-10-19 07:14:11.736 | INFO     |  5357 | msm.mycroft_skills_manager | invalidating skills cache
2021-10-19 07:14:11.736 | INFO     |  5357 | msm.mycroft_skills_manager | invalidating skills cache
2021-10-19 07:14:11.737 | INFO     |  5357 | msm.skill_entry | Downloading skill: https://github.com/mycroftai/mycroft-timer
2021-10-19 07:14:11.742 | INFO     |  5357 | msm.skill_entry | Downloading skill: https://github.com/mycroftai/skill-weather
2021-10-19 07:14:11.770 | INFO     |  5357 | msm.skill_entry | Installing system requirements...
2021-10-19 07:14:11.839 | INFO     |  5357 | msm.skill_entry | Successfully installed mycroft-hello-world
2021-10-19 07:14:11.839 | INFO     |  5357 | msm.mycroft_skills_manager | invalidating skills cache
2021-10-19 07:14:11.840 | INFO     |  5357 | msm.skill_entry | Downloading skill: https://github.com/mycroftai/skill-version-checker
2021-10-19 07:14:12.358 | INFO     |  5357 | msm.skill_entry | Installing system requirements...
2021-10-19 07:14:12.403 | INFO     |  5357 | msm.skill_entry | Successfully installed mycroft-speak
2021-10-19 07:14:12.404 | INFO     |  5357 | msm.mycroft_skills_manager | invalidating skills cache
2021-10-19 07:14:12.408 | INFO     |  5357 | msm.skill_entry | Downloading skill: https://github.com/mycroftai/skill-wiki
2021-10-19 07:14:12.425 | INFO     |  5357 | msm.skill_entry | Installing system requirements...
2021-10-19 07:14:12.440 | INFO     |  5357 | msm.skill_entry | Installing system requirements...
2021-10-19 07:14:12.466 | INFO     |  5357 | msm.skill_entry | Installing system requirements...
2021-10-19 07:14:12.597 | INFO     |  5357 | msm.skill_entry | Installing system requirements...
2021-10-19 07:14:12.599 | INFO     |  5357 | msm.skill_entry | Installing requirements.txt for mycroft-date-time
2021-10-19 07:14:12.603 | INFO     |  5357 | msm.skill_entry | Installing system requirements...
2021-10-19 07:14:12.609 | INFO     |  5357 | msm.skill_entry | Successfully installed mycroft-spelling
2021-10-19 07:14:12.610 | INFO     |  5357 | msm.mycroft_skills_manager | invalidating skills cache
2021-10-19 07:14:12.614 | INFO     |  5357 | msm.skill_entry | Downloading skill: https://github.com/MycroftAI/skill-query
2021-10-19 07:14:12.673 | INFO     |  5357 | msm.skill_entry | Installing requirements.txt for mycroft-npr-news
2021-10-19 07:14:12.702 | INFO     |  5357 | msm.skill_entry | Installing system requirements...
2021-10-19 07:14:12.709 | INFO     |  5357 | msm.skill_entry | Installing system requirements...
2021-10-19 07:14:12.733 | INFO     |  5357 | msm.skill_entry | Successfully installed mycroft-reminder
2021-10-19 07:14:12.733 | INFO     |  5357 | msm.mycroft_skills_manager | invalidating skills cache
2021-10-19 07:14:12.757 | INFO     |  5357 | msm.skill_entry | Installing requirements.txt for mycroft-installer
2021-10-19 07:14:12.862 | INFO     |  5357 | msm.skill_entry | Successfully installed mycroft-stop
2021-10-19 07:14:12.862 | INFO     |  5357 | msm.skill_entry | Installing requirements.txt for mycroft-support-helper
2021-10-19 07:14:12.868 | INFO     |  5357 | msm.mycroft_skills_manager | invalidating skills cache
2021-10-19 07:14:12.963 | INFO     |  5357 | msm.skill_entry | Installing system requirements...
2021-10-19 07:14:13.044 | INFO     |  5357 | msm.skill_entry | Installing system requirements...
2021-10-19 07:14:13.054 | INFO     |  5357 | msm.skill_entry | Installing requirements.txt for mycroft-alarm
2021-10-19 07:14:13.077 | INFO     |  5357 | msm.skill_entry | Successfully installed mycroft-version-checker
2021-10-19 07:14:13.078 | INFO     |  5357 | msm.mycroft_skills_manager | invalidating skills cache
2021-10-19 07:14:13.131 | INFO     |  5357 | msm.skill_entry | Installing system requirements...
2021-10-19 07:14:13.179 | INFO     |  5357 | msm.skill_entry | Successfully installed mycroft-timer
2021-10-19 07:14:13.180 | INFO     |  5357 | msm.mycroft_skills_manager | invalidating skills cache
2021-10-19 07:14:13.271 | INFO     |  5357 | msm.skill_entry | Installing system requirements...
2021-10-19 07:14:13.316 | ERROR    |  5357 | msm.mycroft_skills_manager | Error running install_or_update on homeassistant: MergeConflict
2021-10-19 07:14:13.318 | INFO     |  5357 | msm.skill_entry | Successfully installed mycroft-singing
2021-10-19 07:14:13.318 | INFO     |  5357 | msm.mycroft_skills_manager | invalidating skills cache
2021-10-19 07:14:13.422 | INFO     |  5357 | msm.skill_entry | Installing system requirements...
2021-10-19 07:14:13.458 | INFO     |  5357 | msm.skill_entry | Installing requirements.txt for mycroft-weather
2021-10-19 07:14:13.561 | INFO     |  5357 | msm.skill_entry | Installing system requirements...
2021-10-19 07:14:13.604 | INFO     |  5357 | msm.skill_entry | Successfully installed fallback-query
2021-10-19 07:14:13.604 | INFO     |  5357 | msm.mycroft_skills_manager | invalidating skills cache
2021-10-19 07:14:13.646 | INFO     |  5357 | msm.skill_entry | Installing system requirements...
2021-10-19 07:14:13.669 | INFO     |  5357 | msm.skill_entry | Installing requirements.txt for mycroft-wiki
2021-10-19 07:14:13.854 | INFO     |  5357 | msm.skill_entry | Successfully installed mycroft-fallback-duck-duck-go
2021-10-19 07:14:13.855 | INFO     |  5357 | msm.mycroft_skills_manager | invalidating skills cache
2021-10-19 07:14:17.726 | INFO     |  5357 | msm.skill_entry | Successfully installed fallback-wolfram-alpha
2021-10-19 07:14:17.726 | INFO     |  5357 | msm.mycroft_skills_manager | invalidating skills cache
2021-10-19 07:14:18.567 | INFO     |  5357 | msm.skill_entry | Successfully installed mycroft-ip
2021-10-19 07:14:18.568 | INFO     |  5357 | msm.mycroft_skills_manager | invalidating skills cache
2021-10-19 07:14:19.852 | INFO     |  5357 | msm.skill_entry | Successfully installed mycroft-joke
2021-10-19 07:14:19.853 | INFO     |  5357 | msm.mycroft_skills_manager | invalidating skills cache
2021-10-19 07:14:21.679 | INFO     |  5357 | msm.skill_entry | Successfully installed mycroft-audio-record
2021-10-19 07:14:21.679 | INFO     |  5357 | msm.mycroft_skills_manager | invalidating skills cache
2021-10-19 07:14:24.198 | INFO     |  5357 | msm.skill_entry | Successfully installed mycroft-configuration
2021-10-19 07:14:24.199 | INFO     |  5357 | msm.mycroft_skills_manager | invalidating skills cache
2021-10-19 07:14:37.931 | INFO     |  5357 | PairingSkill | Initiating device pairing sequence...
2021-10-19 07:14:37.931 | INFO     |  5357 | PairingSkill | Retrieving pairing code from device API...
2021-10-19 07:14:38.297 | INFO     |  5357 | PairingSkill | Pairing code obtained: PLVNX4
2021-10-19 07:14:38.297 | INFO     |  5357 | PairingSkill | Communicating pairing URL to user
2021-10-19 07:14:40.570 | INFO     |  5357 | msm.skill_entry | Successfully installed mycroft-date-time
2021-10-19 07:14:40.570 | INFO     |  5357 | msm.mycroft_skills_manager | invalidating skills cache
2021-10-19 07:14:43.796 | INFO     |  5357 | msm.skill_entry | Successfully installed mycroft-npr-news
2021-10-19 07:14:43.796 | INFO     |  5357 | msm.mycroft_skills_manager | invalidating skills cache
2021-10-19 07:14:44.700 | INFO     |  5357 | msm.skill_entry | Successfully installed mycroft-installer
2021-10-19 07:14:44.700 | INFO     |  5357 | msm.mycroft_skills_manager | invalidating skills cache
2021-10-19 07:14:46.788 | INFO     |  5357 | msm.skill_entry | Successfully installed mycroft-support-helper
2021-10-19 07:14:46.788 | INFO     |  5357 | msm.mycroft_skills_manager | invalidating skills cache
2021-10-19 07:14:47.783 | INFO     |  5357 | msm.skill_entry | Successfully installed mycroft-alarm
2021-10-19 07:14:47.783 | INFO     |  5357 | msm.mycroft_skills_manager | invalidating skills cache
2021-10-19 07:14:48.795 | INFO     |  5357 | msm.skill_entry | Successfully installed mycroft-weather
2021-10-19 07:14:48.795 | INFO     |  5357 | msm.mycroft_skills_manager | invalidating skills cache
2021-10-19 07:14:50.796 | INFO     |  5357 | msm.skill_entry | Successfully installed mycroft-wiki
2021-10-19 07:14:50.796 | INFO     |  5357 | msm.mycroft_skills_manager | invalidating skills cache
2021-10-19 07:14:50.976 | INFO     |  5357 | mycroft.skills.skill_updater:_log_next_download_time:267 | Next scheduled skill update: 2021-10-19 08:14:50.975676
2021-10-19 07:14:50.976 | INFO     |  5357 | mycroft.skills.skill_updater:update_skills:170 | Skill update complete
2021-10-19 07:14:50.976 | INFO     |  5357 | mycroft.skills.skill_manager:_load_on_startup:273 | Loading installed skills...
2021-10-19 07:14:50.978 | INFO     |  5357 | mycroft.skills.skill_loader:load:185 | ATTEMPTING TO LOAD SKILL: mycroft-ip.mycroftai
2021-10-19 07:14:51.190 | INFO     |  5357 | mycroft.skills.settings:get_local_settings:83 | /opt/mycroft/skills/mycroft-ip.mycroftai/settings.json
2021-10-19 07:14:51.202 | INFO     |  5357 | mycroft.skills.skill_loader:_check_for_first_run:324 | First run of mycroft-ip.mycroftai
2021-10-19 07:14:51.203 | INFO     |  5357 | mycroft.skills.settings:save_settings:116 | Skill settings successfully saved to /home/runner/.config/mycroft/skills/mycroft-ip.mycroftai/settings.json
2021-10-19 07:14:51.275 | INFO     |  5357 | mycroft.skills.skill_loader:_communicate_load_status:344 | Skill mycroft-ip.mycroftai loaded successfully
2021-10-19 07:14:51.276 | INFO     |  5357 | mycroft.skills.skill_loader:load:185 | ATTEMPTING TO LOAD SKILL: mycroft-reminder.mycroftai
2021-10-19 07:14:51.341 | INFO     |  5357 | mycroft.skills.settings:get_local_settings:83 | /opt/mycroft/skills/mycroft-reminder.mycroftai/settings.json
2021-10-19 07:14:51.394 | INFO     |  5357 | mycroft.skills.skill_loader:_check_for_first_run:324 | First run of mycroft-reminder.mycroftai
2021-10-19 07:14:51.395 | INFO     |  5357 | mycroft.skills.settings:save_settings:116 | Skill settings successfully saved to /home/runner/.config/mycroft/skills/mycroft-reminder.mycroftai/settings.json
2021-10-19 07:14:51.405 | INFO     |  5357 | mycroft.skills.skill_loader:_communicate_load_status:344 | Skill mycroft-reminder.mycroftai loaded successfully
2021-10-19 07:14:51.406 | INFO     |  5357 | mycroft.skills.skill_loader:load:185 | ATTEMPTING TO LOAD SKILL: mycroft-installer.mycroftai
2021-10-19 07:14:51.413 | INFO     |  5357 | mycroft.skills.settings:get_local_settings:83 | /opt/mycroft/skills/mycroft-installer.mycroftai/settings.json
2021-10-19 07:14:51.456 | INFO     |  5357 | mycroft.skills.skill_loader:_check_for_first_run:324 | First run of mycroft-installer.mycroftai
2021-10-19 07:14:51.456 | INFO     |  5357 | mycroft.skills.settings:save_settings:116 | Skill settings successfully saved to /home/runner/.config/mycroft/skills/mycroft-installer.mycroftai/settings.json
2021-10-19 07:14:51.475 | INFO     |  5357 | mycroft.skills.skill_loader:_communicate_load_status:344 | Skill mycroft-installer.mycroftai loaded successfully
2021-10-19 07:14:51.476 | INFO     |  5357 | mycroft.skills.skill_loader:load:185 | ATTEMPTING TO LOAD SKILL: mycroft-version-checker.mycroftai
2021-10-19 07:14:51.482 | INFO     |  5357 | mycroft.skills.settings:get_local_settings:83 | /opt/mycroft/skills/mycroft-version-checker.mycroftai/settings.json
2021-10-19 07:14:51.536 | INFO     |  5357 | mycroft.skills.skill_loader:_check_for_first_run:324 | First run of mycroft-version-checker.mycroftai
2021-10-19 07:14:51.536 | INFO     |  5357 | mycroft.skills.settings:save_settings:116 | Skill settings successfully saved to /home/runner/.config/mycroft/skills/mycroft-version-checker.mycroftai/settings.json
2021-10-19 07:14:51.540 | INFO     |  5357 | mycroft.skills.skill_loader:_communicate_load_status:344 | Skill mycroft-version-checker.mycroftai loaded successfully
2021-10-19 07:14:51.540 | INFO     |  5357 | mycroft.skills.skill_loader:load:185 | ATTEMPTING TO LOAD SKILL: mycroft-singing.mycroftai
2021-10-19 07:14:51.552 | INFO     |  5357 | mycroft.skills.settings:get_local_settings:83 | /opt/mycroft/skills/mycroft-singing.mycroftai/settings.json
2021-10-19 07:14:51.584 | INFO     |  5357 | mycroft.skills.skill_loader:_check_for_first_run:324 | First run of mycroft-singing.mycroftai
2021-10-19 07:14:51.585 | INFO     |  5357 | mycroft.skills.settings:save_settings:116 | Skill settings successfully saved to /home/runner/.config/mycroft/skills/mycroft-singing.mycroftai/settings.json
2021-10-19 07:14:51.620 | INFO     |  5357 | mycroft.skills.skill_loader:_communicate_load_status:344 | Skill mycroft-singing.mycroftai loaded successfully
2021-10-19 07:14:51.621 | INFO     |  5357 | mycroft.skills.skill_loader:load:185 | ATTEMPTING TO LOAD SKILL: mycroft-joke.mycroftai
2021-10-19 07:14:51.629 | INFO     |  5357 | mycroft.skills.settings:get_local_settings:83 | /opt/mycroft/skills/mycroft-joke.mycroftai/settings.json
2021-10-19 07:14:51.668 | INFO     |  5357 | mycroft.skills.skill_loader:_check_for_first_run:324 | First run of mycroft-joke.mycroftai
2021-10-19 07:14:51.669 | INFO     |  5357 | mycroft.skills.settings:save_settings:116 | Skill settings successfully saved to /home/runner/.config/mycroft/skills/mycroft-joke.mycroftai/settings.json
2021-10-19 07:14:51.681 | INFO     |  5357 | mycroft.skills.skill_loader:_communicate_load_status:344 | Skill mycroft-joke.mycroftai loaded successfully
2021-10-19 07:14:51.682 | INFO     |  5357 | mycroft.skills.skill_loader:load:185 | ATTEMPTING TO LOAD SKILL: mycroft-timer.mycroftai
2021-10-19 07:14:51.711 | INFO     |  5357 | mycroft.skills.settings:get_local_settings:83 | /opt/mycroft/skills/mycroft-timer.mycroftai/settings.json
2021-10-19 07:14:51.805 | INFO     |  5357 | mycroft.skills.skill_loader:_check_for_first_run:324 | First run of mycroft-timer.mycroftai
2021-10-19 07:14:51.807 | INFO     |  5357 | mycroft.skills.settings:save_settings:116 | Skill settings successfully saved to /home/runner/.config/mycroft/skills/mycroft-timer.mycroftai/settings.json
2021-10-19 07:14:51.819 | INFO     |  5357 | mycroft.skills.skill_loader:_communicate_load_status:344 | Skill mycroft-timer.mycroftai loaded successfully
2021-10-19 07:14:51.820 | INFO     |  5357 | mycroft.skills.skill_loader:load:185 | ATTEMPTING TO LOAD SKILL: homeassistant.mycroftai
2021-10-19 07:14:52.139 | INFO     |  5357 | mycroft.skills.settings:get_local_settings:83 | /opt/mycroft/skills/homeassistant.mycroftai/settings.json
2021-10-19 07:14:52.140 | INFO     |  5357 | mycroft.skills.settings:get_local_settings:83 | /opt/mycroft/skills/homeassistant.mycroftai/settings.json
2021-10-19 07:14:52.191 | INFO     |  5357 | mycroft.skills.skill_loader:_communicate_load_status:344 | Skill homeassistant.mycroftai loaded successfully
2021-10-19 07:14:52.205 | INFO     |  5357 | mycroft.skills.skill_loader:load:185 | ATTEMPTING TO LOAD SKILL: mycroft-alarm.mycroftai
2021-10-19 07:14:52.247 | INFO     |  5357 | mycroft.skills.settings:get_local_settings:83 | /opt/mycroft/skills/mycroft-alarm.mycroftai/settings.json
2021-10-19 07:14:52.248 | ERROR    |  5357 | AlarmSkill | Couldn't allocate mixer, ALSAAudioError('No such file or directory [default]')
2021-10-19 07:14:52.333 | INFO     |  5357 | mycroft.skills.skill_loader:_check_for_first_run:324 | First run of mycroft-alarm.mycroftai
2021-10-19 07:14:52.337 | INFO     |  5357 | mycroft.skills.settings:save_settings:116 | Skill settings successfully saved to /home/runner/.config/mycroft/skills/mycroft-alarm.mycroftai/settings.json
2021-10-19 07:14:52.342 | INFO     |  5357 | mycroft.skills.skill_loader:_communicate_load_status:344 | Skill mycroft-alarm.mycroftai loaded successfully
2021-10-19 07:14:52.343 | INFO     |  5357 | mycroft.skills.skill_loader:load:185 | ATTEMPTING TO LOAD SKILL: mycroft-naptime.mycroftai
2021-10-19 07:14:52.354 | INFO     |  5357 | mycroft.skills.settings:get_local_settings:83 | /opt/mycroft/skills/mycroft-naptime.mycroftai/settings.json
2021-10-19 07:14:52.373 | INFO     |  5357 | mycroft.skills.skill_loader:_check_for_first_run:324 | First run of mycroft-naptime.mycroftai
2021-10-19 07:14:52.376 | INFO     |  5357 | mycroft.skills.settings:save_settings:116 | Skill settings successfully saved to /home/runner/.config/mycroft/skills/mycroft-naptime.mycroftai/settings.json
2021-10-19 07:14:52.380 | INFO     |  5357 | mycroft.skills.skill_loader:_communicate_load_status:344 | Skill mycroft-naptime.mycroftai loaded successfully
2021-10-19 07:14:52.380 | INFO     |  5357 | mycroft.skills.skill_loader:load:185 | ATTEMPTING TO LOAD SKILL: mycroft-spelling.mycroftai
2021-10-19 07:14:52.389 | INFO     |  5357 | mycroft.skills.settings:get_local_settings:83 | /opt/mycroft/skills/mycroft-spelling.mycroftai/settings.json
2021-10-19 07:14:52.410 | INFO     |  5357 | mycroft.skills.skill_loader:_check_for_first_run:324 | First run of mycroft-spelling.mycroftai
2021-10-19 07:14:52.411 | INFO     |  5357 | mycroft.skills.settings:save_settings:116 | Skill settings successfully saved to /home/runner/.config/mycroft/skills/mycroft-spelling.mycroftai/settings.json
2021-10-19 07:14:52.412 | INFO     |  5357 | mycroft.skills.skill_loader:_communicate_load_status:344 | Skill mycroft-spelling.mycroftai loaded successfully
2021-10-19 07:14:52.412 | INFO     |  5357 | mycroft.skills.skill_loader:load:185 | ATTEMPTING TO LOAD SKILL: mycroft-fallback-duck-duck-go.mycroftai
2021-10-19 07:14:52.423 | INFO     |  5357 | mycroft.skills.settings:get_local_settings:83 | /opt/mycroft/skills/mycroft-fallback-duck-duck-go.mycroftai/settings.json
2021-10-19 07:14:52.445 | INFO     |  5357 | mycroft.skills.skill_loader:_check_for_first_run:324 | First run of mycroft-fallback-duck-duck-go.mycroftai
2021-10-19 07:14:52.446 | INFO     |  5357 | mycroft.skills.settings:save_settings:116 | Skill settings successfully saved to /home/runner/.config/mycroft/skills/mycroft-fallback-duck-duck-go.mycroftai/settings.json
2021-10-19 07:14:52.446 | INFO     |  5357 | mycroft.skills.skill_loader:_communicate_load_status:344 | Skill mycroft-fallback-duck-duck-go.mycroftai loaded successfully
2021-10-19 07:14:52.447 | INFO     |  5357 | mycroft.skills.skill_loader:load:185 | ATTEMPTING TO LOAD SKILL: mycroft-npr-news.mycroftai
2021-10-19 07:14:52.577 | INFO     |  5357 | mycroft.skills.settings:get_local_settings:83 | /opt/mycroft/skills/mycroft-npr-news.mycroftai/settings.json
2021-10-19 07:14:53.619 | INFO     |  5357 | mycroft.skills.skill_loader:_check_for_first_run:324 | First run of mycroft-npr-news.mycroftai
2021-10-19 07:14:53.621 | INFO     |  5357 | mycroft.skills.settings:save_settings:116 | Skill settings successfully saved to /home/runner/.config/mycroft/skills/mycroft-npr-news.mycroftai/settings.json
2021-10-19 07:14:53.622 | INFO     |  5357 | mycroft.skills.skill_loader:_communicate_load_status:344 | Skill mycroft-npr-news.mycroftai loaded successfully
2021-10-19 07:14:53.622 | INFO     |  5357 | mycroft.skills.skill_loader:load:185 | ATTEMPTING TO LOAD SKILL: mycroft-support-helper.mycroftai
2021-10-19 07:14:53.629 | INFO     |  5357 | mycroft.skills.settings:get_local_settings:83 | /opt/mycroft/skills/mycroft-support-helper.mycroftai/settings.json
2021-10-19 07:14:53.634 | INFO     |  5357 | mycroft.skills.skill_loader:_check_for_first_run:324 | First run of mycroft-support-helper.mycroftai
2021-10-19 07:14:53.634 | INFO     |  5357 | mycroft.skills.settings:save_settings:116 | Skill settings successfully saved to /home/runner/.config/mycroft/skills/mycroft-support-helper.mycroftai/settings.json
2021-10-19 07:14:53.670 | INFO     |  5357 | mycroft.skills.skill_loader:_communicate_load_status:344 | Skill mycroft-support-helper.mycroftai loaded successfully
2021-10-19 07:14:53.671 | INFO     |  5357 | mycroft.skills.skill_loader:load:185 | ATTEMPTING TO LOAD SKILL: mycroft-weather.mycroftai
2021-10-19 07:14:53.693 | INFO     |  5357 | mycroft.skills.settings:get_local_settings:83 | /opt/mycroft/skills/mycroft-weather.mycroftai/settings.json
2021-10-19 07:14:53.761 | INFO     |  5357 | mycroft.skills.skill_loader:_check_for_first_run:324 | First run of mycroft-weather.mycroftai
2021-10-19 07:14:53.762 | INFO     |  5357 | mycroft.skills.settings:save_settings:116 | Skill settings successfully saved to /home/runner/.config/mycroft/skills/mycroft-weather.mycroftai/settings.json
2021-10-19 07:14:53.773 | INFO     |  5357 | mycroft.skills.skill_loader:_communicate_load_status:344 | Skill mycroft-weather.mycroftai loaded successfully
2021-10-19 07:14:53.775 | INFO     |  5357 | mycroft.skills.skill_loader:load:185 | ATTEMPTING TO LOAD SKILL: mycroft-speak.mycroftai
2021-10-19 07:14:53.781 | INFO     |  5357 | mycroft.skills.settings:get_local_settings:83 | /opt/mycroft/skills/mycroft-speak.mycroftai/settings.json
2021-10-19 07:14:53.814 | INFO     |  5357 | mycroft.skills.skill_loader:_check_for_first_run:324 | First run of mycroft-speak.mycroftai
2021-10-19 07:14:53.816 | INFO     |  5357 | mycroft.skills.settings:save_settings:116 | Skill settings successfully saved to /home/runner/.config/mycroft/skills/mycroft-speak.mycroftai/settings.json
2021-10-19 07:14:53.824 | INFO     |  5357 | mycroft.skills.skill_loader:_communicate_load_status:344 | Skill mycroft-speak.mycroftai loaded successfully
2021-10-19 07:14:53.825 | INFO     |  5357 | mycroft.skills.skill_loader:load:185 | ATTEMPTING TO LOAD SKILL: mycroft-audio-record.mycroftai
2021-10-19 07:14:53.832 | INFO     |  5357 | mycroft.skills.settings:get_local_settings:83 | /opt/mycroft/skills/mycroft-audio-record.mycroftai/settings.json
2021-10-19 07:14:53.853 | INFO     |  5357 | mycroft.skills.skill_loader:_check_for_first_run:324 | First run of mycroft-audio-record.mycroftai
2021-10-19 07:14:53.854 | INFO     |  5357 | mycroft.skills.settings:save_settings:116 | Skill settings successfully saved to /home/runner/.config/mycroft/skills/mycroft-audio-record.mycroftai/settings.json
2021-10-19 07:14:53.887 | INFO     |  5357 | mycroft.skills.skill_loader:_communicate_load_status:344 | Skill mycroft-audio-record.mycroftai loaded successfully
2021-10-19 07:14:53.887 | INFO     |  5357 | mycroft.skills.skill_loader:load:185 | ATTEMPTING TO LOAD SKILL: mycroft-stop.mycroftai
2021-10-19 07:14:53.897 | INFO     |  5357 | mycroft.skills.settings:get_local_settings:83 | /opt/mycroft/skills/mycroft-stop.mycroftai/settings.json
2021-10-19 07:14:53.935 | INFO     |  5357 | mycroft.skills.skill_loader:_check_for_first_run:324 | First run of mycroft-stop.mycroftai
2021-10-19 07:14:53.936 | INFO     |  5357 | mycroft.skills.settings:save_settings:116 | Skill settings successfully saved to /home/runner/.config/mycroft/skills/mycroft-stop.mycroftai/settings.json
2021-10-19 07:14:53.987 | INFO     |  5357 | mycroft.skills.skill_loader:_communicate_load_status:344 | Skill mycroft-stop.mycroftai loaded successfully
2021-10-19 07:14:53.989 | INFO     |  5357 | mycroft.skills.skill_loader:load:185 | ATTEMPTING TO LOAD SKILL: mycroft-hello-world.mycroftai
2021-10-19 07:14:53.999 | INFO     |  5357 | mycroft.skills.settings:get_local_settings:83 | /opt/mycroft/skills/mycroft-hello-world.mycroftai/settings.json
2021-10-19 07:14:54.016 | INFO     |  5357 | mycroft.skills.skill_loader:_check_for_first_run:324 | First run of mycroft-hello-world.mycroftai
2021-10-19 07:14:54.017 | INFO     |  5357 | mycroft.skills.settings:save_settings:116 | Skill settings successfully saved to /home/runner/.config/mycroft/skills/mycroft-hello-world.mycroftai/settings.json
2021-10-19 07:14:54.085 | INFO     |  5357 | mycroft.skills.skill_loader:_communicate_load_status:344 | Skill mycroft-hello-world.mycroftai loaded successfully
2021-10-19 07:14:54.085 | INFO     |  5357 | mycroft.skills.skill_loader:load:185 | ATTEMPTING TO LOAD SKILL: mycroft-date-time.mycroftai
2021-10-19 07:14:54.698 | INFO     |  5357 | mycroft.skills.settings:get_local_settings:83 | /opt/mycroft/skills/mycroft-date-time.mycroftai/settings.json
2021-10-19 07:14:54.729 | INFO     |  5357 | TimeSkill | Registering resting screen <bound method TimeSkill.handle_idle of <mycroft-date-time_mycroftai.TimeSkill object at 0x7f0cac0297d0>> for Time and Date.
2021-10-19 07:14:54.731 | INFO     |  5357 | TimeSkill | Registering resting screen
2021-10-19 07:14:54.736 | INFO     |  5357 | mycroft.skills.skill_loader:_check_for_first_run:324 | First run of mycroft-date-time.mycroftai
2021-10-19 07:14:54.738 | INFO     |  5357 | mycroft.skills.settings:save_settings:116 | Skill settings successfully saved to /home/runner/.config/mycroft/skills/mycroft-date-time.mycroftai/settings.json
2021-10-19 07:14:54.738 | INFO     |  5357 | mycroft.skills.skill_loader:_communicate_load_status:344 | Skill mycroft-date-time.mycroftai loaded successfully
2021-10-19 07:14:54.739 | INFO     |  5357 | mycroft.skills.skill_loader:load:185 | ATTEMPTING TO LOAD SKILL: mycroft-configuration.mycroftai
2021-10-19 07:14:54.754 | INFO     |  5357 | mycroft.skills.settings:get_local_settings:83 | /opt/mycroft/skills/mycroft-configuration.mycroftai/settings.json
2021-10-19 07:14:54.777 | INFO     |  5357 | mycroft.skills.skill_loader:_check_for_first_run:324 | First run of mycroft-configuration.mycroftai
2021-10-19 07:14:54.778 | INFO     |  5357 | mycroft.skills.settings:save_settings:116 | Skill settings successfully saved to /home/runner/.config/mycroft/skills/mycroft-configuration.mycroftai/settings.json
2021-10-19 07:14:54.778 | INFO     |  5357 | mycroft.skills.skill_loader:_communicate_load_status:344 | Skill mycroft-configuration.mycroftai loaded successfully
2021-10-19 07:14:54.780 | INFO     |  5357 | mycroft.skills.skill_loader:load:185 | ATTEMPTING TO LOAD SKILL: fallback-query.mycroftai
2021-10-19 07:14:54.787 | INFO     |  5357 | mycroft.skills.settings:get_local_settings:83 | /opt/mycroft/skills/fallback-query.mycroftai/settings.json
2021-10-19 07:14:54.795 | INFO     |  5357 | mycroft.skills.skill_loader:_check_for_first_run:324 | First run of fallback-query.mycroftai
2021-10-19 07:14:54.801 | INFO     |  5357 | mycroft.skills.settings:save_settings:116 | Skill settings successfully saved to /home/runner/.config/mycroft/skills/fallback-query.mycroftai/settings.json
2021-10-19 07:14:54.804 | INFO     |  5357 | mycroft.skills.skill_loader:_communicate_load_status:344 | Skill fallback-query.mycroftai loaded successfully
2021-10-19 07:14:54.804 | INFO     |  5357 | mycroft.skills.skill_loader:load:185 | ATTEMPTING TO LOAD SKILL: mycroft-personal.mycroftai
2021-10-19 07:14:54.808 | INFO     |  5357 | mycroft.skills.settings:get_local_settings:83 | /opt/mycroft/skills/mycroft-personal.mycroftai/settings.json
2021-10-19 07:14:54.887 | INFO     |  5357 | mycroft.skills.skill_loader:_check_for_first_run:324 | First run of mycroft-personal.mycroftai
2021-10-19 07:14:54.890 | INFO     |  5357 | mycroft.skills.settings:save_settings:116 | Skill settings successfully saved to /home/runner/.config/mycroft/skills/mycroft-personal.mycroftai/settings.json
2021-10-19 07:14:54.890 | INFO     |  5357 | mycroft.skills.skill_loader:_communicate_load_status:344 | Skill mycroft-personal.mycroftai loaded successfully
2021-10-19 07:14:54.891 | INFO     |  5357 | mycroft.skills.skill_loader:load:185 | ATTEMPTING TO LOAD SKILL: fallback-wolfram-alpha.mycroftai
2021-10-19 07:14:54.921 | INFO     |  5357 | mycroft.skills.settings:get_local_settings:83 | /opt/mycroft/skills/fallback-wolfram-alpha.mycroftai/settings.json
2021-10-19 07:14:54.935 | INFO     |  5357 | mycroft.skills.skill_loader:_check_for_first_run:324 | First run of fallback-wolfram-alpha.mycroftai
2021-10-19 07:14:54.936 | INFO     |  5357 | mycroft.skills.settings:save_settings:116 | Skill settings successfully saved to /home/runner/.config/mycroft/skills/fallback-wolfram-alpha.mycroftai/settings.json
2021-10-19 07:14:54.936 | INFO     |  5357 | mycroft.skills.skill_loader:_communicate_load_status:344 | Skill fallback-wolfram-alpha.mycroftai loaded successfully
2021-10-19 07:14:54.937 | INFO     |  5357 | mycroft.skills.skill_loader:load:185 | ATTEMPTING TO LOAD SKILL: mycroft-wiki.mycroftai
2021-10-19 07:14:54.944 | INFO     |  5357 | mycroft.skills.settings:get_local_settings:83 | /opt/mycroft/skills/mycroft-wiki.mycroftai/settings.json
2021-10-19 07:14:54.955 | INFO     |  5357 | mycroft.skills.skill_loader:_check_for_first_run:324 | First run of mycroft-wiki.mycroftai
2021-10-19 07:14:54.956 | INFO     |  5357 | mycroft.skills.settings:save_settings:116 | Skill settings successfully saved to /home/runner/.config/mycroft/skills/mycroft-wiki.mycroftai/settings.json
2021-10-19 07:14:54.957 | INFO     |  5357 | mycroft.skills.skill_loader:_communicate_load_status:344 | Skill mycroft-wiki.mycroftai loaded successfully
2021-10-19 07:14:54.957 | INFO     |  5357 | mycroft.skills.skill_loader:load:185 | ATTEMPTING TO LOAD SKILL: fallback-unknown.mycroftai
2021-10-19 07:14:54.962 | INFO     |  5357 | mycroft.skills.settings:get_local_settings:83 | /opt/mycroft/skills/fallback-unknown.mycroftai/settings.json
2021-10-19 07:14:55.022 | INFO     |  5357 | mycroft.skills.skill_loader:_check_for_first_run:324 | First run of fallback-unknown.mycroftai
2021-10-19 07:14:55.023 | INFO     |  5357 | mycroft.skills.settings:save_settings:116 | Skill settings successfully saved to /home/runner/.config/mycroft/skills/fallback-unknown.mycroftai/settings.json
2021-10-19 07:14:55.031 | INFO     |  5357 | mycroft.skills.skill_loader:_communicate_load_status:344 | Skill fallback-unknown.mycroftai loaded successfully
2021-10-19 07:14:55.032 | INFO     |  5357 | mycroft.skills.skill_loader:load:185 | ATTEMPTING TO LOAD SKILL: mycroft-playback-control.mycroftai
2021-10-19 07:14:55.046 | INFO     |  5357 | mycroft.skills.settings:get_local_settings:83 | /opt/mycroft/skills/mycroft-playback-control.mycroftai/settings.json
2021-10-19 07:14:55.083 | INFO     |  5357 | mycroft.skills.skill_loader:_check_for_first_run:324 | First run of mycroft-playback-control.mycroftai
2021-10-19 07:14:55.086 | INFO     |  5357 | mycroft.skills.settings:save_settings:116 | Skill settings successfully saved to /home/runner/.config/mycroft/skills/mycroft-playback-control.mycroftai/settings.json
2021-10-19 07:14:55.087 | INFO     |  5357 | mycroft.skills.skill_loader:_communicate_load_status:344 | Skill mycroft-playback-control.mycroftai loaded successfully
2021-10-19 07:14:55.087 | INFO     |  5357 | mycroft.skills.skill_manager:_load_on_startup:275 | Skills all loaded!
2021-10-19 07:14:55.151 | INFO     |  5357 | __main__:on_ready:185 | Skills service is ready.
2021-10-19 07:14:55.234 | INFO     |  5357 | mycroft.skills.intent_services.padatious_service:train:81 | Training... (single_thread=False)
Regenerated mycroft-alarm.mycroftai:{daytype}.
Regenerated mycroft-reminder.mycroftai:UnspecifiedReminderAt.intent.
Regenerated mycroft-reminder.mycroftai:ClearReminders.intent.
Regenerated mycroft-installer.mycroftai:install.custom.intent.
Regenerated mycroft-installer.mycroftai:is.installed.intent.
Regenerated mycroft-installer.mycroftai:install.beta.intent.
Regenerated mycroft-installer.mycroftai:remove.intent.
Regenerated mycroft-installer.mycroftai:list.skills.intent.
Regenerated mycroft-installer.mycroftai:install.intent.
Regenerated mycroft-timer.mycroftai:timer.status.intent.
Regenerated mycroft-timer.mycroftai:start.timer.intent.
Regenerated homeassistant.mycroftai:turn.on.intent.
Regenerated homeassistant.mycroftai:turn.off.intent.
Regenerated homeassistant.mycroftai:increase.light.brightness.intent.
Regenerated homeassistant.mycroftai:sensor.intent.
Regenerated mycroft-alarm.mycroftai:snooze.intent.
Regenerated mycroft-alarm.mycroftai:change.alarm.sound.intent.
Regenerated mycroft-npr-news.mycroftai:PlayTheNews.intent.
Regenerated mycroft-support-helper.mycroftai:contact.support.intent.
Regenerated mycroft-weather.mycroftai:do-i-need-an-umbrella.intent.
Regenerated mycroft-audio-record.mycroftai:PlayRecording.intent.
Regenerated mycroft-audio-record.mycroftai:StartRecording.intent.
Regenerated mycroft-stop.mycroftai:ssh.disable.intent.
Regenerated mycroft-stop.mycroftai:ssh.enable.intent.
Regenerated mycroft-stop.mycroftai:wifi.setup.intent.
Regenerated mycroft-stop.mycroftai:reboot.intent.
Regenerated mycroft-stop.mycroftai:shutdown.intent.
Regenerated mycroft-hello-world.mycroftai:HowAreYou.intent.
Regenerated mycroft-date-time.mycroftai:date.future.weekend.intent.
Regenerated mycroft-date-time.mycroftai:what.time.is.it.intent.
Regenerated mycroft-date-time.mycroftai:date.last.weekend.intent.
Regenerated mycroft-date-time.mycroftai:what.time.will.it.be.intent.
Regenerated mycroft-configuration.mycroftai:EnablePreciseDev.intent.
Regenerated mycroft-configuration.mycroftai:WhereAreYou.intent.
Regenerated mycroft-configuration.mycroftai:DisablePreciseDev.intent.
Regenerated mycroft-personal.mycroftai:DoYouDream.intent.
Regenerated mycroft-reminder.mycroftai:CancelActiveReminder.intent.
Regenerated mycroft-reminder.mycroftai:Reminder.intent.
Regenerated mycroft-reminder.mycroftai:ReminderAt.intent.
Regenerated mycroft-reminder.mycroftai:DeleteReminderForDay.intent.
Regenerated mycroft-reminder.mycroftai:GetRemindersForDay.intent.
Regenerated mycroft-reminder.mycroftai:GetNextReminders.intent.
Regenerated mycroft-reminder.mycroftai:SnoozeReminder.intent.
Regenerated homeassistant.mycroftai:decrease.light.brightness.intent.
Regenerated homeassistant.mycroftai:set.climate.intent.
Regenerated homeassistant.mycroftai:toggle.intent.
Regenerated homeassistant.mycroftai:tracker.intent.
Regenerated homeassistant.mycroftai:automation.intent.
Regenerated homeassistant.mycroftai:set.light.brightness.intent.
Regenerated homeassistant.mycroftai:add.item.shopping.list.intent.
Regenerated mycroft-personal.mycroftai:WhatAreYou.intent.
Regenerated mycroft-personal.mycroftai:WhoAreYou.intent.
Regenerated mycroft-personal.mycroftai:WhereWereYouBorn.intent.
Regenerated mycroft-personal.mycroftai:WhoMadeYou.intent.
Regenerated mycroft-personal.mycroftai:DoYouRhyme.intent.
Regenerated mycroft-personal.mycroftai:WhenWereYouBorn.intent.
Regenerated mycroft-wiki.mycroftai:Random.intent.
2021-10-19 07:15:00.085 | INFO     |  5357 | mycroft.skills.intent_services.padatious_service:train:83 | Training complete.
2021-10-19 07:15:08.660 | INFO     |  5357 | mycroft.skills.settings:save_settings:116 | Skill settings successfully saved to /home/runner/.config/mycroft/skills/mycroft-pairing.mycroftai/settings.json
2021-10-19 07:15:08.960 | INFO     |  5357 | mycroft.skills.settings:save_settings:116 | Skill settings successfully saved to /home/runner/.config/mycroft/skills/mycroft-timer.mycroftai/settings.json
2021-10-19 07:15:35.424 | INFO     |  5357 | __main__:on_stopping:193 | Skills service is shutting down...
2021-10-19 07:15:35.425 | INFO     |  5357 | __main__:shutdown:284 | Shutting down Skills service
2021-10-19 07:15:35.431 | ERROR    |  5357 | VolumeSkill | Couldn't allocate mixer, ALSAAudioError('No such file or directory [default]')
2021-10-19 07:15:35.433 | INFO     |  5357 | mycroft.skills.settings:save_settings:116 | Skill settings successfully saved to /home/runner/.config/mycroft/skills/mycroft-volume.mycroftai/settings.json
2021-10-19 07:15:35.435 | INFO     |  5357 | mycroft.skills.settings:save_settings:116 | Skill settings successfully saved to /home/runner/.config/mycroft/skills/mycroft-ip.mycroftai/settings.json
2021-10-19 07:15:35.451 | INFO     |  5357 | mycroft.skills.settings:save_settings:116 | Skill settings successfully saved to /home/runner/.config/mycroft/skills/mycroft-reminder.mycroftai/settings.json
2021-10-19 07:15:35.453 | INFO     |  5357 | mycroft.skills.settings:save_settings:116 | Skill settings successfully saved to /home/runner/.config/mycroft/skills/mycroft-installer.mycroftai/settings.json
2021-10-19 07:15:35.470 | INFO     |  5357 | mycroft.skills.settings:save_settings:116 | Skill settings successfully saved to /home/runner/.config/mycroft/skills/mycroft-version-checker.mycroftai/settings.json
2021-10-19 07:15:35.473 | INFO     |  5357 | mycroft.skills.settings:save_settings:116 | Skill settings successfully saved to /home/runner/.config/mycroft/skills/mycroft-singing.mycroftai/settings.json
2021-10-19 07:15:35.475 | INFO     |  5357 | mycroft.skills.settings:save_settings:116 | Skill settings successfully saved to /home/runner/.config/mycroft/skills/mycroft-joke.mycroftai/settings.json
2021-10-19 07:15:35.479 | INFO     |  5357 | HomeAssistantSkill | Removing all handlers...
2021-10-19 07:15:35.485 | WARNING  |  5357 | mycroft.skills.fallback_skill:remove_fallback:185 | Could not find matching fallback handler
2021-10-19 07:15:35.487 | INFO     |  5357 | mycroft.skills.settings:save_settings:116 | Skill settings successfully saved to /home/runner/.config/mycroft/skills/mycroft-alarm.mycroftai/settings.json
2021-10-19 07:15:35.488 | INFO     |  5357 | mycroft.skills.settings:save_settings:116 | Skill settings successfully saved to /home/runner/.config/mycroft/skills/mycroft-naptime.mycroftai/settings.json
2021-10-19 07:15:35.490 | INFO     |  5357 | mycroft.skills.settings:save_settings:116 | Skill settings successfully saved to /home/runner/.config/mycroft/skills/mycroft-spelling.mycroftai/settings.json
2021-10-19 07:15:35.491 | INFO     |  5357 | mycroft.skills.settings:save_settings:116 | Skill settings successfully saved to /home/runner/.config/mycroft/skills/mycroft-fallback-duck-duck-go.mycroftai/settings.json
2021-10-19 07:15:35.535 | INFO     |  5357 | mycroft.skills.settings:save_settings:116 | Skill settings successfully saved to /home/runner/.config/mycroft/skills/mycroft-npr-news.mycroftai/settings.json
2021-10-19 07:15:35.536 | INFO     |  5357 | mycroft.skills.settings:save_settings:116 | Skill settings successfully saved to /home/runner/.config/mycroft/skills/mycroft-support-helper.mycroftai/settings.json
2021-10-19 07:15:35.537 | INFO     |  5357 | mycroft.skills.settings:save_settings:116 | Skill settings successfully saved to /home/runner/.config/mycroft/skills/mycroft-weather.mycroftai/settings.json
2021-10-19 07:15:35.538 | INFO     |  5357 | mycroft.skills.settings:save_settings:116 | Skill settings successfully saved to /home/runner/.config/mycroft/skills/mycroft-speak.mycroftai/settings.json
2021-10-19 07:15:35.540 | INFO     |  5357 | mycroft.skills.settings:save_settings:116 | Skill settings successfully saved to /home/runner/.config/mycroft/skills/mycroft-audio-record.mycroftai/settings.json
2021-10-19 07:15:35.542 | INFO     |  5357 | mycroft.skills.settings:save_settings:116 | Skill settings successfully saved to /home/runner/.config/mycroft/skills/mycroft-stop.mycroftai/settings.json
2021-10-19 07:15:35.543 | INFO     |  5357 | mycroft.skills.settings:save_settings:116 | Skill settings successfully saved to /home/runner/.config/mycroft/skills/mycroft-hello-world.mycroftai/settings.json
2021-10-19 07:15:35.554 | INFO     |  5357 | mycroft.skills.settings:save_settings:116 | Skill settings successfully saved to /home/runner/.config/mycroft/skills/mycroft-date-time.mycroftai/settings.json
2021-10-19 07:15:35.561 | INFO     |  5357 | mycroft.skills.settings:save_settings:116 | Skill settings successfully saved to /home/runner/.config/mycroft/skills/mycroft-configuration.mycroftai/settings.json
2021-10-19 07:15:35.562 | INFO     |  5357 | QuestionsAnswersSkill | Removing all handlers...
2021-10-19 07:15:35.563 | INFO     |  5357 | mycroft.skills.settings:save_settings:116 | Skill settings successfully saved to /home/runner/.config/mycroft/skills/fallback-query.mycroftai/settings.json
2021-10-19 07:15:35.572 | INFO     |  5357 | mycroft.skills.settings:save_settings:116 | Skill settings successfully saved to /home/runner/.config/mycroft/skills/mycroft-personal.mycroftai/settings.json
2021-10-19 07:15:35.573 | INFO     |  5357 | mycroft.skills.settings:save_settings:116 | Skill settings successfully saved to /home/runner/.config/mycroft/skills/fallback-wolfram-alpha.mycroftai/settings.json
2021-10-19 07:15:35.575 | INFO     |  5357 | mycroft.skills.settings:save_settings:116 | Skill settings successfully saved to /home/runner/.config/mycroft/skills/mycroft-wiki.mycroftai/settings.json
2021-10-19 07:15:35.575 | INFO     |  5357 | UnknownSkill | Removing all handlers...
2021-10-19 07:15:35.583 | INFO     |  5357 | mycroft.skills.settings:save_settings:116 | Skill settings successfully saved to /home/runner/.config/mycroft/skills/fallback-unknown.mycroftai/settings.json
2021-10-19 07:15:35.584 | INFO     |  5357 | mycroft.skills.settings:save_settings:116 | Skill settings successfully saved to /home/runner/.config/mycroft/skills/mycroft-playback-control.mycroftai/settings.json
2021-10-19 07:15:36.585 | INFO     |  5357 | Playback Control Skill | Audio service status: {}
2021-10-19 07:15:37.586 | WARNING  |  5357 | mycroft.skills.skill_manager:_shutdown_skill:106 | mycroft-playback-control.mycroftai shutdown took 2.002148110999997 seconds
2021-10-19 07:15:37.587 | INFO     |  5357 | __main__:shutdown:291 | Skills service shutdown complete!
2021-10-19 07:15:39.729 | ERROR    |  5357 | websocket | error from callback <bound method MessageBusClient.on_message of <mycroft.messagebus.client.client.MessageBusClient object at 0x7f0cbe6d0d50>>: cannot schedule new futures after shutdown
2021-10-19 07:15:39.731 | ERROR    |  5357 | websocket | error from callback <bound method MessageBusClient.on_message of <mycroft.messagebus.client.client.MessageBusClient object at 0x7f0cbe6d0d50>>: cannot schedule new futures after shutdown
2021-10-19 07:15:39.733 | ERROR    |  5357 | websocket | error from callback <bound method MessageBusClient.on_message of <mycroft.messagebus.client.client.MessageBusClient object at 0x7f0cbe6d0d50>>: cannot schedule new futures after shutdown
2021-10-19 07:15:39.735 | ERROR    |  5357 | websocket | error from callback <bound method MessageBusClient.on_message of <mycroft.messagebus.client.client.MessageBusClient object at 0x7f0cbe6d0d50>>: cannot schedule new futures after shutdown
2021-10-19 07:15:39.777 | ERROR    |  5357 | websocket | error from callback <bound method MessageBusClient.on_message of <mycroft.messagebus.client.client.MessageBusClient object at 0x7f0cbe6d0d50>>: cannot schedule new futures after shutdown
