2021-10-28 07:49:10.875 | INFO     |  5403 | mycroft.messagebus.load_config:load_message_bus_config:33 | Loading message bus configs
2021-10-28 07:49:10.881 | ERROR    |  5403 | mycroft_bus_client.client.client | === ConnectionRefusedError(111, 'Connection refused') ===
Traceback (most recent call last):
  File "/opt/mycroft-core/.venv/lib/python3.7/site-packages/websocket/_app.py", line 318, in run_forever
    proxy_type=proxy_type)
  File "/opt/mycroft-core/.venv/lib/python3.7/site-packages/websocket/_core.py", line 250, in connect
    options.pop('socket', None))
  File "/opt/mycroft-core/.venv/lib/python3.7/site-packages/websocket/_http.py", line 130, in connect
    sock = _open_socket(addrinfo_list, options.sockopt, options.timeout)
  File "/opt/mycroft-core/.venv/lib/python3.7/site-packages/websocket/_http.py", line 208, in _open_socket
    raise err
  File "/opt/mycroft-core/.venv/lib/python3.7/site-packages/websocket/_http.py", line 185, in _open_socket
    sock.connect(address)
ConnectionRefusedError: [Errno 111] Connection refused
2021-10-28 07:49:10.881 | ERROR    |  5403 | mycroft_bus_client.client.client | Exception closing websocket: ConnectionRefusedError(111, 'Connection refused')
2021-10-28 07:49:10.881 | WARNING  |  5403 | mycroft_bus_client.client.client | Message Bus Client will reconnect in 5.0 seconds.
2021-10-28 07:49:15.889 | INFO     |  5403 | mycroft_bus_client.client.client | Connected
2021-10-28 07:49:15.891 | INFO     |  5403 | mycroft.util.process_utils:start_message_bus_client:155 | Connected to messagebus
2021-10-28 07:49:15.894 | INFO     |  5403 | mycroft.skills.msm_wrapper:create_msm:96 | Acquiring lock to instantiate MSM
2021-10-28 07:49:15.894 | INFO     |  5403 | msm.mycroft_skills_manager | building SkillEntry objects for all skills
2021-10-28 07:49:16.317 | INFO     |  5403 | mycroft.skills.msm_wrapper:create_msm:112 | Releasing MSM instantiation lock.
2021-10-28 07:49:16.317 | INFO     |  5403 | mycroft.skills.skill_updater:_log_next_download_time:267 | Next scheduled skill update: 2021-10-28 07:49:15.317394
2021-10-28 07:49:16.318 | INFO     |  5403 | msm.skill_entry | Downloading skill: https://github.com/mycroftai/skill-pairing
2021-10-28 07:49:16.913 | INFO     |  5403 | msm.skill_entry | Installing system requirements...
2021-10-28 07:49:16.922 | INFO     |  5403 | msm.skill_entry | Successfully installed mycroft-pairing
2021-10-28 07:49:16.922 | INFO     |  5403 | msm.mycroft_skills_manager | invalidating skills cache
2021-10-28 07:49:16.924 | INFO     |  5403 | mycroft.skills.skill_loader:load:185 | ATTEMPTING TO LOAD SKILL: mycroft-pairing.mycroftai
2021-10-28 07:49:16.930 | INFO     |  5403 | mycroft.skills.settings:get_local_settings:83 | /opt/mycroft/skills/mycroft-pairing.mycroftai/settings.json
2021-10-28 07:49:16.938 | INFO     |  5403 | mycroft.skills.skill_loader:_check_for_first_run:324 | First run of mycroft-pairing.mycroftai
2021-10-28 07:49:16.939 | INFO     |  5403 | mycroft.skills.settings:save_settings:116 | Skill settings successfully saved to /home/runner/.config/mycroft/skills/mycroft-pairing.mycroftai/settings.json
2021-10-28 07:49:16.939 | INFO     |  5403 | mycroft.skills.skill_loader:_communicate_load_status:344 | Skill mycroft-pairing.mycroftai loaded successfully
2021-10-28 07:49:16.940 | INFO     |  5403 | msm.skill_entry | Downloading skill: https://github.com/mycroftai/skill-volume
2021-10-28 07:49:17.568 | INFO     |  5403 | msm.skill_entry | Installing system requirements...
2021-10-28 07:49:17.576 | INFO     |  5403 | msm.skill_entry | Installing requirements.txt for mycroft-volume
2021-10-28 07:49:18.382 | INFO     |  5403 | msm.skill_entry | Successfully installed mycroft-volume
2021-10-28 07:49:18.382 | INFO     |  5403 | msm.mycroft_skills_manager | invalidating skills cache
2021-10-28 07:49:18.384 | INFO     |  5403 | mycroft.skills.skill_loader:load:185 | ATTEMPTING TO LOAD SKILL: mycroft-volume.mycroftai
2021-10-28 07:49:18.392 | INFO     |  5403 | mycroft.skills.settings:get_local_settings:83 | /opt/mycroft/skills/mycroft-volume.mycroftai/settings.json
2021-10-28 07:49:18.428 | ERROR    |  5403 | VolumeSkill | Couldn't allocate mixer, ALSAAudioError('No such file or directory [default]')
2021-10-28 07:49:21.430 | INFO     |  5403 | mycroft.skills.skill_loader:_check_for_first_run:324 | First run of mycroft-volume.mycroftai
2021-10-28 07:49:21.431 | INFO     |  5403 | mycroft.skills.settings:save_settings:116 | Skill settings successfully saved to /home/runner/.config/mycroft/skills/mycroft-volume.mycroftai/settings.json
2021-10-28 07:49:21.431 | INFO     |  5403 | mycroft.skills.skill_loader:_communicate_load_status:344 | Skill mycroft-volume.mycroftai loaded successfully
2021-10-28 07:49:21.432 | INFO     |  5403 | __main__:on_started:177 | Skills service is starting up.
2021-10-28 07:49:21.510 | INFO     |  5403 | __main__:_update_system:154 | Attempting system update...
2021-10-28 07:49:24.513 | INFO     |  5403 | mycroft.enclosure.display_manager:_write_data:70 | Display Manager is creating /tmp/mycroft/ipc/managers/disp_info
2021-10-28 07:49:24.514 | INFO     |  5403 | __main__:_ensure_device_is_paired:133 | Device not paired, invoking the pairing skill
2021-10-28 07:49:24.523 | INFO     |  5403 | msm.mycroft_skills_manager | building SkillEntry objects for all skills
2021-10-28 07:49:24.532 | INFO     |  5403 | __main__:on_alive:181 | Skills service is alive.
2021-10-28 07:49:24.890 | INFO     |  5403 | PairingSkill | Communicating account URL to user
2021-10-28 07:49:24.955 | WARNING  |  5403 | msm.mycroft_skills_manager | No such default skill: mycroft-pandora
2021-10-28 07:49:24.956 | INFO     |  5403 | mycroft.skills.skill_manager:run:234 | Not all default skills are installed, performing skill update...
2021-10-28 07:49:24.956 | INFO     |  5403 | mycroft.skills.skill_updater:update_skills:149 | Beginning skill update...
2021-10-28 07:49:25.045 | INFO     |  5403 | msm.mycroft_skills_manager | building SkillEntry objects for all skills
2021-10-28 07:49:25.467 | INFO     |  5403 | msm.mycroft_skills_manager | invalidating skills cache
2021-10-28 07:49:25.491 | INFO     |  5403 | msm.skill_entry | Downloading skill: https://github.com/mycroftai/fallback-unknown
2021-10-28 07:49:25.495 | INFO     |  5403 | msm.skill_entry | Downloading skill: https://github.com/mycroftai/fallback-wolfram-alpha
2021-10-28 07:49:25.497 | INFO     |  5403 | msm.skill_entry | Downloading skill: https://github.com/mycroftai/skill-alarm
2021-10-28 07:49:25.501 | INFO     |  5403 | msm.skill_entry | Downloading skill: https://github.com/mycroftai/skill-audio-record
2021-10-28 07:49:25.506 | INFO     |  5403 | msm.skill_entry | Downloading skill: https://github.com/mycroftai/skill-configuration
2021-10-28 07:49:25.508 | INFO     |  5403 | msm.skill_entry | Downloading skill: https://github.com/mycroftai/skill-date-time
2021-10-28 07:49:25.508 | INFO     |  5403 | msm.skill_entry | Downloading skill: https://github.com/mycroftai/fallback-duckduckgo
2021-10-28 07:49:25.509 | INFO     |  5403 | msm.skill_entry | Downloading skill: https://github.com/mycroftai/skill-hello-world
2021-10-28 07:49:25.509 | INFO     |  5403 | msm.skill_entry | Downloading skill: https://github.com/mycroftai/skill-installer
2021-10-28 07:49:25.510 | INFO     |  5403 | msm.skill_entry | Downloading skill: https://github.com/mycroftai/skill-ip
2021-10-28 07:49:25.510 | INFO     |  5403 | msm.skill_entry | Downloading skill: https://github.com/mycroftai/skill-joke
2021-10-28 07:49:25.512 | INFO     |  5403 | msm.skill_entry | Downloading skill: https://github.com/mycroftai/skill-naptime
2021-10-28 07:49:25.513 | INFO     |  5403 | msm.skill_entry | Downloading skill: https://github.com/mycroftai/skill-npr-news
2021-10-28 07:49:25.539 | INFO     |  5403 | msm.skill_entry | Downloading skill: https://github.com/mycroftai/skill-personal
2021-10-28 07:49:25.572 | INFO     |  5403 | msm.skill_entry | Downloading skill: https://github.com/mycroftai/skill-reminder
2021-10-28 07:49:25.578 | INFO     |  5403 | msm.skill_entry | Downloading skill: https://github.com/mycroftai/skill-singing
2021-10-28 07:49:25.557 | INFO     |  5403 | msm.skill_entry | Downloading skill: https://github.com/mycroftai/skill-playback-control
2021-10-28 07:49:26.393 | ERROR    |  5403 | msm.mycroft_skills_manager | Error running install_or_update on homeassistant.mycroftai: MergeConflict
2021-10-28 07:49:26.394 | INFO     |  5403 | msm.skill_entry | Downloading skill: https://github.com/mycroftai/skill-speak
2021-10-28 07:49:26.960 | INFO     |  5403 | msm.skill_entry | Nothing new for mycroft-volume
2021-10-28 07:49:27.000 | INFO     |  5403 | msm.skill_entry | Nothing new for mycroft-pairing
2021-10-28 07:49:27.010 | INFO     |  5403 | msm.skill_entry | Installing system requirements...
2021-10-28 07:49:27.067 | INFO     |  5403 | msm.skill_entry | Downloading skill: https://github.com/mycroftai/skill-spelling
2021-10-28 07:49:27.089 | INFO     |  5403 | msm.skill_entry | Installing system requirements...
2021-10-28 07:49:27.101 | INFO     |  5403 | msm.skill_entry | Installing requirements.txt for mycroft-volume
2021-10-28 07:49:27.354 | INFO     |  5403 | msm.skill_entry | Installing system requirements...
2021-10-28 07:49:27.355 | INFO     |  5403 | msm.skill_entry | Installing system requirements...
2021-10-28 07:49:27.355 | INFO     |  5403 | msm.skill_entry | Installing system requirements...
2021-10-28 07:49:27.359 | INFO     |  5403 | msm.skill_entry | Installing system requirements...
2021-10-28 07:49:27.374 | INFO     |  5403 | msm.skill_entry | Installing system requirements...
2021-10-28 07:49:27.392 | INFO     |  5403 | msm.skill_entry | Installing system requirements...
2021-10-28 07:49:27.399 | INFO     |  5403 | msm.skill_entry | Installing system requirements...
2021-10-28 07:49:27.449 | INFO     |  5403 | msm.skill_entry | Installing system requirements...
2021-10-28 07:49:27.500 | INFO     |  5403 | msm.skill_entry | Installing system requirements...
2021-10-28 07:49:27.532 | INFO     |  5403 | msm.skill_entry | Successfully installed mycroft-playback-control
2021-10-28 07:49:27.533 | INFO     |  5403 | msm.mycroft_skills_manager | invalidating skills cache
2021-10-28 07:49:27.534 | INFO     |  5403 | msm.skill_entry | Downloading skill: https://github.com/mycroftai/skill-stop
2021-10-28 07:49:27.540 | INFO     |  5403 | msm.skill_entry | Successfully installed mycroft-naptime
2021-10-28 07:49:27.541 | INFO     |  5403 | msm.mycroft_skills_manager | invalidating skills cache
2021-10-28 07:49:27.542 | INFO     |  5403 | msm.skill_entry | Downloading skill: https://github.com/mycroftai/skill-support
2021-10-28 07:49:27.552 | INFO     |  5403 | msm.skill_entry | Successfully installed mycroft-speak
2021-10-28 07:49:27.553 | INFO     |  5403 | msm.mycroft_skills_manager | invalidating skills cache
2021-10-28 07:49:27.554 | INFO     |  5403 | msm.skill_entry | Downloading skill: https://github.com/mycroftai/mycroft-timer
2021-10-28 07:49:27.562 | INFO     |  5403 | msm.skill_entry | Installing requirements.txt for mycroft-joke
2021-10-28 07:49:27.570 | INFO     |  5403 | msm.skill_entry | Installing system requirements...
2021-10-28 07:49:27.574 | INFO     |  5403 | msm.skill_entry | Successfully installed mycroft-hello-world
2021-10-28 07:49:27.575 | INFO     |  5403 | msm.mycroft_skills_manager | invalidating skills cache
2021-10-28 07:49:27.576 | INFO     |  5403 | msm.skill_entry | Downloading skill: https://github.com/mycroftai/skill-weather
2021-10-28 07:49:27.579 | INFO     |  5403 | msm.skill_entry | Installing system requirements...
2021-10-28 07:49:27.598 | INFO     |  5403 | msm.skill_entry | Installing requirements.txt for mycroft-fallback-duck-duck-go
2021-10-28 07:49:27.629 | INFO     |  5403 | msm.skill_entry | Installing requirements.txt for mycroft-audio-record
2021-10-28 07:49:27.653 | INFO     |  5403 | msm.skill_entry | Installing system requirements...
2021-10-28 07:49:27.665 | INFO     |  5403 | msm.skill_entry | Successfully installed mycroft-personal
2021-10-28 07:49:27.665 | INFO     |  5403 | msm.mycroft_skills_manager | invalidating skills cache
2021-10-28 07:49:27.667 | INFO     |  5403 | msm.skill_entry | Downloading skill: https://github.com/mycroftai/skill-version-checker
2021-10-28 07:49:27.688 | INFO     |  5403 | msm.skill_entry | Installing system requirements...
2021-10-28 07:49:27.709 | INFO     |  5403 | msm.skill_entry | Installing requirements.txt for mycroft-ip
2021-10-28 07:49:27.710 | INFO     |  5403 | msm.skill_entry | Installing system requirements...
2021-10-28 07:49:27.741 | INFO     |  5403 | msm.skill_entry | Installing requirements.txt for fallback-wolfram-alpha
2021-10-28 07:49:27.754 | INFO     |  5403 | msm.skill_entry | Successfully installed fallback-unknown
2021-10-28 07:49:27.755 | INFO     |  5403 | msm.mycroft_skills_manager | invalidating skills cache
2021-10-28 07:49:27.756 | INFO     |  5403 | msm.skill_entry | Downloading skill: https://github.com/mycroftai/skill-wiki
2021-10-28 07:49:27.775 | INFO     |  5403 | msm.skill_entry | Installing system requirements...
2021-10-28 07:49:27.793 | INFO     |  5403 | msm.skill_entry | Installing requirements.txt for mycroft-npr-news
2021-10-28 07:49:27.801 | INFO     |  5403 | msm.skill_entry | Installing system requirements...
2021-10-28 07:49:27.814 | INFO     |  5403 | msm.skill_entry | Installing requirements.txt for mycroft-alarm
2021-10-28 07:49:27.829 | INFO     |  5403 | msm.skill_entry | Installing requirements.txt for mycroft-installer
2021-10-28 07:49:27.875 | INFO     |  5403 | msm.skill_entry | Successfully installed mycroft-reminder
2021-10-28 07:49:27.875 | INFO     |  5403 | msm.mycroft_skills_manager | invalidating skills cache
2021-10-28 07:49:27.876 | INFO     |  5403 | msm.skill_entry | Downloading skill: https://github.com/MycroftAI/skill-query
2021-10-28 07:49:27.922 | INFO     |  5403 | msm.skill_entry | Installing requirements.txt for mycroft-configuration
2021-10-28 07:49:27.987 | INFO     |  5403 | msm.skill_entry | Installing system requirements...
2021-10-28 07:49:28.046 | INFO     |  5403 | msm.skill_entry | Installing requirements.txt for mycroft-date-time
2021-10-28 07:49:28.402 | INFO     |  5403 | msm.skill_entry | Installing system requirements...
2021-10-28 07:49:28.459 | INFO     |  5403 | msm.skill_entry | Successfully installed mycroft-spelling
2021-10-28 07:49:28.460 | INFO     |  5403 | msm.mycroft_skills_manager | invalidating skills cache
2021-10-28 07:49:28.651 | INFO     |  5403 | msm.skill_entry | Installing system requirements...
2021-10-28 07:49:28.706 | INFO     |  5403 | msm.skill_entry | Successfully installed mycroft-stop
2021-10-28 07:49:28.706 | INFO     |  5403 | msm.mycroft_skills_manager | invalidating skills cache
2021-10-28 07:49:28.911 | INFO     |  5403 | msm.skill_entry | Installing system requirements...
2021-10-28 07:49:28.925 | INFO     |  5403 | msm.skill_entry | Installing system requirements...
2021-10-28 07:49:28.930 | INFO     |  5403 | msm.skill_entry | Installing system requirements...
2021-10-28 07:49:28.954 | INFO     |  5403 | msm.skill_entry | Successfully installed fallback-query
2021-10-28 07:49:28.954 | INFO     |  5403 | msm.mycroft_skills_manager | invalidating skills cache
2021-10-28 07:49:28.959 | INFO     |  5403 | msm.skill_entry | Installing requirements.txt for mycroft-wiki
2021-10-28 07:49:28.960 | INFO     |  5403 | msm.skill_entry | Installing requirements.txt for mycroft-support-helper
2021-10-28 07:49:28.967 | INFO     |  5403 | msm.skill_entry | Installing system requirements...
2021-10-28 07:49:29.001 | INFO     |  5403 | msm.skill_entry | Successfully installed mycroft-version-checker
2021-10-28 07:49:29.001 | INFO     |  5403 | msm.mycroft_skills_manager | invalidating skills cache
2021-10-28 07:49:29.106 | ERROR    |  5403 | msm.mycroft_skills_manager | Error running install_or_update on homeassistant: MergeConflict
2021-10-28 07:49:29.107 | INFO     |  5403 | msm.skill_entry | Installing system requirements...
2021-10-28 07:49:29.138 | INFO     |  5403 | msm.skill_entry | Successfully installed mycroft-timer
2021-10-28 07:49:29.139 | INFO     |  5403 | msm.mycroft_skills_manager | invalidating skills cache
2021-10-28 07:49:29.205 | INFO     |  5403 | msm.skill_entry | Installing system requirements...
2021-10-28 07:49:29.238 | INFO     |  5403 | msm.skill_entry | Installing requirements.txt for mycroft-weather
2021-10-28 07:49:29.398 | INFO     |  5403 | msm.skill_entry | Installing system requirements...
2021-10-28 07:49:29.407 | INFO     |  5403 | msm.skill_entry | Successfully installed mycroft-singing
2021-10-28 07:49:29.407 | INFO     |  5403 | msm.mycroft_skills_manager | invalidating skills cache
2021-10-28 07:49:30.671 | INFO     |  5403 | msm.skill_entry | Successfully installed mycroft-joke
2021-10-28 07:49:30.671 | INFO     |  5403 | msm.mycroft_skills_manager | invalidating skills cache
2021-10-28 07:49:31.818 | INFO     |  5403 | msm.skill_entry | Successfully installed mycroft-fallback-duck-duck-go
2021-10-28 07:49:31.818 | INFO     |  5403 | msm.mycroft_skills_manager | invalidating skills cache
2021-10-28 07:49:32.657 | INFO     |  5403 | msm.skill_entry | Successfully installed mycroft-audio-record
2021-10-28 07:49:32.657 | INFO     |  5403 | msm.mycroft_skills_manager | invalidating skills cache
2021-10-28 07:49:33.455 | INFO     |  5403 | msm.skill_entry | Successfully installed mycroft-ip
2021-10-28 07:49:33.455 | INFO     |  5403 | msm.mycroft_skills_manager | invalidating skills cache
2021-10-28 07:49:36.864 | INFO     |  5403 | msm.skill_entry | Successfully installed fallback-wolfram-alpha
2021-10-28 07:49:36.865 | INFO     |  5403 | msm.mycroft_skills_manager | invalidating skills cache
2021-10-28 07:49:39.633 | INFO     |  5403 | msm.skill_entry | Successfully installed mycroft-npr-news
2021-10-28 07:49:39.633 | INFO     |  5403 | msm.mycroft_skills_manager | invalidating skills cache
2021-10-28 07:49:40.489 | INFO     |  5403 | msm.skill_entry | Successfully installed mycroft-alarm
2021-10-28 07:49:40.489 | INFO     |  5403 | msm.mycroft_skills_manager | invalidating skills cache
2021-10-28 07:49:41.326 | INFO     |  5403 | msm.skill_entry | Successfully installed mycroft-installer
2021-10-28 07:49:41.327 | INFO     |  5403 | msm.mycroft_skills_manager | invalidating skills cache
2021-10-28 07:49:43.634 | INFO     |  5403 | msm.skill_entry | Successfully installed mycroft-configuration
2021-10-28 07:49:43.635 | INFO     |  5403 | msm.mycroft_skills_manager | invalidating skills cache
2021-10-28 07:49:55.225 | INFO     |  5403 | PairingSkill | Initiating device pairing sequence...
2021-10-28 07:49:55.225 | INFO     |  5403 | PairingSkill | Retrieving pairing code from device API...
2021-10-28 07:49:55.569 | INFO     |  5403 | PairingSkill | Pairing code obtained: XW9TWT
2021-10-28 07:49:55.569 | INFO     |  5403 | PairingSkill | Communicating pairing URL to user
2021-10-28 07:49:58.755 | INFO     |  5403 | msm.skill_entry | Successfully installed mycroft-date-time
2021-10-28 07:49:58.755 | INFO     |  5403 | msm.mycroft_skills_manager | invalidating skills cache
2021-10-28 07:50:00.568 | INFO     |  5403 | msm.skill_entry | Successfully installed mycroft-wiki
2021-10-28 07:50:00.568 | INFO     |  5403 | msm.mycroft_skills_manager | invalidating skills cache
2021-10-28 07:50:02.771 | INFO     |  5403 | msm.skill_entry | Successfully installed mycroft-support-helper
2021-10-28 07:50:02.772 | INFO     |  5403 | msm.mycroft_skills_manager | invalidating skills cache
2021-10-28 07:50:03.710 | INFO     |  5403 | msm.skill_entry | Successfully installed mycroft-weather
2021-10-28 07:50:03.710 | INFO     |  5403 | msm.mycroft_skills_manager | invalidating skills cache
2021-10-28 07:50:03.770 | INFO     |  5403 | mycroft.skills.skill_updater:_log_next_download_time:267 | Next scheduled skill update: 2021-10-28 08:50:03.769623
2021-10-28 07:50:03.770 | INFO     |  5403 | mycroft.skills.skill_updater:update_skills:170 | Skill update complete
2021-10-28 07:50:03.770 | INFO     |  5403 | mycroft.skills.skill_manager:_load_on_startup:273 | Loading installed skills...
2021-10-28 07:50:03.772 | INFO     |  5403 | mycroft.skills.skill_loader:load:185 | ATTEMPTING TO LOAD SKILL: mycroft-ip.mycroftai
2021-10-28 07:50:04.143 | INFO     |  5403 | mycroft.skills.settings:get_local_settings:83 | /opt/mycroft/skills/mycroft-ip.mycroftai/settings.json
2021-10-28 07:50:04.152 | INFO     |  5403 | mycroft.skills.skill_loader:_check_for_first_run:324 | First run of mycroft-ip.mycroftai
2021-10-28 07:50:04.153 | INFO     |  5403 | mycroft.skills.settings:save_settings:116 | Skill settings successfully saved to /home/runner/.config/mycroft/skills/mycroft-ip.mycroftai/settings.json
2021-10-28 07:50:04.155 | INFO     |  5403 | mycroft.skills.skill_loader:_communicate_load_status:344 | Skill mycroft-ip.mycroftai loaded successfully
2021-10-28 07:50:04.155 | INFO     |  5403 | mycroft.skills.skill_loader:load:185 | ATTEMPTING TO LOAD SKILL: mycroft-reminder.mycroftai
2021-10-28 07:50:04.165 | INFO     |  5403 | mycroft.skills.settings:get_local_settings:83 | /opt/mycroft/skills/mycroft-reminder.mycroftai/settings.json
2021-10-28 07:50:04.189 | INFO     |  5403 | mycroft.skills.skill_loader:_check_for_first_run:324 | First run of mycroft-reminder.mycroftai
2021-10-28 07:50:04.190 | INFO     |  5403 | mycroft.skills.settings:save_settings:116 | Skill settings successfully saved to /home/runner/.config/mycroft/skills/mycroft-reminder.mycroftai/settings.json
2021-10-28 07:50:04.194 | INFO     |  5403 | mycroft.skills.skill_loader:_communicate_load_status:344 | Skill mycroft-reminder.mycroftai loaded successfully
2021-10-28 07:50:04.194 | INFO     |  5403 | mycroft.skills.skill_loader:load:185 | ATTEMPTING TO LOAD SKILL: mycroft-installer.mycroftai
2021-10-28 07:50:04.202 | INFO     |  5403 | mycroft.skills.settings:get_local_settings:83 | /opt/mycroft/skills/mycroft-installer.mycroftai/settings.json
2021-10-28 07:50:04.227 | INFO     |  5403 | mycroft.skills.skill_loader:_check_for_first_run:324 | First run of mycroft-installer.mycroftai
2021-10-28 07:50:04.228 | INFO     |  5403 | mycroft.skills.settings:save_settings:116 | Skill settings successfully saved to /home/runner/.config/mycroft/skills/mycroft-installer.mycroftai/settings.json
2021-10-28 07:50:04.230 | INFO     |  5403 | mycroft.skills.skill_loader:_communicate_load_status:344 | Skill mycroft-installer.mycroftai loaded successfully
2021-10-28 07:50:04.231 | INFO     |  5403 | mycroft.skills.skill_loader:load:185 | ATTEMPTING TO LOAD SKILL: mycroft-version-checker.mycroftai
2021-10-28 07:50:04.234 | INFO     |  5403 | mycroft.skills.settings:get_local_settings:83 | /opt/mycroft/skills/mycroft-version-checker.mycroftai/settings.json
2021-10-28 07:50:04.244 | INFO     |  5403 | mycroft.skills.skill_loader:_check_for_first_run:324 | First run of mycroft-version-checker.mycroftai
2021-10-28 07:50:04.246 | INFO     |  5403 | mycroft.skills.settings:save_settings:116 | Skill settings successfully saved to /home/runner/.config/mycroft/skills/mycroft-version-checker.mycroftai/settings.json
2021-10-28 07:50:04.248 | INFO     |  5403 | mycroft.skills.skill_loader:_communicate_load_status:344 | Skill mycroft-version-checker.mycroftai loaded successfully
2021-10-28 07:50:04.249 | INFO     |  5403 | mycroft.skills.skill_loader:load:185 | ATTEMPTING TO LOAD SKILL: mycroft-singing.mycroftai
2021-10-28 07:50:04.252 | INFO     |  5403 | mycroft.skills.settings:get_local_settings:83 | /opt/mycroft/skills/mycroft-singing.mycroftai/settings.json
2021-10-28 07:50:04.258 | INFO     |  5403 | mycroft.skills.skill_loader:_check_for_first_run:324 | First run of mycroft-singing.mycroftai
2021-10-28 07:50:04.259 | INFO     |  5403 | mycroft.skills.settings:save_settings:116 | Skill settings successfully saved to /home/runner/.config/mycroft/skills/mycroft-singing.mycroftai/settings.json
2021-10-28 07:50:04.261 | INFO     |  5403 | mycroft.skills.skill_loader:_communicate_load_status:344 | Skill mycroft-singing.mycroftai loaded successfully
2021-10-28 07:50:04.261 | INFO     |  5403 | mycroft.skills.skill_loader:load:185 | ATTEMPTING TO LOAD SKILL: mycroft-joke.mycroftai
2021-10-28 07:50:04.266 | INFO     |  5403 | mycroft.skills.settings:get_local_settings:83 | /opt/mycroft/skills/mycroft-joke.mycroftai/settings.json
2021-10-28 07:50:04.278 | INFO     |  5403 | mycroft.skills.skill_loader:_check_for_first_run:324 | First run of mycroft-joke.mycroftai
2021-10-28 07:50:04.278 | INFO     |  5403 | mycroft.skills.settings:save_settings:116 | Skill settings successfully saved to /home/runner/.config/mycroft/skills/mycroft-joke.mycroftai/settings.json
2021-10-28 07:50:04.279 | INFO     |  5403 | mycroft.skills.skill_loader:_communicate_load_status:344 | Skill mycroft-joke.mycroftai loaded successfully
2021-10-28 07:50:04.279 | INFO     |  5403 | mycroft.skills.skill_loader:load:185 | ATTEMPTING TO LOAD SKILL: mycroft-timer.mycroftai
2021-10-28 07:50:04.311 | INFO     |  5403 | mycroft.skills.settings:get_local_settings:83 | /opt/mycroft/skills/mycroft-timer.mycroftai/settings.json
2021-10-28 07:50:04.360 | INFO     |  5403 | mycroft.skills.skill_loader:_check_for_first_run:324 | First run of mycroft-timer.mycroftai
2021-10-28 07:50:04.361 | INFO     |  5403 | mycroft.skills.settings:save_settings:116 | Skill settings successfully saved to /home/runner/.config/mycroft/skills/mycroft-timer.mycroftai/settings.json
2021-10-28 07:50:04.379 | INFO     |  5403 | mycroft.skills.skill_loader:_communicate_load_status:344 | Skill mycroft-timer.mycroftai loaded successfully
2021-10-28 07:50:04.379 | INFO     |  5403 | mycroft.skills.skill_loader:load:185 | ATTEMPTING TO LOAD SKILL: homeassistant.mycroftai
2021-10-28 07:50:04.659 | INFO     |  5403 | mycroft.skills.settings:get_local_settings:83 | /opt/mycroft/skills/homeassistant.mycroftai/settings.json
2021-10-28 07:50:04.660 | INFO     |  5403 | mycroft.skills.settings:get_local_settings:83 | /opt/mycroft/skills/homeassistant.mycroftai/settings.json
2021-10-28 07:50:04.688 | INFO     |  5403 | mycroft.skills.skill_loader:_communicate_load_status:344 | Skill homeassistant.mycroftai loaded successfully
2021-10-28 07:50:04.688 | INFO     |  5403 | mycroft.skills.skill_loader:load:185 | ATTEMPTING TO LOAD SKILL: mycroft-alarm.mycroftai
2021-10-28 07:50:04.718 | INFO     |  5403 | mycroft.skills.settings:get_local_settings:83 | /opt/mycroft/skills/mycroft-alarm.mycroftai/settings.json
2021-10-28 07:50:04.719 | ERROR    |  5403 | AlarmSkill | Couldn't allocate mixer, ALSAAudioError('No such file or directory [default]')
2021-10-28 07:50:04.791 | INFO     |  5403 | mycroft.skills.skill_loader:_check_for_first_run:324 | First run of mycroft-alarm.mycroftai
2021-10-28 07:50:04.792 | INFO     |  5403 | mycroft.skills.settings:save_settings:116 | Skill settings successfully saved to /home/runner/.config/mycroft/skills/mycroft-alarm.mycroftai/settings.json
2021-10-28 07:50:04.796 | INFO     |  5403 | mycroft.skills.skill_loader:_communicate_load_status:344 | Skill mycroft-alarm.mycroftai loaded successfully
2021-10-28 07:50:04.796 | INFO     |  5403 | mycroft.skills.skill_loader:load:185 | ATTEMPTING TO LOAD SKILL: mycroft-naptime.mycroftai
2021-10-28 07:50:04.800 | INFO     |  5403 | mycroft.skills.settings:get_local_settings:83 | /opt/mycroft/skills/mycroft-naptime.mycroftai/settings.json
2021-10-28 07:50:04.819 | INFO     |  5403 | mycroft.skills.skill_loader:_check_for_first_run:324 | First run of mycroft-naptime.mycroftai
2021-10-28 07:50:04.821 | INFO     |  5403 | mycroft.skills.settings:save_settings:116 | Skill settings successfully saved to /home/runner/.config/mycroft/skills/mycroft-naptime.mycroftai/settings.json
2021-10-28 07:50:04.824 | INFO     |  5403 | mycroft.skills.skill_loader:_communicate_load_status:344 | Skill mycroft-naptime.mycroftai loaded successfully
2021-10-28 07:50:04.825 | INFO     |  5403 | mycroft.skills.skill_loader:load:185 | ATTEMPTING TO LOAD SKILL: mycroft-spelling.mycroftai
2021-10-28 07:50:04.829 | INFO     |  5403 | mycroft.skills.settings:get_local_settings:83 | /opt/mycroft/skills/mycroft-spelling.mycroftai/settings.json
2021-10-28 07:50:04.840 | INFO     |  5403 | mycroft.skills.skill_loader:_check_for_first_run:324 | First run of mycroft-spelling.mycroftai
2021-10-28 07:50:04.840 | INFO     |  5403 | mycroft.skills.settings:save_settings:116 | Skill settings successfully saved to /home/runner/.config/mycroft/skills/mycroft-spelling.mycroftai/settings.json
2021-10-28 07:50:04.841 | INFO     |  5403 | mycroft.skills.skill_loader:_communicate_load_status:344 | Skill mycroft-spelling.mycroftai loaded successfully
2021-10-28 07:50:04.843 | INFO     |  5403 | mycroft.skills.skill_loader:load:185 | ATTEMPTING TO LOAD SKILL: mycroft-fallback-duck-duck-go.mycroftai
2021-10-28 07:50:04.861 | INFO     |  5403 | mycroft.skills.settings:get_local_settings:83 | /opt/mycroft/skills/mycroft-fallback-duck-duck-go.mycroftai/settings.json
2021-10-28 07:50:04.889 | INFO     |  5403 | mycroft.skills.skill_loader:_check_for_first_run:324 | First run of mycroft-fallback-duck-duck-go.mycroftai
2021-10-28 07:50:04.890 | INFO     |  5403 | mycroft.skills.settings:save_settings:116 | Skill settings successfully saved to /home/runner/.config/mycroft/skills/mycroft-fallback-duck-duck-go.mycroftai/settings.json
2021-10-28 07:50:04.925 | INFO     |  5403 | mycroft.skills.skill_loader:_communicate_load_status:344 | Skill mycroft-fallback-duck-duck-go.mycroftai loaded successfully
2021-10-28 07:50:04.925 | INFO     |  5403 | mycroft.skills.skill_loader:load:185 | ATTEMPTING TO LOAD SKILL: mycroft-npr-news.mycroftai
2021-10-28 07:50:05.016 | INFO     |  5403 | mycroft.skills.settings:get_local_settings:83 | /opt/mycroft/skills/mycroft-npr-news.mycroftai/settings.json
2021-10-28 07:50:06.033 | INFO     |  5403 | mycroft.skills.skill_loader:_check_for_first_run:324 | First run of mycroft-npr-news.mycroftai
2021-10-28 07:50:06.079 | INFO     |  5403 | mycroft.skills.settings:save_settings:116 | Skill settings successfully saved to /home/runner/.config/mycroft/skills/mycroft-npr-news.mycroftai/settings.json
2021-10-28 07:50:06.080 | INFO     |  5403 | mycroft.skills.skill_loader:_communicate_load_status:344 | Skill mycroft-npr-news.mycroftai loaded successfully
2021-10-28 07:50:06.081 | INFO     |  5403 | mycroft.skills.skill_loader:load:185 | ATTEMPTING TO LOAD SKILL: mycroft-support-helper.mycroftai
2021-10-28 07:50:06.091 | INFO     |  5403 | mycroft.skills.settings:get_local_settings:83 | /opt/mycroft/skills/mycroft-support-helper.mycroftai/settings.json
2021-10-28 07:50:06.109 | INFO     |  5403 | mycroft.skills.skill_loader:_check_for_first_run:324 | First run of mycroft-support-helper.mycroftai
2021-10-28 07:50:06.110 | INFO     |  5403 | mycroft.skills.settings:save_settings:116 | Skill settings successfully saved to /home/runner/.config/mycroft/skills/mycroft-support-helper.mycroftai/settings.json
2021-10-28 07:50:06.111 | INFO     |  5403 | mycroft.skills.skill_loader:_communicate_load_status:344 | Skill mycroft-support-helper.mycroftai loaded successfully
2021-10-28 07:50:06.111 | INFO     |  5403 | mycroft.skills.skill_loader:load:185 | ATTEMPTING TO LOAD SKILL: mycroft-weather.mycroftai
2021-10-28 07:50:06.132 | INFO     |  5403 | mycroft.skills.settings:get_local_settings:83 | /opt/mycroft/skills/mycroft-weather.mycroftai/settings.json
2021-10-28 07:50:06.375 | INFO     |  5403 | mycroft.skills.skill_loader:_check_for_first_run:324 | First run of mycroft-weather.mycroftai
2021-10-28 07:50:06.376 | INFO     |  5403 | mycroft.skills.settings:save_settings:116 | Skill settings successfully saved to /home/runner/.config/mycroft/skills/mycroft-weather.mycroftai/settings.json
2021-10-28 07:50:06.387 | INFO     |  5403 | mycroft.skills.skill_loader:_communicate_load_status:344 | Skill mycroft-weather.mycroftai loaded successfully
2021-10-28 07:50:06.387 | INFO     |  5403 | mycroft.skills.skill_loader:load:185 | ATTEMPTING TO LOAD SKILL: mycroft-speak.mycroftai
2021-10-28 07:50:06.417 | INFO     |  5403 | mycroft.skills.settings:get_local_settings:83 | /opt/mycroft/skills/mycroft-speak.mycroftai/settings.json
2021-10-28 07:50:06.463 | INFO     |  5403 | mycroft.skills.skill_loader:_check_for_first_run:324 | First run of mycroft-speak.mycroftai
2021-10-28 07:50:06.464 | INFO     |  5403 | mycroft.skills.settings:save_settings:116 | Skill settings successfully saved to /home/runner/.config/mycroft/skills/mycroft-speak.mycroftai/settings.json
2021-10-28 07:50:06.478 | INFO     |  5403 | mycroft.skills.skill_loader:_communicate_load_status:344 | Skill mycroft-speak.mycroftai loaded successfully
2021-10-28 07:50:06.478 | INFO     |  5403 | mycroft.skills.skill_loader:load:185 | ATTEMPTING TO LOAD SKILL: mycroft-audio-record.mycroftai
2021-10-28 07:50:06.498 | INFO     |  5403 | mycroft.skills.settings:get_local_settings:83 | /opt/mycroft/skills/mycroft-audio-record.mycroftai/settings.json
2021-10-28 07:50:06.515 | INFO     |  5403 | mycroft.skills.skill_loader:_check_for_first_run:324 | First run of mycroft-audio-record.mycroftai
2021-10-28 07:50:06.516 | INFO     |  5403 | mycroft.skills.settings:save_settings:116 | Skill settings successfully saved to /home/runner/.config/mycroft/skills/mycroft-audio-record.mycroftai/settings.json
2021-10-28 07:50:06.519 | INFO     |  5403 | mycroft.skills.skill_loader:_communicate_load_status:344 | Skill mycroft-audio-record.mycroftai loaded successfully
2021-10-28 07:50:06.520 | INFO     |  5403 | mycroft.skills.skill_loader:load:185 | ATTEMPTING TO LOAD SKILL: mycroft-stop.mycroftai
2021-10-28 07:50:06.523 | INFO     |  5403 | mycroft.skills.settings:get_local_settings:83 | /opt/mycroft/skills/mycroft-stop.mycroftai/settings.json
2021-10-28 07:50:06.578 | INFO     |  5403 | mycroft.skills.skill_loader:_check_for_first_run:324 | First run of mycroft-stop.mycroftai
2021-10-28 07:50:06.581 | INFO     |  5403 | mycroft.skills.settings:save_settings:116 | Skill settings successfully saved to /home/runner/.config/mycroft/skills/mycroft-stop.mycroftai/settings.json
2021-10-28 07:50:06.586 | INFO     |  5403 | mycroft.skills.skill_loader:_communicate_load_status:344 | Skill mycroft-stop.mycroftai loaded successfully
2021-10-28 07:50:06.587 | INFO     |  5403 | mycroft.skills.skill_loader:load:185 | ATTEMPTING TO LOAD SKILL: mycroft-hello-world.mycroftai
2021-10-28 07:50:06.600 | INFO     |  5403 | mycroft.skills.settings:get_local_settings:83 | /opt/mycroft/skills/mycroft-hello-world.mycroftai/settings.json
2021-10-28 07:50:06.658 | INFO     |  5403 | mycroft.skills.skill_loader:_check_for_first_run:324 | First run of mycroft-hello-world.mycroftai
2021-10-28 07:50:06.659 | INFO     |  5403 | mycroft.skills.settings:save_settings:116 | Skill settings successfully saved to /home/runner/.config/mycroft/skills/mycroft-hello-world.mycroftai/settings.json
2021-10-28 07:50:06.660 | INFO     |  5403 | mycroft.skills.skill_loader:_communicate_load_status:344 | Skill mycroft-hello-world.mycroftai loaded successfully
2021-10-28 07:50:06.660 | INFO     |  5403 | mycroft.skills.skill_loader:load:185 | ATTEMPTING TO LOAD SKILL: mycroft-date-time.mycroftai
2021-10-28 07:50:07.298 | INFO     |  5403 | mycroft.skills.settings:get_local_settings:83 | /opt/mycroft/skills/mycroft-date-time.mycroftai/settings.json
2021-10-28 07:50:07.448 | INFO     |  5403 | TimeSkill | Registering resting screen <bound method TimeSkill.handle_idle of <mycroft-date-time_mycroftai.TimeSkill object at 0x7f7d50891910>> for Time and Date.
2021-10-28 07:50:07.449 | INFO     |  5403 | TimeSkill | Registering resting screen
2021-10-28 07:50:07.477 | INFO     |  5403 | mycroft.skills.skill_loader:_check_for_first_run:324 | First run of mycroft-date-time.mycroftai
2021-10-28 07:50:07.478 | INFO     |  5403 | mycroft.skills.settings:save_settings:116 | Skill settings successfully saved to /home/runner/.config/mycroft/skills/mycroft-date-time.mycroftai/settings.json
2021-10-28 07:50:07.486 | INFO     |  5403 | mycroft.skills.skill_loader:_communicate_load_status:344 | Skill mycroft-date-time.mycroftai loaded successfully
2021-10-28 07:50:07.487 | INFO     |  5403 | mycroft.skills.skill_loader:load:185 | ATTEMPTING TO LOAD SKILL: mycroft-configuration.mycroftai
2021-10-28 07:50:07.541 | INFO     |  5403 | mycroft.skills.settings:get_local_settings:83 | /opt/mycroft/skills/mycroft-configuration.mycroftai/settings.json
2021-10-28 07:50:07.651 | INFO     |  5403 | mycroft.skills.skill_loader:_check_for_first_run:324 | First run of mycroft-configuration.mycroftai
2021-10-28 07:50:07.651 | INFO     |  5403 | mycroft.skills.settings:save_settings:116 | Skill settings successfully saved to /home/runner/.config/mycroft/skills/mycroft-configuration.mycroftai/settings.json
2021-10-28 07:50:07.669 | INFO     |  5403 | mycroft.skills.skill_loader:_communicate_load_status:344 | Skill mycroft-configuration.mycroftai loaded successfully
2021-10-28 07:50:07.669 | INFO     |  5403 | mycroft.skills.skill_loader:load:185 | ATTEMPTING TO LOAD SKILL: fallback-query.mycroftai
2021-10-28 07:50:07.711 | INFO     |  5403 | mycroft.skills.settings:get_local_settings:83 | /opt/mycroft/skills/fallback-query.mycroftai/settings.json
2021-10-28 07:50:07.730 | INFO     |  5403 | mycroft.skills.skill_loader:_check_for_first_run:324 | First run of fallback-query.mycroftai
2021-10-28 07:50:07.731 | INFO     |  5403 | mycroft.skills.settings:save_settings:116 | Skill settings successfully saved to /home/runner/.config/mycroft/skills/fallback-query.mycroftai/settings.json
2021-10-28 07:50:07.731 | INFO     |  5403 | mycroft.skills.skill_loader:_communicate_load_status:344 | Skill fallback-query.mycroftai loaded successfully
2021-10-28 07:50:07.777 | INFO     |  5403 | mycroft.skills.skill_loader:load:185 | ATTEMPTING TO LOAD SKILL: mycroft-personal.mycroftai
2021-10-28 07:50:07.801 | INFO     |  5403 | mycroft.skills.settings:get_local_settings:83 | /opt/mycroft/skills/mycroft-personal.mycroftai/settings.json
2021-10-28 07:50:07.883 | INFO     |  5403 | mycroft.skills.skill_loader:_check_for_first_run:324 | First run of mycroft-personal.mycroftai
2021-10-28 07:50:07.886 | INFO     |  5403 | mycroft.skills.settings:save_settings:116 | Skill settings successfully saved to /home/runner/.config/mycroft/skills/mycroft-personal.mycroftai/settings.json
2021-10-28 07:50:07.889 | INFO     |  5403 | mycroft.skills.skill_loader:_communicate_load_status:344 | Skill mycroft-personal.mycroftai loaded successfully
2021-10-28 07:50:07.890 | INFO     |  5403 | mycroft.skills.skill_loader:load:185 | ATTEMPTING TO LOAD SKILL: fallback-wolfram-alpha.mycroftai
2021-10-28 07:50:08.007 | INFO     |  5403 | mycroft.skills.settings:get_local_settings:83 | /opt/mycroft/skills/fallback-wolfram-alpha.mycroftai/settings.json
2021-10-28 07:50:08.083 | INFO     |  5403 | mycroft.skills.skill_loader:_check_for_first_run:324 | First run of fallback-wolfram-alpha.mycroftai
2021-10-28 07:50:08.083 | INFO     |  5403 | mycroft.skills.settings:save_settings:116 | Skill settings successfully saved to /home/runner/.config/mycroft/skills/fallback-wolfram-alpha.mycroftai/settings.json
2021-10-28 07:50:08.105 | INFO     |  5403 | mycroft.skills.skill_loader:_communicate_load_status:344 | Skill fallback-wolfram-alpha.mycroftai loaded successfully
2021-10-28 07:50:08.105 | INFO     |  5403 | mycroft.skills.skill_loader:load:185 | ATTEMPTING TO LOAD SKILL: mycroft-wiki.mycroftai
2021-10-28 07:50:08.146 | INFO     |  5403 | mycroft.skills.settings:get_local_settings:83 | /opt/mycroft/skills/mycroft-wiki.mycroftai/settings.json
2021-10-28 07:50:08.203 | INFO     |  5403 | mycroft.skills.skill_loader:_check_for_first_run:324 | First run of mycroft-wiki.mycroftai
2021-10-28 07:50:08.203 | INFO     |  5403 | mycroft.skills.settings:save_settings:116 | Skill settings successfully saved to /home/runner/.config/mycroft/skills/mycroft-wiki.mycroftai/settings.json
2021-10-28 07:50:08.204 | INFO     |  5403 | mycroft.skills.skill_loader:_communicate_load_status:344 | Skill mycroft-wiki.mycroftai loaded successfully
2021-10-28 07:50:08.204 | INFO     |  5403 | mycroft.skills.skill_loader:load:185 | ATTEMPTING TO LOAD SKILL: fallback-unknown.mycroftai
2021-10-28 07:50:08.279 | INFO     |  5403 | mycroft.skills.settings:get_local_settings:83 | /opt/mycroft/skills/fallback-unknown.mycroftai/settings.json
2021-10-28 07:50:08.302 | INFO     |  5403 | mycroft.skills.skill_loader:_check_for_first_run:324 | First run of fallback-unknown.mycroftai
2021-10-28 07:50:08.304 | INFO     |  5403 | mycroft.skills.settings:save_settings:116 | Skill settings successfully saved to /home/runner/.config/mycroft/skills/fallback-unknown.mycroftai/settings.json
2021-10-28 07:50:08.357 | INFO     |  5403 | mycroft.skills.skill_loader:_communicate_load_status:344 | Skill fallback-unknown.mycroftai loaded successfully
2021-10-28 07:50:08.357 | INFO     |  5403 | mycroft.skills.skill_loader:load:185 | ATTEMPTING TO LOAD SKILL: mycroft-playback-control.mycroftai
2021-10-28 07:50:08.390 | INFO     |  5403 | mycroft.skills.settings:get_local_settings:83 | /opt/mycroft/skills/mycroft-playback-control.mycroftai/settings.json
2021-10-28 07:50:08.493 | INFO     |  5403 | mycroft.skills.skill_loader:_check_for_first_run:324 | First run of mycroft-playback-control.mycroftai
2021-10-28 07:50:08.493 | INFO     |  5403 | mycroft.skills.settings:save_settings:116 | Skill settings successfully saved to /home/runner/.config/mycroft/skills/mycroft-playback-control.mycroftai/settings.json
2021-10-28 07:50:08.506 | INFO     |  5403 | mycroft.skills.skill_loader:_communicate_load_status:344 | Skill mycroft-playback-control.mycroftai loaded successfully
2021-10-28 07:50:08.506 | INFO     |  5403 | mycroft.skills.skill_manager:_load_on_startup:275 | Skills all loaded!
2021-10-28 07:50:08.621 | INFO     |  5403 | __main__:on_ready:185 | Skills service is ready.
2021-10-28 07:50:08.873 | INFO     |  5403 | mycroft.skills.intent_services.padatious_service:train:151 | Training... (single_thread=False)
Regenerated mycroft-alarm.mycroftai:{daytype}.
Regenerated mycroft-installer.mycroftai:is.installed.intent.
Regenerated mycroft-reminder.mycroftai:SnoozeReminder.intent.
Regenerated mycroft-installer.mycroftai:install.beta.intent.
Regenerated mycroft-installer.mycroftai:remove.intent.
Regenerated mycroft-installer.mycroftai:list.skills.intent.
Regenerated mycroft-installer.mycroftai:install.custom.intent.
Regenerated mycroft-installer.mycroftai:install.intent.
Regenerated mycroft-timer.mycroftai:start.timer.intent.
Regenerated mycroft-timer.mycroftai:timer.status.intent.
Regenerated homeassistant.mycroftai:turn.off.intent.
Regenerated homeassistant.mycroftai:decrease.light.brightness.intent.
Regenerated homeassistant.mycroftai:cover.close.intent.
Regenerated homeassistant.mycroftai:increase.light.brightness.intent.
Regenerated homeassistant.mycroftai:turn.on.intent.
Regenerated homeassistant.mycroftai:toggle.intent.
Regenerated homeassistant.mycroftai:add.item.shopping.list.intent.
Regenerated mycroft-alarm.mycroftai:snooze.intent.
Regenerated mycroft-npr-news.mycroftai:PlayTheNews.intent.
Regenerated mycroft-support-helper.mycroftai:contact.support.intent.
Regenerated mycroft-weather.mycroftai:do-i-need-an-umbrella.intent.
Regenerated mycroft-audio-record.mycroftai:PlayRecording.intent.
Regenerated mycroft-audio-record.mycroftai:StartRecording.intent.
Regenerated mycroft-stop.mycroftai:shutdown.intent.
Regenerated mycroft-stop.mycroftai:wifi.setup.intent.
Regenerated mycroft-stop.mycroftai:ssh.disable.intent.
Regenerated mycroft-stop.mycroftai:reboot.intent.
Regenerated mycroft-stop.mycroftai:ssh.enable.intent.
Regenerated mycroft-hello-world.mycroftai:HowAreYou.intent.
Regenerated mycroft-date-time.mycroftai:date.future.weekend.intent.
Regenerated mycroft-date-time.mycroftai:what.time.will.it.be.intent.
Regenerated mycroft-date-time.mycroftai:what.time.is.it.intent.
Regenerated mycroft-date-time.mycroftai:date.last.weekend.intent.
Regenerated mycroft-personal.mycroftai:WhenWereYouBorn.intent.
Regenerated mycroft-personal.mycroftai:WhatAreYou.intent.
Regenerated mycroft-wiki.mycroftai:Random.intent.
Regenerated mycroft-reminder.mycroftai:ClearReminders.intent.
Regenerated mycroft-reminder.mycroftai:GetNextReminders.intent.
Regenerated mycroft-reminder.mycroftai:ReminderAt.intent.
Regenerated mycroft-reminder.mycroftai:CancelActiveReminder.intent.
Regenerated mycroft-reminder.mycroftai:Reminder.intent.
Regenerated mycroft-reminder.mycroftai:DeleteReminderForDay.intent.
Regenerated mycroft-reminder.mycroftai:UnspecifiedReminderAt.intent.
Regenerated mycroft-reminder.mycroftai:GetRemindersForDay.intent.
Regenerated homeassistant.mycroftai:set.climate.intent.
Regenerated homeassistant.mycroftai:sensor.intent.
Regenerated homeassistant.mycroftai:tracker.intent.
Regenerated homeassistant.mycroftai:cover.stop.intent.
Regenerated homeassistant.mycroftai:automation.intent.
Regenerated homeassistant.mycroftai:set.light.brightness.intent.
Regenerated homeassistant.mycroftai:cover.open.intent.
Regenerated mycroft-alarm.mycroftai:change.alarm.sound.intent.
Regenerated mycroft-configuration.mycroftai:EnablePreciseDev.intent.
Regenerated mycroft-configuration.mycroftai:WhereAreYou.intent.
Regenerated mycroft-configuration.mycroftai:DisablePreciseDev.intent.
Regenerated mycroft-personal.mycroftai:WhereWereYouBorn.intent.
Regenerated mycroft-personal.mycroftai:DoYouRhyme.intent.
Regenerated mycroft-personal.mycroftai:WhoAreYou.intent.
Regenerated mycroft-personal.mycroftai:DoYouDream.intent.
Regenerated mycroft-personal.mycroftai:WhoMadeYou.intent.
2021-10-28 07:50:12.252 | INFO     |  5403 | mycroft.skills.intent_services.padatious_service:train:153 | Training complete.
2021-10-28 07:50:23.289 | INFO     |  5403 | mycroft.skills.settings:save_settings:116 | Skill settings successfully saved to /home/runner/.config/mycroft/skills/mycroft-timer.mycroftai/settings.json
2021-10-28 07:50:28.914 | INFO     |  5403 | mycroft.skills.settings:save_settings:116 | Skill settings successfully saved to /home/runner/.config/mycroft/skills/mycroft-pairing.mycroftai/settings.json
2021-10-28 07:50:51.577 | INFO     |  5403 | __main__:on_stopping:193 | Skills service is shutting down...
2021-10-28 07:50:51.577 | INFO     |  5403 | __main__:shutdown:284 | Shutting down Skills service
2021-10-28 07:50:52.077 | ERROR    |  5403 | VolumeSkill | Couldn't allocate mixer, ALSAAudioError('No such file or directory [default]')
2021-10-28 07:50:52.078 | INFO     |  5403 | mycroft.skills.settings:save_settings:116 | Skill settings successfully saved to /home/runner/.config/mycroft/skills/mycroft-volume.mycroftai/settings.json
2021-10-28 07:50:52.079 | INFO     |  5403 | mycroft.skills.settings:save_settings:116 | Skill settings successfully saved to /home/runner/.config/mycroft/skills/mycroft-ip.mycroftai/settings.json
2021-10-28 07:50:52.098 | INFO     |  5403 | mycroft.skills.settings:save_settings:116 | Skill settings successfully saved to /home/runner/.config/mycroft/skills/mycroft-reminder.mycroftai/settings.json
2021-10-28 07:50:52.099 | INFO     |  5403 | mycroft.skills.settings:save_settings:116 | Skill settings successfully saved to /home/runner/.config/mycroft/skills/mycroft-installer.mycroftai/settings.json
2021-10-28 07:50:52.100 | INFO     |  5403 | mycroft.skills.settings:save_settings:116 | Skill settings successfully saved to /home/runner/.config/mycroft/skills/mycroft-version-checker.mycroftai/settings.json
2021-10-28 07:50:52.102 | INFO     |  5403 | mycroft.skills.settings:save_settings:116 | Skill settings successfully saved to /home/runner/.config/mycroft/skills/mycroft-singing.mycroftai/settings.json
2021-10-28 07:50:52.103 | INFO     |  5403 | mycroft.skills.settings:save_settings:116 | Skill settings successfully saved to /home/runner/.config/mycroft/skills/mycroft-joke.mycroftai/settings.json
2021-10-28 07:50:52.114 | INFO     |  5403 | HomeAssistantSkill | Removing all handlers...
2021-10-28 07:50:52.114 | WARNING  |  5403 | mycroft.skills.fallback_skill:remove_fallback:185 | Could not find matching fallback handler
2021-10-28 07:50:52.119 | INFO     |  5403 | mycroft.skills.settings:save_settings:116 | Skill settings successfully saved to /home/runner/.config/mycroft/skills/mycroft-alarm.mycroftai/settings.json
2021-10-28 07:50:52.120 | INFO     |  5403 | mycroft.skills.settings:save_settings:116 | Skill settings successfully saved to /home/runner/.config/mycroft/skills/mycroft-naptime.mycroftai/settings.json
2021-10-28 07:50:52.121 | INFO     |  5403 | mycroft.skills.settings:save_settings:116 | Skill settings successfully saved to /home/runner/.config/mycroft/skills/mycroft-spelling.mycroftai/settings.json
2021-10-28 07:50:52.122 | INFO     |  5403 | mycroft.skills.settings:save_settings:116 | Skill settings successfully saved to /home/runner/.config/mycroft/skills/mycroft-fallback-duck-duck-go.mycroftai/settings.json
2021-10-28 07:50:52.123 | INFO     |  5403 | mycroft.skills.settings:save_settings:116 | Skill settings successfully saved to /home/runner/.config/mycroft/skills/mycroft-npr-news.mycroftai/settings.json
2021-10-28 07:50:52.123 | INFO     |  5403 | mycroft.skills.settings:save_settings:116 | Skill settings successfully saved to /home/runner/.config/mycroft/skills/mycroft-support-helper.mycroftai/settings.json
2021-10-28 07:50:52.124 | INFO     |  5403 | mycroft.skills.settings:save_settings:116 | Skill settings successfully saved to /home/runner/.config/mycroft/skills/mycroft-weather.mycroftai/settings.json
2021-10-28 07:50:52.125 | INFO     |  5403 | mycroft.skills.settings:save_settings:116 | Skill settings successfully saved to /home/runner/.config/mycroft/skills/mycroft-speak.mycroftai/settings.json
2021-10-28 07:50:52.126 | INFO     |  5403 | mycroft.skills.settings:save_settings:116 | Skill settings successfully saved to /home/runner/.config/mycroft/skills/mycroft-audio-record.mycroftai/settings.json
2021-10-28 07:50:52.127 | INFO     |  5403 | mycroft.skills.settings:save_settings:116 | Skill settings successfully saved to /home/runner/.config/mycroft/skills/mycroft-stop.mycroftai/settings.json
2021-10-28 07:50:52.140 | INFO     |  5403 | mycroft.skills.settings:save_settings:116 | Skill settings successfully saved to /home/runner/.config/mycroft/skills/mycroft-hello-world.mycroftai/settings.json
2021-10-28 07:50:52.141 | INFO     |  5403 | mycroft.skills.settings:save_settings:116 | Skill settings successfully saved to /home/runner/.config/mycroft/skills/mycroft-date-time.mycroftai/settings.json
2021-10-28 07:50:52.143 | INFO     |  5403 | mycroft.skills.settings:save_settings:116 | Skill settings successfully saved to /home/runner/.config/mycroft/skills/mycroft-configuration.mycroftai/settings.json
2021-10-28 07:50:52.143 | INFO     |  5403 | QuestionsAnswersSkill | Removing all handlers...
2021-10-28 07:50:52.144 | INFO     |  5403 | mycroft.skills.settings:save_settings:116 | Skill settings successfully saved to /home/runner/.config/mycroft/skills/fallback-query.mycroftai/settings.json
2021-10-28 07:50:52.152 | INFO     |  5403 | mycroft.skills.settings:save_settings:116 | Skill settings successfully saved to /home/runner/.config/mycroft/skills/mycroft-personal.mycroftai/settings.json
2021-10-28 07:50:52.153 | INFO     |  5403 | mycroft.skills.settings:save_settings:116 | Skill settings successfully saved to /home/runner/.config/mycroft/skills/fallback-wolfram-alpha.mycroftai/settings.json
2021-10-28 07:50:52.164 | INFO     |  5403 | mycroft.skills.settings:save_settings:116 | Skill settings successfully saved to /home/runner/.config/mycroft/skills/mycroft-wiki.mycroftai/settings.json
2021-10-28 07:50:52.171 | INFO     |  5403 | UnknownSkill | Removing all handlers...
2021-10-28 07:50:52.171 | INFO     |  5403 | mycroft.skills.settings:save_settings:116 | Skill settings successfully saved to /home/runner/.config/mycroft/skills/fallback-unknown.mycroftai/settings.json
2021-10-28 07:50:52.172 | INFO     |  5403 | mycroft.skills.settings:save_settings:116 | Skill settings successfully saved to /home/runner/.config/mycroft/skills/mycroft-playback-control.mycroftai/settings.json
2021-10-28 07:50:53.173 | INFO     |  5403 | Playback Control Skill | Audio service status: {}
2021-10-28 07:50:54.174 | WARNING  |  5403 | mycroft.skills.skill_manager:_shutdown_skill:106 | mycroft-playback-control.mycroftai shutdown took 2.0023221879999937 seconds
2021-10-28 07:50:54.175 | INFO     |  5403 | __main__:shutdown:291 | Skills service shutdown complete!
2021-10-28 07:50:55.172 | ERROR    |  5403 | websocket | error from callback <bound method MessageBusClient.on_message of <mycroft.messagebus.client.client.MessageBusClient object at 0x7f7d62f92e50>>: cannot schedule new futures after shutdown
2021-10-28 07:50:55.172 | ERROR    |  5403 | mycroft_bus_client.client.client | === RuntimeError('cannot schedule new futures after shutdown') ===
Traceback (most recent call last):
  File "/opt/mycroft-core/.venv/lib/python3.7/site-packages/mycroft_bus_client/client/client.py", line 154, in on_error
    self.emitter.emit('error', error)
  File "/opt/mycroft-core/.venv/lib/python3.7/site-packages/pyee/_base.py", line 116, in emit
    self._emit_handle_potential_error(event, args[0] if args else None)
  File "/opt/mycroft-core/.venv/lib/python3.7/site-packages/pyee/_base.py", line 86, in _emit_handle_potential_error
    raise error
  File "/opt/mycroft-core/.venv/lib/python3.7/site-packages/websocket/_app.py", line 318, in run_forever
    proxy_type=proxy_type)
  File "/opt/mycroft-core/.venv/lib/python3.7/site-packages/websocket/_core.py", line 250, in connect
    options.pop('socket', None))
  File "/opt/mycroft-core/.venv/lib/python3.7/site-packages/websocket/_http.py", line 130, in connect
    sock = _open_socket(addrinfo_list, options.sockopt, options.timeout)
  File "/opt/mycroft-core/.venv/lib/python3.7/site-packages/websocket/_http.py", line 208, in _open_socket
    raise err
  File "/opt/mycroft-core/.venv/lib/python3.7/site-packages/websocket/_http.py", line 185, in _open_socket
    sock.connect(address)
ConnectionRefusedError: [Errno 111] Connection refused

During handling of the above exception, another exception occurred:

Traceback (most recent call last):
  File "/opt/mycroft-core/.venv/lib/python3.7/site-packages/websocket/_app.py", line 407, in _callback
    callback(self, *args)
  File "/opt/mycroft-core/.venv/lib/python3.7/site-packages/mycroft_bus_client/client/client.py", line 182, in on_message
    self.emitter.emit('message', message)
  File "/opt/mycroft-core/.venv/lib/python3.7/site-packages/pyee/_base.py", line 113, in emit
    handled = self._call_handlers(event, args, kwargs)
  File "/opt/mycroft-core/.venv/lib/python3.7/site-packages/pyee/_base.py", line 96, in _call_handlers
    self._emit_run(f, args, kwargs)
  File "/opt/mycroft-core/.venv/lib/python3.7/site-packages/pyee/_executor.py", line 50, in _emit_run
    future = self._executor.submit(f, *args, **kwargs)
  File "/opt/hostedtoolcache/Python/3.7.12/x64/lib/python3.7/concurrent/futures/thread.py", line 163, in submit
    raise RuntimeError('cannot schedule new futures after shutdown')
RuntimeError: cannot schedule new futures after shutdown
2021-10-28 07:50:55.173 | ERROR    |  5403 | mycroft_bus_client.client.client | Exception closing websocket: RuntimeError('cannot schedule new futures after shutdown')
2021-10-28 07:50:55.173 | WARNING  |  5403 | mycroft_bus_client.client.client | Message Bus Client will reconnect in 5.0 seconds.
