2021-10-22 21:46:14.465 | INFO     |  5835 | mycroft.messagebus.load_config:load_message_bus_config:33 | Loading message bus configs
2021-10-22 21:46:14.471 | ERROR    |  5835 | mycroft_bus_client.client.client | === ConnectionRefusedError(111, 'Connection refused') ===
Traceback (most recent call last):
  File "/opt/mycroft-core/.venv/lib/python3.7/site-packages/websocket/_app.py", line 254, in run_forever
    proxy_type=proxy_type)
  File "/opt/mycroft-core/.venv/lib/python3.7/site-packages/websocket/_core.py", line 220, in connect
    options.pop('socket', None))
  File "/opt/mycroft-core/.venv/lib/python3.7/site-packages/websocket/_http.py", line 120, in connect
    sock = _open_socket(addrinfo_list, options.sockopt, options.timeout)
  File "/opt/mycroft-core/.venv/lib/python3.7/site-packages/websocket/_http.py", line 190, in _open_socket
    raise err
  File "/opt/mycroft-core/.venv/lib/python3.7/site-packages/websocket/_http.py", line 170, in _open_socket
    sock.connect(address)
ConnectionRefusedError: [Errno 111] Connection refused
2021-10-22 21:46:14.472 | ERROR    |  5835 | mycroft_bus_client.client.client | Exception closing websocket: ConnectionRefusedError(111, 'Connection refused')
2021-10-22 21:46:14.472 | WARNING  |  5835 | mycroft_bus_client.client.client | Message Bus Client will reconnect in 5 seconds.
2021-10-22 21:46:19.478 | INFO     |  5835 | mycroft_bus_client.client.client | Connected
2021-10-22 21:46:19.479 | INFO     |  5835 | mycroft.util.process_utils:start_message_bus_client:155 | Connected to messagebus
2021-10-22 21:46:19.483 | INFO     |  5835 | mycroft.skills.msm_wrapper:create_msm:96 | Acquiring lock to instantiate MSM
2021-10-22 21:46:19.483 | INFO     |  5835 | msm.mycroft_skills_manager | building SkillEntry objects for all skills
2021-10-22 21:46:20.008 | INFO     |  5835 | mycroft.skills.msm_wrapper:create_msm:112 | Releasing MSM instantiation lock.
2021-10-22 21:46:20.008 | INFO     |  5835 | mycroft.skills.skill_updater:_log_next_download_time:267 | Next scheduled skill update: 2021-10-22 21:46:19.008436
2021-10-22 21:46:20.009 | INFO     |  5835 | msm.skill_entry | Downloading skill: https://github.com/mycroftai/skill-pairing
2021-10-22 21:46:20.788 | INFO     |  5835 | msm.skill_entry | Installing system requirements...
2021-10-22 21:46:20.813 | INFO     |  5835 | msm.skill_entry | Successfully installed mycroft-pairing
2021-10-22 21:46:20.813 | INFO     |  5835 | msm.mycroft_skills_manager | invalidating skills cache
2021-10-22 21:46:20.814 | INFO     |  5835 | mycroft.skills.skill_loader:load:185 | ATTEMPTING TO LOAD SKILL: mycroft-pairing.mycroftai
2021-10-22 21:46:20.829 | INFO     |  5835 | mycroft.skills.settings:get_local_settings:83 | /opt/mycroft/skills/mycroft-pairing.mycroftai/settings.json
2021-10-22 21:46:20.856 | INFO     |  5835 | mycroft.skills.skill_loader:_check_for_first_run:324 | First run of mycroft-pairing.mycroftai
2021-10-22 21:46:20.857 | INFO     |  5835 | mycroft.skills.settings:save_settings:116 | Skill settings successfully saved to /home/runner/.config/mycroft/skills/mycroft-pairing.mycroftai/settings.json
2021-10-22 21:46:20.857 | INFO     |  5835 | mycroft.skills.skill_loader:_communicate_load_status:344 | Skill mycroft-pairing.mycroftai loaded successfully
2021-10-22 21:46:20.858 | INFO     |  5835 | msm.skill_entry | Downloading skill: https://github.com/mycroftai/skill-volume
2021-10-22 21:46:21.700 | INFO     |  5835 | msm.skill_entry | Installing system requirements...
2021-10-22 21:46:21.709 | INFO     |  5835 | msm.skill_entry | Installing requirements.txt for mycroft-volume
2021-10-22 21:46:22.519 | INFO     |  5835 | msm.skill_entry | Successfully installed mycroft-volume
2021-10-22 21:46:22.519 | INFO     |  5835 | msm.mycroft_skills_manager | invalidating skills cache
2021-10-22 21:46:22.521 | INFO     |  5835 | mycroft.skills.skill_loader:load:185 | ATTEMPTING TO LOAD SKILL: mycroft-volume.mycroftai
2021-10-22 21:46:22.529 | INFO     |  5835 | mycroft.skills.settings:get_local_settings:83 | /opt/mycroft/skills/mycroft-volume.mycroftai/settings.json
2021-10-22 21:46:22.577 | ERROR    |  5835 | VolumeSkill | Couldn't allocate mixer, ALSAAudioError('No such file or directory [default]')
2021-10-22 21:46:25.579 | INFO     |  5835 | mycroft.skills.skill_loader:_check_for_first_run:324 | First run of mycroft-volume.mycroftai
2021-10-22 21:46:25.580 | INFO     |  5835 | mycroft.skills.settings:save_settings:116 | Skill settings successfully saved to /home/runner/.config/mycroft/skills/mycroft-volume.mycroftai/settings.json
2021-10-22 21:46:25.643 | INFO     |  5835 | mycroft.skills.skill_loader:_communicate_load_status:344 | Skill mycroft-volume.mycroftai loaded successfully
2021-10-22 21:46:25.644 | INFO     |  5835 | __main__:on_started:177 | Skills service is starting up.
2021-10-22 21:46:25.869 | INFO     |  5835 | __main__:_update_system:154 | Attempting system update...
2021-10-22 21:46:28.871 | INFO     |  5835 | mycroft.enclosure.display_manager:_write_data:70 | Display Manager is creating /tmp/mycroft/ipc/managers/disp_info
2021-10-22 21:46:28.873 | INFO     |  5835 | __main__:_ensure_device_is_paired:133 | Device not paired, invoking the pairing skill
2021-10-22 21:46:28.874 | INFO     |  5835 | __main__:on_alive:181 | Skills service is alive.
2021-10-22 21:46:28.876 | INFO     |  5835 | msm.mycroft_skills_manager | building SkillEntry objects for all skills
2021-10-22 21:46:29.180 | INFO     |  5835 | PairingSkill | Communicating account URL to user
2021-10-22 21:46:29.315 | WARNING  |  5835 | msm.mycroft_skills_manager | No such default skill: mycroft-pandora
2021-10-22 21:46:29.315 | INFO     |  5835 | mycroft.skills.skill_manager:run:234 | Not all default skills are installed, performing skill update...
2021-10-22 21:46:29.316 | INFO     |  5835 | mycroft.skills.skill_updater:update_skills:149 | Beginning skill update...
2021-10-22 21:46:29.752 | INFO     |  5835 | msm.mycroft_skills_manager | building SkillEntry objects for all skills
2021-10-22 21:46:30.200 | INFO     |  5835 | msm.mycroft_skills_manager | invalidating skills cache
2021-10-22 21:46:30.222 | INFO     |  5835 | msm.skill_entry | Downloading skill: https://github.com/mycroftai/fallback-wolfram-alpha
2021-10-22 21:46:30.240 | INFO     |  5835 | msm.skill_entry | Downloading skill: https://github.com/mycroftai/skill-alarm
2021-10-22 21:46:30.247 | INFO     |  5835 | msm.skill_entry | Downloading skill: https://github.com/mycroftai/skill-hello-world
2021-10-22 21:46:30.254 | INFO     |  5835 | msm.skill_entry | Downloading skill: https://github.com/mycroftai/skill-audio-record
2021-10-22 21:46:30.255 | INFO     |  5835 | msm.skill_entry | Downloading skill: https://github.com/mycroftai/fallback-unknown
2021-10-22 21:46:30.255 | INFO     |  5835 | msm.skill_entry | Downloading skill: https://github.com/mycroftai/skill-configuration
2021-10-22 21:46:30.256 | INFO     |  5835 | msm.skill_entry | Downloading skill: https://github.com/mycroftai/skill-date-time
2021-10-22 21:46:30.258 | INFO     |  5835 | msm.skill_entry | Downloading skill: https://github.com/mycroftai/skill-installer
2021-10-22 21:46:30.274 | INFO     |  5835 | msm.skill_entry | Downloading skill: https://github.com/mycroftai/skill-joke
2021-10-22 21:46:30.291 | INFO     |  5835 | msm.skill_entry | Downloading skill: https://github.com/mycroftai/skill-naptime
2021-10-22 21:46:30.292 | INFO     |  5835 | msm.skill_entry | Downloading skill: https://github.com/mycroftai/skill-npr-news
2021-10-22 21:46:30.293 | INFO     |  5835 | msm.skill_entry | Downloading skill: https://github.com/mycroftai/skill-personal
2021-10-22 21:46:30.293 | INFO     |  5835 | msm.skill_entry | Downloading skill: https://github.com/mycroftai/skill-playback-control
2021-10-22 21:46:30.294 | INFO     |  5835 | msm.skill_entry | Downloading skill: https://github.com/mycroftai/skill-reminder
2021-10-22 21:46:30.294 | INFO     |  5835 | msm.skill_entry | Downloading skill: https://github.com/mycroftai/skill-singing
2021-10-22 21:46:30.308 | INFO     |  5835 | msm.skill_entry | Downloading skill: https://github.com/mycroftai/fallback-duckduckgo
2021-10-22 21:46:30.309 | INFO     |  5835 | msm.skill_entry | Downloading skill: https://github.com/mycroftai/skill-ip
2021-10-22 21:46:31.191 | ERROR    |  5835 | msm.mycroft_skills_manager | Error running install_or_update on homeassistant.mycroftai: MergeConflict
2021-10-22 21:46:31.193 | INFO     |  5835 | msm.skill_entry | Downloading skill: https://github.com/mycroftai/skill-speak
2021-10-22 21:46:31.649 | INFO     |  5835 | msm.skill_entry | Nothing new for mycroft-volume
2021-10-22 21:46:31.745 | INFO     |  5835 | msm.skill_entry | Installing system requirements...
2021-10-22 21:46:31.778 | INFO     |  5835 | msm.skill_entry | Installing system requirements...
2021-10-22 21:46:31.836 | INFO     |  5835 | msm.skill_entry | Successfully installed mycroft-hello-world
2021-10-22 21:46:31.838 | INFO     |  5835 | msm.mycroft_skills_manager | invalidating skills cache
2021-10-22 21:46:31.841 | INFO     |  5835 | msm.skill_entry | Downloading skill: https://github.com/mycroftai/skill-spelling
2021-10-22 21:46:31.913 | INFO     |  5835 | msm.skill_entry | Installing system requirements...
2021-10-22 21:46:31.918 | INFO     |  5835 | msm.skill_entry | Installing system requirements...
2021-10-22 21:46:31.961 | INFO     |  5835 | msm.skill_entry | Installing requirements.txt for mycroft-volume
2021-10-22 21:46:32.012 | INFO     |  5835 | msm.skill_entry | Installing system requirements...
2021-10-22 21:46:32.022 | INFO     |  5835 | msm.skill_entry | Installing system requirements...
2021-10-22 21:46:32.081 | INFO     |  5835 | msm.skill_entry | Installing requirements.txt for fallback-wolfram-alpha
2021-10-22 21:46:32.085 | INFO     |  5835 | msm.skill_entry | Successfully installed mycroft-naptime
2021-10-22 21:46:32.086 | INFO     |  5835 | msm.mycroft_skills_manager | invalidating skills cache
2021-10-22 21:46:32.087 | INFO     |  5835 | msm.skill_entry | Downloading skill: https://github.com/mycroftai/skill-stop
2021-10-22 21:46:32.176 | INFO     |  5835 | msm.skill_entry | Installing requirements.txt for mycroft-joke
2021-10-22 21:46:32.204 | INFO     |  5835 | msm.skill_entry | Installing requirements.txt for mycroft-audio-record
2021-10-22 21:46:32.294 | INFO     |  5835 | msm.skill_entry | Installing system requirements...
2021-10-22 21:46:32.336 | INFO     |  5835 | msm.skill_entry | Installing system requirements...
2021-10-22 21:46:32.344 | INFO     |  5835 | msm.skill_entry | Installing system requirements...
2021-10-22 21:46:32.351 | INFO     |  5835 | msm.skill_entry | Installing system requirements...
2021-10-22 21:46:32.377 | INFO     |  5835 | msm.skill_entry | Installing system requirements...
2021-10-22 21:46:32.380 | INFO     |  5835 | msm.skill_entry | Installing system requirements...
2021-10-22 21:46:32.386 | INFO     |  5835 | msm.skill_entry | Nothing new for mycroft-pairing
2021-10-22 21:46:32.447 | INFO     |  5835 | msm.skill_entry | Installing system requirements...
2021-10-22 21:46:32.520 | INFO     |  5835 | msm.skill_entry | Installing requirements.txt for mycroft-installer
2021-10-22 21:46:32.531 | INFO     |  5835 | msm.skill_entry | Successfully installed mycroft-playback-control
2021-10-22 21:46:32.532 | INFO     |  5835 | msm.mycroft_skills_manager | invalidating skills cache
2021-10-22 21:46:32.533 | INFO     |  5835 | msm.skill_entry | Downloading skill: https://github.com/mycroftai/skill-support
2021-10-22 21:46:32.540 | INFO     |  5835 | msm.skill_entry | Installing requirements.txt for mycroft-fallback-duck-duck-go
2021-10-22 21:46:32.542 | INFO     |  5835 | msm.skill_entry | Installing system requirements...
2021-10-22 21:46:32.548 | INFO     |  5835 | msm.skill_entry | Successfully installed mycroft-speak
2021-10-22 21:46:32.549 | INFO     |  5835 | msm.mycroft_skills_manager | invalidating skills cache
2021-10-22 21:46:32.550 | INFO     |  5835 | msm.skill_entry | Downloading skill: https://github.com/mycroftai/mycroft-timer
2021-10-22 21:46:32.554 | INFO     |  5835 | msm.skill_entry | Successfully installed mycroft-reminder
2021-10-22 21:46:32.554 | INFO     |  5835 | msm.mycroft_skills_manager | invalidating skills cache
2021-10-22 21:46:32.565 | INFO     |  5835 | msm.skill_entry | Installing system requirements...
2021-10-22 21:46:32.583 | INFO     |  5835 | msm.skill_entry | Downloading skill: https://github.com/mycroftai/skill-weather
2021-10-22 21:46:32.586 | INFO     |  5835 | msm.skill_entry | Installing requirements.txt for mycroft-configuration
2021-10-22 21:46:32.594 | INFO     |  5835 | msm.skill_entry | Installing system requirements...
2021-10-22 21:46:32.641 | INFO     |  5835 | msm.skill_entry | Downloading skill: https://github.com/mycroftai/skill-version-checker
2021-10-22 21:46:32.646 | INFO     |  5835 | msm.skill_entry | Installing requirements.txt for mycroft-ip
2021-10-22 21:46:32.652 | INFO     |  5835 | msm.skill_entry | Installing requirements.txt for mycroft-npr-news
2021-10-22 21:46:32.667 | INFO     |  5835 | msm.skill_entry | Successfully installed mycroft-personal
2021-10-22 21:46:32.668 | INFO     |  5835 | msm.mycroft_skills_manager | invalidating skills cache
2021-10-22 21:46:32.668 | INFO     |  5835 | msm.skill_entry | Downloading skill: https://github.com/mycroftai/skill-wiki
2021-10-22 21:46:32.684 | INFO     |  5835 | msm.skill_entry | Installing system requirements...
2021-10-22 21:46:32.716 | INFO     |  5835 | msm.skill_entry | Successfully installed fallback-unknown
2021-10-22 21:46:32.717 | INFO     |  5835 | msm.mycroft_skills_manager | invalidating skills cache
2021-10-22 21:46:32.718 | INFO     |  5835 | msm.skill_entry | Downloading skill: https://github.com/MycroftAI/skill-query
2021-10-22 21:46:32.740 | INFO     |  5835 | msm.skill_entry | Installing system requirements...
2021-10-22 21:46:32.810 | INFO     |  5835 | msm.skill_entry | Installing requirements.txt for mycroft-date-time
2021-10-22 21:46:33.239 | INFO     |  5835 | msm.skill_entry | Installing system requirements...
2021-10-22 21:46:33.265 | INFO     |  5835 | msm.skill_entry | Successfully installed mycroft-spelling
2021-10-22 21:46:33.265 | INFO     |  5835 | msm.mycroft_skills_manager | invalidating skills cache
2021-10-22 21:46:33.340 | INFO     |  5835 | msm.skill_entry | Installing system requirements...
2021-10-22 21:46:33.377 | INFO     |  5835 | msm.skill_entry | Installing system requirements...
2021-10-22 21:46:33.429 | INFO     |  5835 | msm.skill_entry | Installing requirements.txt for mycroft-alarm
2021-10-22 21:46:33.433 | INFO     |  5835 | msm.skill_entry | Successfully installed mycroft-stop
2021-10-22 21:46:33.433 | INFO     |  5835 | msm.mycroft_skills_manager | invalidating skills cache
2021-10-22 21:46:33.758 | ERROR    |  5835 | msm.mycroft_skills_manager | Error running install_or_update on homeassistant: MergeConflict
2021-10-22 21:46:33.783 | INFO     |  5835 | msm.skill_entry | Installing system requirements...
2021-10-22 21:46:33.861 | INFO     |  5835 | msm.skill_entry | Successfully installed mycroft-version-checker
2021-10-22 21:46:33.862 | INFO     |  5835 | msm.mycroft_skills_manager | invalidating skills cache
2021-10-22 21:46:33.865 | INFO     |  5835 | msm.skill_entry | Installing system requirements...
2021-10-22 21:46:33.916 | INFO     |  5835 | msm.skill_entry | Installing requirements.txt for mycroft-wiki
2021-10-22 21:46:33.961 | INFO     |  5835 | msm.skill_entry | Installing system requirements...
2021-10-22 21:46:34.000 | INFO     |  5835 | msm.skill_entry | Successfully installed mycroft-timer
2021-10-22 21:46:34.000 | INFO     |  5835 | msm.mycroft_skills_manager | invalidating skills cache
2021-10-22 21:46:34.194 | INFO     |  5835 | msm.skill_entry | Installing system requirements...
2021-10-22 21:46:34.216 | INFO     |  5835 | msm.skill_entry | Installing system requirements...
2021-10-22 21:46:34.238 | INFO     |  5835 | msm.skill_entry | Installing requirements.txt for mycroft-weather
2021-10-22 21:46:34.254 | INFO     |  5835 | msm.skill_entry | Installing requirements.txt for mycroft-support-helper
2021-10-22 21:46:34.372 | INFO     |  5835 | msm.skill_entry | Installing system requirements...
2021-10-22 21:46:34.403 | INFO     |  5835 | msm.skill_entry | Successfully installed fallback-query
2021-10-22 21:46:34.403 | INFO     |  5835 | msm.mycroft_skills_manager | invalidating skills cache
2021-10-22 21:46:34.754 | INFO     |  5835 | msm.skill_entry | Installing system requirements...
2021-10-22 21:46:34.785 | INFO     |  5835 | msm.skill_entry | Successfully installed mycroft-singing
2021-10-22 21:46:34.785 | INFO     |  5835 | msm.mycroft_skills_manager | invalidating skills cache
2021-10-22 21:46:39.305 | INFO     |  5835 | msm.skill_entry | Successfully installed fallback-wolfram-alpha
2021-10-22 21:46:39.305 | INFO     |  5835 | msm.mycroft_skills_manager | invalidating skills cache
2021-10-22 21:46:40.399 | INFO     |  5835 | msm.skill_entry | Successfully installed mycroft-joke
2021-10-22 21:46:40.400 | INFO     |  5835 | msm.mycroft_skills_manager | invalidating skills cache
2021-10-22 21:46:41.236 | INFO     |  5835 | msm.skill_entry | Successfully installed mycroft-audio-record
2021-10-22 21:46:41.236 | INFO     |  5835 | msm.mycroft_skills_manager | invalidating skills cache
2021-10-22 21:46:42.093 | INFO     |  5835 | msm.skill_entry | Successfully installed mycroft-installer
2021-10-22 21:46:42.093 | INFO     |  5835 | msm.mycroft_skills_manager | invalidating skills cache
2021-10-22 21:46:43.191 | INFO     |  5835 | msm.skill_entry | Successfully installed mycroft-fallback-duck-duck-go
2021-10-22 21:46:43.191 | INFO     |  5835 | msm.mycroft_skills_manager | invalidating skills cache
2021-10-22 21:46:45.623 | INFO     |  5835 | msm.skill_entry | Successfully installed mycroft-configuration
2021-10-22 21:46:45.623 | INFO     |  5835 | msm.mycroft_skills_manager | invalidating skills cache
2021-10-22 21:46:46.445 | INFO     |  5835 | msm.skill_entry | Successfully installed mycroft-ip
2021-10-22 21:46:46.445 | INFO     |  5835 | msm.mycroft_skills_manager | invalidating skills cache
2021-10-22 21:46:49.527 | INFO     |  5835 | msm.skill_entry | Successfully installed mycroft-npr-news
2021-10-22 21:46:49.527 | INFO     |  5835 | msm.mycroft_skills_manager | invalidating skills cache
2021-10-22 21:46:59.515 | INFO     |  5835 | PairingSkill | Initiating device pairing sequence...
2021-10-22 21:46:59.515 | INFO     |  5835 | PairingSkill | Retrieving pairing code from device API...
2021-10-22 21:46:59.826 | INFO     |  5835 | PairingSkill | Pairing code obtained: VC3FNF
2021-10-22 21:46:59.826 | INFO     |  5835 | PairingSkill | Communicating pairing URL to user
2021-10-22 21:47:05.557 | INFO     |  5835 | msm.skill_entry | Successfully installed mycroft-date-time
2021-10-22 21:47:05.558 | INFO     |  5835 | msm.mycroft_skills_manager | invalidating skills cache
2021-10-22 21:47:06.436 | INFO     |  5835 | msm.skill_entry | Successfully installed mycroft-alarm
2021-10-22 21:47:06.436 | INFO     |  5835 | msm.mycroft_skills_manager | invalidating skills cache
2021-10-22 21:47:08.202 | INFO     |  5835 | msm.skill_entry | Successfully installed mycroft-wiki
2021-10-22 21:47:08.203 | INFO     |  5835 | msm.mycroft_skills_manager | invalidating skills cache
2021-10-22 21:47:09.083 | INFO     |  5835 | msm.skill_entry | Successfully installed mycroft-weather
2021-10-22 21:47:09.083 | INFO     |  5835 | msm.mycroft_skills_manager | invalidating skills cache
2021-10-22 21:47:11.644 | INFO     |  5835 | msm.skill_entry | Successfully installed mycroft-support-helper
2021-10-22 21:47:11.644 | INFO     |  5835 | msm.mycroft_skills_manager | invalidating skills cache
2021-10-22 21:47:11.656 | INFO     |  5835 | mycroft.skills.skill_updater:_log_next_download_time:267 | Next scheduled skill update: 2021-10-22 22:47:11.656398
2021-10-22 21:47:11.657 | INFO     |  5835 | mycroft.skills.skill_updater:update_skills:170 | Skill update complete
2021-10-22 21:47:11.657 | INFO     |  5835 | mycroft.skills.skill_manager:_load_on_startup:273 | Loading installed skills...
2021-10-22 21:47:11.658 | INFO     |  5835 | mycroft.skills.skill_loader:load:185 | ATTEMPTING TO LOAD SKILL: mycroft-ip.mycroftai
2021-10-22 21:47:11.702 | INFO     |  5835 | mycroft.skills.settings:get_local_settings:83 | /opt/mycroft/skills/mycroft-ip.mycroftai/settings.json
2021-10-22 21:47:11.715 | INFO     |  5835 | mycroft.skills.skill_loader:_check_for_first_run:324 | First run of mycroft-ip.mycroftai
2021-10-22 21:47:11.717 | INFO     |  5835 | mycroft.skills.settings:save_settings:116 | Skill settings successfully saved to /home/runner/.config/mycroft/skills/mycroft-ip.mycroftai/settings.json
2021-10-22 21:47:11.717 | INFO     |  5835 | mycroft.skills.skill_loader:_communicate_load_status:344 | Skill mycroft-ip.mycroftai loaded successfully
2021-10-22 21:47:11.718 | INFO     |  5835 | mycroft.skills.skill_loader:load:185 | ATTEMPTING TO LOAD SKILL: mycroft-reminder.mycroftai
2021-10-22 21:47:11.760 | INFO     |  5835 | mycroft.skills.settings:get_local_settings:83 | /opt/mycroft/skills/mycroft-reminder.mycroftai/settings.json
2021-10-22 21:47:11.776 | INFO     |  5835 | mycroft.skills.skill_loader:_check_for_first_run:324 | First run of mycroft-reminder.mycroftai
2021-10-22 21:47:11.776 | INFO     |  5835 | mycroft.skills.settings:save_settings:116 | Skill settings successfully saved to /home/runner/.config/mycroft/skills/mycroft-reminder.mycroftai/settings.json
2021-10-22 21:47:11.777 | INFO     |  5835 | mycroft.skills.skill_loader:_communicate_load_status:344 | Skill mycroft-reminder.mycroftai loaded successfully
2021-10-22 21:47:11.778 | INFO     |  5835 | mycroft.skills.skill_loader:load:185 | ATTEMPTING TO LOAD SKILL: mycroft-installer.mycroftai
2021-10-22 21:47:11.789 | INFO     |  5835 | mycroft.skills.settings:get_local_settings:83 | /opt/mycroft/skills/mycroft-installer.mycroftai/settings.json
2021-10-22 21:47:11.811 | INFO     |  5835 | mycroft.skills.skill_loader:_check_for_first_run:324 | First run of mycroft-installer.mycroftai
2021-10-22 21:47:11.814 | INFO     |  5835 | mycroft.skills.settings:save_settings:116 | Skill settings successfully saved to /home/runner/.config/mycroft/skills/mycroft-installer.mycroftai/settings.json
2021-10-22 21:47:11.817 | INFO     |  5835 | mycroft.skills.skill_loader:_communicate_load_status:344 | Skill mycroft-installer.mycroftai loaded successfully
2021-10-22 21:47:11.818 | INFO     |  5835 | mycroft.skills.skill_loader:load:185 | ATTEMPTING TO LOAD SKILL: mycroft-version-checker.mycroftai
2021-10-22 21:47:11.843 | INFO     |  5835 | mycroft.skills.settings:get_local_settings:83 | /opt/mycroft/skills/mycroft-version-checker.mycroftai/settings.json
2021-10-22 21:47:11.877 | INFO     |  5835 | mycroft.skills.skill_loader:_check_for_first_run:324 | First run of mycroft-version-checker.mycroftai
2021-10-22 21:47:11.878 | INFO     |  5835 | mycroft.skills.settings:save_settings:116 | Skill settings successfully saved to /home/runner/.config/mycroft/skills/mycroft-version-checker.mycroftai/settings.json
2021-10-22 21:47:11.884 | INFO     |  5835 | mycroft.skills.skill_loader:_communicate_load_status:344 | Skill mycroft-version-checker.mycroftai loaded successfully
2021-10-22 21:47:11.885 | INFO     |  5835 | mycroft.skills.skill_loader:load:185 | ATTEMPTING TO LOAD SKILL: mycroft-singing.mycroftai
2021-10-22 21:47:11.896 | INFO     |  5835 | mycroft.skills.settings:get_local_settings:83 | /opt/mycroft/skills/mycroft-singing.mycroftai/settings.json
2021-10-22 21:47:11.923 | INFO     |  5835 | mycroft.skills.skill_loader:_check_for_first_run:324 | First run of mycroft-singing.mycroftai
2021-10-22 21:47:11.923 | INFO     |  5835 | mycroft.skills.settings:save_settings:116 | Skill settings successfully saved to /home/runner/.config/mycroft/skills/mycroft-singing.mycroftai/settings.json
2021-10-22 21:47:11.928 | INFO     |  5835 | mycroft.skills.skill_loader:_communicate_load_status:344 | Skill mycroft-singing.mycroftai loaded successfully
2021-10-22 21:47:11.929 | INFO     |  5835 | mycroft.skills.skill_loader:load:185 | ATTEMPTING TO LOAD SKILL: mycroft-joke.mycroftai
2021-10-22 21:47:11.940 | INFO     |  5835 | mycroft.skills.settings:get_local_settings:83 | /opt/mycroft/skills/mycroft-joke.mycroftai/settings.json
2021-10-22 21:47:11.975 | INFO     |  5835 | mycroft.skills.skill_loader:_check_for_first_run:324 | First run of mycroft-joke.mycroftai
2021-10-22 21:47:11.976 | INFO     |  5835 | mycroft.skills.settings:save_settings:116 | Skill settings successfully saved to /home/runner/.config/mycroft/skills/mycroft-joke.mycroftai/settings.json
2021-10-22 21:47:11.977 | INFO     |  5835 | mycroft.skills.skill_loader:_communicate_load_status:344 | Skill mycroft-joke.mycroftai loaded successfully
2021-10-22 21:47:11.978 | INFO     |  5835 | mycroft.skills.skill_loader:load:185 | ATTEMPTING TO LOAD SKILL: mycroft-timer.mycroftai
2021-10-22 21:47:12.005 | INFO     |  5835 | mycroft.skills.settings:get_local_settings:83 | /opt/mycroft/skills/mycroft-timer.mycroftai/settings.json
2021-10-22 21:47:12.072 | INFO     |  5835 | mycroft.skills.skill_loader:_check_for_first_run:324 | First run of mycroft-timer.mycroftai
2021-10-22 21:47:12.072 | INFO     |  5835 | mycroft.skills.settings:save_settings:116 | Skill settings successfully saved to /home/runner/.config/mycroft/skills/mycroft-timer.mycroftai/settings.json
2021-10-22 21:47:12.079 | INFO     |  5835 | mycroft.skills.skill_loader:_communicate_load_status:344 | Skill mycroft-timer.mycroftai loaded successfully
2021-10-22 21:47:12.080 | INFO     |  5835 | mycroft.skills.skill_loader:load:185 | ATTEMPTING TO LOAD SKILL: homeassistant.mycroftai
2021-10-22 21:47:13.207 | INFO     |  5835 | mycroft.skills.settings:get_local_settings:83 | /opt/mycroft/skills/homeassistant.mycroftai/settings.json
2021-10-22 21:47:13.212 | INFO     |  5835 | mycroft.skills.settings:get_local_settings:83 | /opt/mycroft/skills/homeassistant.mycroftai/settings.json
2021-10-22 21:47:13.402 | INFO     |  5835 | mycroft.skills.skill_loader:_communicate_load_status:344 | Skill homeassistant.mycroftai loaded successfully
2021-10-22 21:47:13.411 | INFO     |  5835 | mycroft.skills.skill_loader:load:185 | ATTEMPTING TO LOAD SKILL: mycroft-alarm.mycroftai
2021-10-22 21:47:13.537 | INFO     |  5835 | mycroft.skills.settings:get_local_settings:83 | /opt/mycroft/skills/mycroft-alarm.mycroftai/settings.json
2021-10-22 21:47:13.538 | ERROR    |  5835 | AlarmSkill | Couldn't allocate mixer, ALSAAudioError('No such file or directory [default]')
2021-10-22 21:47:13.807 | INFO     |  5835 | mycroft.skills.skill_loader:_check_for_first_run:324 | First run of mycroft-alarm.mycroftai
2021-10-22 21:47:13.816 | INFO     |  5835 | mycroft.skills.settings:save_settings:116 | Skill settings successfully saved to /home/runner/.config/mycroft/skills/mycroft-alarm.mycroftai/settings.json
2021-10-22 21:47:13.823 | INFO     |  5835 | mycroft.skills.skill_loader:_communicate_load_status:344 | Skill mycroft-alarm.mycroftai loaded successfully
2021-10-22 21:47:13.829 | INFO     |  5835 | mycroft.skills.skill_loader:load:185 | ATTEMPTING TO LOAD SKILL: mycroft-naptime.mycroftai
2021-10-22 21:47:13.867 | INFO     |  5835 | mycroft.skills.settings:get_local_settings:83 | /opt/mycroft/skills/mycroft-naptime.mycroftai/settings.json
2021-10-22 21:47:13.920 | INFO     |  5835 | mycroft.skills.skill_loader:_check_for_first_run:324 | First run of mycroft-naptime.mycroftai
2021-10-22 21:47:13.930 | INFO     |  5835 | mycroft.skills.settings:save_settings:116 | Skill settings successfully saved to /home/runner/.config/mycroft/skills/mycroft-naptime.mycroftai/settings.json
2021-10-22 21:47:13.941 | INFO     |  5835 | mycroft.skills.skill_loader:_communicate_load_status:344 | Skill mycroft-naptime.mycroftai loaded successfully
2021-10-22 21:47:13.942 | INFO     |  5835 | mycroft.skills.skill_loader:load:185 | ATTEMPTING TO LOAD SKILL: mycroft-spelling.mycroftai
2021-10-22 21:47:13.980 | INFO     |  5835 | mycroft.skills.settings:get_local_settings:83 | /opt/mycroft/skills/mycroft-spelling.mycroftai/settings.json
2021-10-22 21:47:14.051 | INFO     |  5835 | mycroft.skills.skill_loader:_check_for_first_run:324 | First run of mycroft-spelling.mycroftai
2021-10-22 21:47:14.059 | INFO     |  5835 | mycroft.skills.settings:save_settings:116 | Skill settings successfully saved to /home/runner/.config/mycroft/skills/mycroft-spelling.mycroftai/settings.json
2021-10-22 21:47:14.071 | INFO     |  5835 | mycroft.skills.skill_loader:_communicate_load_status:344 | Skill mycroft-spelling.mycroftai loaded successfully
2021-10-22 21:47:14.071 | INFO     |  5835 | mycroft.skills.skill_loader:load:185 | ATTEMPTING TO LOAD SKILL: mycroft-fallback-duck-duck-go.mycroftai
2021-10-22 21:47:14.157 | INFO     |  5835 | mycroft.skills.settings:get_local_settings:83 | /opt/mycroft/skills/mycroft-fallback-duck-duck-go.mycroftai/settings.json
2021-10-22 21:47:14.240 | INFO     |  5835 | mycroft.skills.skill_loader:_check_for_first_run:324 | First run of mycroft-fallback-duck-duck-go.mycroftai
2021-10-22 21:47:14.245 | INFO     |  5835 | mycroft.skills.settings:save_settings:116 | Skill settings successfully saved to /home/runner/.config/mycroft/skills/mycroft-fallback-duck-duck-go.mycroftai/settings.json
2021-10-22 21:47:14.252 | INFO     |  5835 | mycroft.skills.skill_loader:_communicate_load_status:344 | Skill mycroft-fallback-duck-duck-go.mycroftai loaded successfully
2021-10-22 21:47:14.252 | INFO     |  5835 | mycroft.skills.skill_loader:load:185 | ATTEMPTING TO LOAD SKILL: mycroft-npr-news.mycroftai
2021-10-22 21:47:14.464 | INFO     |  5835 | mycroft.skills.settings:get_local_settings:83 | /opt/mycroft/skills/mycroft-npr-news.mycroftai/settings.json
2021-10-22 21:47:15.506 | INFO     |  5835 | mycroft.skills.skill_loader:_check_for_first_run:324 | First run of mycroft-npr-news.mycroftai
2021-10-22 21:47:15.510 | INFO     |  5835 | mycroft.skills.settings:save_settings:116 | Skill settings successfully saved to /home/runner/.config/mycroft/skills/mycroft-npr-news.mycroftai/settings.json
2021-10-22 21:47:15.514 | INFO     |  5835 | mycroft.skills.skill_loader:_communicate_load_status:344 | Skill mycroft-npr-news.mycroftai loaded successfully
2021-10-22 21:47:15.514 | INFO     |  5835 | mycroft.skills.skill_loader:load:185 | ATTEMPTING TO LOAD SKILL: mycroft-support-helper.mycroftai
2021-10-22 21:47:15.520 | INFO     |  5835 | mycroft.skills.settings:get_local_settings:83 | /opt/mycroft/skills/mycroft-support-helper.mycroftai/settings.json
2021-10-22 21:47:15.536 | INFO     |  5835 | mycroft.skills.skill_loader:_check_for_first_run:324 | First run of mycroft-support-helper.mycroftai
2021-10-22 21:47:15.537 | INFO     |  5835 | mycroft.skills.settings:save_settings:116 | Skill settings successfully saved to /home/runner/.config/mycroft/skills/mycroft-support-helper.mycroftai/settings.json
2021-10-22 21:47:15.547 | INFO     |  5835 | mycroft.skills.skill_loader:_communicate_load_status:344 | Skill mycroft-support-helper.mycroftai loaded successfully
2021-10-22 21:47:15.548 | INFO     |  5835 | mycroft.skills.skill_loader:load:185 | ATTEMPTING TO LOAD SKILL: mycroft-weather.mycroftai
2021-10-22 21:47:15.576 | INFO     |  5835 | mycroft.skills.settings:get_local_settings:83 | /opt/mycroft/skills/mycroft-weather.mycroftai/settings.json
2021-10-22 21:47:15.760 | INFO     |  5835 | mycroft.skills.skill_loader:_check_for_first_run:324 | First run of mycroft-weather.mycroftai
2021-10-22 21:47:15.761 | INFO     |  5835 | mycroft.skills.settings:save_settings:116 | Skill settings successfully saved to /home/runner/.config/mycroft/skills/mycroft-weather.mycroftai/settings.json
2021-10-22 21:47:15.762 | INFO     |  5835 | mycroft.skills.skill_loader:_communicate_load_status:344 | Skill mycroft-weather.mycroftai loaded successfully
2021-10-22 21:47:15.762 | INFO     |  5835 | mycroft.skills.skill_loader:load:185 | ATTEMPTING TO LOAD SKILL: mycroft-speak.mycroftai
2021-10-22 21:47:15.770 | INFO     |  5835 | mycroft.skills.settings:get_local_settings:83 | /opt/mycroft/skills/mycroft-speak.mycroftai/settings.json
2021-10-22 21:47:15.786 | INFO     |  5835 | mycroft.skills.skill_loader:_check_for_first_run:324 | First run of mycroft-speak.mycroftai
2021-10-22 21:47:15.787 | INFO     |  5835 | mycroft.skills.settings:save_settings:116 | Skill settings successfully saved to /home/runner/.config/mycroft/skills/mycroft-speak.mycroftai/settings.json
2021-10-22 21:47:15.789 | INFO     |  5835 | mycroft.skills.skill_loader:_communicate_load_status:344 | Skill mycroft-speak.mycroftai loaded successfully
2021-10-22 21:47:15.789 | INFO     |  5835 | mycroft.skills.skill_loader:load:185 | ATTEMPTING TO LOAD SKILL: mycroft-audio-record.mycroftai
2021-10-22 21:47:15.793 | INFO     |  5835 | mycroft.skills.settings:get_local_settings:83 | /opt/mycroft/skills/mycroft-audio-record.mycroftai/settings.json
2021-10-22 21:47:15.807 | INFO     |  5835 | mycroft.skills.skill_loader:_check_for_first_run:324 | First run of mycroft-audio-record.mycroftai
2021-10-22 21:47:15.808 | INFO     |  5835 | mycroft.skills.settings:save_settings:116 | Skill settings successfully saved to /home/runner/.config/mycroft/skills/mycroft-audio-record.mycroftai/settings.json
2021-10-22 21:47:15.808 | INFO     |  5835 | mycroft.skills.skill_loader:_communicate_load_status:344 | Skill mycroft-audio-record.mycroftai loaded successfully
2021-10-22 21:47:15.809 | INFO     |  5835 | mycroft.skills.skill_loader:load:185 | ATTEMPTING TO LOAD SKILL: mycroft-stop.mycroftai
2021-10-22 21:47:15.815 | INFO     |  5835 | mycroft.skills.settings:get_local_settings:83 | /opt/mycroft/skills/mycroft-stop.mycroftai/settings.json
2021-10-22 21:47:15.831 | INFO     |  5835 | mycroft.skills.skill_loader:_check_for_first_run:324 | First run of mycroft-stop.mycroftai
2021-10-22 21:47:15.832 | INFO     |  5835 | mycroft.skills.settings:save_settings:116 | Skill settings successfully saved to /home/runner/.config/mycroft/skills/mycroft-stop.mycroftai/settings.json
2021-10-22 21:47:15.832 | INFO     |  5835 | mycroft.skills.skill_loader:_communicate_load_status:344 | Skill mycroft-stop.mycroftai loaded successfully
2021-10-22 21:47:15.833 | INFO     |  5835 | mycroft.skills.skill_loader:load:185 | ATTEMPTING TO LOAD SKILL: mycroft-hello-world.mycroftai
2021-10-22 21:47:15.838 | INFO     |  5835 | mycroft.skills.settings:get_local_settings:83 | /opt/mycroft/skills/mycroft-hello-world.mycroftai/settings.json
2021-10-22 21:47:15.851 | INFO     |  5835 | mycroft.skills.skill_loader:_check_for_first_run:324 | First run of mycroft-hello-world.mycroftai
2021-10-22 21:47:15.852 | INFO     |  5835 | mycroft.skills.settings:save_settings:116 | Skill settings successfully saved to /home/runner/.config/mycroft/skills/mycroft-hello-world.mycroftai/settings.json
2021-10-22 21:47:15.853 | INFO     |  5835 | mycroft.skills.skill_loader:_communicate_load_status:344 | Skill mycroft-hello-world.mycroftai loaded successfully
2021-10-22 21:47:15.854 | INFO     |  5835 | mycroft.skills.skill_loader:load:185 | ATTEMPTING TO LOAD SKILL: mycroft-date-time.mycroftai
2021-10-22 21:47:16.286 | INFO     |  5835 | mycroft.skills.settings:get_local_settings:83 | /opt/mycroft/skills/mycroft-date-time.mycroftai/settings.json
2021-10-22 21:47:16.307 | INFO     |  5835 | TimeSkill | Registering resting screen <bound method TimeSkill.handle_idle of <mycroft-date-time_mycroftai.TimeSkill object at 0x7f0f20c3df90>> for Time and Date.
2021-10-22 21:47:16.308 | INFO     |  5835 | TimeSkill | Registering resting screen
2021-10-22 21:47:16.310 | INFO     |  5835 | mycroft.skills.skill_loader:_check_for_first_run:324 | First run of mycroft-date-time.mycroftai
2021-10-22 21:47:16.311 | INFO     |  5835 | mycroft.skills.settings:save_settings:116 | Skill settings successfully saved to /home/runner/.config/mycroft/skills/mycroft-date-time.mycroftai/settings.json
2021-10-22 21:47:16.312 | INFO     |  5835 | mycroft.skills.skill_loader:_communicate_load_status:344 | Skill mycroft-date-time.mycroftai loaded successfully
2021-10-22 21:47:16.313 | INFO     |  5835 | mycroft.skills.skill_loader:load:185 | ATTEMPTING TO LOAD SKILL: mycroft-configuration.mycroftai
2021-10-22 21:47:16.321 | INFO     |  5835 | mycroft.skills.settings:get_local_settings:83 | /opt/mycroft/skills/mycroft-configuration.mycroftai/settings.json
2021-10-22 21:47:16.338 | INFO     |  5835 | mycroft.skills.skill_loader:_check_for_first_run:324 | First run of mycroft-configuration.mycroftai
2021-10-22 21:47:16.339 | INFO     |  5835 | mycroft.skills.settings:save_settings:116 | Skill settings successfully saved to /home/runner/.config/mycroft/skills/mycroft-configuration.mycroftai/settings.json
2021-10-22 21:47:16.339 | INFO     |  5835 | mycroft.skills.skill_loader:_communicate_load_status:344 | Skill mycroft-configuration.mycroftai loaded successfully
2021-10-22 21:47:16.340 | INFO     |  5835 | mycroft.skills.skill_loader:load:185 | ATTEMPTING TO LOAD SKILL: fallback-query.mycroftai
2021-10-22 21:47:16.344 | INFO     |  5835 | mycroft.skills.settings:get_local_settings:83 | /opt/mycroft/skills/fallback-query.mycroftai/settings.json
2021-10-22 21:47:16.351 | INFO     |  5835 | mycroft.skills.skill_loader:_check_for_first_run:324 | First run of fallback-query.mycroftai
2021-10-22 21:47:16.351 | INFO     |  5835 | mycroft.skills.settings:save_settings:116 | Skill settings successfully saved to /home/runner/.config/mycroft/skills/fallback-query.mycroftai/settings.json
2021-10-22 21:47:16.352 | INFO     |  5835 | mycroft.skills.skill_loader:_communicate_load_status:344 | Skill fallback-query.mycroftai loaded successfully
2021-10-22 21:47:16.352 | INFO     |  5835 | mycroft.skills.skill_loader:load:185 | ATTEMPTING TO LOAD SKILL: mycroft-personal.mycroftai
2021-10-22 21:47:16.356 | INFO     |  5835 | mycroft.skills.settings:get_local_settings:83 | /opt/mycroft/skills/mycroft-personal.mycroftai/settings.json
2021-10-22 21:47:16.367 | INFO     |  5835 | mycroft.skills.skill_loader:_check_for_first_run:324 | First run of mycroft-personal.mycroftai
2021-10-22 21:47:16.367 | INFO     |  5835 | mycroft.skills.settings:save_settings:116 | Skill settings successfully saved to /home/runner/.config/mycroft/skills/mycroft-personal.mycroftai/settings.json
2021-10-22 21:47:16.368 | INFO     |  5835 | mycroft.skills.skill_loader:_communicate_load_status:344 | Skill mycroft-personal.mycroftai loaded successfully
2021-10-22 21:47:16.368 | INFO     |  5835 | mycroft.skills.skill_loader:load:185 | ATTEMPTING TO LOAD SKILL: fallback-wolfram-alpha.mycroftai
2021-10-22 21:47:16.424 | INFO     |  5835 | mycroft.skills.settings:get_local_settings:83 | /opt/mycroft/skills/fallback-wolfram-alpha.mycroftai/settings.json
2021-10-22 21:47:16.461 | INFO     |  5835 | mycroft.skills.skill_loader:_check_for_first_run:324 | First run of fallback-wolfram-alpha.mycroftai
2021-10-22 21:47:16.461 | INFO     |  5835 | mycroft.skills.settings:save_settings:116 | Skill settings successfully saved to /home/runner/.config/mycroft/skills/fallback-wolfram-alpha.mycroftai/settings.json
2021-10-22 21:47:16.462 | INFO     |  5835 | mycroft.skills.skill_loader:_communicate_load_status:344 | Skill fallback-wolfram-alpha.mycroftai loaded successfully
2021-10-22 21:47:16.462 | INFO     |  5835 | mycroft.skills.skill_loader:load:185 | ATTEMPTING TO LOAD SKILL: mycroft-wiki.mycroftai
2021-10-22 21:47:16.468 | INFO     |  5835 | mycroft.skills.settings:get_local_settings:83 | /opt/mycroft/skills/mycroft-wiki.mycroftai/settings.json
2021-10-22 21:47:16.491 | INFO     |  5835 | mycroft.skills.skill_loader:_check_for_first_run:324 | First run of mycroft-wiki.mycroftai
2021-10-22 21:47:16.492 | INFO     |  5835 | mycroft.skills.settings:save_settings:116 | Skill settings successfully saved to /home/runner/.config/mycroft/skills/mycroft-wiki.mycroftai/settings.json
2021-10-22 21:47:16.494 | INFO     |  5835 | mycroft.skills.skill_loader:_communicate_load_status:344 | Skill mycroft-wiki.mycroftai loaded successfully
2021-10-22 21:47:16.494 | INFO     |  5835 | mycroft.skills.skill_loader:load:185 | ATTEMPTING TO LOAD SKILL: fallback-unknown.mycroftai
2021-10-22 21:47:16.498 | INFO     |  5835 | mycroft.skills.settings:get_local_settings:83 | /opt/mycroft/skills/fallback-unknown.mycroftai/settings.json
2021-10-22 21:47:16.520 | INFO     |  5835 | mycroft.skills.skill_loader:_check_for_first_run:324 | First run of fallback-unknown.mycroftai
2021-10-22 21:47:16.520 | INFO     |  5835 | mycroft.skills.settings:save_settings:116 | Skill settings successfully saved to /home/runner/.config/mycroft/skills/fallback-unknown.mycroftai/settings.json
2021-10-22 21:47:16.521 | INFO     |  5835 | mycroft.skills.skill_loader:_communicate_load_status:344 | Skill fallback-unknown.mycroftai loaded successfully
2021-10-22 21:47:16.521 | INFO     |  5835 | mycroft.skills.skill_loader:load:185 | ATTEMPTING TO LOAD SKILL: mycroft-playback-control.mycroftai
2021-10-22 21:47:16.535 | INFO     |  5835 | mycroft.skills.settings:get_local_settings:83 | /opt/mycroft/skills/mycroft-playback-control.mycroftai/settings.json
2021-10-22 21:47:16.590 | INFO     |  5835 | mycroft.skills.skill_loader:_check_for_first_run:324 | First run of mycroft-playback-control.mycroftai
2021-10-22 21:47:16.591 | INFO     |  5835 | mycroft.skills.settings:save_settings:116 | Skill settings successfully saved to /home/runner/.config/mycroft/skills/mycroft-playback-control.mycroftai/settings.json
2021-10-22 21:47:16.591 | INFO     |  5835 | mycroft.skills.skill_loader:_communicate_load_status:344 | Skill mycroft-playback-control.mycroftai loaded successfully
2021-10-22 21:47:16.592 | INFO     |  5835 | mycroft.skills.skill_manager:_load_on_startup:275 | Skills all loaded!
2021-10-22 21:47:16.658 | INFO     |  5835 | __main__:on_ready:185 | Skills service is ready.
2021-10-22 21:47:16.769 | INFO     |  5835 | mycroft.skills.intent_services.padatious_service:train:151 | Training... (single_thread=False)
Regenerated mycroft-alarm.mycroftai:{daytype}.
Regenerated mycroft-reminder.mycroftai:SnoozeReminder.intent.
Regenerated mycroft-reminder.mycroftai:Reminder.intent.
Regenerated mycroft-reminder.mycroftai:ClearReminders.intent.
Regenerated mycroft-reminder.mycroftai:GetNextReminders.intent.
Regenerated mycroft-reminder.mycroftai:GetRemindersForDay.intent.
Regenerated mycroft-reminder.mycroftai:UnspecifiedReminderAt.intent.
Regenerated mycroft-reminder.mycroftai:ReminderAt.intent.
Regenerated homeassistant.mycroftai:toggle.intent.
Regenerated homeassistant.mycroftai:tracker.intent.
Regenerated homeassistant.mycroftai:sensor.intent.
Regenerated homeassistant.mycroftai:turn.on.intent.
Regenerated homeassistant.mycroftai:set.light.brightness.intent.
Regenerated homeassistant.mycroftai:increase.light.brightness.intent.
Regenerated homeassistant.mycroftai:decrease.light.brightness.intent.
Regenerated mycroft-stop.mycroftai:ssh.disable.intent.
Regenerated mycroft-stop.mycroftai:ssh.enable.intent.
Regenerated mycroft-stop.mycroftai:shutdown.intent.
Regenerated mycroft-stop.mycroftai:wifi.setup.intent.
Regenerated mycroft-stop.mycroftai:reboot.intent.
Regenerated mycroft-hello-world.mycroftai:HowAreYou.intent.
Regenerated mycroft-date-time.mycroftai:date.future.weekend.intent.
Regenerated mycroft-date-time.mycroftai:what.time.will.it.be.intent.
Regenerated mycroft-date-time.mycroftai:date.last.weekend.intent.
Regenerated mycroft-date-time.mycroftai:what.time.is.it.intent.
Regenerated mycroft-configuration.mycroftai:DisablePreciseDev.intent.
Regenerated mycroft-configuration.mycroftai:WhereAreYou.intent.
Regenerated mycroft-configuration.mycroftai:EnablePreciseDev.intent.
Regenerated mycroft-personal.mycroftai:WhoMadeYou.intent.
Regenerated mycroft-reminder.mycroftai:CancelActiveReminder.intent.
Regenerated mycroft-reminder.mycroftai:DeleteReminderForDay.intent.
Regenerated mycroft-installer.mycroftai:list.skills.intent.
Regenerated mycroft-installer.mycroftai:is.installed.intent.
Regenerated mycroft-installer.mycroftai:install.custom.intent.
Regenerated mycroft-installer.mycroftai:install.beta.intent.
Regenerated mycroft-installer.mycroftai:install.intent.
Regenerated mycroft-installer.mycroftai:remove.intent.
Regenerated mycroft-timer.mycroftai:start.timer.intent.
Regenerated mycroft-timer.mycroftai:timer.status.intent.
Regenerated homeassistant.mycroftai:set.climate.intent.
Regenerated homeassistant.mycroftai:turn.off.intent.
Regenerated homeassistant.mycroftai:automation.intent.
Regenerated homeassistant.mycroftai:add.item.shopping.list.intent.
Regenerated mycroft-alarm.mycroftai:change.alarm.sound.intent.
Regenerated mycroft-alarm.mycroftai:snooze.intent.
Regenerated mycroft-npr-news.mycroftai:PlayTheNews.intent.
Regenerated mycroft-support-helper.mycroftai:contact.support.intent.
Regenerated mycroft-weather.mycroftai:do-i-need-an-umbrella.intent.
Regenerated mycroft-audio-record.mycroftai:PlayRecording.intent.
Regenerated mycroft-audio-record.mycroftai:StartRecording.intent.
Regenerated mycroft-personal.mycroftai:WhatAreYou.intent.
Regenerated mycroft-personal.mycroftai:DoYouRhyme.intent.
Regenerated mycroft-personal.mycroftai:DoYouDream.intent.
Regenerated mycroft-personal.mycroftai:WhoAreYou.intent.
Regenerated mycroft-personal.mycroftai:WhereWereYouBorn.intent.
Regenerated mycroft-personal.mycroftai:WhenWereYouBorn.intent.
Regenerated mycroft-wiki.mycroftai:Random.intent.
2021-10-22 21:47:18.781 | INFO     |  5835 | mycroft.skills.intent_services.padatious_service:train:153 | Training complete.
2021-10-22 21:47:30.172 | INFO     |  5835 | mycroft.skills.settings:save_settings:116 | Skill settings successfully saved to /home/runner/.config/mycroft/skills/mycroft-pairing.mycroftai/settings.json
2021-10-22 21:47:30.443 | INFO     |  5835 | mycroft.skills.settings:save_settings:116 | Skill settings successfully saved to /home/runner/.config/mycroft/skills/mycroft-timer.mycroftai/settings.json
2021-10-22 21:47:51.982 | INFO     |  5835 | __main__:on_stopping:193 | Skills service is shutting down...
2021-10-22 21:47:51.982 | INFO     |  5835 | __main__:shutdown:284 | Shutting down Skills service
2021-10-22 21:47:52.244 | ERROR    |  5835 | VolumeSkill | Couldn't allocate mixer, ALSAAudioError('No such file or directory [default]')
2021-10-22 21:47:52.245 | INFO     |  5835 | mycroft.skills.settings:save_settings:116 | Skill settings successfully saved to /home/runner/.config/mycroft/skills/mycroft-volume.mycroftai/settings.json
2021-10-22 21:47:52.248 | INFO     |  5835 | mycroft.skills.settings:save_settings:116 | Skill settings successfully saved to /home/runner/.config/mycroft/skills/mycroft-ip.mycroftai/settings.json
2021-10-22 21:47:52.255 | INFO     |  5835 | mycroft.skills.settings:save_settings:116 | Skill settings successfully saved to /home/runner/.config/mycroft/skills/mycroft-reminder.mycroftai/settings.json
2021-10-22 21:47:52.270 | INFO     |  5835 | mycroft.skills.settings:save_settings:116 | Skill settings successfully saved to /home/runner/.config/mycroft/skills/mycroft-installer.mycroftai/settings.json
2021-10-22 21:47:52.271 | INFO     |  5835 | mycroft.skills.settings:save_settings:116 | Skill settings successfully saved to /home/runner/.config/mycroft/skills/mycroft-version-checker.mycroftai/settings.json
2021-10-22 21:47:52.282 | INFO     |  5835 | mycroft.skills.settings:save_settings:116 | Skill settings successfully saved to /home/runner/.config/mycroft/skills/mycroft-singing.mycroftai/settings.json
2021-10-22 21:47:52.289 | INFO     |  5835 | mycroft.skills.settings:save_settings:116 | Skill settings successfully saved to /home/runner/.config/mycroft/skills/mycroft-joke.mycroftai/settings.json
2021-10-22 21:47:52.304 | INFO     |  5835 | HomeAssistantSkill | Removing all handlers...
2021-10-22 21:47:52.306 | WARNING  |  5835 | mycroft.skills.fallback_skill:remove_fallback:185 | Could not find matching fallback handler
2021-10-22 21:47:52.312 | INFO     |  5835 | mycroft.skills.settings:save_settings:116 | Skill settings successfully saved to /home/runner/.config/mycroft/skills/mycroft-alarm.mycroftai/settings.json
2021-10-22 21:47:52.317 | INFO     |  5835 | mycroft.skills.settings:save_settings:116 | Skill settings successfully saved to /home/runner/.config/mycroft/skills/mycroft-naptime.mycroftai/settings.json
2021-10-22 21:47:52.318 | INFO     |  5835 | mycroft.skills.settings:save_settings:116 | Skill settings successfully saved to /home/runner/.config/mycroft/skills/mycroft-spelling.mycroftai/settings.json
2021-10-22 21:47:52.319 | INFO     |  5835 | mycroft.skills.settings:save_settings:116 | Skill settings successfully saved to /home/runner/.config/mycroft/skills/mycroft-fallback-duck-duck-go.mycroftai/settings.json
2021-10-22 21:47:52.321 | INFO     |  5835 | mycroft.skills.settings:save_settings:116 | Skill settings successfully saved to /home/runner/.config/mycroft/skills/mycroft-npr-news.mycroftai/settings.json
2021-10-22 21:47:52.322 | INFO     |  5835 | mycroft.skills.settings:save_settings:116 | Skill settings successfully saved to /home/runner/.config/mycroft/skills/mycroft-support-helper.mycroftai/settings.json
2021-10-22 21:47:52.328 | INFO     |  5835 | mycroft.skills.settings:save_settings:116 | Skill settings successfully saved to /home/runner/.config/mycroft/skills/mycroft-weather.mycroftai/settings.json
2021-10-22 21:47:52.329 | INFO     |  5835 | mycroft.skills.settings:save_settings:116 | Skill settings successfully saved to /home/runner/.config/mycroft/skills/mycroft-speak.mycroftai/settings.json
2021-10-22 21:47:52.330 | INFO     |  5835 | mycroft.skills.settings:save_settings:116 | Skill settings successfully saved to /home/runner/.config/mycroft/skills/mycroft-audio-record.mycroftai/settings.json
2021-10-22 21:47:52.331 | INFO     |  5835 | mycroft.skills.settings:save_settings:116 | Skill settings successfully saved to /home/runner/.config/mycroft/skills/mycroft-stop.mycroftai/settings.json
2021-10-22 21:47:52.332 | INFO     |  5835 | mycroft.skills.settings:save_settings:116 | Skill settings successfully saved to /home/runner/.config/mycroft/skills/mycroft-hello-world.mycroftai/settings.json
2021-10-22 21:47:52.337 | INFO     |  5835 | mycroft.skills.settings:save_settings:116 | Skill settings successfully saved to /home/runner/.config/mycroft/skills/mycroft-date-time.mycroftai/settings.json
2021-10-22 21:47:52.349 | INFO     |  5835 | mycroft.skills.settings:save_settings:116 | Skill settings successfully saved to /home/runner/.config/mycroft/skills/mycroft-configuration.mycroftai/settings.json
2021-10-22 21:47:52.365 | INFO     |  5835 | QuestionsAnswersSkill | Removing all handlers...
2021-10-22 21:47:52.366 | INFO     |  5835 | mycroft.skills.settings:save_settings:116 | Skill settings successfully saved to /home/runner/.config/mycroft/skills/fallback-query.mycroftai/settings.json
2021-10-22 21:47:52.368 | INFO     |  5835 | mycroft.skills.settings:save_settings:116 | Skill settings successfully saved to /home/runner/.config/mycroft/skills/mycroft-personal.mycroftai/settings.json
2021-10-22 21:47:52.369 | INFO     |  5835 | mycroft.skills.settings:save_settings:116 | Skill settings successfully saved to /home/runner/.config/mycroft/skills/fallback-wolfram-alpha.mycroftai/settings.json
2021-10-22 21:47:52.371 | INFO     |  5835 | mycroft.skills.settings:save_settings:116 | Skill settings successfully saved to /home/runner/.config/mycroft/skills/mycroft-wiki.mycroftai/settings.json
2021-10-22 21:47:52.371 | INFO     |  5835 | UnknownSkill | Removing all handlers...
2021-10-22 21:47:52.372 | INFO     |  5835 | mycroft.skills.settings:save_settings:116 | Skill settings successfully saved to /home/runner/.config/mycroft/skills/fallback-unknown.mycroftai/settings.json
2021-10-22 21:47:52.373 | INFO     |  5835 | mycroft.skills.settings:save_settings:116 | Skill settings successfully saved to /home/runner/.config/mycroft/skills/mycroft-playback-control.mycroftai/settings.json
2021-10-22 21:47:53.374 | INFO     |  5835 | Playback Control Skill | Audio service status: {}
2021-10-22 21:47:54.375 | WARNING  |  5835 | mycroft.skills.skill_manager:_shutdown_skill:106 | mycroft-playback-control.mycroftai shutdown took 2.0022929429999863 seconds
2021-10-22 21:47:54.376 | INFO     |  5835 | __main__:shutdown:291 | Skills service shutdown complete!
2021-10-22 21:47:56.205 | ERROR    |  5835 | websocket | error from callback <bound method MessageBusClient.on_message of <mycroft.messagebus.client.client.MessageBusClient object at 0x7f0f38290e10>>: cannot schedule new futures after shutdown
2021-10-22 21:47:56.207 | ERROR    |  5835 | websocket | error from callback <bound method MessageBusClient.on_message of <mycroft.messagebus.client.client.MessageBusClient object at 0x7f0f38290e10>>: cannot schedule new futures after shutdown
2021-10-22 21:47:56.209 | ERROR    |  5835 | websocket | error from callback <bound method MessageBusClient.on_message of <mycroft.messagebus.client.client.MessageBusClient object at 0x7f0f38290e10>>: cannot schedule new futures after shutdown
