2021-10-14 21:22:15.942 | INFO     |  5328 | mycroft.messagebus.load_config:load_message_bus_config:33 | Loading message bus configs
2021-10-14 21:22:15.944 | ERROR    |  5328 | mycroft_bus_client.client.client | === ConnectionRefusedError(111, 'Connection refused') ===
Traceback (most recent call last):
  File "/opt/mycroft-core/.venv/lib/python3.7/site-packages/websocket/_app.py", line 254, in run_forever
    proxy_type=proxy_type)
  File "/opt/mycroft-core/.venv/lib/python3.7/site-packages/websocket/_core.py", line 220, in connect
    options.pop('socket', None))
  File "/opt/mycroft-core/.venv/lib/python3.7/site-packages/websocket/_http.py", line 120, in connect
    sock = _open_socket(addrinfo_list, options.sockopt, options.timeout)
  File "/opt/mycroft-core/.venv/lib/python3.7/site-packages/websocket/_http.py", line 190, in _open_socket
    raise err
  File "/opt/mycroft-core/.venv/lib/python3.7/site-packages/websocket/_http.py", line 170, in _open_socket
    sock.connect(address)
ConnectionRefusedError: [Errno 111] Connection refused
2021-10-14 21:22:15.945 | ERROR    |  5328 | mycroft_bus_client.client.client | Exception closing websocket: ConnectionRefusedError(111, 'Connection refused')
2021-10-14 21:22:15.945 | WARNING  |  5328 | mycroft_bus_client.client.client | Message Bus Client will reconnect in 5 seconds.
2021-10-14 21:22:20.951 | INFO     |  5328 | mycroft_bus_client.client.client | Connected
2021-10-14 21:22:20.957 | INFO     |  5328 | mycroft.util.process_utils:start_message_bus_client:155 | Connected to messagebus
2021-10-14 21:22:20.968 | INFO     |  5328 | mycroft.skills.msm_wrapper:create_msm:96 | Acquiring lock to instantiate MSM
2021-10-14 21:22:20.969 | INFO     |  5328 | msm.mycroft_skills_manager | building SkillEntry objects for all skills
2021-10-14 21:22:21.446 | INFO     |  5328 | mycroft.skills.msm_wrapper:create_msm:112 | Releasing MSM instantiation lock.
2021-10-14 21:22:21.447 | INFO     |  5328 | mycroft.skills.skill_updater:_log_next_download_time:267 | Next scheduled skill update: 2021-10-14 21:22:20.446656
2021-10-14 21:22:21.447 | INFO     |  5328 | msm.skill_entry | Downloading skill: https://github.com/mycroftai/skill-pairing
2021-10-14 21:22:22.376 | INFO     |  5328 | msm.skill_entry | Installing system requirements...
2021-10-14 21:22:22.384 | INFO     |  5328 | msm.skill_entry | Successfully installed mycroft-pairing
2021-10-14 21:22:22.385 | INFO     |  5328 | msm.mycroft_skills_manager | invalidating skills cache
2021-10-14 21:22:22.386 | INFO     |  5328 | mycroft.skills.skill_loader:load:185 | ATTEMPTING TO LOAD SKILL: mycroft-pairing.mycroftai
2021-10-14 21:22:22.393 | INFO     |  5328 | mycroft.skills.settings:get_local_settings:83 | /opt/mycroft/skills/mycroft-pairing.mycroftai/settings.json
2021-10-14 21:22:22.401 | INFO     |  5328 | mycroft.skills.skill_loader:_check_for_first_run:324 | First run of mycroft-pairing.mycroftai
2021-10-14 21:22:22.402 | INFO     |  5328 | mycroft.skills.settings:save_settings:116 | Skill settings successfully saved to /home/runner/.config/mycroft/skills/mycroft-pairing.mycroftai/settings.json
2021-10-14 21:22:22.403 | INFO     |  5328 | mycroft.skills.skill_loader:_communicate_load_status:344 | Skill mycroft-pairing.mycroftai loaded successfully
2021-10-14 21:22:22.403 | INFO     |  5328 | msm.skill_entry | Downloading skill: https://github.com/mycroftai/skill-volume
2021-10-14 21:22:23.123 | INFO     |  5328 | msm.skill_entry | Installing system requirements...
2021-10-14 21:22:23.133 | INFO     |  5328 | msm.skill_entry | Installing requirements.txt for mycroft-volume
2021-10-14 21:22:23.918 | INFO     |  5328 | msm.skill_entry | Successfully installed mycroft-volume
2021-10-14 21:22:23.919 | INFO     |  5328 | msm.mycroft_skills_manager | invalidating skills cache
2021-10-14 21:22:23.920 | INFO     |  5328 | mycroft.skills.skill_loader:load:185 | ATTEMPTING TO LOAD SKILL: mycroft-volume.mycroftai
2021-10-14 21:22:23.929 | INFO     |  5328 | mycroft.skills.settings:get_local_settings:83 | /opt/mycroft/skills/mycroft-volume.mycroftai/settings.json
2021-10-14 21:22:23.973 | ERROR    |  5328 | VolumeSkill | Couldn't allocate mixer, ALSAAudioError('No such file or directory [default]')
2021-10-14 21:22:26.975 | INFO     |  5328 | mycroft.skills.skill_loader:_check_for_first_run:324 | First run of mycroft-volume.mycroftai
2021-10-14 21:22:27.066 | INFO     |  5328 | mycroft.skills.settings:save_settings:116 | Skill settings successfully saved to /home/runner/.config/mycroft/skills/mycroft-volume.mycroftai/settings.json
2021-10-14 21:22:27.066 | INFO     |  5328 | mycroft.skills.skill_loader:_communicate_load_status:344 | Skill mycroft-volume.mycroftai loaded successfully
2021-10-14 21:22:27.067 | INFO     |  5328 | __main__:on_started:177 | Skills service is starting up.
2021-10-14 21:22:27.155 | INFO     |  5328 | __main__:_update_system:154 | Attempting system update...
2021-10-14 21:22:30.157 | INFO     |  5328 | mycroft.enclosure.display_manager:_write_data:70 | Display Manager is creating /tmp/mycroft/ipc/managers/disp_info
2021-10-14 21:22:30.158 | INFO     |  5328 | __main__:_ensure_device_is_paired:133 | Device not paired, invoking the pairing skill
2021-10-14 21:22:30.159 | INFO     |  5328 | __main__:on_alive:181 | Skills service is alive.
2021-10-14 21:22:30.161 | INFO     |  5328 | msm.mycroft_skills_manager | building SkillEntry objects for all skills
2021-10-14 21:22:30.534 | INFO     |  5328 | PairingSkill | Communicating account URL to user
2021-10-14 21:22:30.639 | WARNING  |  5328 | msm.mycroft_skills_manager | No such default skill: mycroft-pandora
2021-10-14 21:22:30.639 | INFO     |  5328 | mycroft.skills.skill_manager:run:234 | Not all default skills are installed, performing skill update...
2021-10-14 21:22:30.640 | INFO     |  5328 | mycroft.skills.skill_updater:update_skills:149 | Beginning skill update...
2021-10-14 21:22:30.722 | INFO     |  5328 | msm.mycroft_skills_manager | building SkillEntry objects for all skills
2021-10-14 21:22:31.144 | INFO     |  5328 | msm.mycroft_skills_manager | invalidating skills cache
2021-10-14 21:22:31.166 | INFO     |  5328 | msm.skill_entry | Downloading skill: https://github.com/mycroftai/fallback-wolfram-alpha
2021-10-14 21:22:31.167 | INFO     |  5328 | msm.skill_entry | Downloading skill: https://github.com/mycroftai/skill-audio-record
2021-10-14 21:22:31.167 | INFO     |  5328 | msm.skill_entry | Downloading skill: https://github.com/mycroftai/skill-alarm
2021-10-14 21:22:31.167 | INFO     |  5328 | msm.skill_entry | Downloading skill: https://github.com/mycroftai/fallback-unknown
2021-10-14 21:22:31.176 | INFO     |  5328 | msm.skill_entry | Downloading skill: https://github.com/mycroftai/skill-configuration
2021-10-14 21:22:31.185 | INFO     |  5328 | msm.skill_entry | Downloading skill: https://github.com/mycroftai/skill-hello-world
2021-10-14 21:22:31.186 | INFO     |  5328 | msm.skill_entry | Downloading skill: https://github.com/mycroftai/skill-installer
2021-10-14 21:22:31.186 | INFO     |  5328 | msm.skill_entry | Downloading skill: https://github.com/mycroftai/skill-ip
2021-10-14 21:22:31.186 | INFO     |  5328 | msm.skill_entry | Downloading skill: https://github.com/mycroftai/skill-joke
2021-10-14 21:22:31.188 | INFO     |  5328 | msm.skill_entry | Downloading skill: https://github.com/mycroftai/skill-naptime
2021-10-14 21:22:31.199 | INFO     |  5328 | msm.skill_entry | Downloading skill: https://github.com/mycroftai/skill-date-time
2021-10-14 21:22:31.199 | INFO     |  5328 | msm.skill_entry | Downloading skill: https://github.com/mycroftai/skill-personal
2021-10-14 21:22:31.200 | INFO     |  5328 | msm.skill_entry | Downloading skill: https://github.com/mycroftai/skill-playback-control
2021-10-14 21:22:31.202 | INFO     |  5328 | msm.skill_entry | Downloading skill: https://github.com/mycroftai/fallback-duckduckgo
2021-10-14 21:22:31.202 | INFO     |  5328 | msm.skill_entry | Downloading skill: https://github.com/mycroftai/skill-npr-news
2021-10-14 21:22:31.203 | INFO     |  5328 | msm.skill_entry | Downloading skill: https://github.com/mycroftai/skill-singing
2021-10-14 21:22:31.207 | INFO     |  5328 | msm.skill_entry | Downloading skill: https://github.com/mycroftai/skill-reminder
2021-10-14 21:22:32.069 | INFO     |  5328 | msm.skill_entry | Installing system requirements...
2021-10-14 21:22:32.121 | INFO     |  5328 | msm.skill_entry | Installing requirements.txt for mycroft-joke
2021-10-14 21:22:32.190 | ERROR    |  5328 | msm.mycroft_skills_manager | Error running install_or_update on homeassistant.mycroftai: MergeConflict
2021-10-14 21:22:32.194 | INFO     |  5328 | msm.skill_entry | Downloading skill: https://github.com/mycroftai/skill-speak
2021-10-14 21:22:32.678 | INFO     |  5328 | msm.skill_entry | Installing system requirements...
2021-10-14 21:22:32.683 | INFO     |  5328 | msm.skill_entry | Nothing new for mycroft-volume
2021-10-14 21:22:32.704 | INFO     |  5328 | msm.skill_entry | Installing requirements.txt for fallback-wolfram-alpha
2021-10-14 21:22:32.765 | INFO     |  5328 | msm.skill_entry | Nothing new for mycroft-pairing
2021-10-14 21:22:32.728 | INFO     |  5328 | msm.skill_entry | Installing system requirements...
2021-10-14 21:22:32.874 | INFO     |  5328 | msm.skill_entry | Installing requirements.txt for mycroft-volume
2021-10-14 21:22:32.910 | INFO     |  5328 | msm.skill_entry | Installing system requirements...
2021-10-14 21:22:32.938 | INFO     |  5328 | msm.skill_entry | Installing system requirements...
2021-10-14 21:22:32.981 | INFO     |  5328 | msm.skill_entry | Installing system requirements...
2021-10-14 21:22:32.983 | INFO     |  5328 | msm.skill_entry | Installing system requirements...
2021-10-14 21:22:32.992 | INFO     |  5328 | msm.skill_entry | Installing system requirements...
2021-10-14 21:22:33.020 | INFO     |  5328 | msm.skill_entry | Downloading skill: https://github.com/mycroftai/skill-spelling
2021-10-14 21:22:33.024 | INFO     |  5328 | msm.skill_entry | Installing system requirements...
2021-10-14 21:22:33.026 | INFO     |  5328 | msm.skill_entry | Installing system requirements...
2021-10-14 21:22:33.036 | INFO     |  5328 | msm.skill_entry | Installing system requirements...
2021-10-14 21:22:33.094 | INFO     |  5328 | msm.skill_entry | Installing requirements.txt for mycroft-fallback-duck-duck-go
2021-10-14 21:22:33.102 | INFO     |  5328 | msm.skill_entry | Installing system requirements...
2021-10-14 21:22:33.100 | INFO     |  5328 | msm.skill_entry | Successfully installed mycroft-personal
2021-10-14 21:22:33.106 | INFO     |  5328 | msm.mycroft_skills_manager | invalidating skills cache
2021-10-14 21:22:33.109 | INFO     |  5328 | msm.skill_entry | Downloading skill: https://github.com/mycroftai/skill-stop
2021-10-14 21:22:33.134 | INFO     |  5328 | msm.skill_entry | Successfully installed mycroft-playback-control
2021-10-14 21:22:33.135 | INFO     |  5328 | msm.mycroft_skills_manager | invalidating skills cache
2021-10-14 21:22:33.138 | INFO     |  5328 | msm.skill_entry | Downloading skill: https://github.com/mycroftai/skill-support
2021-10-14 21:22:33.152 | INFO     |  5328 | msm.skill_entry | Installing requirements.txt for mycroft-audio-record
2021-10-14 21:22:33.167 | INFO     |  5328 | msm.skill_entry | Installing system requirements...
2021-10-14 21:22:33.183 | INFO     |  5328 | msm.skill_entry | Installing requirements.txt for mycroft-ip
2021-10-14 21:22:33.184 | INFO     |  5328 | msm.skill_entry | Successfully installed mycroft-naptime
2021-10-14 21:22:33.184 | INFO     |  5328 | msm.mycroft_skills_manager | invalidating skills cache
2021-10-14 21:22:33.186 | INFO     |  5328 | msm.skill_entry | Downloading skill: https://github.com/mycroftai/mycroft-timer
2021-10-14 21:22:33.196 | INFO     |  5328 | msm.skill_entry | Installing system requirements...
2021-10-14 21:22:33.202 | INFO     |  5328 | msm.skill_entry | Successfully installed mycroft-hello-world
2021-10-14 21:22:33.203 | INFO     |  5328 | msm.mycroft_skills_manager | invalidating skills cache
2021-10-14 21:22:33.207 | INFO     |  5328 | msm.skill_entry | Downloading skill: https://github.com/mycroftai/skill-weather
2021-10-14 21:22:33.237 | INFO     |  5328 | msm.skill_entry | Installing requirements.txt for mycroft-npr-news
2021-10-14 21:22:33.265 | INFO     |  5328 | msm.skill_entry | Installing system requirements...
2021-10-14 21:22:33.278 | INFO     |  5328 | msm.skill_entry | Installing system requirements...
2021-10-14 21:22:33.306 | INFO     |  5328 | msm.skill_entry | Installing system requirements...
2021-10-14 21:22:33.319 | INFO     |  5328 | msm.skill_entry | Installing requirements.txt for mycroft-configuration
2021-10-14 21:22:33.356 | INFO     |  5328 | msm.skill_entry | Successfully installed fallback-unknown
2021-10-14 21:22:33.357 | INFO     |  5328 | msm.mycroft_skills_manager | invalidating skills cache
2021-10-14 21:22:33.357 | INFO     |  5328 | msm.skill_entry | Downloading skill: https://github.com/mycroftai/skill-version-checker
2021-10-14 21:22:33.375 | INFO     |  5328 | msm.skill_entry | Installing requirements.txt for mycroft-installer
2021-10-14 21:22:33.408 | INFO     |  5328 | msm.skill_entry | Successfully installed mycroft-speak
2021-10-14 21:22:33.409 | INFO     |  5328 | msm.mycroft_skills_manager | invalidating skills cache
2021-10-14 21:22:33.410 | INFO     |  5328 | msm.skill_entry | Downloading skill: https://github.com/mycroftai/skill-wiki
2021-10-14 21:22:33.450 | INFO     |  5328 | msm.skill_entry | Installing requirements.txt for mycroft-date-time
2021-10-14 21:22:33.643 | INFO     |  5328 | msm.skill_entry | Installing system requirements...
2021-10-14 21:22:33.695 | INFO     |  5328 | msm.skill_entry | Installing requirements.txt for mycroft-alarm
2021-10-14 21:22:33.737 | INFO     |  5328 | msm.skill_entry | Installing system requirements...
2021-10-14 21:22:33.773 | INFO     |  5328 | msm.skill_entry | Successfully installed mycroft-reminder
2021-10-14 21:22:33.773 | INFO     |  5328 | msm.mycroft_skills_manager | invalidating skills cache
2021-10-14 21:22:33.782 | INFO     |  5328 | msm.skill_entry | Downloading skill: https://github.com/MycroftAI/skill-query
2021-10-14 21:22:34.121 | INFO     |  5328 | msm.skill_entry | Installing system requirements...
2021-10-14 21:22:34.222 | INFO     |  5328 | msm.skill_entry | Successfully installed mycroft-spelling
2021-10-14 21:22:34.223 | INFO     |  5328 | msm.mycroft_skills_manager | invalidating skills cache
2021-10-14 21:22:34.252 | INFO     |  5328 | msm.skill_entry | Installing system requirements...
2021-10-14 21:22:34.304 | INFO     |  5328 | msm.skill_entry | Installing system requirements...
2021-10-14 21:22:34.384 | INFO     |  5328 | msm.skill_entry | Successfully installed mycroft-stop
2021-10-14 21:22:34.385 | INFO     |  5328 | msm.mycroft_skills_manager | invalidating skills cache
2021-10-14 21:22:34.415 | INFO     |  5328 | msm.skill_entry | Installing requirements.txt for mycroft-support-helper
2021-10-14 21:22:34.541 | INFO     |  5328 | msm.skill_entry | Installing system requirements...
2021-10-14 21:22:34.595 | INFO     |  5328 | msm.skill_entry | Installing system requirements...
2021-10-14 21:22:34.635 | INFO     |  5328 | msm.skill_entry | Successfully installed mycroft-version-checker
2021-10-14 21:22:34.635 | INFO     |  5328 | msm.mycroft_skills_manager | invalidating skills cache
2021-10-14 21:22:34.654 | INFO     |  5328 | msm.skill_entry | Successfully installed fallback-query
2021-10-14 21:22:34.654 | INFO     |  5328 | msm.mycroft_skills_manager | invalidating skills cache
2021-10-14 21:22:34.680 | INFO     |  5328 | msm.skill_entry | Installing system requirements...
2021-10-14 21:22:34.706 | INFO     |  5328 | msm.skill_entry | Installing system requirements...
2021-10-14 21:22:34.736 | INFO     |  5328 | msm.skill_entry | Installing requirements.txt for mycroft-wiki
2021-10-14 21:22:34.753 | INFO     |  5328 | msm.skill_entry | Successfully installed mycroft-timer
2021-10-14 21:22:34.753 | INFO     |  5328 | msm.mycroft_skills_manager | invalidating skills cache
2021-10-14 21:22:34.792 | ERROR    |  5328 | msm.mycroft_skills_manager | Error running install_or_update on homeassistant: MergeConflict
2021-10-14 21:22:34.945 | INFO     |  5328 | msm.skill_entry | Installing system requirements...
2021-10-14 21:22:34.983 | INFO     |  5328 | msm.skill_entry | Installing requirements.txt for mycroft-weather
2021-10-14 21:22:35.034 | INFO     |  5328 | msm.skill_entry | Installing system requirements...
2021-10-14 21:22:35.051 | INFO     |  5328 | msm.skill_entry | Successfully installed mycroft-joke
2021-10-14 21:22:35.051 | INFO     |  5328 | msm.mycroft_skills_manager | invalidating skills cache
2021-10-14 21:22:35.062 | INFO     |  5328 | msm.skill_entry | Successfully installed mycroft-singing
2021-10-14 21:22:35.062 | INFO     |  5328 | msm.mycroft_skills_manager | invalidating skills cache
2021-10-14 21:22:38.959 | INFO     |  5328 | msm.skill_entry | Successfully installed fallback-wolfram-alpha
2021-10-14 21:22:38.960 | INFO     |  5328 | msm.mycroft_skills_manager | invalidating skills cache
2021-10-14 21:22:40.742 | INFO     |  5328 | msm.skill_entry | Successfully installed mycroft-fallback-duck-duck-go
2021-10-14 21:22:40.742 | INFO     |  5328 | msm.mycroft_skills_manager | invalidating skills cache
2021-10-14 21:22:41.569 | INFO     |  5328 | msm.skill_entry | Successfully installed mycroft-audio-record
2021-10-14 21:22:41.570 | INFO     |  5328 | msm.mycroft_skills_manager | invalidating skills cache
2021-10-14 21:22:42.405 | INFO     |  5328 | msm.skill_entry | Successfully installed mycroft-ip
2021-10-14 21:22:42.406 | INFO     |  5328 | msm.mycroft_skills_manager | invalidating skills cache
2021-10-14 21:22:45.267 | INFO     |  5328 | msm.skill_entry | Successfully installed mycroft-npr-news
2021-10-14 21:22:45.268 | INFO     |  5328 | msm.mycroft_skills_manager | invalidating skills cache
2021-10-14 21:22:47.613 | INFO     |  5328 | msm.skill_entry | Successfully installed mycroft-configuration
2021-10-14 21:22:47.614 | INFO     |  5328 | msm.mycroft_skills_manager | invalidating skills cache
2021-10-14 21:22:48.468 | INFO     |  5328 | msm.skill_entry | Successfully installed mycroft-installer
2021-10-14 21:22:48.468 | INFO     |  5328 | msm.mycroft_skills_manager | invalidating skills cache
2021-10-14 21:23:00.874 | INFO     |  5328 | PairingSkill | Initiating device pairing sequence...
2021-10-14 21:23:00.874 | INFO     |  5328 | PairingSkill | Retrieving pairing code from device API...
2021-10-14 21:23:01.294 | INFO     |  5328 | PairingSkill | Pairing code obtained: RKWYNJ
2021-10-14 21:23:01.294 | INFO     |  5328 | PairingSkill | Communicating pairing URL to user
2021-10-14 21:23:03.402 | INFO     |  5328 | msm.skill_entry | Successfully installed mycroft-date-time
2021-10-14 21:23:03.402 | INFO     |  5328 | msm.mycroft_skills_manager | invalidating skills cache
2021-10-14 21:23:04.238 | INFO     |  5328 | msm.skill_entry | Successfully installed mycroft-alarm
2021-10-14 21:23:04.238 | INFO     |  5328 | msm.mycroft_skills_manager | invalidating skills cache
2021-10-14 21:23:06.373 | INFO     |  5328 | msm.skill_entry | Successfully installed mycroft-support-helper
2021-10-14 21:23:06.377 | INFO     |  5328 | msm.mycroft_skills_manager | invalidating skills cache
2021-10-14 21:23:08.281 | INFO     |  5328 | msm.skill_entry | Successfully installed mycroft-wiki
2021-10-14 21:23:08.282 | INFO     |  5328 | msm.mycroft_skills_manager | invalidating skills cache
2021-10-14 21:23:09.303 | INFO     |  5328 | msm.skill_entry | Successfully installed mycroft-weather
2021-10-14 21:23:09.304 | INFO     |  5328 | msm.mycroft_skills_manager | invalidating skills cache
2021-10-14 21:23:09.352 | INFO     |  5328 | mycroft.skills.skill_updater:_log_next_download_time:267 | Next scheduled skill update: 2021-10-14 22:23:09.352255
2021-10-14 21:23:09.353 | INFO     |  5328 | mycroft.skills.skill_updater:update_skills:170 | Skill update complete
2021-10-14 21:23:09.353 | INFO     |  5328 | mycroft.skills.skill_manager:_load_on_startup:273 | Loading installed skills...
2021-10-14 21:23:09.354 | INFO     |  5328 | mycroft.skills.skill_loader:load:185 | ATTEMPTING TO LOAD SKILL: mycroft-ip.mycroftai
2021-10-14 21:23:09.430 | INFO     |  5328 | mycroft.skills.settings:get_local_settings:83 | /opt/mycroft/skills/mycroft-ip.mycroftai/settings.json
2021-10-14 21:23:09.442 | INFO     |  5328 | mycroft.skills.skill_loader:_check_for_first_run:324 | First run of mycroft-ip.mycroftai
2021-10-14 21:23:09.444 | INFO     |  5328 | mycroft.skills.settings:save_settings:116 | Skill settings successfully saved to /home/runner/.config/mycroft/skills/mycroft-ip.mycroftai/settings.json
2021-10-14 21:23:09.444 | INFO     |  5328 | mycroft.skills.skill_loader:_communicate_load_status:344 | Skill mycroft-ip.mycroftai loaded successfully
2021-10-14 21:23:09.445 | INFO     |  5328 | mycroft.skills.skill_loader:load:185 | ATTEMPTING TO LOAD SKILL: mycroft-reminder.mycroftai
2021-10-14 21:23:09.456 | INFO     |  5328 | mycroft.skills.settings:get_local_settings:83 | /opt/mycroft/skills/mycroft-reminder.mycroftai/settings.json
2021-10-14 21:23:09.493 | INFO     |  5328 | mycroft.skills.skill_loader:_check_for_first_run:324 | First run of mycroft-reminder.mycroftai
2021-10-14 21:23:09.493 | INFO     |  5328 | mycroft.skills.settings:save_settings:116 | Skill settings successfully saved to /home/runner/.config/mycroft/skills/mycroft-reminder.mycroftai/settings.json
2021-10-14 21:23:09.497 | INFO     |  5328 | mycroft.skills.skill_loader:_communicate_load_status:344 | Skill mycroft-reminder.mycroftai loaded successfully
2021-10-14 21:23:09.497 | INFO     |  5328 | mycroft.skills.skill_loader:load:185 | ATTEMPTING TO LOAD SKILL: mycroft-installer.mycroftai
2021-10-14 21:23:09.502 | INFO     |  5328 | mycroft.skills.settings:get_local_settings:83 | /opt/mycroft/skills/mycroft-installer.mycroftai/settings.json
2021-10-14 21:23:09.524 | INFO     |  5328 | mycroft.skills.skill_loader:_check_for_first_run:324 | First run of mycroft-installer.mycroftai
2021-10-14 21:23:09.525 | INFO     |  5328 | mycroft.skills.settings:save_settings:116 | Skill settings successfully saved to /home/runner/.config/mycroft/skills/mycroft-installer.mycroftai/settings.json
2021-10-14 21:23:09.526 | INFO     |  5328 | mycroft.skills.skill_loader:_communicate_load_status:344 | Skill mycroft-installer.mycroftai loaded successfully
2021-10-14 21:23:09.527 | INFO     |  5328 | mycroft.skills.skill_loader:load:185 | ATTEMPTING TO LOAD SKILL: mycroft-version-checker.mycroftai
2021-10-14 21:23:09.540 | INFO     |  5328 | mycroft.skills.settings:get_local_settings:83 | /opt/mycroft/skills/mycroft-version-checker.mycroftai/settings.json
2021-10-14 21:23:09.573 | INFO     |  5328 | mycroft.skills.skill_loader:_check_for_first_run:324 | First run of mycroft-version-checker.mycroftai
2021-10-14 21:23:09.574 | INFO     |  5328 | mycroft.skills.settings:save_settings:116 | Skill settings successfully saved to /home/runner/.config/mycroft/skills/mycroft-version-checker.mycroftai/settings.json
2021-10-14 21:23:09.576 | INFO     |  5328 | mycroft.skills.skill_loader:_communicate_load_status:344 | Skill mycroft-version-checker.mycroftai loaded successfully
2021-10-14 21:23:09.577 | INFO     |  5328 | mycroft.skills.skill_loader:load:185 | ATTEMPTING TO LOAD SKILL: mycroft-singing.mycroftai
2021-10-14 21:23:09.580 | INFO     |  5328 | mycroft.skills.settings:get_local_settings:83 | /opt/mycroft/skills/mycroft-singing.mycroftai/settings.json
2021-10-14 21:23:09.598 | INFO     |  5328 | mycroft.skills.skill_loader:_check_for_first_run:324 | First run of mycroft-singing.mycroftai
2021-10-14 21:23:09.598 | INFO     |  5328 | mycroft.skills.settings:save_settings:116 | Skill settings successfully saved to /home/runner/.config/mycroft/skills/mycroft-singing.mycroftai/settings.json
2021-10-14 21:23:09.599 | INFO     |  5328 | mycroft.skills.skill_loader:_communicate_load_status:344 | Skill mycroft-singing.mycroftai loaded successfully
2021-10-14 21:23:09.599 | INFO     |  5328 | mycroft.skills.skill_loader:load:185 | ATTEMPTING TO LOAD SKILL: mycroft-joke.mycroftai
2021-10-14 21:23:09.618 | INFO     |  5328 | mycroft.skills.settings:get_local_settings:83 | /opt/mycroft/skills/mycroft-joke.mycroftai/settings.json
2021-10-14 21:23:09.632 | INFO     |  5328 | mycroft.skills.skill_loader:_check_for_first_run:324 | First run of mycroft-joke.mycroftai
2021-10-14 21:23:09.633 | INFO     |  5328 | mycroft.skills.settings:save_settings:116 | Skill settings successfully saved to /home/runner/.config/mycroft/skills/mycroft-joke.mycroftai/settings.json
2021-10-14 21:23:09.634 | INFO     |  5328 | mycroft.skills.skill_loader:_communicate_load_status:344 | Skill mycroft-joke.mycroftai loaded successfully
2021-10-14 21:23:09.634 | INFO     |  5328 | mycroft.skills.skill_loader:load:185 | ATTEMPTING TO LOAD SKILL: mycroft-timer.mycroftai
2021-10-14 21:23:09.648 | INFO     |  5328 | mycroft.skills.settings:get_local_settings:83 | /opt/mycroft/skills/mycroft-timer.mycroftai/settings.json
2021-10-14 21:23:09.678 | INFO     |  5328 | mycroft.skills.skill_loader:_check_for_first_run:324 | First run of mycroft-timer.mycroftai
2021-10-14 21:23:09.678 | INFO     |  5328 | mycroft.skills.settings:save_settings:116 | Skill settings successfully saved to /home/runner/.config/mycroft/skills/mycroft-timer.mycroftai/settings.json
2021-10-14 21:23:09.681 | INFO     |  5328 | mycroft.skills.skill_loader:_communicate_load_status:344 | Skill mycroft-timer.mycroftai loaded successfully
2021-10-14 21:23:09.682 | INFO     |  5328 | mycroft.skills.skill_loader:load:185 | ATTEMPTING TO LOAD SKILL: homeassistant.mycroftai
2021-10-14 21:23:10.010 | INFO     |  5328 | mycroft.skills.settings:get_local_settings:83 | /opt/mycroft/skills/homeassistant.mycroftai/settings.json
2021-10-14 21:23:10.011 | INFO     |  5328 | mycroft.skills.settings:get_local_settings:83 | /opt/mycroft/skills/homeassistant.mycroftai/settings.json
2021-10-14 21:23:10.055 | INFO     |  5328 | mycroft.skills.skill_loader:_communicate_load_status:344 | Skill homeassistant.mycroftai loaded successfully
2021-10-14 21:23:10.055 | INFO     |  5328 | mycroft.skills.skill_loader:load:185 | ATTEMPTING TO LOAD SKILL: mycroft-alarm.mycroftai
2021-10-14 21:23:10.086 | INFO     |  5328 | mycroft.skills.settings:get_local_settings:83 | /opt/mycroft/skills/mycroft-alarm.mycroftai/settings.json
2021-10-14 21:23:10.086 | ERROR    |  5328 | AlarmSkill | Couldn't allocate mixer, ALSAAudioError('No such file or directory [default]')
2021-10-14 21:23:10.186 | INFO     |  5328 | mycroft.skills.skill_loader:_check_for_first_run:324 | First run of mycroft-alarm.mycroftai
2021-10-14 21:23:10.186 | INFO     |  5328 | mycroft.skills.settings:save_settings:116 | Skill settings successfully saved to /home/runner/.config/mycroft/skills/mycroft-alarm.mycroftai/settings.json
2021-10-14 21:23:10.190 | INFO     |  5328 | mycroft.skills.skill_loader:_communicate_load_status:344 | Skill mycroft-alarm.mycroftai loaded successfully
2021-10-14 21:23:10.191 | INFO     |  5328 | mycroft.skills.skill_loader:load:185 | ATTEMPTING TO LOAD SKILL: mycroft-naptime.mycroftai
2021-10-14 21:23:10.198 | INFO     |  5328 | mycroft.skills.settings:get_local_settings:83 | /opt/mycroft/skills/mycroft-naptime.mycroftai/settings.json
2021-10-14 21:23:10.214 | INFO     |  5328 | mycroft.skills.skill_loader:_check_for_first_run:324 | First run of mycroft-naptime.mycroftai
2021-10-14 21:23:10.215 | INFO     |  5328 | mycroft.skills.settings:save_settings:116 | Skill settings successfully saved to /home/runner/.config/mycroft/skills/mycroft-naptime.mycroftai/settings.json
2021-10-14 21:23:10.225 | INFO     |  5328 | mycroft.skills.skill_loader:_communicate_load_status:344 | Skill mycroft-naptime.mycroftai loaded successfully
2021-10-14 21:23:10.225 | INFO     |  5328 | mycroft.skills.skill_loader:load:185 | ATTEMPTING TO LOAD SKILL: mycroft-spelling.mycroftai
2021-10-14 21:23:10.228 | INFO     |  5328 | mycroft.skills.settings:get_local_settings:83 | /opt/mycroft/skills/mycroft-spelling.mycroftai/settings.json
2021-10-14 21:23:10.245 | INFO     |  5328 | mycroft.skills.skill_loader:_check_for_first_run:324 | First run of mycroft-spelling.mycroftai
2021-10-14 21:23:10.251 | INFO     |  5328 | mycroft.skills.settings:save_settings:116 | Skill settings successfully saved to /home/runner/.config/mycroft/skills/mycroft-spelling.mycroftai/settings.json
2021-10-14 21:23:10.253 | INFO     |  5328 | mycroft.skills.skill_loader:_communicate_load_status:344 | Skill mycroft-spelling.mycroftai loaded successfully
2021-10-14 21:23:10.253 | INFO     |  5328 | mycroft.skills.skill_loader:load:185 | ATTEMPTING TO LOAD SKILL: mycroft-fallback-duck-duck-go.mycroftai
2021-10-14 21:23:10.260 | INFO     |  5328 | mycroft.skills.settings:get_local_settings:83 | /opt/mycroft/skills/mycroft-fallback-duck-duck-go.mycroftai/settings.json
2021-10-14 21:23:10.291 | INFO     |  5328 | mycroft.skills.skill_loader:_check_for_first_run:324 | First run of mycroft-fallback-duck-duck-go.mycroftai
2021-10-14 21:23:10.292 | INFO     |  5328 | mycroft.skills.settings:save_settings:116 | Skill settings successfully saved to /home/runner/.config/mycroft/skills/mycroft-fallback-duck-duck-go.mycroftai/settings.json
2021-10-14 21:23:10.295 | INFO     |  5328 | mycroft.skills.skill_loader:_communicate_load_status:344 | Skill mycroft-fallback-duck-duck-go.mycroftai loaded successfully
2021-10-14 21:23:10.296 | INFO     |  5328 | mycroft.skills.skill_loader:load:185 | ATTEMPTING TO LOAD SKILL: mycroft-npr-news.mycroftai
2021-10-14 21:23:10.398 | INFO     |  5328 | mycroft.skills.settings:get_local_settings:83 | /opt/mycroft/skills/mycroft-npr-news.mycroftai/settings.json
2021-10-14 21:23:11.446 | INFO     |  5328 | mycroft.skills.skill_loader:_check_for_first_run:324 | First run of mycroft-npr-news.mycroftai
2021-10-14 21:23:11.447 | INFO     |  5328 | mycroft.skills.settings:save_settings:116 | Skill settings successfully saved to /home/runner/.config/mycroft/skills/mycroft-npr-news.mycroftai/settings.json
2021-10-14 21:23:11.449 | INFO     |  5328 | mycroft.skills.skill_loader:_communicate_load_status:344 | Skill mycroft-npr-news.mycroftai loaded successfully
2021-10-14 21:23:11.450 | INFO     |  5328 | mycroft.skills.skill_loader:load:185 | ATTEMPTING TO LOAD SKILL: mycroft-support-helper.mycroftai
2021-10-14 21:23:11.457 | INFO     |  5328 | mycroft.skills.settings:get_local_settings:83 | /opt/mycroft/skills/mycroft-support-helper.mycroftai/settings.json
2021-10-14 21:23:11.462 | INFO     |  5328 | mycroft.skills.skill_loader:_check_for_first_run:324 | First run of mycroft-support-helper.mycroftai
2021-10-14 21:23:11.468 | INFO     |  5328 | mycroft.skills.settings:save_settings:116 | Skill settings successfully saved to /home/runner/.config/mycroft/skills/mycroft-support-helper.mycroftai/settings.json
2021-10-14 21:23:11.469 | INFO     |  5328 | mycroft.skills.skill_loader:_communicate_load_status:344 | Skill mycroft-support-helper.mycroftai loaded successfully
2021-10-14 21:23:11.469 | INFO     |  5328 | mycroft.skills.skill_loader:load:185 | ATTEMPTING TO LOAD SKILL: mycroft-weather.mycroftai
2021-10-14 21:23:11.653 | INFO     |  5328 | mycroft.skills.settings:get_local_settings:83 | /opt/mycroft/skills/mycroft-weather.mycroftai/settings.json
2021-10-14 21:23:11.806 | INFO     |  5328 | mycroft.skills.skill_loader:_check_for_first_run:324 | First run of mycroft-weather.mycroftai
2021-10-14 21:23:11.807 | INFO     |  5328 | mycroft.skills.settings:save_settings:116 | Skill settings successfully saved to /home/runner/.config/mycroft/skills/mycroft-weather.mycroftai/settings.json
2021-10-14 21:23:11.824 | INFO     |  5328 | mycroft.skills.skill_loader:_communicate_load_status:344 | Skill mycroft-weather.mycroftai loaded successfully
2021-10-14 21:23:11.825 | INFO     |  5328 | mycroft.skills.skill_loader:load:185 | ATTEMPTING TO LOAD SKILL: mycroft-speak.mycroftai
2021-10-14 21:23:11.829 | INFO     |  5328 | mycroft.skills.settings:get_local_settings:83 | /opt/mycroft/skills/mycroft-speak.mycroftai/settings.json
2021-10-14 21:23:11.868 | INFO     |  5328 | mycroft.skills.skill_loader:_check_for_first_run:324 | First run of mycroft-speak.mycroftai
2021-10-14 21:23:11.871 | INFO     |  5328 | mycroft.skills.settings:save_settings:116 | Skill settings successfully saved to /home/runner/.config/mycroft/skills/mycroft-speak.mycroftai/settings.json
2021-10-14 21:23:11.877 | INFO     |  5328 | mycroft.skills.skill_loader:_communicate_load_status:344 | Skill mycroft-speak.mycroftai loaded successfully
2021-10-14 21:23:11.877 | INFO     |  5328 | mycroft.skills.skill_loader:load:185 | ATTEMPTING TO LOAD SKILL: mycroft-audio-record.mycroftai
2021-10-14 21:23:11.895 | INFO     |  5328 | mycroft.skills.settings:get_local_settings:83 | /opt/mycroft/skills/mycroft-audio-record.mycroftai/settings.json
2021-10-14 21:23:11.934 | INFO     |  5328 | mycroft.skills.skill_loader:_check_for_first_run:324 | First run of mycroft-audio-record.mycroftai
2021-10-14 21:23:11.934 | INFO     |  5328 | mycroft.skills.settings:save_settings:116 | Skill settings successfully saved to /home/runner/.config/mycroft/skills/mycroft-audio-record.mycroftai/settings.json
2021-10-14 21:23:11.940 | INFO     |  5328 | mycroft.skills.skill_loader:_communicate_load_status:344 | Skill mycroft-audio-record.mycroftai loaded successfully
2021-10-14 21:23:11.940 | INFO     |  5328 | mycroft.skills.skill_loader:load:185 | ATTEMPTING TO LOAD SKILL: mycroft-stop.mycroftai
2021-10-14 21:23:11.947 | INFO     |  5328 | mycroft.skills.settings:get_local_settings:83 | /opt/mycroft/skills/mycroft-stop.mycroftai/settings.json
2021-10-14 21:23:11.981 | INFO     |  5328 | mycroft.skills.skill_loader:_check_for_first_run:324 | First run of mycroft-stop.mycroftai
2021-10-14 21:23:11.982 | INFO     |  5328 | mycroft.skills.settings:save_settings:116 | Skill settings successfully saved to /home/runner/.config/mycroft/skills/mycroft-stop.mycroftai/settings.json
2021-10-14 21:23:11.984 | INFO     |  5328 | mycroft.skills.skill_loader:_communicate_load_status:344 | Skill mycroft-stop.mycroftai loaded successfully
2021-10-14 21:23:11.984 | INFO     |  5328 | mycroft.skills.skill_loader:load:185 | ATTEMPTING TO LOAD SKILL: mycroft-hello-world.mycroftai
2021-10-14 21:23:11.989 | INFO     |  5328 | mycroft.skills.settings:get_local_settings:83 | /opt/mycroft/skills/mycroft-hello-world.mycroftai/settings.json
2021-10-14 21:23:12.000 | INFO     |  5328 | mycroft.skills.skill_loader:_check_for_first_run:324 | First run of mycroft-hello-world.mycroftai
2021-10-14 21:23:12.000 | INFO     |  5328 | mycroft.skills.settings:save_settings:116 | Skill settings successfully saved to /home/runner/.config/mycroft/skills/mycroft-hello-world.mycroftai/settings.json
2021-10-14 21:23:12.001 | INFO     |  5328 | mycroft.skills.skill_loader:_communicate_load_status:344 | Skill mycroft-hello-world.mycroftai loaded successfully
2021-10-14 21:23:12.001 | INFO     |  5328 | mycroft.skills.skill_loader:load:185 | ATTEMPTING TO LOAD SKILL: mycroft-date-time.mycroftai
2021-10-14 21:23:12.618 | INFO     |  5328 | mycroft.skills.settings:get_local_settings:83 | /opt/mycroft/skills/mycroft-date-time.mycroftai/settings.json
2021-10-14 21:23:12.690 | INFO     |  5328 | TimeSkill | Registering resting screen <bound method TimeSkill.handle_idle of <mycroft-date-time_mycroftai.TimeSkill object at 0x7f930cc245d0>> for Time and Date.
2021-10-14 21:23:12.691 | INFO     |  5328 | TimeSkill | Registering resting screen
2021-10-14 21:23:12.706 | INFO     |  5328 | mycroft.skills.skill_loader:_check_for_first_run:324 | First run of mycroft-date-time.mycroftai
2021-10-14 21:23:12.707 | INFO     |  5328 | mycroft.skills.settings:save_settings:116 | Skill settings successfully saved to /home/runner/.config/mycroft/skills/mycroft-date-time.mycroftai/settings.json
2021-10-14 21:23:12.713 | INFO     |  5328 | mycroft.skills.skill_loader:_communicate_load_status:344 | Skill mycroft-date-time.mycroftai loaded successfully
2021-10-14 21:23:12.714 | INFO     |  5328 | mycroft.skills.skill_loader:load:185 | ATTEMPTING TO LOAD SKILL: mycroft-configuration.mycroftai
2021-10-14 21:23:12.779 | INFO     |  5328 | mycroft.skills.settings:get_local_settings:83 | /opt/mycroft/skills/mycroft-configuration.mycroftai/settings.json
2021-10-14 21:23:12.897 | INFO     |  5328 | mycroft.skills.skill_loader:_check_for_first_run:324 | First run of mycroft-configuration.mycroftai
2021-10-14 21:23:12.898 | INFO     |  5328 | mycroft.skills.settings:save_settings:116 | Skill settings successfully saved to /home/runner/.config/mycroft/skills/mycroft-configuration.mycroftai/settings.json
2021-10-14 21:23:12.899 | INFO     |  5328 | mycroft.skills.skill_loader:_communicate_load_status:344 | Skill mycroft-configuration.mycroftai loaded successfully
2021-10-14 21:23:12.899 | INFO     |  5328 | mycroft.skills.skill_loader:load:185 | ATTEMPTING TO LOAD SKILL: fallback-query.mycroftai
2021-10-14 21:23:12.939 | INFO     |  5328 | mycroft.skills.settings:get_local_settings:83 | /opt/mycroft/skills/fallback-query.mycroftai/settings.json
2021-10-14 21:23:12.975 | INFO     |  5328 | mycroft.skills.skill_loader:_check_for_first_run:324 | First run of fallback-query.mycroftai
2021-10-14 21:23:12.975 | INFO     |  5328 | mycroft.skills.settings:save_settings:116 | Skill settings successfully saved to /home/runner/.config/mycroft/skills/fallback-query.mycroftai/settings.json
2021-10-14 21:23:12.976 | INFO     |  5328 | mycroft.skills.skill_loader:_communicate_load_status:344 | Skill fallback-query.mycroftai loaded successfully
2021-10-14 21:23:12.976 | INFO     |  5328 | mycroft.skills.skill_loader:load:185 | ATTEMPTING TO LOAD SKILL: mycroft-personal.mycroftai
2021-10-14 21:23:12.996 | INFO     |  5328 | mycroft.skills.settings:get_local_settings:83 | /opt/mycroft/skills/mycroft-personal.mycroftai/settings.json
2021-10-14 21:23:13.045 | INFO     |  5328 | mycroft.skills.skill_loader:_check_for_first_run:324 | First run of mycroft-personal.mycroftai
2021-10-14 21:23:13.060 | INFO     |  5328 | mycroft.skills.settings:save_settings:116 | Skill settings successfully saved to /home/runner/.config/mycroft/skills/mycroft-personal.mycroftai/settings.json
2021-10-14 21:23:13.077 | INFO     |  5328 | mycroft.skills.skill_loader:_communicate_load_status:344 | Skill mycroft-personal.mycroftai loaded successfully
2021-10-14 21:23:13.089 | INFO     |  5328 | mycroft.skills.skill_loader:load:185 | ATTEMPTING TO LOAD SKILL: fallback-wolfram-alpha.mycroftai
2021-10-14 21:23:13.247 | INFO     |  5328 | mycroft.skills.settings:get_local_settings:83 | /opt/mycroft/skills/fallback-wolfram-alpha.mycroftai/settings.json
2021-10-14 21:23:13.287 | INFO     |  5328 | mycroft.skills.skill_loader:_check_for_first_run:324 | First run of fallback-wolfram-alpha.mycroftai
2021-10-14 21:23:13.288 | INFO     |  5328 | mycroft.skills.settings:save_settings:116 | Skill settings successfully saved to /home/runner/.config/mycroft/skills/fallback-wolfram-alpha.mycroftai/settings.json
2021-10-14 21:23:13.306 | INFO     |  5328 | mycroft.skills.skill_loader:_communicate_load_status:344 | Skill fallback-wolfram-alpha.mycroftai loaded successfully
2021-10-14 21:23:13.307 | INFO     |  5328 | mycroft.skills.skill_loader:load:185 | ATTEMPTING TO LOAD SKILL: mycroft-wiki.mycroftai
2021-10-14 21:23:13.323 | INFO     |  5328 | mycroft.skills.settings:get_local_settings:83 | /opt/mycroft/skills/mycroft-wiki.mycroftai/settings.json
2021-10-14 21:23:13.374 | INFO     |  5328 | mycroft.skills.skill_loader:_check_for_first_run:324 | First run of mycroft-wiki.mycroftai
2021-10-14 21:23:13.377 | INFO     |  5328 | mycroft.skills.settings:save_settings:116 | Skill settings successfully saved to /home/runner/.config/mycroft/skills/mycroft-wiki.mycroftai/settings.json
2021-10-14 21:23:13.378 | INFO     |  5328 | mycroft.skills.skill_loader:_communicate_load_status:344 | Skill mycroft-wiki.mycroftai loaded successfully
2021-10-14 21:23:13.378 | INFO     |  5328 | mycroft.skills.skill_loader:load:185 | ATTEMPTING TO LOAD SKILL: fallback-unknown.mycroftai
2021-10-14 21:23:13.385 | INFO     |  5328 | mycroft.skills.settings:get_local_settings:83 | /opt/mycroft/skills/fallback-unknown.mycroftai/settings.json
2021-10-14 21:23:13.422 | INFO     |  5328 | mycroft.skills.skill_loader:_check_for_first_run:324 | First run of fallback-unknown.mycroftai
2021-10-14 21:23:13.422 | INFO     |  5328 | mycroft.skills.settings:save_settings:116 | Skill settings successfully saved to /home/runner/.config/mycroft/skills/fallback-unknown.mycroftai/settings.json
2021-10-14 21:23:13.428 | INFO     |  5328 | mycroft.skills.skill_loader:_communicate_load_status:344 | Skill fallback-unknown.mycroftai loaded successfully
2021-10-14 21:23:13.428 | INFO     |  5328 | mycroft.skills.skill_loader:load:185 | ATTEMPTING TO LOAD SKILL: mycroft-playback-control.mycroftai
2021-10-14 21:23:13.448 | INFO     |  5328 | mycroft.skills.settings:get_local_settings:83 | /opt/mycroft/skills/mycroft-playback-control.mycroftai/settings.json
2021-10-14 21:23:13.490 | INFO     |  5328 | mycroft.skills.skill_loader:_check_for_first_run:324 | First run of mycroft-playback-control.mycroftai
2021-10-14 21:23:13.492 | INFO     |  5328 | mycroft.skills.settings:save_settings:116 | Skill settings successfully saved to /home/runner/.config/mycroft/skills/mycroft-playback-control.mycroftai/settings.json
2021-10-14 21:23:13.492 | INFO     |  5328 | mycroft.skills.skill_loader:_communicate_load_status:344 | Skill mycroft-playback-control.mycroftai loaded successfully
2021-10-14 21:23:13.494 | INFO     |  5328 | mycroft.skills.skill_manager:_load_on_startup:275 | Skills all loaded!
2021-10-14 21:23:13.593 | INFO     |  5328 | __main__:on_ready:185 | Skills service is ready.
2021-10-14 21:23:13.790 | INFO     |  5328 | mycroft.skills.intent_services.padatious_service:train:81 | Training... (single_thread=False)
Regenerated mycroft-alarm.mycroftai:{daytype}.
Regenerated mycroft-reminder.mycroftai:ReminderAt.intent.
Regenerated mycroft-reminder.mycroftai:Reminder.intent.
Regenerated mycroft-installer.mycroftai:install.intent.
Regenerated mycroft-installer.mycroftai:is.installed.intent.
Regenerated mycroft-installer.mycroftai:list.skills.intent.
Regenerated mycroft-installer.mycroftai:remove.intent.
Regenerated mycroft-installer.mycroftai:install.beta.intent.
Regenerated mycroft-alarm.mycroftai:snooze.intent.
Regenerated mycroft-alarm.mycroftai:change.alarm.sound.intent.
Regenerated mycroft-npr-news.mycroftai:PlayTheNews.intent.
Regenerated mycroft-support-helper.mycroftai:contact.support.intent.
Regenerated mycroft-weather.mycroftai:do-i-need-an-umbrella.intent.
Regenerated mycroft-audio-record.mycroftai:StartRecording.intent.
Regenerated mycroft-audio-record.mycroftai:PlayRecording.intent.
Regenerated mycroft-stop.mycroftai:shutdown.intent.
Regenerated mycroft-stop.mycroftai:ssh.enable.intent.
Regenerated mycroft-stop.mycroftai:ssh.disable.intent.
Regenerated mycroft-stop.mycroftai:wifi.setup.intent.
Regenerated mycroft-stop.mycroftai:reboot.intent.
Regenerated mycroft-hello-world.mycroftai:HowAreYou.intent.
Regenerated mycroft-date-time.mycroftai:date.future.weekend.intent.
Regenerated mycroft-date-time.mycroftai:date.last.weekend.intent.
Regenerated mycroft-date-time.mycroftai:what.time.is.it.intent.
Regenerated mycroft-date-time.mycroftai:what.time.will.it.be.intent.
Regenerated mycroft-configuration.mycroftai:WhereAreYou.intent.
Regenerated mycroft-personal.mycroftai:DoYouDream.intent.
Regenerated mycroft-configuration.mycroftai:EnablePreciseDev.intent.
Regenerated mycroft-personal.mycroftai:WhoAreYou.intent.
Regenerated mycroft-personal.mycroftai:DoYouRhyme.intent.
Regenerated mycroft-personal.mycroftai:WhoMadeYou.intent.
Regenerated mycroft-personal.mycroftai:WhenWereYouBorn.intent.
Regenerated mycroft-personal.mycroftai:WhatAreYou.intent.
Regenerated mycroft-personal.mycroftai:WhereWereYouBorn.intent.
Regenerated mycroft-configuration.mycroftai:DisablePreciseDev.intent.
Regenerated mycroft-wiki.mycroftai:Random.intent.
Regenerated mycroft-reminder.mycroftai:CancelActiveReminder.intent.
Regenerated mycroft-reminder.mycroftai:ClearReminders.intent.
Regenerated mycroft-reminder.mycroftai:UnspecifiedReminderAt.intent.
Regenerated mycroft-reminder.mycroftai:GetNextReminders.intent.
Regenerated mycroft-reminder.mycroftai:DeleteReminderForDay.intent.
Regenerated mycroft-reminder.mycroftai:SnoozeReminder.intent.
Regenerated mycroft-reminder.mycroftai:GetRemindersForDay.intent.
Regenerated mycroft-installer.mycroftai:install.custom.intent.
Regenerated mycroft-timer.mycroftai:start.timer.intent.
Regenerated mycroft-timer.mycroftai:timer.status.intent.
Regenerated homeassistant.mycroftai:set.climate.intent.
Regenerated homeassistant.mycroftai:automation.intent.
Regenerated homeassistant.mycroftai:tracker.intent.
Regenerated homeassistant.mycroftai:add.item.shopping.list.intent.
Regenerated homeassistant.mycroftai:set.light.brightness.intent.
Regenerated homeassistant.mycroftai:increase.light.brightness.intent.
Regenerated homeassistant.mycroftai:turn.off.intent.
Regenerated homeassistant.mycroftai:turn.on.intent.
Regenerated homeassistant.mycroftai:sensor.intent.
Regenerated homeassistant.mycroftai:decrease.light.brightness.intent.
Regenerated homeassistant.mycroftai:toggle.intent.
2021-10-14 21:23:17.401 | INFO     |  5328 | mycroft.skills.intent_services.padatious_service:train:83 | Training complete.
2021-10-14 21:23:28.373 | INFO     |  5328 | mycroft.skills.settings:save_settings:116 | Skill settings successfully saved to /home/runner/.config/mycroft/skills/mycroft-timer.mycroftai/settings.json
2021-10-14 21:23:34.636 | INFO     |  5328 | mycroft.skills.settings:save_settings:116 | Skill settings successfully saved to /home/runner/.config/mycroft/skills/mycroft-pairing.mycroftai/settings.json
2021-10-14 21:23:50.211 | INFO     |  5328 | __main__:on_stopping:193 | Skills service is shutting down...
2021-10-14 21:23:50.211 | INFO     |  5328 | __main__:shutdown:284 | Shutting down Skills service
2021-10-14 21:23:50.620 | ERROR    |  5328 | VolumeSkill | Couldn't allocate mixer, ALSAAudioError('No such file or directory [default]')
2021-10-14 21:23:50.621 | INFO     |  5328 | mycroft.skills.settings:save_settings:116 | Skill settings successfully saved to /home/runner/.config/mycroft/skills/mycroft-volume.mycroftai/settings.json
2021-10-14 21:23:50.623 | INFO     |  5328 | mycroft.skills.settings:save_settings:116 | Skill settings successfully saved to /home/runner/.config/mycroft/skills/mycroft-ip.mycroftai/settings.json
2021-10-14 21:23:50.631 | INFO     |  5328 | mycroft.skills.settings:save_settings:116 | Skill settings successfully saved to /home/runner/.config/mycroft/skills/mycroft-reminder.mycroftai/settings.json
2021-10-14 21:23:50.643 | INFO     |  5328 | mycroft.skills.settings:save_settings:116 | Skill settings successfully saved to /home/runner/.config/mycroft/skills/mycroft-installer.mycroftai/settings.json
2021-10-14 21:23:50.646 | INFO     |  5328 | mycroft.skills.settings:save_settings:116 | Skill settings successfully saved to /home/runner/.config/mycroft/skills/mycroft-version-checker.mycroftai/settings.json
2021-10-14 21:23:50.655 | INFO     |  5328 | mycroft.skills.settings:save_settings:116 | Skill settings successfully saved to /home/runner/.config/mycroft/skills/mycroft-singing.mycroftai/settings.json
2021-10-14 21:23:50.657 | INFO     |  5328 | mycroft.skills.settings:save_settings:116 | Skill settings successfully saved to /home/runner/.config/mycroft/skills/mycroft-joke.mycroftai/settings.json
2021-10-14 21:23:50.660 | INFO     |  5328 | HomeAssistantSkill | Removing all handlers...
2021-10-14 21:23:50.661 | WARNING  |  5328 | mycroft.skills.fallback_skill:remove_fallback:185 | Could not find matching fallback handler
2021-10-14 21:23:50.662 | INFO     |  5328 | mycroft.skills.settings:save_settings:116 | Skill settings successfully saved to /home/runner/.config/mycroft/skills/mycroft-alarm.mycroftai/settings.json
2021-10-14 21:23:50.681 | INFO     |  5328 | mycroft.skills.settings:save_settings:116 | Skill settings successfully saved to /home/runner/.config/mycroft/skills/mycroft-naptime.mycroftai/settings.json
2021-10-14 21:23:50.701 | INFO     |  5328 | mycroft.skills.settings:save_settings:116 | Skill settings successfully saved to /home/runner/.config/mycroft/skills/mycroft-spelling.mycroftai/settings.json
2021-10-14 21:23:50.706 | INFO     |  5328 | mycroft.skills.settings:save_settings:116 | Skill settings successfully saved to /home/runner/.config/mycroft/skills/mycroft-fallback-duck-duck-go.mycroftai/settings.json
2021-10-14 21:23:50.707 | INFO     |  5328 | mycroft.skills.settings:save_settings:116 | Skill settings successfully saved to /home/runner/.config/mycroft/skills/mycroft-npr-news.mycroftai/settings.json
2021-10-14 21:23:50.709 | INFO     |  5328 | mycroft.skills.settings:save_settings:116 | Skill settings successfully saved to /home/runner/.config/mycroft/skills/mycroft-support-helper.mycroftai/settings.json
2021-10-14 21:23:50.714 | INFO     |  5328 | mycroft.skills.settings:save_settings:116 | Skill settings successfully saved to /home/runner/.config/mycroft/skills/mycroft-weather.mycroftai/settings.json
2021-10-14 21:23:50.720 | INFO     |  5328 | mycroft.skills.settings:save_settings:116 | Skill settings successfully saved to /home/runner/.config/mycroft/skills/mycroft-speak.mycroftai/settings.json
2021-10-14 21:23:50.734 | INFO     |  5328 | mycroft.skills.settings:save_settings:116 | Skill settings successfully saved to /home/runner/.config/mycroft/skills/mycroft-audio-record.mycroftai/settings.json
2021-10-14 21:23:50.735 | INFO     |  5328 | mycroft.skills.settings:save_settings:116 | Skill settings successfully saved to /home/runner/.config/mycroft/skills/mycroft-stop.mycroftai/settings.json
2021-10-14 21:23:50.736 | INFO     |  5328 | mycroft.skills.settings:save_settings:116 | Skill settings successfully saved to /home/runner/.config/mycroft/skills/mycroft-hello-world.mycroftai/settings.json
2021-10-14 21:23:50.741 | INFO     |  5328 | mycroft.skills.settings:save_settings:116 | Skill settings successfully saved to /home/runner/.config/mycroft/skills/mycroft-date-time.mycroftai/settings.json
2021-10-14 21:23:50.743 | INFO     |  5328 | mycroft.skills.settings:save_settings:116 | Skill settings successfully saved to /home/runner/.config/mycroft/skills/mycroft-configuration.mycroftai/settings.json
2021-10-14 21:23:50.744 | INFO     |  5328 | QuestionsAnswersSkill | Removing all handlers...
2021-10-14 21:23:50.750 | INFO     |  5328 | mycroft.skills.settings:save_settings:116 | Skill settings successfully saved to /home/runner/.config/mycroft/skills/fallback-query.mycroftai/settings.json
2021-10-14 21:23:50.752 | INFO     |  5328 | mycroft.skills.settings:save_settings:116 | Skill settings successfully saved to /home/runner/.config/mycroft/skills/mycroft-personal.mycroftai/settings.json
2021-10-14 21:23:50.780 | INFO     |  5328 | mycroft.skills.settings:save_settings:116 | Skill settings successfully saved to /home/runner/.config/mycroft/skills/fallback-wolfram-alpha.mycroftai/settings.json
2021-10-14 21:23:50.781 | INFO     |  5328 | mycroft.skills.settings:save_settings:116 | Skill settings successfully saved to /home/runner/.config/mycroft/skills/mycroft-wiki.mycroftai/settings.json
2021-10-14 21:23:50.781 | INFO     |  5328 | UnknownSkill | Removing all handlers...
2021-10-14 21:23:50.782 | INFO     |  5328 | mycroft.skills.settings:save_settings:116 | Skill settings successfully saved to /home/runner/.config/mycroft/skills/fallback-unknown.mycroftai/settings.json
2021-10-14 21:23:50.783 | INFO     |  5328 | mycroft.skills.settings:save_settings:116 | Skill settings successfully saved to /home/runner/.config/mycroft/skills/mycroft-playback-control.mycroftai/settings.json
2021-10-14 21:23:51.784 | INFO     |  5328 | Playback Control Skill | Audio service status: {}
2021-10-14 21:23:52.785 | WARNING  |  5328 | mycroft.skills.skill_manager:_shutdown_skill:106 | mycroft-playback-control.mycroftai shutdown took 2.001968368000007 seconds
2021-10-14 21:23:52.785 | INFO     |  5328 | __main__:shutdown:291 | Skills service shutdown complete!
2021-10-14 21:23:52.982 | ERROR    |  5328 | websocket | error from callback <bound method MessageBusClient.on_message of <mycroft.messagebus.client.client.MessageBusClient object at 0x7f931c273d50>>: cannot schedule new futures after shutdown
2021-10-14 21:23:52.983 | ERROR    |  5328 | websocket | error from callback <bound method MessageBusClient.on_message of <mycroft.messagebus.client.client.MessageBusClient object at 0x7f931c273d50>>: cannot schedule new futures after shutdown
2021-10-14 21:23:52.985 | ERROR    |  5328 | websocket | error from callback <bound method MessageBusClient.on_message of <mycroft.messagebus.client.client.MessageBusClient object at 0x7f931c273d50>>: cannot schedule new futures after shutdown
