2021-10-19 21:16:28.099 | INFO     |  5417 | mycroft.messagebus.load_config:load_message_bus_config:33 | Loading message bus configs
2021-10-19 21:16:28.111 | ERROR    |  5417 | mycroft_bus_client.client.client | === ConnectionRefusedError(111, 'Connection refused') ===
Traceback (most recent call last):
  File "/opt/mycroft-core/.venv/lib/python3.7/site-packages/websocket/_app.py", line 254, in run_forever
    proxy_type=proxy_type)
  File "/opt/mycroft-core/.venv/lib/python3.7/site-packages/websocket/_core.py", line 220, in connect
    options.pop('socket', None))
  File "/opt/mycroft-core/.venv/lib/python3.7/site-packages/websocket/_http.py", line 120, in connect
    sock = _open_socket(addrinfo_list, options.sockopt, options.timeout)
  File "/opt/mycroft-core/.venv/lib/python3.7/site-packages/websocket/_http.py", line 190, in _open_socket
    raise err
  File "/opt/mycroft-core/.venv/lib/python3.7/site-packages/websocket/_http.py", line 170, in _open_socket
    sock.connect(address)
ConnectionRefusedError: [Errno 111] Connection refused
2021-10-19 21:16:28.111 | ERROR    |  5417 | mycroft_bus_client.client.client | Exception closing websocket: ConnectionRefusedError(111, 'Connection refused')
2021-10-19 21:16:28.111 | WARNING  |  5417 | mycroft_bus_client.client.client | Message Bus Client will reconnect in 5 seconds.
2021-10-19 21:16:33.116 | INFO     |  5417 | mycroft_bus_client.client.client | Connected
2021-10-19 21:16:33.124 | INFO     |  5417 | mycroft.util.process_utils:start_message_bus_client:155 | Connected to messagebus
2021-10-19 21:16:33.137 | INFO     |  5417 | mycroft.skills.msm_wrapper:create_msm:96 | Acquiring lock to instantiate MSM
2021-10-19 21:16:33.137 | INFO     |  5417 | msm.mycroft_skills_manager | building SkillEntry objects for all skills
2021-10-19 21:16:33.444 | INFO     |  5417 | mycroft.skills.msm_wrapper:create_msm:112 | Releasing MSM instantiation lock.
2021-10-19 21:16:33.445 | INFO     |  5417 | mycroft.skills.skill_updater:_log_next_download_time:267 | Next scheduled skill update: 2021-10-19 21:16:32.445047
2021-10-19 21:16:33.445 | INFO     |  5417 | msm.skill_entry | Downloading skill: https://github.com/mycroftai/skill-pairing
2021-10-19 21:16:33.731 | INFO     |  5417 | msm.skill_entry | Installing system requirements...
2021-10-19 21:16:33.739 | INFO     |  5417 | msm.skill_entry | Successfully installed mycroft-pairing
2021-10-19 21:16:33.739 | INFO     |  5417 | msm.mycroft_skills_manager | invalidating skills cache
2021-10-19 21:16:33.741 | INFO     |  5417 | mycroft.skills.skill_loader:load:185 | ATTEMPTING TO LOAD SKILL: mycroft-pairing.mycroftai
2021-10-19 21:16:33.747 | INFO     |  5417 | mycroft.skills.settings:get_local_settings:83 | /opt/mycroft/skills/mycroft-pairing.mycroftai/settings.json
2021-10-19 21:16:33.756 | INFO     |  5417 | mycroft.skills.skill_loader:_check_for_first_run:324 | First run of mycroft-pairing.mycroftai
2021-10-19 21:16:33.757 | INFO     |  5417 | mycroft.skills.settings:save_settings:116 | Skill settings successfully saved to /home/runner/.config/mycroft/skills/mycroft-pairing.mycroftai/settings.json
2021-10-19 21:16:33.761 | INFO     |  5417 | mycroft.skills.skill_loader:_communicate_load_status:344 | Skill mycroft-pairing.mycroftai loaded successfully
2021-10-19 21:16:33.761 | INFO     |  5417 | msm.skill_entry | Downloading skill: https://github.com/mycroftai/skill-volume
2021-10-19 21:16:34.517 | INFO     |  5417 | msm.skill_entry | Installing system requirements...
2021-10-19 21:16:34.529 | INFO     |  5417 | msm.skill_entry | Installing requirements.txt for mycroft-volume
2021-10-19 21:16:35.521 | INFO     |  5417 | msm.skill_entry | Successfully installed mycroft-volume
2021-10-19 21:16:35.521 | INFO     |  5417 | msm.mycroft_skills_manager | invalidating skills cache
2021-10-19 21:16:35.523 | INFO     |  5417 | mycroft.skills.skill_loader:load:185 | ATTEMPTING TO LOAD SKILL: mycroft-volume.mycroftai
2021-10-19 21:16:35.532 | INFO     |  5417 | mycroft.skills.settings:get_local_settings:83 | /opt/mycroft/skills/mycroft-volume.mycroftai/settings.json
2021-10-19 21:16:35.624 | ERROR    |  5417 | VolumeSkill | Couldn't allocate mixer, ALSAAudioError('No such file or directory [default]')
2021-10-19 21:16:38.625 | INFO     |  5417 | mycroft.skills.skill_loader:_check_for_first_run:324 | First run of mycroft-volume.mycroftai
2021-10-19 21:16:38.626 | INFO     |  5417 | mycroft.skills.settings:save_settings:116 | Skill settings successfully saved to /home/runner/.config/mycroft/skills/mycroft-volume.mycroftai/settings.json
2021-10-19 21:16:38.626 | INFO     |  5417 | mycroft.skills.skill_loader:_communicate_load_status:344 | Skill mycroft-volume.mycroftai loaded successfully
2021-10-19 21:16:38.627 | INFO     |  5417 | __main__:on_started:177 | Skills service is starting up.
2021-10-19 21:16:38.691 | INFO     |  5417 | __main__:_update_system:154 | Attempting system update...
2021-10-19 21:16:41.695 | INFO     |  5417 | mycroft.enclosure.display_manager:_write_data:70 | Display Manager is creating /tmp/mycroft/ipc/managers/disp_info
2021-10-19 21:16:41.696 | INFO     |  5417 | __main__:_ensure_device_is_paired:133 | Device not paired, invoking the pairing skill
2021-10-19 21:16:41.697 | INFO     |  5417 | __main__:on_alive:181 | Skills service is alive.
2021-10-19 21:16:41.702 | INFO     |  5417 | msm.mycroft_skills_manager | building SkillEntry objects for all skills
2021-10-19 21:16:41.882 | INFO     |  5417 | PairingSkill | Communicating account URL to user
2021-10-19 21:16:41.935 | WARNING  |  5417 | msm.mycroft_skills_manager | No such default skill: mycroft-pandora
2021-10-19 21:16:41.936 | INFO     |  5417 | mycroft.skills.skill_manager:run:234 | Not all default skills are installed, performing skill update...
2021-10-19 21:16:41.936 | INFO     |  5417 | mycroft.skills.skill_updater:update_skills:149 | Beginning skill update...
2021-10-19 21:16:41.987 | INFO     |  5417 | msm.mycroft_skills_manager | building SkillEntry objects for all skills
2021-10-19 21:16:42.197 | INFO     |  5417 | msm.mycroft_skills_manager | invalidating skills cache
2021-10-19 21:16:42.220 | INFO     |  5417 | msm.skill_entry | Downloading skill: https://github.com/mycroftai/fallback-unknown
2021-10-19 21:16:42.228 | INFO     |  5417 | msm.skill_entry | Downloading skill: https://github.com/mycroftai/skill-audio-record
2021-10-19 21:16:42.230 | INFO     |  5417 | msm.skill_entry | Downloading skill: https://github.com/mycroftai/skill-alarm
2021-10-19 21:16:42.234 | INFO     |  5417 | msm.skill_entry | Downloading skill: https://github.com/mycroftai/fallback-wolfram-alpha
2021-10-19 21:16:42.239 | INFO     |  5417 | msm.skill_entry | Downloading skill: https://github.com/mycroftai/skill-configuration
2021-10-19 21:16:42.239 | INFO     |  5417 | msm.skill_entry | Downloading skill: https://github.com/mycroftai/skill-date-time
2021-10-19 21:16:42.240 | INFO     |  5417 | msm.skill_entry | Downloading skill: https://github.com/mycroftai/fallback-duckduckgo
2021-10-19 21:16:42.241 | INFO     |  5417 | msm.skill_entry | Downloading skill: https://github.com/mycroftai/skill-hello-world
2021-10-19 21:16:42.241 | INFO     |  5417 | msm.skill_entry | Downloading skill: https://github.com/mycroftai/skill-installer
2021-10-19 21:16:42.242 | INFO     |  5417 | msm.skill_entry | Downloading skill: https://github.com/mycroftai/skill-ip
2021-10-19 21:16:42.242 | INFO     |  5417 | msm.skill_entry | Downloading skill: https://github.com/mycroftai/skill-joke
2021-10-19 21:16:42.243 | INFO     |  5417 | msm.skill_entry | Downloading skill: https://github.com/mycroftai/skill-naptime
2021-10-19 21:16:42.244 | INFO     |  5417 | msm.skill_entry | Downloading skill: https://github.com/mycroftai/skill-npr-news
2021-10-19 21:16:42.244 | INFO     |  5417 | msm.skill_entry | Downloading skill: https://github.com/mycroftai/skill-personal
2021-10-19 21:16:42.257 | INFO     |  5417 | msm.skill_entry | Downloading skill: https://github.com/mycroftai/skill-reminder
2021-10-19 21:16:42.303 | INFO     |  5417 | msm.skill_entry | Downloading skill: https://github.com/mycroftai/skill-singing
2021-10-19 21:16:42.281 | INFO     |  5417 | msm.skill_entry | Downloading skill: https://github.com/mycroftai/skill-playback-control
2021-10-19 21:16:43.165 | INFO     |  5417 | msm.skill_entry | Installing system requirements...
2021-10-19 21:16:43.225 | INFO     |  5417 | msm.skill_entry | Installing requirements.txt for fallback-wolfram-alpha
2021-10-19 21:16:43.260 | INFO     |  5417 | msm.skill_entry | Installing system requirements...
2021-10-19 21:16:43.408 | INFO     |  5417 | msm.skill_entry | Successfully installed fallback-unknown
2021-10-19 21:16:43.408 | INFO     |  5417 | msm.mycroft_skills_manager | invalidating skills cache
2021-10-19 21:16:43.419 | INFO     |  5417 | msm.skill_entry | Downloading skill: https://github.com/mycroftai/skill-speak
2021-10-19 21:16:43.564 | INFO     |  5417 | msm.skill_entry | Installing system requirements...
2021-10-19 21:16:43.675 | INFO     |  5417 | msm.skill_entry | Installing system requirements...
2021-10-19 21:16:43.679 | INFO     |  5417 | msm.skill_entry | Installing system requirements...
2021-10-19 21:16:43.702 | INFO     |  5417 | msm.skill_entry | Installing system requirements...
2021-10-19 21:16:43.718 | INFO     |  5417 | msm.skill_entry | Installing requirements.txt for mycroft-fallback-duck-duck-go
2021-10-19 21:16:43.743 | INFO     |  5417 | msm.skill_entry | Installing requirements.txt for mycroft-ip
2021-10-19 21:16:43.777 | INFO     |  5417 | msm.skill_entry | Installing requirements.txt for mycroft-joke
2021-10-19 21:16:43.780 | INFO     |  5417 | msm.skill_entry | Installing requirements.txt for mycroft-audio-record
2021-10-19 21:16:43.841 | INFO     |  5417 | msm.skill_entry | Nothing new for mycroft-pairing
2021-10-19 21:16:43.911 | INFO     |  5417 | msm.skill_entry | Installing system requirements...
2021-10-19 21:16:43.932 | INFO     |  5417 | msm.skill_entry | Successfully installed mycroft-personal
2021-10-19 21:16:43.932 | INFO     |  5417 | msm.mycroft_skills_manager | invalidating skills cache
2021-10-19 21:16:43.933 | INFO     |  5417 | msm.skill_entry | Downloading skill: https://github.com/mycroftai/skill-spelling
2021-10-19 21:16:43.978 | INFO     |  5417 | msm.skill_entry | Installing system requirements...
2021-10-19 21:16:44.004 | INFO     |  5417 | msm.skill_entry | Successfully installed mycroft-hello-world
2021-10-19 21:16:44.004 | INFO     |  5417 | msm.mycroft_skills_manager | invalidating skills cache
2021-10-19 21:16:44.005 | INFO     |  5417 | msm.skill_entry | Downloading skill: https://github.com/mycroftai/skill-stop
2021-10-19 21:16:44.019 | INFO     |  5417 | msm.skill_entry | Installing system requirements...
2021-10-19 21:16:44.052 | INFO     |  5417 | msm.skill_entry | Installing requirements.txt for mycroft-configuration
2021-10-19 21:16:44.073 | INFO     |  5417 | msm.skill_entry | Installing system requirements...
2021-10-19 21:16:44.113 | INFO     |  5417 | msm.skill_entry | Installing system requirements...
2021-10-19 21:16:44.132 | INFO     |  5417 | msm.skill_entry | Downloading skill: https://github.com/mycroftai/skill-support
2021-10-19 21:16:44.139 | INFO     |  5417 | msm.skill_entry | Nothing new for mycroft-volume
2021-10-19 21:16:44.156 | ERROR    |  5417 | msm.mycroft_skills_manager | Error running install_or_update on homeassistant.mycroftai: MergeConflict
2021-10-19 21:16:44.160 | INFO     |  5417 | msm.skill_entry | Downloading skill: https://github.com/mycroftai/mycroft-timer
2021-10-19 21:16:44.168 | INFO     |  5417 | msm.skill_entry | Installing system requirements...
2021-10-19 21:16:44.182 | INFO     |  5417 | msm.skill_entry | Successfully installed mycroft-playback-control
2021-10-19 21:16:44.182 | INFO     |  5417 | msm.mycroft_skills_manager | invalidating skills cache
2021-10-19 21:16:44.183 | INFO     |  5417 | msm.skill_entry | Downloading skill: https://github.com/mycroftai/skill-weather
2021-10-19 21:16:44.186 | INFO     |  5417 | msm.skill_entry | Installing requirements.txt for mycroft-volume
2021-10-19 21:16:44.220 | INFO     |  5417 | msm.skill_entry | Installing system requirements...
2021-10-19 21:16:44.240 | INFO     |  5417 | msm.skill_entry | Successfully installed mycroft-reminder
2021-10-19 21:16:44.240 | INFO     |  5417 | msm.mycroft_skills_manager | invalidating skills cache
2021-10-19 21:16:44.241 | INFO     |  5417 | msm.skill_entry | Downloading skill: https://github.com/mycroftai/skill-version-checker
2021-10-19 21:16:44.263 | INFO     |  5417 | msm.skill_entry | Installing system requirements...
2021-10-19 21:16:44.347 | INFO     |  5417 | msm.skill_entry | Successfully installed mycroft-naptime
2021-10-19 21:16:44.348 | INFO     |  5417 | msm.mycroft_skills_manager | invalidating skills cache
2021-10-19 21:16:44.349 | INFO     |  5417 | msm.skill_entry | Downloading skill: https://github.com/mycroftai/skill-wiki
2021-10-19 21:16:44.491 | INFO     |  5417 | msm.skill_entry | Installing system requirements...
2021-10-19 21:16:44.500 | INFO     |  5417 | msm.skill_entry | Installing system requirements...
2021-10-19 21:16:44.509 | INFO     |  5417 | msm.skill_entry | Installing system requirements...
2021-10-19 21:16:44.573 | INFO     |  5417 | msm.skill_entry | Installing requirements.txt for mycroft-installer
2021-10-19 21:16:44.600 | INFO     |  5417 | msm.skill_entry | Successfully installed mycroft-speak
2021-10-19 21:16:44.600 | INFO     |  5417 | msm.mycroft_skills_manager | invalidating skills cache
2021-10-19 21:16:44.601 | INFO     |  5417 | msm.skill_entry | Downloading skill: https://github.com/MycroftAI/skill-query
2021-10-19 21:16:44.615 | INFO     |  5417 | msm.skill_entry | Installing system requirements...
2021-10-19 21:16:44.620 | INFO     |  5417 | msm.skill_entry | Installing requirements.txt for mycroft-npr-news
2021-10-19 21:16:44.664 | INFO     |  5417 | msm.skill_entry | Installing system requirements...
2021-10-19 21:16:44.706 | INFO     |  5417 | msm.skill_entry | Installing system requirements...
2021-10-19 21:16:44.729 | INFO     |  5417 | msm.skill_entry | Successfully installed mycroft-spelling
2021-10-19 21:16:44.729 | INFO     |  5417 | msm.mycroft_skills_manager | invalidating skills cache
2021-10-19 21:16:44.780 | INFO     |  5417 | msm.skill_entry | Installing requirements.txt for mycroft-date-time
2021-10-19 21:16:44.803 | INFO     |  5417 | msm.skill_entry | Installing requirements.txt for mycroft-alarm
2021-10-19 21:16:44.839 | INFO     |  5417 | msm.skill_entry | Installing system requirements...
2021-10-19 21:16:44.916 | INFO     |  5417 | msm.skill_entry | Successfully installed mycroft-stop
2021-10-19 21:16:44.917 | INFO     |  5417 | msm.mycroft_skills_manager | invalidating skills cache
2021-10-19 21:16:44.962 | INFO     |  5417 | msm.skill_entry | Installing system requirements...
2021-10-19 21:16:45.095 | INFO     |  5417 | msm.skill_entry | Installing requirements.txt for mycroft-support-helper
2021-10-19 21:16:45.117 | INFO     |  5417 | msm.skill_entry | Installing system requirements...
2021-10-19 21:16:45.171 | INFO     |  5417 | msm.skill_entry | Installing system requirements...
2021-10-19 21:16:45.232 | INFO     |  5417 | msm.skill_entry | Successfully installed mycroft-version-checker
2021-10-19 21:16:45.232 | INFO     |  5417 | msm.mycroft_skills_manager | invalidating skills cache
2021-10-19 21:16:45.255 | INFO     |  5417 | msm.skill_entry | Installing system requirements...
2021-10-19 21:16:45.260 | INFO     |  5417 | msm.skill_entry | Successfully installed fallback-query
2021-10-19 21:16:45.260 | INFO     |  5417 | msm.mycroft_skills_manager | invalidating skills cache
2021-10-19 21:16:45.323 | INFO     |  5417 | msm.skill_entry | Installing requirements.txt for mycroft-wiki
2021-10-19 21:16:45.460 | ERROR    |  5417 | msm.mycroft_skills_manager | Error running install_or_update on homeassistant: MergeConflict
2021-10-19 21:16:45.497 | INFO     |  5417 | msm.skill_entry | Installing system requirements...
2021-10-19 21:16:45.552 | INFO     |  5417 | msm.skill_entry | Successfully installed mycroft-timer
2021-10-19 21:16:45.552 | INFO     |  5417 | msm.mycroft_skills_manager | invalidating skills cache
2021-10-19 21:16:45.627 | INFO     |  5417 | msm.skill_entry | Installing system requirements...
2021-10-19 21:16:45.664 | INFO     |  5417 | msm.skill_entry | Successfully installed mycroft-singing
2021-10-19 21:16:45.664 | INFO     |  5417 | msm.mycroft_skills_manager | invalidating skills cache
2021-10-19 21:16:45.714 | INFO     |  5417 | msm.skill_entry | Installing system requirements...
2021-10-19 21:16:45.744 | INFO     |  5417 | msm.skill_entry | Installing requirements.txt for mycroft-weather
2021-10-19 21:16:48.584 | INFO     |  5417 | msm.skill_entry | Successfully installed fallback-wolfram-alpha
2021-10-19 21:16:48.584 | INFO     |  5417 | msm.mycroft_skills_manager | invalidating skills cache
2021-10-19 21:16:49.548 | INFO     |  5417 | msm.skill_entry | Successfully installed mycroft-fallback-duck-duck-go
2021-10-19 21:16:49.548 | INFO     |  5417 | msm.mycroft_skills_manager | invalidating skills cache
2021-10-19 21:16:50.366 | INFO     |  5417 | msm.skill_entry | Successfully installed mycroft-ip
2021-10-19 21:16:50.366 | INFO     |  5417 | msm.mycroft_skills_manager | invalidating skills cache
2021-10-19 21:16:51.408 | INFO     |  5417 | msm.skill_entry | Successfully installed mycroft-joke
2021-10-19 21:16:51.408 | INFO     |  5417 | msm.mycroft_skills_manager | invalidating skills cache
2021-10-19 21:16:52.227 | INFO     |  5417 | msm.skill_entry | Successfully installed mycroft-audio-record
2021-10-19 21:16:52.227 | INFO     |  5417 | msm.mycroft_skills_manager | invalidating skills cache
2021-10-19 21:16:54.538 | INFO     |  5417 | msm.skill_entry | Successfully installed mycroft-configuration
2021-10-19 21:16:54.539 | INFO     |  5417 | msm.mycroft_skills_manager | invalidating skills cache
2021-10-19 21:16:56.202 | INFO     |  5417 | msm.skill_entry | Successfully installed mycroft-installer
2021-10-19 21:16:56.203 | INFO     |  5417 | msm.mycroft_skills_manager | invalidating skills cache
2021-10-19 21:16:59.018 | INFO     |  5417 | msm.skill_entry | Successfully installed mycroft-npr-news
2021-10-19 21:16:59.018 | INFO     |  5417 | msm.mycroft_skills_manager | invalidating skills cache
2021-10-19 21:17:12.218 | INFO     |  5417 | PairingSkill | Initiating device pairing sequence...
2021-10-19 21:17:12.218 | INFO     |  5417 | PairingSkill | Retrieving pairing code from device API...
2021-10-19 21:17:12.384 | INFO     |  5417 | PairingSkill | Pairing code obtained: NHLN9E
2021-10-19 21:17:12.384 | INFO     |  5417 | PairingSkill | Communicating pairing URL to user
2021-10-19 21:17:14.448 | INFO     |  5417 | msm.skill_entry | Successfully installed mycroft-date-time
2021-10-19 21:17:14.449 | INFO     |  5417 | msm.mycroft_skills_manager | invalidating skills cache
2021-10-19 21:17:15.307 | INFO     |  5417 | msm.skill_entry | Successfully installed mycroft-alarm
2021-10-19 21:17:15.307 | INFO     |  5417 | msm.mycroft_skills_manager | invalidating skills cache
2021-10-19 21:17:17.312 | INFO     |  5417 | msm.skill_entry | Successfully installed mycroft-support-helper
2021-10-19 21:17:17.312 | INFO     |  5417 | msm.mycroft_skills_manager | invalidating skills cache
2021-10-19 21:17:19.491 | INFO     |  5417 | msm.skill_entry | Successfully installed mycroft-wiki
2021-10-19 21:17:19.492 | INFO     |  5417 | msm.mycroft_skills_manager | invalidating skills cache
2021-10-19 21:17:20.545 | INFO     |  5417 | msm.skill_entry | Successfully installed mycroft-weather
2021-10-19 21:17:20.545 | INFO     |  5417 | msm.mycroft_skills_manager | invalidating skills cache
2021-10-19 21:17:20.606 | INFO     |  5417 | mycroft.skills.skill_updater:_log_next_download_time:267 | Next scheduled skill update: 2021-10-19 22:17:20.605568
2021-10-19 21:17:20.606 | INFO     |  5417 | mycroft.skills.skill_updater:update_skills:170 | Skill update complete
2021-10-19 21:17:20.606 | INFO     |  5417 | mycroft.skills.skill_manager:_load_on_startup:273 | Loading installed skills...
2021-10-19 21:17:20.607 | INFO     |  5417 | mycroft.skills.skill_loader:load:185 | ATTEMPTING TO LOAD SKILL: mycroft-ip.mycroftai
2021-10-19 21:17:20.639 | INFO     |  5417 | mycroft.skills.settings:get_local_settings:83 | /opt/mycroft/skills/mycroft-ip.mycroftai/settings.json
2021-10-19 21:17:20.648 | INFO     |  5417 | mycroft.skills.skill_loader:_check_for_first_run:324 | First run of mycroft-ip.mycroftai
2021-10-19 21:17:20.651 | INFO     |  5417 | mycroft.skills.settings:save_settings:116 | Skill settings successfully saved to /home/runner/.config/mycroft/skills/mycroft-ip.mycroftai/settings.json
2021-10-19 21:17:20.652 | INFO     |  5417 | mycroft.skills.skill_loader:_communicate_load_status:344 | Skill mycroft-ip.mycroftai loaded successfully
2021-10-19 21:17:20.652 | INFO     |  5417 | mycroft.skills.skill_loader:load:185 | ATTEMPTING TO LOAD SKILL: mycroft-reminder.mycroftai
2021-10-19 21:17:20.675 | INFO     |  5417 | mycroft.skills.settings:get_local_settings:83 | /opt/mycroft/skills/mycroft-reminder.mycroftai/settings.json
2021-10-19 21:17:20.694 | INFO     |  5417 | mycroft.skills.skill_loader:_check_for_first_run:324 | First run of mycroft-reminder.mycroftai
2021-10-19 21:17:20.695 | INFO     |  5417 | mycroft.skills.settings:save_settings:116 | Skill settings successfully saved to /home/runner/.config/mycroft/skills/mycroft-reminder.mycroftai/settings.json
2021-10-19 21:17:20.695 | INFO     |  5417 | mycroft.skills.skill_loader:_communicate_load_status:344 | Skill mycroft-reminder.mycroftai loaded successfully
2021-10-19 21:17:20.696 | INFO     |  5417 | mycroft.skills.skill_loader:load:185 | ATTEMPTING TO LOAD SKILL: mycroft-installer.mycroftai
2021-10-19 21:17:20.701 | INFO     |  5417 | mycroft.skills.settings:get_local_settings:83 | /opt/mycroft/skills/mycroft-installer.mycroftai/settings.json
2021-10-19 21:17:20.719 | INFO     |  5417 | mycroft.skills.skill_loader:_check_for_first_run:324 | First run of mycroft-installer.mycroftai
2021-10-19 21:17:20.720 | INFO     |  5417 | mycroft.skills.settings:save_settings:116 | Skill settings successfully saved to /home/runner/.config/mycroft/skills/mycroft-installer.mycroftai/settings.json
2021-10-19 21:17:20.722 | INFO     |  5417 | mycroft.skills.skill_loader:_communicate_load_status:344 | Skill mycroft-installer.mycroftai loaded successfully
2021-10-19 21:17:20.722 | INFO     |  5417 | mycroft.skills.skill_loader:load:185 | ATTEMPTING TO LOAD SKILL: mycroft-version-checker.mycroftai
2021-10-19 21:17:20.728 | INFO     |  5417 | mycroft.skills.settings:get_local_settings:83 | /opt/mycroft/skills/mycroft-version-checker.mycroftai/settings.json
2021-10-19 21:17:20.768 | INFO     |  5417 | mycroft.skills.skill_loader:_check_for_first_run:324 | First run of mycroft-version-checker.mycroftai
2021-10-19 21:17:20.768 | INFO     |  5417 | mycroft.skills.settings:save_settings:116 | Skill settings successfully saved to /home/runner/.config/mycroft/skills/mycroft-version-checker.mycroftai/settings.json
2021-10-19 21:17:20.769 | INFO     |  5417 | mycroft.skills.skill_loader:_communicate_load_status:344 | Skill mycroft-version-checker.mycroftai loaded successfully
2021-10-19 21:17:20.770 | INFO     |  5417 | mycroft.skills.skill_loader:load:185 | ATTEMPTING TO LOAD SKILL: mycroft-singing.mycroftai
2021-10-19 21:17:20.780 | INFO     |  5417 | mycroft.skills.settings:get_local_settings:83 | /opt/mycroft/skills/mycroft-singing.mycroftai/settings.json
2021-10-19 21:17:20.809 | INFO     |  5417 | mycroft.skills.skill_loader:_check_for_first_run:324 | First run of mycroft-singing.mycroftai
2021-10-19 21:17:20.809 | INFO     |  5417 | mycroft.skills.settings:save_settings:116 | Skill settings successfully saved to /home/runner/.config/mycroft/skills/mycroft-singing.mycroftai/settings.json
2021-10-19 21:17:20.817 | INFO     |  5417 | mycroft.skills.skill_loader:_communicate_load_status:344 | Skill mycroft-singing.mycroftai loaded successfully
2021-10-19 21:17:20.817 | INFO     |  5417 | mycroft.skills.skill_loader:load:185 | ATTEMPTING TO LOAD SKILL: mycroft-joke.mycroftai
2021-10-19 21:17:20.826 | INFO     |  5417 | mycroft.skills.settings:get_local_settings:83 | /opt/mycroft/skills/mycroft-joke.mycroftai/settings.json
2021-10-19 21:17:20.837 | INFO     |  5417 | mycroft.skills.skill_loader:_check_for_first_run:324 | First run of mycroft-joke.mycroftai
2021-10-19 21:17:20.838 | INFO     |  5417 | mycroft.skills.settings:save_settings:116 | Skill settings successfully saved to /home/runner/.config/mycroft/skills/mycroft-joke.mycroftai/settings.json
2021-10-19 21:17:20.839 | INFO     |  5417 | mycroft.skills.skill_loader:_communicate_load_status:344 | Skill mycroft-joke.mycroftai loaded successfully
2021-10-19 21:17:20.839 | INFO     |  5417 | mycroft.skills.skill_loader:load:185 | ATTEMPTING TO LOAD SKILL: mycroft-timer.mycroftai
2021-10-19 21:17:20.855 | INFO     |  5417 | mycroft.skills.settings:get_local_settings:83 | /opt/mycroft/skills/mycroft-timer.mycroftai/settings.json
2021-10-19 21:17:20.887 | INFO     |  5417 | mycroft.skills.skill_loader:_check_for_first_run:324 | First run of mycroft-timer.mycroftai
2021-10-19 21:17:20.888 | INFO     |  5417 | mycroft.skills.settings:save_settings:116 | Skill settings successfully saved to /home/runner/.config/mycroft/skills/mycroft-timer.mycroftai/settings.json
2021-10-19 21:17:20.889 | INFO     |  5417 | mycroft.skills.skill_loader:_communicate_load_status:344 | Skill mycroft-timer.mycroftai loaded successfully
2021-10-19 21:17:20.890 | INFO     |  5417 | mycroft.skills.skill_loader:load:185 | ATTEMPTING TO LOAD SKILL: homeassistant.mycroftai
2021-10-19 21:17:21.621 | INFO     |  5417 | mycroft.skills.settings:get_local_settings:83 | /opt/mycroft/skills/homeassistant.mycroftai/settings.json
2021-10-19 21:17:21.622 | INFO     |  5417 | mycroft.skills.settings:get_local_settings:83 | /opt/mycroft/skills/homeassistant.mycroftai/settings.json
2021-10-19 21:17:21.819 | INFO     |  5417 | mycroft.skills.skill_loader:_communicate_load_status:344 | Skill homeassistant.mycroftai loaded successfully
2021-10-19 21:17:21.819 | INFO     |  5417 | mycroft.skills.skill_loader:load:185 | ATTEMPTING TO LOAD SKILL: mycroft-alarm.mycroftai
2021-10-19 21:17:21.929 | INFO     |  5417 | mycroft.skills.settings:get_local_settings:83 | /opt/mycroft/skills/mycroft-alarm.mycroftai/settings.json
2021-10-19 21:17:21.929 | ERROR    |  5417 | AlarmSkill | Couldn't allocate mixer, ALSAAudioError('No such file or directory [default]')
2021-10-19 21:17:22.192 | INFO     |  5417 | mycroft.skills.skill_loader:_check_for_first_run:324 | First run of mycroft-alarm.mycroftai
2021-10-19 21:17:22.193 | INFO     |  5417 | mycroft.skills.settings:save_settings:116 | Skill settings successfully saved to /home/runner/.config/mycroft/skills/mycroft-alarm.mycroftai/settings.json
2021-10-19 21:17:22.213 | INFO     |  5417 | mycroft.skills.skill_loader:_communicate_load_status:344 | Skill mycroft-alarm.mycroftai loaded successfully
2021-10-19 21:17:22.214 | INFO     |  5417 | mycroft.skills.skill_loader:load:185 | ATTEMPTING TO LOAD SKILL: mycroft-naptime.mycroftai
2021-10-19 21:17:22.224 | INFO     |  5417 | mycroft.skills.settings:get_local_settings:83 | /opt/mycroft/skills/mycroft-naptime.mycroftai/settings.json
2021-10-19 21:17:22.292 | INFO     |  5417 | mycroft.skills.skill_loader:_check_for_first_run:324 | First run of mycroft-naptime.mycroftai
2021-10-19 21:17:22.293 | INFO     |  5417 | mycroft.skills.settings:save_settings:116 | Skill settings successfully saved to /home/runner/.config/mycroft/skills/mycroft-naptime.mycroftai/settings.json
2021-10-19 21:17:22.315 | INFO     |  5417 | mycroft.skills.skill_loader:_communicate_load_status:344 | Skill mycroft-naptime.mycroftai loaded successfully
2021-10-19 21:17:22.316 | INFO     |  5417 | mycroft.skills.skill_loader:load:185 | ATTEMPTING TO LOAD SKILL: mycroft-spelling.mycroftai
2021-10-19 21:17:22.319 | INFO     |  5417 | mycroft.skills.settings:get_local_settings:83 | /opt/mycroft/skills/mycroft-spelling.mycroftai/settings.json
2021-10-19 21:17:22.415 | INFO     |  5417 | mycroft.skills.skill_loader:_check_for_first_run:324 | First run of mycroft-spelling.mycroftai
2021-10-19 21:17:22.415 | INFO     |  5417 | mycroft.skills.settings:save_settings:116 | Skill settings successfully saved to /home/runner/.config/mycroft/skills/mycroft-spelling.mycroftai/settings.json
2021-10-19 21:17:22.432 | INFO     |  5417 | mycroft.skills.skill_loader:_communicate_load_status:344 | Skill mycroft-spelling.mycroftai loaded successfully
2021-10-19 21:17:22.433 | INFO     |  5417 | mycroft.skills.skill_loader:load:185 | ATTEMPTING TO LOAD SKILL: mycroft-fallback-duck-duck-go.mycroftai
2021-10-19 21:17:22.489 | INFO     |  5417 | mycroft.skills.settings:get_local_settings:83 | /opt/mycroft/skills/mycroft-fallback-duck-duck-go.mycroftai/settings.json
2021-10-19 21:17:22.565 | INFO     |  5417 | mycroft.skills.skill_loader:_check_for_first_run:324 | First run of mycroft-fallback-duck-duck-go.mycroftai
2021-10-19 21:17:22.586 | INFO     |  5417 | mycroft.skills.settings:save_settings:116 | Skill settings successfully saved to /home/runner/.config/mycroft/skills/mycroft-fallback-duck-duck-go.mycroftai/settings.json
2021-10-19 21:17:22.597 | INFO     |  5417 | mycroft.skills.skill_loader:_communicate_load_status:344 | Skill mycroft-fallback-duck-duck-go.mycroftai loaded successfully
2021-10-19 21:17:22.597 | INFO     |  5417 | mycroft.skills.skill_loader:load:185 | ATTEMPTING TO LOAD SKILL: mycroft-npr-news.mycroftai
2021-10-19 21:17:22.919 | INFO     |  5417 | mycroft.skills.settings:get_local_settings:83 | /opt/mycroft/skills/mycroft-npr-news.mycroftai/settings.json
2021-10-19 21:17:23.967 | INFO     |  5417 | mycroft.skills.skill_loader:_check_for_first_run:324 | First run of mycroft-npr-news.mycroftai
2021-10-19 21:17:23.968 | INFO     |  5417 | mycroft.skills.settings:save_settings:116 | Skill settings successfully saved to /home/runner/.config/mycroft/skills/mycroft-npr-news.mycroftai/settings.json
2021-10-19 21:17:23.970 | INFO     |  5417 | mycroft.skills.skill_loader:_communicate_load_status:344 | Skill mycroft-npr-news.mycroftai loaded successfully
2021-10-19 21:17:23.971 | INFO     |  5417 | mycroft.skills.skill_loader:load:185 | ATTEMPTING TO LOAD SKILL: mycroft-support-helper.mycroftai
2021-10-19 21:17:24.011 | INFO     |  5417 | mycroft.skills.settings:get_local_settings:83 | /opt/mycroft/skills/mycroft-support-helper.mycroftai/settings.json
2021-10-19 21:17:24.029 | INFO     |  5417 | mycroft.skills.skill_loader:_check_for_first_run:324 | First run of mycroft-support-helper.mycroftai
2021-10-19 21:17:24.030 | INFO     |  5417 | mycroft.skills.settings:save_settings:116 | Skill settings successfully saved to /home/runner/.config/mycroft/skills/mycroft-support-helper.mycroftai/settings.json
2021-10-19 21:17:24.043 | INFO     |  5417 | mycroft.skills.skill_loader:_communicate_load_status:344 | Skill mycroft-support-helper.mycroftai loaded successfully
2021-10-19 21:17:24.043 | INFO     |  5417 | mycroft.skills.skill_loader:load:185 | ATTEMPTING TO LOAD SKILL: mycroft-weather.mycroftai
2021-10-19 21:17:24.083 | INFO     |  5417 | mycroft.skills.settings:get_local_settings:83 | /opt/mycroft/skills/mycroft-weather.mycroftai/settings.json
2021-10-19 21:17:24.228 | INFO     |  5417 | mycroft.skills.skill_loader:_check_for_first_run:324 | First run of mycroft-weather.mycroftai
2021-10-19 21:17:24.229 | INFO     |  5417 | mycroft.skills.settings:save_settings:116 | Skill settings successfully saved to /home/runner/.config/mycroft/skills/mycroft-weather.mycroftai/settings.json
2021-10-19 21:17:24.234 | INFO     |  5417 | mycroft.skills.skill_loader:_communicate_load_status:344 | Skill mycroft-weather.mycroftai loaded successfully
2021-10-19 21:17:24.235 | INFO     |  5417 | mycroft.skills.skill_loader:load:185 | ATTEMPTING TO LOAD SKILL: mycroft-speak.mycroftai
2021-10-19 21:17:24.238 | INFO     |  5417 | mycroft.skills.settings:get_local_settings:83 | /opt/mycroft/skills/mycroft-speak.mycroftai/settings.json
2021-10-19 21:17:24.276 | INFO     |  5417 | mycroft.skills.skill_loader:_check_for_first_run:324 | First run of mycroft-speak.mycroftai
2021-10-19 21:17:24.277 | INFO     |  5417 | mycroft.skills.settings:save_settings:116 | Skill settings successfully saved to /home/runner/.config/mycroft/skills/mycroft-speak.mycroftai/settings.json
2021-10-19 21:17:24.277 | INFO     |  5417 | mycroft.skills.skill_loader:_communicate_load_status:344 | Skill mycroft-speak.mycroftai loaded successfully
2021-10-19 21:17:24.278 | INFO     |  5417 | mycroft.skills.skill_loader:load:185 | ATTEMPTING TO LOAD SKILL: mycroft-audio-record.mycroftai
2021-10-19 21:17:24.299 | INFO     |  5417 | mycroft.skills.settings:get_local_settings:83 | /opt/mycroft/skills/mycroft-audio-record.mycroftai/settings.json
2021-10-19 21:17:24.325 | INFO     |  5417 | mycroft.skills.skill_loader:_check_for_first_run:324 | First run of mycroft-audio-record.mycroftai
2021-10-19 21:17:24.326 | INFO     |  5417 | mycroft.skills.settings:save_settings:116 | Skill settings successfully saved to /home/runner/.config/mycroft/skills/mycroft-audio-record.mycroftai/settings.json
2021-10-19 21:17:24.339 | INFO     |  5417 | mycroft.skills.skill_loader:_communicate_load_status:344 | Skill mycroft-audio-record.mycroftai loaded successfully
2021-10-19 21:17:24.339 | INFO     |  5417 | mycroft.skills.skill_loader:load:185 | ATTEMPTING TO LOAD SKILL: mycroft-stop.mycroftai
2021-10-19 21:17:24.347 | INFO     |  5417 | mycroft.skills.settings:get_local_settings:83 | /opt/mycroft/skills/mycroft-stop.mycroftai/settings.json
2021-10-19 21:17:24.388 | INFO     |  5417 | mycroft.skills.skill_loader:_check_for_first_run:324 | First run of mycroft-stop.mycroftai
2021-10-19 21:17:24.388 | INFO     |  5417 | mycroft.skills.settings:save_settings:116 | Skill settings successfully saved to /home/runner/.config/mycroft/skills/mycroft-stop.mycroftai/settings.json
2021-10-19 21:17:24.391 | INFO     |  5417 | mycroft.skills.skill_loader:_communicate_load_status:344 | Skill mycroft-stop.mycroftai loaded successfully
2021-10-19 21:17:24.392 | INFO     |  5417 | mycroft.skills.skill_loader:load:185 | ATTEMPTING TO LOAD SKILL: mycroft-hello-world.mycroftai
2021-10-19 21:17:24.410 | INFO     |  5417 | mycroft.skills.settings:get_local_settings:83 | /opt/mycroft/skills/mycroft-hello-world.mycroftai/settings.json
2021-10-19 21:17:24.428 | INFO     |  5417 | mycroft.skills.skill_loader:_check_for_first_run:324 | First run of mycroft-hello-world.mycroftai
2021-10-19 21:17:24.429 | INFO     |  5417 | mycroft.skills.settings:save_settings:116 | Skill settings successfully saved to /home/runner/.config/mycroft/skills/mycroft-hello-world.mycroftai/settings.json
2021-10-19 21:17:24.430 | INFO     |  5417 | mycroft.skills.skill_loader:_communicate_load_status:344 | Skill mycroft-hello-world.mycroftai loaded successfully
2021-10-19 21:17:24.443 | INFO     |  5417 | mycroft.skills.skill_loader:load:185 | ATTEMPTING TO LOAD SKILL: mycroft-date-time.mycroftai
2021-10-19 21:17:25.164 | INFO     |  5417 | mycroft.skills.settings:get_local_settings:83 | /opt/mycroft/skills/mycroft-date-time.mycroftai/settings.json
2021-10-19 21:17:25.267 | INFO     |  5417 | TimeSkill | Registering resting screen <bound method TimeSkill.handle_idle of <mycroft-date-time_mycroftai.TimeSkill object at 0x7fda348b9d90>> for Time and Date.
2021-10-19 21:17:25.268 | INFO     |  5417 | TimeSkill | Registering resting screen
2021-10-19 21:17:25.283 | INFO     |  5417 | mycroft.skills.skill_loader:_check_for_first_run:324 | First run of mycroft-date-time.mycroftai
2021-10-19 21:17:25.283 | INFO     |  5417 | mycroft.skills.settings:save_settings:116 | Skill settings successfully saved to /home/runner/.config/mycroft/skills/mycroft-date-time.mycroftai/settings.json
2021-10-19 21:17:25.286 | INFO     |  5417 | mycroft.skills.skill_loader:_communicate_load_status:344 | Skill mycroft-date-time.mycroftai loaded successfully
2021-10-19 21:17:25.288 | INFO     |  5417 | mycroft.skills.skill_loader:load:185 | ATTEMPTING TO LOAD SKILL: mycroft-configuration.mycroftai
2021-10-19 21:17:25.301 | INFO     |  5417 | mycroft.skills.settings:get_local_settings:83 | /opt/mycroft/skills/mycroft-configuration.mycroftai/settings.json
2021-10-19 21:17:25.360 | INFO     |  5417 | mycroft.skills.skill_loader:_check_for_first_run:324 | First run of mycroft-configuration.mycroftai
2021-10-19 21:17:25.360 | INFO     |  5417 | mycroft.skills.settings:save_settings:116 | Skill settings successfully saved to /home/runner/.config/mycroft/skills/mycroft-configuration.mycroftai/settings.json
2021-10-19 21:17:25.364 | INFO     |  5417 | mycroft.skills.skill_loader:_communicate_load_status:344 | Skill mycroft-configuration.mycroftai loaded successfully
2021-10-19 21:17:25.365 | INFO     |  5417 | mycroft.skills.skill_loader:load:185 | ATTEMPTING TO LOAD SKILL: fallback-query.mycroftai
2021-10-19 21:17:25.372 | INFO     |  5417 | mycroft.skills.settings:get_local_settings:83 | /opt/mycroft/skills/fallback-query.mycroftai/settings.json
2021-10-19 21:17:25.396 | INFO     |  5417 | mycroft.skills.skill_loader:_check_for_first_run:324 | First run of fallback-query.mycroftai
2021-10-19 21:17:25.397 | INFO     |  5417 | mycroft.skills.settings:save_settings:116 | Skill settings successfully saved to /home/runner/.config/mycroft/skills/fallback-query.mycroftai/settings.json
2021-10-19 21:17:25.402 | INFO     |  5417 | mycroft.skills.skill_loader:_communicate_load_status:344 | Skill fallback-query.mycroftai loaded successfully
2021-10-19 21:17:25.402 | INFO     |  5417 | mycroft.skills.skill_loader:load:185 | ATTEMPTING TO LOAD SKILL: mycroft-personal.mycroftai
2021-10-19 21:17:25.405 | INFO     |  5417 | mycroft.skills.settings:get_local_settings:83 | /opt/mycroft/skills/mycroft-personal.mycroftai/settings.json
2021-10-19 21:17:25.440 | INFO     |  5417 | mycroft.skills.skill_loader:_check_for_first_run:324 | First run of mycroft-personal.mycroftai
2021-10-19 21:17:25.442 | INFO     |  5417 | mycroft.skills.settings:save_settings:116 | Skill settings successfully saved to /home/runner/.config/mycroft/skills/mycroft-personal.mycroftai/settings.json
2021-10-19 21:17:25.446 | INFO     |  5417 | mycroft.skills.skill_loader:_communicate_load_status:344 | Skill mycroft-personal.mycroftai loaded successfully
2021-10-19 21:17:25.447 | INFO     |  5417 | mycroft.skills.skill_loader:load:185 | ATTEMPTING TO LOAD SKILL: fallback-wolfram-alpha.mycroftai
2021-10-19 21:17:25.502 | INFO     |  5417 | mycroft.skills.settings:get_local_settings:83 | /opt/mycroft/skills/fallback-wolfram-alpha.mycroftai/settings.json
2021-10-19 21:17:25.536 | INFO     |  5417 | mycroft.skills.skill_loader:_check_for_first_run:324 | First run of fallback-wolfram-alpha.mycroftai
2021-10-19 21:17:25.536 | INFO     |  5417 | mycroft.skills.settings:save_settings:116 | Skill settings successfully saved to /home/runner/.config/mycroft/skills/fallback-wolfram-alpha.mycroftai/settings.json
2021-10-19 21:17:25.538 | INFO     |  5417 | mycroft.skills.skill_loader:_communicate_load_status:344 | Skill fallback-wolfram-alpha.mycroftai loaded successfully
2021-10-19 21:17:25.539 | INFO     |  5417 | mycroft.skills.skill_loader:load:185 | ATTEMPTING TO LOAD SKILL: mycroft-wiki.mycroftai
2021-10-19 21:17:25.547 | INFO     |  5417 | mycroft.skills.settings:get_local_settings:83 | /opt/mycroft/skills/mycroft-wiki.mycroftai/settings.json
2021-10-19 21:17:25.573 | INFO     |  5417 | mycroft.skills.skill_loader:_check_for_first_run:324 | First run of mycroft-wiki.mycroftai
2021-10-19 21:17:25.574 | INFO     |  5417 | mycroft.skills.settings:save_settings:116 | Skill settings successfully saved to /home/runner/.config/mycroft/skills/mycroft-wiki.mycroftai/settings.json
2021-10-19 21:17:25.576 | INFO     |  5417 | mycroft.skills.skill_loader:_communicate_load_status:344 | Skill mycroft-wiki.mycroftai loaded successfully
2021-10-19 21:17:25.577 | INFO     |  5417 | mycroft.skills.skill_loader:load:185 | ATTEMPTING TO LOAD SKILL: fallback-unknown.mycroftai
2021-10-19 21:17:25.585 | INFO     |  5417 | mycroft.skills.settings:get_local_settings:83 | /opt/mycroft/skills/fallback-unknown.mycroftai/settings.json
2021-10-19 21:17:25.608 | INFO     |  5417 | mycroft.skills.skill_loader:_check_for_first_run:324 | First run of fallback-unknown.mycroftai
2021-10-19 21:17:25.608 | INFO     |  5417 | mycroft.skills.settings:save_settings:116 | Skill settings successfully saved to /home/runner/.config/mycroft/skills/fallback-unknown.mycroftai/settings.json
2021-10-19 21:17:25.609 | INFO     |  5417 | mycroft.skills.skill_loader:_communicate_load_status:344 | Skill fallback-unknown.mycroftai loaded successfully
2021-10-19 21:17:25.610 | INFO     |  5417 | mycroft.skills.skill_loader:load:185 | ATTEMPTING TO LOAD SKILL: mycroft-playback-control.mycroftai
2021-10-19 21:17:25.620 | INFO     |  5417 | mycroft.skills.settings:get_local_settings:83 | /opt/mycroft/skills/mycroft-playback-control.mycroftai/settings.json
2021-10-19 21:17:25.658 | INFO     |  5417 | mycroft.skills.skill_loader:_check_for_first_run:324 | First run of mycroft-playback-control.mycroftai
2021-10-19 21:17:25.660 | INFO     |  5417 | mycroft.skills.settings:save_settings:116 | Skill settings successfully saved to /home/runner/.config/mycroft/skills/mycroft-playback-control.mycroftai/settings.json
2021-10-19 21:17:25.664 | INFO     |  5417 | mycroft.skills.skill_loader:_communicate_load_status:344 | Skill mycroft-playback-control.mycroftai loaded successfully
2021-10-19 21:17:25.664 | INFO     |  5417 | mycroft.skills.skill_manager:_load_on_startup:275 | Skills all loaded!
2021-10-19 21:17:25.690 | INFO     |  5417 | __main__:on_ready:185 | Skills service is ready.
2021-10-19 21:17:25.740 | INFO     |  5417 | mycroft.skills.intent_services.padatious_service:train:81 | Training... (single_thread=False)
Regenerated mycroft-alarm.mycroftai:{daytype}.
Regenerated mycroft-reminder.mycroftai:ReminderAt.intent.
Regenerated mycroft-reminder.mycroftai:DeleteReminderForDay.intent.
Regenerated mycroft-reminder.mycroftai:UnspecifiedReminderAt.intent.
Regenerated mycroft-reminder.mycroftai:GetRemindersForDay.intent.
Regenerated mycroft-reminder.mycroftai:Reminder.intent.
Regenerated mycroft-reminder.mycroftai:ClearReminders.intent.
Regenerated mycroft-reminder.mycroftai:SnoozeReminder.intent.
Regenerated mycroft-alarm.mycroftai:change.alarm.sound.intent.
Regenerated mycroft-alarm.mycroftai:snooze.intent.
Regenerated mycroft-npr-news.mycroftai:PlayTheNews.intent.
Regenerated mycroft-support-helper.mycroftai:contact.support.intent.
Regenerated mycroft-weather.mycroftai:do-i-need-an-umbrella.intent.
Regenerated mycroft-audio-record.mycroftai:PlayRecording.intent.
Regenerated mycroft-audio-record.mycroftai:StartRecording.intent.
Regenerated mycroft-stop.mycroftai:ssh.disable.intent.
Regenerated mycroft-stop.mycroftai:wifi.setup.intent.
Regenerated mycroft-stop.mycroftai:ssh.enable.intent.
Regenerated mycroft-stop.mycroftai:shutdown.intent.
Regenerated mycroft-stop.mycroftai:reboot.intent.
Regenerated mycroft-hello-world.mycroftai:HowAreYou.intent.
Regenerated mycroft-date-time.mycroftai:what.time.will.it.be.intent.
Regenerated mycroft-date-time.mycroftai:what.time.is.it.intent.
Regenerated mycroft-date-time.mycroftai:date.last.weekend.intent.
Regenerated mycroft-date-time.mycroftai:date.future.weekend.intent.
Regenerated mycroft-configuration.mycroftai:EnablePreciseDev.intent.
Regenerated mycroft-configuration.mycroftai:WhereAreYou.intent.
Regenerated mycroft-configuration.mycroftai:DisablePreciseDev.intent.
Regenerated mycroft-personal.mycroftai:WhoAreYou.intent.
Regenerated mycroft-personal.mycroftai:DoYouDream.intent.
Regenerated mycroft-personal.mycroftai:WhereWereYouBorn.intent.
Regenerated mycroft-personal.mycroftai:WhenWereYouBorn.intent.
Regenerated mycroft-personal.mycroftai:WhatAreYou.intent.
Regenerated mycroft-personal.mycroftai:WhoMadeYou.intent.
Regenerated mycroft-personal.mycroftai:DoYouRhyme.intent.
Regenerated mycroft-wiki.mycroftai:Random.intent.
Regenerated mycroft-reminder.mycroftai:GetNextReminders.intent.
Regenerated mycroft-reminder.mycroftai:CancelActiveReminder.intent.
Regenerated mycroft-installer.mycroftai:is.installed.intent.
Regenerated mycroft-installer.mycroftai:install.intent.
Regenerated mycroft-installer.mycroftai:remove.intent.
Regenerated mycroft-installer.mycroftai:install.custom.intent.
Regenerated mycroft-installer.mycroftai:install.beta.intent.
Regenerated mycroft-installer.mycroftai:list.skills.intent.
Regenerated mycroft-timer.mycroftai:start.timer.intent.
Regenerated mycroft-timer.mycroftai:timer.status.intent.
Regenerated homeassistant.mycroftai:toggle.intent.
Regenerated homeassistant.mycroftai:turn.off.intent.
Regenerated homeassistant.mycroftai:sensor.intent.
Regenerated homeassistant.mycroftai:set.climate.intent.
Regenerated homeassistant.mycroftai:turn.on.intent.
Regenerated homeassistant.mycroftai:add.item.shopping.list.intent.
Regenerated homeassistant.mycroftai:decrease.light.brightness.intent.
Regenerated homeassistant.mycroftai:increase.light.brightness.intent.
Regenerated homeassistant.mycroftai:set.light.brightness.intent.
Regenerated homeassistant.mycroftai:tracker.intent.
Regenerated homeassistant.mycroftai:automation.intent.
2021-10-19 21:17:27.865 | INFO     |  5417 | mycroft.skills.intent_services.padatious_service:train:83 | Training complete.
2021-10-19 21:17:37.509 | INFO     |  5417 | mycroft.skills.settings:save_settings:116 | Skill settings successfully saved to /home/runner/.config/mycroft/skills/mycroft-timer.mycroftai/settings.json
2021-10-19 21:17:45.717 | INFO     |  5417 | mycroft.skills.settings:save_settings:116 | Skill settings successfully saved to /home/runner/.config/mycroft/skills/mycroft-pairing.mycroftai/settings.json
2021-10-19 21:17:58.962 | INFO     |  5417 | __main__:on_stopping:193 | Skills service is shutting down...
2021-10-19 21:17:58.962 | INFO     |  5417 | __main__:shutdown:284 | Shutting down Skills service
2021-10-19 21:17:59.441 | ERROR    |  5417 | VolumeSkill | Couldn't allocate mixer, ALSAAudioError('No such file or directory [default]')
2021-10-19 21:17:59.442 | INFO     |  5417 | mycroft.skills.settings:save_settings:116 | Skill settings successfully saved to /home/runner/.config/mycroft/skills/mycroft-volume.mycroftai/settings.json
2021-10-19 21:17:59.443 | INFO     |  5417 | mycroft.skills.settings:save_settings:116 | Skill settings successfully saved to /home/runner/.config/mycroft/skills/mycroft-ip.mycroftai/settings.json
2021-10-19 21:17:59.444 | INFO     |  5417 | mycroft.skills.settings:save_settings:116 | Skill settings successfully saved to /home/runner/.config/mycroft/skills/mycroft-reminder.mycroftai/settings.json
2021-10-19 21:17:59.446 | INFO     |  5417 | mycroft.skills.settings:save_settings:116 | Skill settings successfully saved to /home/runner/.config/mycroft/skills/mycroft-installer.mycroftai/settings.json
2021-10-19 21:17:59.464 | INFO     |  5417 | mycroft.skills.settings:save_settings:116 | Skill settings successfully saved to /home/runner/.config/mycroft/skills/mycroft-version-checker.mycroftai/settings.json
2021-10-19 21:17:59.480 | INFO     |  5417 | mycroft.skills.settings:save_settings:116 | Skill settings successfully saved to /home/runner/.config/mycroft/skills/mycroft-singing.mycroftai/settings.json
2021-10-19 21:17:59.487 | INFO     |  5417 | mycroft.skills.settings:save_settings:116 | Skill settings successfully saved to /home/runner/.config/mycroft/skills/mycroft-joke.mycroftai/settings.json
2021-10-19 21:17:59.494 | INFO     |  5417 | HomeAssistantSkill | Removing all handlers...
2021-10-19 21:17:59.499 | WARNING  |  5417 | mycroft.skills.fallback_skill:remove_fallback:185 | Could not find matching fallback handler
2021-10-19 21:17:59.504 | INFO     |  5417 | mycroft.skills.settings:save_settings:116 | Skill settings successfully saved to /home/runner/.config/mycroft/skills/mycroft-alarm.mycroftai/settings.json
2021-10-19 21:17:59.505 | INFO     |  5417 | mycroft.skills.settings:save_settings:116 | Skill settings successfully saved to /home/runner/.config/mycroft/skills/mycroft-naptime.mycroftai/settings.json
2021-10-19 21:17:59.515 | INFO     |  5417 | mycroft.skills.settings:save_settings:116 | Skill settings successfully saved to /home/runner/.config/mycroft/skills/mycroft-spelling.mycroftai/settings.json
2021-10-19 21:17:59.516 | INFO     |  5417 | mycroft.skills.settings:save_settings:116 | Skill settings successfully saved to /home/runner/.config/mycroft/skills/mycroft-fallback-duck-duck-go.mycroftai/settings.json
2021-10-19 21:17:59.521 | INFO     |  5417 | mycroft.skills.settings:save_settings:116 | Skill settings successfully saved to /home/runner/.config/mycroft/skills/mycroft-npr-news.mycroftai/settings.json
2021-10-19 21:17:59.526 | INFO     |  5417 | mycroft.skills.settings:save_settings:116 | Skill settings successfully saved to /home/runner/.config/mycroft/skills/mycroft-support-helper.mycroftai/settings.json
2021-10-19 21:17:59.527 | INFO     |  5417 | mycroft.skills.settings:save_settings:116 | Skill settings successfully saved to /home/runner/.config/mycroft/skills/mycroft-weather.mycroftai/settings.json
2021-10-19 21:17:59.532 | INFO     |  5417 | mycroft.skills.settings:save_settings:116 | Skill settings successfully saved to /home/runner/.config/mycroft/skills/mycroft-speak.mycroftai/settings.json
2021-10-19 21:17:59.545 | INFO     |  5417 | mycroft.skills.settings:save_settings:116 | Skill settings successfully saved to /home/runner/.config/mycroft/skills/mycroft-audio-record.mycroftai/settings.json
2021-10-19 21:17:59.551 | INFO     |  5417 | mycroft.skills.settings:save_settings:116 | Skill settings successfully saved to /home/runner/.config/mycroft/skills/mycroft-stop.mycroftai/settings.json
2021-10-19 21:17:59.557 | INFO     |  5417 | mycroft.skills.settings:save_settings:116 | Skill settings successfully saved to /home/runner/.config/mycroft/skills/mycroft-hello-world.mycroftai/settings.json
2021-10-19 21:17:59.563 | INFO     |  5417 | mycroft.skills.settings:save_settings:116 | Skill settings successfully saved to /home/runner/.config/mycroft/skills/mycroft-date-time.mycroftai/settings.json
2021-10-19 21:17:59.571 | INFO     |  5417 | mycroft.skills.settings:save_settings:116 | Skill settings successfully saved to /home/runner/.config/mycroft/skills/mycroft-configuration.mycroftai/settings.json
2021-10-19 21:17:59.576 | INFO     |  5417 | QuestionsAnswersSkill | Removing all handlers...
2021-10-19 21:17:59.577 | INFO     |  5417 | mycroft.skills.settings:save_settings:116 | Skill settings successfully saved to /home/runner/.config/mycroft/skills/fallback-query.mycroftai/settings.json
2021-10-19 21:17:59.579 | INFO     |  5417 | mycroft.skills.settings:save_settings:116 | Skill settings successfully saved to /home/runner/.config/mycroft/skills/mycroft-personal.mycroftai/settings.json
2021-10-19 21:17:59.581 | INFO     |  5417 | mycroft.skills.settings:save_settings:116 | Skill settings successfully saved to /home/runner/.config/mycroft/skills/fallback-wolfram-alpha.mycroftai/settings.json
2021-10-19 21:17:59.595 | INFO     |  5417 | mycroft.skills.settings:save_settings:116 | Skill settings successfully saved to /home/runner/.config/mycroft/skills/mycroft-wiki.mycroftai/settings.json
2021-10-19 21:17:59.596 | INFO     |  5417 | UnknownSkill | Removing all handlers...
2021-10-19 21:17:59.597 | INFO     |  5417 | mycroft.skills.settings:save_settings:116 | Skill settings successfully saved to /home/runner/.config/mycroft/skills/fallback-unknown.mycroftai/settings.json
2021-10-19 21:17:59.602 | INFO     |  5417 | mycroft.skills.settings:save_settings:116 | Skill settings successfully saved to /home/runner/.config/mycroft/skills/mycroft-playback-control.mycroftai/settings.json
2021-10-19 21:18:00.603 | INFO     |  5417 | Playback Control Skill | Audio service status: {}
2021-10-19 21:18:01.604 | WARNING  |  5417 | mycroft.skills.skill_manager:_shutdown_skill:106 | mycroft-playback-control.mycroftai shutdown took 2.0058815649999815 seconds
2021-10-19 21:18:01.604 | INFO     |  5417 | __main__:shutdown:291 | Skills service shutdown complete!
2021-10-19 21:18:02.037 | ERROR    |  5417 | websocket | error from callback <bound method MessageBusClient.on_message of <mycroft.messagebus.client.client.MessageBusClient object at 0x7fda46f03c90>>: cannot schedule new futures after shutdown
2021-10-19 21:18:02.039 | ERROR    |  5417 | websocket | error from callback <bound method MessageBusClient.on_message of <mycroft.messagebus.client.client.MessageBusClient object at 0x7fda46f03c90>>: cannot schedule new futures after shutdown
2021-10-19 21:18:02.041 | ERROR    |  5417 | websocket | error from callback <bound method MessageBusClient.on_message of <mycroft.messagebus.client.client.MessageBusClient object at 0x7fda46f03c90>>: cannot schedule new futures after shutdown
