2021-12-09 08:18:19.921 | INFO     |  5147 | mycroft.messagebus.load_config:load_message_bus_config:33 | Loading message bus configs
2021-12-09 08:18:19.925 | INFO     |  5147 | mycroft_bus_client.client.client | Connected
2021-12-09 08:18:19.927 | INFO     |  5147 | mycroft.util.process_utils:start_message_bus_client:155 | Connected to messagebus
2021-12-09 08:18:19.930 | INFO     |  5147 | mycroft.skills.msm_wrapper:create_msm:96 | Acquiring lock to instantiate MSM
2021-12-09 08:18:21.283 | INFO     |  5147 | msm.mycroft_skills_manager | building SkillEntry objects for all skills
2021-12-09 08:18:21.526 | INFO     |  5147 | mycroft.skills.msm_wrapper:create_msm:112 | Releasing MSM instantiation lock.
2021-12-09 08:18:21.527 | INFO     |  5147 | mycroft.skills.skill_updater:_log_next_download_time:267 | Next scheduled skill update: 2021-12-09 08:18:20.527172
2021-12-09 08:18:21.527 | INFO     |  5147 | msm.skill_entry | Downloading skill: https://github.com/mycroftai/skill-pairing
2021-12-09 08:18:21.859 | INFO     |  5147 | msm.skill_entry | Installing system requirements...
2021-12-09 08:18:21.897 | INFO     |  5147 | msm.skill_entry | Successfully installed mycroft-pairing
2021-12-09 08:18:21.897 | INFO     |  5147 | msm.mycroft_skills_manager | invalidating skills cache
2021-12-09 08:18:21.899 | INFO     |  5147 | mycroft.skills.skill_loader:load:185 | ATTEMPTING TO LOAD SKILL: mycroft-pairing.mycroftai
2021-12-09 08:18:21.914 | INFO     |  5147 | mycroft.skills.settings:get_local_settings:83 | /opt/mycroft/skills/mycroft-pairing.mycroftai/settings.json
2021-12-09 08:18:21.948 | INFO     |  5147 | mycroft.skills.skill_loader:_check_for_first_run:324 | First run of mycroft-pairing.mycroftai
2021-12-09 08:18:21.949 | INFO     |  5147 | mycroft.skills.settings:save_settings:116 | Skill settings successfully saved to /home/runner/.config/mycroft/skills/mycroft-pairing.mycroftai/settings.json
2021-12-09 08:18:21.950 | INFO     |  5147 | mycroft.skills.skill_loader:_communicate_load_status:344 | Skill mycroft-pairing.mycroftai loaded successfully
2021-12-09 08:18:21.950 | INFO     |  5147 | msm.skill_entry | Downloading skill: https://github.com/mycroftai/skill-volume
2021-12-09 08:18:22.370 | INFO     |  5147 | msm.skill_entry | Installing system requirements...
2021-12-09 08:18:22.404 | INFO     |  5147 | msm.skill_entry | Installing requirements.txt for mycroft-volume
2021-12-09 08:18:23.627 | INFO     |  5147 | msm.skill_entry | Successfully installed mycroft-volume
2021-12-09 08:18:23.627 | INFO     |  5147 | msm.mycroft_skills_manager | invalidating skills cache
2021-12-09 08:18:23.628 | INFO     |  5147 | mycroft.skills.skill_loader:load:185 | ATTEMPTING TO LOAD SKILL: mycroft-volume.mycroftai
2021-12-09 08:18:23.637 | INFO     |  5147 | mycroft.skills.settings:get_local_settings:83 | /opt/mycroft/skills/mycroft-volume.mycroftai/settings.json
2021-12-09 08:18:23.788 | ERROR    |  5147 | VolumeSkill | Couldn't allocate mixer, ALSAAudioError('No such file or directory [default]')
2021-12-09 08:18:26.797 | INFO     |  5147 | mycroft.skills.skill_loader:_check_for_first_run:324 | First run of mycroft-volume.mycroftai
2021-12-09 08:18:26.798 | INFO     |  5147 | mycroft.skills.settings:save_settings:116 | Skill settings successfully saved to /home/runner/.config/mycroft/skills/mycroft-volume.mycroftai/settings.json
2021-12-09 08:18:26.799 | INFO     |  5147 | mycroft.skills.skill_loader:_communicate_load_status:344 | Skill mycroft-volume.mycroftai loaded successfully
2021-12-09 08:18:26.799 | INFO     |  5147 | __main__:on_started:177 | Skills service is starting up.
2021-12-09 08:18:26.854 | INFO     |  5147 | __main__:_update_system:154 | Attempting system update...
2021-12-09 08:18:29.856 | INFO     |  5147 | mycroft.enclosure.display_manager:_write_data:70 | Display Manager is creating /tmp/mycroft/ipc/managers/disp_info
2021-12-09 08:18:29.904 | INFO     |  5147 | __main__:_ensure_device_is_paired:133 | Device not paired, invoking the pairing skill
2021-12-09 08:18:29.916 | INFO     |  5147 | __main__:on_alive:181 | Skills service is alive.
2021-12-09 08:18:29.916 | INFO     |  5147 | msm.mycroft_skills_manager | building SkillEntry objects for all skills
2021-12-09 08:18:30.374 | WARNING  |  5147 | msm.mycroft_skills_manager | No such default skill: mycroft-pandora
2021-12-09 08:18:30.376 | INFO     |  5147 | mycroft.skills.skill_manager:run:234 | Not all default skills are installed, performing skill update...
2021-12-09 08:18:30.376 | INFO     |  5147 | mycroft.skills.skill_updater:update_skills:149 | Beginning skill update...
2021-12-09 08:18:30.428 | INFO     |  5147 | msm.mycroft_skills_manager | building SkillEntry objects for all skills
2021-12-09 08:18:30.435 | INFO     |  5147 | PairingSkill | Communicating account URL to user
2021-12-09 08:18:31.331 | INFO     |  5147 | msm.mycroft_skills_manager | invalidating skills cache
2021-12-09 08:18:31.361 | INFO     |  5147 | msm.skill_entry | Downloading skill: https://github.com/mycroftai/fallback-unknown
2021-12-09 08:18:31.365 | INFO     |  5147 | msm.skill_entry | Downloading skill: https://github.com/mycroftai/skill-alarm
2021-12-09 08:18:31.376 | INFO     |  5147 | msm.skill_entry | Downloading skill: https://github.com/mycroftai/skill-audio-record
2021-12-09 08:18:31.383 | INFO     |  5147 | msm.skill_entry | Downloading skill: https://github.com/mycroftai/skill-configuration
2021-12-09 08:18:31.385 | INFO     |  5147 | msm.skill_entry | Downloading skill: https://github.com/mycroftai/skill-installer
2021-12-09 08:18:31.389 | INFO     |  5147 | msm.skill_entry | Downloading skill: https://github.com/mycroftai/fallback-wolfram-alpha
2021-12-09 08:18:31.392 | INFO     |  5147 | msm.skill_entry | Downloading skill: https://github.com/mycroftai/skill-ip
2021-12-09 08:18:31.400 | INFO     |  5147 | msm.skill_entry | Downloading skill: https://github.com/mycroftai/skill-joke
2021-12-09 08:18:31.409 | INFO     |  5147 | msm.skill_entry | Downloading skill: https://github.com/mycroftai/skill-naptime
2021-12-09 08:18:31.412 | INFO     |  5147 | msm.skill_entry | Downloading skill: https://github.com/mycroftai/skill-npr-news
2021-12-09 08:18:31.424 | INFO     |  5147 | msm.skill_entry | Downloading skill: https://github.com/mycroftai/fallback-duckduckgo
2021-12-09 08:18:31.431 | INFO     |  5147 | msm.skill_entry | Downloading skill: https://github.com/mycroftai/skill-personal
2021-12-09 08:18:31.437 | INFO     |  5147 | msm.skill_entry | Downloading skill: https://github.com/mycroftai/skill-playback-control
2021-12-09 08:18:31.440 | INFO     |  5147 | msm.skill_entry | Downloading skill: https://github.com/mycroftai/skill-reminder
2021-12-09 08:18:31.444 | INFO     |  5147 | msm.skill_entry | Downloading skill: https://github.com/mycroftai/skill-singing
2021-12-09 08:18:31.453 | INFO     |  5147 | msm.skill_entry | Downloading skill: https://github.com/mycroftai/skill-date-time
2021-12-09 08:18:31.480 | INFO     |  5147 | msm.skill_entry | Downloading skill: https://github.com/mycroftai/skill-hello-world
2021-12-09 08:18:32.281 | INFO     |  5147 | msm.skill_entry | Installing system requirements...
2021-12-09 08:18:32.342 | INFO     |  5147 | msm.skill_entry | Successfully installed fallback-unknown
2021-12-09 08:18:32.342 | INFO     |  5147 | msm.mycroft_skills_manager | invalidating skills cache
2021-12-09 08:18:32.343 | INFO     |  5147 | msm.skill_entry | Downloading skill: https://github.com/mycroftai/skill-speak
2021-12-09 08:18:32.738 | INFO     |  5147 | msm.skill_entry | Installing system requirements...
2021-12-09 08:18:32.816 | INFO     |  5147 | msm.skill_entry | Installing system requirements...
2021-12-09 08:18:32.857 | INFO     |  5147 | msm.skill_entry | Successfully installed mycroft-naptime
2021-12-09 08:18:32.858 | INFO     |  5147 | msm.mycroft_skills_manager | invalidating skills cache
2021-12-09 08:18:32.863 | INFO     |  5147 | msm.skill_entry | Installing system requirements...
2021-12-09 08:18:32.868 | INFO     |  5147 | msm.skill_entry | Downloading skill: https://github.com/mycroftai/skill-spelling
2021-12-09 08:18:32.971 | INFO     |  5147 | msm.skill_entry | Installing requirements.txt for mycroft-joke
2021-12-09 08:18:32.985 | INFO     |  5147 | msm.skill_entry | Installing requirements.txt for mycroft-ip
2021-12-09 08:18:33.067 | INFO     |  5147 | msm.skill_entry | Nothing new for mycroft-volume
2021-12-09 08:18:33.109 | INFO     |  5147 | msm.skill_entry | Installing system requirements...
2021-12-09 08:18:33.111 | INFO     |  5147 | msm.skill_entry | Installing system requirements...
2021-12-09 08:18:33.116 | INFO     |  5147 | msm.skill_entry | Installing system requirements...
2021-12-09 08:18:33.128 | INFO     |  5147 | msm.skill_entry | Installing system requirements...
2021-12-09 08:18:33.132 | INFO     |  5147 | msm.skill_entry | Installing system requirements...
2021-12-09 08:18:33.137 | INFO     |  5147 | msm.skill_entry | Installing system requirements...
2021-12-09 08:18:33.153 | INFO     |  5147 | msm.skill_entry | Installing requirements.txt for mycroft-installer
2021-12-09 08:18:33.163 | INFO     |  5147 | msm.skill_entry | Nothing new for mycroft-pairing
2021-12-09 08:18:33.175 | INFO     |  5147 | msm.skill_entry | Installing requirements.txt for mycroft-audio-record
2021-12-09 08:18:33.176 | INFO     |  5147 | msm.skill_entry | Installing requirements.txt for mycroft-fallback-duck-duck-go
2021-12-09 08:18:33.177 | INFO     |  5147 | msm.skill_entry | Installing requirements.txt for fallback-wolfram-alpha
2021-12-09 08:18:33.202 | INFO     |  5147 | msm.skill_entry | Successfully installed mycroft-hello-world
2021-12-09 08:18:33.214 | INFO     |  5147 | msm.mycroft_skills_manager | invalidating skills cache
2021-12-09 08:18:33.216 | INFO     |  5147 | msm.skill_entry | Downloading skill: https://github.com/mycroftai/skill-stop
2021-12-09 08:18:33.202 | INFO     |  5147 | msm.skill_entry | Successfully installed mycroft-personal
2021-12-09 08:18:33.221 | INFO     |  5147 | msm.mycroft_skills_manager | invalidating skills cache
2021-12-09 08:18:33.223 | INFO     |  5147 | msm.skill_entry | Downloading skill: https://github.com/mycroftai/skill-support
2021-12-09 08:18:33.226 | INFO     |  5147 | msm.skill_entry | Installing system requirements...
2021-12-09 08:18:33.252 | INFO     |  5147 | msm.skill_entry | Installing system requirements...
2021-12-09 08:18:33.283 | ERROR    |  5147 | msm.mycroft_skills_manager | Error running install_or_update on homeassistant.mycroftai: MergeConflict
2021-12-09 08:18:33.286 | INFO     |  5147 | msm.skill_entry | Downloading skill: https://github.com/mycroftai/mycroft-timer
2021-12-09 08:18:33.345 | INFO     |  5147 | msm.skill_entry | Downloading skill: https://github.com/mycroftai/skill-weather
2021-12-09 08:18:33.346 | INFO     |  5147 | msm.skill_entry | Installing requirements.txt for mycroft-volume
2021-12-09 08:18:33.372 | INFO     |  5147 | msm.skill_entry | Installing system requirements...
2021-12-09 08:18:33.379 | INFO     |  5147 | msm.skill_entry | Installing system requirements...
2021-12-09 08:18:33.494 | INFO     |  5147 | msm.skill_entry | Installing requirements.txt for mycroft-configuration
2021-12-09 08:18:33.517 | INFO     |  5147 | msm.skill_entry | Installing system requirements...
2021-12-09 08:18:33.528 | INFO     |  5147 | msm.skill_entry | Successfully installed mycroft-playback-control
2021-12-09 08:18:33.529 | INFO     |  5147 | msm.mycroft_skills_manager | invalidating skills cache
2021-12-09 08:18:33.530 | INFO     |  5147 | msm.skill_entry | Downloading skill: https://github.com/mycroftai/skill-version-checker
2021-12-09 08:18:33.556 | INFO     |  5147 | msm.skill_entry | Installing system requirements...
2021-12-09 08:18:33.581 | INFO     |  5147 | msm.skill_entry | Installing system requirements...
2021-12-09 08:18:33.629 | INFO     |  5147 | msm.skill_entry | Successfully installed mycroft-reminder
2021-12-09 08:18:33.629 | INFO     |  5147 | msm.mycroft_skills_manager | invalidating skills cache
2021-12-09 08:18:33.630 | INFO     |  5147 | msm.skill_entry | Downloading skill: https://github.com/mycroftai/skill-wiki
2021-12-09 08:18:33.661 | INFO     |  5147 | msm.skill_entry | Successfully installed mycroft-speak
2021-12-09 08:18:33.662 | INFO     |  5147 | msm.mycroft_skills_manager | invalidating skills cache
2021-12-09 08:18:33.666 | INFO     |  5147 | msm.skill_entry | Downloading skill: https://github.com/MycroftAI/skill-query
2021-12-09 08:18:33.690 | INFO     |  5147 | msm.skill_entry | Installing requirements.txt for mycroft-npr-news
2021-12-09 08:18:33.729 | INFO     |  5147 | msm.skill_entry | Installing system requirements...
2021-12-09 08:18:33.807 | INFO     |  5147 | msm.skill_entry | Installing requirements.txt for mycroft-date-time
2021-12-09 08:18:33.903 | INFO     |  5147 | msm.skill_entry | Installing system requirements...
2021-12-09 08:18:33.974 | INFO     |  5147 | msm.skill_entry | Installing requirements.txt for mycroft-alarm
2021-12-09 08:18:33.995 | INFO     |  5147 | msm.skill_entry | Installing system requirements...
2021-12-09 08:18:34.007 | INFO     |  5147 | msm.skill_entry | Installing system requirements...
2021-12-09 08:18:34.061 | INFO     |  5147 | msm.skill_entry | Installing requirements.txt for mycroft-support-helper
2021-12-09 08:18:34.078 | INFO     |  5147 | msm.skill_entry | Successfully installed mycroft-spelling
2021-12-09 08:18:34.078 | INFO     |  5147 | msm.mycroft_skills_manager | invalidating skills cache
2021-12-09 08:18:34.123 | INFO     |  5147 | msm.skill_entry | Installing system requirements...
2021-12-09 08:18:34.205 | INFO     |  5147 | msm.skill_entry | Successfully installed mycroft-stop
2021-12-09 08:18:34.206 | INFO     |  5147 | msm.mycroft_skills_manager | invalidating skills cache
2021-12-09 08:18:34.360 | INFO     |  5147 | msm.skill_entry | Installing system requirements...
2021-12-09 08:18:34.372 | INFO     |  5147 | msm.skill_entry | Installing system requirements...
2021-12-09 08:18:34.466 | INFO     |  5147 | msm.skill_entry | Successfully installed fallback-query
2021-12-09 08:18:34.466 | INFO     |  5147 | msm.mycroft_skills_manager | invalidating skills cache
2021-12-09 08:18:34.490 | INFO     |  5147 | msm.skill_entry | Successfully installed mycroft-version-checker
2021-12-09 08:18:34.490 | INFO     |  5147 | msm.mycroft_skills_manager | invalidating skills cache
2021-12-09 08:18:34.526 | INFO     |  5147 | msm.skill_entry | Installing system requirements...
2021-12-09 08:18:34.564 | INFO     |  5147 | msm.skill_entry | Installing requirements.txt for mycroft-wiki
2021-12-09 08:18:34.702 | INFO     |  5147 | msm.skill_entry | Installing system requirements...
2021-12-09 08:18:34.766 | INFO     |  5147 | msm.skill_entry | Successfully installed mycroft-timer
2021-12-09 08:18:34.766 | INFO     |  5147 | msm.mycroft_skills_manager | invalidating skills cache
2021-12-09 08:18:34.826 | ERROR    |  5147 | msm.mycroft_skills_manager | Error running install_or_update on homeassistant: MergeConflict
2021-12-09 08:18:34.860 | INFO     |  5147 | msm.skill_entry | Installing system requirements...
2021-12-09 08:18:34.886 | INFO     |  5147 | msm.skill_entry | Installing requirements.txt for mycroft-weather
2021-12-09 08:18:35.091 | INFO     |  5147 | msm.skill_entry | Installing system requirements...
2021-12-09 08:18:35.112 | INFO     |  5147 | msm.skill_entry | Successfully installed mycroft-singing
2021-12-09 08:18:35.112 | INFO     |  5147 | msm.mycroft_skills_manager | invalidating skills cache
2021-12-09 08:18:35.665 | INFO     |  5147 | msm.skill_entry | Successfully installed mycroft-joke
2021-12-09 08:18:35.666 | INFO     |  5147 | msm.mycroft_skills_manager | invalidating skills cache
2021-12-09 08:18:36.506 | INFO     |  5147 | msm.skill_entry | Successfully installed mycroft-ip
2021-12-09 08:18:36.507 | INFO     |  5147 | msm.mycroft_skills_manager | invalidating skills cache
2021-12-09 08:18:37.366 | INFO     |  5147 | msm.skill_entry | Successfully installed mycroft-installer
2021-12-09 08:18:37.366 | INFO     |  5147 | msm.mycroft_skills_manager | invalidating skills cache
2021-12-09 08:18:38.231 | INFO     |  5147 | msm.skill_entry | Successfully installed mycroft-audio-record
2021-12-09 08:18:38.232 | INFO     |  5147 | msm.mycroft_skills_manager | invalidating skills cache
2021-12-09 08:18:39.221 | INFO     |  5147 | msm.skill_entry | Successfully installed mycroft-fallback-duck-duck-go
2021-12-09 08:18:39.222 | INFO     |  5147 | msm.mycroft_skills_manager | invalidating skills cache
2021-12-09 08:18:41.665 | INFO     |  5147 | msm.skill_entry | Successfully installed fallback-wolfram-alpha
2021-12-09 08:18:41.665 | INFO     |  5147 | msm.mycroft_skills_manager | invalidating skills cache
2021-12-09 08:18:44.952 | INFO     |  5147 | msm.skill_entry | Successfully installed mycroft-configuration
2021-12-09 08:18:44.952 | INFO     |  5147 | msm.mycroft_skills_manager | invalidating skills cache
2021-12-09 08:18:47.877 | INFO     |  5147 | msm.skill_entry | Successfully installed mycroft-npr-news
2021-12-09 08:18:47.877 | INFO     |  5147 | msm.mycroft_skills_manager | invalidating skills cache
2021-12-09 08:19:00.771 | INFO     |  5147 | PairingSkill | Initiating device pairing sequence...
2021-12-09 08:19:00.771 | INFO     |  5147 | PairingSkill | Retrieving pairing code from device API...
2021-12-09 08:19:00.846 | INFO     |  5147 | PairingSkill | Pairing code obtained: LN4R3T
2021-12-09 08:19:00.846 | INFO     |  5147 | PairingSkill | Communicating pairing URL to user
2021-12-09 08:19:03.321 | INFO     |  5147 | msm.skill_entry | Successfully installed mycroft-date-time
2021-12-09 08:19:03.323 | INFO     |  5147 | msm.mycroft_skills_manager | invalidating skills cache
2021-12-09 08:19:04.187 | INFO     |  5147 | msm.skill_entry | Successfully installed mycroft-alarm
2021-12-09 08:19:04.187 | INFO     |  5147 | msm.mycroft_skills_manager | invalidating skills cache
2021-12-09 08:19:06.337 | INFO     |  5147 | msm.skill_entry | Successfully installed mycroft-support-helper
2021-12-09 08:19:06.338 | INFO     |  5147 | msm.mycroft_skills_manager | invalidating skills cache
2021-12-09 08:19:08.055 | INFO     |  5147 | msm.skill_entry | Successfully installed mycroft-wiki
2021-12-09 08:19:08.056 | INFO     |  5147 | msm.mycroft_skills_manager | invalidating skills cache
2021-12-09 08:19:09.109 | INFO     |  5147 | msm.skill_entry | Successfully installed mycroft-weather
2021-12-09 08:19:09.109 | INFO     |  5147 | msm.mycroft_skills_manager | invalidating skills cache
2021-12-09 08:19:09.256 | INFO     |  5147 | mycroft.skills.skill_updater:_log_next_download_time:267 | Next scheduled skill update: 2021-12-09 09:19:09.255781
2021-12-09 08:19:09.257 | INFO     |  5147 | mycroft.skills.skill_updater:update_skills:170 | Skill update complete
2021-12-09 08:19:09.257 | INFO     |  5147 | mycroft.skills.skill_manager:_load_on_startup:273 | Loading installed skills...
2021-12-09 08:19:09.259 | INFO     |  5147 | mycroft.skills.skill_loader:load:185 | ATTEMPTING TO LOAD SKILL: mycroft-playback-control.mycroftai
2021-12-09 08:19:09.265 | INFO     |  5147 | mycroft.skills.settings:get_local_settings:83 | /opt/mycroft/skills/mycroft-playback-control.mycroftai/settings.json
2021-12-09 08:19:09.325 | INFO     |  5147 | mycroft.skills.skill_loader:_check_for_first_run:324 | First run of mycroft-playback-control.mycroftai
2021-12-09 08:19:09.326 | INFO     |  5147 | mycroft.skills.settings:save_settings:116 | Skill settings successfully saved to /home/runner/.config/mycroft/skills/mycroft-playback-control.mycroftai/settings.json
2021-12-09 08:19:09.496 | INFO     |  5147 | mycroft.skills.skill_loader:_communicate_load_status:344 | Skill mycroft-playback-control.mycroftai loaded successfully
2021-12-09 08:19:09.497 | INFO     |  5147 | mycroft.skills.skill_loader:load:185 | ATTEMPTING TO LOAD SKILL: mycroft-configuration.mycroftai
2021-12-09 08:19:09.502 | INFO     |  5147 | mycroft.skills.settings:get_local_settings:83 | /opt/mycroft/skills/mycroft-configuration.mycroftai/settings.json
2021-12-09 08:19:09.544 | INFO     |  5147 | mycroft.skills.skill_loader:_check_for_first_run:324 | First run of mycroft-configuration.mycroftai
2021-12-09 08:19:09.545 | INFO     |  5147 | mycroft.skills.settings:save_settings:116 | Skill settings successfully saved to /home/runner/.config/mycroft/skills/mycroft-configuration.mycroftai/settings.json
2021-12-09 08:19:09.643 | INFO     |  5147 | mycroft.skills.skill_loader:_communicate_load_status:344 | Skill mycroft-configuration.mycroftai loaded successfully
2021-12-09 08:19:09.644 | INFO     |  5147 | mycroft.skills.skill_loader:load:185 | ATTEMPTING TO LOAD SKILL: mycroft-speak.mycroftai
2021-12-09 08:19:09.652 | INFO     |  5147 | mycroft.skills.settings:get_local_settings:83 | /opt/mycroft/skills/mycroft-speak.mycroftai/settings.json
2021-12-09 08:19:09.671 | INFO     |  5147 | mycroft.skills.skill_loader:_check_for_first_run:324 | First run of mycroft-speak.mycroftai
2021-12-09 08:19:09.673 | INFO     |  5147 | mycroft.skills.settings:save_settings:116 | Skill settings successfully saved to /home/runner/.config/mycroft/skills/mycroft-speak.mycroftai/settings.json
2021-12-09 08:19:09.700 | INFO     |  5147 | mycroft.skills.skill_loader:_communicate_load_status:344 | Skill mycroft-speak.mycroftai loaded successfully
2021-12-09 08:19:09.700 | INFO     |  5147 | mycroft.skills.skill_loader:load:185 | ATTEMPTING TO LOAD SKILL: mycroft-spelling.mycroftai
2021-12-09 08:19:09.706 | INFO     |  5147 | mycroft.skills.settings:get_local_settings:83 | /opt/mycroft/skills/mycroft-spelling.mycroftai/settings.json
2021-12-09 08:19:09.719 | INFO     |  5147 | mycroft.skills.skill_loader:_check_for_first_run:324 | First run of mycroft-spelling.mycroftai
2021-12-09 08:19:09.719 | INFO     |  5147 | mycroft.skills.settings:save_settings:116 | Skill settings successfully saved to /home/runner/.config/mycroft/skills/mycroft-spelling.mycroftai/settings.json
2021-12-09 08:19:09.741 | INFO     |  5147 | mycroft.skills.skill_loader:_communicate_load_status:344 | Skill mycroft-spelling.mycroftai loaded successfully
2021-12-09 08:19:09.742 | INFO     |  5147 | mycroft.skills.skill_loader:load:185 | ATTEMPTING TO LOAD SKILL: mycroft-date-time.mycroftai
2021-12-09 08:19:10.230 | INFO     |  5147 | mycroft.skills.settings:get_local_settings:83 | /opt/mycroft/skills/mycroft-date-time.mycroftai/settings.json
2021-12-09 08:19:10.261 | INFO     |  5147 | TimeSkill | Registering resting screen <bound method TimeSkill.handle_idle of <mycroft-date-time_mycroftai.TimeSkill object at 0x7f6e7c481f10>> for Time and Date.
2021-12-09 08:19:10.262 | INFO     |  5147 | TimeSkill | Registering resting screen
2021-12-09 08:19:10.269 | INFO     |  5147 | mycroft.skills.skill_loader:_check_for_first_run:324 | First run of mycroft-date-time.mycroftai
2021-12-09 08:19:10.269 | INFO     |  5147 | mycroft.skills.settings:save_settings:116 | Skill settings successfully saved to /home/runner/.config/mycroft/skills/mycroft-date-time.mycroftai/settings.json
2021-12-09 08:19:10.330 | INFO     |  5147 | mycroft.skills.skill_loader:_communicate_load_status:344 | Skill mycroft-date-time.mycroftai loaded successfully
2021-12-09 08:19:10.331 | INFO     |  5147 | mycroft.skills.skill_loader:load:185 | ATTEMPTING TO LOAD SKILL: mycroft-singing.mycroftai
2021-12-09 08:19:10.346 | INFO     |  5147 | mycroft.skills.settings:get_local_settings:83 | /opt/mycroft/skills/mycroft-singing.mycroftai/settings.json
2021-12-09 08:19:10.362 | INFO     |  5147 | mycroft.skills.skill_loader:_check_for_first_run:324 | First run of mycroft-singing.mycroftai
2021-12-09 08:19:10.363 | INFO     |  5147 | mycroft.skills.settings:save_settings:116 | Skill settings successfully saved to /home/runner/.config/mycroft/skills/mycroft-singing.mycroftai/settings.json
2021-12-09 08:19:10.368 | INFO     |  5147 | mycroft.skills.skill_loader:_communicate_load_status:344 | Skill mycroft-singing.mycroftai loaded successfully
2021-12-09 08:19:10.368 | INFO     |  5147 | mycroft.skills.skill_loader:load:185 | ATTEMPTING TO LOAD SKILL: homeassistant.mycroftai
2021-12-09 08:19:10.622 | INFO     |  5147 | mycroft.skills.settings:get_local_settings:83 | /opt/mycroft/skills/homeassistant.mycroftai/settings.json
2021-12-09 08:19:10.623 | INFO     |  5147 | mycroft.skills.settings:get_local_settings:83 | /opt/mycroft/skills/homeassistant.mycroftai/settings.json
2021-12-09 08:19:10.656 | INFO     |  5147 | mycroft.skills.skill_loader:_communicate_load_status:344 | Skill homeassistant.mycroftai loaded successfully
2021-12-09 08:19:10.656 | INFO     |  5147 | mycroft.skills.skill_loader:load:185 | ATTEMPTING TO LOAD SKILL: mycroft-wiki.mycroftai
2021-12-09 08:19:10.662 | INFO     |  5147 | mycroft.skills.settings:get_local_settings:83 | /opt/mycroft/skills/mycroft-wiki.mycroftai/settings.json
2021-12-09 08:19:10.673 | INFO     |  5147 | mycroft.skills.skill_loader:_check_for_first_run:324 | First run of mycroft-wiki.mycroftai
2021-12-09 08:19:10.674 | INFO     |  5147 | mycroft.skills.settings:save_settings:116 | Skill settings successfully saved to /home/runner/.config/mycroft/skills/mycroft-wiki.mycroftai/settings.json
2021-12-09 08:19:10.674 | INFO     |  5147 | mycroft.skills.skill_loader:_communicate_load_status:344 | Skill mycroft-wiki.mycroftai loaded successfully
2021-12-09 08:19:10.675 | INFO     |  5147 | mycroft.skills.skill_loader:load:185 | ATTEMPTING TO LOAD SKILL: mycroft-reminder.mycroftai
2021-12-09 08:19:10.687 | INFO     |  5147 | mycroft.skills.settings:get_local_settings:83 | /opt/mycroft/skills/mycroft-reminder.mycroftai/settings.json
2021-12-09 08:19:10.728 | INFO     |  5147 | mycroft.skills.skill_loader:_check_for_first_run:324 | First run of mycroft-reminder.mycroftai
2021-12-09 08:19:10.728 | INFO     |  5147 | mycroft.skills.settings:save_settings:116 | Skill settings successfully saved to /home/runner/.config/mycroft/skills/mycroft-reminder.mycroftai/settings.json
2021-12-09 08:19:10.729 | INFO     |  5147 | mycroft.skills.skill_loader:_communicate_load_status:344 | Skill mycroft-reminder.mycroftai loaded successfully
2021-12-09 08:19:10.729 | INFO     |  5147 | mycroft.skills.skill_loader:load:185 | ATTEMPTING TO LOAD SKILL: mycroft-ip.mycroftai
2021-12-09 08:19:10.790 | INFO     |  5147 | mycroft.skills.settings:get_local_settings:83 | /opt/mycroft/skills/mycroft-ip.mycroftai/settings.json
2021-12-09 08:19:10.900 | INFO     |  5147 | mycroft.skills.skill_loader:_check_for_first_run:324 | First run of mycroft-ip.mycroftai
2021-12-09 08:19:10.901 | INFO     |  5147 | mycroft.skills.settings:save_settings:116 | Skill settings successfully saved to /home/runner/.config/mycroft/skills/mycroft-ip.mycroftai/settings.json
2021-12-09 08:19:10.908 | INFO     |  5147 | mycroft.skills.skill_loader:_communicate_load_status:344 | Skill mycroft-ip.mycroftai loaded successfully
2021-12-09 08:19:10.908 | INFO     |  5147 | mycroft.skills.skill_loader:load:185 | ATTEMPTING TO LOAD SKILL: fallback-query.mycroftai
2021-12-09 08:19:10.920 | INFO     |  5147 | mycroft.skills.settings:get_local_settings:83 | /opt/mycroft/skills/fallback-query.mycroftai/settings.json
2021-12-09 08:19:10.937 | INFO     |  5147 | mycroft.skills.skill_loader:_check_for_first_run:324 | First run of fallback-query.mycroftai
2021-12-09 08:19:10.938 | INFO     |  5147 | mycroft.skills.settings:save_settings:116 | Skill settings successfully saved to /home/runner/.config/mycroft/skills/fallback-query.mycroftai/settings.json
2021-12-09 08:19:10.943 | INFO     |  5147 | mycroft.skills.skill_loader:_communicate_load_status:344 | Skill fallback-query.mycroftai loaded successfully
2021-12-09 08:19:10.943 | INFO     |  5147 | mycroft.skills.skill_loader:load:185 | ATTEMPTING TO LOAD SKILL: mycroft-joke.mycroftai
2021-12-09 08:19:10.949 | INFO     |  5147 | mycroft.skills.settings:get_local_settings:83 | /opt/mycroft/skills/mycroft-joke.mycroftai/settings.json
2021-12-09 08:19:10.970 | INFO     |  5147 | mycroft.skills.skill_loader:_check_for_first_run:324 | First run of mycroft-joke.mycroftai
2021-12-09 08:19:10.970 | INFO     |  5147 | mycroft.skills.settings:save_settings:116 | Skill settings successfully saved to /home/runner/.config/mycroft/skills/mycroft-joke.mycroftai/settings.json
2021-12-09 08:19:10.978 | INFO     |  5147 | mycroft.skills.skill_loader:_communicate_load_status:344 | Skill mycroft-joke.mycroftai loaded successfully
2021-12-09 08:19:10.979 | INFO     |  5147 | mycroft.skills.skill_loader:load:185 | ATTEMPTING TO LOAD SKILL: mycroft-installer.mycroftai
2021-12-09 08:19:10.993 | INFO     |  5147 | mycroft.skills.settings:get_local_settings:83 | /opt/mycroft/skills/mycroft-installer.mycroftai/settings.json
2021-12-09 08:19:11.024 | INFO     |  5147 | mycroft.skills.skill_loader:_check_for_first_run:324 | First run of mycroft-installer.mycroftai
2021-12-09 08:19:11.025 | INFO     |  5147 | mycroft.skills.settings:save_settings:116 | Skill settings successfully saved to /home/runner/.config/mycroft/skills/mycroft-installer.mycroftai/settings.json
2021-12-09 08:19:11.026 | INFO     |  5147 | mycroft.skills.skill_loader:_communicate_load_status:344 | Skill mycroft-installer.mycroftai loaded successfully
2021-12-09 08:19:11.026 | INFO     |  5147 | mycroft.skills.skill_loader:load:185 | ATTEMPTING TO LOAD SKILL: mycroft-audio-record.mycroftai
2021-12-09 08:19:11.033 | INFO     |  5147 | mycroft.skills.settings:get_local_settings:83 | /opt/mycroft/skills/mycroft-audio-record.mycroftai/settings.json
2021-12-09 08:19:11.049 | INFO     |  5147 | mycroft.skills.skill_loader:_check_for_first_run:324 | First run of mycroft-audio-record.mycroftai
2021-12-09 08:19:11.049 | INFO     |  5147 | mycroft.skills.settings:save_settings:116 | Skill settings successfully saved to /home/runner/.config/mycroft/skills/mycroft-audio-record.mycroftai/settings.json
2021-12-09 08:19:11.065 | INFO     |  5147 | mycroft.skills.skill_loader:_communicate_load_status:344 | Skill mycroft-audio-record.mycroftai loaded successfully
2021-12-09 08:19:11.067 | INFO     |  5147 | mycroft.skills.skill_loader:load:185 | ATTEMPTING TO LOAD SKILL: mycroft-hello-world.mycroftai
2021-12-09 08:19:11.077 | INFO     |  5147 | mycroft.skills.settings:get_local_settings:83 | /opt/mycroft/skills/mycroft-hello-world.mycroftai/settings.json
2021-12-09 08:19:11.116 | INFO     |  5147 | mycroft.skills.skill_loader:_check_for_first_run:324 | First run of mycroft-hello-world.mycroftai
2021-12-09 08:19:11.117 | INFO     |  5147 | mycroft.skills.settings:save_settings:116 | Skill settings successfully saved to /home/runner/.config/mycroft/skills/mycroft-hello-world.mycroftai/settings.json
2021-12-09 08:19:11.117 | INFO     |  5147 | mycroft.skills.skill_loader:_communicate_load_status:344 | Skill mycroft-hello-world.mycroftai loaded successfully
2021-12-09 08:19:11.118 | INFO     |  5147 | mycroft.skills.skill_loader:load:185 | ATTEMPTING TO LOAD SKILL: mycroft-naptime.mycroftai
2021-12-09 08:19:11.125 | INFO     |  5147 | mycroft.skills.settings:get_local_settings:83 | /opt/mycroft/skills/mycroft-naptime.mycroftai/settings.json
2021-12-09 08:19:11.134 | INFO     |  5147 | mycroft.skills.skill_loader:_check_for_first_run:324 | First run of mycroft-naptime.mycroftai
2021-12-09 08:19:11.135 | INFO     |  5147 | mycroft.skills.settings:save_settings:116 | Skill settings successfully saved to /home/runner/.config/mycroft/skills/mycroft-naptime.mycroftai/settings.json
2021-12-09 08:19:11.137 | INFO     |  5147 | mycroft.skills.skill_loader:_communicate_load_status:344 | Skill mycroft-naptime.mycroftai loaded successfully
2021-12-09 08:19:11.138 | INFO     |  5147 | mycroft.skills.skill_loader:load:185 | ATTEMPTING TO LOAD SKILL: mycroft-version-checker.mycroftai
2021-12-09 08:19:11.143 | INFO     |  5147 | mycroft.skills.settings:get_local_settings:83 | /opt/mycroft/skills/mycroft-version-checker.mycroftai/settings.json
2021-12-09 08:19:11.169 | INFO     |  5147 | mycroft.skills.skill_loader:_check_for_first_run:324 | First run of mycroft-version-checker.mycroftai
2021-12-09 08:19:11.172 | INFO     |  5147 | mycroft.skills.settings:save_settings:116 | Skill settings successfully saved to /home/runner/.config/mycroft/skills/mycroft-version-checker.mycroftai/settings.json
2021-12-09 08:19:11.173 | INFO     |  5147 | mycroft.skills.skill_loader:_communicate_load_status:344 | Skill mycroft-version-checker.mycroftai loaded successfully
2021-12-09 08:19:11.173 | INFO     |  5147 | mycroft.skills.skill_loader:load:185 | ATTEMPTING TO LOAD SKILL: fallback-unknown.mycroftai
2021-12-09 08:19:11.193 | INFO     |  5147 | mycroft.skills.settings:get_local_settings:83 | /opt/mycroft/skills/fallback-unknown.mycroftai/settings.json
2021-12-09 08:19:11.211 | INFO     |  5147 | mycroft.skills.skill_loader:_check_for_first_run:324 | First run of fallback-unknown.mycroftai
2021-12-09 08:19:11.212 | INFO     |  5147 | mycroft.skills.settings:save_settings:116 | Skill settings successfully saved to /home/runner/.config/mycroft/skills/fallback-unknown.mycroftai/settings.json
2021-12-09 08:19:11.215 | INFO     |  5147 | mycroft.skills.skill_loader:_communicate_load_status:344 | Skill fallback-unknown.mycroftai loaded successfully
2021-12-09 08:19:11.217 | INFO     |  5147 | mycroft.skills.skill_loader:load:185 | ATTEMPTING TO LOAD SKILL: mycroft-personal.mycroftai
2021-12-09 08:19:11.226 | INFO     |  5147 | mycroft.skills.settings:get_local_settings:83 | /opt/mycroft/skills/mycroft-personal.mycroftai/settings.json
2021-12-09 08:19:11.249 | INFO     |  5147 | mycroft.skills.skill_loader:_check_for_first_run:324 | First run of mycroft-personal.mycroftai
2021-12-09 08:19:11.250 | INFO     |  5147 | mycroft.skills.settings:save_settings:116 | Skill settings successfully saved to /home/runner/.config/mycroft/skills/mycroft-personal.mycroftai/settings.json
2021-12-09 08:19:11.250 | INFO     |  5147 | mycroft.skills.skill_loader:_communicate_load_status:344 | Skill mycroft-personal.mycroftai loaded successfully
2021-12-09 08:19:11.251 | INFO     |  5147 | mycroft.skills.skill_loader:load:185 | ATTEMPTING TO LOAD SKILL: mycroft-fallback-duck-duck-go.mycroftai
2021-12-09 08:19:11.284 | INFO     |  5147 | mycroft.skills.settings:get_local_settings:83 | /opt/mycroft/skills/mycroft-fallback-duck-duck-go.mycroftai/settings.json
2021-12-09 08:19:11.310 | INFO     |  5147 | mycroft.skills.skill_loader:_check_for_first_run:324 | First run of mycroft-fallback-duck-duck-go.mycroftai
2021-12-09 08:19:11.311 | INFO     |  5147 | mycroft.skills.settings:save_settings:116 | Skill settings successfully saved to /home/runner/.config/mycroft/skills/mycroft-fallback-duck-duck-go.mycroftai/settings.json
2021-12-09 08:19:11.318 | INFO     |  5147 | mycroft.skills.skill_loader:_communicate_load_status:344 | Skill mycroft-fallback-duck-duck-go.mycroftai loaded successfully
2021-12-09 08:19:11.318 | INFO     |  5147 | mycroft.skills.skill_loader:load:185 | ATTEMPTING TO LOAD SKILL: fallback-wolfram-alpha.mycroftai
2021-12-09 08:19:11.351 | INFO     |  5147 | mycroft.skills.settings:get_local_settings:83 | /opt/mycroft/skills/fallback-wolfram-alpha.mycroftai/settings.json
2021-12-09 08:19:11.375 | INFO     |  5147 | mycroft.skills.skill_loader:_check_for_first_run:324 | First run of fallback-wolfram-alpha.mycroftai
2021-12-09 08:19:11.375 | INFO     |  5147 | mycroft.skills.settings:save_settings:116 | Skill settings successfully saved to /home/runner/.config/mycroft/skills/fallback-wolfram-alpha.mycroftai/settings.json
2021-12-09 08:19:11.376 | INFO     |  5147 | mycroft.skills.skill_loader:_communicate_load_status:344 | Skill fallback-wolfram-alpha.mycroftai loaded successfully
2021-12-09 08:19:11.376 | INFO     |  5147 | mycroft.skills.skill_loader:load:185 | ATTEMPTING TO LOAD SKILL: mycroft-weather.mycroftai
2021-12-09 08:19:11.411 | INFO     |  5147 | mycroft.skills.settings:get_local_settings:83 | /opt/mycroft/skills/mycroft-weather.mycroftai/settings.json
2021-12-09 08:19:11.527 | INFO     |  5147 | mycroft.skills.skill_loader:_check_for_first_run:324 | First run of mycroft-weather.mycroftai
2021-12-09 08:19:11.528 | INFO     |  5147 | mycroft.skills.settings:save_settings:116 | Skill settings successfully saved to /home/runner/.config/mycroft/skills/mycroft-weather.mycroftai/settings.json
2021-12-09 08:19:11.532 | INFO     |  5147 | mycroft.skills.skill_loader:_communicate_load_status:344 | Skill mycroft-weather.mycroftai loaded successfully
2021-12-09 08:19:11.533 | INFO     |  5147 | mycroft.skills.skill_loader:load:185 | ATTEMPTING TO LOAD SKILL: mycroft-stop.mycroftai
2021-12-09 08:19:11.541 | INFO     |  5147 | mycroft.skills.settings:get_local_settings:83 | /opt/mycroft/skills/mycroft-stop.mycroftai/settings.json
2021-12-09 08:19:11.566 | INFO     |  5147 | mycroft.skills.skill_loader:_check_for_first_run:324 | First run of mycroft-stop.mycroftai
2021-12-09 08:19:11.566 | INFO     |  5147 | mycroft.skills.settings:save_settings:116 | Skill settings successfully saved to /home/runner/.config/mycroft/skills/mycroft-stop.mycroftai/settings.json
2021-12-09 08:19:11.577 | INFO     |  5147 | mycroft.skills.skill_loader:_communicate_load_status:344 | Skill mycroft-stop.mycroftai loaded successfully
2021-12-09 08:19:11.577 | INFO     |  5147 | mycroft.skills.skill_loader:load:185 | ATTEMPTING TO LOAD SKILL: mycroft-alarm.mycroftai
2021-12-09 08:19:11.612 | INFO     |  5147 | mycroft.skills.settings:get_local_settings:83 | /opt/mycroft/skills/mycroft-alarm.mycroftai/settings.json
2021-12-09 08:19:11.613 | ERROR    |  5147 | AlarmSkill | Couldn't allocate mixer, ALSAAudioError('No such file or directory [default]')
2021-12-09 08:19:11.692 | INFO     |  5147 | mycroft.skills.skill_loader:_check_for_first_run:324 | First run of mycroft-alarm.mycroftai
2021-12-09 08:19:11.693 | INFO     |  5147 | mycroft.skills.settings:save_settings:116 | Skill settings successfully saved to /home/runner/.config/mycroft/skills/mycroft-alarm.mycroftai/settings.json
2021-12-09 08:19:11.698 | INFO     |  5147 | mycroft.skills.skill_loader:_communicate_load_status:344 | Skill mycroft-alarm.mycroftai loaded successfully
2021-12-09 08:19:11.698 | INFO     |  5147 | mycroft.skills.skill_loader:load:185 | ATTEMPTING TO LOAD SKILL: mycroft-support-helper.mycroftai
2021-12-09 08:19:11.716 | INFO     |  5147 | mycroft.skills.settings:get_local_settings:83 | /opt/mycroft/skills/mycroft-support-helper.mycroftai/settings.json
2021-12-09 08:19:11.735 | INFO     |  5147 | mycroft.skills.skill_loader:_check_for_first_run:324 | First run of mycroft-support-helper.mycroftai
2021-12-09 08:19:11.736 | INFO     |  5147 | mycroft.skills.settings:save_settings:116 | Skill settings successfully saved to /home/runner/.config/mycroft/skills/mycroft-support-helper.mycroftai/settings.json
2021-12-09 08:19:11.740 | INFO     |  5147 | mycroft.skills.skill_loader:_communicate_load_status:344 | Skill mycroft-support-helper.mycroftai loaded successfully
2021-12-09 08:19:11.740 | INFO     |  5147 | mycroft.skills.skill_loader:load:185 | ATTEMPTING TO LOAD SKILL: mycroft-timer.mycroftai
2021-12-09 08:19:11.789 | INFO     |  5147 | mycroft.skills.settings:get_local_settings:83 | /opt/mycroft/skills/mycroft-timer.mycroftai/settings.json
2021-12-09 08:19:11.853 | INFO     |  5147 | mycroft.skills.skill_loader:_check_for_first_run:324 | First run of mycroft-timer.mycroftai
2021-12-09 08:19:11.853 | INFO     |  5147 | mycroft.skills.settings:save_settings:116 | Skill settings successfully saved to /home/runner/.config/mycroft/skills/mycroft-timer.mycroftai/settings.json
2021-12-09 08:19:11.859 | INFO     |  5147 | mycroft.skills.skill_loader:_communicate_load_status:344 | Skill mycroft-timer.mycroftai loaded successfully
2021-12-09 08:19:11.860 | INFO     |  5147 | mycroft.skills.skill_loader:load:185 | ATTEMPTING TO LOAD SKILL: mycroft-npr-news.mycroftai
2021-12-09 08:19:11.967 | INFO     |  5147 | mycroft.skills.settings:get_local_settings:83 | /opt/mycroft/skills/mycroft-npr-news.mycroftai/settings.json
2021-12-09 08:19:12.997 | INFO     |  5147 | mycroft.skills.skill_loader:_check_for_first_run:324 | First run of mycroft-npr-news.mycroftai
2021-12-09 08:19:12.998 | INFO     |  5147 | mycroft.skills.settings:save_settings:116 | Skill settings successfully saved to /home/runner/.config/mycroft/skills/mycroft-npr-news.mycroftai/settings.json
2021-12-09 08:19:12.998 | INFO     |  5147 | mycroft.skills.skill_loader:_communicate_load_status:344 | Skill mycroft-npr-news.mycroftai loaded successfully
2021-12-09 08:19:13.000 | INFO     |  5147 | mycroft.skills.skill_manager:_load_on_startup:275 | Skills all loaded!
2021-12-09 08:19:13.002 | INFO     |  5147 | mycroft.skills.intent_services.padatious_service:train:151 | Training... (single_thread=False)
2021-12-09 08:19:13.039 | INFO     |  5147 | __main__:on_ready:185 | Skills service is ready.
Regenerated mycroft-alarm.mycroftai:{daytype}.
Regenerated mycroft-configuration.mycroftai:WhereAreYou.intent.
Regenerated mycroft-configuration.mycroftai:DisablePreciseDev.intent.
Regenerated mycroft-configuration.mycroftai:EnablePreciseDev.intent.
Regenerated mycroft-date-time.mycroftai:what.time.will.it.be.intent.
Regenerated mycroft-date-time.mycroftai:date.last.weekend.intent.
Regenerated mycroft-date-time.mycroftai:date.future.weekend.intent.
Regenerated mycroft-date-time.mycroftai:what.time.is.it.intent.
Regenerated homeassistant.mycroftai:close.intent.
Regenerated homeassistant.mycroftai:toggle.intent.
Regenerated homeassistant.mycroftai:tracker.intent.
Regenerated homeassistant.mycroftai:open.intent.
Regenerated homeassistant.mycroftai:set.light.brightness.intent.
Regenerated homeassistant.mycroftai:turn.on.intent.
Regenerated mycroft-wiki.mycroftai:Random.intent.
Regenerated mycroft-reminder.mycroftai:ClearReminders.intent.
Regenerated mycroft-reminder.mycroftai:Reminder.intent.
Regenerated mycroft-installer.mycroftai:remove.intent.
Regenerated mycroft-installer.mycroftai:install.custom.intent.
Regenerated mycroft-installer.mycroftai:list.skills.intent.
Regenerated mycroft-installer.mycroftai:install.intent.
Regenerated mycroft-installer.mycroftai:install.beta.intent.
Regenerated mycroft-audio-record.mycroftai:StartRecording.intent.
Regenerated mycroft-audio-record.mycroftai:PlayRecording.intent.
Regenerated mycroft-hello-world.mycroftai:HowAreYou.intent.
Regenerated mycroft-personal.mycroftai:DoYouRhyme.intent.
Regenerated mycroft-personal.mycroftai:WhenWereYouBorn.intent.
Regenerated mycroft-personal.mycroftai:WhatAreYou.intent.
Regenerated mycroft-personal.mycroftai:WhoMadeYou.intent.
Regenerated mycroft-personal.mycroftai:WhereWereYouBorn.intent.
Regenerated mycroft-personal.mycroftai:DoYouDream.intent.
Regenerated mycroft-personal.mycroftai:WhoAreYou.intent.
Regenerated mycroft-weather.mycroftai:do-i-need-an-umbrella.intent.
Regenerated mycroft-stop.mycroftai:wifi.setup.intent.
Regenerated mycroft-stop.mycroftai:ssh.disable.intent.
Regenerated mycroft-stop.mycroftai:ssh.enable.intent.
Regenerated mycroft-stop.mycroftai:shutdown.intent.
Regenerated mycroft-stop.mycroftai:reboot.intent.
Regenerated mycroft-alarm.mycroftai:change.alarm.sound.intent.
Regenerated mycroft-alarm.mycroftai:snooze.intent.
Regenerated mycroft-support-helper.mycroftai:contact.support.intent.
Regenerated mycroft-timer.mycroftai:timer.status.intent.
Regenerated mycroft-timer.mycroftai:start.timer.intent.
Regenerated mycroft-npr-news.mycroftai:PlayTheNews.intent.
Regenerated homeassistant.mycroftai:increase.light.brightness.intent.
Regenerated homeassistant.mycroftai:add.item.shopping.list.intent.
Regenerated homeassistant.mycroftai:turn.off.intent.
Regenerated homeassistant.mycroftai:set.climate.intent.
Regenerated homeassistant.mycroftai:stop.intent.
Regenerated homeassistant.mycroftai:decrease.light.brightness.intent.
Regenerated homeassistant.mycroftai:sensor.intent.
Regenerated homeassistant.mycroftai:automation.intent.
Regenerated mycroft-reminder.mycroftai:DeleteReminderForDay.intent.
Regenerated mycroft-reminder.mycroftai:GetNextReminders.intent.
Regenerated mycroft-reminder.mycroftai:ReminderAt.intent.
Regenerated mycroft-reminder.mycroftai:CancelActiveReminder.intent.
Regenerated mycroft-reminder.mycroftai:UnspecifiedReminderAt.intent.
Regenerated mycroft-reminder.mycroftai:SnoozeReminder.intent.
Regenerated mycroft-reminder.mycroftai:GetRemindersForDay.intent.
Regenerated mycroft-installer.mycroftai:is.installed.intent.
2021-12-09 08:19:15.474 | INFO     |  5147 | mycroft.skills.intent_services.padatious_service:train:153 | Training complete.
2021-12-09 08:19:29.710 | INFO     |  5147 | mycroft.skills.settings:save_settings:116 | Skill settings successfully saved to /home/runner/.config/mycroft/skills/mycroft-timer.mycroftai/settings.json
2021-12-09 08:19:31.483 | INFO     |  5147 | mycroft.skills.settings:save_settings:116 | Skill settings successfully saved to /home/runner/.config/mycroft/skills/mycroft-pairing.mycroftai/settings.json
2021-12-09 08:19:53.344 | INFO     |  5147 | __main__:on_stopping:193 | Skills service is shutting down...
2021-12-09 08:19:53.345 | INFO     |  5147 | __main__:shutdown:284 | Shutting down Skills service
2021-12-09 08:19:53.620 | ERROR    |  5147 | VolumeSkill | Couldn't allocate mixer, ALSAAudioError('No such file or directory [default]')
2021-12-09 08:19:53.621 | INFO     |  5147 | mycroft.skills.settings:save_settings:116 | Skill settings successfully saved to /home/runner/.config/mycroft/skills/mycroft-volume.mycroftai/settings.json
2021-12-09 08:19:53.623 | INFO     |  5147 | mycroft.skills.settings:save_settings:116 | Skill settings successfully saved to /home/runner/.config/mycroft/skills/mycroft-playback-control.mycroftai/settings.json
2021-12-09 08:19:54.623 | INFO     |  5147 | Playback Control Skill | Audio service status: {}
2021-12-09 08:19:55.625 | WARNING  |  5147 | mycroft.skills.skill_manager:_shutdown_skill:106 | mycroft-playback-control.mycroftai shutdown took 2.0028401050000184 seconds
2021-12-09 08:19:55.626 | INFO     |  5147 | mycroft.skills.settings:save_settings:116 | Skill settings successfully saved to /home/runner/.config/mycroft/skills/mycroft-configuration.mycroftai/settings.json
2021-12-09 08:19:55.629 | INFO     |  5147 | mycroft.skills.settings:save_settings:116 | Skill settings successfully saved to /home/runner/.config/mycroft/skills/mycroft-speak.mycroftai/settings.json
2021-12-09 08:19:55.631 | INFO     |  5147 | mycroft.skills.settings:save_settings:116 | Skill settings successfully saved to /home/runner/.config/mycroft/skills/mycroft-spelling.mycroftai/settings.json
2021-12-09 08:19:55.633 | INFO     |  5147 | mycroft.skills.settings:save_settings:116 | Skill settings successfully saved to /home/runner/.config/mycroft/skills/mycroft-date-time.mycroftai/settings.json
2021-12-09 08:19:55.649 | INFO     |  5147 | mycroft.skills.settings:save_settings:116 | Skill settings successfully saved to /home/runner/.config/mycroft/skills/mycroft-singing.mycroftai/settings.json
2021-12-09 08:19:55.649 | INFO     |  5147 | HomeAssistantSkill | Removing all handlers...
2021-12-09 08:19:55.656 | WARNING  |  5147 | mycroft.skills.fallback_skill:remove_fallback:185 | Could not find matching fallback handler
2021-12-09 08:19:55.657 | INFO     |  5147 | mycroft.skills.settings:save_settings:116 | Skill settings successfully saved to /home/runner/.config/mycroft/skills/mycroft-wiki.mycroftai/settings.json
2021-12-09 08:19:55.666 | INFO     |  5147 | mycroft.skills.settings:save_settings:116 | Skill settings successfully saved to /home/runner/.config/mycroft/skills/mycroft-reminder.mycroftai/settings.json
2021-12-09 08:19:55.670 | INFO     |  5147 | mycroft.skills.settings:save_settings:116 | Skill settings successfully saved to /home/runner/.config/mycroft/skills/mycroft-ip.mycroftai/settings.json
2021-12-09 08:19:55.670 | INFO     |  5147 | QuestionsAnswersSkill | Removing all handlers...
2021-12-09 08:19:55.673 | INFO     |  5147 | mycroft.skills.settings:save_settings:116 | Skill settings successfully saved to /home/runner/.config/mycroft/skills/fallback-query.mycroftai/settings.json
2021-12-09 08:19:55.692 | INFO     |  5147 | mycroft.skills.settings:save_settings:116 | Skill settings successfully saved to /home/runner/.config/mycroft/skills/mycroft-joke.mycroftai/settings.json
2021-12-09 08:19:55.702 | INFO     |  5147 | mycroft.skills.settings:save_settings:116 | Skill settings successfully saved to /home/runner/.config/mycroft/skills/mycroft-installer.mycroftai/settings.json
2021-12-09 08:19:55.707 | INFO     |  5147 | mycroft.skills.settings:save_settings:116 | Skill settings successfully saved to /home/runner/.config/mycroft/skills/mycroft-audio-record.mycroftai/settings.json
2021-12-09 08:19:55.716 | INFO     |  5147 | mycroft.skills.settings:save_settings:116 | Skill settings successfully saved to /home/runner/.config/mycroft/skills/mycroft-hello-world.mycroftai/settings.json
2021-12-09 08:19:55.718 | INFO     |  5147 | mycroft.skills.settings:save_settings:116 | Skill settings successfully saved to /home/runner/.config/mycroft/skills/mycroft-naptime.mycroftai/settings.json
2021-12-09 08:19:55.719 | INFO     |  5147 | mycroft.skills.settings:save_settings:116 | Skill settings successfully saved to /home/runner/.config/mycroft/skills/mycroft-version-checker.mycroftai/settings.json
2021-12-09 08:19:55.720 | INFO     |  5147 | UnknownSkill | Removing all handlers...
2021-12-09 08:19:55.720 | INFO     |  5147 | mycroft.skills.settings:save_settings:116 | Skill settings successfully saved to /home/runner/.config/mycroft/skills/fallback-unknown.mycroftai/settings.json
2021-12-09 08:19:55.721 | INFO     |  5147 | mycroft.skills.settings:save_settings:116 | Skill settings successfully saved to /home/runner/.config/mycroft/skills/mycroft-personal.mycroftai/settings.json
2021-12-09 08:19:55.723 | INFO     |  5147 | mycroft.skills.settings:save_settings:116 | Skill settings successfully saved to /home/runner/.config/mycroft/skills/mycroft-fallback-duck-duck-go.mycroftai/settings.json
2021-12-09 08:19:55.741 | INFO     |  5147 | mycroft.skills.settings:save_settings:116 | Skill settings successfully saved to /home/runner/.config/mycroft/skills/fallback-wolfram-alpha.mycroftai/settings.json
2021-12-09 08:19:55.743 | INFO     |  5147 | mycroft.skills.settings:save_settings:116 | Skill settings successfully saved to /home/runner/.config/mycroft/skills/mycroft-weather.mycroftai/settings.json
2021-12-09 08:19:55.744 | INFO     |  5147 | mycroft.skills.settings:save_settings:116 | Skill settings successfully saved to /home/runner/.config/mycroft/skills/mycroft-stop.mycroftai/settings.json
2021-12-09 08:19:55.745 | INFO     |  5147 | mycroft.skills.settings:save_settings:116 | Skill settings successfully saved to /home/runner/.config/mycroft/skills/mycroft-alarm.mycroftai/settings.json
2021-12-09 08:19:55.746 | INFO     |  5147 | mycroft.skills.settings:save_settings:116 | Skill settings successfully saved to /home/runner/.config/mycroft/skills/mycroft-support-helper.mycroftai/settings.json
2021-12-09 08:19:55.764 | INFO     |  5147 | mycroft.skills.settings:save_settings:116 | Skill settings successfully saved to /home/runner/.config/mycroft/skills/mycroft-npr-news.mycroftai/settings.json
2021-12-09 08:19:55.765 | INFO     |  5147 | __main__:shutdown:291 | Skills service shutdown complete!
2021-12-09 08:19:55.766 | ERROR    |  5147 | websocket | error from callback <bound method MessageBusClient.on_message of <mycroft.messagebus.client.client.MessageBusClient object at 0x7f6e80968050>>: cannot schedule new futures after shutdown
2021-12-09 08:19:55.766 | ERROR    |  5147 | mycroft_bus_client.client.client | === RuntimeError('cannot schedule new futures after shutdown') ===
Traceback (most recent call last):
  File "/opt/mycroft-core/.venv/lib/python3.7/site-packages/websocket/_app.py", line 407, in _callback
    callback(self, *args)
  File "/opt/mycroft-core/.venv/lib/python3.7/site-packages/mycroft_bus_client/client/client.py", line 182, in on_message
    self.emitter.emit('message', message)
  File "/opt/mycroft-core/.venv/lib/python3.7/site-packages/pyee/_base.py", line 113, in emit
    handled = self._call_handlers(event, args, kwargs)
  File "/opt/mycroft-core/.venv/lib/python3.7/site-packages/pyee/_base.py", line 96, in _call_handlers
    self._emit_run(f, args, kwargs)
  File "/opt/mycroft-core/.venv/lib/python3.7/site-packages/pyee/_executor.py", line 50, in _emit_run
    future = self._executor.submit(f, *args, **kwargs)
  File "/opt/hostedtoolcache/Python/3.7.12/x64/lib/python3.7/concurrent/futures/thread.py", line 163, in submit
    raise RuntimeError('cannot schedule new futures after shutdown')
RuntimeError: cannot schedule new futures after shutdown
2021-12-09 08:19:55.767 | ERROR    |  5147 | mycroft_bus_client.client.client | Exception closing websocket: RuntimeError('cannot schedule new futures after shutdown')
2021-12-09 08:19:55.767 | WARNING  |  5147 | mycroft_bus_client.client.client | Message Bus Client will reconnect in 5.0 seconds.
