2021-12-08 07:59:52.802 | INFO     |  5129 | mycroft.messagebus.load_config:load_message_bus_config:33 | Loading message bus configs
2021-12-08 07:59:52.823 | ERROR    |  5129 | mycroft_bus_client.client.client | === ConnectionRefusedError(111, 'Connection refused') ===
Traceback (most recent call last):
  File "/opt/mycroft-core/.venv/lib/python3.7/site-packages/websocket/_app.py", line 318, in run_forever
    proxy_type=proxy_type)
  File "/opt/mycroft-core/.venv/lib/python3.7/site-packages/websocket/_core.py", line 250, in connect
    options.pop('socket', None))
  File "/opt/mycroft-core/.venv/lib/python3.7/site-packages/websocket/_http.py", line 130, in connect
    sock = _open_socket(addrinfo_list, options.sockopt, options.timeout)
  File "/opt/mycroft-core/.venv/lib/python3.7/site-packages/websocket/_http.py", line 208, in _open_socket
    raise err
  File "/opt/mycroft-core/.venv/lib/python3.7/site-packages/websocket/_http.py", line 185, in _open_socket
    sock.connect(address)
ConnectionRefusedError: [Errno 111] Connection refused
2021-12-08 07:59:52.824 | ERROR    |  5129 | mycroft_bus_client.client.client | Exception closing websocket: ConnectionRefusedError(111, 'Connection refused')
2021-12-08 07:59:52.824 | WARNING  |  5129 | mycroft_bus_client.client.client | Message Bus Client will reconnect in 5.0 seconds.
2021-12-08 07:59:57.830 | INFO     |  5129 | mycroft_bus_client.client.client | Connected
2021-12-08 07:59:57.836 | INFO     |  5129 | mycroft.util.process_utils:start_message_bus_client:155 | Connected to messagebus
2021-12-08 07:59:57.850 | INFO     |  5129 | mycroft.skills.msm_wrapper:create_msm:96 | Acquiring lock to instantiate MSM
2021-12-08 07:59:57.851 | INFO     |  5129 | msm.mycroft_skills_manager | building SkillEntry objects for all skills
2021-12-08 07:59:58.247 | INFO     |  5129 | mycroft.skills.msm_wrapper:create_msm:112 | Releasing MSM instantiation lock.
2021-12-08 07:59:58.248 | INFO     |  5129 | mycroft.skills.skill_updater:_log_next_download_time:267 | Next scheduled skill update: 2021-12-08 07:59:57.248138
2021-12-08 07:59:58.248 | INFO     |  5129 | msm.skill_entry | Downloading skill: https://github.com/mycroftai/skill-pairing
2021-12-08 07:59:58.584 | INFO     |  5129 | msm.skill_entry | Installing system requirements...
2021-12-08 07:59:58.595 | INFO     |  5129 | msm.skill_entry | Successfully installed mycroft-pairing
2021-12-08 07:59:58.596 | INFO     |  5129 | msm.mycroft_skills_manager | invalidating skills cache
2021-12-08 07:59:58.597 | INFO     |  5129 | mycroft.skills.skill_loader:load:185 | ATTEMPTING TO LOAD SKILL: mycroft-pairing.mycroftai
2021-12-08 07:59:58.606 | INFO     |  5129 | mycroft.skills.settings:get_local_settings:83 | /opt/mycroft/skills/mycroft-pairing.mycroftai/settings.json
2021-12-08 07:59:58.627 | INFO     |  5129 | mycroft.skills.skill_loader:_check_for_first_run:324 | First run of mycroft-pairing.mycroftai
2021-12-08 07:59:58.633 | INFO     |  5129 | mycroft.skills.settings:save_settings:116 | Skill settings successfully saved to /home/runner/.config/mycroft/skills/mycroft-pairing.mycroftai/settings.json
2021-12-08 07:59:58.636 | INFO     |  5129 | mycroft.skills.skill_loader:_communicate_load_status:344 | Skill mycroft-pairing.mycroftai loaded successfully
2021-12-08 07:59:58.636 | INFO     |  5129 | msm.skill_entry | Downloading skill: https://github.com/mycroftai/skill-volume
2021-12-08 07:59:58.946 | INFO     |  5129 | msm.skill_entry | Installing system requirements...
2021-12-08 07:59:58.956 | INFO     |  5129 | msm.skill_entry | Installing requirements.txt for mycroft-volume
2021-12-08 07:59:59.930 | INFO     |  5129 | msm.skill_entry | Successfully installed mycroft-volume
2021-12-08 07:59:59.930 | INFO     |  5129 | msm.mycroft_skills_manager | invalidating skills cache
2021-12-08 07:59:59.934 | INFO     |  5129 | mycroft.skills.skill_loader:load:185 | ATTEMPTING TO LOAD SKILL: mycroft-volume.mycroftai
2021-12-08 07:59:59.948 | INFO     |  5129 | mycroft.skills.settings:get_local_settings:83 | /opt/mycroft/skills/mycroft-volume.mycroftai/settings.json
2021-12-08 08:00:00.157 | ERROR    |  5129 | VolumeSkill | Couldn't allocate mixer, ALSAAudioError('No such file or directory [default]')
2021-12-08 08:00:03.158 | INFO     |  5129 | mycroft.skills.skill_loader:_check_for_first_run:324 | First run of mycroft-volume.mycroftai
2021-12-08 08:00:03.160 | INFO     |  5129 | mycroft.skills.settings:save_settings:116 | Skill settings successfully saved to /home/runner/.config/mycroft/skills/mycroft-volume.mycroftai/settings.json
2021-12-08 08:00:03.161 | INFO     |  5129 | mycroft.skills.skill_loader:_communicate_load_status:344 | Skill mycroft-volume.mycroftai loaded successfully
2021-12-08 08:00:03.162 | INFO     |  5129 | __main__:on_started:177 | Skills service is starting up.
2021-12-08 08:00:03.218 | INFO     |  5129 | __main__:_update_system:154 | Attempting system update...
2021-12-08 08:00:06.221 | INFO     |  5129 | mycroft.enclosure.display_manager:_write_data:70 | Display Manager is creating /tmp/mycroft/ipc/managers/disp_info
2021-12-08 08:00:06.225 | INFO     |  5129 | __main__:_ensure_device_is_paired:133 | Device not paired, invoking the pairing skill
2021-12-08 08:00:06.226 | INFO     |  5129 | __main__:on_alive:181 | Skills service is alive.
2021-12-08 08:00:06.227 | INFO     |  5129 | msm.mycroft_skills_manager | building SkillEntry objects for all skills
2021-12-08 08:00:06.533 | INFO     |  5129 | PairingSkill | Communicating account URL to user
2021-12-08 08:00:06.954 | WARNING  |  5129 | msm.mycroft_skills_manager | No such default skill: mycroft-pandora
2021-12-08 08:00:06.955 | INFO     |  5129 | mycroft.skills.skill_manager:run:234 | Not all default skills are installed, performing skill update...
2021-12-08 08:00:06.956 | INFO     |  5129 | mycroft.skills.skill_updater:update_skills:149 | Beginning skill update...
2021-12-08 08:00:07.005 | INFO     |  5129 | msm.mycroft_skills_manager | building SkillEntry objects for all skills
2021-12-08 08:00:07.420 | INFO     |  5129 | msm.mycroft_skills_manager | invalidating skills cache
2021-12-08 08:00:07.501 | INFO     |  5129 | msm.skill_entry | Downloading skill: https://github.com/mycroftai/fallback-wolfram-alpha
2021-12-08 08:00:07.511 | INFO     |  5129 | msm.skill_entry | Downloading skill: https://github.com/mycroftai/skill-date-time
2021-12-08 08:00:07.516 | INFO     |  5129 | msm.skill_entry | Downloading skill: https://github.com/mycroftai/skill-alarm
2021-12-08 08:00:07.533 | INFO     |  5129 | msm.skill_entry | Downloading skill: https://github.com/mycroftai/skill-audio-record
2021-12-08 08:00:07.541 | INFO     |  5129 | msm.skill_entry | Downloading skill: https://github.com/mycroftai/skill-joke
2021-12-08 08:00:07.546 | INFO     |  5129 | msm.skill_entry | Downloading skill: https://github.com/mycroftai/fallback-duckduckgo
2021-12-08 08:00:07.549 | INFO     |  5129 | msm.skill_entry | Downloading skill: https://github.com/mycroftai/skill-ip
2021-12-08 08:00:07.555 | INFO     |  5129 | msm.skill_entry | Downloading skill: https://github.com/mycroftai/skill-naptime
2021-12-08 08:00:07.558 | INFO     |  5129 | msm.skill_entry | Downloading skill: https://github.com/mycroftai/skill-installer
2021-12-08 08:00:07.584 | INFO     |  5129 | msm.skill_entry | Downloading skill: https://github.com/mycroftai/skill-npr-news
2021-12-08 08:00:07.586 | INFO     |  5129 | msm.skill_entry | Downloading skill: https://github.com/mycroftai/skill-configuration
2021-12-08 08:00:07.589 | INFO     |  5129 | msm.skill_entry | Downloading skill: https://github.com/mycroftai/skill-hello-world
2021-12-08 08:00:07.604 | INFO     |  5129 | msm.skill_entry | Downloading skill: https://github.com/mycroftai/skill-playback-control
2021-12-08 08:00:07.618 | INFO     |  5129 | msm.skill_entry | Downloading skill: https://github.com/mycroftai/skill-personal
2021-12-08 08:00:07.621 | INFO     |  5129 | msm.skill_entry | Downloading skill: https://github.com/mycroftai/skill-reminder
2021-12-08 08:00:07.626 | INFO     |  5129 | msm.skill_entry | Downloading skill: https://github.com/mycroftai/skill-singing
2021-12-08 08:00:08.401 | INFO     |  5129 | msm.skill_entry | Downloading skill: https://github.com/mycroftai/fallback-unknown
2021-12-08 08:00:09.041 | INFO     |  5129 | msm.skill_entry | Installing system requirements...
2021-12-08 08:00:09.110 | INFO     |  5129 | msm.skill_entry | Installing requirements.txt for mycroft-joke
2021-12-08 08:00:09.136 | INFO     |  5129 | msm.skill_entry | Installing system requirements...
2021-12-08 08:00:09.184 | INFO     |  5129 | msm.skill_entry | Installing requirements.txt for fallback-wolfram-alpha
2021-12-08 08:00:09.193 | INFO     |  5129 | msm.skill_entry | Installing system requirements...
2021-12-08 08:00:09.305 | INFO     |  5129 | msm.skill_entry | Installing system requirements...
2021-12-08 08:00:09.351 | INFO     |  5129 | msm.skill_entry | Successfully installed mycroft-naptime
2021-12-08 08:00:09.352 | INFO     |  5129 | msm.mycroft_skills_manager | invalidating skills cache
2021-12-08 08:00:09.354 | INFO     |  5129 | msm.skill_entry | Downloading skill: https://github.com/mycroftai/skill-speak
2021-12-08 08:00:09.539 | INFO     |  5129 | msm.skill_entry | Installing system requirements...
2021-12-08 08:00:09.573 | INFO     |  5129 | msm.skill_entry | Installing system requirements...
2021-12-08 08:00:09.592 | INFO     |  5129 | msm.skill_entry | Installing system requirements...
2021-12-08 08:00:09.598 | INFO     |  5129 | msm.skill_entry | Installing system requirements...
2021-12-08 08:00:09.609 | INFO     |  5129 | msm.skill_entry | Installing system requirements...
2021-12-08 08:00:09.661 | INFO     |  5129 | msm.skill_entry | Installing requirements.txt for mycroft-ip
2021-12-08 08:00:09.789 | INFO     |  5129 | msm.skill_entry | Successfully installed mycroft-personal
2021-12-08 08:00:09.790 | INFO     |  5129 | msm.mycroft_skills_manager | invalidating skills cache
2021-12-08 08:00:09.792 | INFO     |  5129 | msm.skill_entry | Downloading skill: https://github.com/mycroftai/skill-spelling
2021-12-08 08:00:09.802 | INFO     |  5129 | msm.skill_entry | Installing requirements.txt for mycroft-fallback-duck-duck-go
2021-12-08 08:00:09.836 | INFO     |  5129 | msm.skill_entry | Installing requirements.txt for mycroft-audio-record
2021-12-08 08:00:09.837 | INFO     |  5129 | msm.skill_entry | Successfully installed mycroft-playback-control
2021-12-08 08:00:09.838 | INFO     |  5129 | msm.mycroft_skills_manager | invalidating skills cache
2021-12-08 08:00:09.840 | INFO     |  5129 | msm.skill_entry | Downloading skill: https://github.com/mycroftai/skill-stop
2021-12-08 08:00:09.881 | INFO     |  5129 | msm.skill_entry | Successfully installed mycroft-hello-world
2021-12-08 08:00:09.882 | INFO     |  5129 | msm.mycroft_skills_manager | invalidating skills cache
2021-12-08 08:00:09.888 | INFO     |  5129 | msm.skill_entry | Downloading skill: https://github.com/mycroftai/skill-support
2021-12-08 08:00:09.905 | INFO     |  5129 | msm.skill_entry | Installing system requirements...
2021-12-08 08:00:09.910 | INFO     |  5129 | msm.skill_entry | Installing system requirements...
2021-12-08 08:00:09.917 | INFO     |  5129 | msm.skill_entry | Nothing new for mycroft-pairing
2021-12-08 08:00:09.946 | INFO     |  5129 | msm.skill_entry | Installing system requirements...
2021-12-08 08:00:10.041 | INFO     |  5129 | msm.skill_entry | Installing system requirements...
2021-12-08 08:00:10.049 | INFO     |  5129 | msm.skill_entry | Installing system requirements...
2021-12-08 08:00:10.095 | INFO     |  5129 | msm.skill_entry | Installing requirements.txt for mycroft-configuration
2021-12-08 08:00:10.104 | INFO     |  5129 | msm.skill_entry | Successfully installed fallback-unknown
2021-12-08 08:00:10.105 | INFO     |  5129 | msm.mycroft_skills_manager | invalidating skills cache
2021-12-08 08:00:10.105 | INFO     |  5129 | msm.skill_entry | Installing system requirements...
2021-12-08 08:00:10.115 | INFO     |  5129 | msm.skill_entry | Downloading skill: https://github.com/mycroftai/mycroft-timer
2021-12-08 08:00:10.196 | INFO     |  5129 | msm.skill_entry | Installing requirements.txt for mycroft-npr-news
2021-12-08 08:00:10.199 | INFO     |  5129 | msm.skill_entry | Downloading skill: https://github.com/mycroftai/skill-weather
2021-12-08 08:00:10.214 | INFO     |  5129 | msm.skill_entry | Installing requirements.txt for mycroft-installer
2021-12-08 08:00:10.260 | INFO     |  5129 | msm.skill_entry | Installing requirements.txt for mycroft-date-time
2021-12-08 08:00:10.276 | INFO     |  5129 | msm.skill_entry | Installing system requirements...
2021-12-08 08:00:10.290 | INFO     |  5129 | msm.skill_entry | Installing system requirements...
2021-12-08 08:00:10.302 | ERROR    |  5129 | msm.mycroft_skills_manager | Error running install_or_update on homeassistant.mycroftai: MergeConflict
2021-12-08 08:00:10.330 | INFO     |  5129 | msm.skill_entry | Downloading skill: https://github.com/mycroftai/skill-version-checker
2021-12-08 08:00:10.399 | INFO     |  5129 | msm.skill_entry | Successfully installed mycroft-reminder
2021-12-08 08:00:10.400 | INFO     |  5129 | msm.mycroft_skills_manager | invalidating skills cache
2021-12-08 08:00:10.401 | INFO     |  5129 | msm.skill_entry | Downloading skill: https://github.com/mycroftai/skill-wiki
2021-12-08 08:00:10.407 | INFO     |  5129 | msm.skill_entry | Installing requirements.txt for mycroft-alarm
2021-12-08 08:00:10.619 | INFO     |  5129 | msm.skill_entry | Installing system requirements...
2021-12-08 08:00:10.653 | INFO     |  5129 | msm.skill_entry | Nothing new for mycroft-volume
2021-12-08 08:00:10.704 | INFO     |  5129 | msm.skill_entry | Installing system requirements...
2021-12-08 08:00:10.717 | INFO     |  5129 | msm.skill_entry | Successfully installed mycroft-speak
2021-12-08 08:00:10.718 | INFO     |  5129 | msm.mycroft_skills_manager | invalidating skills cache
2021-12-08 08:00:10.721 | INFO     |  5129 | msm.skill_entry | Downloading skill: https://github.com/MycroftAI/skill-query
2021-12-08 08:00:10.821 | INFO     |  5129 | msm.skill_entry | Installing system requirements...
2021-12-08 08:00:10.860 | INFO     |  5129 | msm.skill_entry | Installing requirements.txt for mycroft-volume
2021-12-08 08:00:10.906 | INFO     |  5129 | msm.skill_entry | Installing system requirements...
2021-12-08 08:00:10.922 | INFO     |  5129 | msm.skill_entry | Successfully installed mycroft-spelling
2021-12-08 08:00:10.923 | INFO     |  5129 | msm.mycroft_skills_manager | invalidating skills cache
2021-12-08 08:00:10.952 | INFO     |  5129 | msm.skill_entry | Installing system requirements...
2021-12-08 08:00:11.008 | INFO     |  5129 | msm.skill_entry | Successfully installed mycroft-stop
2021-12-08 08:00:11.009 | INFO     |  5129 | msm.mycroft_skills_manager | invalidating skills cache
2021-12-08 08:00:11.048 | INFO     |  5129 | msm.skill_entry | Installing requirements.txt for mycroft-support-helper
2021-12-08 08:00:11.341 | INFO     |  5129 | msm.skill_entry | Installing system requirements...
2021-12-08 08:00:11.449 | INFO     |  5129 | msm.skill_entry | Successfully installed mycroft-version-checker
2021-12-08 08:00:11.449 | INFO     |  5129 | msm.mycroft_skills_manager | invalidating skills cache
2021-12-08 08:00:11.516 | INFO     |  5129 | msm.skill_entry | Installing system requirements...
2021-12-08 08:00:11.525 | INFO     |  5129 | msm.skill_entry | Installing system requirements...
2021-12-08 08:00:11.574 | INFO     |  5129 | msm.skill_entry | Installing system requirements...
2021-12-08 08:00:11.583 | INFO     |  5129 | msm.skill_entry | Installing requirements.txt for mycroft-wiki
2021-12-08 08:00:11.584 | INFO     |  5129 | msm.skill_entry | Successfully installed fallback-query
2021-12-08 08:00:11.584 | INFO     |  5129 | msm.mycroft_skills_manager | invalidating skills cache
2021-12-08 08:00:11.633 | INFO     |  5129 | msm.skill_entry | Successfully installed mycroft-timer
2021-12-08 08:00:11.633 | INFO     |  5129 | msm.mycroft_skills_manager | invalidating skills cache
2021-12-08 08:00:11.710 | ERROR    |  5129 | msm.mycroft_skills_manager | Error running install_or_update on homeassistant: MergeConflict
2021-12-08 08:00:11.926 | INFO     |  5129 | msm.skill_entry | Installing system requirements...
2021-12-08 08:00:11.939 | INFO     |  5129 | msm.skill_entry | Installing requirements.txt for mycroft-weather
2021-12-08 08:00:12.586 | INFO     |  5129 | msm.skill_entry | Installing system requirements...
2021-12-08 08:00:12.613 | INFO     |  5129 | msm.skill_entry | Successfully installed mycroft-singing
2021-12-08 08:00:12.613 | INFO     |  5129 | msm.mycroft_skills_manager | invalidating skills cache
2021-12-08 08:00:12.913 | INFO     |  5129 | msm.skill_entry | Successfully installed mycroft-joke
2021-12-08 08:00:12.913 | INFO     |  5129 | msm.mycroft_skills_manager | invalidating skills cache
2021-12-08 08:00:15.659 | INFO     |  5129 | msm.skill_entry | Successfully installed fallback-wolfram-alpha
2021-12-08 08:00:15.660 | INFO     |  5129 | msm.mycroft_skills_manager | invalidating skills cache
2021-12-08 08:00:16.607 | INFO     |  5129 | msm.skill_entry | Successfully installed mycroft-ip
2021-12-08 08:00:16.608 | INFO     |  5129 | msm.mycroft_skills_manager | invalidating skills cache
2021-12-08 08:00:17.694 | INFO     |  5129 | msm.skill_entry | Successfully installed mycroft-fallback-duck-duck-go
2021-12-08 08:00:17.694 | INFO     |  5129 | msm.mycroft_skills_manager | invalidating skills cache
2021-12-08 08:00:18.606 | INFO     |  5129 | msm.skill_entry | Successfully installed mycroft-audio-record
2021-12-08 08:00:18.606 | INFO     |  5129 | msm.mycroft_skills_manager | invalidating skills cache
2021-12-08 08:00:21.296 | INFO     |  5129 | msm.skill_entry | Successfully installed mycroft-configuration
2021-12-08 08:00:21.297 | INFO     |  5129 | msm.mycroft_skills_manager | invalidating skills cache
2021-12-08 08:00:24.629 | INFO     |  5129 | msm.skill_entry | Successfully installed mycroft-npr-news
2021-12-08 08:00:24.629 | INFO     |  5129 | msm.mycroft_skills_manager | invalidating skills cache
2021-12-08 08:00:25.579 | INFO     |  5129 | msm.skill_entry | Successfully installed mycroft-installer
2021-12-08 08:00:25.579 | INFO     |  5129 | msm.mycroft_skills_manager | invalidating skills cache
2021-12-08 08:00:36.871 | INFO     |  5129 | PairingSkill | Initiating device pairing sequence...
2021-12-08 08:00:36.872 | INFO     |  5129 | PairingSkill | Retrieving pairing code from device API...
2021-12-08 08:00:37.035 | INFO     |  5129 | PairingSkill | Pairing code obtained: AXRVKJ
2021-12-08 08:00:37.035 | INFO     |  5129 | PairingSkill | Communicating pairing URL to user
2021-12-08 08:00:42.925 | INFO     |  5129 | msm.skill_entry | Successfully installed mycroft-date-time
2021-12-08 08:00:42.926 | INFO     |  5129 | msm.mycroft_skills_manager | invalidating skills cache
2021-12-08 08:00:43.880 | INFO     |  5129 | msm.skill_entry | Successfully installed mycroft-alarm
2021-12-08 08:00:43.880 | INFO     |  5129 | msm.mycroft_skills_manager | invalidating skills cache
2021-12-08 08:00:47.189 | INFO     |  5129 | msm.skill_entry | Successfully installed mycroft-support-helper
2021-12-08 08:00:47.190 | INFO     |  5129 | msm.mycroft_skills_manager | invalidating skills cache
2021-12-08 08:00:49.131 | INFO     |  5129 | msm.skill_entry | Successfully installed mycroft-wiki
2021-12-08 08:00:49.131 | INFO     |  5129 | msm.mycroft_skills_manager | invalidating skills cache
2021-12-08 08:00:50.221 | INFO     |  5129 | msm.skill_entry | Successfully installed mycroft-weather
2021-12-08 08:00:50.221 | INFO     |  5129 | msm.mycroft_skills_manager | invalidating skills cache
2021-12-08 08:00:50.337 | INFO     |  5129 | mycroft.skills.skill_updater:_log_next_download_time:267 | Next scheduled skill update: 2021-12-08 09:00:50.337077
2021-12-08 08:00:50.338 | INFO     |  5129 | mycroft.skills.skill_updater:update_skills:170 | Skill update complete
2021-12-08 08:00:50.338 | INFO     |  5129 | mycroft.skills.skill_manager:_load_on_startup:273 | Loading installed skills...
2021-12-08 08:00:50.339 | INFO     |  5129 | mycroft.skills.skill_loader:load:185 | ATTEMPTING TO LOAD SKILL: mycroft-playback-control.mycroftai
2021-12-08 08:00:50.346 | INFO     |  5129 | mycroft.skills.settings:get_local_settings:83 | /opt/mycroft/skills/mycroft-playback-control.mycroftai/settings.json
2021-12-08 08:00:50.376 | INFO     |  5129 | mycroft.skills.skill_loader:_check_for_first_run:324 | First run of mycroft-playback-control.mycroftai
2021-12-08 08:00:50.377 | INFO     |  5129 | mycroft.skills.settings:save_settings:116 | Skill settings successfully saved to /home/runner/.config/mycroft/skills/mycroft-playback-control.mycroftai/settings.json
2021-12-08 08:00:50.378 | INFO     |  5129 | mycroft.skills.skill_loader:_communicate_load_status:344 | Skill mycroft-playback-control.mycroftai loaded successfully
2021-12-08 08:00:50.378 | INFO     |  5129 | mycroft.skills.skill_loader:load:185 | ATTEMPTING TO LOAD SKILL: mycroft-configuration.mycroftai
2021-12-08 08:00:50.383 | INFO     |  5129 | mycroft.skills.settings:get_local_settings:83 | /opt/mycroft/skills/mycroft-configuration.mycroftai/settings.json
2021-12-08 08:00:50.400 | INFO     |  5129 | mycroft.skills.skill_loader:_check_for_first_run:324 | First run of mycroft-configuration.mycroftai
2021-12-08 08:00:50.401 | INFO     |  5129 | mycroft.skills.settings:save_settings:116 | Skill settings successfully saved to /home/runner/.config/mycroft/skills/mycroft-configuration.mycroftai/settings.json
2021-12-08 08:00:50.441 | INFO     |  5129 | mycroft.skills.skill_loader:_communicate_load_status:344 | Skill mycroft-configuration.mycroftai loaded successfully
2021-12-08 08:00:50.443 | INFO     |  5129 | mycroft.skills.skill_loader:load:185 | ATTEMPTING TO LOAD SKILL: mycroft-speak.mycroftai
2021-12-08 08:00:50.446 | INFO     |  5129 | mycroft.skills.settings:get_local_settings:83 | /opt/mycroft/skills/mycroft-speak.mycroftai/settings.json
2021-12-08 08:00:50.487 | INFO     |  5129 | mycroft.skills.skill_loader:_check_for_first_run:324 | First run of mycroft-speak.mycroftai
2021-12-08 08:00:50.498 | INFO     |  5129 | mycroft.skills.settings:save_settings:116 | Skill settings successfully saved to /home/runner/.config/mycroft/skills/mycroft-speak.mycroftai/settings.json
2021-12-08 08:00:50.544 | INFO     |  5129 | mycroft.skills.skill_loader:_communicate_load_status:344 | Skill mycroft-speak.mycroftai loaded successfully
2021-12-08 08:00:50.545 | INFO     |  5129 | mycroft.skills.skill_loader:load:185 | ATTEMPTING TO LOAD SKILL: mycroft-spelling.mycroftai
2021-12-08 08:00:50.548 | INFO     |  5129 | mycroft.skills.settings:get_local_settings:83 | /opt/mycroft/skills/mycroft-spelling.mycroftai/settings.json
2021-12-08 08:00:50.587 | INFO     |  5129 | mycroft.skills.skill_loader:_check_for_first_run:324 | First run of mycroft-spelling.mycroftai
2021-12-08 08:00:50.588 | INFO     |  5129 | mycroft.skills.settings:save_settings:116 | Skill settings successfully saved to /home/runner/.config/mycroft/skills/mycroft-spelling.mycroftai/settings.json
2021-12-08 08:00:50.589 | INFO     |  5129 | mycroft.skills.skill_loader:_communicate_load_status:344 | Skill mycroft-spelling.mycroftai loaded successfully
2021-12-08 08:00:50.603 | INFO     |  5129 | mycroft.skills.skill_loader:load:185 | ATTEMPTING TO LOAD SKILL: mycroft-date-time.mycroftai
2021-12-08 08:00:51.518 | INFO     |  5129 | mycroft.skills.settings:get_local_settings:83 | /opt/mycroft/skills/mycroft-date-time.mycroftai/settings.json
2021-12-08 08:00:51.546 | INFO     |  5129 | TimeSkill | Registering resting screen <bound method TimeSkill.handle_idle of <mycroft-date-time_mycroftai.TimeSkill object at 0x7f8d0cf8c1d0>> for Time and Date.
2021-12-08 08:00:51.548 | INFO     |  5129 | TimeSkill | Registering resting screen
2021-12-08 08:00:51.560 | INFO     |  5129 | mycroft.skills.skill_loader:_check_for_first_run:324 | First run of mycroft-date-time.mycroftai
2021-12-08 08:00:51.562 | INFO     |  5129 | mycroft.skills.settings:save_settings:116 | Skill settings successfully saved to /home/runner/.config/mycroft/skills/mycroft-date-time.mycroftai/settings.json
2021-12-08 08:00:51.597 | INFO     |  5129 | mycroft.skills.skill_loader:_communicate_load_status:344 | Skill mycroft-date-time.mycroftai loaded successfully
2021-12-08 08:00:51.598 | INFO     |  5129 | mycroft.skills.skill_loader:load:185 | ATTEMPTING TO LOAD SKILL: mycroft-singing.mycroftai
2021-12-08 08:00:51.607 | INFO     |  5129 | mycroft.skills.settings:get_local_settings:83 | /opt/mycroft/skills/mycroft-singing.mycroftai/settings.json
2021-12-08 08:00:51.650 | INFO     |  5129 | mycroft.skills.skill_loader:_check_for_first_run:324 | First run of mycroft-singing.mycroftai
2021-12-08 08:00:51.653 | INFO     |  5129 | mycroft.skills.settings:save_settings:116 | Skill settings successfully saved to /home/runner/.config/mycroft/skills/mycroft-singing.mycroftai/settings.json
2021-12-08 08:00:51.695 | INFO     |  5129 | mycroft.skills.skill_loader:_communicate_load_status:344 | Skill mycroft-singing.mycroftai loaded successfully
2021-12-08 08:00:51.696 | INFO     |  5129 | mycroft.skills.skill_loader:load:185 | ATTEMPTING TO LOAD SKILL: homeassistant.mycroftai
2021-12-08 08:00:51.901 | ERROR    |  5129 | mycroft.skills.skill_loader:_load_skill_source:279 | Failed to load skill: homeassistant.mycroftai (TypeError("'type' object is not iterable"))
Traceback (most recent call last):
  File "/opt/mycroft-core/mycroft/skills/skill_loader.py", line 276, in _load_skill_source
    skill_module = load_skill_module(main_file_path, self.skill_id)
  File "/opt/mycroft-core/mycroft/skills/skill_loader.py", line 72, in load_skill_module
    spec.loader.exec_module(mod)
  File "<frozen importlib._bootstrap_external>", line 728, in exec_module
  File "<frozen importlib._bootstrap>", line 219, in _call_with_frames_removed
  File "/opt/mycroft/skills/homeassistant.mycroftai/__init__.py", line 17, in <module>
    from .ha_client import HomeAssistantClient, check_url
  File "/opt/mycroft/skills/homeassistant.mycroftai/ha_client.py", line 86, in <module>
    class HomeAssistantClient:
  File "/opt/mycroft/skills/homeassistant.mycroftai/ha_client.py", line 137, in HomeAssistantClient
    def find_entity(self, entity: str, types: list(str)) -> dict:
TypeError: 'type' object is not iterable
2021-12-08 08:00:51.902 | ERROR    |  5129 | mycroft.skills.skill_loader:_communicate_load_status:351 | Skill homeassistant.mycroftai failed to load
2021-12-08 08:00:51.902 | INFO     |  5129 | mycroft.skills.skill_loader:load:185 | ATTEMPTING TO LOAD SKILL: mycroft-wiki.mycroftai
2021-12-08 08:00:51.915 | INFO     |  5129 | mycroft.skills.settings:get_local_settings:83 | /opt/mycroft/skills/mycroft-wiki.mycroftai/settings.json
2021-12-08 08:00:51.928 | INFO     |  5129 | mycroft.skills.skill_loader:_check_for_first_run:324 | First run of mycroft-wiki.mycroftai
2021-12-08 08:00:51.930 | INFO     |  5129 | mycroft.skills.settings:save_settings:116 | Skill settings successfully saved to /home/runner/.config/mycroft/skills/mycroft-wiki.mycroftai/settings.json
2021-12-08 08:00:51.936 | INFO     |  5129 | mycroft.skills.skill_loader:_communicate_load_status:344 | Skill mycroft-wiki.mycroftai loaded successfully
2021-12-08 08:00:51.937 | INFO     |  5129 | mycroft.skills.skill_loader:load:185 | ATTEMPTING TO LOAD SKILL: mycroft-reminder.mycroftai
2021-12-08 08:00:52.049 | INFO     |  5129 | mycroft.skills.settings:get_local_settings:83 | /opt/mycroft/skills/mycroft-reminder.mycroftai/settings.json
2021-12-08 08:00:52.078 | INFO     |  5129 | mycroft.skills.skill_loader:_check_for_first_run:324 | First run of mycroft-reminder.mycroftai
2021-12-08 08:00:52.081 | INFO     |  5129 | mycroft.skills.settings:save_settings:116 | Skill settings successfully saved to /home/runner/.config/mycroft/skills/mycroft-reminder.mycroftai/settings.json
2021-12-08 08:00:52.089 | INFO     |  5129 | mycroft.skills.skill_loader:_communicate_load_status:344 | Skill mycroft-reminder.mycroftai loaded successfully
2021-12-08 08:00:52.090 | INFO     |  5129 | mycroft.skills.skill_loader:load:185 | ATTEMPTING TO LOAD SKILL: mycroft-ip.mycroftai
2021-12-08 08:00:52.208 | INFO     |  5129 | mycroft.skills.settings:get_local_settings:83 | /opt/mycroft/skills/mycroft-ip.mycroftai/settings.json
2021-12-08 08:00:52.221 | INFO     |  5129 | mycroft.skills.skill_loader:_check_for_first_run:324 | First run of mycroft-ip.mycroftai
2021-12-08 08:00:52.223 | INFO     |  5129 | mycroft.skills.settings:save_settings:116 | Skill settings successfully saved to /home/runner/.config/mycroft/skills/mycroft-ip.mycroftai/settings.json
2021-12-08 08:00:52.236 | INFO     |  5129 | mycroft.skills.skill_loader:_communicate_load_status:344 | Skill mycroft-ip.mycroftai loaded successfully
2021-12-08 08:00:52.238 | INFO     |  5129 | mycroft.skills.skill_loader:load:185 | ATTEMPTING TO LOAD SKILL: fallback-query.mycroftai
2021-12-08 08:00:52.258 | INFO     |  5129 | mycroft.skills.settings:get_local_settings:83 | /opt/mycroft/skills/fallback-query.mycroftai/settings.json
2021-12-08 08:00:52.263 | INFO     |  5129 | mycroft.skills.skill_loader:_check_for_first_run:324 | First run of fallback-query.mycroftai
2021-12-08 08:00:52.265 | INFO     |  5129 | mycroft.skills.settings:save_settings:116 | Skill settings successfully saved to /home/runner/.config/mycroft/skills/fallback-query.mycroftai/settings.json
2021-12-08 08:00:52.281 | INFO     |  5129 | mycroft.skills.skill_loader:_communicate_load_status:344 | Skill fallback-query.mycroftai loaded successfully
2021-12-08 08:00:52.285 | INFO     |  5129 | mycroft.skills.skill_loader:load:185 | ATTEMPTING TO LOAD SKILL: mycroft-joke.mycroftai
2021-12-08 08:00:52.291 | INFO     |  5129 | mycroft.skills.settings:get_local_settings:83 | /opt/mycroft/skills/mycroft-joke.mycroftai/settings.json
2021-12-08 08:00:52.304 | INFO     |  5129 | mycroft.skills.skill_loader:_check_for_first_run:324 | First run of mycroft-joke.mycroftai
2021-12-08 08:00:52.305 | INFO     |  5129 | mycroft.skills.settings:save_settings:116 | Skill settings successfully saved to /home/runner/.config/mycroft/skills/mycroft-joke.mycroftai/settings.json
2021-12-08 08:00:52.349 | INFO     |  5129 | mycroft.skills.skill_loader:_communicate_load_status:344 | Skill mycroft-joke.mycroftai loaded successfully
2021-12-08 08:00:52.350 | INFO     |  5129 | mycroft.skills.skill_loader:load:185 | ATTEMPTING TO LOAD SKILL: mycroft-installer.mycroftai
2021-12-08 08:00:52.357 | INFO     |  5129 | mycroft.skills.settings:get_local_settings:83 | /opt/mycroft/skills/mycroft-installer.mycroftai/settings.json
2021-12-08 08:00:52.386 | INFO     |  5129 | mycroft.skills.skill_loader:_check_for_first_run:324 | First run of mycroft-installer.mycroftai
2021-12-08 08:00:52.387 | INFO     |  5129 | mycroft.skills.settings:save_settings:116 | Skill settings successfully saved to /home/runner/.config/mycroft/skills/mycroft-installer.mycroftai/settings.json
2021-12-08 08:00:52.422 | INFO     |  5129 | mycroft.skills.skill_loader:_communicate_load_status:344 | Skill mycroft-installer.mycroftai loaded successfully
2021-12-08 08:00:52.586 | INFO     |  5129 | mycroft.skills.skill_loader:load:185 | ATTEMPTING TO LOAD SKILL: mycroft-audio-record.mycroftai
2021-12-08 08:00:52.595 | INFO     |  5129 | mycroft.skills.settings:get_local_settings:83 | /opt/mycroft/skills/mycroft-audio-record.mycroftai/settings.json
2021-12-08 08:00:52.605 | INFO     |  5129 | mycroft.skills.skill_loader:_check_for_first_run:324 | First run of mycroft-audio-record.mycroftai
2021-12-08 08:00:52.608 | INFO     |  5129 | mycroft.skills.settings:save_settings:116 | Skill settings successfully saved to /home/runner/.config/mycroft/skills/mycroft-audio-record.mycroftai/settings.json
2021-12-08 08:00:52.610 | INFO     |  5129 | mycroft.skills.skill_loader:_communicate_load_status:344 | Skill mycroft-audio-record.mycroftai loaded successfully
2021-12-08 08:00:52.611 | INFO     |  5129 | mycroft.skills.skill_loader:load:185 | ATTEMPTING TO LOAD SKILL: mycroft-hello-world.mycroftai
2021-12-08 08:00:52.620 | INFO     |  5129 | mycroft.skills.settings:get_local_settings:83 | /opt/mycroft/skills/mycroft-hello-world.mycroftai/settings.json
2021-12-08 08:00:52.632 | INFO     |  5129 | mycroft.skills.skill_loader:_check_for_first_run:324 | First run of mycroft-hello-world.mycroftai
2021-12-08 08:00:52.637 | INFO     |  5129 | mycroft.skills.settings:save_settings:116 | Skill settings successfully saved to /home/runner/.config/mycroft/skills/mycroft-hello-world.mycroftai/settings.json
2021-12-08 08:00:52.638 | INFO     |  5129 | mycroft.skills.skill_loader:_communicate_load_status:344 | Skill mycroft-hello-world.mycroftai loaded successfully
2021-12-08 08:00:52.639 | INFO     |  5129 | mycroft.skills.skill_loader:load:185 | ATTEMPTING TO LOAD SKILL: mycroft-naptime.mycroftai
2021-12-08 08:00:52.646 | INFO     |  5129 | mycroft.skills.settings:get_local_settings:83 | /opt/mycroft/skills/mycroft-naptime.mycroftai/settings.json
2021-12-08 08:00:52.656 | INFO     |  5129 | mycroft.skills.skill_loader:_check_for_first_run:324 | First run of mycroft-naptime.mycroftai
2021-12-08 08:00:52.657 | INFO     |  5129 | mycroft.skills.settings:save_settings:116 | Skill settings successfully saved to /home/runner/.config/mycroft/skills/mycroft-naptime.mycroftai/settings.json
2021-12-08 08:00:52.660 | INFO     |  5129 | mycroft.skills.skill_loader:_communicate_load_status:344 | Skill mycroft-naptime.mycroftai loaded successfully
2021-12-08 08:00:52.660 | INFO     |  5129 | mycroft.skills.skill_loader:load:185 | ATTEMPTING TO LOAD SKILL: mycroft-version-checker.mycroftai
2021-12-08 08:00:52.667 | INFO     |  5129 | mycroft.skills.settings:get_local_settings:83 | /opt/mycroft/skills/mycroft-version-checker.mycroftai/settings.json
2021-12-08 08:00:52.687 | INFO     |  5129 | mycroft.skills.skill_loader:_check_for_first_run:324 | First run of mycroft-version-checker.mycroftai
2021-12-08 08:00:52.687 | INFO     |  5129 | mycroft.skills.settings:save_settings:116 | Skill settings successfully saved to /home/runner/.config/mycroft/skills/mycroft-version-checker.mycroftai/settings.json
2021-12-08 08:00:52.688 | INFO     |  5129 | mycroft.skills.skill_loader:_communicate_load_status:344 | Skill mycroft-version-checker.mycroftai loaded successfully
2021-12-08 08:00:52.688 | INFO     |  5129 | mycroft.skills.skill_loader:load:185 | ATTEMPTING TO LOAD SKILL: fallback-unknown.mycroftai
2021-12-08 08:00:52.694 | INFO     |  5129 | mycroft.skills.settings:get_local_settings:83 | /opt/mycroft/skills/fallback-unknown.mycroftai/settings.json
2021-12-08 08:00:52.710 | INFO     |  5129 | mycroft.skills.skill_loader:_check_for_first_run:324 | First run of fallback-unknown.mycroftai
2021-12-08 08:00:52.710 | INFO     |  5129 | mycroft.skills.settings:save_settings:116 | Skill settings successfully saved to /home/runner/.config/mycroft/skills/fallback-unknown.mycroftai/settings.json
2021-12-08 08:00:52.712 | INFO     |  5129 | mycroft.skills.skill_loader:_communicate_load_status:344 | Skill fallback-unknown.mycroftai loaded successfully
2021-12-08 08:00:52.713 | INFO     |  5129 | mycroft.skills.skill_loader:load:185 | ATTEMPTING TO LOAD SKILL: mycroft-personal.mycroftai
2021-12-08 08:00:52.718 | INFO     |  5129 | mycroft.skills.settings:get_local_settings:83 | /opt/mycroft/skills/mycroft-personal.mycroftai/settings.json
2021-12-08 08:00:52.794 | INFO     |  5129 | mycroft.skills.skill_loader:_check_for_first_run:324 | First run of mycroft-personal.mycroftai
2021-12-08 08:00:52.801 | INFO     |  5129 | mycroft.skills.settings:save_settings:116 | Skill settings successfully saved to /home/runner/.config/mycroft/skills/mycroft-personal.mycroftai/settings.json
2021-12-08 08:00:52.805 | INFO     |  5129 | mycroft.skills.skill_loader:_communicate_load_status:344 | Skill mycroft-personal.mycroftai loaded successfully
2021-12-08 08:00:52.806 | INFO     |  5129 | mycroft.skills.skill_loader:load:185 | ATTEMPTING TO LOAD SKILL: mycroft-fallback-duck-duck-go.mycroftai
2021-12-08 08:00:52.831 | INFO     |  5129 | mycroft.skills.settings:get_local_settings:83 | /opt/mycroft/skills/mycroft-fallback-duck-duck-go.mycroftai/settings.json
2021-12-08 08:00:52.865 | INFO     |  5129 | mycroft.skills.skill_loader:_check_for_first_run:324 | First run of mycroft-fallback-duck-duck-go.mycroftai
2021-12-08 08:00:52.867 | INFO     |  5129 | mycroft.skills.settings:save_settings:116 | Skill settings successfully saved to /home/runner/.config/mycroft/skills/mycroft-fallback-duck-duck-go.mycroftai/settings.json
2021-12-08 08:00:52.870 | INFO     |  5129 | mycroft.skills.skill_loader:_communicate_load_status:344 | Skill mycroft-fallback-duck-duck-go.mycroftai loaded successfully
2021-12-08 08:00:52.871 | INFO     |  5129 | mycroft.skills.skill_loader:load:185 | ATTEMPTING TO LOAD SKILL: fallback-wolfram-alpha.mycroftai
2021-12-08 08:00:52.929 | INFO     |  5129 | mycroft.skills.settings:get_local_settings:83 | /opt/mycroft/skills/fallback-wolfram-alpha.mycroftai/settings.json
2021-12-08 08:00:52.953 | INFO     |  5129 | mycroft.skills.skill_loader:_check_for_first_run:324 | First run of fallback-wolfram-alpha.mycroftai
2021-12-08 08:00:52.953 | INFO     |  5129 | mycroft.skills.settings:save_settings:116 | Skill settings successfully saved to /home/runner/.config/mycroft/skills/fallback-wolfram-alpha.mycroftai/settings.json
2021-12-08 08:00:52.961 | INFO     |  5129 | mycroft.skills.skill_loader:_communicate_load_status:344 | Skill fallback-wolfram-alpha.mycroftai loaded successfully
2021-12-08 08:00:52.962 | INFO     |  5129 | mycroft.skills.skill_loader:load:185 | ATTEMPTING TO LOAD SKILL: mycroft-weather.mycroftai
2021-12-08 08:00:52.996 | INFO     |  5129 | mycroft.skills.settings:get_local_settings:83 | /opt/mycroft/skills/mycroft-weather.mycroftai/settings.json
2021-12-08 08:00:53.155 | INFO     |  5129 | mycroft.skills.skill_loader:_check_for_first_run:324 | First run of mycroft-weather.mycroftai
2021-12-08 08:00:53.156 | INFO     |  5129 | mycroft.skills.settings:save_settings:116 | Skill settings successfully saved to /home/runner/.config/mycroft/skills/mycroft-weather.mycroftai/settings.json
2021-12-08 08:00:53.158 | INFO     |  5129 | mycroft.skills.skill_loader:_communicate_load_status:344 | Skill mycroft-weather.mycroftai loaded successfully
2021-12-08 08:00:53.158 | INFO     |  5129 | mycroft.skills.skill_loader:load:185 | ATTEMPTING TO LOAD SKILL: mycroft-stop.mycroftai
2021-12-08 08:00:53.170 | INFO     |  5129 | mycroft.skills.settings:get_local_settings:83 | /opt/mycroft/skills/mycroft-stop.mycroftai/settings.json
2021-12-08 08:00:53.200 | INFO     |  5129 | mycroft.skills.skill_loader:_check_for_first_run:324 | First run of mycroft-stop.mycroftai
2021-12-08 08:00:53.201 | INFO     |  5129 | mycroft.skills.settings:save_settings:116 | Skill settings successfully saved to /home/runner/.config/mycroft/skills/mycroft-stop.mycroftai/settings.json
2021-12-08 08:00:53.209 | INFO     |  5129 | mycroft.skills.skill_loader:_communicate_load_status:344 | Skill mycroft-stop.mycroftai loaded successfully
2021-12-08 08:00:53.214 | INFO     |  5129 | mycroft.skills.skill_loader:load:185 | ATTEMPTING TO LOAD SKILL: mycroft-alarm.mycroftai
2021-12-08 08:00:53.232 | INFO     |  5129 | mycroft.skills.settings:get_local_settings:83 | /opt/mycroft/skills/mycroft-alarm.mycroftai/settings.json
2021-12-08 08:00:53.232 | ERROR    |  5129 | AlarmSkill | Couldn't allocate mixer, ALSAAudioError('No such file or directory [default]')
2021-12-08 08:00:53.267 | INFO     |  5129 | mycroft.skills.skill_loader:_check_for_first_run:324 | First run of mycroft-alarm.mycroftai
2021-12-08 08:00:53.269 | INFO     |  5129 | mycroft.skills.settings:save_settings:116 | Skill settings successfully saved to /home/runner/.config/mycroft/skills/mycroft-alarm.mycroftai/settings.json
2021-12-08 08:00:53.270 | INFO     |  5129 | mycroft.skills.skill_loader:_communicate_load_status:344 | Skill mycroft-alarm.mycroftai loaded successfully
2021-12-08 08:00:53.270 | INFO     |  5129 | mycroft.skills.skill_loader:load:185 | ATTEMPTING TO LOAD SKILL: mycroft-support-helper.mycroftai
2021-12-08 08:00:53.281 | INFO     |  5129 | mycroft.skills.settings:get_local_settings:83 | /opt/mycroft/skills/mycroft-support-helper.mycroftai/settings.json
2021-12-08 08:00:53.295 | INFO     |  5129 | mycroft.skills.skill_loader:_check_for_first_run:324 | First run of mycroft-support-helper.mycroftai
2021-12-08 08:00:53.296 | INFO     |  5129 | mycroft.skills.settings:save_settings:116 | Skill settings successfully saved to /home/runner/.config/mycroft/skills/mycroft-support-helper.mycroftai/settings.json
2021-12-08 08:00:53.298 | INFO     |  5129 | mycroft.skills.skill_loader:_communicate_load_status:344 | Skill mycroft-support-helper.mycroftai loaded successfully
2021-12-08 08:00:53.298 | INFO     |  5129 | mycroft.skills.skill_loader:load:185 | ATTEMPTING TO LOAD SKILL: mycroft-timer.mycroftai
2021-12-08 08:00:53.350 | INFO     |  5129 | mycroft.skills.settings:get_local_settings:83 | /opt/mycroft/skills/mycroft-timer.mycroftai/settings.json
2021-12-08 08:00:53.417 | INFO     |  5129 | mycroft.skills.skill_loader:_check_for_first_run:324 | First run of mycroft-timer.mycroftai
2021-12-08 08:00:53.419 | INFO     |  5129 | mycroft.skills.settings:save_settings:116 | Skill settings successfully saved to /home/runner/.config/mycroft/skills/mycroft-timer.mycroftai/settings.json
2021-12-08 08:00:53.429 | INFO     |  5129 | mycroft.skills.skill_loader:_communicate_load_status:344 | Skill mycroft-timer.mycroftai loaded successfully
2021-12-08 08:00:53.430 | INFO     |  5129 | mycroft.skills.skill_loader:load:185 | ATTEMPTING TO LOAD SKILL: mycroft-npr-news.mycroftai
2021-12-08 08:00:53.592 | INFO     |  5129 | mycroft.skills.settings:get_local_settings:83 | /opt/mycroft/skills/mycroft-npr-news.mycroftai/settings.json
2021-12-08 08:00:54.622 | INFO     |  5129 | mycroft.skills.skill_loader:_check_for_first_run:324 | First run of mycroft-npr-news.mycroftai
2021-12-08 08:00:54.623 | INFO     |  5129 | mycroft.skills.settings:save_settings:116 | Skill settings successfully saved to /home/runner/.config/mycroft/skills/mycroft-npr-news.mycroftai/settings.json
2021-12-08 08:00:54.624 | INFO     |  5129 | mycroft.skills.skill_loader:_communicate_load_status:344 | Skill mycroft-npr-news.mycroftai loaded successfully
2021-12-08 08:00:54.625 | INFO     |  5129 | mycroft.skills.skill_manager:_load_on_startup:275 | Skills all loaded!
2021-12-08 08:00:54.679 | INFO     |  5129 | __main__:on_ready:185 | Skills service is ready.
2021-12-08 08:00:54.973 | INFO     |  5129 | mycroft.skills.intent_services.padatious_service:train:151 | Training... (single_thread=False)
Regenerated mycroft-alarm.mycroftai:{daytype}.
Regenerated mycroft-date-time.mycroftai:date.last.weekend.intent.
Regenerated mycroft-wiki.mycroftai:Random.intent.
Regenerated mycroft-reminder.mycroftai:GetRemindersForDay.intent.
Regenerated mycroft-reminder.mycroftai:ClearReminders.intent.
Regenerated mycroft-reminder.mycroftai:CancelActiveReminder.intent.
Regenerated mycroft-reminder.mycroftai:DeleteReminderForDay.intent.
Regenerated mycroft-installer.mycroftai:install.intent.
Regenerated mycroft-installer.mycroftai:install.beta.intent.
Regenerated mycroft-installer.mycroftai:list.skills.intent.
Regenerated mycroft-installer.mycroftai:install.custom.intent.
Regenerated mycroft-installer.mycroftai:is.installed.intent.
Regenerated mycroft-audio-record.mycroftai:PlayRecording.intent.
Regenerated mycroft-audio-record.mycroftai:StartRecording.intent.
Regenerated mycroft-hello-world.mycroftai:HowAreYou.intent.
Regenerated mycroft-personal.mycroftai:WhenWereYouBorn.intent.
Regenerated mycroft-personal.mycroftai:WhereWereYouBorn.intent.
Regenerated mycroft-personal.mycroftai:WhatAreYou.intent.
Regenerated mycroft-personal.mycroftai:DoYouRhyme.intent.
Regenerated mycroft-personal.mycroftai:WhoAreYou.intent.
Regenerated mycroft-personal.mycroftai:DoYouDream.intent.
Regenerated mycroft-personal.mycroftai:WhoMadeYou.intent.
Regenerated mycroft-weather.mycroftai:do-i-need-an-umbrella.intent.
Regenerated mycroft-stop.mycroftai:reboot.intent.
Regenerated mycroft-stop.mycroftai:ssh.enable.intent.
Regenerated mycroft-stop.mycroftai:wifi.setup.intent.
Regenerated mycroft-stop.mycroftai:shutdown.intent.
Regenerated mycroft-stop.mycroftai:ssh.disable.intent.
Regenerated mycroft-alarm.mycroftai:snooze.intent.
Regenerated mycroft-alarm.mycroftai:change.alarm.sound.intent.
Regenerated mycroft-support-helper.mycroftai:contact.support.intent.
Regenerated mycroft-configuration.mycroftai:WhereAreYou.intent.
Regenerated mycroft-configuration.mycroftai:EnablePreciseDev.intent.
Regenerated mycroft-configuration.mycroftai:DisablePreciseDev.intent.
Regenerated mycroft-date-time.mycroftai:date.future.weekend.intent.
Regenerated mycroft-date-time.mycroftai:what.time.will.it.be.intent.
Regenerated mycroft-date-time.mycroftai:what.time.is.it.intent.
Regenerated mycroft-reminder.mycroftai:ReminderAt.intent.
Regenerated mycroft-reminder.mycroftai:Reminder.intent.
Regenerated mycroft-reminder.mycroftai:GetNextReminders.intent.
Regenerated mycroft-reminder.mycroftai:UnspecifiedReminderAt.intent.
Regenerated mycroft-reminder.mycroftai:SnoozeReminder.intent.
Regenerated mycroft-installer.mycroftai:remove.intent.
Regenerated mycroft-timer.mycroftai:start.timer.intent.
Regenerated mycroft-timer.mycroftai:timer.status.intent.
Regenerated mycroft-npr-news.mycroftai:PlayTheNews.intent.
2021-12-08 08:00:57.849 | INFO     |  5129 | mycroft.skills.intent_services.padatious_service:train:153 | Training complete.
2021-12-08 08:01:07.403 | INFO     |  5129 | mycroft.skills.settings:save_settings:116 | Skill settings successfully saved to /home/runner/.config/mycroft/skills/mycroft-pairing.mycroftai/settings.json
2021-12-08 08:01:07.411 | INFO     |  5129 | mycroft.skills.settings:save_settings:116 | Skill settings successfully saved to /home/runner/.config/mycroft/skills/mycroft-timer.mycroftai/settings.json
2021-12-08 08:01:10.599 | INFO     |  5129 | QuestionsAnswersSkill | Searching for give me the value of Mycroft sensor please
2021-12-08 08:01:10.607 | INFO     |  5129 | mycroft.skills.settings:save_settings:116 | Skill settings successfully saved to /home/runner/.config/mycroft/skills/mycroft-fallback-duck-duck-go.mycroftai/settings.json
2021-12-08 08:01:10.608 | INFO     |  5129 | WolframAlphaSkill | WolframAlpha query: give me the value of Mycroft sensor please
2021-12-08 08:01:10.609 | INFO     |  5129 | WolframAlphaSkill | Non-question, ignoring: give me the value of Mycroft sensor please
2021-12-08 08:01:10.609 | INFO     |  5129 | mycroft.skills.settings:save_settings:116 | Skill settings successfully saved to /home/runner/.config/mycroft/skills/fallback-wolfram-alpha.mycroftai/settings.json
2021-12-08 08:01:10.616 | INFO     |  5129 | mycroft.skills.settings:save_settings:116 | Skill settings successfully saved to /home/runner/.config/mycroft/skills/fallback-query.mycroftai/settings.json
2021-12-08 08:01:10.622 | INFO     |  5129 | mycroft.skills.settings:save_settings:116 | Skill settings successfully saved to /home/runner/.config/mycroft/skills/fallback-query.mycroftai/settings.json
2021-12-08 08:01:10.625 | INFO     |  5129 | mycroft.skills.settings:save_settings:116 | Skill settings successfully saved to /home/runner/.config/mycroft/skills/fallback-query.mycroftai/settings.json
2021-12-08 08:01:11.500 | INFO     |  5129 | QuestionsAnswersSkill | Timeout occured check responses
2021-12-08 08:01:20.873 | INFO     |  5129 | QuestionsAnswersSkill | Searching for give me the value of Mycroft sensor please
2021-12-08 08:01:20.879 | INFO     |  5129 | WolframAlphaSkill | WolframAlpha query: give me the value of Mycroft sensor please
2021-12-08 08:01:20.880 | INFO     |  5129 | WolframAlphaSkill | Non-question, ignoring: give me the value of Mycroft sensor please
2021-12-08 08:01:21.014 | INFO     |  5129 | QuestionsAnswersSkill | Timeout occured check responses
2021-12-08 08:01:31.176 | INFO     |  5129 | QuestionsAnswersSkill | Searching for can you turn on blue switch please
2021-12-08 08:01:31.182 | INFO     |  5129 | WolframAlphaSkill | WolframAlpha query: can you turn on blue switch please
2021-12-08 08:01:31.183 | INFO     |  5129 | WolframAlphaSkill | Non-question, ignoring: can you turn on blue switch please
2021-12-08 08:01:32.029 | INFO     |  5129 | QuestionsAnswersSkill | Timeout occured check responses
2021-12-08 08:01:41.476 | INFO     |  5129 | QuestionsAnswersSkill | Searching for can you turn on blue switch please
2021-12-08 08:01:41.482 | INFO     |  5129 | WolframAlphaSkill | WolframAlpha query: can you turn on blue switch please
2021-12-08 08:01:41.482 | INFO     |  5129 | WolframAlphaSkill | Non-question, ignoring: can you turn on blue switch please
2021-12-08 08:01:42.042 | INFO     |  5129 | QuestionsAnswersSkill | Timeout occured check responses
2021-12-08 08:01:50.118 | WARNING  |  5129 | ConfigurationSkill | Impossible to update configuration because device isn't paired
2021-12-08 08:01:51.785 | INFO     |  5129 | QuestionsAnswersSkill | Searching for can you toggle green switch
2021-12-08 08:01:51.792 | INFO     |  5129 | WolframAlphaSkill | WolframAlpha query: can you toggle green switch
2021-12-08 08:01:51.793 | INFO     |  5129 | WolframAlphaSkill | Non-question, ignoring: can you toggle green switch
2021-12-08 08:01:52.059 | INFO     |  5129 | QuestionsAnswersSkill | Timeout occured check responses
2021-12-08 08:02:02.101 | INFO     |  5129 | QuestionsAnswersSkill | Searching for can you toggle green switch
2021-12-08 08:02:02.109 | INFO     |  5129 | WolframAlphaSkill | WolframAlpha query: can you toggle green switch
2021-12-08 08:02:02.109 | INFO     |  5129 | WolframAlphaSkill | Non-question, ignoring: can you toggle green switch
2021-12-08 08:02:03.070 | INFO     |  5129 | QuestionsAnswersSkill | Timeout occured check responses
2021-12-08 08:02:12.353 | INFO     |  5129 | QuestionsAnswersSkill | Searching for can you toggle pink switch
2021-12-08 08:02:12.397 | INFO     |  5129 | WolframAlphaSkill | WolframAlpha query: can you toggle pink switch
2021-12-08 08:02:12.398 | INFO     |  5129 | WolframAlphaSkill | Non-question, ignoring: can you toggle pink switch
2021-12-08 08:02:13.084 | INFO     |  5129 | QuestionsAnswersSkill | Timeout occured check responses
2021-12-08 08:02:22.653 | INFO     |  5129 | QuestionsAnswersSkill | Searching for can you toggle pink switch
2021-12-08 08:02:22.697 | INFO     |  5129 | WolframAlphaSkill | WolframAlpha query: can you toggle pink switch
2021-12-08 08:02:22.698 | INFO     |  5129 | WolframAlphaSkill | Non-question, ignoring: can you toggle pink switch
2021-12-08 08:02:23.099 | INFO     |  5129 | QuestionsAnswersSkill | Timeout occured check responses
2021-12-08 08:02:32.962 | INFO     |  5129 | QuestionsAnswersSkill | Searching for can you turn off red switch please
2021-12-08 08:02:33.009 | INFO     |  5129 | WolframAlphaSkill | WolframAlpha query: can you turn off red switch please
2021-12-08 08:02:33.009 | INFO     |  5129 | WolframAlphaSkill | Non-question, ignoring: can you turn off red switch please
2021-12-08 08:02:34.114 | INFO     |  5129 | QuestionsAnswersSkill | Timeout occured check responses
2021-12-08 08:02:43.309 | INFO     |  5129 | QuestionsAnswersSkill | Searching for can you turn off red switch please
2021-12-08 08:02:43.317 | INFO     |  5129 | WolframAlphaSkill | WolframAlpha query: can you turn off red switch please
2021-12-08 08:02:43.318 | INFO     |  5129 | WolframAlphaSkill | Non-question, ignoring: can you turn off red switch please
2021-12-08 08:02:44.128 | INFO     |  5129 | QuestionsAnswersSkill | Timeout occured check responses
2021-12-08 08:02:50.204 | WARNING  |  5129 | ConfigurationSkill | Impossible to update configuration because device isn't paired
2021-12-08 08:02:53.612 | INFO     |  5129 | QuestionsAnswersSkill | Searching for can you turn on Mycroft light please
2021-12-08 08:02:53.618 | INFO     |  5129 | WolframAlphaSkill | WolframAlpha query: can you turn on Mycroft light please
2021-12-08 08:02:53.619 | INFO     |  5129 | WolframAlphaSkill | Non-question, ignoring: can you turn on Mycroft light please
2021-12-08 08:02:54.142 | INFO     |  5129 | QuestionsAnswersSkill | Timeout occured check responses
2021-12-08 08:03:03.880 | INFO     |  5129 | QuestionsAnswersSkill | Searching for can you turn on Mycroft light please
2021-12-08 08:03:03.924 | INFO     |  5129 | WolframAlphaSkill | WolframAlpha query: can you turn on Mycroft light please
2021-12-08 08:03:03.926 | INFO     |  5129 | WolframAlphaSkill | Non-question, ignoring: can you turn on Mycroft light please
2021-12-08 08:03:04.155 | INFO     |  5129 | QuestionsAnswersSkill | Timeout occured check responses
2021-12-08 08:03:14.233 | INFO     |  5129 | QuestionsAnswersSkill | Searching for set the brightness of bathroom light to 20%
2021-12-08 08:03:14.238 | INFO     |  5129 | WolframAlphaSkill | WolframAlpha query: set the brightness of bathroom light to 20%
2021-12-08 08:03:14.239 | INFO     |  5129 | WolframAlphaSkill | Non-question, ignoring: set the brightness of bathroom light to 20 %
2021-12-08 08:03:15.177 | INFO     |  5129 | QuestionsAnswersSkill | Timeout occured check responses
2021-12-08 08:03:24.492 | INFO     |  5129 | QuestionsAnswersSkill | Searching for set the brightness of bathroom light to 20%
2021-12-08 08:03:24.537 | INFO     |  5129 | WolframAlphaSkill | WolframAlpha query: set the brightness of bathroom light to 20%
2021-12-08 08:03:24.538 | INFO     |  5129 | WolframAlphaSkill | Non-question, ignoring: set the brightness of bathroom light to 20 %
2021-12-08 08:03:25.189 | INFO     |  5129 | QuestionsAnswersSkill | Timeout occured check responses
2021-12-08 08:03:34.827 | INFO     |  5129 | QuestionsAnswersSkill | Searching for increase the brightness of table light please
2021-12-08 08:03:34.833 | INFO     |  5129 | WolframAlphaSkill | WolframAlpha query: increase the brightness of table light please
2021-12-08 08:03:34.834 | INFO     |  5129 | WolframAlphaSkill | Non-question, ignoring: increase the brightness of table light please
2021-12-08 08:03:35.204 | INFO     |  5129 | QuestionsAnswersSkill | Timeout occured check responses
2021-12-08 08:03:45.131 | INFO     |  5129 | QuestionsAnswersSkill | Searching for increase the brightness of table light please
2021-12-08 08:03:45.137 | INFO     |  5129 | WolframAlphaSkill | WolframAlpha query: increase the brightness of table light please
2021-12-08 08:03:45.137 | INFO     |  5129 | WolframAlphaSkill | Non-question, ignoring: increase the brightness of table light please
2021-12-08 08:03:46.217 | INFO     |  5129 | QuestionsAnswersSkill | Timeout occured check responses
2021-12-08 08:03:50.291 | WARNING  |  5129 | ConfigurationSkill | Impossible to update configuration because device isn't paired
2021-12-08 08:03:55.437 | INFO     |  5129 | QuestionsAnswersSkill | Searching for decrease the brightness of bathroom light please
2021-12-08 08:03:55.444 | INFO     |  5129 | WolframAlphaSkill | WolframAlpha query: decrease the brightness of bathroom light please
2021-12-08 08:03:55.445 | INFO     |  5129 | WolframAlphaSkill | Non-question, ignoring: decrease the brightness of bathroom light please
2021-12-08 08:03:56.231 | INFO     |  5129 | QuestionsAnswersSkill | Timeout occured check responses
2021-12-08 08:04:05.741 | INFO     |  5129 | QuestionsAnswersSkill | Searching for decrease the brightness of bathroom light please
2021-12-08 08:04:05.749 | INFO     |  5129 | WolframAlphaSkill | WolframAlpha query: decrease the brightness of bathroom light please
2021-12-08 08:04:05.749 | INFO     |  5129 | WolframAlphaSkill | Non-question, ignoring: decrease the brightness of bathroom light please
2021-12-08 08:04:06.245 | INFO     |  5129 | QuestionsAnswersSkill | Timeout occured check responses
2021-12-08 08:04:16.048 | INFO     |  5129 | QuestionsAnswersSkill | Searching for can you turn off stairs light please
2021-12-08 08:04:16.055 | INFO     |  5129 | WolframAlphaSkill | WolframAlpha query: can you turn off stairs light please
2021-12-08 08:04:16.056 | INFO     |  5129 | WolframAlphaSkill | Non-question, ignoring: can you turn off stairs light please
2021-12-08 08:04:17.261 | INFO     |  5129 | QuestionsAnswersSkill | Timeout occured check responses
2021-12-08 08:04:26.356 | INFO     |  5129 | QuestionsAnswersSkill | Searching for can you turn off stairs light please
2021-12-08 08:04:26.364 | INFO     |  5129 | WolframAlphaSkill | WolframAlpha query: can you turn off stairs light please
2021-12-08 08:04:26.365 | INFO     |  5129 | WolframAlphaSkill | Non-question, ignoring: can you turn off stairs light please
2021-12-08 08:04:27.274 | INFO     |  5129 | QuestionsAnswersSkill | Timeout occured check responses
2021-12-08 08:04:36.654 | INFO     |  5129 | QuestionsAnswersSkill | Searching for activate the automation mycroft tracker automation
2021-12-08 08:04:36.701 | INFO     |  5129 | WolframAlphaSkill | WolframAlpha query: activate the automation mycroft tracker automation
2021-12-08 08:04:36.701 | INFO     |  5129 | WolframAlphaSkill | Non-question, ignoring: activate the automation mycroft tracker automation
2021-12-08 08:04:37.288 | INFO     |  5129 | QuestionsAnswersSkill | Timeout occured check responses
2021-12-08 08:04:46.956 | INFO     |  5129 | QuestionsAnswersSkill | Searching for activate the automation mycroft tracker automation
2021-12-08 08:04:46.961 | INFO     |  5129 | WolframAlphaSkill | WolframAlpha query: activate the automation mycroft tracker automation
2021-12-08 08:04:46.962 | INFO     |  5129 | WolframAlphaSkill | Non-question, ignoring: activate the automation mycroft tracker automation
2021-12-08 08:04:47.301 | INFO     |  5129 | QuestionsAnswersSkill | Timeout occured check responses
2021-12-08 08:04:50.375 | WARNING  |  5129 | ConfigurationSkill | Impossible to update configuration because device isn't paired
2021-12-08 08:04:57.263 | INFO     |  5129 | QuestionsAnswersSkill | Searching for give me location of the mark
2021-12-08 08:04:57.270 | INFO     |  5129 | WolframAlphaSkill | WolframAlpha query: give me location of the mark
2021-12-08 08:04:57.271 | INFO     |  5129 | WolframAlphaSkill | Non-question, ignoring: give me location of the mark
2021-12-08 08:04:58.317 | INFO     |  5129 | QuestionsAnswersSkill | Timeout occured check responses
2021-12-08 08:04:59.279 | INFO     |  5129 | mycroft.skills.settings:save_settings:116 | Skill settings successfully saved to /home/runner/.config/mycroft/skills/mycroft-configuration.mycroftai/settings.json
2021-12-08 08:05:07.568 | INFO     |  5129 | QuestionsAnswersSkill | Searching for give me location of the mark
2021-12-08 08:05:07.573 | INFO     |  5129 | WolframAlphaSkill | WolframAlpha query: give me location of the mark
2021-12-08 08:05:07.574 | INFO     |  5129 | WolframAlphaSkill | Non-question, ignoring: give me location of the mark
2021-12-08 08:05:08.331 | INFO     |  5129 | QuestionsAnswersSkill | Timeout occured check responses
2021-12-08 08:05:19.724 | ERROR    |  5129 | WeatherSkill | Weather API failure
Traceback (most recent call last):
  File "/opt/mycroft/skills/mycroft-weather.mycroftai/__init__.py", line 1129, in _get_weather
    self.config_core.get("system_unit"), latitude, longitude
  File "/opt/mycroft/skills/mycroft-weather.mycroftai/skill/api.py", line 105, in get_weather_for_coordinates
    response = self.request(api_request)
  File "/opt/mycroft-core/mycroft/api/__init__.py", line 64, in request
    return self.send(params)
  File "/opt/mycroft-core/mycroft/api/__init__.py", line 147, in send
    return self.get_response(response, no_refresh)
  File "/opt/mycroft-core/mycroft/api/__init__.py", line 170, in get_response
    raise HTTPError(data, response=response)
requests.exceptions.HTTPError: {'error': 'device not authorized'}
2021-12-08 08:05:19.725 | INFO     |  5129 | mycroft.skills.settings:save_settings:116 | Skill settings successfully saved to /home/runner/.config/mycroft/skills/mycroft-weather.mycroftai/settings.json
2021-12-08 08:05:19.731 | ERROR    |  5129 | mycroft.skills.mycroft_skill.mycroft_skill:on_error:923 | An error occurred while processing a request in Pairing Skill
Traceback (most recent call last):
  File "/opt/mycroft-core/mycroft/skills/mycroft_skill/event_container.py", line 73, in wrapper
    handler(message)
  File "/opt/mycroft/skills/mycroft-pairing.mycroftai/__init__.py", line 108, in not_paired
    self.handle_pairing()
TypeError: handle_pairing() missing 1 required positional argument: '_'
2021-12-08 08:05:30.029 | ERROR    |  5129 | WeatherSkill | Weather API failure
Traceback (most recent call last):
  File "/opt/mycroft/skills/mycroft-weather.mycroftai/__init__.py", line 1129, in _get_weather
    self.config_core.get("system_unit"), latitude, longitude
  File "/opt/mycroft/skills/mycroft-weather.mycroftai/skill/api.py", line 105, in get_weather_for_coordinates
    response = self.request(api_request)
  File "/opt/mycroft-core/mycroft/api/__init__.py", line 64, in request
    return self.send(params)
  File "/opt/mycroft-core/mycroft/api/__init__.py", line 147, in send
    return self.get_response(response, no_refresh)
  File "/opt/mycroft-core/mycroft/api/__init__.py", line 170, in get_response
    raise HTTPError(data, response=response)
requests.exceptions.HTTPError: {'error': 'device not authorized'}
2021-12-08 08:05:30.034 | ERROR    |  5129 | mycroft.skills.mycroft_skill.mycroft_skill:on_error:923 | An error occurred while processing a request in Pairing Skill
Traceback (most recent call last):
  File "/opt/mycroft-core/mycroft/skills/mycroft_skill/event_container.py", line 73, in wrapper
    handler(message)
  File "/opt/mycroft/skills/mycroft-pairing.mycroftai/__init__.py", line 108, in not_paired
    self.handle_pairing()
TypeError: handle_pairing() missing 1 required positional argument: '_'
2021-12-08 08:05:40.317 | INFO     |  5129 | QuestionsAnswersSkill | Searching for add bread to the shopping list
2021-12-08 08:05:40.324 | INFO     |  5129 | WolframAlphaSkill | WolframAlpha query: add bread to the shopping list
2021-12-08 08:05:40.325 | INFO     |  5129 | WolframAlphaSkill | Non-question, ignoring: add bread to the shopping list
2021-12-08 08:05:41.376 | INFO     |  5129 | QuestionsAnswersSkill | Timeout occured check responses
2021-12-08 08:05:50.541 | WARNING  |  5129 | ConfigurationSkill | Impossible to update configuration because device isn't paired
2021-12-08 08:05:50.610 | INFO     |  5129 | QuestionsAnswersSkill | Searching for add bread to the shopping list
2021-12-08 08:05:50.616 | INFO     |  5129 | WolframAlphaSkill | WolframAlpha query: add bread to the shopping list
2021-12-08 08:05:50.616 | INFO     |  5129 | WolframAlphaSkill | Non-question, ignoring: add bread to the shopping list
2021-12-08 08:05:51.391 | INFO     |  5129 | QuestionsAnswersSkill | Timeout occured check responses
2021-12-08 08:06:00.923 | INFO     |  5129 | __main__:on_stopping:193 | Skills service is shutting down...
2021-12-08 08:06:00.924 | INFO     |  5129 | __main__:shutdown:284 | Shutting down Skills service
2021-12-08 08:06:01.400 | ERROR    |  5129 | VolumeSkill | Couldn't allocate mixer, ALSAAudioError('No such file or directory [default]')
2021-12-08 08:06:01.401 | INFO     |  5129 | mycroft.skills.settings:save_settings:116 | Skill settings successfully saved to /home/runner/.config/mycroft/skills/mycroft-volume.mycroftai/settings.json
2021-12-08 08:06:01.402 | INFO     |  5129 | mycroft.skills.settings:save_settings:116 | Skill settings successfully saved to /home/runner/.config/mycroft/skills/mycroft-playback-control.mycroftai/settings.json
2021-12-08 08:06:02.403 | INFO     |  5129 | Playback Control Skill | Audio service status: {}
2021-12-08 08:06:03.405 | WARNING  |  5129 | mycroft.skills.skill_manager:_shutdown_skill:106 | mycroft-playback-control.mycroftai shutdown took 2.0021346740001036 seconds
2021-12-08 08:06:03.411 | INFO     |  5129 | mycroft.skills.settings:save_settings:116 | Skill settings successfully saved to /home/runner/.config/mycroft/skills/mycroft-speak.mycroftai/settings.json
2021-12-08 08:06:03.420 | INFO     |  5129 | mycroft.skills.settings:save_settings:116 | Skill settings successfully saved to /home/runner/.config/mycroft/skills/mycroft-spelling.mycroftai/settings.json
2021-12-08 08:06:03.421 | INFO     |  5129 | mycroft.skills.settings:save_settings:116 | Skill settings successfully saved to /home/runner/.config/mycroft/skills/mycroft-date-time.mycroftai/settings.json
2021-12-08 08:06:03.428 | INFO     |  5129 | mycroft.skills.settings:save_settings:116 | Skill settings successfully saved to /home/runner/.config/mycroft/skills/mycroft-singing.mycroftai/settings.json
2021-12-08 08:06:03.434 | INFO     |  5129 | mycroft.skills.settings:save_settings:116 | Skill settings successfully saved to /home/runner/.config/mycroft/skills/mycroft-wiki.mycroftai/settings.json
2021-12-08 08:06:03.436 | INFO     |  5129 | mycroft.skills.settings:save_settings:116 | Skill settings successfully saved to /home/runner/.config/mycroft/skills/mycroft-reminder.mycroftai/settings.json
2021-12-08 08:06:03.448 | INFO     |  5129 | mycroft.skills.settings:save_settings:116 | Skill settings successfully saved to /home/runner/.config/mycroft/skills/mycroft-ip.mycroftai/settings.json
2021-12-08 08:06:03.452 | INFO     |  5129 | QuestionsAnswersSkill | Removing all handlers...
2021-12-08 08:06:03.454 | INFO     |  5129 | mycroft.skills.settings:save_settings:116 | Skill settings successfully saved to /home/runner/.config/mycroft/skills/mycroft-joke.mycroftai/settings.json
2021-12-08 08:06:03.456 | INFO     |  5129 | mycroft.skills.settings:save_settings:116 | Skill settings successfully saved to /home/runner/.config/mycroft/skills/mycroft-installer.mycroftai/settings.json
2021-12-08 08:06:03.466 | INFO     |  5129 | mycroft.skills.settings:save_settings:116 | Skill settings successfully saved to /home/runner/.config/mycroft/skills/mycroft-audio-record.mycroftai/settings.json
2021-12-08 08:06:03.472 | INFO     |  5129 | mycroft.skills.settings:save_settings:116 | Skill settings successfully saved to /home/runner/.config/mycroft/skills/mycroft-hello-world.mycroftai/settings.json
2021-12-08 08:06:03.474 | INFO     |  5129 | mycroft.skills.settings:save_settings:116 | Skill settings successfully saved to /home/runner/.config/mycroft/skills/mycroft-naptime.mycroftai/settings.json
2021-12-08 08:06:03.480 | INFO     |  5129 | mycroft.skills.settings:save_settings:116 | Skill settings successfully saved to /home/runner/.config/mycroft/skills/mycroft-version-checker.mycroftai/settings.json
2021-12-08 08:06:03.490 | INFO     |  5129 | UnknownSkill | Removing all handlers...
2021-12-08 08:06:03.492 | INFO     |  5129 | mycroft.skills.settings:save_settings:116 | Skill settings successfully saved to /home/runner/.config/mycroft/skills/fallback-unknown.mycroftai/settings.json
2021-12-08 08:06:03.497 | INFO     |  5129 | mycroft.skills.settings:save_settings:116 | Skill settings successfully saved to /home/runner/.config/mycroft/skills/mycroft-personal.mycroftai/settings.json
2021-12-08 08:06:03.499 | INFO     |  5129 | mycroft.skills.settings:save_settings:116 | Skill settings successfully saved to /home/runner/.config/mycroft/skills/mycroft-stop.mycroftai/settings.json
2021-12-08 08:06:03.500 | INFO     |  5129 | mycroft.skills.settings:save_settings:116 | Skill settings successfully saved to /home/runner/.config/mycroft/skills/mycroft-alarm.mycroftai/settings.json
2021-12-08 08:06:03.502 | INFO     |  5129 | mycroft.skills.settings:save_settings:116 | Skill settings successfully saved to /home/runner/.config/mycroft/skills/mycroft-support-helper.mycroftai/settings.json
2021-12-08 08:06:03.508 | INFO     |  5129 | mycroft.skills.settings:save_settings:116 | Skill settings successfully saved to /home/runner/.config/mycroft/skills/mycroft-npr-news.mycroftai/settings.json
2021-12-08 08:06:03.510 | INFO     |  5129 | __main__:shutdown:291 | Skills service shutdown complete!
2021-12-08 08:06:03.511 | ERROR    |  5129 | websocket | error from callback <bound method MessageBusClient.on_message of <mycroft.messagebus.client.client.MessageBusClient object at 0x7f8d14a80510>>: cannot schedule new futures after shutdown
