2021-10-24 17:17:43.256 | INFO     |  5723 | mycroft.messagebus.load_config:load_message_bus_config:33 | Loading message bus configs
2021-10-24 17:17:43.267 | INFO     |  5723 | mycroft_bus_client.client.client | Connected
2021-10-24 17:17:43.271 | INFO     |  5723 | mycroft.util.process_utils:start_message_bus_client:155 | Connected to messagebus
2021-10-24 17:17:43.280 | INFO     |  5723 | mycroft.skills.msm_wrapper:create_msm:96 | Acquiring lock to instantiate MSM
2021-10-24 17:17:44.233 | INFO     |  5723 | msm.mycroft_skills_manager | building SkillEntry objects for all skills
2021-10-24 17:17:44.802 | INFO     |  5723 | mycroft.skills.msm_wrapper:create_msm:112 | Releasing MSM instantiation lock.
2021-10-24 17:17:44.803 | INFO     |  5723 | mycroft.skills.skill_updater:_log_next_download_time:267 | Next scheduled skill update: 2021-10-24 17:17:43.802656
2021-10-24 17:17:44.803 | INFO     |  5723 | msm.skill_entry | Downloading skill: https://github.com/mycroftai/skill-pairing
2021-10-24 17:17:45.176 | INFO     |  5723 | msm.skill_entry | Installing system requirements...
2021-10-24 17:17:45.212 | INFO     |  5723 | msm.skill_entry | Successfully installed mycroft-pairing
2021-10-24 17:17:45.213 | INFO     |  5723 | msm.mycroft_skills_manager | invalidating skills cache
2021-10-24 17:17:45.214 | INFO     |  5723 | mycroft.skills.skill_loader:load:185 | ATTEMPTING TO LOAD SKILL: mycroft-pairing.mycroftai
2021-10-24 17:17:45.230 | INFO     |  5723 | mycroft.skills.settings:get_local_settings:83 | /opt/mycroft/skills/mycroft-pairing.mycroftai/settings.json
2021-10-24 17:17:45.249 | INFO     |  5723 | mycroft.skills.skill_loader:_check_for_first_run:324 | First run of mycroft-pairing.mycroftai
2021-10-24 17:17:45.250 | INFO     |  5723 | mycroft.skills.settings:save_settings:116 | Skill settings successfully saved to /home/runner/.config/mycroft/skills/mycroft-pairing.mycroftai/settings.json
2021-10-24 17:17:45.256 | INFO     |  5723 | mycroft.skills.skill_loader:_communicate_load_status:344 | Skill mycroft-pairing.mycroftai loaded successfully
2021-10-24 17:17:45.256 | INFO     |  5723 | msm.skill_entry | Downloading skill: https://github.com/mycroftai/skill-volume
2021-10-24 17:17:45.667 | INFO     |  5723 | msm.skill_entry | Installing system requirements...
2021-10-24 17:17:45.704 | INFO     |  5723 | msm.skill_entry | Installing requirements.txt for mycroft-volume
2021-10-24 17:17:46.983 | INFO     |  5723 | msm.skill_entry | Successfully installed mycroft-volume
2021-10-24 17:17:46.984 | INFO     |  5723 | msm.mycroft_skills_manager | invalidating skills cache
2021-10-24 17:17:46.985 | INFO     |  5723 | mycroft.skills.skill_loader:load:185 | ATTEMPTING TO LOAD SKILL: mycroft-volume.mycroftai
2021-10-24 17:17:46.994 | INFO     |  5723 | mycroft.skills.settings:get_local_settings:83 | /opt/mycroft/skills/mycroft-volume.mycroftai/settings.json
2021-10-24 17:17:47.096 | ERROR    |  5723 | VolumeSkill | Couldn't allocate mixer, ALSAAudioError('No such file or directory [default]')
2021-10-24 17:17:50.102 | INFO     |  5723 | mycroft.skills.skill_loader:_check_for_first_run:324 | First run of mycroft-volume.mycroftai
2021-10-24 17:17:50.104 | INFO     |  5723 | mycroft.skills.settings:save_settings:116 | Skill settings successfully saved to /home/runner/.config/mycroft/skills/mycroft-volume.mycroftai/settings.json
2021-10-24 17:17:50.108 | INFO     |  5723 | mycroft.skills.skill_loader:_communicate_load_status:344 | Skill mycroft-volume.mycroftai loaded successfully
2021-10-24 17:17:50.109 | INFO     |  5723 | __main__:on_started:177 | Skills service is starting up.
2021-10-24 17:17:50.170 | INFO     |  5723 | __main__:_update_system:154 | Attempting system update...
2021-10-24 17:17:53.172 | INFO     |  5723 | mycroft.enclosure.display_manager:_write_data:70 | Display Manager is creating /tmp/mycroft/ipc/managers/disp_info
2021-10-24 17:17:53.175 | INFO     |  5723 | __main__:_ensure_device_is_paired:133 | Device not paired, invoking the pairing skill
2021-10-24 17:17:53.191 | INFO     |  5723 | msm.mycroft_skills_manager | building SkillEntry objects for all skills
2021-10-24 17:17:53.196 | INFO     |  5723 | __main__:on_alive:181 | Skills service is alive.
2021-10-24 17:17:53.368 | INFO     |  5723 | PairingSkill | Communicating account URL to user
2021-10-24 17:17:53.877 | WARNING  |  5723 | msm.mycroft_skills_manager | No such default skill: mycroft-pandora
2021-10-24 17:17:53.878 | INFO     |  5723 | mycroft.skills.skill_manager:run:234 | Not all default skills are installed, performing skill update...
2021-10-24 17:17:53.878 | INFO     |  5723 | mycroft.skills.skill_updater:update_skills:149 | Beginning skill update...
2021-10-24 17:17:53.938 | INFO     |  5723 | msm.mycroft_skills_manager | building SkillEntry objects for all skills
2021-10-24 17:17:54.162 | INFO     |  5723 | msm.mycroft_skills_manager | invalidating skills cache
2021-10-24 17:17:54.192 | INFO     |  5723 | msm.skill_entry | Downloading skill: https://github.com/mycroftai/fallback-unknown
2021-10-24 17:17:54.198 | INFO     |  5723 | msm.skill_entry | Downloading skill: https://github.com/mycroftai/fallback-wolfram-alpha
2021-10-24 17:17:54.208 | INFO     |  5723 | msm.skill_entry | Downloading skill: https://github.com/mycroftai/skill-alarm
2021-10-24 17:17:54.212 | INFO     |  5723 | msm.skill_entry | Downloading skill: https://github.com/mycroftai/skill-audio-record
2021-10-24 17:17:54.215 | INFO     |  5723 | msm.skill_entry | Downloading skill: https://github.com/mycroftai/skill-configuration
2021-10-24 17:17:54.220 | INFO     |  5723 | msm.skill_entry | Downloading skill: https://github.com/mycroftai/skill-date-time
2021-10-24 17:17:54.223 | INFO     |  5723 | msm.skill_entry | Downloading skill: https://github.com/mycroftai/fallback-duckduckgo
2021-10-24 17:17:54.227 | INFO     |  5723 | msm.skill_entry | Downloading skill: https://github.com/mycroftai/skill-hello-world
2021-10-24 17:17:54.234 | INFO     |  5723 | msm.skill_entry | Downloading skill: https://github.com/mycroftai/skill-installer
2021-10-24 17:17:54.241 | INFO     |  5723 | msm.skill_entry | Downloading skill: https://github.com/mycroftai/skill-ip
2021-10-24 17:17:54.253 | INFO     |  5723 | msm.skill_entry | Downloading skill: https://github.com/mycroftai/skill-joke
2021-10-24 17:17:54.310 | INFO     |  5723 | msm.skill_entry | Downloading skill: https://github.com/mycroftai/skill-naptime
2021-10-24 17:17:54.318 | INFO     |  5723 | msm.skill_entry | Downloading skill: https://github.com/mycroftai/skill-npr-news
2021-10-24 17:17:54.343 | INFO     |  5723 | msm.skill_entry | Downloading skill: https://github.com/mycroftai/skill-personal
2021-10-24 17:17:54.354 | INFO     |  5723 | msm.skill_entry | Downloading skill: https://github.com/mycroftai/skill-playback-control
2021-10-24 17:17:54.355 | INFO     |  5723 | msm.skill_entry | Downloading skill: https://github.com/mycroftai/skill-reminder
2021-10-24 17:17:54.356 | INFO     |  5723 | msm.skill_entry | Downloading skill: https://github.com/mycroftai/skill-singing
2021-10-24 17:17:55.380 | INFO     |  5723 | msm.skill_entry | Installing system requirements...
2021-10-24 17:17:55.468 | INFO     |  5723 | msm.skill_entry | Successfully installed fallback-unknown
2021-10-24 17:17:55.468 | INFO     |  5723 | msm.mycroft_skills_manager | invalidating skills cache
2021-10-24 17:17:55.469 | INFO     |  5723 | msm.skill_entry | Downloading skill: https://github.com/mycroftai/skill-speak
2021-10-24 17:17:55.651 | ERROR    |  5723 | msm.mycroft_skills_manager | Error running install_or_update on homeassistant.mycroftai: MergeConflict
2021-10-24 17:17:55.655 | INFO     |  5723 | msm.skill_entry | Downloading skill: https://github.com/mycroftai/skill-spelling
2021-10-24 17:17:55.699 | INFO     |  5723 | msm.skill_entry | Installing system requirements...
2021-10-24 17:17:55.729 | INFO     |  5723 | msm.skill_entry | Installing requirements.txt for mycroft-joke
2021-10-24 17:17:56.042 | INFO     |  5723 | msm.skill_entry | Installing system requirements...
2021-10-24 17:17:56.166 | INFO     |  5723 | msm.skill_entry | Installing requirements.txt for fallback-wolfram-alpha
2021-10-24 17:17:56.172 | INFO     |  5723 | msm.skill_entry | Installing system requirements...
2021-10-24 17:17:56.178 | INFO     |  5723 | msm.skill_entry | Nothing new for mycroft-volume
2021-10-24 17:17:56.203 | INFO     |  5723 | msm.skill_entry | Nothing new for mycroft-pairing
2021-10-24 17:17:56.212 | INFO     |  5723 | msm.skill_entry | Installing requirements.txt for mycroft-fallback-duck-duck-go
2021-10-24 17:17:56.336 | INFO     |  5723 | msm.skill_entry | Installing system requirements...
2021-10-24 17:17:56.466 | INFO     |  5723 | msm.skill_entry | Installing system requirements...
2021-10-24 17:17:56.479 | INFO     |  5723 | msm.skill_entry | Downloading skill: https://github.com/mycroftai/skill-stop
2021-10-24 17:17:56.529 | INFO     |  5723 | msm.skill_entry | Installing system requirements...
2021-10-24 17:17:56.573 | INFO     |  5723 | msm.skill_entry | Installing system requirements...
2021-10-24 17:17:56.603 | INFO     |  5723 | msm.skill_entry | Installing system requirements...
2021-10-24 17:17:56.606 | INFO     |  5723 | msm.skill_entry | Installing system requirements...
2021-10-24 17:17:56.648 | INFO     |  5723 | msm.skill_entry | Installing requirements.txt for mycroft-audio-record
2021-10-24 17:17:56.711 | INFO     |  5723 | msm.skill_entry | Successfully installed mycroft-naptime
2021-10-24 17:17:56.712 | INFO     |  5723 | msm.mycroft_skills_manager | invalidating skills cache
2021-10-24 17:17:56.712 | INFO     |  5723 | msm.skill_entry | Downloading skill: https://github.com/mycroftai/skill-support
2021-10-24 17:17:56.744 | INFO     |  5723 | msm.skill_entry | Installing requirements.txt for mycroft-ip
2021-10-24 17:17:56.751 | INFO     |  5723 | msm.skill_entry | Installing requirements.txt for mycroft-configuration
2021-10-24 17:17:56.775 | INFO     |  5723 | msm.skill_entry | Installing system requirements...
2021-10-24 17:17:56.791 | INFO     |  5723 | msm.skill_entry | Installing system requirements...
2021-10-24 17:17:56.797 | INFO     |  5723 | msm.skill_entry | Installing requirements.txt for mycroft-volume
2021-10-24 17:17:56.801 | INFO     |  5723 | msm.skill_entry | Installing system requirements...
2021-10-24 17:17:56.869 | INFO     |  5723 | msm.skill_entry | Installing system requirements...
2021-10-24 17:17:56.882 | INFO     |  5723 | msm.skill_entry | Successfully installed mycroft-playback-control
2021-10-24 17:17:56.883 | INFO     |  5723 | msm.mycroft_skills_manager | invalidating skills cache
2021-10-24 17:17:56.884 | INFO     |  5723 | msm.skill_entry | Downloading skill: https://github.com/mycroftai/mycroft-timer
2021-10-24 17:17:56.886 | INFO     |  5723 | msm.skill_entry | Installing system requirements...
2021-10-24 17:17:56.896 | INFO     |  5723 | msm.skill_entry | Successfully installed mycroft-hello-world
2021-10-24 17:17:56.897 | INFO     |  5723 | msm.mycroft_skills_manager | invalidating skills cache
2021-10-24 17:17:56.900 | INFO     |  5723 | msm.skill_entry | Downloading skill: https://github.com/mycroftai/skill-weather
2021-10-24 17:17:56.939 | INFO     |  5723 | msm.skill_entry | Installing requirements.txt for mycroft-npr-news
2021-10-24 17:17:56.940 | INFO     |  5723 | msm.skill_entry | Installing system requirements...
2021-10-24 17:17:56.975 | INFO     |  5723 | msm.skill_entry | Installing system requirements...
2021-10-24 17:17:56.985 | INFO     |  5723 | msm.skill_entry | Successfully installed mycroft-reminder
2021-10-24 17:17:56.985 | INFO     |  5723 | msm.mycroft_skills_manager | invalidating skills cache
2021-10-24 17:17:56.987 | INFO     |  5723 | msm.skill_entry | Downloading skill: https://github.com/mycroftai/skill-version-checker
2021-10-24 17:17:56.997 | INFO     |  5723 | msm.skill_entry | Installing requirements.txt for mycroft-installer
2021-10-24 17:17:57.033 | INFO     |  5723 | msm.skill_entry | Successfully installed mycroft-speak
2021-10-24 17:17:57.033 | INFO     |  5723 | msm.mycroft_skills_manager | invalidating skills cache
2021-10-24 17:17:57.034 | INFO     |  5723 | msm.skill_entry | Installing system requirements...
2021-10-24 17:17:57.034 | INFO     |  5723 | msm.skill_entry | Downloading skill: https://github.com/mycroftai/skill-wiki
2021-10-24 17:17:57.076 | INFO     |  5723 | msm.skill_entry | Successfully installed mycroft-personal
2021-10-24 17:17:57.076 | INFO     |  5723 | msm.mycroft_skills_manager | invalidating skills cache
2021-10-24 17:17:57.103 | INFO     |  5723 | msm.skill_entry | Downloading skill: https://github.com/MycroftAI/skill-query
2021-10-24 17:17:57.150 | INFO     |  5723 | msm.skill_entry | Installing requirements.txt for mycroft-alarm
2021-10-24 17:17:57.307 | INFO     |  5723 | msm.skill_entry | Installing system requirements...
2021-10-24 17:17:57.412 | INFO     |  5723 | msm.skill_entry | Successfully installed mycroft-spelling
2021-10-24 17:17:57.412 | INFO     |  5723 | msm.mycroft_skills_manager | invalidating skills cache
2021-10-24 17:17:57.558 | INFO     |  5723 | msm.skill_entry | Installing system requirements...
2021-10-24 17:17:57.658 | INFO     |  5723 | msm.skill_entry | Successfully installed mycroft-stop
2021-10-24 17:17:57.659 | INFO     |  5723 | msm.mycroft_skills_manager | invalidating skills cache
2021-10-24 17:17:57.663 | INFO     |  5723 | msm.skill_entry | Installing system requirements...
2021-10-24 17:17:57.762 | INFO     |  5723 | msm.skill_entry | Installing requirements.txt for mycroft-date-time
2021-10-24 17:17:57.883 | INFO     |  5723 | msm.skill_entry | Installing system requirements...
2021-10-24 17:17:58.014 | INFO     |  5723 | msm.skill_entry | Successfully installed mycroft-version-checker
2021-10-24 17:17:58.014 | INFO     |  5723 | msm.mycroft_skills_manager | invalidating skills cache
2021-10-24 17:17:58.035 | INFO     |  5723 | msm.skill_entry | Installing system requirements...
2021-10-24 17:17:58.040 | INFO     |  5723 | msm.skill_entry | Installing system requirements...
2021-10-24 17:17:58.112 | INFO     |  5723 | msm.skill_entry | Installing requirements.txt for mycroft-wiki
2021-10-24 17:17:58.115 | INFO     |  5723 | msm.skill_entry | Successfully installed fallback-query
2021-10-24 17:17:58.116 | INFO     |  5723 | msm.mycroft_skills_manager | invalidating skills cache
2021-10-24 17:17:58.225 | ERROR    |  5723 | msm.mycroft_skills_manager | Error running install_or_update on homeassistant: MergeConflict
2021-10-24 17:17:58.290 | INFO     |  5723 | msm.skill_entry | Installing system requirements...
2021-10-24 17:17:58.337 | INFO     |  5723 | msm.skill_entry | Successfully installed mycroft-timer
2021-10-24 17:17:58.338 | INFO     |  5723 | msm.mycroft_skills_manager | invalidating skills cache
2021-10-24 17:17:58.338 | INFO     |  5723 | msm.skill_entry | Installing system requirements...
2021-10-24 17:17:58.380 | INFO     |  5723 | msm.skill_entry | Successfully installed mycroft-singing
2021-10-24 17:17:58.380 | INFO     |  5723 | msm.mycroft_skills_manager | invalidating skills cache
2021-10-24 17:17:58.476 | INFO     |  5723 | msm.skill_entry | Installing system requirements...
2021-10-24 17:17:58.509 | INFO     |  5723 | msm.skill_entry | Installing requirements.txt for mycroft-weather
2021-10-24 17:17:58.679 | INFO     |  5723 | msm.skill_entry | Installing system requirements...
2021-10-24 17:17:58.707 | INFO     |  5723 | msm.skill_entry | Installing requirements.txt for mycroft-support-helper
2021-10-24 17:17:58.986 | INFO     |  5723 | msm.skill_entry | Successfully installed mycroft-joke
2021-10-24 17:17:58.987 | INFO     |  5723 | msm.mycroft_skills_manager | invalidating skills cache
2021-10-24 17:18:03.172 | INFO     |  5723 | msm.skill_entry | Successfully installed fallback-wolfram-alpha
2021-10-24 17:18:03.173 | INFO     |  5723 | msm.mycroft_skills_manager | invalidating skills cache
2021-10-24 17:18:04.341 | INFO     |  5723 | msm.skill_entry | Successfully installed mycroft-fallback-duck-duck-go
2021-10-24 17:18:04.341 | INFO     |  5723 | msm.mycroft_skills_manager | invalidating skills cache
2021-10-24 17:18:05.366 | INFO     |  5723 | msm.skill_entry | Successfully installed mycroft-audio-record
2021-10-24 17:18:05.367 | INFO     |  5723 | msm.mycroft_skills_manager | invalidating skills cache
2021-10-24 17:18:06.387 | INFO     |  5723 | msm.skill_entry | Successfully installed mycroft-ip
2021-10-24 17:18:06.387 | INFO     |  5723 | msm.mycroft_skills_manager | invalidating skills cache
2021-10-24 17:18:09.118 | INFO     |  5723 | msm.skill_entry | Successfully installed mycroft-configuration
2021-10-24 17:18:09.118 | INFO     |  5723 | msm.mycroft_skills_manager | invalidating skills cache
2021-10-24 17:18:13.431 | INFO     |  5723 | msm.skill_entry | Successfully installed mycroft-npr-news
2021-10-24 17:18:13.431 | INFO     |  5723 | msm.mycroft_skills_manager | invalidating skills cache
2021-10-24 17:18:14.449 | INFO     |  5723 | msm.skill_entry | Successfully installed mycroft-installer
2021-10-24 17:18:14.450 | INFO     |  5723 | msm.mycroft_skills_manager | invalidating skills cache
2021-10-24 17:18:15.423 | INFO     |  5723 | msm.skill_entry | Successfully installed mycroft-alarm
2021-10-24 17:18:15.423 | INFO     |  5723 | msm.mycroft_skills_manager | invalidating skills cache
2021-10-24 17:18:23.710 | INFO     |  5723 | PairingSkill | Initiating device pairing sequence...
2021-10-24 17:18:23.710 | INFO     |  5723 | PairingSkill | Retrieving pairing code from device API...
2021-10-24 17:18:23.882 | INFO     |  5723 | PairingSkill | Pairing code obtained: WA7NPA
2021-10-24 17:18:23.882 | INFO     |  5723 | PairingSkill | Communicating pairing URL to user
2021-10-24 17:18:33.164 | INFO     |  5723 | msm.skill_entry | Successfully installed mycroft-date-time
2021-10-24 17:18:33.164 | INFO     |  5723 | msm.mycroft_skills_manager | invalidating skills cache
2021-10-24 17:18:35.075 | INFO     |  5723 | msm.skill_entry | Successfully installed mycroft-wiki
2021-10-24 17:18:35.076 | INFO     |  5723 | msm.mycroft_skills_manager | invalidating skills cache
2021-10-24 17:18:36.098 | INFO     |  5723 | msm.skill_entry | Successfully installed mycroft-weather
2021-10-24 17:18:36.098 | INFO     |  5723 | msm.mycroft_skills_manager | invalidating skills cache
2021-10-24 17:18:39.002 | INFO     |  5723 | msm.skill_entry | Successfully installed mycroft-support-helper
2021-10-24 17:18:39.002 | INFO     |  5723 | msm.mycroft_skills_manager | invalidating skills cache
2021-10-24 17:18:39.019 | INFO     |  5723 | mycroft.skills.skill_updater:_log_next_download_time:267 | Next scheduled skill update: 2021-10-24 18:18:39.018810
2021-10-24 17:18:39.019 | INFO     |  5723 | mycroft.skills.skill_updater:update_skills:170 | Skill update complete
2021-10-24 17:18:39.020 | INFO     |  5723 | mycroft.skills.skill_manager:_load_on_startup:273 | Loading installed skills...
2021-10-24 17:18:39.021 | INFO     |  5723 | mycroft.skills.skill_loader:load:185 | ATTEMPTING TO LOAD SKILL: mycroft-ip.mycroftai
2021-10-24 17:18:39.063 | INFO     |  5723 | mycroft.skills.settings:get_local_settings:83 | /opt/mycroft/skills/mycroft-ip.mycroftai/settings.json
2021-10-24 17:18:39.076 | INFO     |  5723 | mycroft.skills.skill_loader:_check_for_first_run:324 | First run of mycroft-ip.mycroftai
2021-10-24 17:18:39.078 | INFO     |  5723 | mycroft.skills.settings:save_settings:116 | Skill settings successfully saved to /home/runner/.config/mycroft/skills/mycroft-ip.mycroftai/settings.json
2021-10-24 17:18:39.078 | INFO     |  5723 | mycroft.skills.skill_loader:_communicate_load_status:344 | Skill mycroft-ip.mycroftai loaded successfully
2021-10-24 17:18:39.080 | INFO     |  5723 | mycroft.skills.skill_loader:load:185 | ATTEMPTING TO LOAD SKILL: mycroft-reminder.mycroftai
2021-10-24 17:18:39.204 | INFO     |  5723 | mycroft.skills.settings:get_local_settings:83 | /opt/mycroft/skills/mycroft-reminder.mycroftai/settings.json
2021-10-24 17:18:39.241 | INFO     |  5723 | mycroft.skills.skill_loader:_check_for_first_run:324 | First run of mycroft-reminder.mycroftai
2021-10-24 17:18:39.242 | INFO     |  5723 | mycroft.skills.settings:save_settings:116 | Skill settings successfully saved to /home/runner/.config/mycroft/skills/mycroft-reminder.mycroftai/settings.json
2021-10-24 17:18:39.247 | INFO     |  5723 | mycroft.skills.skill_loader:_communicate_load_status:344 | Skill mycroft-reminder.mycroftai loaded successfully
2021-10-24 17:18:39.247 | INFO     |  5723 | mycroft.skills.skill_loader:load:185 | ATTEMPTING TO LOAD SKILL: mycroft-installer.mycroftai
2021-10-24 17:18:39.254 | INFO     |  5723 | mycroft.skills.settings:get_local_settings:83 | /opt/mycroft/skills/mycroft-installer.mycroftai/settings.json
2021-10-24 17:18:39.288 | INFO     |  5723 | mycroft.skills.skill_loader:_check_for_first_run:324 | First run of mycroft-installer.mycroftai
2021-10-24 17:18:39.289 | INFO     |  5723 | mycroft.skills.settings:save_settings:116 | Skill settings successfully saved to /home/runner/.config/mycroft/skills/mycroft-installer.mycroftai/settings.json
2021-10-24 17:18:39.292 | INFO     |  5723 | mycroft.skills.skill_loader:_communicate_load_status:344 | Skill mycroft-installer.mycroftai loaded successfully
2021-10-24 17:18:39.293 | INFO     |  5723 | mycroft.skills.skill_loader:load:185 | ATTEMPTING TO LOAD SKILL: mycroft-version-checker.mycroftai
2021-10-24 17:18:39.297 | INFO     |  5723 | mycroft.skills.settings:get_local_settings:83 | /opt/mycroft/skills/mycroft-version-checker.mycroftai/settings.json
2021-10-24 17:18:39.337 | INFO     |  5723 | mycroft.skills.skill_loader:_check_for_first_run:324 | First run of mycroft-version-checker.mycroftai
2021-10-24 17:18:39.338 | INFO     |  5723 | mycroft.skills.settings:save_settings:116 | Skill settings successfully saved to /home/runner/.config/mycroft/skills/mycroft-version-checker.mycroftai/settings.json
2021-10-24 17:18:39.342 | INFO     |  5723 | mycroft.skills.skill_loader:_communicate_load_status:344 | Skill mycroft-version-checker.mycroftai loaded successfully
2021-10-24 17:18:39.343 | INFO     |  5723 | mycroft.skills.skill_loader:load:185 | ATTEMPTING TO LOAD SKILL: mycroft-singing.mycroftai
2021-10-24 17:18:39.363 | INFO     |  5723 | mycroft.skills.settings:get_local_settings:83 | /opt/mycroft/skills/mycroft-singing.mycroftai/settings.json
2021-10-24 17:18:39.379 | INFO     |  5723 | mycroft.skills.skill_loader:_check_for_first_run:324 | First run of mycroft-singing.mycroftai
2021-10-24 17:18:39.380 | INFO     |  5723 | mycroft.skills.settings:save_settings:116 | Skill settings successfully saved to /home/runner/.config/mycroft/skills/mycroft-singing.mycroftai/settings.json
2021-10-24 17:18:39.383 | INFO     |  5723 | mycroft.skills.skill_loader:_communicate_load_status:344 | Skill mycroft-singing.mycroftai loaded successfully
2021-10-24 17:18:39.384 | INFO     |  5723 | mycroft.skills.skill_loader:load:185 | ATTEMPTING TO LOAD SKILL: mycroft-joke.mycroftai
2021-10-24 17:18:39.389 | INFO     |  5723 | mycroft.skills.settings:get_local_settings:83 | /opt/mycroft/skills/mycroft-joke.mycroftai/settings.json
2021-10-24 17:18:39.416 | INFO     |  5723 | mycroft.skills.skill_loader:_check_for_first_run:324 | First run of mycroft-joke.mycroftai
2021-10-24 17:18:39.417 | INFO     |  5723 | mycroft.skills.settings:save_settings:116 | Skill settings successfully saved to /home/runner/.config/mycroft/skills/mycroft-joke.mycroftai/settings.json
2021-10-24 17:18:39.418 | INFO     |  5723 | mycroft.skills.skill_loader:_communicate_load_status:344 | Skill mycroft-joke.mycroftai loaded successfully
2021-10-24 17:18:39.424 | INFO     |  5723 | mycroft.skills.skill_loader:load:185 | ATTEMPTING TO LOAD SKILL: mycroft-timer.mycroftai
2021-10-24 17:18:39.449 | INFO     |  5723 | mycroft.skills.settings:get_local_settings:83 | /opt/mycroft/skills/mycroft-timer.mycroftai/settings.json
2021-10-24 17:18:39.537 | INFO     |  5723 | mycroft.skills.skill_loader:_check_for_first_run:324 | First run of mycroft-timer.mycroftai
2021-10-24 17:18:39.544 | INFO     |  5723 | mycroft.skills.settings:save_settings:116 | Skill settings successfully saved to /home/runner/.config/mycroft/skills/mycroft-timer.mycroftai/settings.json
2021-10-24 17:18:39.545 | INFO     |  5723 | mycroft.skills.skill_loader:_communicate_load_status:344 | Skill mycroft-timer.mycroftai loaded successfully
2021-10-24 17:18:39.547 | INFO     |  5723 | mycroft.skills.skill_loader:load:185 | ATTEMPTING TO LOAD SKILL: homeassistant.mycroftai
2021-10-24 17:18:39.891 | INFO     |  5723 | mycroft.skills.settings:get_local_settings:83 | /opt/mycroft/skills/homeassistant.mycroftai/settings.json
2021-10-24 17:18:39.892 | INFO     |  5723 | mycroft.skills.settings:get_local_settings:83 | /opt/mycroft/skills/homeassistant.mycroftai/settings.json
2021-10-24 17:18:39.969 | INFO     |  5723 | mycroft.skills.skill_loader:_communicate_load_status:344 | Skill homeassistant.mycroftai loaded successfully
2021-10-24 17:18:39.970 | INFO     |  5723 | mycroft.skills.skill_loader:load:185 | ATTEMPTING TO LOAD SKILL: mycroft-alarm.mycroftai
2021-10-24 17:18:39.990 | INFO     |  5723 | mycroft.skills.settings:get_local_settings:83 | /opt/mycroft/skills/mycroft-alarm.mycroftai/settings.json
2021-10-24 17:18:39.990 | ERROR    |  5723 | AlarmSkill | Couldn't allocate mixer, ALSAAudioError('No such file or directory [default]')
2021-10-24 17:18:40.105 | INFO     |  5723 | mycroft.skills.skill_loader:_check_for_first_run:324 | First run of mycroft-alarm.mycroftai
2021-10-24 17:18:40.108 | INFO     |  5723 | mycroft.skills.settings:save_settings:116 | Skill settings successfully saved to /home/runner/.config/mycroft/skills/mycroft-alarm.mycroftai/settings.json
2021-10-24 17:18:40.110 | INFO     |  5723 | mycroft.skills.skill_loader:_communicate_load_status:344 | Skill mycroft-alarm.mycroftai loaded successfully
2021-10-24 17:18:40.112 | INFO     |  5723 | mycroft.skills.skill_loader:load:185 | ATTEMPTING TO LOAD SKILL: mycroft-naptime.mycroftai
2021-10-24 17:18:40.127 | INFO     |  5723 | mycroft.skills.settings:get_local_settings:83 | /opt/mycroft/skills/mycroft-naptime.mycroftai/settings.json
2021-10-24 17:18:40.149 | INFO     |  5723 | mycroft.skills.skill_loader:_check_for_first_run:324 | First run of mycroft-naptime.mycroftai
2021-10-24 17:18:40.153 | INFO     |  5723 | mycroft.skills.settings:save_settings:116 | Skill settings successfully saved to /home/runner/.config/mycroft/skills/mycroft-naptime.mycroftai/settings.json
2021-10-24 17:18:40.155 | INFO     |  5723 | mycroft.skills.skill_loader:_communicate_load_status:344 | Skill mycroft-naptime.mycroftai loaded successfully
2021-10-24 17:18:40.158 | INFO     |  5723 | mycroft.skills.skill_loader:load:185 | ATTEMPTING TO LOAD SKILL: mycroft-spelling.mycroftai
2021-10-24 17:18:40.166 | INFO     |  5723 | mycroft.skills.settings:get_local_settings:83 | /opt/mycroft/skills/mycroft-spelling.mycroftai/settings.json
2021-10-24 17:18:40.202 | INFO     |  5723 | mycroft.skills.skill_loader:_check_for_first_run:324 | First run of mycroft-spelling.mycroftai
2021-10-24 17:18:40.204 | INFO     |  5723 | mycroft.skills.settings:save_settings:116 | Skill settings successfully saved to /home/runner/.config/mycroft/skills/mycroft-spelling.mycroftai/settings.json
2021-10-24 17:18:40.207 | INFO     |  5723 | mycroft.skills.skill_loader:_communicate_load_status:344 | Skill mycroft-spelling.mycroftai loaded successfully
2021-10-24 17:18:40.208 | INFO     |  5723 | mycroft.skills.skill_loader:load:185 | ATTEMPTING TO LOAD SKILL: mycroft-fallback-duck-duck-go.mycroftai
2021-10-24 17:18:40.226 | INFO     |  5723 | mycroft.skills.settings:get_local_settings:83 | /opt/mycroft/skills/mycroft-fallback-duck-duck-go.mycroftai/settings.json
2021-10-24 17:18:40.264 | INFO     |  5723 | mycroft.skills.skill_loader:_check_for_first_run:324 | First run of mycroft-fallback-duck-duck-go.mycroftai
2021-10-24 17:18:40.265 | INFO     |  5723 | mycroft.skills.settings:save_settings:116 | Skill settings successfully saved to /home/runner/.config/mycroft/skills/mycroft-fallback-duck-duck-go.mycroftai/settings.json
2021-10-24 17:18:40.270 | INFO     |  5723 | mycroft.skills.skill_loader:_communicate_load_status:344 | Skill mycroft-fallback-duck-duck-go.mycroftai loaded successfully
2021-10-24 17:18:40.271 | INFO     |  5723 | mycroft.skills.skill_loader:load:185 | ATTEMPTING TO LOAD SKILL: mycroft-npr-news.mycroftai
2021-10-24 17:18:40.368 | INFO     |  5723 | mycroft.skills.settings:get_local_settings:83 | /opt/mycroft/skills/mycroft-npr-news.mycroftai/settings.json
2021-10-24 17:18:41.395 | INFO     |  5723 | mycroft.skills.skill_loader:_check_for_first_run:324 | First run of mycroft-npr-news.mycroftai
2021-10-24 17:18:41.398 | INFO     |  5723 | mycroft.skills.settings:save_settings:116 | Skill settings successfully saved to /home/runner/.config/mycroft/skills/mycroft-npr-news.mycroftai/settings.json
2021-10-24 17:18:41.398 | INFO     |  5723 | mycroft.skills.skill_loader:_communicate_load_status:344 | Skill mycroft-npr-news.mycroftai loaded successfully
2021-10-24 17:18:41.399 | INFO     |  5723 | mycroft.skills.skill_loader:load:185 | ATTEMPTING TO LOAD SKILL: mycroft-support-helper.mycroftai
2021-10-24 17:18:41.407 | INFO     |  5723 | mycroft.skills.settings:get_local_settings:83 | /opt/mycroft/skills/mycroft-support-helper.mycroftai/settings.json
2021-10-24 17:18:41.413 | INFO     |  5723 | mycroft.skills.skill_loader:_check_for_first_run:324 | First run of mycroft-support-helper.mycroftai
2021-10-24 17:18:41.415 | INFO     |  5723 | mycroft.skills.settings:save_settings:116 | Skill settings successfully saved to /home/runner/.config/mycroft/skills/mycroft-support-helper.mycroftai/settings.json
2021-10-24 17:18:41.416 | INFO     |  5723 | mycroft.skills.skill_loader:_communicate_load_status:344 | Skill mycroft-support-helper.mycroftai loaded successfully
2021-10-24 17:18:41.416 | INFO     |  5723 | mycroft.skills.skill_loader:load:185 | ATTEMPTING TO LOAD SKILL: mycroft-weather.mycroftai
2021-10-24 17:18:41.443 | INFO     |  5723 | mycroft.skills.settings:get_local_settings:83 | /opt/mycroft/skills/mycroft-weather.mycroftai/settings.json
2021-10-24 17:18:41.509 | INFO     |  5723 | mycroft.skills.skill_loader:_check_for_first_run:324 | First run of mycroft-weather.mycroftai
2021-10-24 17:18:41.510 | INFO     |  5723 | mycroft.skills.settings:save_settings:116 | Skill settings successfully saved to /home/runner/.config/mycroft/skills/mycroft-weather.mycroftai/settings.json
2021-10-24 17:18:41.512 | INFO     |  5723 | mycroft.skills.skill_loader:_communicate_load_status:344 | Skill mycroft-weather.mycroftai loaded successfully
2021-10-24 17:18:41.513 | INFO     |  5723 | mycroft.skills.skill_loader:load:185 | ATTEMPTING TO LOAD SKILL: mycroft-speak.mycroftai
2021-10-24 17:18:41.517 | INFO     |  5723 | mycroft.skills.settings:get_local_settings:83 | /opt/mycroft/skills/mycroft-speak.mycroftai/settings.json
2021-10-24 17:18:41.531 | INFO     |  5723 | mycroft.skills.skill_loader:_check_for_first_run:324 | First run of mycroft-speak.mycroftai
2021-10-24 17:18:41.532 | INFO     |  5723 | mycroft.skills.settings:save_settings:116 | Skill settings successfully saved to /home/runner/.config/mycroft/skills/mycroft-speak.mycroftai/settings.json
2021-10-24 17:18:41.532 | INFO     |  5723 | mycroft.skills.skill_loader:_communicate_load_status:344 | Skill mycroft-speak.mycroftai loaded successfully
2021-10-24 17:18:41.534 | INFO     |  5723 | mycroft.skills.skill_loader:load:185 | ATTEMPTING TO LOAD SKILL: mycroft-audio-record.mycroftai
2021-10-24 17:18:41.542 | INFO     |  5723 | mycroft.skills.settings:get_local_settings:83 | /opt/mycroft/skills/mycroft-audio-record.mycroftai/settings.json
2021-10-24 17:18:41.554 | INFO     |  5723 | mycroft.skills.skill_loader:_check_for_first_run:324 | First run of mycroft-audio-record.mycroftai
2021-10-24 17:18:41.555 | INFO     |  5723 | mycroft.skills.settings:save_settings:116 | Skill settings successfully saved to /home/runner/.config/mycroft/skills/mycroft-audio-record.mycroftai/settings.json
2021-10-24 17:18:41.555 | INFO     |  5723 | mycroft.skills.skill_loader:_communicate_load_status:344 | Skill mycroft-audio-record.mycroftai loaded successfully
2021-10-24 17:18:41.557 | INFO     |  5723 | mycroft.skills.skill_loader:load:185 | ATTEMPTING TO LOAD SKILL: mycroft-stop.mycroftai
2021-10-24 17:18:41.561 | INFO     |  5723 | mycroft.skills.settings:get_local_settings:83 | /opt/mycroft/skills/mycroft-stop.mycroftai/settings.json
2021-10-24 17:18:41.574 | INFO     |  5723 | mycroft.skills.skill_loader:_check_for_first_run:324 | First run of mycroft-stop.mycroftai
2021-10-24 17:18:41.575 | INFO     |  5723 | mycroft.skills.settings:save_settings:116 | Skill settings successfully saved to /home/runner/.config/mycroft/skills/mycroft-stop.mycroftai/settings.json
2021-10-24 17:18:41.576 | INFO     |  5723 | mycroft.skills.skill_loader:_communicate_load_status:344 | Skill mycroft-stop.mycroftai loaded successfully
2021-10-24 17:18:41.577 | INFO     |  5723 | mycroft.skills.skill_loader:load:185 | ATTEMPTING TO LOAD SKILL: mycroft-hello-world.mycroftai
2021-10-24 17:18:41.582 | INFO     |  5723 | mycroft.skills.settings:get_local_settings:83 | /opt/mycroft/skills/mycroft-hello-world.mycroftai/settings.json
2021-10-24 17:18:41.593 | INFO     |  5723 | mycroft.skills.skill_loader:_check_for_first_run:324 | First run of mycroft-hello-world.mycroftai
2021-10-24 17:18:41.594 | INFO     |  5723 | mycroft.skills.settings:save_settings:116 | Skill settings successfully saved to /home/runner/.config/mycroft/skills/mycroft-hello-world.mycroftai/settings.json
2021-10-24 17:18:41.595 | INFO     |  5723 | mycroft.skills.skill_loader:_communicate_load_status:344 | Skill mycroft-hello-world.mycroftai loaded successfully
2021-10-24 17:18:41.596 | INFO     |  5723 | mycroft.skills.skill_loader:load:185 | ATTEMPTING TO LOAD SKILL: mycroft-date-time.mycroftai
2021-10-24 17:18:42.303 | INFO     |  5723 | mycroft.skills.settings:get_local_settings:83 | /opt/mycroft/skills/mycroft-date-time.mycroftai/settings.json
2021-10-24 17:18:42.377 | INFO     |  5723 | TimeSkill | Registering resting screen <bound method TimeSkill.handle_idle of <mycroft-date-time_mycroftai.TimeSkill object at 0x7fbb20a62d10>> for Time and Date.
2021-10-24 17:18:42.378 | INFO     |  5723 | TimeSkill | Registering resting screen
2021-10-24 17:18:42.384 | INFO     |  5723 | mycroft.skills.skill_loader:_check_for_first_run:324 | First run of mycroft-date-time.mycroftai
2021-10-24 17:18:42.385 | INFO     |  5723 | mycroft.skills.settings:save_settings:116 | Skill settings successfully saved to /home/runner/.config/mycroft/skills/mycroft-date-time.mycroftai/settings.json
2021-10-24 17:18:42.386 | INFO     |  5723 | mycroft.skills.skill_loader:_communicate_load_status:344 | Skill mycroft-date-time.mycroftai loaded successfully
2021-10-24 17:18:42.386 | INFO     |  5723 | mycroft.skills.skill_loader:load:185 | ATTEMPTING TO LOAD SKILL: mycroft-configuration.mycroftai
2021-10-24 17:18:42.393 | INFO     |  5723 | mycroft.skills.settings:get_local_settings:83 | /opt/mycroft/skills/mycroft-configuration.mycroftai/settings.json
2021-10-24 17:18:42.430 | INFO     |  5723 | mycroft.skills.skill_loader:_check_for_first_run:324 | First run of mycroft-configuration.mycroftai
2021-10-24 17:18:42.436 | INFO     |  5723 | mycroft.skills.settings:save_settings:116 | Skill settings successfully saved to /home/runner/.config/mycroft/skills/mycroft-configuration.mycroftai/settings.json
2021-10-24 17:18:42.437 | INFO     |  5723 | mycroft.skills.skill_loader:_communicate_load_status:344 | Skill mycroft-configuration.mycroftai loaded successfully
2021-10-24 17:18:42.438 | INFO     |  5723 | mycroft.skills.skill_loader:load:185 | ATTEMPTING TO LOAD SKILL: fallback-query.mycroftai
2021-10-24 17:18:42.448 | INFO     |  5723 | mycroft.skills.settings:get_local_settings:83 | /opt/mycroft/skills/fallback-query.mycroftai/settings.json
2021-10-24 17:18:42.459 | INFO     |  5723 | mycroft.skills.skill_loader:_check_for_first_run:324 | First run of fallback-query.mycroftai
2021-10-24 17:18:42.463 | INFO     |  5723 | mycroft.skills.settings:save_settings:116 | Skill settings successfully saved to /home/runner/.config/mycroft/skills/fallback-query.mycroftai/settings.json
2021-10-24 17:18:42.465 | INFO     |  5723 | mycroft.skills.skill_loader:_communicate_load_status:344 | Skill fallback-query.mycroftai loaded successfully
2021-10-24 17:18:42.465 | INFO     |  5723 | mycroft.skills.skill_loader:load:185 | ATTEMPTING TO LOAD SKILL: mycroft-personal.mycroftai
2021-10-24 17:18:42.474 | INFO     |  5723 | mycroft.skills.settings:get_local_settings:83 | /opt/mycroft/skills/mycroft-personal.mycroftai/settings.json
2021-10-24 17:18:42.498 | INFO     |  5723 | mycroft.skills.skill_loader:_check_for_first_run:324 | First run of mycroft-personal.mycroftai
2021-10-24 17:18:42.499 | INFO     |  5723 | mycroft.skills.settings:save_settings:116 | Skill settings successfully saved to /home/runner/.config/mycroft/skills/mycroft-personal.mycroftai/settings.json
2021-10-24 17:18:42.500 | INFO     |  5723 | mycroft.skills.skill_loader:_communicate_load_status:344 | Skill mycroft-personal.mycroftai loaded successfully
2021-10-24 17:18:42.503 | INFO     |  5723 | mycroft.skills.skill_loader:load:185 | ATTEMPTING TO LOAD SKILL: fallback-wolfram-alpha.mycroftai
2021-10-24 17:18:42.591 | INFO     |  5723 | mycroft.skills.settings:get_local_settings:83 | /opt/mycroft/skills/fallback-wolfram-alpha.mycroftai/settings.json
2021-10-24 17:18:42.649 | INFO     |  5723 | mycroft.skills.skill_loader:_check_for_first_run:324 | First run of fallback-wolfram-alpha.mycroftai
2021-10-24 17:18:42.650 | INFO     |  5723 | mycroft.skills.settings:save_settings:116 | Skill settings successfully saved to /home/runner/.config/mycroft/skills/fallback-wolfram-alpha.mycroftai/settings.json
2021-10-24 17:18:42.651 | INFO     |  5723 | mycroft.skills.skill_loader:_communicate_load_status:344 | Skill fallback-wolfram-alpha.mycroftai loaded successfully
2021-10-24 17:18:42.660 | INFO     |  5723 | mycroft.skills.skill_loader:load:185 | ATTEMPTING TO LOAD SKILL: mycroft-wiki.mycroftai
2021-10-24 17:18:42.666 | INFO     |  5723 | mycroft.skills.settings:get_local_settings:83 | /opt/mycroft/skills/mycroft-wiki.mycroftai/settings.json
2021-10-24 17:18:42.693 | INFO     |  5723 | mycroft.skills.skill_loader:_check_for_first_run:324 | First run of mycroft-wiki.mycroftai
2021-10-24 17:18:42.694 | INFO     |  5723 | mycroft.skills.settings:save_settings:116 | Skill settings successfully saved to /home/runner/.config/mycroft/skills/mycroft-wiki.mycroftai/settings.json
2021-10-24 17:18:42.695 | INFO     |  5723 | mycroft.skills.skill_loader:_communicate_load_status:344 | Skill mycroft-wiki.mycroftai loaded successfully
2021-10-24 17:18:42.695 | INFO     |  5723 | mycroft.skills.skill_loader:load:185 | ATTEMPTING TO LOAD SKILL: fallback-unknown.mycroftai
2021-10-24 17:18:42.711 | INFO     |  5723 | mycroft.skills.settings:get_local_settings:83 | /opt/mycroft/skills/fallback-unknown.mycroftai/settings.json
2021-10-24 17:18:42.743 | INFO     |  5723 | mycroft.skills.skill_loader:_check_for_first_run:324 | First run of fallback-unknown.mycroftai
2021-10-24 17:18:42.744 | INFO     |  5723 | mycroft.skills.settings:save_settings:116 | Skill settings successfully saved to /home/runner/.config/mycroft/skills/fallback-unknown.mycroftai/settings.json
2021-10-24 17:18:42.747 | INFO     |  5723 | mycroft.skills.skill_loader:_communicate_load_status:344 | Skill fallback-unknown.mycroftai loaded successfully
2021-10-24 17:18:42.748 | INFO     |  5723 | mycroft.skills.skill_loader:load:185 | ATTEMPTING TO LOAD SKILL: mycroft-playback-control.mycroftai
2021-10-24 17:18:42.762 | INFO     |  5723 | mycroft.skills.settings:get_local_settings:83 | /opt/mycroft/skills/mycroft-playback-control.mycroftai/settings.json
2021-10-24 17:18:42.820 | INFO     |  5723 | mycroft.skills.skill_loader:_check_for_first_run:324 | First run of mycroft-playback-control.mycroftai
2021-10-24 17:18:42.864 | INFO     |  5723 | mycroft.skills.settings:save_settings:116 | Skill settings successfully saved to /home/runner/.config/mycroft/skills/mycroft-playback-control.mycroftai/settings.json
2021-10-24 17:18:42.899 | INFO     |  5723 | mycroft.skills.skill_loader:_communicate_load_status:344 | Skill mycroft-playback-control.mycroftai loaded successfully
2021-10-24 17:18:42.899 | INFO     |  5723 | mycroft.skills.skill_manager:_load_on_startup:275 | Skills all loaded!
2021-10-24 17:18:42.911 | INFO     |  5723 | __main__:on_ready:185 | Skills service is ready.
2021-10-24 17:18:42.988 | INFO     |  5723 | mycroft.skills.intent_services.padatious_service:train:151 | Training... (single_thread=False)
Regenerated mycroft-alarm.mycroftai:{daytype}.
Regenerated mycroft-reminder.mycroftai:UnspecifiedReminderAt.intent.
Regenerated mycroft-reminder.mycroftai:GetRemindersForDay.intent.
Regenerated mycroft-reminder.mycroftai:Reminder.intent.
Regenerated mycroft-reminder.mycroftai:ClearReminders.intent.
Regenerated mycroft-reminder.mycroftai:DeleteReminderForDay.intent.
Regenerated mycroft-reminder.mycroftai:SnoozeReminder.intent.
Regenerated mycroft-reminder.mycroftai:ReminderAt.intent.
Regenerated homeassistant.mycroftai:set.climate.intent.
Regenerated homeassistant.mycroftai:automation.intent.
Regenerated homeassistant.mycroftai:decrease.light.brightness.intent.
Regenerated homeassistant.mycroftai:increase.light.brightness.intent.
Regenerated homeassistant.mycroftai:turn.off.intent.
Regenerated homeassistant.mycroftai:toggle.intent.
Regenerated homeassistant.mycroftai:sensor.intent.
Regenerated mycroft-personal.mycroftai:WhenWereYouBorn.intent.
Regenerated mycroft-personal.mycroftai:WhereWereYouBorn.intent.
Regenerated mycroft-personal.mycroftai:WhatAreYou.intent.
Regenerated mycroft-personal.mycroftai:WhoMadeYou.intent.
Regenerated mycroft-personal.mycroftai:WhoAreYou.intent.
Regenerated mycroft-personal.mycroftai:DoYouRhyme.intent.
Regenerated mycroft-wiki.mycroftai:Random.intent.
Regenerated mycroft-reminder.mycroftai:CancelActiveReminder.intent.
Regenerated mycroft-reminder.mycroftai:GetNextReminders.intent.
Regenerated mycroft-installer.mycroftai:is.installed.intent.
Regenerated mycroft-installer.mycroftai:list.skills.intent.
Regenerated mycroft-installer.mycroftai:remove.intent.
Regenerated mycroft-installer.mycroftai:install.custom.intent.
Regenerated mycroft-installer.mycroftai:install.intent.
Regenerated mycroft-installer.mycroftai:install.beta.intent.
Regenerated mycroft-timer.mycroftai:start.timer.intent.
Regenerated mycroft-timer.mycroftai:timer.status.intent.
Regenerated homeassistant.mycroftai:tracker.intent.
Regenerated homeassistant.mycroftai:add.item.shopping.list.intent.
Regenerated homeassistant.mycroftai:turn.on.intent.
Regenerated homeassistant.mycroftai:set.light.brightness.intent.
Regenerated mycroft-alarm.mycroftai:snooze.intent.
Regenerated mycroft-alarm.mycroftai:change.alarm.sound.intent.
Regenerated mycroft-npr-news.mycroftai:PlayTheNews.intent.
Regenerated mycroft-support-helper.mycroftai:contact.support.intent.
Regenerated mycroft-weather.mycroftai:do-i-need-an-umbrella.intent.
Regenerated mycroft-audio-record.mycroftai:StartRecording.intent.
Regenerated mycroft-audio-record.mycroftai:PlayRecording.intent.
Regenerated mycroft-stop.mycroftai:ssh.enable.intent.
Regenerated mycroft-stop.mycroftai:reboot.intent.
Regenerated mycroft-stop.mycroftai:wifi.setup.intent.
Regenerated mycroft-stop.mycroftai:shutdown.intent.
Regenerated mycroft-stop.mycroftai:ssh.disable.intent.
Regenerated mycroft-hello-world.mycroftai:HowAreYou.intent.
Regenerated mycroft-date-time.mycroftai:what.time.will.it.be.intent.
Regenerated mycroft-date-time.mycroftai:what.time.is.it.intent.
Regenerated mycroft-date-time.mycroftai:date.last.weekend.intent.
Regenerated mycroft-date-time.mycroftai:date.future.weekend.intent.
Regenerated mycroft-configuration.mycroftai:WhereAreYou.intent.
Regenerated mycroft-configuration.mycroftai:DisablePreciseDev.intent.
Regenerated mycroft-configuration.mycroftai:EnablePreciseDev.intent.
Regenerated mycroft-personal.mycroftai:DoYouDream.intent.
2021-10-24 17:18:46.432 | INFO     |  5723 | mycroft.skills.intent_services.padatious_service:train:153 | Training complete.
2021-10-24 17:18:54.253 | INFO     |  5723 | mycroft.skills.settings:save_settings:116 | Skill settings successfully saved to /home/runner/.config/mycroft/skills/mycroft-pairing.mycroftai/settings.json
2021-10-24 17:18:54.548 | INFO     |  5723 | mycroft.skills.settings:save_settings:116 | Skill settings successfully saved to /home/runner/.config/mycroft/skills/mycroft-timer.mycroftai/settings.json
2021-10-24 17:19:25.323 | INFO     |  5723 | __main__:on_stopping:193 | Skills service is shutting down...
2021-10-24 17:19:25.324 | INFO     |  5723 | __main__:shutdown:284 | Shutting down Skills service
2021-10-24 17:19:25.645 | ERROR    |  5723 | VolumeSkill | Couldn't allocate mixer, ALSAAudioError('No such file or directory [default]')
2021-10-24 17:19:25.646 | INFO     |  5723 | mycroft.skills.settings:save_settings:116 | Skill settings successfully saved to /home/runner/.config/mycroft/skills/mycroft-volume.mycroftai/settings.json
2021-10-24 17:19:25.647 | INFO     |  5723 | mycroft.skills.settings:save_settings:116 | Skill settings successfully saved to /home/runner/.config/mycroft/skills/mycroft-ip.mycroftai/settings.json
2021-10-24 17:19:25.649 | INFO     |  5723 | mycroft.skills.settings:save_settings:116 | Skill settings successfully saved to /home/runner/.config/mycroft/skills/mycroft-reminder.mycroftai/settings.json
2021-10-24 17:19:25.700 | INFO     |  5723 | mycroft.skills.settings:save_settings:116 | Skill settings successfully saved to /home/runner/.config/mycroft/skills/mycroft-installer.mycroftai/settings.json
2021-10-24 17:19:25.702 | INFO     |  5723 | mycroft.skills.settings:save_settings:116 | Skill settings successfully saved to /home/runner/.config/mycroft/skills/mycroft-version-checker.mycroftai/settings.json
2021-10-24 17:19:25.705 | INFO     |  5723 | mycroft.skills.settings:save_settings:116 | Skill settings successfully saved to /home/runner/.config/mycroft/skills/mycroft-singing.mycroftai/settings.json
2021-10-24 17:19:25.706 | INFO     |  5723 | mycroft.skills.settings:save_settings:116 | Skill settings successfully saved to /home/runner/.config/mycroft/skills/mycroft-joke.mycroftai/settings.json
2021-10-24 17:19:25.740 | INFO     |  5723 | HomeAssistantSkill | Removing all handlers...
2021-10-24 17:19:25.740 | WARNING  |  5723 | mycroft.skills.fallback_skill:remove_fallback:185 | Could not find matching fallback handler
2021-10-24 17:19:25.743 | INFO     |  5723 | mycroft.skills.settings:save_settings:116 | Skill settings successfully saved to /home/runner/.config/mycroft/skills/mycroft-alarm.mycroftai/settings.json
2021-10-24 17:19:25.756 | INFO     |  5723 | mycroft.skills.settings:save_settings:116 | Skill settings successfully saved to /home/runner/.config/mycroft/skills/mycroft-naptime.mycroftai/settings.json
2021-10-24 17:19:25.758 | INFO     |  5723 | mycroft.skills.settings:save_settings:116 | Skill settings successfully saved to /home/runner/.config/mycroft/skills/mycroft-spelling.mycroftai/settings.json
2021-10-24 17:19:25.759 | INFO     |  5723 | mycroft.skills.settings:save_settings:116 | Skill settings successfully saved to /home/runner/.config/mycroft/skills/mycroft-fallback-duck-duck-go.mycroftai/settings.json
2021-10-24 17:19:25.770 | INFO     |  5723 | mycroft.skills.settings:save_settings:116 | Skill settings successfully saved to /home/runner/.config/mycroft/skills/mycroft-npr-news.mycroftai/settings.json
2021-10-24 17:19:25.772 | INFO     |  5723 | mycroft.skills.settings:save_settings:116 | Skill settings successfully saved to /home/runner/.config/mycroft/skills/mycroft-support-helper.mycroftai/settings.json
2021-10-24 17:19:25.773 | INFO     |  5723 | mycroft.skills.settings:save_settings:116 | Skill settings successfully saved to /home/runner/.config/mycroft/skills/mycroft-weather.mycroftai/settings.json
2021-10-24 17:19:25.780 | INFO     |  5723 | mycroft.skills.settings:save_settings:116 | Skill settings successfully saved to /home/runner/.config/mycroft/skills/mycroft-speak.mycroftai/settings.json
2021-10-24 17:19:25.781 | INFO     |  5723 | mycroft.skills.settings:save_settings:116 | Skill settings successfully saved to /home/runner/.config/mycroft/skills/mycroft-audio-record.mycroftai/settings.json
2021-10-24 17:19:25.782 | INFO     |  5723 | mycroft.skills.settings:save_settings:116 | Skill settings successfully saved to /home/runner/.config/mycroft/skills/mycroft-stop.mycroftai/settings.json
2021-10-24 17:19:25.783 | INFO     |  5723 | mycroft.skills.settings:save_settings:116 | Skill settings successfully saved to /home/runner/.config/mycroft/skills/mycroft-hello-world.mycroftai/settings.json
2021-10-24 17:19:25.784 | INFO     |  5723 | mycroft.skills.settings:save_settings:116 | Skill settings successfully saved to /home/runner/.config/mycroft/skills/mycroft-date-time.mycroftai/settings.json
2021-10-24 17:19:25.804 | INFO     |  5723 | mycroft.skills.settings:save_settings:116 | Skill settings successfully saved to /home/runner/.config/mycroft/skills/mycroft-configuration.mycroftai/settings.json
2021-10-24 17:19:25.805 | INFO     |  5723 | QuestionsAnswersSkill | Removing all handlers...
2021-10-24 17:19:25.815 | INFO     |  5723 | mycroft.skills.settings:save_settings:116 | Skill settings successfully saved to /home/runner/.config/mycroft/skills/fallback-query.mycroftai/settings.json
2021-10-24 17:19:25.817 | INFO     |  5723 | mycroft.skills.settings:save_settings:116 | Skill settings successfully saved to /home/runner/.config/mycroft/skills/mycroft-personal.mycroftai/settings.json
2021-10-24 17:19:25.819 | INFO     |  5723 | mycroft.skills.settings:save_settings:116 | Skill settings successfully saved to /home/runner/.config/mycroft/skills/fallback-wolfram-alpha.mycroftai/settings.json
2021-10-24 17:19:25.834 | INFO     |  5723 | mycroft.skills.settings:save_settings:116 | Skill settings successfully saved to /home/runner/.config/mycroft/skills/mycroft-wiki.mycroftai/settings.json
2021-10-24 17:19:25.845 | INFO     |  5723 | UnknownSkill | Removing all handlers...
2021-10-24 17:19:25.846 | INFO     |  5723 | mycroft.skills.settings:save_settings:116 | Skill settings successfully saved to /home/runner/.config/mycroft/skills/fallback-unknown.mycroftai/settings.json
2021-10-24 17:19:25.847 | INFO     |  5723 | mycroft.skills.settings:save_settings:116 | Skill settings successfully saved to /home/runner/.config/mycroft/skills/mycroft-playback-control.mycroftai/settings.json
2021-10-24 17:19:26.848 | INFO     |  5723 | Playback Control Skill | Audio service status: {}
2021-10-24 17:19:27.849 | WARNING  |  5723 | mycroft.skills.skill_manager:_shutdown_skill:106 | mycroft-playback-control.mycroftai shutdown took 2.002132426000003 seconds
2021-10-24 17:19:27.850 | INFO     |  5723 | __main__:shutdown:291 | Skills service shutdown complete!
2021-10-24 17:19:28.523 | ERROR    |  5723 | websocket | error from callback <bound method MessageBusClient.on_message of <mycroft.messagebus.client.client.MessageBusClient object at 0x7fbb2a6688d0>>: cannot schedule new futures after shutdown
2021-10-24 17:19:28.524 | ERROR    |  5723 | websocket | error from callback <bound method MessageBusClient.on_message of <mycroft.messagebus.client.client.MessageBusClient object at 0x7fbb2a6688d0>>: cannot schedule new futures after shutdown
2021-10-24 17:19:28.526 | ERROR    |  5723 | websocket | error from callback <bound method MessageBusClient.on_message of <mycroft.messagebus.client.client.MessageBusClient object at 0x7fbb2a6688d0>>: cannot schedule new futures after shutdown
