2022-03-16 07:37:19.666 | INFO     |  4771 | __main__:create_enclosure:55 | Creating generic enclosure, platform='None'
2022-03-16 07:37:19.682 | INFO     |  4771 | mycroft.messagebus.load_config:load_message_bus_config:33 | Loading message bus configs
2022-03-16 07:37:19.684 | INFO     |  4771 | mycroft.client.enclosure.base:create_gui_service:473 | Starting message bus for GUI...
2022-03-16 07:37:19.696 | INFO     |  4771 | mycroft.client.enclosure.base:create_gui_service:483 | GUI Message bus started!
2022-03-16 07:37:19.697 | INFO     |  4771 | mycroft.enclosure.display_manager:init_display_manager_bus_connection:152 | Connecting display manager to messagebus
2022-03-16 07:37:19.697 | INFO     |  4771 | mycroft.messagebus.load_config:load_message_bus_config:33 | Loading message bus configs
2022-03-16 07:37:19.702 | INFO     |  4771 | mycroft_bus_client.client.client | Connected
2022-03-16 07:37:19.798 | INFO     |  4771 | mycroft_bus_client.client.client | Connected
2022-03-16 07:37:19.804 | INFO     |  4771 | mycroft.util.process_utils:start_message_bus_client:155 | Connected to messagebus
2022-03-16 07:37:19.805 | INFO     |  4771 | __main__:on_ready:26 | Enclosure started!
2022-03-16 07:39:32.531 | ERROR    |  4771 | concurrent.futures | exception calling callback for <Future at 0x7f6cc2b69bd0 state=finished raised Exception>
Traceback (most recent call last):
  File "/opt/hostedtoolcache/Python/3.7.12/x64/lib/python3.7/concurrent/futures/_base.py", line 324, in _invoke_callbacks
    callback(self)
  File "/opt/mycroft-core/.venv/lib/python3.7/site-packages/pyee/_executor.py", line 56, in _callback
    self.emit('error', exc)
  File "/opt/mycroft-core/.venv/lib/python3.7/site-packages/pyee/_base.py", line 116, in emit
    self._emit_handle_potential_error(event, args[0] if args else None)
  File "/opt/mycroft-core/.venv/lib/python3.7/site-packages/pyee/_base.py", line 86, in _emit_handle_potential_error
    raise error
  File "/opt/hostedtoolcache/Python/3.7.12/x64/lib/python3.7/concurrent/futures/thread.py", line 57, in run
    result = self.fn(*self.args, **self.kwargs)
  File "/opt/mycroft-core/mycroft/client/enclosure/generic/__init__.py", line 72, in is_device_ready
    raise Exception('Timeout waiting for services start.')
Exception: Timeout waiting for services start.
2022-03-16 07:39:44.081 | INFO     |  4771 | __main__:on_stopping:30 | Enclosure is shutting down...
