2022-03-16 07:37:19.698 | INFO     |  4762 | mycroft.messagebus.load_config:load_message_bus_config:33 | Loading message bus configs
2022-03-16 07:37:19.703 | INFO     |  4762 | mycroft_bus_client.client.client | Connected
2022-03-16 07:37:19.704 | INFO     |  4762 | mycroft.util.process_utils:start_message_bus_client:155 | Connected to messagebus
2022-03-16 07:37:19.710 | INFO     |  4762 | mycroft.skills.msm_wrapper:create_msm:96 | Acquiring lock to instantiate MSM
2022-03-16 07:37:21.570 | INFO     |  4762 | msm.mycroft_skills_manager | building SkillEntry objects for all skills
2022-03-16 07:37:22.173 | INFO     |  4762 | mycroft.skills.msm_wrapper:create_msm:112 | Releasing MSM instantiation lock.
2022-03-16 07:37:22.173 | INFO     |  4762 | mycroft.skills.skill_updater:_log_next_download_time:267 | Next scheduled skill update: 2022-03-16 07:37:21.173369
2022-03-16 07:37:22.174 | INFO     |  4762 | msm.skill_entry | Downloading skill: https://github.com/mycroftai/skill-pairing
2022-03-16 07:37:22.922 | INFO     |  4762 | msm.skill_entry | Installing system requirements...
2022-03-16 07:37:22.932 | INFO     |  4762 | msm.skill_entry | Successfully installed mycroft-pairing
2022-03-16 07:37:22.932 | INFO     |  4762 | msm.mycroft_skills_manager | invalidating skills cache
2022-03-16 07:37:22.934 | INFO     |  4762 | mycroft.skills.skill_loader:load:185 | ATTEMPTING TO LOAD SKILL: mycroft-pairing.mycroftai
2022-03-16 07:37:22.941 | INFO     |  4762 | mycroft.skills.settings:get_local_settings:83 | /opt/mycroft/skills/mycroft-pairing.mycroftai/settings.json
2022-03-16 07:37:22.949 | INFO     |  4762 | mycroft.skills.skill_loader:_check_for_first_run:324 | First run of mycroft-pairing.mycroftai
2022-03-16 07:37:22.950 | INFO     |  4762 | mycroft.skills.settings:save_settings:116 | Skill settings successfully saved to /home/runner/.config/mycroft/skills/mycroft-pairing.mycroftai/settings.json
2022-03-16 07:37:22.951 | INFO     |  4762 | mycroft.skills.skill_loader:_communicate_load_status:344 | Skill mycroft-pairing.mycroftai loaded successfully
2022-03-16 07:37:22.951 | INFO     |  4762 | msm.skill_entry | Downloading skill: https://github.com/mycroftai/skill-volume
2022-03-16 07:37:23.784 | INFO     |  4762 | msm.skill_entry | Installing system requirements...
2022-03-16 07:37:23.817 | INFO     |  4762 | msm.skill_entry | Installing requirements.txt for mycroft-volume
2022-03-16 07:37:24.895 | INFO     |  4762 | msm.skill_entry | Successfully installed mycroft-volume
2022-03-16 07:37:24.896 | INFO     |  4762 | msm.mycroft_skills_manager | invalidating skills cache
2022-03-16 07:37:24.897 | INFO     |  4762 | mycroft.skills.skill_loader:load:185 | ATTEMPTING TO LOAD SKILL: mycroft-volume.mycroftai
2022-03-16 07:37:24.905 | INFO     |  4762 | mycroft.skills.settings:get_local_settings:83 | /opt/mycroft/skills/mycroft-volume.mycroftai/settings.json
2022-03-16 07:37:24.986 | ERROR    |  4762 | VolumeSkill | Couldn't allocate mixer, ALSAAudioError('No such file or directory [default]')
2022-03-16 07:37:27.990 | INFO     |  4762 | mycroft.skills.skill_loader:_check_for_first_run:324 | First run of mycroft-volume.mycroftai
2022-03-16 07:37:27.991 | INFO     |  4762 | mycroft.skills.settings:save_settings:116 | Skill settings successfully saved to /home/runner/.config/mycroft/skills/mycroft-volume.mycroftai/settings.json
2022-03-16 07:37:27.994 | INFO     |  4762 | mycroft.skills.skill_loader:_communicate_load_status:344 | Skill mycroft-volume.mycroftai loaded successfully
2022-03-16 07:37:27.998 | INFO     |  4762 | __main__:on_started:177 | Skills service is starting up.
2022-03-16 07:37:28.076 | INFO     |  4762 | __main__:_update_system:154 | Attempting system update...
2022-03-16 07:37:31.079 | INFO     |  4762 | mycroft.enclosure.display_manager:_write_data:70 | Display Manager is creating /tmp/mycroft/ipc/managers/disp_info
2022-03-16 07:37:31.079 | INFO     |  4762 | __main__:_ensure_device_is_paired:133 | Device not paired, invoking the pairing skill
2022-03-16 07:37:31.080 | INFO     |  4762 | __main__:on_alive:181 | Skills service is alive.
2022-03-16 07:37:31.083 | INFO     |  4762 | msm.mycroft_skills_manager | building SkillEntry objects for all skills
2022-03-16 07:37:31.378 | INFO     |  4762 | PairingSkill | Communicating account URL to user
2022-03-16 07:37:31.977 | WARNING  |  4762 | msm.mycroft_skills_manager | No such default skill: mycroft-pandora
2022-03-16 07:37:31.977 | INFO     |  4762 | mycroft.skills.skill_manager:run:234 | Not all default skills are installed, performing skill update...
2022-03-16 07:37:31.978 | INFO     |  4762 | mycroft.skills.skill_updater:update_skills:149 | Beginning skill update...
2022-03-16 07:37:32.061 | INFO     |  4762 | msm.mycroft_skills_manager | building SkillEntry objects for all skills
2022-03-16 07:37:32.543 | INFO     |  4762 | msm.mycroft_skills_manager | invalidating skills cache
2022-03-16 07:37:32.577 | INFO     |  4762 | msm.skill_entry | Downloading skill: https://github.com/mycroftai/skill-configuration
2022-03-16 07:37:32.587 | INFO     |  4762 | msm.skill_entry | Downloading skill: https://github.com/mycroftai/fallback-unknown
2022-03-16 07:37:32.592 | INFO     |  4762 | msm.skill_entry | Downloading skill: https://github.com/mycroftai/skill-audio-record
2022-03-16 07:37:32.593 | INFO     |  4762 | msm.skill_entry | Downloading skill: https://github.com/mycroftai/skill-date-time
2022-03-16 07:37:32.595 | INFO     |  4762 | msm.skill_entry | Downloading skill: https://github.com/mycroftai/skill-ip
2022-03-16 07:37:32.595 | INFO     |  4762 | msm.skill_entry | Downloading skill: https://github.com/mycroftai/skill-joke
2022-03-16 07:37:32.596 | INFO     |  4762 | msm.skill_entry | Downloading skill: https://github.com/mycroftai/skill-naptime
2022-03-16 07:37:32.605 | INFO     |  4762 | msm.skill_entry | Downloading skill: https://github.com/mycroftai/fallback-duckduckgo
2022-03-16 07:37:32.641 | INFO     |  4762 | msm.skill_entry | Downloading skill: https://github.com/mycroftai/skill-installer
2022-03-16 07:37:32.607 | INFO     |  4762 | msm.skill_entry | Downloading skill: https://github.com/mycroftai/skill-npr-news
2022-03-16 07:37:32.608 | INFO     |  4762 | msm.skill_entry | Downloading skill: https://github.com/mycroftai/skill-personal
2022-03-16 07:37:32.617 | INFO     |  4762 | msm.skill_entry | Downloading skill: https://github.com/mycroftai/skill-alarm
2022-03-16 07:37:32.622 | INFO     |  4762 | msm.skill_entry | Downloading skill: https://github.com/mycroftai/skill-playback-control
2022-03-16 07:37:32.623 | INFO     |  4762 | msm.skill_entry | Downloading skill: https://github.com/mycroftai/skill-reminder
2022-03-16 07:37:32.624 | INFO     |  4762 | msm.skill_entry | Downloading skill: https://github.com/mycroftai/skill-singing
2022-03-16 07:37:32.606 | INFO     |  4762 | msm.skill_entry | Downloading skill: https://github.com/mycroftai/fallback-wolfram-alpha
2022-03-16 07:37:32.650 | INFO     |  4762 | msm.skill_entry | Downloading skill: https://github.com/mycroftai/skill-hello-world
2022-03-16 07:37:33.538 | ERROR    |  4762 | msm.mycroft_skills_manager | Error running install_or_update on homeassistant.mycroftai: MergeConflict
2022-03-16 07:37:33.542 | INFO     |  4762 | msm.skill_entry | Downloading skill: https://github.com/mycroftai/skill-speak
2022-03-16 07:37:34.117 | INFO     |  4762 | msm.skill_entry | Installing system requirements...
2022-03-16 07:37:34.138 | INFO     |  4762 | msm.skill_entry | Nothing new for mycroft-pairing
2022-03-16 07:37:34.149 | INFO     |  4762 | msm.skill_entry | Installing requirements.txt for mycroft-fallback-duck-duck-go
2022-03-16 07:37:34.152 | INFO     |  4762 | msm.skill_entry | Installing system requirements...
2022-03-16 07:37:34.256 | INFO     |  4762 | msm.skill_entry | Downloading skill: https://github.com/mycroftai/skill-spelling
2022-03-16 07:37:34.470 | INFO     |  4762 | msm.skill_entry | Installing system requirements...
2022-03-16 07:37:34.478 | INFO     |  4762 | msm.skill_entry | Installing system requirements...
2022-03-16 07:37:34.530 | INFO     |  4762 | msm.skill_entry | Successfully installed mycroft-hello-world
2022-03-16 07:37:34.538 | INFO     |  4762 | msm.mycroft_skills_manager | invalidating skills cache
2022-03-16 07:37:34.536 | INFO     |  4762 | msm.skill_entry | Installing system requirements...
2022-03-16 07:37:34.537 | INFO     |  4762 | msm.skill_entry | Installing system requirements...
2022-03-16 07:37:34.541 | INFO     |  4762 | msm.skill_entry | Downloading skill: https://github.com/mycroftai/skill-stop
2022-03-16 07:37:34.611 | INFO     |  4762 | msm.skill_entry | Installing system requirements...
2022-03-16 07:37:34.617 | INFO     |  4762 | msm.skill_entry | Installing system requirements...
2022-03-16 07:37:34.649 | INFO     |  4762 | msm.skill_entry | Installing system requirements...
2022-03-16 07:37:34.652 | INFO     |  4762 | msm.skill_entry | Installing system requirements...
2022-03-16 07:37:34.761 | INFO     |  4762 | msm.skill_entry | Nothing new for mycroft-volume
2022-03-16 07:37:34.779 | INFO     |  4762 | msm.skill_entry | Installing requirements.txt for mycroft-audio-record
2022-03-16 07:37:34.784 | INFO     |  4762 | msm.skill_entry | Installing requirements.txt for mycroft-joke
2022-03-16 07:37:34.784 | INFO     |  4762 | msm.skill_entry | Installing requirements.txt for mycroft-configuration
2022-03-16 07:37:34.793 | INFO     |  4762 | msm.skill_entry | Installing system requirements...
2022-03-16 07:37:34.886 | INFO     |  4762 | msm.skill_entry | Installing requirements.txt for mycroft-ip
2022-03-16 07:37:34.893 | INFO     |  4762 | msm.skill_entry | Installing system requirements...
2022-03-16 07:37:34.898 | INFO     |  4762 | msm.skill_entry | Successfully installed fallback-unknown
2022-03-16 07:37:34.899 | INFO     |  4762 | msm.mycroft_skills_manager | invalidating skills cache
2022-03-16 07:37:34.900 | INFO     |  4762 | msm.skill_entry | Installing system requirements...
2022-03-16 07:37:34.905 | INFO     |  4762 | msm.skill_entry | Installing system requirements...
2022-03-16 07:37:34.911 | INFO     |  4762 | msm.skill_entry | Successfully installed mycroft-personal
2022-03-16 07:37:34.912 | INFO     |  4762 | msm.mycroft_skills_manager | invalidating skills cache
2022-03-16 07:37:34.913 | INFO     |  4762 | msm.skill_entry | Downloading skill: https://github.com/mycroftai/mycroft-timer
2022-03-16 07:37:34.917 | INFO     |  4762 | msm.skill_entry | Successfully installed mycroft-naptime
2022-03-16 07:37:34.918 | INFO     |  4762 | msm.mycroft_skills_manager | invalidating skills cache
2022-03-16 07:37:34.919 | INFO     |  4762 | msm.skill_entry | Downloading skill: https://github.com/mycroftai/skill-weather
2022-03-16 07:37:34.924 | INFO     |  4762 | msm.skill_entry | Downloading skill: https://github.com/mycroftai/skill-support
2022-03-16 07:37:34.942 | INFO     |  4762 | msm.skill_entry | Installing system requirements...
2022-03-16 07:37:34.978 | INFO     |  4762 | msm.skill_entry | Successfully installed mycroft-reminder
2022-03-16 07:37:34.978 | INFO     |  4762 | msm.mycroft_skills_manager | invalidating skills cache
2022-03-16 07:37:34.996 | INFO     |  4762 | msm.skill_entry | Installing system requirements...
2022-03-16 07:37:35.015 | INFO     |  4762 | msm.skill_entry | Installing requirements.txt for fallback-wolfram-alpha
2022-03-16 07:37:35.021 | INFO     |  4762 | msm.skill_entry | Downloading skill: https://github.com/mycroftai/skill-version-checker
2022-03-16 07:37:35.074 | INFO     |  4762 | msm.skill_entry | Installing requirements.txt for mycroft-installer
2022-03-16 07:37:35.085 | INFO     |  4762 | msm.skill_entry | Installing requirements.txt for mycroft-npr-news
2022-03-16 07:37:35.100 | INFO     |  4762 | msm.skill_entry | Installing system requirements...
2022-03-16 07:37:35.114 | INFO     |  4762 | msm.skill_entry | Installing requirements.txt for mycroft-volume
2022-03-16 07:37:35.165 | INFO     |  4762 | msm.skill_entry | Successfully installed mycroft-playback-control
2022-03-16 07:37:35.166 | INFO     |  4762 | msm.mycroft_skills_manager | invalidating skills cache
2022-03-16 07:37:35.166 | INFO     |  4762 | msm.skill_entry | Downloading skill: https://github.com/mycroftai/skill-wiki
2022-03-16 07:37:35.197 | INFO     |  4762 | msm.skill_entry | Successfully installed mycroft-speak
2022-03-16 07:37:35.197 | INFO     |  4762 | msm.mycroft_skills_manager | invalidating skills cache
2022-03-16 07:37:35.199 | INFO     |  4762 | msm.skill_entry | Downloading skill: https://github.com/MycroftAI/skill-query
2022-03-16 07:37:35.204 | INFO     |  4762 | msm.skill_entry | Installing system requirements...
2022-03-16 07:37:35.323 | INFO     |  4762 | msm.skill_entry | Installing requirements.txt for mycroft-date-time
2022-03-16 07:37:35.488 | INFO     |  4762 | msm.skill_entry | Installing system requirements...
2022-03-16 07:37:35.542 | INFO     |  4762 | msm.skill_entry | Installing requirements.txt for mycroft-alarm
2022-03-16 07:37:35.676 | INFO     |  4762 | msm.skill_entry | Installing system requirements...
2022-03-16 07:37:35.741 | INFO     |  4762 | msm.skill_entry | Successfully installed mycroft-spelling
2022-03-16 07:37:35.742 | INFO     |  4762 | msm.mycroft_skills_manager | invalidating skills cache
2022-03-16 07:37:35.760 | INFO     |  4762 | msm.skill_entry | Installing system requirements...
2022-03-16 07:37:35.806 | INFO     |  4762 | msm.skill_entry | Successfully installed mycroft-stop
2022-03-16 07:37:35.807 | INFO     |  4762 | msm.mycroft_skills_manager | invalidating skills cache
2022-03-16 07:37:35.967 | INFO     |  4762 | msm.skill_entry | Installing system requirements...
2022-03-16 07:37:36.049 | INFO     |  4762 | msm.skill_entry | Installing requirements.txt for mycroft-support-helper
2022-03-16 07:37:36.146 | INFO     |  4762 | msm.skill_entry | Installing system requirements...
2022-03-16 07:37:36.160 | INFO     |  4762 | msm.skill_entry | Installing system requirements...
2022-03-16 07:37:36.260 | INFO     |  4762 | msm.skill_entry | Successfully installed fallback-query
2022-03-16 07:37:36.260 | INFO     |  4762 | msm.mycroft_skills_manager | invalidating skills cache
2022-03-16 07:37:36.263 | INFO     |  4762 | msm.skill_entry | Successfully installed mycroft-version-checker
2022-03-16 07:37:36.263 | INFO     |  4762 | msm.mycroft_skills_manager | invalidating skills cache
2022-03-16 07:37:36.323 | INFO     |  4762 | msm.skill_entry | Installing system requirements...
2022-03-16 07:37:36.400 | INFO     |  4762 | msm.skill_entry | Installing requirements.txt for mycroft-wiki
2022-03-16 07:37:36.463 | ERROR    |  4762 | msm.mycroft_skills_manager | Error running install_or_update on homeassistant: MergeConflict
2022-03-16 07:37:36.677 | INFO     |  4762 | msm.skill_entry | Installing system requirements...
2022-03-16 07:37:36.736 | INFO     |  4762 | msm.skill_entry | Successfully installed mycroft-timer
2022-03-16 07:37:36.736 | INFO     |  4762 | msm.mycroft_skills_manager | invalidating skills cache
2022-03-16 07:37:36.832 | INFO     |  4762 | msm.skill_entry | Installing system requirements...
2022-03-16 07:37:36.877 | INFO     |  4762 | msm.skill_entry | Installing requirements.txt for mycroft-weather
2022-03-16 07:37:37.004 | INFO     |  4762 | msm.skill_entry | Installing system requirements...
2022-03-16 07:37:37.022 | INFO     |  4762 | msm.skill_entry | Successfully installed mycroft-singing
2022-03-16 07:37:37.023 | INFO     |  4762 | msm.mycroft_skills_manager | invalidating skills cache
2022-03-16 07:37:37.726 | INFO     |  4762 | msm.skill_entry | Successfully installed mycroft-fallback-duck-duck-go
2022-03-16 07:37:37.726 | INFO     |  4762 | msm.mycroft_skills_manager | invalidating skills cache
2022-03-16 07:37:38.913 | INFO     |  4762 | msm.skill_entry | Successfully installed mycroft-joke
2022-03-16 07:37:38.914 | INFO     |  4762 | msm.mycroft_skills_manager | invalidating skills cache
2022-03-16 07:37:42.743 | INFO     |  4762 | msm.skill_entry | Successfully installed mycroft-configuration
2022-03-16 07:37:42.745 | INFO     |  4762 | msm.mycroft_skills_manager | invalidating skills cache
2022-03-16 07:37:43.650 | INFO     |  4762 | msm.skill_entry | Successfully installed mycroft-audio-record
2022-03-16 07:37:43.651 | INFO     |  4762 | msm.mycroft_skills_manager | invalidating skills cache
2022-03-16 07:37:44.508 | INFO     |  4762 | msm.skill_entry | Successfully installed mycroft-ip
2022-03-16 07:37:44.509 | INFO     |  4762 | msm.mycroft_skills_manager | invalidating skills cache
2022-03-16 07:37:48.412 | INFO     |  4762 | msm.skill_entry | Successfully installed fallback-wolfram-alpha
2022-03-16 07:37:48.415 | INFO     |  4762 | msm.mycroft_skills_manager | invalidating skills cache
2022-03-16 07:37:49.329 | INFO     |  4762 | msm.skill_entry | Successfully installed mycroft-installer
2022-03-16 07:37:49.330 | INFO     |  4762 | msm.mycroft_skills_manager | invalidating skills cache
2022-03-16 07:37:53.638 | INFO     |  4762 | msm.skill_entry | Successfully installed mycroft-npr-news
2022-03-16 07:37:53.640 | INFO     |  4762 | msm.mycroft_skills_manager | invalidating skills cache
2022-03-16 07:38:01.712 | INFO     |  4762 | PairingSkill | Initiating device pairing sequence...
2022-03-16 07:38:01.712 | INFO     |  4762 | PairingSkill | Retrieving pairing code from device API...
2022-03-16 07:38:02.005 | INFO     |  4762 | PairingSkill | Pairing code obtained: J94WEY
2022-03-16 07:38:02.005 | INFO     |  4762 | PairingSkill | Communicating pairing URL to user
2022-03-16 07:38:14.842 | INFO     |  4762 | msm.skill_entry | Successfully installed mycroft-date-time
2022-03-16 07:38:14.842 | INFO     |  4762 | msm.mycroft_skills_manager | invalidating skills cache
2022-03-16 07:38:15.754 | INFO     |  4762 | msm.skill_entry | Successfully installed mycroft-alarm
2022-03-16 07:38:15.755 | INFO     |  4762 | msm.mycroft_skills_manager | invalidating skills cache
2022-03-16 07:38:18.021 | INFO     |  4762 | msm.skill_entry | Successfully installed mycroft-support-helper
2022-03-16 07:38:18.021 | INFO     |  4762 | msm.mycroft_skills_manager | invalidating skills cache
2022-03-16 07:38:22.988 | INFO     |  4762 | msm.skill_entry | Successfully installed mycroft-wiki
2022-03-16 07:38:22.988 | INFO     |  4762 | msm.mycroft_skills_manager | invalidating skills cache
2022-03-16 07:38:24.043 | INFO     |  4762 | msm.skill_entry | Successfully installed mycroft-weather
2022-03-16 07:38:24.043 | INFO     |  4762 | msm.mycroft_skills_manager | invalidating skills cache
2022-03-16 07:38:24.087 | INFO     |  4762 | mycroft.skills.skill_updater:_log_next_download_time:267 | Next scheduled skill update: 2022-03-16 08:38:24.087449
2022-03-16 07:38:24.088 | INFO     |  4762 | mycroft.skills.skill_updater:update_skills:170 | Skill update complete
2022-03-16 07:38:24.088 | INFO     |  4762 | mycroft.skills.skill_manager:_load_on_startup:273 | Loading installed skills...
2022-03-16 07:38:24.089 | INFO     |  4762 | mycroft.skills.skill_loader:load:185 | ATTEMPTING TO LOAD SKILL: mycroft-joke.mycroftai
2022-03-16 07:38:24.095 | INFO     |  4762 | mycroft.skills.settings:get_local_settings:83 | /opt/mycroft/skills/mycroft-joke.mycroftai/settings.json
2022-03-16 07:38:24.118 | INFO     |  4762 | mycroft.skills.skill_loader:_check_for_first_run:324 | First run of mycroft-joke.mycroftai
2022-03-16 07:38:24.119 | INFO     |  4762 | mycroft.skills.settings:save_settings:116 | Skill settings successfully saved to /home/runner/.config/mycroft/skills/mycroft-joke.mycroftai/settings.json
2022-03-16 07:38:24.126 | INFO     |  4762 | mycroft.skills.skill_loader:_communicate_load_status:344 | Skill mycroft-joke.mycroftai loaded successfully
2022-03-16 07:38:24.127 | INFO     |  4762 | mycroft.skills.skill_loader:load:185 | ATTEMPTING TO LOAD SKILL: mycroft-alarm.mycroftai
2022-03-16 07:38:24.151 | INFO     |  4762 | mycroft.skills.settings:get_local_settings:83 | /opt/mycroft/skills/mycroft-alarm.mycroftai/settings.json
2022-03-16 07:38:24.154 | ERROR    |  4762 | AlarmSkill | Couldn't allocate mixer, ALSAAudioError('No such file or directory [default]')
2022-03-16 07:38:24.215 | INFO     |  4762 | mycroft.skills.skill_loader:_check_for_first_run:324 | First run of mycroft-alarm.mycroftai
2022-03-16 07:38:24.227 | INFO     |  4762 | mycroft.skills.settings:save_settings:116 | Skill settings successfully saved to /home/runner/.config/mycroft/skills/mycroft-alarm.mycroftai/settings.json
2022-03-16 07:38:24.230 | INFO     |  4762 | mycroft.skills.skill_loader:_communicate_load_status:344 | Skill mycroft-alarm.mycroftai loaded successfully
2022-03-16 07:38:24.231 | INFO     |  4762 | mycroft.skills.skill_loader:load:185 | ATTEMPTING TO LOAD SKILL: mycroft-version-checker.mycroftai
2022-03-16 07:38:24.242 | INFO     |  4762 | mycroft.skills.settings:get_local_settings:83 | /opt/mycroft/skills/mycroft-version-checker.mycroftai/settings.json
2022-03-16 07:38:24.270 | INFO     |  4762 | mycroft.skills.skill_loader:_check_for_first_run:324 | First run of mycroft-version-checker.mycroftai
2022-03-16 07:38:24.271 | INFO     |  4762 | mycroft.skills.settings:save_settings:116 | Skill settings successfully saved to /home/runner/.config/mycroft/skills/mycroft-version-checker.mycroftai/settings.json
2022-03-16 07:38:24.273 | INFO     |  4762 | mycroft.skills.skill_loader:_communicate_load_status:344 | Skill mycroft-version-checker.mycroftai loaded successfully
2022-03-16 07:38:24.273 | INFO     |  4762 | mycroft.skills.skill_loader:load:185 | ATTEMPTING TO LOAD SKILL: mycroft-timer.mycroftai
2022-03-16 07:38:24.297 | INFO     |  4762 | mycroft.skills.settings:get_local_settings:83 | /opt/mycroft/skills/mycroft-timer.mycroftai/settings.json
2022-03-16 07:38:24.351 | INFO     |  4762 | mycroft.skills.skill_loader:_check_for_first_run:324 | First run of mycroft-timer.mycroftai
2022-03-16 07:38:24.352 | INFO     |  4762 | mycroft.skills.settings:save_settings:116 | Skill settings successfully saved to /home/runner/.config/mycroft/skills/mycroft-timer.mycroftai/settings.json
2022-03-16 07:38:24.357 | INFO     |  4762 | mycroft.skills.skill_loader:_communicate_load_status:344 | Skill mycroft-timer.mycroftai loaded successfully
2022-03-16 07:38:24.357 | INFO     |  4762 | mycroft.skills.skill_loader:load:185 | ATTEMPTING TO LOAD SKILL: mycroft-playback-control.mycroftai
2022-03-16 07:38:24.364 | INFO     |  4762 | mycroft.skills.settings:get_local_settings:83 | /opt/mycroft/skills/mycroft-playback-control.mycroftai/settings.json
2022-03-16 07:38:24.409 | INFO     |  4762 | mycroft.skills.skill_loader:_check_for_first_run:324 | First run of mycroft-playback-control.mycroftai
2022-03-16 07:38:24.410 | INFO     |  4762 | mycroft.skills.settings:save_settings:116 | Skill settings successfully saved to /home/runner/.config/mycroft/skills/mycroft-playback-control.mycroftai/settings.json
2022-03-16 07:38:24.411 | INFO     |  4762 | mycroft.skills.skill_loader:_communicate_load_status:344 | Skill mycroft-playback-control.mycroftai loaded successfully
2022-03-16 07:38:24.411 | INFO     |  4762 | mycroft.skills.skill_loader:load:185 | ATTEMPTING TO LOAD SKILL: mycroft-hello-world.mycroftai
2022-03-16 07:38:24.423 | INFO     |  4762 | mycroft.skills.settings:get_local_settings:83 | /opt/mycroft/skills/mycroft-hello-world.mycroftai/settings.json
2022-03-16 07:38:24.446 | INFO     |  4762 | mycroft.skills.skill_loader:_check_for_first_run:324 | First run of mycroft-hello-world.mycroftai
2022-03-16 07:38:24.447 | INFO     |  4762 | mycroft.skills.settings:save_settings:116 | Skill settings successfully saved to /home/runner/.config/mycroft/skills/mycroft-hello-world.mycroftai/settings.json
2022-03-16 07:38:24.448 | INFO     |  4762 | mycroft.skills.skill_loader:_communicate_load_status:344 | Skill mycroft-hello-world.mycroftai loaded successfully
2022-03-16 07:38:24.448 | INFO     |  4762 | mycroft.skills.skill_loader:load:185 | ATTEMPTING TO LOAD SKILL: mycroft-singing.mycroftai
2022-03-16 07:38:24.456 | INFO     |  4762 | mycroft.skills.settings:get_local_settings:83 | /opt/mycroft/skills/mycroft-singing.mycroftai/settings.json
2022-03-16 07:38:24.474 | INFO     |  4762 | mycroft.skills.skill_loader:_check_for_first_run:324 | First run of mycroft-singing.mycroftai
2022-03-16 07:38:24.475 | INFO     |  4762 | mycroft.skills.settings:save_settings:116 | Skill settings successfully saved to /home/runner/.config/mycroft/skills/mycroft-singing.mycroftai/settings.json
2022-03-16 07:38:24.477 | INFO     |  4762 | mycroft.skills.skill_loader:_communicate_load_status:344 | Skill mycroft-singing.mycroftai loaded successfully
2022-03-16 07:38:24.477 | INFO     |  4762 | mycroft.skills.skill_loader:load:185 | ATTEMPTING TO LOAD SKILL: mycroft-speak.mycroftai
2022-03-16 07:38:24.482 | INFO     |  4762 | mycroft.skills.settings:get_local_settings:83 | /opt/mycroft/skills/mycroft-speak.mycroftai/settings.json
2022-03-16 07:38:24.504 | INFO     |  4762 | mycroft.skills.skill_loader:_check_for_first_run:324 | First run of mycroft-speak.mycroftai
2022-03-16 07:38:24.505 | INFO     |  4762 | mycroft.skills.settings:save_settings:116 | Skill settings successfully saved to /home/runner/.config/mycroft/skills/mycroft-speak.mycroftai/settings.json
2022-03-16 07:38:24.510 | INFO     |  4762 | mycroft.skills.skill_loader:_communicate_load_status:344 | Skill mycroft-speak.mycroftai loaded successfully
2022-03-16 07:38:24.510 | INFO     |  4762 | mycroft.skills.skill_loader:load:185 | ATTEMPTING TO LOAD SKILL: fallback-query.mycroftai
2022-03-16 07:38:24.518 | INFO     |  4762 | mycroft.skills.settings:get_local_settings:83 | /opt/mycroft/skills/fallback-query.mycroftai/settings.json
2022-03-16 07:38:24.533 | INFO     |  4762 | mycroft.skills.skill_loader:_check_for_first_run:324 | First run of fallback-query.mycroftai
2022-03-16 07:38:24.535 | INFO     |  4762 | mycroft.skills.settings:save_settings:116 | Skill settings successfully saved to /home/runner/.config/mycroft/skills/fallback-query.mycroftai/settings.json
2022-03-16 07:38:24.535 | INFO     |  4762 | mycroft.skills.skill_loader:_communicate_load_status:344 | Skill fallback-query.mycroftai loaded successfully
2022-03-16 07:38:24.536 | INFO     |  4762 | mycroft.skills.skill_loader:load:185 | ATTEMPTING TO LOAD SKILL: mycroft-fallback-duck-duck-go.mycroftai
2022-03-16 07:38:24.557 | INFO     |  4762 | mycroft.skills.settings:get_local_settings:83 | /opt/mycroft/skills/mycroft-fallback-duck-duck-go.mycroftai/settings.json
2022-03-16 07:38:24.577 | INFO     |  4762 | mycroft.skills.skill_loader:_check_for_first_run:324 | First run of mycroft-fallback-duck-duck-go.mycroftai
2022-03-16 07:38:24.578 | INFO     |  4762 | mycroft.skills.settings:save_settings:116 | Skill settings successfully saved to /home/runner/.config/mycroft/skills/mycroft-fallback-duck-duck-go.mycroftai/settings.json
2022-03-16 07:38:24.580 | INFO     |  4762 | mycroft.skills.skill_loader:_communicate_load_status:344 | Skill mycroft-fallback-duck-duck-go.mycroftai loaded successfully
2022-03-16 07:38:24.580 | INFO     |  4762 | mycroft.skills.skill_loader:load:185 | ATTEMPTING TO LOAD SKILL: mycroft-configuration.mycroftai
2022-03-16 07:38:24.590 | INFO     |  4762 | mycroft.skills.settings:get_local_settings:83 | /opt/mycroft/skills/mycroft-configuration.mycroftai/settings.json
2022-03-16 07:38:24.628 | INFO     |  4762 | mycroft.skills.skill_loader:_check_for_first_run:324 | First run of mycroft-configuration.mycroftai
2022-03-16 07:38:24.629 | INFO     |  4762 | mycroft.skills.settings:save_settings:116 | Skill settings successfully saved to /home/runner/.config/mycroft/skills/mycroft-configuration.mycroftai/settings.json
2022-03-16 07:38:24.634 | INFO     |  4762 | mycroft.skills.skill_loader:_communicate_load_status:344 | Skill mycroft-configuration.mycroftai loaded successfully
2022-03-16 07:38:24.634 | INFO     |  4762 | mycroft.skills.skill_loader:load:185 | ATTEMPTING TO LOAD SKILL: fallback-wolfram-alpha.mycroftai
2022-03-16 07:38:24.671 | INFO     |  4762 | mycroft.skills.settings:get_local_settings:83 | /opt/mycroft/skills/fallback-wolfram-alpha.mycroftai/settings.json
2022-03-16 07:38:24.695 | INFO     |  4762 | mycroft.skills.skill_loader:_check_for_first_run:324 | First run of fallback-wolfram-alpha.mycroftai
2022-03-16 07:38:24.696 | INFO     |  4762 | mycroft.skills.settings:save_settings:116 | Skill settings successfully saved to /home/runner/.config/mycroft/skills/fallback-wolfram-alpha.mycroftai/settings.json
2022-03-16 07:38:24.700 | INFO     |  4762 | mycroft.skills.skill_loader:_communicate_load_status:344 | Skill fallback-wolfram-alpha.mycroftai loaded successfully
2022-03-16 07:38:24.700 | INFO     |  4762 | mycroft.skills.skill_loader:load:185 | ATTEMPTING TO LOAD SKILL: mycroft-date-time.mycroftai
2022-03-16 07:38:25.062 | INFO     |  4762 | mycroft.skills.settings:get_local_settings:83 | /opt/mycroft/skills/mycroft-date-time.mycroftai/settings.json
2022-03-16 07:38:25.113 | INFO     |  4762 | TimeSkill | Registering resting screen <bound method TimeSkill.handle_idle of <mycroft-date-time_mycroftai.TimeSkill object at 0x7f5a7cccadd0>> for Time and Date.
2022-03-16 07:38:25.114 | INFO     |  4762 | TimeSkill | Registering resting screen
2022-03-16 07:38:25.116 | INFO     |  4762 | mycroft.skills.skill_loader:_check_for_first_run:324 | First run of mycroft-date-time.mycroftai
2022-03-16 07:38:25.117 | INFO     |  4762 | mycroft.skills.settings:save_settings:116 | Skill settings successfully saved to /home/runner/.config/mycroft/skills/mycroft-date-time.mycroftai/settings.json
2022-03-16 07:38:25.118 | INFO     |  4762 | mycroft.skills.skill_loader:_communicate_load_status:344 | Skill mycroft-date-time.mycroftai loaded successfully
2022-03-16 07:38:25.131 | INFO     |  4762 | mycroft.skills.skill_loader:load:185 | ATTEMPTING TO LOAD SKILL: mycroft-weather.mycroftai
2022-03-16 07:38:25.194 | INFO     |  4762 | mycroft.skills.settings:get_local_settings:83 | /opt/mycroft/skills/mycroft-weather.mycroftai/settings.json
2022-03-16 07:38:25.296 | INFO     |  4762 | mycroft.skills.skill_loader:_check_for_first_run:324 | First run of mycroft-weather.mycroftai
2022-03-16 07:38:25.296 | INFO     |  4762 | mycroft.skills.settings:save_settings:116 | Skill settings successfully saved to /home/runner/.config/mycroft/skills/mycroft-weather.mycroftai/settings.json
2022-03-16 07:38:25.300 | INFO     |  4762 | mycroft.skills.skill_loader:_communicate_load_status:344 | Skill mycroft-weather.mycroftai loaded successfully
2022-03-16 07:38:25.300 | INFO     |  4762 | mycroft.skills.skill_loader:load:185 | ATTEMPTING TO LOAD SKILL: mycroft-audio-record.mycroftai
2022-03-16 07:38:25.313 | INFO     |  4762 | mycroft.skills.settings:get_local_settings:83 | /opt/mycroft/skills/mycroft-audio-record.mycroftai/settings.json
2022-03-16 07:38:25.336 | INFO     |  4762 | mycroft.skills.skill_loader:_check_for_first_run:324 | First run of mycroft-audio-record.mycroftai
2022-03-16 07:38:25.337 | INFO     |  4762 | mycroft.skills.settings:save_settings:116 | Skill settings successfully saved to /home/runner/.config/mycroft/skills/mycroft-audio-record.mycroftai/settings.json
2022-03-16 07:38:25.338 | INFO     |  4762 | mycroft.skills.skill_loader:_communicate_load_status:344 | Skill mycroft-audio-record.mycroftai loaded successfully
2022-03-16 07:38:25.339 | INFO     |  4762 | mycroft.skills.skill_loader:load:185 | ATTEMPTING TO LOAD SKILL: mycroft-wiki.mycroftai
2022-03-16 07:38:25.531 | INFO     |  4762 | mycroft.skills.settings:get_local_settings:83 | /opt/mycroft/skills/mycroft-wiki.mycroftai/settings.json
2022-03-16 07:38:25.558 | INFO     |  4762 | mycroft.skills.skill_loader:_check_for_first_run:324 | First run of mycroft-wiki.mycroftai
2022-03-16 07:38:25.560 | INFO     |  4762 | mycroft.skills.settings:save_settings:116 | Skill settings successfully saved to /home/runner/.config/mycroft/skills/mycroft-wiki.mycroftai/settings.json
2022-03-16 07:38:25.561 | INFO     |  4762 | mycroft.skills.skill_loader:_communicate_load_status:344 | Skill mycroft-wiki.mycroftai loaded successfully
2022-03-16 07:38:25.562 | INFO     |  4762 | mycroft.skills.skill_loader:load:185 | ATTEMPTING TO LOAD SKILL: mycroft-naptime.mycroftai
2022-03-16 07:38:25.576 | INFO     |  4762 | mycroft.skills.settings:get_local_settings:83 | /opt/mycroft/skills/mycroft-naptime.mycroftai/settings.json
2022-03-16 07:38:25.585 | INFO     |  4762 | mycroft.skills.skill_loader:_check_for_first_run:324 | First run of mycroft-naptime.mycroftai
2022-03-16 07:38:25.585 | INFO     |  4762 | mycroft.skills.settings:save_settings:116 | Skill settings successfully saved to /home/runner/.config/mycroft/skills/mycroft-naptime.mycroftai/settings.json
2022-03-16 07:38:25.590 | INFO     |  4762 | mycroft.skills.skill_loader:_communicate_load_status:344 | Skill mycroft-naptime.mycroftai loaded successfully
2022-03-16 07:38:25.597 | INFO     |  4762 | mycroft.skills.skill_loader:load:185 | ATTEMPTING TO LOAD SKILL: mycroft-npr-news.mycroftai
2022-03-16 07:38:25.768 | INFO     |  4762 | mycroft.skills.settings:get_local_settings:83 | /opt/mycroft/skills/mycroft-npr-news.mycroftai/settings.json
2022-03-16 07:38:26.789 | INFO     |  4762 | mycroft.skills.skill_loader:_check_for_first_run:324 | First run of mycroft-npr-news.mycroftai
2022-03-16 07:38:26.790 | INFO     |  4762 | mycroft.skills.settings:save_settings:116 | Skill settings successfully saved to /home/runner/.config/mycroft/skills/mycroft-npr-news.mycroftai/settings.json
2022-03-16 07:38:26.791 | INFO     |  4762 | mycroft.skills.skill_loader:_communicate_load_status:344 | Skill mycroft-npr-news.mycroftai loaded successfully
2022-03-16 07:38:26.791 | INFO     |  4762 | mycroft.skills.skill_loader:load:185 | ATTEMPTING TO LOAD SKILL: mycroft-support-helper.mycroftai
2022-03-16 07:38:26.799 | INFO     |  4762 | mycroft.skills.settings:get_local_settings:83 | /opt/mycroft/skills/mycroft-support-helper.mycroftai/settings.json
2022-03-16 07:38:26.804 | INFO     |  4762 | mycroft.skills.skill_loader:_check_for_first_run:324 | First run of mycroft-support-helper.mycroftai
2022-03-16 07:38:26.806 | INFO     |  4762 | mycroft.skills.settings:save_settings:116 | Skill settings successfully saved to /home/runner/.config/mycroft/skills/mycroft-support-helper.mycroftai/settings.json
2022-03-16 07:38:26.807 | INFO     |  4762 | mycroft.skills.skill_loader:_communicate_load_status:344 | Skill mycroft-support-helper.mycroftai loaded successfully
2022-03-16 07:38:26.807 | INFO     |  4762 | mycroft.skills.skill_loader:load:185 | ATTEMPTING TO LOAD SKILL: mycroft-personal.mycroftai
2022-03-16 07:38:26.812 | INFO     |  4762 | mycroft.skills.settings:get_local_settings:83 | /opt/mycroft/skills/mycroft-personal.mycroftai/settings.json
2022-03-16 07:38:26.837 | INFO     |  4762 | mycroft.skills.skill_loader:_check_for_first_run:324 | First run of mycroft-personal.mycroftai
2022-03-16 07:38:26.838 | INFO     |  4762 | mycroft.skills.settings:save_settings:116 | Skill settings successfully saved to /home/runner/.config/mycroft/skills/mycroft-personal.mycroftai/settings.json
2022-03-16 07:38:26.842 | INFO     |  4762 | mycroft.skills.skill_loader:_communicate_load_status:344 | Skill mycroft-personal.mycroftai loaded successfully
2022-03-16 07:38:26.842 | INFO     |  4762 | mycroft.skills.skill_loader:load:185 | ATTEMPTING TO LOAD SKILL: homeassistant.mycroftai
2022-03-16 07:38:26.977 | INFO     |  4762 | mycroft.skills.settings:get_local_settings:83 | /opt/mycroft/skills/homeassistant.mycroftai/settings.json
2022-03-16 07:38:26.978 | INFO     |  4762 | mycroft.skills.settings:get_local_settings:83 | /opt/mycroft/skills/homeassistant.mycroftai/settings.json
2022-03-16 07:38:27.074 | INFO     |  4762 | mycroft.skills.skill_loader:_communicate_load_status:344 | Skill homeassistant.mycroftai loaded successfully
2022-03-16 07:38:27.075 | INFO     |  4762 | mycroft.skills.skill_loader:load:185 | ATTEMPTING TO LOAD SKILL: mycroft-ip.mycroftai
2022-03-16 07:38:27.105 | INFO     |  4762 | mycroft.skills.settings:get_local_settings:83 | /opt/mycroft/skills/mycroft-ip.mycroftai/settings.json
2022-03-16 07:38:27.127 | INFO     |  4762 | mycroft.skills.skill_loader:_check_for_first_run:324 | First run of mycroft-ip.mycroftai
2022-03-16 07:38:27.127 | INFO     |  4762 | mycroft.skills.settings:save_settings:116 | Skill settings successfully saved to /home/runner/.config/mycroft/skills/mycroft-ip.mycroftai/settings.json
2022-03-16 07:38:27.133 | INFO     |  4762 | mycroft.skills.skill_loader:_communicate_load_status:344 | Skill mycroft-ip.mycroftai loaded successfully
2022-03-16 07:38:27.134 | INFO     |  4762 | mycroft.skills.skill_loader:load:185 | ATTEMPTING TO LOAD SKILL: mycroft-installer.mycroftai
2022-03-16 07:38:27.150 | INFO     |  4762 | mycroft.skills.settings:get_local_settings:83 | /opt/mycroft/skills/mycroft-installer.mycroftai/settings.json
2022-03-16 07:38:27.180 | INFO     |  4762 | mycroft.skills.skill_loader:_check_for_first_run:324 | First run of mycroft-installer.mycroftai
2022-03-16 07:38:27.181 | INFO     |  4762 | mycroft.skills.settings:save_settings:116 | Skill settings successfully saved to /home/runner/.config/mycroft/skills/mycroft-installer.mycroftai/settings.json
2022-03-16 07:38:27.185 | INFO     |  4762 | mycroft.skills.skill_loader:_communicate_load_status:344 | Skill mycroft-installer.mycroftai loaded successfully
2022-03-16 07:38:27.185 | INFO     |  4762 | mycroft.skills.skill_loader:load:185 | ATTEMPTING TO LOAD SKILL: mycroft-stop.mycroftai
2022-03-16 07:38:27.188 | INFO     |  4762 | mycroft.skills.settings:get_local_settings:83 | /opt/mycroft/skills/mycroft-stop.mycroftai/settings.json
2022-03-16 07:38:27.220 | INFO     |  4762 | mycroft.skills.skill_loader:_check_for_first_run:324 | First run of mycroft-stop.mycroftai
2022-03-16 07:38:27.221 | INFO     |  4762 | mycroft.skills.settings:save_settings:116 | Skill settings successfully saved to /home/runner/.config/mycroft/skills/mycroft-stop.mycroftai/settings.json
2022-03-16 07:38:27.223 | INFO     |  4762 | mycroft.skills.skill_loader:_communicate_load_status:344 | Skill mycroft-stop.mycroftai loaded successfully
2022-03-16 07:38:27.224 | INFO     |  4762 | mycroft.skills.skill_loader:load:185 | ATTEMPTING TO LOAD SKILL: fallback-unknown.mycroftai
2022-03-16 07:38:27.227 | INFO     |  4762 | mycroft.skills.settings:get_local_settings:83 | /opt/mycroft/skills/fallback-unknown.mycroftai/settings.json
2022-03-16 07:38:27.245 | INFO     |  4762 | mycroft.skills.skill_loader:_check_for_first_run:324 | First run of fallback-unknown.mycroftai
2022-03-16 07:38:27.245 | INFO     |  4762 | mycroft.skills.settings:save_settings:116 | Skill settings successfully saved to /home/runner/.config/mycroft/skills/fallback-unknown.mycroftai/settings.json
2022-03-16 07:38:27.246 | INFO     |  4762 | mycroft.skills.skill_loader:_communicate_load_status:344 | Skill fallback-unknown.mycroftai loaded successfully
2022-03-16 07:38:27.246 | INFO     |  4762 | mycroft.skills.skill_loader:load:185 | ATTEMPTING TO LOAD SKILL: mycroft-spelling.mycroftai
2022-03-16 07:38:27.257 | INFO     |  4762 | mycroft.skills.settings:get_local_settings:83 | /opt/mycroft/skills/mycroft-spelling.mycroftai/settings.json
2022-03-16 07:38:27.280 | INFO     |  4762 | mycroft.skills.skill_loader:_check_for_first_run:324 | First run of mycroft-spelling.mycroftai
2022-03-16 07:38:27.281 | INFO     |  4762 | mycroft.skills.settings:save_settings:116 | Skill settings successfully saved to /home/runner/.config/mycroft/skills/mycroft-spelling.mycroftai/settings.json
2022-03-16 07:38:27.283 | INFO     |  4762 | mycroft.skills.skill_loader:_communicate_load_status:344 | Skill mycroft-spelling.mycroftai loaded successfully
2022-03-16 07:38:27.284 | INFO     |  4762 | mycroft.skills.skill_loader:load:185 | ATTEMPTING TO LOAD SKILL: mycroft-reminder.mycroftai
2022-03-16 07:38:27.305 | INFO     |  4762 | mycroft.skills.settings:get_local_settings:83 | /opt/mycroft/skills/mycroft-reminder.mycroftai/settings.json
2022-03-16 07:38:27.338 | INFO     |  4762 | mycroft.skills.skill_loader:_check_for_first_run:324 | First run of mycroft-reminder.mycroftai
2022-03-16 07:38:27.341 | INFO     |  4762 | mycroft.skills.settings:save_settings:116 | Skill settings successfully saved to /home/runner/.config/mycroft/skills/mycroft-reminder.mycroftai/settings.json
2022-03-16 07:38:27.344 | INFO     |  4762 | mycroft.skills.skill_loader:_communicate_load_status:344 | Skill mycroft-reminder.mycroftai loaded successfully
2022-03-16 07:38:27.344 | INFO     |  4762 | mycroft.skills.skill_manager:_load_on_startup:275 | Skills all loaded!
2022-03-16 07:38:27.354 | INFO     |  4762 | __main__:on_ready:185 | Skills service is ready.
2022-03-16 07:38:27.388 | INFO     |  4762 | mycroft.skills.intent_services.padatious_service:train:151 | Training... (single_thread=False)
FANN Error 2: Unable to open configuration file "/home/runner/.local/share/mycroft/intent_cache/homeassistant.mycroftai:{/tmp/mycroft/cache/HomeAssistantSkill/tracker}.intent.net" for writing.
Regenerated homeassistant.mycroftai:{/tmp/mycroft/cache/HomeAssistantSkill/tracker}.
Regenerated mycroft-alarm.mycroftai:{daytype}.
Regenerated mycroft-alarm.mycroftai:change.alarm.sound.intent.
Regenerated mycroft-alarm.mycroftai:snooze.intent.
Regenerated mycroft-timer.mycroftai:timer.status.intent.
Regenerated mycroft-timer.mycroftai:start.timer.intent.
Regenerated mycroft-hello-world.mycroftai:HowAreYou.intent.
Regenerated mycroft-configuration.mycroftai:DisablePreciseDev.intent.
Regenerated mycroft-configuration.mycroftai:WhereAreYou.intent.
Regenerated mycroft-configuration.mycroftai:EnablePreciseDev.intent.
Regenerated homeassistant.mycroftai:set.climate.intent.
Regenerated homeassistant.mycroftai:increase.light.brightness.intent.
Regenerated homeassistant.mycroftai:sensor.intent.
Regenerated homeassistant.mycroftai:open.intent.
Regenerated homeassistant.mycroftai:tracker.intent.
Regenerated homeassistant.mycroftai:close.intent.
Regenerated homeassistant.mycroftai:stop.intent.
Regenerated mycroft-installer.mycroftai:is.installed.intent.
Regenerated mycroft-date-time.mycroftai:date.last.weekend.intent.
Regenerated mycroft-date-time.mycroftai:what.time.will.it.be.intent.
Regenerated mycroft-date-time.mycroftai:date.future.weekend.intent.
Regenerated mycroft-date-time.mycroftai:what.time.is.it.intent.
Regenerated mycroft-weather.mycroftai:do-i-need-an-umbrella.intent.
Regenerated mycroft-audio-record.mycroftai:StartRecording.intent.
Regenerated mycroft-audio-record.mycroftai:PlayRecording.intent.
Regenerated mycroft-wiki.mycroftai:Random.intent.
Regenerated mycroft-npr-news.mycroftai:PlayTheNews.intent.
Regenerated mycroft-support-helper.mycroftai:contact.support.intent.
Regenerated mycroft-personal.mycroftai:WhoAreYou.intent.
Regenerated mycroft-personal.mycroftai:DoYouDream.intent.
Regenerated mycroft-personal.mycroftai:DoYouRhyme.intent.
Regenerated mycroft-personal.mycroftai:WhoMadeYou.intent.
Regenerated mycroft-personal.mycroftai:WhenWereYouBorn.intent.
Regenerated mycroft-personal.mycroftai:WhatAreYou.intent.
Regenerated mycroft-personal.mycroftai:WhereWereYouBorn.intent.
Regenerated homeassistant.mycroftai:turn.on.intent.
Regenerated homeassistant.mycroftai:set.light.brightness.intent.
Regenerated homeassistant.mycroftai:turn.off.intent.
Regenerated homeassistant.mycroftai:add.item.shopping.list.intent.
Regenerated homeassistant.mycroftai:automation.intent.
Regenerated homeassistant.mycroftai:decrease.light.brightness.intent.
Regenerated homeassistant.mycroftai:toggle.intent.
Regenerated mycroft-installer.mycroftai:install.custom.intent.
Regenerated mycroft-installer.mycroftai:remove.intent.
Regenerated mycroft-installer.mycroftai:list.skills.intent.
Regenerated mycroft-installer.mycroftai:install.beta.intent.
Regenerated mycroft-installer.mycroftai:install.intent.
Regenerated mycroft-stop.mycroftai:shutdown.intent.
Regenerated mycroft-stop.mycroftai:ssh.disable.intent.
Regenerated mycroft-stop.mycroftai:reboot.intent.
Regenerated mycroft-stop.mycroftai:wifi.setup.intent.
Regenerated mycroft-stop.mycroftai:ssh.enable.intent.
Regenerated mycroft-reminder.mycroftai:SnoozeReminder.intent.
Regenerated mycroft-reminder.mycroftai:DeleteReminderForDay.intent.
Regenerated mycroft-reminder.mycroftai:GetNextReminders.intent.
Regenerated mycroft-reminder.mycroftai:CancelActiveReminder.intent.
Regenerated mycroft-reminder.mycroftai:ClearReminders.intent.
Regenerated mycroft-reminder.mycroftai:GetRemindersForDay.intent.
Regenerated mycroft-reminder.mycroftai:Reminder.intent.
Regenerated mycroft-reminder.mycroftai:UnspecifiedReminderAt.intent.
Regenerated mycroft-reminder.mycroftai:ReminderAt.intent.
2022-03-16 07:38:30.017 | INFO     |  4762 | mycroft.skills.intent_services.padatious_service:train:153 | Training complete.
2022-03-16 07:38:32.358 | INFO     |  4762 | mycroft.skills.settings:save_settings:116 | Skill settings successfully saved to /home/runner/.config/mycroft/skills/mycroft-pairing.mycroftai/settings.json
2022-03-16 07:38:32.362 | INFO     |  4762 | mycroft.skills.settings:save_settings:116 | Skill settings successfully saved to /home/runner/.config/mycroft/skills/mycroft-timer.mycroftai/settings.json
2022-03-16 07:39:24.748 | WARNING  |  4762 | ConfigurationSkill | Impossible to update configuration because device isn't paired
2022-03-16 07:39:27.596 | ERROR    |  4762 | WeatherSkill | Weather API failure
Traceback (most recent call last):
  File "/opt/mycroft/skills/mycroft-weather.mycroftai/__init__.py", line 1129, in _get_weather
    self.config_core.get("system_unit"), latitude, longitude
  File "/opt/mycroft/skills/mycroft-weather.mycroftai/skill/api.py", line 105, in get_weather_for_coordinates
    response = self.request(api_request)
  File "/opt/mycroft-core/mycroft/api/__init__.py", line 64, in request
    return self.send(params)
  File "/opt/mycroft-core/mycroft/api/__init__.py", line 147, in send
    return self.get_response(response, no_refresh)
  File "/opt/mycroft-core/mycroft/api/__init__.py", line 170, in get_response
    raise HTTPError(data, response=response)
requests.exceptions.HTTPError: {'error': 'device not authorized'}
2022-03-16 07:39:27.597 | INFO     |  4762 | mycroft.skills.settings:save_settings:116 | Skill settings successfully saved to /home/runner/.config/mycroft/skills/mycroft-weather.mycroftai/settings.json
2022-03-16 07:39:27.602 | ERROR    |  4762 | mycroft.skills.mycroft_skill.mycroft_skill:on_error:923 | An error occurred while processing a request in Pairing Skill
Traceback (most recent call last):
  File "/opt/mycroft-core/mycroft/skills/mycroft_skill/event_container.py", line 73, in wrapper
    handler(message)
  File "/opt/mycroft/skills/mycroft-pairing.mycroftai/__init__.py", line 108, in not_paired
    self.handle_pairing()
TypeError: handle_pairing() missing 1 required positional argument: '_'
2022-03-16 07:39:38.367 | INFO     |  4762 | __main__:on_stopping:193 | Skills service is shutting down...
2022-03-16 07:39:38.367 | INFO     |  4762 | __main__:shutdown:284 | Shutting down Skills service
2022-03-16 07:39:38.493 | ERROR    |  4762 | VolumeSkill | Couldn't allocate mixer, ALSAAudioError('No such file or directory [default]')
2022-03-16 07:39:38.494 | INFO     |  4762 | mycroft.skills.settings:save_settings:116 | Skill settings successfully saved to /home/runner/.config/mycroft/skills/mycroft-volume.mycroftai/settings.json
2022-03-16 07:39:38.506 | INFO     |  4762 | mycroft.skills.settings:save_settings:116 | Skill settings successfully saved to /home/runner/.config/mycroft/skills/mycroft-joke.mycroftai/settings.json
2022-03-16 07:39:38.514 | INFO     |  4762 | mycroft.skills.settings:save_settings:116 | Skill settings successfully saved to /home/runner/.config/mycroft/skills/mycroft-alarm.mycroftai/settings.json
2022-03-16 07:39:38.515 | INFO     |  4762 | mycroft.skills.settings:save_settings:116 | Skill settings successfully saved to /home/runner/.config/mycroft/skills/mycroft-version-checker.mycroftai/settings.json
2022-03-16 07:39:38.526 | INFO     |  4762 | mycroft.skills.settings:save_settings:116 | Skill settings successfully saved to /home/runner/.config/mycroft/skills/mycroft-playback-control.mycroftai/settings.json
2022-03-16 07:39:39.527 | INFO     |  4762 | Playback Control Skill | Audio service status: {}
2022-03-16 07:39:40.528 | WARNING  |  4762 | mycroft.skills.skill_manager:_shutdown_skill:106 | mycroft-playback-control.mycroftai shutdown took 2.00240579299998 seconds
2022-03-16 07:39:40.528 | INFO     |  4762 | mycroft.skills.settings:save_settings:116 | Skill settings successfully saved to /home/runner/.config/mycroft/skills/mycroft-hello-world.mycroftai/settings.json
2022-03-16 07:39:40.529 | INFO     |  4762 | mycroft.skills.settings:save_settings:116 | Skill settings successfully saved to /home/runner/.config/mycroft/skills/mycroft-singing.mycroftai/settings.json
2022-03-16 07:39:40.532 | INFO     |  4762 | mycroft.skills.settings:save_settings:116 | Skill settings successfully saved to /home/runner/.config/mycroft/skills/mycroft-speak.mycroftai/settings.json
2022-03-16 07:39:40.540 | INFO     |  4762 | QuestionsAnswersSkill | Removing all handlers...
2022-03-16 07:39:40.541 | INFO     |  4762 | mycroft.skills.settings:save_settings:116 | Skill settings successfully saved to /home/runner/.config/mycroft/skills/fallback-query.mycroftai/settings.json
2022-03-16 07:39:40.543 | INFO     |  4762 | mycroft.skills.settings:save_settings:116 | Skill settings successfully saved to /home/runner/.config/mycroft/skills/mycroft-fallback-duck-duck-go.mycroftai/settings.json
2022-03-16 07:39:40.545 | INFO     |  4762 | mycroft.skills.settings:save_settings:116 | Skill settings successfully saved to /home/runner/.config/mycroft/skills/mycroft-configuration.mycroftai/settings.json
2022-03-16 07:39:40.568 | INFO     |  4762 | mycroft.skills.settings:save_settings:116 | Skill settings successfully saved to /home/runner/.config/mycroft/skills/fallback-wolfram-alpha.mycroftai/settings.json
2022-03-16 07:39:40.575 | INFO     |  4762 | mycroft.skills.settings:save_settings:116 | Skill settings successfully saved to /home/runner/.config/mycroft/skills/mycroft-date-time.mycroftai/settings.json
2022-03-16 07:39:40.577 | INFO     |  4762 | mycroft.skills.settings:save_settings:116 | Skill settings successfully saved to /home/runner/.config/mycroft/skills/mycroft-audio-record.mycroftai/settings.json
2022-03-16 07:39:40.578 | INFO     |  4762 | mycroft.skills.settings:save_settings:116 | Skill settings successfully saved to /home/runner/.config/mycroft/skills/mycroft-wiki.mycroftai/settings.json
2022-03-16 07:39:40.579 | INFO     |  4762 | mycroft.skills.settings:save_settings:116 | Skill settings successfully saved to /home/runner/.config/mycroft/skills/mycroft-naptime.mycroftai/settings.json
2022-03-16 07:39:40.579 | INFO     |  4762 | mycroft.skills.settings:save_settings:116 | Skill settings successfully saved to /home/runner/.config/mycroft/skills/mycroft-npr-news.mycroftai/settings.json
2022-03-16 07:39:40.580 | INFO     |  4762 | mycroft.skills.settings:save_settings:116 | Skill settings successfully saved to /home/runner/.config/mycroft/skills/mycroft-support-helper.mycroftai/settings.json
2022-03-16 07:39:40.582 | INFO     |  4762 | mycroft.skills.settings:save_settings:116 | Skill settings successfully saved to /home/runner/.config/mycroft/skills/mycroft-personal.mycroftai/settings.json
2022-03-16 07:39:40.582 | INFO     |  4762 | HomeAssistantSkill | Removing all handlers...
2022-03-16 07:39:40.584 | WARNING  |  4762 | mycroft.skills.fallback_skill:remove_fallback:185 | Could not find matching fallback handler
2022-03-16 07:39:40.597 | INFO     |  4762 | mycroft.skills.settings:save_settings:116 | Skill settings successfully saved to /home/runner/.config/mycroft/skills/mycroft-ip.mycroftai/settings.json
2022-03-16 07:39:40.598 | INFO     |  4762 | mycroft.skills.settings:save_settings:116 | Skill settings successfully saved to /home/runner/.config/mycroft/skills/mycroft-installer.mycroftai/settings.json
2022-03-16 07:39:40.598 | INFO     |  4762 | mycroft.skills.settings:save_settings:116 | Skill settings successfully saved to /home/runner/.config/mycroft/skills/mycroft-stop.mycroftai/settings.json
2022-03-16 07:39:40.599 | INFO     |  4762 | UnknownSkill | Removing all handlers...
2022-03-16 07:39:40.599 | INFO     |  4762 | mycroft.skills.settings:save_settings:116 | Skill settings successfully saved to /home/runner/.config/mycroft/skills/fallback-unknown.mycroftai/settings.json
2022-03-16 07:39:40.600 | INFO     |  4762 | mycroft.skills.settings:save_settings:116 | Skill settings successfully saved to /home/runner/.config/mycroft/skills/mycroft-spelling.mycroftai/settings.json
2022-03-16 07:39:40.601 | INFO     |  4762 | mycroft.skills.settings:save_settings:116 | Skill settings successfully saved to /home/runner/.config/mycroft/skills/mycroft-reminder.mycroftai/settings.json
2022-03-16 07:39:40.602 | INFO     |  4762 | __main__:shutdown:291 | Skills service shutdown complete!
2022-03-16 07:39:40.604 | ERROR    |  4762 | websocket | error from callback <bound method MessageBusClient.on_message of <mycroft.messagebus.client.client.MessageBusClient object at 0x7f5a8e9bd790>>: cannot schedule new futures after shutdown
2022-03-16 07:39:40.604 | ERROR    |  4762 | mycroft_bus_client.client.client | === RuntimeError('cannot schedule new futures after shutdown') ===
Traceback (most recent call last):
  File "/opt/mycroft-core/.venv/lib/python3.7/site-packages/websocket/_app.py", line 407, in _callback
    callback(self, *args)
  File "/opt/mycroft-core/.venv/lib/python3.7/site-packages/mycroft_bus_client/client/client.py", line 182, in on_message
    self.emitter.emit('message', message)
  File "/opt/mycroft-core/.venv/lib/python3.7/site-packages/pyee/_base.py", line 113, in emit
    handled = self._call_handlers(event, args, kwargs)
  File "/opt/mycroft-core/.venv/lib/python3.7/site-packages/pyee/_base.py", line 96, in _call_handlers
    self._emit_run(f, args, kwargs)
  File "/opt/mycroft-core/.venv/lib/python3.7/site-packages/pyee/_executor.py", line 50, in _emit_run
    future = self._executor.submit(f, *args, **kwargs)
  File "/opt/hostedtoolcache/Python/3.7.12/x64/lib/python3.7/concurrent/futures/thread.py", line 163, in submit
    raise RuntimeError('cannot schedule new futures after shutdown')
RuntimeError: cannot schedule new futures after shutdown
2022-03-16 07:39:40.604 | ERROR    |  4762 | mycroft_bus_client.client.client | Exception closing websocket: RuntimeError('cannot schedule new futures after shutdown')
2022-03-16 07:39:40.604 | WARNING  |  4762 | mycroft_bus_client.client.client | Message Bus Client will reconnect in 5.0 seconds.
