2021-10-15 21:39:48.335 | INFO     |  5457 | mycroft.messagebus.load_config:load_message_bus_config:33 | Loading message bus configs
2021-10-15 21:39:48.342 | ERROR    |  5457 | mycroft_bus_client.client.client | === ConnectionRefusedError(111, 'Connection refused') ===
Traceback (most recent call last):
  File "/opt/mycroft-core/.venv/lib/python3.7/site-packages/websocket/_app.py", line 254, in run_forever
    proxy_type=proxy_type)
  File "/opt/mycroft-core/.venv/lib/python3.7/site-packages/websocket/_core.py", line 220, in connect
    options.pop('socket', None))
  File "/opt/mycroft-core/.venv/lib/python3.7/site-packages/websocket/_http.py", line 120, in connect
    sock = _open_socket(addrinfo_list, options.sockopt, options.timeout)
  File "/opt/mycroft-core/.venv/lib/python3.7/site-packages/websocket/_http.py", line 190, in _open_socket
    raise err
  File "/opt/mycroft-core/.venv/lib/python3.7/site-packages/websocket/_http.py", line 170, in _open_socket
    sock.connect(address)
ConnectionRefusedError: [Errno 111] Connection refused
2021-10-15 21:39:48.342 | ERROR    |  5457 | mycroft_bus_client.client.client | Exception closing websocket: ConnectionRefusedError(111, 'Connection refused')
2021-10-15 21:39:48.342 | WARNING  |  5457 | mycroft_bus_client.client.client | Message Bus Client will reconnect in 5 seconds.
2021-10-15 21:39:53.350 | INFO     |  5457 | mycroft_bus_client.client.client | Connected
2021-10-15 21:39:53.351 | INFO     |  5457 | mycroft.util.process_utils:start_message_bus_client:155 | Connected to messagebus
2021-10-15 21:39:53.355 | INFO     |  5457 | mycroft.skills.msm_wrapper:create_msm:96 | Acquiring lock to instantiate MSM
2021-10-15 21:39:53.355 | INFO     |  5457 | msm.mycroft_skills_manager | building SkillEntry objects for all skills
2021-10-15 21:39:53.875 | INFO     |  5457 | mycroft.skills.msm_wrapper:create_msm:112 | Releasing MSM instantiation lock.
2021-10-15 21:39:53.876 | INFO     |  5457 | mycroft.skills.skill_updater:_log_next_download_time:267 | Next scheduled skill update: 2021-10-15 21:39:52.875673
2021-10-15 21:39:53.876 | INFO     |  5457 | msm.skill_entry | Downloading skill: https://github.com/mycroftai/skill-pairing
2021-10-15 21:39:54.532 | INFO     |  5457 | msm.skill_entry | Installing system requirements...
2021-10-15 21:39:54.542 | INFO     |  5457 | msm.skill_entry | Successfully installed mycroft-pairing
2021-10-15 21:39:54.542 | INFO     |  5457 | msm.mycroft_skills_manager | invalidating skills cache
2021-10-15 21:39:54.544 | INFO     |  5457 | mycroft.skills.skill_loader:load:185 | ATTEMPTING TO LOAD SKILL: mycroft-pairing.mycroftai
2021-10-15 21:39:54.551 | INFO     |  5457 | mycroft.skills.settings:get_local_settings:83 | /opt/mycroft/skills/mycroft-pairing.mycroftai/settings.json
2021-10-15 21:39:54.572 | INFO     |  5457 | mycroft.skills.skill_loader:_check_for_first_run:324 | First run of mycroft-pairing.mycroftai
2021-10-15 21:39:54.573 | INFO     |  5457 | mycroft.skills.settings:save_settings:116 | Skill settings successfully saved to /home/runner/.config/mycroft/skills/mycroft-pairing.mycroftai/settings.json
2021-10-15 21:39:54.574 | INFO     |  5457 | mycroft.skills.skill_loader:_communicate_load_status:344 | Skill mycroft-pairing.mycroftai loaded successfully
2021-10-15 21:39:54.574 | INFO     |  5457 | msm.skill_entry | Downloading skill: https://github.com/mycroftai/skill-volume
2021-10-15 21:39:55.439 | INFO     |  5457 | msm.skill_entry | Installing system requirements...
2021-10-15 21:39:55.448 | INFO     |  5457 | msm.skill_entry | Installing requirements.txt for mycroft-volume
2021-10-15 21:39:55.930 | INFO     |  5457 | msm.skill_entry | Successfully installed mycroft-volume
2021-10-15 21:39:55.930 | INFO     |  5457 | msm.mycroft_skills_manager | invalidating skills cache
2021-10-15 21:39:55.931 | INFO     |  5457 | mycroft.skills.skill_loader:load:185 | ATTEMPTING TO LOAD SKILL: mycroft-volume.mycroftai
2021-10-15 21:39:55.939 | INFO     |  5457 | mycroft.skills.settings:get_local_settings:83 | /opt/mycroft/skills/mycroft-volume.mycroftai/settings.json
2021-10-15 21:39:56.050 | ERROR    |  5457 | VolumeSkill | Couldn't allocate mixer, ALSAAudioError('No such file or directory [default]')
2021-10-15 21:39:59.085 | INFO     |  5457 | mycroft.skills.skill_loader:_check_for_first_run:324 | First run of mycroft-volume.mycroftai
2021-10-15 21:39:59.086 | INFO     |  5457 | mycroft.skills.settings:save_settings:116 | Skill settings successfully saved to /home/runner/.config/mycroft/skills/mycroft-volume.mycroftai/settings.json
2021-10-15 21:39:59.086 | INFO     |  5457 | mycroft.skills.skill_loader:_communicate_load_status:344 | Skill mycroft-volume.mycroftai loaded successfully
2021-10-15 21:39:59.087 | INFO     |  5457 | __main__:on_started:177 | Skills service is starting up.
2021-10-15 21:39:59.327 | INFO     |  5457 | __main__:_update_system:154 | Attempting system update...
2021-10-15 21:40:02.329 | INFO     |  5457 | mycroft.enclosure.display_manager:_write_data:70 | Display Manager is creating /tmp/mycroft/ipc/managers/disp_info
2021-10-15 21:40:02.330 | INFO     |  5457 | __main__:_ensure_device_is_paired:133 | Device not paired, invoking the pairing skill
2021-10-15 21:40:02.332 | INFO     |  5457 | __main__:on_alive:181 | Skills service is alive.
2021-10-15 21:40:02.347 | INFO     |  5457 | msm.mycroft_skills_manager | building SkillEntry objects for all skills
2021-10-15 21:40:02.979 | INFO     |  5457 | PairingSkill | Communicating account URL to user
2021-10-15 21:40:03.947 | WARNING  |  5457 | msm.mycroft_skills_manager | No such default skill: mycroft-pandora
2021-10-15 21:40:03.948 | INFO     |  5457 | mycroft.skills.skill_manager:run:234 | Not all default skills are installed, performing skill update...
2021-10-15 21:40:03.948 | INFO     |  5457 | mycroft.skills.skill_updater:update_skills:149 | Beginning skill update...
2021-10-15 21:40:04.162 | INFO     |  5457 | msm.mycroft_skills_manager | building SkillEntry objects for all skills
2021-10-15 21:40:04.747 | INFO     |  5457 | msm.mycroft_skills_manager | invalidating skills cache
2021-10-15 21:40:04.767 | INFO     |  5457 | msm.skill_entry | Downloading skill: https://github.com/mycroftai/fallback-unknown
2021-10-15 21:40:04.772 | INFO     |  5457 | msm.skill_entry | Downloading skill: https://github.com/mycroftai/skill-alarm
2021-10-15 21:40:04.783 | INFO     |  5457 | msm.skill_entry | Downloading skill: https://github.com/mycroftai/skill-audio-record
2021-10-15 21:40:04.793 | INFO     |  5457 | msm.skill_entry | Downloading skill: https://github.com/mycroftai/skill-date-time
2021-10-15 21:40:04.798 | INFO     |  5457 | msm.skill_entry | Downloading skill: https://github.com/mycroftai/fallback-wolfram-alpha
2021-10-15 21:40:04.816 | INFO     |  5457 | msm.skill_entry | Downloading skill: https://github.com/mycroftai/skill-ip
2021-10-15 21:40:04.819 | INFO     |  5457 | msm.skill_entry | Downloading skill: https://github.com/mycroftai/fallback-duckduckgo
2021-10-15 21:40:04.829 | INFO     |  5457 | msm.skill_entry | Downloading skill: https://github.com/mycroftai/skill-joke
2021-10-15 21:40:04.830 | INFO     |  5457 | msm.skill_entry | Downloading skill: https://github.com/mycroftai/skill-naptime
2021-10-15 21:40:04.836 | INFO     |  5457 | msm.skill_entry | Downloading skill: https://github.com/mycroftai/skill-npr-news
2021-10-15 21:40:04.840 | INFO     |  5457 | msm.skill_entry | Downloading skill: https://github.com/mycroftai/skill-configuration
2021-10-15 21:40:04.845 | INFO     |  5457 | msm.skill_entry | Downloading skill: https://github.com/mycroftai/skill-hello-world
2021-10-15 21:40:04.854 | INFO     |  5457 | msm.skill_entry | Downloading skill: https://github.com/mycroftai/skill-personal
2021-10-15 21:40:04.862 | INFO     |  5457 | msm.skill_entry | Downloading skill: https://github.com/mycroftai/skill-installer
2021-10-15 21:40:04.878 | INFO     |  5457 | msm.skill_entry | Downloading skill: https://github.com/mycroftai/skill-reminder
2021-10-15 21:40:04.883 | INFO     |  5457 | msm.skill_entry | Downloading skill: https://github.com/mycroftai/skill-playback-control
2021-10-15 21:40:04.926 | INFO     |  5457 | msm.skill_entry | Downloading skill: https://github.com/mycroftai/skill-singing
2021-10-15 21:40:05.686 | INFO     |  5457 | msm.skill_entry | Installing system requirements...
2021-10-15 21:40:05.737 | INFO     |  5457 | msm.skill_entry | Successfully installed fallback-unknown
2021-10-15 21:40:05.739 | INFO     |  5457 | msm.mycroft_skills_manager | invalidating skills cache
2021-10-15 21:40:05.742 | INFO     |  5457 | msm.skill_entry | Downloading skill: https://github.com/mycroftai/skill-speak
2021-10-15 21:40:05.838 | ERROR    |  5457 | msm.mycroft_skills_manager | Error running install_or_update on homeassistant.mycroftai: MergeConflict
2021-10-15 21:40:05.842 | INFO     |  5457 | msm.skill_entry | Downloading skill: https://github.com/mycroftai/skill-spelling
2021-10-15 21:40:06.020 | INFO     |  5457 | msm.skill_entry | Installing system requirements...
2021-10-15 21:40:06.035 | INFO     |  5457 | msm.skill_entry | Installing requirements.txt for mycroft-fallback-duck-duck-go
2021-10-15 21:40:06.405 | INFO     |  5457 | msm.skill_entry | Installing system requirements...
2021-10-15 21:40:06.440 | INFO     |  5457 | msm.skill_entry | Installing system requirements...
2021-10-15 21:40:06.496 | INFO     |  5457 | msm.skill_entry | Installing system requirements...
2021-10-15 21:40:06.518 | INFO     |  5457 | msm.skill_entry | Installing system requirements...
2021-10-15 21:40:06.537 | INFO     |  5457 | msm.skill_entry | Installing system requirements...
2021-10-15 21:40:06.600 | INFO     |  5457 | msm.skill_entry | Installing system requirements...
2021-10-15 21:40:06.606 | INFO     |  5457 | msm.skill_entry | Successfully installed mycroft-hello-world
2021-10-15 21:40:06.606 | INFO     |  5457 | msm.mycroft_skills_manager | invalidating skills cache
2021-10-15 21:40:06.608 | INFO     |  5457 | msm.skill_entry | Downloading skill: https://github.com/mycroftai/skill-stop
2021-10-15 21:40:06.618 | INFO     |  5457 | msm.skill_entry | Installing system requirements...
2021-10-15 21:40:06.683 | INFO     |  5457 | msm.skill_entry | Installing requirements.txt for mycroft-joke
2021-10-15 21:40:06.710 | INFO     |  5457 | msm.skill_entry | Nothing new for mycroft-pairing
2021-10-15 21:40:06.780 | INFO     |  5457 | msm.skill_entry | Successfully installed mycroft-playback-control
2021-10-15 21:40:06.780 | INFO     |  5457 | msm.mycroft_skills_manager | invalidating skills cache
2021-10-15 21:40:06.781 | INFO     |  5457 | msm.skill_entry | Downloading skill: https://github.com/mycroftai/skill-support
2021-10-15 21:40:06.790 | INFO     |  5457 | msm.skill_entry | Installing system requirements...
2021-10-15 21:40:06.798 | INFO     |  5457 | msm.skill_entry | Installing requirements.txt for mycroft-audio-record
2021-10-15 21:40:06.800 | INFO     |  5457 | msm.skill_entry | Successfully installed mycroft-personal
2021-10-15 21:40:06.800 | INFO     |  5457 | msm.mycroft_skills_manager | invalidating skills cache
2021-10-15 21:40:06.802 | INFO     |  5457 | msm.skill_entry | Nothing new for mycroft-volume
2021-10-15 21:40:06.813 | INFO     |  5457 | msm.skill_entry | Installing requirements.txt for fallback-wolfram-alpha
2021-10-15 21:40:06.814 | INFO     |  5457 | msm.skill_entry | Installing requirements.txt for mycroft-ip
2021-10-15 21:40:06.825 | INFO     |  5457 | msm.skill_entry | Downloading skill: https://github.com/mycroftai/mycroft-timer
2021-10-15 21:40:06.846 | INFO     |  5457 | msm.skill_entry | Installing system requirements...
2021-10-15 21:40:06.868 | INFO     |  5457 | msm.skill_entry | Installing system requirements...
2021-10-15 21:40:06.967 | INFO     |  5457 | msm.skill_entry | Installing system requirements...
2021-10-15 21:40:06.990 | INFO     |  5457 | msm.skill_entry | Downloading skill: https://github.com/mycroftai/skill-weather
2021-10-15 21:40:06.997 | INFO     |  5457 | msm.skill_entry | Installing system requirements...
2021-10-15 21:40:07.019 | INFO     |  5457 | msm.skill_entry | Successfully installed mycroft-speak
2021-10-15 21:40:07.020 | INFO     |  5457 | msm.mycroft_skills_manager | invalidating skills cache
2021-10-15 21:40:07.021 | INFO     |  5457 | msm.skill_entry | Downloading skill: https://github.com/mycroftai/skill-version-checker
2021-10-15 21:40:07.053 | INFO     |  5457 | msm.skill_entry | Installing system requirements...
2021-10-15 21:40:07.068 | INFO     |  5457 | msm.skill_entry | Installing system requirements...
2021-10-15 21:40:07.107 | INFO     |  5457 | msm.skill_entry | Successfully installed mycroft-reminder
2021-10-15 21:40:07.107 | INFO     |  5457 | msm.mycroft_skills_manager | invalidating skills cache
2021-10-15 21:40:07.108 | INFO     |  5457 | msm.skill_entry | Downloading skill: https://github.com/mycroftai/skill-wiki
2021-10-15 21:40:07.116 | INFO     |  5457 | msm.skill_entry | Installing system requirements...
2021-10-15 21:40:07.121 | INFO     |  5457 | msm.skill_entry | Successfully installed mycroft-naptime
2021-10-15 21:40:07.122 | INFO     |  5457 | msm.mycroft_skills_manager | invalidating skills cache
2021-10-15 21:40:07.129 | INFO     |  5457 | msm.skill_entry | Downloading skill: https://github.com/MycroftAI/skill-query
2021-10-15 21:40:07.140 | INFO     |  5457 | msm.skill_entry | Installing requirements.txt for mycroft-volume
2021-10-15 21:40:07.141 | INFO     |  5457 | msm.skill_entry | Installing requirements.txt for mycroft-date-time
2021-10-15 21:40:07.155 | INFO     |  5457 | msm.skill_entry | Installing requirements.txt for mycroft-installer
2021-10-15 21:40:07.162 | INFO     |  5457 | msm.skill_entry | Installing requirements.txt for mycroft-npr-news
2021-10-15 21:40:07.216 | INFO     |  5457 | msm.skill_entry | Installing system requirements...
2021-10-15 21:40:07.280 | INFO     |  5457 | msm.skill_entry | Installing requirements.txt for mycroft-configuration
2021-10-15 21:40:07.517 | INFO     |  5457 | msm.skill_entry | Installing system requirements...
2021-10-15 21:40:07.559 | INFO     |  5457 | msm.skill_entry | Successfully installed mycroft-spelling
2021-10-15 21:40:07.560 | INFO     |  5457 | msm.mycroft_skills_manager | invalidating skills cache
2021-10-15 21:40:07.610 | INFO     |  5457 | msm.skill_entry | Installing system requirements...
2021-10-15 21:40:07.646 | INFO     |  5457 | msm.skill_entry | Installing requirements.txt for mycroft-alarm
2021-10-15 21:40:07.734 | ERROR    |  5457 | msm.mycroft_skills_manager | Error running install_or_update on homeassistant: MergeConflict
2021-10-15 21:40:08.021 | INFO     |  5457 | msm.skill_entry | Installing system requirements...
2021-10-15 21:40:08.051 | INFO     |  5457 | msm.skill_entry | Successfully installed mycroft-stop
2021-10-15 21:40:08.051 | INFO     |  5457 | msm.mycroft_skills_manager | invalidating skills cache
2021-10-15 21:40:08.073 | INFO     |  5457 | msm.skill_entry | Installing system requirements...
2021-10-15 21:40:08.086 | INFO     |  5457 | msm.skill_entry | Installing requirements.txt for mycroft-support-helper
2021-10-15 21:40:08.250 | INFO     |  5457 | msm.skill_entry | Installing system requirements...
2021-10-15 21:40:08.261 | INFO     |  5457 | msm.skill_entry | Installing system requirements...
2021-10-15 21:40:08.333 | INFO     |  5457 | msm.skill_entry | Successfully installed mycroft-timer
2021-10-15 21:40:08.333 | INFO     |  5457 | msm.mycroft_skills_manager | invalidating skills cache
2021-10-15 21:40:08.342 | INFO     |  5457 | msm.skill_entry | Successfully installed fallback-query
2021-10-15 21:40:08.343 | INFO     |  5457 | msm.mycroft_skills_manager | invalidating skills cache
2021-10-15 21:40:08.366 | INFO     |  5457 | msm.skill_entry | Installing system requirements...
2021-10-15 21:40:08.375 | INFO     |  5457 | msm.skill_entry | Installing system requirements...
2021-10-15 21:40:08.426 | INFO     |  5457 | msm.skill_entry | Installing requirements.txt for mycroft-wiki
2021-10-15 21:40:08.432 | INFO     |  5457 | msm.skill_entry | Successfully installed mycroft-version-checker
2021-10-15 21:40:08.432 | INFO     |  5457 | msm.mycroft_skills_manager | invalidating skills cache
2021-10-15 21:40:08.473 | INFO     |  5457 | msm.skill_entry | Installing system requirements...
2021-10-15 21:40:08.478 | INFO     |  5457 | msm.skill_entry | Installing system requirements...
2021-10-15 21:40:08.503 | INFO     |  5457 | msm.skill_entry | Successfully installed mycroft-singing
2021-10-15 21:40:08.503 | INFO     |  5457 | msm.mycroft_skills_manager | invalidating skills cache
2021-10-15 21:40:08.505 | INFO     |  5457 | msm.skill_entry | Installing requirements.txt for mycroft-weather
2021-10-15 21:40:08.997 | INFO     |  5457 | msm.skill_entry | Successfully installed mycroft-fallback-duck-duck-go
2021-10-15 21:40:08.997 | INFO     |  5457 | msm.mycroft_skills_manager | invalidating skills cache
2021-10-15 21:40:10.009 | INFO     |  5457 | msm.skill_entry | Successfully installed mycroft-joke
2021-10-15 21:40:10.010 | INFO     |  5457 | msm.mycroft_skills_manager | invalidating skills cache
2021-10-15 21:40:10.831 | INFO     |  5457 | msm.skill_entry | Successfully installed mycroft-audio-record
2021-10-15 21:40:10.831 | INFO     |  5457 | msm.mycroft_skills_manager | invalidating skills cache
2021-10-15 21:40:15.021 | INFO     |  5457 | msm.skill_entry | Successfully installed fallback-wolfram-alpha
2021-10-15 21:40:15.022 | INFO     |  5457 | msm.mycroft_skills_manager | invalidating skills cache
2021-10-15 21:40:15.867 | INFO     |  5457 | msm.skill_entry | Successfully installed mycroft-ip
2021-10-15 21:40:15.869 | INFO     |  5457 | msm.mycroft_skills_manager | invalidating skills cache
2021-10-15 21:40:32.101 | INFO     |  5457 | msm.skill_entry | Successfully installed mycroft-date-time
2021-10-15 21:40:32.102 | INFO     |  5457 | msm.mycroft_skills_manager | invalidating skills cache
2021-10-15 21:40:33.029 | INFO     |  5457 | msm.skill_entry | Successfully installed mycroft-installer
2021-10-15 21:40:33.030 | INFO     |  5457 | msm.mycroft_skills_manager | invalidating skills cache
2021-10-15 21:40:33.313 | INFO     |  5457 | PairingSkill | Initiating device pairing sequence...
2021-10-15 21:40:33.314 | INFO     |  5457 | PairingSkill | Retrieving pairing code from device API...
2021-10-15 21:40:33.666 | INFO     |  5457 | PairingSkill | Pairing code obtained: WXEAFX
2021-10-15 21:40:33.666 | INFO     |  5457 | PairingSkill | Communicating pairing URL to user
2021-10-15 21:40:36.081 | INFO     |  5457 | msm.skill_entry | Successfully installed mycroft-npr-news
2021-10-15 21:40:36.082 | INFO     |  5457 | msm.mycroft_skills_manager | invalidating skills cache
2021-10-15 21:40:38.686 | INFO     |  5457 | msm.skill_entry | Successfully installed mycroft-configuration
2021-10-15 21:40:38.686 | INFO     |  5457 | msm.mycroft_skills_manager | invalidating skills cache
2021-10-15 21:40:39.560 | INFO     |  5457 | msm.skill_entry | Successfully installed mycroft-alarm
2021-10-15 21:40:39.560 | INFO     |  5457 | msm.mycroft_skills_manager | invalidating skills cache
2021-10-15 21:40:41.595 | INFO     |  5457 | msm.skill_entry | Successfully installed mycroft-support-helper
2021-10-15 21:40:41.595 | INFO     |  5457 | msm.mycroft_skills_manager | invalidating skills cache
2021-10-15 21:40:43.859 | INFO     |  5457 | msm.skill_entry | Successfully installed mycroft-wiki
2021-10-15 21:40:43.860 | INFO     |  5457 | msm.mycroft_skills_manager | invalidating skills cache
2021-10-15 21:40:44.854 | INFO     |  5457 | msm.skill_entry | Successfully installed mycroft-weather
2021-10-15 21:40:44.854 | INFO     |  5457 | msm.mycroft_skills_manager | invalidating skills cache
2021-10-15 21:40:44.897 | INFO     |  5457 | mycroft.skills.skill_updater:_log_next_download_time:267 | Next scheduled skill update: 2021-10-15 22:40:44.897327
2021-10-15 21:40:44.898 | INFO     |  5457 | mycroft.skills.skill_updater:update_skills:170 | Skill update complete
2021-10-15 21:40:44.898 | INFO     |  5457 | mycroft.skills.skill_manager:_load_on_startup:273 | Loading installed skills...
2021-10-15 21:40:44.899 | INFO     |  5457 | mycroft.skills.skill_loader:load:185 | ATTEMPTING TO LOAD SKILL: mycroft-ip.mycroftai
2021-10-15 21:40:44.966 | INFO     |  5457 | mycroft.skills.settings:get_local_settings:83 | /opt/mycroft/skills/mycroft-ip.mycroftai/settings.json
2021-10-15 21:40:44.999 | INFO     |  5457 | mycroft.skills.skill_loader:_check_for_first_run:324 | First run of mycroft-ip.mycroftai
2021-10-15 21:40:45.000 | INFO     |  5457 | mycroft.skills.settings:save_settings:116 | Skill settings successfully saved to /home/runner/.config/mycroft/skills/mycroft-ip.mycroftai/settings.json
2021-10-15 21:40:45.004 | INFO     |  5457 | mycroft.skills.skill_loader:_communicate_load_status:344 | Skill mycroft-ip.mycroftai loaded successfully
2021-10-15 21:40:45.004 | INFO     |  5457 | mycroft.skills.skill_loader:load:185 | ATTEMPTING TO LOAD SKILL: mycroft-reminder.mycroftai
2021-10-15 21:40:45.028 | INFO     |  5457 | mycroft.skills.settings:get_local_settings:83 | /opt/mycroft/skills/mycroft-reminder.mycroftai/settings.json
2021-10-15 21:40:45.082 | INFO     |  5457 | mycroft.skills.skill_loader:_check_for_first_run:324 | First run of mycroft-reminder.mycroftai
2021-10-15 21:40:45.083 | INFO     |  5457 | mycroft.skills.settings:save_settings:116 | Skill settings successfully saved to /home/runner/.config/mycroft/skills/mycroft-reminder.mycroftai/settings.json
2021-10-15 21:40:45.086 | INFO     |  5457 | mycroft.skills.skill_loader:_communicate_load_status:344 | Skill mycroft-reminder.mycroftai loaded successfully
2021-10-15 21:40:45.086 | INFO     |  5457 | mycroft.skills.skill_loader:load:185 | ATTEMPTING TO LOAD SKILL: mycroft-installer.mycroftai
2021-10-15 21:40:45.095 | INFO     |  5457 | mycroft.skills.settings:get_local_settings:83 | /opt/mycroft/skills/mycroft-installer.mycroftai/settings.json
2021-10-15 21:40:45.129 | INFO     |  5457 | mycroft.skills.skill_loader:_check_for_first_run:324 | First run of mycroft-installer.mycroftai
2021-10-15 21:40:45.130 | INFO     |  5457 | mycroft.skills.settings:save_settings:116 | Skill settings successfully saved to /home/runner/.config/mycroft/skills/mycroft-installer.mycroftai/settings.json
2021-10-15 21:40:45.142 | INFO     |  5457 | mycroft.skills.skill_loader:_communicate_load_status:344 | Skill mycroft-installer.mycroftai loaded successfully
2021-10-15 21:40:45.142 | INFO     |  5457 | mycroft.skills.skill_loader:load:185 | ATTEMPTING TO LOAD SKILL: mycroft-version-checker.mycroftai
2021-10-15 21:40:45.147 | INFO     |  5457 | mycroft.skills.settings:get_local_settings:83 | /opt/mycroft/skills/mycroft-version-checker.mycroftai/settings.json
2021-10-15 21:40:45.178 | INFO     |  5457 | mycroft.skills.skill_loader:_check_for_first_run:324 | First run of mycroft-version-checker.mycroftai
2021-10-15 21:40:45.178 | INFO     |  5457 | mycroft.skills.settings:save_settings:116 | Skill settings successfully saved to /home/runner/.config/mycroft/skills/mycroft-version-checker.mycroftai/settings.json
2021-10-15 21:40:45.182 | INFO     |  5457 | mycroft.skills.skill_loader:_communicate_load_status:344 | Skill mycroft-version-checker.mycroftai loaded successfully
2021-10-15 21:40:45.182 | INFO     |  5457 | mycroft.skills.skill_loader:load:185 | ATTEMPTING TO LOAD SKILL: mycroft-singing.mycroftai
2021-10-15 21:40:45.198 | INFO     |  5457 | mycroft.skills.settings:get_local_settings:83 | /opt/mycroft/skills/mycroft-singing.mycroftai/settings.json
2021-10-15 21:40:45.214 | INFO     |  5457 | mycroft.skills.skill_loader:_check_for_first_run:324 | First run of mycroft-singing.mycroftai
2021-10-15 21:40:45.214 | INFO     |  5457 | mycroft.skills.settings:save_settings:116 | Skill settings successfully saved to /home/runner/.config/mycroft/skills/mycroft-singing.mycroftai/settings.json
2021-10-15 21:40:45.217 | INFO     |  5457 | mycroft.skills.skill_loader:_communicate_load_status:344 | Skill mycroft-singing.mycroftai loaded successfully
2021-10-15 21:40:45.217 | INFO     |  5457 | mycroft.skills.skill_loader:load:185 | ATTEMPTING TO LOAD SKILL: mycroft-joke.mycroftai
2021-10-15 21:40:45.222 | INFO     |  5457 | mycroft.skills.settings:get_local_settings:83 | /opt/mycroft/skills/mycroft-joke.mycroftai/settings.json
2021-10-15 21:40:45.244 | INFO     |  5457 | mycroft.skills.skill_loader:_check_for_first_run:324 | First run of mycroft-joke.mycroftai
2021-10-15 21:40:45.245 | INFO     |  5457 | mycroft.skills.settings:save_settings:116 | Skill settings successfully saved to /home/runner/.config/mycroft/skills/mycroft-joke.mycroftai/settings.json
2021-10-15 21:40:45.251 | INFO     |  5457 | mycroft.skills.skill_loader:_communicate_load_status:344 | Skill mycroft-joke.mycroftai loaded successfully
2021-10-15 21:40:45.252 | INFO     |  5457 | mycroft.skills.skill_loader:load:185 | ATTEMPTING TO LOAD SKILL: mycroft-timer.mycroftai
2021-10-15 21:40:45.319 | INFO     |  5457 | mycroft.skills.settings:get_local_settings:83 | /opt/mycroft/skills/mycroft-timer.mycroftai/settings.json
2021-10-15 21:40:45.349 | INFO     |  5457 | mycroft.skills.skill_loader:_check_for_first_run:324 | First run of mycroft-timer.mycroftai
2021-10-15 21:40:45.349 | INFO     |  5457 | mycroft.skills.settings:save_settings:116 | Skill settings successfully saved to /home/runner/.config/mycroft/skills/mycroft-timer.mycroftai/settings.json
2021-10-15 21:40:45.352 | INFO     |  5457 | mycroft.skills.skill_loader:_communicate_load_status:344 | Skill mycroft-timer.mycroftai loaded successfully
2021-10-15 21:40:45.353 | INFO     |  5457 | mycroft.skills.skill_loader:load:185 | ATTEMPTING TO LOAD SKILL: homeassistant.mycroftai
2021-10-15 21:40:45.684 | INFO     |  5457 | mycroft.skills.settings:get_local_settings:83 | /opt/mycroft/skills/homeassistant.mycroftai/settings.json
2021-10-15 21:40:45.685 | INFO     |  5457 | mycroft.skills.settings:get_local_settings:83 | /opt/mycroft/skills/homeassistant.mycroftai/settings.json
2021-10-15 21:40:45.721 | INFO     |  5457 | mycroft.skills.skill_loader:_communicate_load_status:344 | Skill homeassistant.mycroftai loaded successfully
2021-10-15 21:40:45.721 | INFO     |  5457 | mycroft.skills.skill_loader:load:185 | ATTEMPTING TO LOAD SKILL: mycroft-alarm.mycroftai
2021-10-15 21:40:45.744 | INFO     |  5457 | mycroft.skills.settings:get_local_settings:83 | /opt/mycroft/skills/mycroft-alarm.mycroftai/settings.json
2021-10-15 21:40:45.745 | ERROR    |  5457 | AlarmSkill | Couldn't allocate mixer, ALSAAudioError('No such file or directory [default]')
2021-10-15 21:40:45.827 | INFO     |  5457 | mycroft.skills.skill_loader:_check_for_first_run:324 | First run of mycroft-alarm.mycroftai
2021-10-15 21:40:45.828 | INFO     |  5457 | mycroft.skills.settings:save_settings:116 | Skill settings successfully saved to /home/runner/.config/mycroft/skills/mycroft-alarm.mycroftai/settings.json
2021-10-15 21:40:45.926 | INFO     |  5457 | mycroft.skills.skill_loader:_communicate_load_status:344 | Skill mycroft-alarm.mycroftai loaded successfully
2021-10-15 21:40:45.927 | INFO     |  5457 | mycroft.skills.skill_loader:load:185 | ATTEMPTING TO LOAD SKILL: mycroft-naptime.mycroftai
2021-10-15 21:40:45.939 | INFO     |  5457 | mycroft.skills.settings:get_local_settings:83 | /opt/mycroft/skills/mycroft-naptime.mycroftai/settings.json
2021-10-15 21:40:45.948 | INFO     |  5457 | mycroft.skills.skill_loader:_check_for_first_run:324 | First run of mycroft-naptime.mycroftai
2021-10-15 21:40:45.949 | INFO     |  5457 | mycroft.skills.settings:save_settings:116 | Skill settings successfully saved to /home/runner/.config/mycroft/skills/mycroft-naptime.mycroftai/settings.json
2021-10-15 21:40:45.958 | INFO     |  5457 | mycroft.skills.skill_loader:_communicate_load_status:344 | Skill mycroft-naptime.mycroftai loaded successfully
2021-10-15 21:40:45.959 | INFO     |  5457 | mycroft.skills.skill_loader:load:185 | ATTEMPTING TO LOAD SKILL: mycroft-spelling.mycroftai
2021-10-15 21:40:45.962 | INFO     |  5457 | mycroft.skills.settings:get_local_settings:83 | /opt/mycroft/skills/mycroft-spelling.mycroftai/settings.json
2021-10-15 21:40:45.973 | INFO     |  5457 | mycroft.skills.skill_loader:_check_for_first_run:324 | First run of mycroft-spelling.mycroftai
2021-10-15 21:40:45.974 | INFO     |  5457 | mycroft.skills.settings:save_settings:116 | Skill settings successfully saved to /home/runner/.config/mycroft/skills/mycroft-spelling.mycroftai/settings.json
2021-10-15 21:40:46.018 | INFO     |  5457 | mycroft.skills.skill_loader:_communicate_load_status:344 | Skill mycroft-spelling.mycroftai loaded successfully
2021-10-15 21:40:46.019 | INFO     |  5457 | mycroft.skills.skill_loader:load:185 | ATTEMPTING TO LOAD SKILL: mycroft-fallback-duck-duck-go.mycroftai
2021-10-15 21:40:46.030 | INFO     |  5457 | mycroft.skills.settings:get_local_settings:83 | /opt/mycroft/skills/mycroft-fallback-duck-duck-go.mycroftai/settings.json
2021-10-15 21:40:46.039 | INFO     |  5457 | mycroft.skills.skill_loader:_check_for_first_run:324 | First run of mycroft-fallback-duck-duck-go.mycroftai
2021-10-15 21:40:46.042 | INFO     |  5457 | mycroft.skills.settings:save_settings:116 | Skill settings successfully saved to /home/runner/.config/mycroft/skills/mycroft-fallback-duck-duck-go.mycroftai/settings.json
2021-10-15 21:40:46.059 | INFO     |  5457 | mycroft.skills.skill_loader:_communicate_load_status:344 | Skill mycroft-fallback-duck-duck-go.mycroftai loaded successfully
2021-10-15 21:40:46.060 | INFO     |  5457 | mycroft.skills.skill_loader:load:185 | ATTEMPTING TO LOAD SKILL: mycroft-npr-news.mycroftai
2021-10-15 21:40:46.098 | INFO     |  5457 | mycroft.skills.settings:get_local_settings:83 | /opt/mycroft/skills/mycroft-npr-news.mycroftai/settings.json
2021-10-15 21:40:47.113 | INFO     |  5457 | mycroft.skills.skill_loader:_check_for_first_run:324 | First run of mycroft-npr-news.mycroftai
2021-10-15 21:40:47.114 | INFO     |  5457 | mycroft.skills.settings:save_settings:116 | Skill settings successfully saved to /home/runner/.config/mycroft/skills/mycroft-npr-news.mycroftai/settings.json
2021-10-15 21:40:47.116 | INFO     |  5457 | mycroft.skills.skill_loader:_communicate_load_status:344 | Skill mycroft-npr-news.mycroftai loaded successfully
2021-10-15 21:40:47.117 | INFO     |  5457 | mycroft.skills.skill_loader:load:185 | ATTEMPTING TO LOAD SKILL: mycroft-support-helper.mycroftai
2021-10-15 21:40:47.128 | INFO     |  5457 | mycroft.skills.settings:get_local_settings:83 | /opt/mycroft/skills/mycroft-support-helper.mycroftai/settings.json
2021-10-15 21:40:47.133 | INFO     |  5457 | mycroft.skills.skill_loader:_check_for_first_run:324 | First run of mycroft-support-helper.mycroftai
2021-10-15 21:40:47.139 | INFO     |  5457 | mycroft.skills.settings:save_settings:116 | Skill settings successfully saved to /home/runner/.config/mycroft/skills/mycroft-support-helper.mycroftai/settings.json
2021-10-15 21:40:47.142 | INFO     |  5457 | mycroft.skills.skill_loader:_communicate_load_status:344 | Skill mycroft-support-helper.mycroftai loaded successfully
2021-10-15 21:40:47.143 | INFO     |  5457 | mycroft.skills.skill_loader:load:185 | ATTEMPTING TO LOAD SKILL: mycroft-weather.mycroftai
2021-10-15 21:40:47.159 | INFO     |  5457 | mycroft.skills.settings:get_local_settings:83 | /opt/mycroft/skills/mycroft-weather.mycroftai/settings.json
2021-10-15 21:40:47.413 | INFO     |  5457 | mycroft.skills.skill_loader:_check_for_first_run:324 | First run of mycroft-weather.mycroftai
2021-10-15 21:40:47.414 | INFO     |  5457 | mycroft.skills.settings:save_settings:116 | Skill settings successfully saved to /home/runner/.config/mycroft/skills/mycroft-weather.mycroftai/settings.json
2021-10-15 21:40:47.416 | INFO     |  5457 | mycroft.skills.skill_loader:_communicate_load_status:344 | Skill mycroft-weather.mycroftai loaded successfully
2021-10-15 21:40:47.416 | INFO     |  5457 | mycroft.skills.skill_loader:load:185 | ATTEMPTING TO LOAD SKILL: mycroft-speak.mycroftai
2021-10-15 21:40:47.424 | INFO     |  5457 | mycroft.skills.settings:get_local_settings:83 | /opt/mycroft/skills/mycroft-speak.mycroftai/settings.json
2021-10-15 21:40:47.448 | INFO     |  5457 | mycroft.skills.skill_loader:_check_for_first_run:324 | First run of mycroft-speak.mycroftai
2021-10-15 21:40:47.450 | INFO     |  5457 | mycroft.skills.settings:save_settings:116 | Skill settings successfully saved to /home/runner/.config/mycroft/skills/mycroft-speak.mycroftai/settings.json
2021-10-15 21:40:47.458 | INFO     |  5457 | mycroft.skills.skill_loader:_communicate_load_status:344 | Skill mycroft-speak.mycroftai loaded successfully
2021-10-15 21:40:47.459 | INFO     |  5457 | mycroft.skills.skill_loader:load:185 | ATTEMPTING TO LOAD SKILL: mycroft-audio-record.mycroftai
2021-10-15 21:40:47.464 | INFO     |  5457 | mycroft.skills.settings:get_local_settings:83 | /opt/mycroft/skills/mycroft-audio-record.mycroftai/settings.json
2021-10-15 21:40:47.512 | INFO     |  5457 | mycroft.skills.skill_loader:_check_for_first_run:324 | First run of mycroft-audio-record.mycroftai
2021-10-15 21:40:47.513 | INFO     |  5457 | mycroft.skills.settings:save_settings:116 | Skill settings successfully saved to /home/runner/.config/mycroft/skills/mycroft-audio-record.mycroftai/settings.json
2021-10-15 21:40:47.522 | INFO     |  5457 | mycroft.skills.skill_loader:_communicate_load_status:344 | Skill mycroft-audio-record.mycroftai loaded successfully
2021-10-15 21:40:47.522 | INFO     |  5457 | mycroft.skills.skill_loader:load:185 | ATTEMPTING TO LOAD SKILL: mycroft-stop.mycroftai
2021-10-15 21:40:47.536 | INFO     |  5457 | mycroft.skills.settings:get_local_settings:83 | /opt/mycroft/skills/mycroft-stop.mycroftai/settings.json
2021-10-15 21:40:47.567 | INFO     |  5457 | mycroft.skills.skill_loader:_check_for_first_run:324 | First run of mycroft-stop.mycroftai
2021-10-15 21:40:47.568 | INFO     |  5457 | mycroft.skills.settings:save_settings:116 | Skill settings successfully saved to /home/runner/.config/mycroft/skills/mycroft-stop.mycroftai/settings.json
2021-10-15 21:40:47.579 | INFO     |  5457 | mycroft.skills.skill_loader:_communicate_load_status:344 | Skill mycroft-stop.mycroftai loaded successfully
2021-10-15 21:40:47.579 | INFO     |  5457 | mycroft.skills.skill_loader:load:185 | ATTEMPTING TO LOAD SKILL: mycroft-hello-world.mycroftai
2021-10-15 21:40:47.592 | INFO     |  5457 | mycroft.skills.settings:get_local_settings:83 | /opt/mycroft/skills/mycroft-hello-world.mycroftai/settings.json
2021-10-15 21:40:47.621 | INFO     |  5457 | mycroft.skills.skill_loader:_check_for_first_run:324 | First run of mycroft-hello-world.mycroftai
2021-10-15 21:40:47.621 | INFO     |  5457 | mycroft.skills.settings:save_settings:116 | Skill settings successfully saved to /home/runner/.config/mycroft/skills/mycroft-hello-world.mycroftai/settings.json
2021-10-15 21:40:47.622 | INFO     |  5457 | mycroft.skills.skill_loader:_communicate_load_status:344 | Skill mycroft-hello-world.mycroftai loaded successfully
2021-10-15 21:40:47.634 | INFO     |  5457 | mycroft.skills.skill_loader:load:185 | ATTEMPTING TO LOAD SKILL: mycroft-date-time.mycroftai
2021-10-15 21:40:49.330 | INFO     |  5457 | mycroft.skills.settings:get_local_settings:83 | /opt/mycroft/skills/mycroft-date-time.mycroftai/settings.json
2021-10-15 21:40:49.485 | INFO     |  5457 | TimeSkill | Registering resting screen <bound method TimeSkill.handle_idle of <mycroft-date-time_mycroftai.TimeSkill object at 0x7f13bc438e50>> for Time and Date.
2021-10-15 21:40:49.508 | INFO     |  5457 | TimeSkill | Registering resting screen
2021-10-15 21:40:49.530 | INFO     |  5457 | mycroft.skills.skill_loader:_check_for_first_run:324 | First run of mycroft-date-time.mycroftai
2021-10-15 21:40:49.531 | INFO     |  5457 | mycroft.skills.settings:save_settings:116 | Skill settings successfully saved to /home/runner/.config/mycroft/skills/mycroft-date-time.mycroftai/settings.json
2021-10-15 21:40:49.545 | INFO     |  5457 | mycroft.skills.skill_loader:_communicate_load_status:344 | Skill mycroft-date-time.mycroftai loaded successfully
2021-10-15 21:40:49.546 | INFO     |  5457 | mycroft.skills.skill_loader:load:185 | ATTEMPTING TO LOAD SKILL: mycroft-configuration.mycroftai
2021-10-15 21:40:49.595 | INFO     |  5457 | mycroft.skills.settings:get_local_settings:83 | /opt/mycroft/skills/mycroft-configuration.mycroftai/settings.json
2021-10-15 21:40:49.730 | INFO     |  5457 | mycroft.skills.skill_loader:_check_for_first_run:324 | First run of mycroft-configuration.mycroftai
2021-10-15 21:40:49.731 | INFO     |  5457 | mycroft.skills.settings:save_settings:116 | Skill settings successfully saved to /home/runner/.config/mycroft/skills/mycroft-configuration.mycroftai/settings.json
2021-10-15 21:40:49.732 | INFO     |  5457 | mycroft.skills.skill_loader:_communicate_load_status:344 | Skill mycroft-configuration.mycroftai loaded successfully
2021-10-15 21:40:49.732 | INFO     |  5457 | mycroft.skills.skill_loader:load:185 | ATTEMPTING TO LOAD SKILL: fallback-query.mycroftai
2021-10-15 21:40:49.791 | INFO     |  5457 | mycroft.skills.settings:get_local_settings:83 | /opt/mycroft/skills/fallback-query.mycroftai/settings.json
2021-10-15 21:40:49.841 | INFO     |  5457 | mycroft.skills.skill_loader:_check_for_first_run:324 | First run of fallback-query.mycroftai
2021-10-15 21:40:49.842 | INFO     |  5457 | mycroft.skills.settings:save_settings:116 | Skill settings successfully saved to /home/runner/.config/mycroft/skills/fallback-query.mycroftai/settings.json
2021-10-15 21:40:49.853 | INFO     |  5457 | mycroft.skills.skill_loader:_communicate_load_status:344 | Skill fallback-query.mycroftai loaded successfully
2021-10-15 21:40:49.855 | INFO     |  5457 | mycroft.skills.skill_loader:load:185 | ATTEMPTING TO LOAD SKILL: mycroft-personal.mycroftai
2021-10-15 21:40:49.872 | INFO     |  5457 | mycroft.skills.settings:get_local_settings:83 | /opt/mycroft/skills/mycroft-personal.mycroftai/settings.json
2021-10-15 21:40:49.922 | INFO     |  5457 | mycroft.skills.skill_loader:_check_for_first_run:324 | First run of mycroft-personal.mycroftai
2021-10-15 21:40:49.923 | INFO     |  5457 | mycroft.skills.settings:save_settings:116 | Skill settings successfully saved to /home/runner/.config/mycroft/skills/mycroft-personal.mycroftai/settings.json
2021-10-15 21:40:49.934 | INFO     |  5457 | mycroft.skills.skill_loader:_communicate_load_status:344 | Skill mycroft-personal.mycroftai loaded successfully
2021-10-15 21:40:49.934 | INFO     |  5457 | mycroft.skills.skill_loader:load:185 | ATTEMPTING TO LOAD SKILL: fallback-wolfram-alpha.mycroftai
2021-10-15 21:40:50.012 | INFO     |  5457 | mycroft.skills.settings:get_local_settings:83 | /opt/mycroft/skills/fallback-wolfram-alpha.mycroftai/settings.json
2021-10-15 21:40:50.065 | INFO     |  5457 | mycroft.skills.skill_loader:_check_for_first_run:324 | First run of fallback-wolfram-alpha.mycroftai
2021-10-15 21:40:50.074 | INFO     |  5457 | mycroft.skills.settings:save_settings:116 | Skill settings successfully saved to /home/runner/.config/mycroft/skills/fallback-wolfram-alpha.mycroftai/settings.json
2021-10-15 21:40:50.075 | INFO     |  5457 | mycroft.skills.skill_loader:_communicate_load_status:344 | Skill fallback-wolfram-alpha.mycroftai loaded successfully
2021-10-15 21:40:50.076 | INFO     |  5457 | mycroft.skills.skill_loader:load:185 | ATTEMPTING TO LOAD SKILL: mycroft-wiki.mycroftai
2021-10-15 21:40:50.081 | INFO     |  5457 | mycroft.skills.settings:get_local_settings:83 | /opt/mycroft/skills/mycroft-wiki.mycroftai/settings.json
2021-10-15 21:40:50.115 | INFO     |  5457 | mycroft.skills.skill_loader:_check_for_first_run:324 | First run of mycroft-wiki.mycroftai
2021-10-15 21:40:50.116 | INFO     |  5457 | mycroft.skills.settings:save_settings:116 | Skill settings successfully saved to /home/runner/.config/mycroft/skills/mycroft-wiki.mycroftai/settings.json
2021-10-15 21:40:50.116 | INFO     |  5457 | mycroft.skills.skill_loader:_communicate_load_status:344 | Skill mycroft-wiki.mycroftai loaded successfully
2021-10-15 21:40:50.117 | INFO     |  5457 | mycroft.skills.skill_loader:load:185 | ATTEMPTING TO LOAD SKILL: fallback-unknown.mycroftai
2021-10-15 21:40:50.138 | INFO     |  5457 | mycroft.skills.settings:get_local_settings:83 | /opt/mycroft/skills/fallback-unknown.mycroftai/settings.json
2021-10-15 21:40:50.171 | INFO     |  5457 | mycroft.skills.skill_loader:_check_for_first_run:324 | First run of fallback-unknown.mycroftai
2021-10-15 21:40:50.172 | INFO     |  5457 | mycroft.skills.settings:save_settings:116 | Skill settings successfully saved to /home/runner/.config/mycroft/skills/fallback-unknown.mycroftai/settings.json
2021-10-15 21:40:50.173 | INFO     |  5457 | mycroft.skills.skill_loader:_communicate_load_status:344 | Skill fallback-unknown.mycroftai loaded successfully
2021-10-15 21:40:50.173 | INFO     |  5457 | mycroft.skills.skill_loader:load:185 | ATTEMPTING TO LOAD SKILL: mycroft-playback-control.mycroftai
2021-10-15 21:40:50.193 | INFO     |  5457 | mycroft.skills.settings:get_local_settings:83 | /opt/mycroft/skills/mycroft-playback-control.mycroftai/settings.json
2021-10-15 21:40:50.244 | INFO     |  5457 | mycroft.skills.skill_loader:_check_for_first_run:324 | First run of mycroft-playback-control.mycroftai
2021-10-15 21:40:50.244 | INFO     |  5457 | mycroft.skills.settings:save_settings:116 | Skill settings successfully saved to /home/runner/.config/mycroft/skills/mycroft-playback-control.mycroftai/settings.json
2021-10-15 21:40:50.245 | INFO     |  5457 | mycroft.skills.skill_loader:_communicate_load_status:344 | Skill mycroft-playback-control.mycroftai loaded successfully
2021-10-15 21:40:50.252 | INFO     |  5457 | mycroft.skills.skill_manager:_load_on_startup:275 | Skills all loaded!
2021-10-15 21:40:50.314 | INFO     |  5457 | __main__:on_ready:185 | Skills service is ready.
2021-10-15 21:40:50.361 | INFO     |  5457 | mycroft.skills.intent_services.padatious_service:train:81 | Training... (single_thread=False)
Regenerated mycroft-alarm.mycroftai:{daytype}.
Regenerated mycroft-reminder.mycroftai:ClearReminders.intent.
Regenerated mycroft-reminder.mycroftai:GetRemindersForDay.intent.
Regenerated mycroft-installer.mycroftai:remove.intent.
Regenerated mycroft-installer.mycroftai:install.intent.
Regenerated mycroft-installer.mycroftai:install.custom.intent.
Regenerated mycroft-installer.mycroftai:install.beta.intent.
Regenerated mycroft-installer.mycroftai:list.skills.intent.
Regenerated mycroft-installer.mycroftai:is.installed.intent.
Regenerated mycroft-timer.mycroftai:timer.status.intent.
Regenerated mycroft-timer.mycroftai:start.timer.intent.
Regenerated homeassistant.mycroftai:turn.off.intent.
Regenerated homeassistant.mycroftai:increase.light.brightness.intent.
Regenerated homeassistant.mycroftai:set.climate.intent.
Regenerated homeassistant.mycroftai:turn.on.intent.
Regenerated mycroft-alarm.mycroftai:change.alarm.sound.intent.
Regenerated mycroft-alarm.mycroftai:snooze.intent.
Regenerated mycroft-npr-news.mycroftai:PlayTheNews.intent.
Regenerated mycroft-support-helper.mycroftai:contact.support.intent.
Regenerated mycroft-weather.mycroftai:do-i-need-an-umbrella.intent.
Regenerated mycroft-audio-record.mycroftai:PlayRecording.intent.
Regenerated mycroft-audio-record.mycroftai:StartRecording.intent.
Regenerated mycroft-stop.mycroftai:ssh.enable.intent.
Regenerated mycroft-stop.mycroftai:ssh.disable.intent.
Regenerated mycroft-stop.mycroftai:shutdown.intent.
Regenerated mycroft-stop.mycroftai:wifi.setup.intent.
Regenerated mycroft-stop.mycroftai:reboot.intent.
Regenerated mycroft-hello-world.mycroftai:HowAreYou.intent.
Regenerated mycroft-date-time.mycroftai:what.time.will.it.be.intent.
Regenerated mycroft-date-time.mycroftai:what.time.is.it.intent.
Regenerated mycroft-date-time.mycroftai:date.future.weekend.intent.
Regenerated mycroft-date-time.mycroftai:date.last.weekend.intent.
Regenerated mycroft-configuration.mycroftai:EnablePreciseDev.intent.
Regenerated mycroft-configuration.mycroftai:WhereAreYou.intent.
Regenerated mycroft-configuration.mycroftai:DisablePreciseDev.intent.
Regenerated mycroft-personal.mycroftai:DoYouDream.intent.
Regenerated mycroft-personal.mycroftai:WhoAreYou.intent.
Regenerated mycroft-personal.mycroftai:WhereWereYouBorn.intent.
Regenerated mycroft-personal.mycroftai:WhoMadeYou.intent.
Regenerated mycroft-personal.mycroftai:DoYouRhyme.intent.
Regenerated mycroft-personal.mycroftai:WhenWereYouBorn.intent.
Regenerated mycroft-personal.mycroftai:WhatAreYou.intent.
Regenerated mycroft-wiki.mycroftai:Random.intent.
Regenerated mycroft-reminder.mycroftai:CancelActiveReminder.intent.
Regenerated mycroft-reminder.mycroftai:Reminder.intent.
Regenerated mycroft-reminder.mycroftai:SnoozeReminder.intent.
Regenerated mycroft-reminder.mycroftai:DeleteReminderForDay.intent.
Regenerated mycroft-reminder.mycroftai:ReminderAt.intent.
Regenerated mycroft-reminder.mycroftai:GetNextReminders.intent.
Regenerated mycroft-reminder.mycroftai:UnspecifiedReminderAt.intent.
Regenerated homeassistant.mycroftai:decrease.light.brightness.intent.
Regenerated homeassistant.mycroftai:toggle.intent.
Regenerated homeassistant.mycroftai:tracker.intent.
Regenerated homeassistant.mycroftai:automation.intent.
Regenerated homeassistant.mycroftai:set.light.brightness.intent.
Regenerated homeassistant.mycroftai:sensor.intent.
Regenerated homeassistant.mycroftai:add.item.shopping.list.intent.
2021-10-15 21:40:53.267 | INFO     |  5457 | mycroft.skills.intent_services.padatious_service:train:83 | Training complete.
2021-10-15 21:41:04.009 | INFO     |  5457 | mycroft.skills.settings:save_settings:116 | Skill settings successfully saved to /home/runner/.config/mycroft/skills/mycroft-pairing.mycroftai/settings.json
2021-10-15 21:41:04.312 | INFO     |  5457 | mycroft.skills.settings:save_settings:116 | Skill settings successfully saved to /home/runner/.config/mycroft/skills/mycroft-timer.mycroftai/settings.json
2021-10-15 21:41:26.895 | INFO     |  5457 | __main__:on_stopping:193 | Skills service is shutting down...
2021-10-15 21:41:26.895 | INFO     |  5457 | __main__:shutdown:284 | Shutting down Skills service
2021-10-15 21:41:27.154 | ERROR    |  5457 | VolumeSkill | Couldn't allocate mixer, ALSAAudioError('No such file or directory [default]')
2021-10-15 21:41:27.155 | INFO     |  5457 | mycroft.skills.settings:save_settings:116 | Skill settings successfully saved to /home/runner/.config/mycroft/skills/mycroft-volume.mycroftai/settings.json
2021-10-15 21:41:27.157 | INFO     |  5457 | mycroft.skills.settings:save_settings:116 | Skill settings successfully saved to /home/runner/.config/mycroft/skills/mycroft-ip.mycroftai/settings.json
2021-10-15 21:41:27.158 | INFO     |  5457 | mycroft.skills.settings:save_settings:116 | Skill settings successfully saved to /home/runner/.config/mycroft/skills/mycroft-reminder.mycroftai/settings.json
2021-10-15 21:41:27.167 | INFO     |  5457 | mycroft.skills.settings:save_settings:116 | Skill settings successfully saved to /home/runner/.config/mycroft/skills/mycroft-installer.mycroftai/settings.json
2021-10-15 21:41:27.189 | INFO     |  5457 | mycroft.skills.settings:save_settings:116 | Skill settings successfully saved to /home/runner/.config/mycroft/skills/mycroft-version-checker.mycroftai/settings.json
2021-10-15 21:41:27.194 | INFO     |  5457 | mycroft.skills.settings:save_settings:116 | Skill settings successfully saved to /home/runner/.config/mycroft/skills/mycroft-singing.mycroftai/settings.json
2021-10-15 21:41:27.196 | INFO     |  5457 | mycroft.skills.settings:save_settings:116 | Skill settings successfully saved to /home/runner/.config/mycroft/skills/mycroft-joke.mycroftai/settings.json
2021-10-15 21:41:27.218 | INFO     |  5457 | HomeAssistantSkill | Removing all handlers...
2021-10-15 21:41:27.223 | WARNING  |  5457 | mycroft.skills.fallback_skill:remove_fallback:185 | Could not find matching fallback handler
2021-10-15 21:41:27.231 | INFO     |  5457 | mycroft.skills.settings:save_settings:116 | Skill settings successfully saved to /home/runner/.config/mycroft/skills/mycroft-alarm.mycroftai/settings.json
2021-10-15 21:41:27.232 | INFO     |  5457 | mycroft.skills.settings:save_settings:116 | Skill settings successfully saved to /home/runner/.config/mycroft/skills/mycroft-naptime.mycroftai/settings.json
2021-10-15 21:41:27.233 | INFO     |  5457 | mycroft.skills.settings:save_settings:116 | Skill settings successfully saved to /home/runner/.config/mycroft/skills/mycroft-spelling.mycroftai/settings.json
2021-10-15 21:41:27.235 | INFO     |  5457 | mycroft.skills.settings:save_settings:116 | Skill settings successfully saved to /home/runner/.config/mycroft/skills/mycroft-fallback-duck-duck-go.mycroftai/settings.json
2021-10-15 21:41:27.236 | INFO     |  5457 | mycroft.skills.settings:save_settings:116 | Skill settings successfully saved to /home/runner/.config/mycroft/skills/mycroft-npr-news.mycroftai/settings.json
2021-10-15 21:41:27.237 | INFO     |  5457 | mycroft.skills.settings:save_settings:116 | Skill settings successfully saved to /home/runner/.config/mycroft/skills/mycroft-support-helper.mycroftai/settings.json
2021-10-15 21:41:27.245 | INFO     |  5457 | mycroft.skills.settings:save_settings:116 | Skill settings successfully saved to /home/runner/.config/mycroft/skills/mycroft-weather.mycroftai/settings.json
2021-10-15 21:41:27.260 | INFO     |  5457 | mycroft.skills.settings:save_settings:116 | Skill settings successfully saved to /home/runner/.config/mycroft/skills/mycroft-speak.mycroftai/settings.json
2021-10-15 21:41:27.261 | INFO     |  5457 | mycroft.skills.settings:save_settings:116 | Skill settings successfully saved to /home/runner/.config/mycroft/skills/mycroft-audio-record.mycroftai/settings.json
2021-10-15 21:41:27.269 | INFO     |  5457 | mycroft.skills.settings:save_settings:116 | Skill settings successfully saved to /home/runner/.config/mycroft/skills/mycroft-stop.mycroftai/settings.json
2021-10-15 21:41:27.283 | INFO     |  5457 | mycroft.skills.settings:save_settings:116 | Skill settings successfully saved to /home/runner/.config/mycroft/skills/mycroft-hello-world.mycroftai/settings.json
2021-10-15 21:41:27.284 | INFO     |  5457 | mycroft.skills.settings:save_settings:116 | Skill settings successfully saved to /home/runner/.config/mycroft/skills/mycroft-date-time.mycroftai/settings.json
2021-10-15 21:41:27.286 | INFO     |  5457 | mycroft.skills.settings:save_settings:116 | Skill settings successfully saved to /home/runner/.config/mycroft/skills/mycroft-configuration.mycroftai/settings.json
2021-10-15 21:41:27.312 | INFO     |  5457 | QuestionsAnswersSkill | Removing all handlers...
2021-10-15 21:41:27.313 | INFO     |  5457 | mycroft.skills.settings:save_settings:116 | Skill settings successfully saved to /home/runner/.config/mycroft/skills/fallback-query.mycroftai/settings.json
2021-10-15 21:41:27.314 | INFO     |  5457 | mycroft.skills.settings:save_settings:116 | Skill settings successfully saved to /home/runner/.config/mycroft/skills/mycroft-personal.mycroftai/settings.json
2021-10-15 21:41:27.315 | INFO     |  5457 | mycroft.skills.settings:save_settings:116 | Skill settings successfully saved to /home/runner/.config/mycroft/skills/fallback-wolfram-alpha.mycroftai/settings.json
2021-10-15 21:41:27.330 | INFO     |  5457 | mycroft.skills.settings:save_settings:116 | Skill settings successfully saved to /home/runner/.config/mycroft/skills/mycroft-wiki.mycroftai/settings.json
2021-10-15 21:41:27.344 | INFO     |  5457 | UnknownSkill | Removing all handlers...
2021-10-15 21:41:27.345 | INFO     |  5457 | mycroft.skills.settings:save_settings:116 | Skill settings successfully saved to /home/runner/.config/mycroft/skills/fallback-unknown.mycroftai/settings.json
2021-10-15 21:41:27.350 | INFO     |  5457 | mycroft.skills.settings:save_settings:116 | Skill settings successfully saved to /home/runner/.config/mycroft/skills/mycroft-playback-control.mycroftai/settings.json
2021-10-15 21:41:28.350 | INFO     |  5457 | Playback Control Skill | Audio service status: {}
2021-10-15 21:41:29.352 | WARNING  |  5457 | mycroft.skills.skill_manager:_shutdown_skill:106 | mycroft-playback-control.mycroftai shutdown took 2.001956944000028 seconds
2021-10-15 21:41:29.352 | INFO     |  5457 | __main__:shutdown:291 | Skills service shutdown complete!
2021-10-15 21:41:30.415 | ERROR    |  5457 | websocket | error from callback <bound method MessageBusClient.on_message of <mycroft.messagebus.client.client.MessageBusClient object at 0x7f13c4a5ebd0>>: cannot schedule new futures after shutdown
2021-10-15 21:41:30.418 | ERROR    |  5457 | websocket | error from callback <bound method MessageBusClient.on_message of <mycroft.messagebus.client.client.MessageBusClient object at 0x7f13c4a5ebd0>>: cannot schedule new futures after shutdown
2021-10-15 21:41:30.419 | ERROR    |  5457 | websocket | error from callback <bound method MessageBusClient.on_message of <mycroft.messagebus.client.client.MessageBusClient object at 0x7f13c4a5ebd0>>: cannot schedule new futures after shutdown
2021-10-15 21:41:30.421 | ERROR    |  5457 | websocket | error from callback <bound method MessageBusClient.on_message of <mycroft.messagebus.client.client.MessageBusClient object at 0x7f13c4a5ebd0>>: cannot schedule new futures after shutdown
2021-10-15 21:41:30.422 | ERROR    |  5457 | websocket | error from callback <bound method MessageBusClient.on_message of <mycroft.messagebus.client.client.MessageBusClient object at 0x7f13c4a5ebd0>>: cannot schedule new futures after shutdown
