2021-10-10 21:27:58.844 | INFO     |  5443 | __main__:create_enclosure:55 | Creating generic enclosure, platform='None'
2021-10-10 21:27:58.850 | INFO     |  5443 | mycroft.messagebus.load_config:load_message_bus_config:33 | Loading message bus configs
2021-10-10 21:27:58.851 | INFO     |  5443 | mycroft.client.enclosure.base:create_gui_service:473 | Starting message bus for GUI...
2021-10-10 21:27:58.876 | INFO     |  5443 | mycroft.client.enclosure.base:create_gui_service:483 | GUI Message bus started!
2021-10-10 21:27:58.876 | INFO     |  5443 | mycroft.enclosure.display_manager:init_display_manager_bus_connection:152 | Connecting display manager to messagebus
2021-10-10 21:27:58.877 | INFO     |  5443 | mycroft.messagebus.load_config:load_message_bus_config:33 | Loading message bus configs
2021-10-10 21:27:58.883 | INFO     |  5443 | mycroft_bus_client.client.client | Connected
2021-10-10 21:27:58.978 | INFO     |  5443 | mycroft_bus_client.client.client | Connected
2021-10-10 21:27:58.986 | INFO     |  5443 | mycroft.util.process_utils:start_message_bus_client:155 | Connected to messagebus
2021-10-10 21:27:58.986 | INFO     |  5443 | __main__:on_ready:26 | Enclosure started!
2021-10-10 21:30:02.304 | ERROR    |  5443 | concurrent.futures | exception calling callback for <Future at 0x7f41f4189750 state=finished raised Exception>
Traceback (most recent call last):
  File "/opt/hostedtoolcache/Python/3.7.12/x64/lib/python3.7/concurrent/futures/_base.py", line 324, in _invoke_callbacks
    callback(self)
  File "/opt/mycroft-core/.venv/lib/python3.7/site-packages/pyee/_executor.py", line 56, in _callback
    self.emit('error', exc)
  File "/opt/mycroft-core/.venv/lib/python3.7/site-packages/pyee/_base.py", line 116, in emit
    self._emit_handle_potential_error(event, args[0] if args else None)
  File "/opt/mycroft-core/.venv/lib/python3.7/site-packages/pyee/_base.py", line 86, in _emit_handle_potential_error
    raise error
  File "/opt/hostedtoolcache/Python/3.7.12/x64/lib/python3.7/concurrent/futures/thread.py", line 57, in run
    result = self.fn(*self.args, **self.kwargs)
  File "/opt/mycroft-core/mycroft/client/enclosure/generic/__init__.py", line 72, in is_device_ready
    raise Exception('Timeout waiting for services start.')
Exception: Timeout waiting for services start.
2021-10-10 21:33:57.295 | INFO     |  5443 | __main__:on_stopping:30 | Enclosure is shutting down...
