2021-10-24 19:18:38.915 | INFO     |  5693 | mycroft.messagebus.load_config:load_message_bus_config:33 | Loading message bus configs
2021-10-24 19:18:38.930 | INFO     |  5693 | mycroft_bus_client.client.client | Connected
2021-10-24 19:18:38.934 | INFO     |  5693 | mycroft.util.process_utils:start_message_bus_client:155 | Connected to messagebus
2021-10-24 19:18:38.939 | INFO     |  5693 | mycroft.skills.msm_wrapper:create_msm:96 | Acquiring lock to instantiate MSM
2021-10-24 19:18:40.895 | INFO     |  5693 | msm.mycroft_skills_manager | building SkillEntry objects for all skills
2021-10-24 19:18:41.514 | INFO     |  5693 | mycroft.skills.msm_wrapper:create_msm:112 | Releasing MSM instantiation lock.
2021-10-24 19:18:41.515 | INFO     |  5693 | mycroft.skills.skill_updater:_log_next_download_time:267 | Next scheduled skill update: 2021-10-24 19:18:40.515087
2021-10-24 19:18:41.515 | INFO     |  5693 | msm.skill_entry | Downloading skill: https://github.com/mycroftai/skill-pairing
2021-10-24 19:18:42.729 | INFO     |  5693 | msm.skill_entry | Installing system requirements...
2021-10-24 19:18:42.752 | INFO     |  5693 | msm.skill_entry | Successfully installed mycroft-pairing
2021-10-24 19:18:42.753 | INFO     |  5693 | msm.mycroft_skills_manager | invalidating skills cache
2021-10-24 19:18:42.754 | INFO     |  5693 | mycroft.skills.skill_loader:load:185 | ATTEMPTING TO LOAD SKILL: mycroft-pairing.mycroftai
2021-10-24 19:18:42.761 | INFO     |  5693 | mycroft.skills.settings:get_local_settings:83 | /opt/mycroft/skills/mycroft-pairing.mycroftai/settings.json
2021-10-24 19:18:42.769 | INFO     |  5693 | mycroft.skills.skill_loader:_check_for_first_run:324 | First run of mycroft-pairing.mycroftai
2021-10-24 19:18:42.770 | INFO     |  5693 | mycroft.skills.settings:save_settings:116 | Skill settings successfully saved to /home/runner/.config/mycroft/skills/mycroft-pairing.mycroftai/settings.json
2021-10-24 19:18:42.772 | INFO     |  5693 | mycroft.skills.skill_loader:_communicate_load_status:344 | Skill mycroft-pairing.mycroftai loaded successfully
2021-10-24 19:18:42.772 | INFO     |  5693 | msm.skill_entry | Downloading skill: https://github.com/mycroftai/skill-volume
2021-10-24 19:18:43.608 | INFO     |  5693 | msm.skill_entry | Installing system requirements...
2021-10-24 19:18:43.618 | INFO     |  5693 | msm.skill_entry | Installing requirements.txt for mycroft-volume
2021-10-24 19:18:44.407 | INFO     |  5693 | msm.skill_entry | Successfully installed mycroft-volume
2021-10-24 19:18:44.408 | INFO     |  5693 | msm.mycroft_skills_manager | invalidating skills cache
2021-10-24 19:18:44.409 | INFO     |  5693 | mycroft.skills.skill_loader:load:185 | ATTEMPTING TO LOAD SKILL: mycroft-volume.mycroftai
2021-10-24 19:18:44.425 | INFO     |  5693 | mycroft.skills.settings:get_local_settings:83 | /opt/mycroft/skills/mycroft-volume.mycroftai/settings.json
2021-10-24 19:18:44.518 | ERROR    |  5693 | VolumeSkill | Couldn't allocate mixer, ALSAAudioError('No such file or directory [default]')
2021-10-24 19:18:47.519 | INFO     |  5693 | mycroft.skills.skill_loader:_check_for_first_run:324 | First run of mycroft-volume.mycroftai
2021-10-24 19:18:47.520 | INFO     |  5693 | mycroft.skills.settings:save_settings:116 | Skill settings successfully saved to /home/runner/.config/mycroft/skills/mycroft-volume.mycroftai/settings.json
2021-10-24 19:18:47.521 | INFO     |  5693 | mycroft.skills.skill_loader:_communicate_load_status:344 | Skill mycroft-volume.mycroftai loaded successfully
2021-10-24 19:18:47.521 | INFO     |  5693 | __main__:on_started:177 | Skills service is starting up.
2021-10-24 19:18:47.719 | INFO     |  5693 | __main__:_update_system:154 | Attempting system update...
2021-10-24 19:18:50.721 | INFO     |  5693 | mycroft.enclosure.display_manager:_write_data:70 | Display Manager is creating /tmp/mycroft/ipc/managers/disp_info
2021-10-24 19:18:50.723 | INFO     |  5693 | __main__:_ensure_device_is_paired:133 | Device not paired, invoking the pairing skill
2021-10-24 19:18:50.724 | INFO     |  5693 | __main__:on_alive:181 | Skills service is alive.
2021-10-24 19:18:50.725 | INFO     |  5693 | msm.mycroft_skills_manager | building SkillEntry objects for all skills
2021-10-24 19:18:51.011 | INFO     |  5693 | PairingSkill | Communicating account URL to user
2021-10-24 19:18:51.621 | WARNING  |  5693 | msm.mycroft_skills_manager | No such default skill: mycroft-pandora
2021-10-24 19:18:51.622 | INFO     |  5693 | mycroft.skills.skill_manager:run:234 | Not all default skills are installed, performing skill update...
2021-10-24 19:18:51.622 | INFO     |  5693 | mycroft.skills.skill_updater:update_skills:149 | Beginning skill update...
2021-10-24 19:18:51.816 | INFO     |  5693 | msm.mycroft_skills_manager | building SkillEntry objects for all skills
2021-10-24 19:18:53.036 | INFO     |  5693 | msm.mycroft_skills_manager | invalidating skills cache
2021-10-24 19:18:53.173 | INFO     |  5693 | msm.skill_entry | Downloading skill: https://github.com/mycroftai/fallback-wolfram-alpha
2021-10-24 19:18:53.182 | INFO     |  5693 | msm.skill_entry | Downloading skill: https://github.com/mycroftai/skill-alarm
2021-10-24 19:18:53.185 | INFO     |  5693 | msm.skill_entry | Downloading skill: https://github.com/mycroftai/skill-audio-record
2021-10-24 19:18:53.189 | INFO     |  5693 | msm.skill_entry | Downloading skill: https://github.com/mycroftai/skill-configuration
2021-10-24 19:18:53.202 | INFO     |  5693 | msm.skill_entry | Downloading skill: https://github.com/mycroftai/skill-date-time
2021-10-24 19:18:53.206 | INFO     |  5693 | msm.skill_entry | Downloading skill: https://github.com/mycroftai/fallback-duckduckgo
2021-10-24 19:18:53.208 | INFO     |  5693 | msm.skill_entry | Downloading skill: https://github.com/mycroftai/skill-hello-world
2021-10-24 19:18:53.211 | INFO     |  5693 | msm.skill_entry | Downloading skill: https://github.com/mycroftai/skill-installer
2021-10-24 19:18:53.215 | INFO     |  5693 | msm.skill_entry | Downloading skill: https://github.com/mycroftai/skill-ip
2021-10-24 19:18:53.227 | INFO     |  5693 | msm.skill_entry | Downloading skill: https://github.com/mycroftai/skill-joke
2021-10-24 19:18:53.238 | INFO     |  5693 | msm.skill_entry | Downloading skill: https://github.com/mycroftai/skill-naptime
2021-10-24 19:18:53.242 | INFO     |  5693 | msm.skill_entry | Downloading skill: https://github.com/mycroftai/skill-npr-news
2021-10-24 19:18:53.245 | INFO     |  5693 | msm.skill_entry | Downloading skill: https://github.com/mycroftai/skill-personal
2021-10-24 19:18:53.251 | INFO     |  5693 | msm.skill_entry | Downloading skill: https://github.com/mycroftai/skill-singing
2021-10-24 19:18:53.263 | INFO     |  5693 | msm.skill_entry | Downloading skill: https://github.com/mycroftai/skill-playback-control
2021-10-24 19:18:53.273 | INFO     |  5693 | msm.skill_entry | Downloading skill: https://github.com/mycroftai/skill-reminder
2021-10-24 19:18:53.410 | INFO     |  5693 | msm.skill_entry | Downloading skill: https://github.com/mycroftai/fallback-unknown
2021-10-24 19:18:53.855 | ERROR    |  5693 | msm.mycroft_skills_manager | Error running install_or_update on homeassistant.mycroftai: MergeConflict
2021-10-24 19:18:53.856 | INFO     |  5693 | msm.skill_entry | Downloading skill: https://github.com/mycroftai/skill-speak
2021-10-24 19:18:54.108 | INFO     |  5693 | msm.skill_entry | Installing system requirements...
2021-10-24 19:18:54.139 | INFO     |  5693 | msm.skill_entry | Installing requirements.txt for mycroft-joke
2021-10-24 19:18:54.202 | INFO     |  5693 | msm.skill_entry | Installing system requirements...
2021-10-24 19:18:54.342 | INFO     |  5693 | msm.skill_entry | Nothing new for mycroft-pairing
2021-10-24 19:18:54.347 | INFO     |  5693 | msm.skill_entry | Successfully installed mycroft-naptime
2021-10-24 19:18:54.348 | INFO     |  5693 | msm.mycroft_skills_manager | invalidating skills cache
2021-10-24 19:18:54.349 | INFO     |  5693 | msm.skill_entry | Installing system requirements...
2021-10-24 19:18:54.358 | INFO     |  5693 | msm.skill_entry | Downloading skill: https://github.com/mycroftai/skill-spelling
2021-10-24 19:18:54.380 | INFO     |  5693 | msm.skill_entry | Installing system requirements...
2021-10-24 19:18:54.432 | INFO     |  5693 | msm.skill_entry | Nothing new for mycroft-volume
2021-10-24 19:18:54.453 | INFO     |  5693 | msm.skill_entry | Successfully installed mycroft-hello-world
2021-10-24 19:18:54.453 | INFO     |  5693 | msm.mycroft_skills_manager | invalidating skills cache
2021-10-24 19:18:54.454 | INFO     |  5693 | msm.skill_entry | Downloading skill: https://github.com/mycroftai/skill-stop
2021-10-24 19:18:54.495 | INFO     |  5693 | msm.skill_entry | Installing system requirements...
2021-10-24 19:18:54.525 | INFO     |  5693 | msm.skill_entry | Downloading skill: https://github.com/mycroftai/skill-support
2021-10-24 19:18:54.596 | INFO     |  5693 | msm.skill_entry | Installing system requirements...
2021-10-24 19:18:54.605 | INFO     |  5693 | msm.skill_entry | Installing system requirements...
2021-10-24 19:18:54.613 | INFO     |  5693 | msm.skill_entry | Installing system requirements...
2021-10-24 19:18:54.633 | INFO     |  5693 | msm.skill_entry | Installing system requirements...
2021-10-24 19:18:54.640 | INFO     |  5693 | msm.skill_entry | Installing requirements.txt for mycroft-volume
2021-10-24 19:18:54.708 | INFO     |  5693 | msm.skill_entry | Installing requirements.txt for mycroft-configuration
2021-10-24 19:18:54.711 | INFO     |  5693 | msm.skill_entry | Installing requirements.txt for mycroft-installer
2021-10-24 19:18:54.715 | INFO     |  5693 | msm.skill_entry | Successfully installed fallback-unknown
2021-10-24 19:18:54.715 | INFO     |  5693 | msm.mycroft_skills_manager | invalidating skills cache
2021-10-24 19:18:54.718 | INFO     |  5693 | msm.skill_entry | Downloading skill: https://github.com/mycroftai/mycroft-timer
2021-10-24 19:18:54.729 | INFO     |  5693 | msm.skill_entry | Installing system requirements...
2021-10-24 19:18:54.733 | INFO     |  5693 | msm.skill_entry | Successfully installed mycroft-speak
2021-10-24 19:18:54.734 | INFO     |  5693 | msm.mycroft_skills_manager | invalidating skills cache
2021-10-24 19:18:54.757 | INFO     |  5693 | msm.skill_entry | Downloading skill: https://github.com/mycroftai/skill-weather
2021-10-24 19:18:54.824 | INFO     |  5693 | msm.skill_entry | Installing requirements.txt for mycroft-fallback-duck-duck-go
2021-10-24 19:18:54.936 | INFO     |  5693 | msm.skill_entry | Installing system requirements...
2021-10-24 19:18:54.945 | INFO     |  5693 | msm.skill_entry | Installing system requirements...
2021-10-24 19:18:54.960 | INFO     |  5693 | msm.skill_entry | Installing system requirements...
2021-10-24 19:18:54.978 | INFO     |  5693 | msm.skill_entry | Installing system requirements...
2021-10-24 19:18:55.020 | INFO     |  5693 | msm.skill_entry | Installing requirements.txt for mycroft-audio-record
2021-10-24 19:18:55.027 | INFO     |  5693 | msm.skill_entry | Installing requirements.txt for fallback-wolfram-alpha
2021-10-24 19:18:55.030 | INFO     |  5693 | msm.skill_entry | Installing requirements.txt for mycroft-ip
2021-10-24 19:18:55.031 | INFO     |  5693 | msm.skill_entry | Installing requirements.txt for mycroft-date-time
2021-10-24 19:18:55.191 | INFO     |  5693 | msm.skill_entry | Installing system requirements...
2021-10-24 19:18:55.206 | INFO     |  5693 | msm.skill_entry | Installing system requirements...
2021-10-24 19:18:55.230 | INFO     |  5693 | msm.skill_entry | Successfully installed mycroft-personal
2021-10-24 19:18:55.231 | INFO     |  5693 | msm.mycroft_skills_manager | invalidating skills cache
2021-10-24 19:18:55.233 | INFO     |  5693 | msm.skill_entry | Downloading skill: https://github.com/mycroftai/skill-version-checker
2021-10-24 19:18:55.256 | INFO     |  5693 | msm.skill_entry | Installing requirements.txt for mycroft-alarm
2021-10-24 19:18:55.269 | INFO     |  5693 | msm.skill_entry | Installing system requirements...
2021-10-24 19:18:55.308 | INFO     |  5693 | msm.skill_entry | Successfully installed mycroft-playback-control
2021-10-24 19:18:55.309 | INFO     |  5693 | msm.mycroft_skills_manager | invalidating skills cache
2021-10-24 19:18:55.312 | INFO     |  5693 | msm.skill_entry | Downloading skill: https://github.com/mycroftai/skill-wiki
2021-10-24 19:18:55.517 | INFO     |  5693 | msm.skill_entry | Installing system requirements...
2021-10-24 19:18:55.561 | INFO     |  5693 | msm.skill_entry | Installing requirements.txt for mycroft-npr-news
2021-10-24 19:18:55.573 | INFO     |  5693 | msm.skill_entry | Installing system requirements...
2021-10-24 19:18:55.601 | INFO     |  5693 | msm.skill_entry | Successfully installed mycroft-reminder
2021-10-24 19:18:55.601 | INFO     |  5693 | msm.mycroft_skills_manager | invalidating skills cache
2021-10-24 19:18:55.602 | INFO     |  5693 | msm.skill_entry | Downloading skill: https://github.com/MycroftAI/skill-query
2021-10-24 19:18:56.102 | INFO     |  5693 | msm.skill_entry | Installing system requirements...
2021-10-24 19:18:56.161 | INFO     |  5693 | msm.skill_entry | Installing system requirements...
2021-10-24 19:18:56.168 | INFO     |  5693 | msm.skill_entry | Successfully installed mycroft-timer
2021-10-24 19:18:56.168 | INFO     |  5693 | msm.mycroft_skills_manager | invalidating skills cache
2021-10-24 19:18:56.286 | INFO     |  5693 | msm.skill_entry | Successfully installed mycroft-version-checker
2021-10-24 19:18:56.287 | INFO     |  5693 | msm.mycroft_skills_manager | invalidating skills cache
2021-10-24 19:18:56.368 | INFO     |  5693 | msm.skill_entry | Installing system requirements...
2021-10-24 19:18:56.384 | INFO     |  5693 | msm.skill_entry | Installing system requirements...
2021-10-24 19:18:56.398 | INFO     |  5693 | msm.skill_entry | Installing system requirements...
2021-10-24 19:18:56.441 | INFO     |  5693 | msm.skill_entry | Successfully installed mycroft-stop
2021-10-24 19:18:56.442 | INFO     |  5693 | msm.mycroft_skills_manager | invalidating skills cache
2021-10-24 19:18:56.450 | INFO     |  5693 | msm.skill_entry | Installing system requirements...
2021-10-24 19:18:56.455 | INFO     |  5693 | msm.skill_entry | Successfully installed mycroft-spelling
2021-10-24 19:18:56.456 | INFO     |  5693 | msm.mycroft_skills_manager | invalidating skills cache
2021-10-24 19:18:56.486 | INFO     |  5693 | msm.skill_entry | Installing requirements.txt for mycroft-support-helper
2021-10-24 19:18:56.490 | INFO     |  5693 | msm.skill_entry | Installing requirements.txt for mycroft-wiki
2021-10-24 19:18:56.648 | INFO     |  5693 | msm.skill_entry | Installing system requirements...
2021-10-24 19:18:56.683 | ERROR    |  5693 | msm.mycroft_skills_manager | Error running install_or_update on homeassistant: MergeConflict
2021-10-24 19:18:56.706 | INFO     |  5693 | msm.skill_entry | Installing requirements.txt for mycroft-weather
2021-10-24 19:18:57.120 | INFO     |  5693 | msm.skill_entry | Successfully installed mycroft-joke
2021-10-24 19:18:57.120 | INFO     |  5693 | msm.mycroft_skills_manager | invalidating skills cache
2021-10-24 19:18:57.420 | INFO     |  5693 | msm.skill_entry | Installing system requirements...
2021-10-24 19:18:57.438 | INFO     |  5693 | msm.skill_entry | Successfully installed fallback-query
2021-10-24 19:18:57.438 | INFO     |  5693 | msm.mycroft_skills_manager | invalidating skills cache
2021-10-24 19:18:57.705 | INFO     |  5693 | msm.skill_entry | Installing system requirements...
2021-10-24 19:18:57.717 | INFO     |  5693 | msm.skill_entry | Successfully installed mycroft-singing
2021-10-24 19:18:57.717 | INFO     |  5693 | msm.mycroft_skills_manager | invalidating skills cache
2021-10-24 19:19:00.342 | INFO     |  5693 | msm.skill_entry | Successfully installed mycroft-configuration
2021-10-24 19:19:00.342 | INFO     |  5693 | msm.mycroft_skills_manager | invalidating skills cache
2021-10-24 19:19:01.386 | INFO     |  5693 | msm.skill_entry | Successfully installed mycroft-installer
2021-10-24 19:19:01.386 | INFO     |  5693 | msm.mycroft_skills_manager | invalidating skills cache
2021-10-24 19:19:02.472 | INFO     |  5693 | msm.skill_entry | Successfully installed mycroft-fallback-duck-duck-go
2021-10-24 19:19:02.472 | INFO     |  5693 | msm.mycroft_skills_manager | invalidating skills cache
2021-10-24 19:19:03.289 | INFO     |  5693 | msm.skill_entry | Successfully installed mycroft-audio-record
2021-10-24 19:19:03.290 | INFO     |  5693 | msm.mycroft_skills_manager | invalidating skills cache
2021-10-24 19:19:07.117 | INFO     |  5693 | msm.skill_entry | Successfully installed fallback-wolfram-alpha
2021-10-24 19:19:07.118 | INFO     |  5693 | msm.mycroft_skills_manager | invalidating skills cache
2021-10-24 19:19:07.979 | INFO     |  5693 | msm.skill_entry | Successfully installed mycroft-ip
2021-10-24 19:19:07.979 | INFO     |  5693 | msm.mycroft_skills_manager | invalidating skills cache
2021-10-24 19:19:21.348 | INFO     |  5693 | PairingSkill | Initiating device pairing sequence...
2021-10-24 19:19:21.348 | INFO     |  5693 | PairingSkill | Retrieving pairing code from device API...
2021-10-24 19:19:21.830 | INFO     |  5693 | PairingSkill | Pairing code obtained: XYH4LN
2021-10-24 19:19:21.830 | INFO     |  5693 | PairingSkill | Communicating pairing URL to user
2021-10-24 19:19:23.547 | INFO     |  5693 | msm.skill_entry | Successfully installed mycroft-date-time
2021-10-24 19:19:23.547 | INFO     |  5693 | msm.mycroft_skills_manager | invalidating skills cache
2021-10-24 19:19:24.393 | INFO     |  5693 | msm.skill_entry | Successfully installed mycroft-alarm
2021-10-24 19:19:24.394 | INFO     |  5693 | msm.mycroft_skills_manager | invalidating skills cache
2021-10-24 19:19:27.782 | INFO     |  5693 | msm.skill_entry | Successfully installed mycroft-npr-news
2021-10-24 19:19:27.783 | INFO     |  5693 | msm.mycroft_skills_manager | invalidating skills cache
2021-10-24 19:19:30.131 | INFO     |  5693 | msm.skill_entry | Successfully installed mycroft-support-helper
2021-10-24 19:19:30.131 | INFO     |  5693 | msm.mycroft_skills_manager | invalidating skills cache
2021-10-24 19:19:31.843 | INFO     |  5693 | msm.skill_entry | Successfully installed mycroft-wiki
2021-10-24 19:19:31.844 | INFO     |  5693 | msm.mycroft_skills_manager | invalidating skills cache
2021-10-24 19:19:32.779 | INFO     |  5693 | msm.skill_entry | Successfully installed mycroft-weather
2021-10-24 19:19:32.780 | INFO     |  5693 | msm.mycroft_skills_manager | invalidating skills cache
2021-10-24 19:19:32.846 | INFO     |  5693 | mycroft.skills.skill_updater:_log_next_download_time:267 | Next scheduled skill update: 2021-10-24 20:19:32.845944
2021-10-24 19:19:32.846 | INFO     |  5693 | mycroft.skills.skill_updater:update_skills:170 | Skill update complete
2021-10-24 19:19:32.847 | INFO     |  5693 | mycroft.skills.skill_manager:_load_on_startup:273 | Loading installed skills...
2021-10-24 19:19:32.848 | INFO     |  5693 | mycroft.skills.skill_loader:load:185 | ATTEMPTING TO LOAD SKILL: mycroft-ip.mycroftai
2021-10-24 19:19:32.884 | INFO     |  5693 | mycroft.skills.settings:get_local_settings:83 | /opt/mycroft/skills/mycroft-ip.mycroftai/settings.json
2021-10-24 19:19:32.897 | INFO     |  5693 | mycroft.skills.skill_loader:_check_for_first_run:324 | First run of mycroft-ip.mycroftai
2021-10-24 19:19:32.897 | INFO     |  5693 | mycroft.skills.settings:save_settings:116 | Skill settings successfully saved to /home/runner/.config/mycroft/skills/mycroft-ip.mycroftai/settings.json
2021-10-24 19:19:32.898 | INFO     |  5693 | mycroft.skills.skill_loader:_communicate_load_status:344 | Skill mycroft-ip.mycroftai loaded successfully
2021-10-24 19:19:32.898 | INFO     |  5693 | mycroft.skills.skill_loader:load:185 | ATTEMPTING TO LOAD SKILL: mycroft-reminder.mycroftai
2021-10-24 19:19:32.933 | INFO     |  5693 | mycroft.skills.settings:get_local_settings:83 | /opt/mycroft/skills/mycroft-reminder.mycroftai/settings.json
2021-10-24 19:19:32.977 | INFO     |  5693 | mycroft.skills.skill_loader:_check_for_first_run:324 | First run of mycroft-reminder.mycroftai
2021-10-24 19:19:32.978 | INFO     |  5693 | mycroft.skills.settings:save_settings:116 | Skill settings successfully saved to /home/runner/.config/mycroft/skills/mycroft-reminder.mycroftai/settings.json
2021-10-24 19:19:32.978 | INFO     |  5693 | mycroft.skills.skill_loader:_communicate_load_status:344 | Skill mycroft-reminder.mycroftai loaded successfully
2021-10-24 19:19:32.979 | INFO     |  5693 | mycroft.skills.skill_loader:load:185 | ATTEMPTING TO LOAD SKILL: mycroft-installer.mycroftai
2021-10-24 19:19:32.989 | INFO     |  5693 | mycroft.skills.settings:get_local_settings:83 | /opt/mycroft/skills/mycroft-installer.mycroftai/settings.json
2021-10-24 19:19:33.014 | INFO     |  5693 | mycroft.skills.skill_loader:_check_for_first_run:324 | First run of mycroft-installer.mycroftai
2021-10-24 19:19:33.015 | INFO     |  5693 | mycroft.skills.settings:save_settings:116 | Skill settings successfully saved to /home/runner/.config/mycroft/skills/mycroft-installer.mycroftai/settings.json
2021-10-24 19:19:33.020 | INFO     |  5693 | mycroft.skills.skill_loader:_communicate_load_status:344 | Skill mycroft-installer.mycroftai loaded successfully
2021-10-24 19:19:33.020 | INFO     |  5693 | mycroft.skills.skill_loader:load:185 | ATTEMPTING TO LOAD SKILL: mycroft-version-checker.mycroftai
2021-10-24 19:19:33.025 | INFO     |  5693 | mycroft.skills.settings:get_local_settings:83 | /opt/mycroft/skills/mycroft-version-checker.mycroftai/settings.json
2021-10-24 19:19:33.075 | INFO     |  5693 | mycroft.skills.skill_loader:_check_for_first_run:324 | First run of mycroft-version-checker.mycroftai
2021-10-24 19:19:33.076 | INFO     |  5693 | mycroft.skills.settings:save_settings:116 | Skill settings successfully saved to /home/runner/.config/mycroft/skills/mycroft-version-checker.mycroftai/settings.json
2021-10-24 19:19:33.093 | INFO     |  5693 | mycroft.skills.skill_loader:_communicate_load_status:344 | Skill mycroft-version-checker.mycroftai loaded successfully
2021-10-24 19:19:33.094 | INFO     |  5693 | mycroft.skills.skill_loader:load:185 | ATTEMPTING TO LOAD SKILL: mycroft-singing.mycroftai
2021-10-24 19:19:33.101 | INFO     |  5693 | mycroft.skills.settings:get_local_settings:83 | /opt/mycroft/skills/mycroft-singing.mycroftai/settings.json
2021-10-24 19:19:33.115 | INFO     |  5693 | mycroft.skills.skill_loader:_check_for_first_run:324 | First run of mycroft-singing.mycroftai
2021-10-24 19:19:33.116 | INFO     |  5693 | mycroft.skills.settings:save_settings:116 | Skill settings successfully saved to /home/runner/.config/mycroft/skills/mycroft-singing.mycroftai/settings.json
2021-10-24 19:19:33.120 | INFO     |  5693 | mycroft.skills.skill_loader:_communicate_load_status:344 | Skill mycroft-singing.mycroftai loaded successfully
2021-10-24 19:19:33.121 | INFO     |  5693 | mycroft.skills.skill_loader:load:185 | ATTEMPTING TO LOAD SKILL: mycroft-joke.mycroftai
2021-10-24 19:19:33.126 | INFO     |  5693 | mycroft.skills.settings:get_local_settings:83 | /opt/mycroft/skills/mycroft-joke.mycroftai/settings.json
2021-10-24 19:19:33.144 | INFO     |  5693 | mycroft.skills.skill_loader:_check_for_first_run:324 | First run of mycroft-joke.mycroftai
2021-10-24 19:19:33.145 | INFO     |  5693 | mycroft.skills.settings:save_settings:116 | Skill settings successfully saved to /home/runner/.config/mycroft/skills/mycroft-joke.mycroftai/settings.json
2021-10-24 19:19:33.145 | INFO     |  5693 | mycroft.skills.skill_loader:_communicate_load_status:344 | Skill mycroft-joke.mycroftai loaded successfully
2021-10-24 19:19:33.147 | INFO     |  5693 | mycroft.skills.skill_loader:load:185 | ATTEMPTING TO LOAD SKILL: mycroft-timer.mycroftai
2021-10-24 19:19:33.164 | INFO     |  5693 | mycroft.skills.settings:get_local_settings:83 | /opt/mycroft/skills/mycroft-timer.mycroftai/settings.json
2021-10-24 19:19:33.227 | INFO     |  5693 | mycroft.skills.skill_loader:_check_for_first_run:324 | First run of mycroft-timer.mycroftai
2021-10-24 19:19:33.228 | INFO     |  5693 | mycroft.skills.settings:save_settings:116 | Skill settings successfully saved to /home/runner/.config/mycroft/skills/mycroft-timer.mycroftai/settings.json
2021-10-24 19:19:33.229 | INFO     |  5693 | mycroft.skills.skill_loader:_communicate_load_status:344 | Skill mycroft-timer.mycroftai loaded successfully
2021-10-24 19:19:33.232 | INFO     |  5693 | mycroft.skills.skill_loader:load:185 | ATTEMPTING TO LOAD SKILL: homeassistant.mycroftai
2021-10-24 19:19:33.526 | INFO     |  5693 | mycroft.skills.settings:get_local_settings:83 | /opt/mycroft/skills/homeassistant.mycroftai/settings.json
2021-10-24 19:19:33.527 | INFO     |  5693 | mycroft.skills.settings:get_local_settings:83 | /opt/mycroft/skills/homeassistant.mycroftai/settings.json
2021-10-24 19:19:33.595 | INFO     |  5693 | mycroft.skills.skill_loader:_communicate_load_status:344 | Skill homeassistant.mycroftai loaded successfully
2021-10-24 19:19:33.598 | INFO     |  5693 | mycroft.skills.skill_loader:load:185 | ATTEMPTING TO LOAD SKILL: mycroft-alarm.mycroftai
2021-10-24 19:19:33.624 | INFO     |  5693 | mycroft.skills.settings:get_local_settings:83 | /opt/mycroft/skills/mycroft-alarm.mycroftai/settings.json
2021-10-24 19:19:33.625 | ERROR    |  5693 | AlarmSkill | Couldn't allocate mixer, ALSAAudioError('No such file or directory [default]')
2021-10-24 19:19:33.709 | INFO     |  5693 | mycroft.skills.skill_loader:_check_for_first_run:324 | First run of mycroft-alarm.mycroftai
2021-10-24 19:19:33.711 | INFO     |  5693 | mycroft.skills.settings:save_settings:116 | Skill settings successfully saved to /home/runner/.config/mycroft/skills/mycroft-alarm.mycroftai/settings.json
2021-10-24 19:19:33.714 | INFO     |  5693 | mycroft.skills.skill_loader:_communicate_load_status:344 | Skill mycroft-alarm.mycroftai loaded successfully
2021-10-24 19:19:33.714 | INFO     |  5693 | mycroft.skills.skill_loader:load:185 | ATTEMPTING TO LOAD SKILL: mycroft-naptime.mycroftai
2021-10-24 19:19:33.718 | INFO     |  5693 | mycroft.skills.settings:get_local_settings:83 | /opt/mycroft/skills/mycroft-naptime.mycroftai/settings.json
2021-10-24 19:19:33.738 | INFO     |  5693 | mycroft.skills.skill_loader:_check_for_first_run:324 | First run of mycroft-naptime.mycroftai
2021-10-24 19:19:33.739 | INFO     |  5693 | mycroft.skills.settings:save_settings:116 | Skill settings successfully saved to /home/runner/.config/mycroft/skills/mycroft-naptime.mycroftai/settings.json
2021-10-24 19:19:33.740 | INFO     |  5693 | mycroft.skills.skill_loader:_communicate_load_status:344 | Skill mycroft-naptime.mycroftai loaded successfully
2021-10-24 19:19:33.745 | INFO     |  5693 | mycroft.skills.skill_loader:load:185 | ATTEMPTING TO LOAD SKILL: mycroft-spelling.mycroftai
2021-10-24 19:19:33.751 | INFO     |  5693 | mycroft.skills.settings:get_local_settings:83 | /opt/mycroft/skills/mycroft-spelling.mycroftai/settings.json
2021-10-24 19:19:33.775 | INFO     |  5693 | mycroft.skills.skill_loader:_check_for_first_run:324 | First run of mycroft-spelling.mycroftai
2021-10-24 19:19:33.776 | INFO     |  5693 | mycroft.skills.settings:save_settings:116 | Skill settings successfully saved to /home/runner/.config/mycroft/skills/mycroft-spelling.mycroftai/settings.json
2021-10-24 19:19:33.777 | INFO     |  5693 | mycroft.skills.skill_loader:_communicate_load_status:344 | Skill mycroft-spelling.mycroftai loaded successfully
2021-10-24 19:19:33.778 | INFO     |  5693 | mycroft.skills.skill_loader:load:185 | ATTEMPTING TO LOAD SKILL: mycroft-fallback-duck-duck-go.mycroftai
2021-10-24 19:19:33.796 | INFO     |  5693 | mycroft.skills.settings:get_local_settings:83 | /opt/mycroft/skills/mycroft-fallback-duck-duck-go.mycroftai/settings.json
2021-10-24 19:19:33.824 | INFO     |  5693 | mycroft.skills.skill_loader:_check_for_first_run:324 | First run of mycroft-fallback-duck-duck-go.mycroftai
2021-10-24 19:19:33.824 | INFO     |  5693 | mycroft.skills.settings:save_settings:116 | Skill settings successfully saved to /home/runner/.config/mycroft/skills/mycroft-fallback-duck-duck-go.mycroftai/settings.json
2021-10-24 19:19:33.830 | INFO     |  5693 | mycroft.skills.skill_loader:_communicate_load_status:344 | Skill mycroft-fallback-duck-duck-go.mycroftai loaded successfully
2021-10-24 19:19:33.830 | INFO     |  5693 | mycroft.skills.skill_loader:load:185 | ATTEMPTING TO LOAD SKILL: mycroft-npr-news.mycroftai
2021-10-24 19:19:33.935 | INFO     |  5693 | mycroft.skills.settings:get_local_settings:83 | /opt/mycroft/skills/mycroft-npr-news.mycroftai/settings.json
2021-10-24 19:19:34.975 | INFO     |  5693 | mycroft.skills.skill_loader:_check_for_first_run:324 | First run of mycroft-npr-news.mycroftai
2021-10-24 19:19:34.976 | INFO     |  5693 | mycroft.skills.settings:save_settings:116 | Skill settings successfully saved to /home/runner/.config/mycroft/skills/mycroft-npr-news.mycroftai/settings.json
2021-10-24 19:19:34.998 | INFO     |  5693 | mycroft.skills.skill_loader:_communicate_load_status:344 | Skill mycroft-npr-news.mycroftai loaded successfully
2021-10-24 19:19:34.999 | INFO     |  5693 | mycroft.skills.skill_loader:load:185 | ATTEMPTING TO LOAD SKILL: mycroft-support-helper.mycroftai
2021-10-24 19:19:35.007 | INFO     |  5693 | mycroft.skills.settings:get_local_settings:83 | /opt/mycroft/skills/mycroft-support-helper.mycroftai/settings.json
2021-10-24 19:19:35.011 | INFO     |  5693 | mycroft.skills.skill_loader:_check_for_first_run:324 | First run of mycroft-support-helper.mycroftai
2021-10-24 19:19:35.013 | INFO     |  5693 | mycroft.skills.settings:save_settings:116 | Skill settings successfully saved to /home/runner/.config/mycroft/skills/mycroft-support-helper.mycroftai/settings.json
2021-10-24 19:19:35.051 | INFO     |  5693 | mycroft.skills.skill_loader:_communicate_load_status:344 | Skill mycroft-support-helper.mycroftai loaded successfully
2021-10-24 19:19:35.053 | INFO     |  5693 | mycroft.skills.skill_loader:load:185 | ATTEMPTING TO LOAD SKILL: mycroft-weather.mycroftai
2021-10-24 19:19:35.071 | INFO     |  5693 | mycroft.skills.settings:get_local_settings:83 | /opt/mycroft/skills/mycroft-weather.mycroftai/settings.json
2021-10-24 19:19:35.212 | INFO     |  5693 | mycroft.skills.skill_loader:_check_for_first_run:324 | First run of mycroft-weather.mycroftai
2021-10-24 19:19:35.213 | INFO     |  5693 | mycroft.skills.settings:save_settings:116 | Skill settings successfully saved to /home/runner/.config/mycroft/skills/mycroft-weather.mycroftai/settings.json
2021-10-24 19:19:35.214 | INFO     |  5693 | mycroft.skills.skill_loader:_communicate_load_status:344 | Skill mycroft-weather.mycroftai loaded successfully
2021-10-24 19:19:35.215 | INFO     |  5693 | mycroft.skills.skill_loader:load:185 | ATTEMPTING TO LOAD SKILL: mycroft-speak.mycroftai
2021-10-24 19:19:35.219 | INFO     |  5693 | mycroft.skills.settings:get_local_settings:83 | /opt/mycroft/skills/mycroft-speak.mycroftai/settings.json
2021-10-24 19:19:35.233 | INFO     |  5693 | mycroft.skills.skill_loader:_check_for_first_run:324 | First run of mycroft-speak.mycroftai
2021-10-24 19:19:35.234 | INFO     |  5693 | mycroft.skills.settings:save_settings:116 | Skill settings successfully saved to /home/runner/.config/mycroft/skills/mycroft-speak.mycroftai/settings.json
2021-10-24 19:19:35.256 | INFO     |  5693 | mycroft.skills.skill_loader:_communicate_load_status:344 | Skill mycroft-speak.mycroftai loaded successfully
2021-10-24 19:19:35.256 | INFO     |  5693 | mycroft.skills.skill_loader:load:185 | ATTEMPTING TO LOAD SKILL: mycroft-audio-record.mycroftai
2021-10-24 19:19:35.264 | INFO     |  5693 | mycroft.skills.settings:get_local_settings:83 | /opt/mycroft/skills/mycroft-audio-record.mycroftai/settings.json
2021-10-24 19:19:35.292 | INFO     |  5693 | mycroft.skills.skill_loader:_check_for_first_run:324 | First run of mycroft-audio-record.mycroftai
2021-10-24 19:19:35.295 | INFO     |  5693 | mycroft.skills.settings:save_settings:116 | Skill settings successfully saved to /home/runner/.config/mycroft/skills/mycroft-audio-record.mycroftai/settings.json
2021-10-24 19:19:35.317 | INFO     |  5693 | mycroft.skills.skill_loader:_communicate_load_status:344 | Skill mycroft-audio-record.mycroftai loaded successfully
2021-10-24 19:19:35.318 | INFO     |  5693 | mycroft.skills.skill_loader:load:185 | ATTEMPTING TO LOAD SKILL: mycroft-stop.mycroftai
2021-10-24 19:19:35.324 | INFO     |  5693 | mycroft.skills.settings:get_local_settings:83 | /opt/mycroft/skills/mycroft-stop.mycroftai/settings.json
2021-10-24 19:19:35.339 | INFO     |  5693 | mycroft.skills.skill_loader:_check_for_first_run:324 | First run of mycroft-stop.mycroftai
2021-10-24 19:19:35.340 | INFO     |  5693 | mycroft.skills.settings:save_settings:116 | Skill settings successfully saved to /home/runner/.config/mycroft/skills/mycroft-stop.mycroftai/settings.json
2021-10-24 19:19:35.356 | INFO     |  5693 | mycroft.skills.skill_loader:_communicate_load_status:344 | Skill mycroft-stop.mycroftai loaded successfully
2021-10-24 19:19:35.357 | INFO     |  5693 | mycroft.skills.skill_loader:load:185 | ATTEMPTING TO LOAD SKILL: mycroft-hello-world.mycroftai
2021-10-24 19:19:35.362 | INFO     |  5693 | mycroft.skills.settings:get_local_settings:83 | /opt/mycroft/skills/mycroft-hello-world.mycroftai/settings.json
2021-10-24 19:19:35.374 | INFO     |  5693 | mycroft.skills.skill_loader:_check_for_first_run:324 | First run of mycroft-hello-world.mycroftai
2021-10-24 19:19:35.374 | INFO     |  5693 | mycroft.skills.settings:save_settings:116 | Skill settings successfully saved to /home/runner/.config/mycroft/skills/mycroft-hello-world.mycroftai/settings.json
2021-10-24 19:19:35.375 | INFO     |  5693 | mycroft.skills.skill_loader:_communicate_load_status:344 | Skill mycroft-hello-world.mycroftai loaded successfully
2021-10-24 19:19:35.376 | INFO     |  5693 | mycroft.skills.skill_loader:load:185 | ATTEMPTING TO LOAD SKILL: mycroft-date-time.mycroftai
2021-10-24 19:19:35.837 | INFO     |  5693 | mycroft.skills.settings:get_local_settings:83 | /opt/mycroft/skills/mycroft-date-time.mycroftai/settings.json
2021-10-24 19:19:35.871 | INFO     |  5693 | TimeSkill | Registering resting screen <bound method TimeSkill.handle_idle of <mycroft-date-time_mycroftai.TimeSkill object at 0x7f135843c610>> for Time and Date.
2021-10-24 19:19:35.873 | INFO     |  5693 | TimeSkill | Registering resting screen
2021-10-24 19:19:35.877 | INFO     |  5693 | mycroft.skills.skill_loader:_check_for_first_run:324 | First run of mycroft-date-time.mycroftai
2021-10-24 19:19:35.878 | INFO     |  5693 | mycroft.skills.settings:save_settings:116 | Skill settings successfully saved to /home/runner/.config/mycroft/skills/mycroft-date-time.mycroftai/settings.json
2021-10-24 19:19:35.879 | INFO     |  5693 | mycroft.skills.skill_loader:_communicate_load_status:344 | Skill mycroft-date-time.mycroftai loaded successfully
2021-10-24 19:19:35.880 | INFO     |  5693 | mycroft.skills.skill_loader:load:185 | ATTEMPTING TO LOAD SKILL: mycroft-configuration.mycroftai
2021-10-24 19:19:35.886 | INFO     |  5693 | mycroft.skills.settings:get_local_settings:83 | /opt/mycroft/skills/mycroft-configuration.mycroftai/settings.json
2021-10-24 19:19:35.906 | INFO     |  5693 | mycroft.skills.skill_loader:_check_for_first_run:324 | First run of mycroft-configuration.mycroftai
2021-10-24 19:19:35.907 | INFO     |  5693 | mycroft.skills.settings:save_settings:116 | Skill settings successfully saved to /home/runner/.config/mycroft/skills/mycroft-configuration.mycroftai/settings.json
2021-10-24 19:19:35.908 | INFO     |  5693 | mycroft.skills.skill_loader:_communicate_load_status:344 | Skill mycroft-configuration.mycroftai loaded successfully
2021-10-24 19:19:35.908 | INFO     |  5693 | mycroft.skills.skill_loader:load:185 | ATTEMPTING TO LOAD SKILL: fallback-query.mycroftai
2021-10-24 19:19:35.913 | INFO     |  5693 | mycroft.skills.settings:get_local_settings:83 | /opt/mycroft/skills/fallback-query.mycroftai/settings.json
2021-10-24 19:19:35.921 | INFO     |  5693 | mycroft.skills.skill_loader:_check_for_first_run:324 | First run of fallback-query.mycroftai
2021-10-24 19:19:35.921 | INFO     |  5693 | mycroft.skills.settings:save_settings:116 | Skill settings successfully saved to /home/runner/.config/mycroft/skills/fallback-query.mycroftai/settings.json
2021-10-24 19:19:35.922 | INFO     |  5693 | mycroft.skills.skill_loader:_communicate_load_status:344 | Skill fallback-query.mycroftai loaded successfully
2021-10-24 19:19:35.922 | INFO     |  5693 | mycroft.skills.skill_loader:load:185 | ATTEMPTING TO LOAD SKILL: mycroft-personal.mycroftai
2021-10-24 19:19:35.930 | INFO     |  5693 | mycroft.skills.settings:get_local_settings:83 | /opt/mycroft/skills/mycroft-personal.mycroftai/settings.json
2021-10-24 19:19:35.964 | INFO     |  5693 | mycroft.skills.skill_loader:_check_for_first_run:324 | First run of mycroft-personal.mycroftai
2021-10-24 19:19:35.964 | INFO     |  5693 | mycroft.skills.settings:save_settings:116 | Skill settings successfully saved to /home/runner/.config/mycroft/skills/mycroft-personal.mycroftai/settings.json
2021-10-24 19:19:35.965 | INFO     |  5693 | mycroft.skills.skill_loader:_communicate_load_status:344 | Skill mycroft-personal.mycroftai loaded successfully
2021-10-24 19:19:35.966 | INFO     |  5693 | mycroft.skills.skill_loader:load:185 | ATTEMPTING TO LOAD SKILL: fallback-wolfram-alpha.mycroftai
2021-10-24 19:19:36.000 | INFO     |  5693 | mycroft.skills.settings:get_local_settings:83 | /opt/mycroft/skills/fallback-wolfram-alpha.mycroftai/settings.json
2021-10-24 19:19:36.023 | INFO     |  5693 | mycroft.skills.skill_loader:_check_for_first_run:324 | First run of fallback-wolfram-alpha.mycroftai
2021-10-24 19:19:36.024 | INFO     |  5693 | mycroft.skills.settings:save_settings:116 | Skill settings successfully saved to /home/runner/.config/mycroft/skills/fallback-wolfram-alpha.mycroftai/settings.json
2021-10-24 19:19:36.025 | INFO     |  5693 | mycroft.skills.skill_loader:_communicate_load_status:344 | Skill fallback-wolfram-alpha.mycroftai loaded successfully
2021-10-24 19:19:36.025 | INFO     |  5693 | mycroft.skills.skill_loader:load:185 | ATTEMPTING TO LOAD SKILL: mycroft-wiki.mycroftai
2021-10-24 19:19:36.031 | INFO     |  5693 | mycroft.skills.settings:get_local_settings:83 | /opt/mycroft/skills/mycroft-wiki.mycroftai/settings.json
2021-10-24 19:19:36.080 | INFO     |  5693 | mycroft.skills.skill_loader:_check_for_first_run:324 | First run of mycroft-wiki.mycroftai
2021-10-24 19:19:36.087 | INFO     |  5693 | mycroft.skills.settings:save_settings:116 | Skill settings successfully saved to /home/runner/.config/mycroft/skills/mycroft-wiki.mycroftai/settings.json
2021-10-24 19:19:36.088 | INFO     |  5693 | mycroft.skills.skill_loader:_communicate_load_status:344 | Skill mycroft-wiki.mycroftai loaded successfully
2021-10-24 19:19:36.088 | INFO     |  5693 | mycroft.skills.skill_loader:load:185 | ATTEMPTING TO LOAD SKILL: fallback-unknown.mycroftai
2021-10-24 19:19:36.111 | INFO     |  5693 | mycroft.skills.settings:get_local_settings:83 | /opt/mycroft/skills/fallback-unknown.mycroftai/settings.json
2021-10-24 19:19:36.134 | INFO     |  5693 | mycroft.skills.skill_loader:_check_for_first_run:324 | First run of fallback-unknown.mycroftai
2021-10-24 19:19:36.134 | INFO     |  5693 | mycroft.skills.settings:save_settings:116 | Skill settings successfully saved to /home/runner/.config/mycroft/skills/fallback-unknown.mycroftai/settings.json
2021-10-24 19:19:36.135 | INFO     |  5693 | mycroft.skills.skill_loader:_communicate_load_status:344 | Skill fallback-unknown.mycroftai loaded successfully
2021-10-24 19:19:36.135 | INFO     |  5693 | mycroft.skills.skill_loader:load:185 | ATTEMPTING TO LOAD SKILL: mycroft-playback-control.mycroftai
2021-10-24 19:19:36.146 | INFO     |  5693 | mycroft.skills.settings:get_local_settings:83 | /opt/mycroft/skills/mycroft-playback-control.mycroftai/settings.json
2021-10-24 19:19:36.314 | INFO     |  5693 | mycroft.skills.skill_loader:_check_for_first_run:324 | First run of mycroft-playback-control.mycroftai
2021-10-24 19:19:36.315 | INFO     |  5693 | mycroft.skills.settings:save_settings:116 | Skill settings successfully saved to /home/runner/.config/mycroft/skills/mycroft-playback-control.mycroftai/settings.json
2021-10-24 19:19:36.331 | INFO     |  5693 | mycroft.skills.skill_loader:_communicate_load_status:344 | Skill mycroft-playback-control.mycroftai loaded successfully
2021-10-24 19:19:36.340 | INFO     |  5693 | mycroft.skills.skill_manager:_load_on_startup:275 | Skills all loaded!
2021-10-24 19:19:36.438 | INFO     |  5693 | __main__:on_ready:185 | Skills service is ready.
2021-10-24 19:19:36.604 | INFO     |  5693 | mycroft.skills.intent_services.padatious_service:train:151 | Training... (single_thread=False)
Regenerated mycroft-alarm.mycroftai:{daytype}.
Regenerated mycroft-reminder.mycroftai:Reminder.intent.
Regenerated mycroft-reminder.mycroftai:GetNextReminders.intent.
Regenerated mycroft-installer.mycroftai:list.skills.intent.
Regenerated mycroft-installer.mycroftai:install.intent.
Regenerated mycroft-installer.mycroftai:install.beta.intent.
Regenerated mycroft-installer.mycroftai:remove.intent.
Regenerated mycroft-installer.mycroftai:install.custom.intent.
Regenerated mycroft-installer.mycroftai:is.installed.intent.
Regenerated mycroft-timer.mycroftai:timer.status.intent.
Regenerated mycroft-timer.mycroftai:start.timer.intent.
Regenerated homeassistant.mycroftai:tracker.intent.
Regenerated homeassistant.mycroftai:increase.light.brightness.intent.
Regenerated homeassistant.mycroftai:turn.off.intent.
Regenerated homeassistant.mycroftai:decrease.light.brightness.intent.
Regenerated mycroft-alarm.mycroftai:change.alarm.sound.intent.
Regenerated mycroft-alarm.mycroftai:snooze.intent.
Regenerated mycroft-npr-news.mycroftai:PlayTheNews.intent.
Regenerated mycroft-support-helper.mycroftai:contact.support.intent.
Regenerated mycroft-weather.mycroftai:do-i-need-an-umbrella.intent.
Regenerated mycroft-audio-record.mycroftai:StartRecording.intent.
Regenerated mycroft-audio-record.mycroftai:PlayRecording.intent.
Regenerated mycroft-reminder.mycroftai:ReminderAt.intent.
Regenerated mycroft-reminder.mycroftai:GetRemindersForDay.intent.
Regenerated mycroft-reminder.mycroftai:UnspecifiedReminderAt.intent.
Regenerated mycroft-reminder.mycroftai:ClearReminders.intent.
Regenerated mycroft-reminder.mycroftai:CancelActiveReminder.intent.
Regenerated mycroft-reminder.mycroftai:DeleteReminderForDay.intent.
Regenerated mycroft-reminder.mycroftai:SnoozeReminder.intent.
Regenerated homeassistant.mycroftai:automation.intent.
Regenerated homeassistant.mycroftai:turn.on.intent.
Regenerated homeassistant.mycroftai:add.item.shopping.list.intent.
Regenerated homeassistant.mycroftai:set.climate.intent.
Regenerated homeassistant.mycroftai:set.light.brightness.intent.
Regenerated homeassistant.mycroftai:toggle.intent.
Regenerated homeassistant.mycroftai:sensor.intent.
Regenerated mycroft-stop.mycroftai:shutdown.intent.
Regenerated mycroft-stop.mycroftai:ssh.enable.intent.
Regenerated mycroft-stop.mycroftai:ssh.disable.intent.
Regenerated mycroft-stop.mycroftai:reboot.intent.
Regenerated mycroft-stop.mycroftai:wifi.setup.intent.
Regenerated mycroft-hello-world.mycroftai:HowAreYou.intent.
Regenerated mycroft-date-time.mycroftai:date.future.weekend.intent.
Regenerated mycroft-date-time.mycroftai:date.last.weekend.intent.
Regenerated mycroft-date-time.mycroftai:what.time.will.it.be.intent.
Regenerated mycroft-date-time.mycroftai:what.time.is.it.intent.
Regenerated mycroft-configuration.mycroftai:DisablePreciseDev.intent.
Regenerated mycroft-configuration.mycroftai:WhereAreYou.intent.
Regenerated mycroft-configuration.mycroftai:EnablePreciseDev.intent.
Regenerated mycroft-personal.mycroftai:WhoMadeYou.intent.
Regenerated mycroft-personal.mycroftai:WhenWereYouBorn.intent.
Regenerated mycroft-personal.mycroftai:WhereWereYouBorn.intent.
Regenerated mycroft-personal.mycroftai:DoYouDream.intent.
Regenerated mycroft-personal.mycroftai:WhatAreYou.intent.
Regenerated mycroft-personal.mycroftai:WhoAreYou.intent.
Regenerated mycroft-personal.mycroftai:DoYouRhyme.intent.
Regenerated mycroft-wiki.mycroftai:Random.intent.
2021-10-24 19:19:40.855 | INFO     |  5693 | mycroft.skills.intent_services.padatious_service:train:153 | Training complete.
2021-10-24 19:19:52.175 | INFO     |  5693 | mycroft.skills.settings:save_settings:116 | Skill settings successfully saved to /home/runner/.config/mycroft/skills/mycroft-pairing.mycroftai/settings.json
2021-10-24 19:19:52.479 | INFO     |  5693 | mycroft.skills.settings:save_settings:116 | Skill settings successfully saved to /home/runner/.config/mycroft/skills/mycroft-timer.mycroftai/settings.json
2021-10-24 19:20:24.669 | INFO     |  5693 | __main__:on_stopping:193 | Skills service is shutting down...
2021-10-24 19:20:24.669 | INFO     |  5693 | __main__:shutdown:284 | Shutting down Skills service
2021-10-24 19:20:25.153 | ERROR    |  5693 | VolumeSkill | Couldn't allocate mixer, ALSAAudioError('No such file or directory [default]')
2021-10-24 19:20:25.155 | INFO     |  5693 | mycroft.skills.settings:save_settings:116 | Skill settings successfully saved to /home/runner/.config/mycroft/skills/mycroft-volume.mycroftai/settings.json
2021-10-24 19:20:25.170 | INFO     |  5693 | mycroft.skills.settings:save_settings:116 | Skill settings successfully saved to /home/runner/.config/mycroft/skills/mycroft-ip.mycroftai/settings.json
2021-10-24 19:20:25.171 | INFO     |  5693 | mycroft.skills.settings:save_settings:116 | Skill settings successfully saved to /home/runner/.config/mycroft/skills/mycroft-reminder.mycroftai/settings.json
2021-10-24 19:20:25.178 | INFO     |  5693 | mycroft.skills.settings:save_settings:116 | Skill settings successfully saved to /home/runner/.config/mycroft/skills/mycroft-installer.mycroftai/settings.json
2021-10-24 19:20:25.185 | INFO     |  5693 | mycroft.skills.settings:save_settings:116 | Skill settings successfully saved to /home/runner/.config/mycroft/skills/mycroft-version-checker.mycroftai/settings.json
2021-10-24 19:20:25.192 | INFO     |  5693 | mycroft.skills.settings:save_settings:116 | Skill settings successfully saved to /home/runner/.config/mycroft/skills/mycroft-singing.mycroftai/settings.json
2021-10-24 19:20:25.193 | INFO     |  5693 | mycroft.skills.settings:save_settings:116 | Skill settings successfully saved to /home/runner/.config/mycroft/skills/mycroft-joke.mycroftai/settings.json
2021-10-24 19:20:25.205 | INFO     |  5693 | HomeAssistantSkill | Removing all handlers...
2021-10-24 19:20:25.210 | WARNING  |  5693 | mycroft.skills.fallback_skill:remove_fallback:185 | Could not find matching fallback handler
2021-10-24 19:20:25.216 | INFO     |  5693 | mycroft.skills.settings:save_settings:116 | Skill settings successfully saved to /home/runner/.config/mycroft/skills/mycroft-alarm.mycroftai/settings.json
2021-10-24 19:20:25.223 | INFO     |  5693 | mycroft.skills.settings:save_settings:116 | Skill settings successfully saved to /home/runner/.config/mycroft/skills/mycroft-naptime.mycroftai/settings.json
2021-10-24 19:20:25.229 | INFO     |  5693 | mycroft.skills.settings:save_settings:116 | Skill settings successfully saved to /home/runner/.config/mycroft/skills/mycroft-spelling.mycroftai/settings.json
2021-10-24 19:20:25.235 | INFO     |  5693 | mycroft.skills.settings:save_settings:116 | Skill settings successfully saved to /home/runner/.config/mycroft/skills/mycroft-fallback-duck-duck-go.mycroftai/settings.json
2021-10-24 19:20:25.240 | INFO     |  5693 | mycroft.skills.settings:save_settings:116 | Skill settings successfully saved to /home/runner/.config/mycroft/skills/mycroft-npr-news.mycroftai/settings.json
2021-10-24 19:20:25.246 | INFO     |  5693 | mycroft.skills.settings:save_settings:116 | Skill settings successfully saved to /home/runner/.config/mycroft/skills/mycroft-support-helper.mycroftai/settings.json
2021-10-24 19:20:25.247 | INFO     |  5693 | mycroft.skills.settings:save_settings:116 | Skill settings successfully saved to /home/runner/.config/mycroft/skills/mycroft-weather.mycroftai/settings.json
2021-10-24 19:20:25.256 | INFO     |  5693 | mycroft.skills.settings:save_settings:116 | Skill settings successfully saved to /home/runner/.config/mycroft/skills/mycroft-speak.mycroftai/settings.json
2021-10-24 19:20:25.263 | INFO     |  5693 | mycroft.skills.settings:save_settings:116 | Skill settings successfully saved to /home/runner/.config/mycroft/skills/mycroft-audio-record.mycroftai/settings.json
2021-10-24 19:20:25.270 | INFO     |  5693 | mycroft.skills.settings:save_settings:116 | Skill settings successfully saved to /home/runner/.config/mycroft/skills/mycroft-stop.mycroftai/settings.json
2021-10-24 19:20:25.275 | INFO     |  5693 | mycroft.skills.settings:save_settings:116 | Skill settings successfully saved to /home/runner/.config/mycroft/skills/mycroft-hello-world.mycroftai/settings.json
2021-10-24 19:20:25.280 | INFO     |  5693 | mycroft.skills.settings:save_settings:116 | Skill settings successfully saved to /home/runner/.config/mycroft/skills/mycroft-date-time.mycroftai/settings.json
2021-10-24 19:20:25.287 | INFO     |  5693 | mycroft.skills.settings:save_settings:116 | Skill settings successfully saved to /home/runner/.config/mycroft/skills/mycroft-configuration.mycroftai/settings.json
2021-10-24 19:20:25.295 | INFO     |  5693 | QuestionsAnswersSkill | Removing all handlers...
2021-10-24 19:20:25.296 | INFO     |  5693 | mycroft.skills.settings:save_settings:116 | Skill settings successfully saved to /home/runner/.config/mycroft/skills/fallback-query.mycroftai/settings.json
2021-10-24 19:20:25.302 | INFO     |  5693 | mycroft.skills.settings:save_settings:116 | Skill settings successfully saved to /home/runner/.config/mycroft/skills/mycroft-personal.mycroftai/settings.json
2021-10-24 19:20:25.303 | INFO     |  5693 | mycroft.skills.settings:save_settings:116 | Skill settings successfully saved to /home/runner/.config/mycroft/skills/fallback-wolfram-alpha.mycroftai/settings.json
2021-10-24 19:20:25.304 | INFO     |  5693 | mycroft.skills.settings:save_settings:116 | Skill settings successfully saved to /home/runner/.config/mycroft/skills/mycroft-wiki.mycroftai/settings.json
2021-10-24 19:20:25.304 | INFO     |  5693 | UnknownSkill | Removing all handlers...
2021-10-24 19:20:25.309 | INFO     |  5693 | mycroft.skills.settings:save_settings:116 | Skill settings successfully saved to /home/runner/.config/mycroft/skills/fallback-unknown.mycroftai/settings.json
2021-10-24 19:20:25.311 | INFO     |  5693 | mycroft.skills.settings:save_settings:116 | Skill settings successfully saved to /home/runner/.config/mycroft/skills/mycroft-playback-control.mycroftai/settings.json
2021-10-24 19:20:26.328 | INFO     |  5693 | Playback Control Skill | Audio service status: {}
2021-10-24 19:20:27.329 | WARNING  |  5693 | mycroft.skills.skill_manager:_shutdown_skill:106 | mycroft-playback-control.mycroftai shutdown took 2.018780036999999 seconds
2021-10-24 19:20:27.330 | INFO     |  5693 | __main__:shutdown:291 | Skills service shutdown complete!
2021-10-24 19:20:29.182 | ERROR    |  5693 | websocket | error from callback <bound method MessageBusClient.on_message of <mycroft.messagebus.client.client.MessageBusClient object at 0x7f1361ae0cd0>>: cannot schedule new futures after shutdown
2021-10-24 19:20:29.184 | ERROR    |  5693 | websocket | error from callback <bound method MessageBusClient.on_message of <mycroft.messagebus.client.client.MessageBusClient object at 0x7f1361ae0cd0>>: cannot schedule new futures after shutdown
2021-10-24 19:20:29.186 | ERROR    |  5693 | websocket | error from callback <bound method MessageBusClient.on_message of <mycroft.messagebus.client.client.MessageBusClient object at 0x7f1361ae0cd0>>: cannot schedule new futures after shutdown
