2021-10-15 19:51:29.340 | INFO     |  5330 | mycroft.messagebus.load_config:load_message_bus_config:33 | Loading message bus configs
2021-10-15 19:51:29.353 | INFO     |  5330 | mycroft_bus_client.client.client | Connected
2021-10-15 19:51:29.355 | INFO     |  5330 | mycroft.util.process_utils:start_message_bus_client:155 | Connected to messagebus
2021-10-15 19:51:29.358 | INFO     |  5330 | mycroft.skills.msm_wrapper:create_msm:96 | Acquiring lock to instantiate MSM
2021-10-15 19:51:31.513 | INFO     |  5330 | msm.mycroft_skills_manager | building SkillEntry objects for all skills
2021-10-15 19:51:32.157 | INFO     |  5330 | mycroft.skills.msm_wrapper:create_msm:112 | Releasing MSM instantiation lock.
2021-10-15 19:51:32.157 | INFO     |  5330 | mycroft.skills.skill_updater:_log_next_download_time:267 | Next scheduled skill update: 2021-10-15 19:51:31.157229
2021-10-15 19:51:32.158 | INFO     |  5330 | msm.skill_entry | Downloading skill: https://github.com/mycroftai/skill-pairing
2021-10-15 19:51:33.017 | INFO     |  5330 | msm.skill_entry | Installing system requirements...
2021-10-15 19:51:33.041 | INFO     |  5330 | msm.skill_entry | Successfully installed mycroft-pairing
2021-10-15 19:51:33.042 | INFO     |  5330 | msm.mycroft_skills_manager | invalidating skills cache
2021-10-15 19:51:33.043 | INFO     |  5330 | mycroft.skills.skill_loader:load:185 | ATTEMPTING TO LOAD SKILL: mycroft-pairing.mycroftai
2021-10-15 19:51:33.052 | INFO     |  5330 | mycroft.skills.settings:get_local_settings:83 | /opt/mycroft/skills/mycroft-pairing.mycroftai/settings.json
2021-10-15 19:51:33.088 | INFO     |  5330 | mycroft.skills.skill_loader:_check_for_first_run:324 | First run of mycroft-pairing.mycroftai
2021-10-15 19:51:33.089 | INFO     |  5330 | mycroft.skills.settings:save_settings:116 | Skill settings successfully saved to /home/runner/.config/mycroft/skills/mycroft-pairing.mycroftai/settings.json
2021-10-15 19:51:33.091 | INFO     |  5330 | mycroft.skills.skill_loader:_communicate_load_status:344 | Skill mycroft-pairing.mycroftai loaded successfully
2021-10-15 19:51:33.091 | INFO     |  5330 | msm.skill_entry | Downloading skill: https://github.com/mycroftai/skill-volume
2021-10-15 19:51:33.893 | INFO     |  5330 | msm.skill_entry | Installing system requirements...
2021-10-15 19:51:33.903 | INFO     |  5330 | msm.skill_entry | Installing requirements.txt for mycroft-volume
2021-10-15 19:51:34.685 | INFO     |  5330 | msm.skill_entry | Successfully installed mycroft-volume
2021-10-15 19:51:34.686 | INFO     |  5330 | msm.mycroft_skills_manager | invalidating skills cache
2021-10-15 19:51:34.687 | INFO     |  5330 | mycroft.skills.skill_loader:load:185 | ATTEMPTING TO LOAD SKILL: mycroft-volume.mycroftai
2021-10-15 19:51:34.696 | INFO     |  5330 | mycroft.skills.settings:get_local_settings:83 | /opt/mycroft/skills/mycroft-volume.mycroftai/settings.json
2021-10-15 19:51:34.753 | ERROR    |  5330 | VolumeSkill | Couldn't allocate mixer, ALSAAudioError('No such file or directory [default]')
2021-10-15 19:51:37.756 | INFO     |  5330 | mycroft.skills.skill_loader:_check_for_first_run:324 | First run of mycroft-volume.mycroftai
2021-10-15 19:51:37.757 | INFO     |  5330 | mycroft.skills.settings:save_settings:116 | Skill settings successfully saved to /home/runner/.config/mycroft/skills/mycroft-volume.mycroftai/settings.json
2021-10-15 19:51:37.758 | INFO     |  5330 | mycroft.skills.skill_loader:_communicate_load_status:344 | Skill mycroft-volume.mycroftai loaded successfully
2021-10-15 19:51:37.759 | INFO     |  5330 | __main__:on_started:177 | Skills service is starting up.
2021-10-15 19:51:37.961 | INFO     |  5330 | __main__:_update_system:154 | Attempting system update...
2021-10-15 19:51:40.964 | INFO     |  5330 | mycroft.enclosure.display_manager:_write_data:70 | Display Manager is creating /tmp/mycroft/ipc/managers/disp_info
2021-10-15 19:51:40.965 | INFO     |  5330 | __main__:_ensure_device_is_paired:133 | Device not paired, invoking the pairing skill
2021-10-15 19:51:40.967 | INFO     |  5330 | __main__:on_alive:181 | Skills service is alive.
2021-10-15 19:51:40.969 | INFO     |  5330 | msm.mycroft_skills_manager | building SkillEntry objects for all skills
2021-10-15 19:51:41.240 | INFO     |  5330 | PairingSkill | Communicating account URL to user
2021-10-15 19:51:41.976 | WARNING  |  5330 | msm.mycroft_skills_manager | No such default skill: mycroft-pandora
2021-10-15 19:51:41.976 | INFO     |  5330 | mycroft.skills.skill_manager:run:234 | Not all default skills are installed, performing skill update...
2021-10-15 19:51:41.977 | INFO     |  5330 | mycroft.skills.skill_updater:update_skills:149 | Beginning skill update...
2021-10-15 19:51:42.180 | INFO     |  5330 | msm.mycroft_skills_manager | building SkillEntry objects for all skills
2021-10-15 19:51:43.065 | INFO     |  5330 | msm.mycroft_skills_manager | invalidating skills cache
2021-10-15 19:51:43.096 | INFO     |  5330 | msm.skill_entry | Downloading skill: https://github.com/mycroftai/fallback-wolfram-alpha
2021-10-15 19:51:43.103 | INFO     |  5330 | msm.skill_entry | Downloading skill: https://github.com/mycroftai/skill-audio-record
2021-10-15 19:51:43.106 | INFO     |  5330 | msm.skill_entry | Downloading skill: https://github.com/mycroftai/skill-configuration
2021-10-15 19:51:43.111 | INFO     |  5330 | msm.skill_entry | Downloading skill: https://github.com/mycroftai/fallback-duckduckgo
2021-10-15 19:51:43.115 | INFO     |  5330 | msm.skill_entry | Downloading skill: https://github.com/mycroftai/skill-date-time
2021-10-15 19:51:43.117 | INFO     |  5330 | msm.skill_entry | Downloading skill: https://github.com/mycroftai/skill-alarm
2021-10-15 19:51:43.124 | INFO     |  5330 | msm.skill_entry | Downloading skill: https://github.com/mycroftai/skill-hello-world
2021-10-15 19:51:43.136 | INFO     |  5330 | msm.skill_entry | Downloading skill: https://github.com/mycroftai/skill-installer
2021-10-15 19:51:43.141 | INFO     |  5330 | msm.skill_entry | Downloading skill: https://github.com/mycroftai/skill-ip
2021-10-15 19:51:43.148 | INFO     |  5330 | msm.skill_entry | Downloading skill: https://github.com/mycroftai/skill-naptime
2021-10-15 19:51:43.175 | INFO     |  5330 | msm.skill_entry | Downloading skill: https://github.com/mycroftai/skill-joke
2021-10-15 19:51:43.180 | INFO     |  5330 | msm.skill_entry | Downloading skill: https://github.com/mycroftai/skill-npr-news
2021-10-15 19:51:43.183 | INFO     |  5330 | msm.skill_entry | Downloading skill: https://github.com/mycroftai/skill-personal
2021-10-15 19:51:43.189 | INFO     |  5330 | msm.skill_entry | Downloading skill: https://github.com/mycroftai/skill-playback-control
2021-10-15 19:51:43.196 | INFO     |  5330 | msm.skill_entry | Downloading skill: https://github.com/mycroftai/skill-reminder
2021-10-15 19:51:43.199 | INFO     |  5330 | msm.skill_entry | Downloading skill: https://github.com/mycroftai/skill-singing
2021-10-15 19:51:43.991 | INFO     |  5330 | msm.skill_entry | Downloading skill: https://github.com/mycroftai/fallback-unknown
2021-10-15 19:51:44.238 | INFO     |  5330 | msm.skill_entry | Installing system requirements...
2021-10-15 19:51:44.290 | INFO     |  5330 | msm.skill_entry | Successfully installed mycroft-naptime
2021-10-15 19:51:44.290 | INFO     |  5330 | msm.mycroft_skills_manager | invalidating skills cache
2021-10-15 19:51:44.291 | INFO     |  5330 | msm.skill_entry | Downloading skill: https://github.com/mycroftai/skill-speak
2021-10-15 19:51:44.324 | ERROR    |  5330 | msm.mycroft_skills_manager | Error running install_or_update on homeassistant.mycroftai: MergeConflict
2021-10-15 19:51:44.328 | INFO     |  5330 | msm.skill_entry | Downloading skill: https://github.com/mycroftai/skill-spelling
2021-10-15 19:51:44.619 | INFO     |  5330 | msm.skill_entry | Installing system requirements...
2021-10-15 19:51:44.682 | INFO     |  5330 | msm.skill_entry | Installing requirements.txt for mycroft-joke
2021-10-15 19:51:44.713 | INFO     |  5330 | msm.skill_entry | Installing system requirements...
2021-10-15 19:51:44.720 | INFO     |  5330 | msm.skill_entry | Installing system requirements...
2021-10-15 19:51:44.794 | INFO     |  5330 | msm.skill_entry | Successfully installed mycroft-playback-control
2021-10-15 19:51:44.794 | INFO     |  5330 | msm.mycroft_skills_manager | invalidating skills cache
2021-10-15 19:51:44.795 | INFO     |  5330 | msm.skill_entry | Downloading skill: https://github.com/mycroftai/skill-stop
2021-10-15 19:51:44.870 | INFO     |  5330 | msm.skill_entry | Installing requirements.txt for mycroft-audio-record
2021-10-15 19:51:45.313 | INFO     |  5330 | msm.skill_entry | Nothing new for mycroft-volume
2021-10-15 19:51:45.322 | INFO     |  5330 | msm.skill_entry | Installing system requirements...
2021-10-15 19:51:45.351 | INFO     |  5330 | msm.skill_entry | Installing requirements.txt for mycroft-volume
2021-10-15 19:51:45.410 | INFO     |  5330 | msm.skill_entry | Nothing new for mycroft-pairing
2021-10-15 19:51:45.432 | INFO     |  5330 | msm.skill_entry | Installing system requirements...
2021-10-15 19:51:45.455 | INFO     |  5330 | msm.skill_entry | Installing system requirements...
2021-10-15 19:51:45.478 | INFO     |  5330 | msm.skill_entry | Downloading skill: https://github.com/mycroftai/skill-support
2021-10-15 19:51:45.578 | INFO     |  5330 | msm.skill_entry | Installing requirements.txt for mycroft-fallback-duck-duck-go
2021-10-15 19:51:45.638 | INFO     |  5330 | msm.skill_entry | Installing system requirements...
2021-10-15 19:51:45.642 | INFO     |  5330 | msm.skill_entry | Installing system requirements...
2021-10-15 19:51:45.643 | INFO     |  5330 | msm.skill_entry | Installing system requirements...
2021-10-15 19:51:45.697 | INFO     |  5330 | msm.skill_entry | Successfully installed mycroft-hello-world
2021-10-15 19:51:45.698 | INFO     |  5330 | msm.mycroft_skills_manager | invalidating skills cache
2021-10-15 19:51:45.697 | INFO     |  5330 | msm.skill_entry | Successfully installed mycroft-personal
2021-10-15 19:51:45.702 | INFO     |  5330 | msm.mycroft_skills_manager | invalidating skills cache
2021-10-15 19:51:45.702 | INFO     |  5330 | msm.skill_entry | Downloading skill: https://github.com/mycroftai/skill-weather
2021-10-15 19:51:45.702 | INFO     |  5330 | msm.skill_entry | Successfully installed fallback-unknown
2021-10-15 19:51:45.705 | INFO     |  5330 | msm.mycroft_skills_manager | invalidating skills cache
2021-10-15 19:51:45.699 | INFO     |  5330 | msm.skill_entry | Downloading skill: https://github.com/mycroftai/mycroft-timer
2021-10-15 19:51:45.712 | INFO     |  5330 | msm.skill_entry | Installing system requirements...
2021-10-15 19:51:45.716 | INFO     |  5330 | msm.skill_entry | Downloading skill: https://github.com/mycroftai/skill-version-checker
2021-10-15 19:51:45.740 | INFO     |  5330 | msm.skill_entry | Installing requirements.txt for mycroft-ip
2021-10-15 19:51:45.745 | INFO     |  5330 | msm.skill_entry | Installing system requirements...
2021-10-15 19:51:45.753 | INFO     |  5330 | msm.skill_entry | Installing requirements.txt for fallback-wolfram-alpha
2021-10-15 19:51:45.910 | INFO     |  5330 | msm.skill_entry | Installing system requirements...
2021-10-15 19:51:45.914 | INFO     |  5330 | msm.skill_entry | Installing system requirements...
2021-10-15 19:51:45.918 | INFO     |  5330 | msm.skill_entry | Installing system requirements...
2021-10-15 19:51:45.934 | INFO     |  5330 | msm.skill_entry | Installing requirements.txt for mycroft-installer
2021-10-15 19:51:45.939 | INFO     |  5330 | msm.skill_entry | Installing requirements.txt for mycroft-date-time
2021-10-15 19:51:45.941 | INFO     |  5330 | msm.skill_entry | Installing requirements.txt for mycroft-npr-news
2021-10-15 19:51:45.951 | INFO     |  5330 | msm.skill_entry | Installing system requirements...
2021-10-15 19:51:45.954 | INFO     |  5330 | msm.skill_entry | Installing system requirements...
2021-10-15 19:51:45.967 | INFO     |  5330 | msm.skill_entry | Installing requirements.txt for mycroft-configuration
2021-10-15 19:51:45.975 | INFO     |  5330 | msm.skill_entry | Successfully installed mycroft-reminder
2021-10-15 19:51:45.975 | INFO     |  5330 | msm.mycroft_skills_manager | invalidating skills cache
2021-10-15 19:51:45.976 | INFO     |  5330 | msm.skill_entry | Downloading skill: https://github.com/mycroftai/skill-wiki
2021-10-15 19:51:46.057 | INFO     |  5330 | msm.skill_entry | Installing system requirements...
2021-10-15 19:51:46.068 | INFO     |  5330 | msm.skill_entry | Installing requirements.txt for mycroft-alarm
2021-10-15 19:51:46.295 | INFO     |  5330 | msm.skill_entry | Installing system requirements...
2021-10-15 19:51:46.301 | INFO     |  5330 | msm.skill_entry | Installing system requirements...
2021-10-15 19:51:46.343 | INFO     |  5330 | msm.skill_entry | Successfully installed mycroft-spelling
2021-10-15 19:51:46.343 | INFO     |  5330 | msm.mycroft_skills_manager | invalidating skills cache
2021-10-15 19:51:46.345 | INFO     |  5330 | msm.skill_entry | Downloading skill: https://github.com/MycroftAI/skill-query
2021-10-15 19:51:46.354 | INFO     |  5330 | msm.skill_entry | Successfully installed mycroft-speak
2021-10-15 19:51:46.354 | INFO     |  5330 | msm.mycroft_skills_manager | invalidating skills cache
2021-10-15 19:51:46.535 | INFO     |  5330 | msm.skill_entry | Installing system requirements...
2021-10-15 19:51:46.592 | INFO     |  5330 | msm.skill_entry | Successfully installed mycroft-stop
2021-10-15 19:51:46.592 | INFO     |  5330 | msm.mycroft_skills_manager | invalidating skills cache
2021-10-15 19:51:46.625 | INFO     |  5330 | msm.skill_entry | Installing system requirements...
2021-10-15 19:51:46.698 | INFO     |  5330 | msm.skill_entry | Installing requirements.txt for mycroft-support-helper
2021-10-15 19:51:46.792 | ERROR    |  5330 | msm.mycroft_skills_manager | Error running install_or_update on homeassistant: MergeConflict
2021-10-15 19:51:46.890 | INFO     |  5330 | msm.skill_entry | Installing system requirements...
2021-10-15 19:51:46.930 | INFO     |  5330 | msm.skill_entry | Successfully installed mycroft-singing
2021-10-15 19:51:46.931 | INFO     |  5330 | msm.mycroft_skills_manager | invalidating skills cache
2021-10-15 19:51:46.938 | INFO     |  5330 | msm.skill_entry | Installing system requirements...
2021-10-15 19:51:46.995 | INFO     |  5330 | msm.skill_entry | Successfully installed mycroft-version-checker
2021-10-15 19:51:46.995 | INFO     |  5330 | msm.mycroft_skills_manager | invalidating skills cache
2021-10-15 19:51:47.005 | INFO     |  5330 | msm.skill_entry | Successfully installed mycroft-joke
2021-10-15 19:51:47.005 | INFO     |  5330 | msm.mycroft_skills_manager | invalidating skills cache
2021-10-15 19:51:47.009 | INFO     |  5330 | msm.skill_entry | Installing system requirements...
2021-10-15 19:51:47.039 | INFO     |  5330 | msm.skill_entry | Successfully installed mycroft-timer
2021-10-15 19:51:47.039 | INFO     |  5330 | msm.mycroft_skills_manager | invalidating skills cache
2021-10-15 19:51:47.135 | INFO     |  5330 | msm.skill_entry | Installing system requirements...
2021-10-15 19:51:47.158 | INFO     |  5330 | msm.skill_entry | Installing requirements.txt for mycroft-weather
2021-10-15 19:51:47.205 | INFO     |  5330 | msm.skill_entry | Installing system requirements...
2021-10-15 19:51:47.231 | INFO     |  5330 | msm.skill_entry | Installing system requirements...
2021-10-15 19:51:47.240 | INFO     |  5330 | msm.skill_entry | Installing requirements.txt for mycroft-wiki
2021-10-15 19:51:47.255 | INFO     |  5330 | msm.skill_entry | Successfully installed fallback-query
2021-10-15 19:51:47.255 | INFO     |  5330 | msm.mycroft_skills_manager | invalidating skills cache
2021-10-15 19:51:47.944 | INFO     |  5330 | msm.skill_entry | Successfully installed mycroft-audio-record
2021-10-15 19:51:47.944 | INFO     |  5330 | msm.mycroft_skills_manager | invalidating skills cache
2021-10-15 19:51:50.044 | INFO     |  5330 | msm.skill_entry | Successfully installed mycroft-fallback-duck-duck-go
2021-10-15 19:51:50.044 | INFO     |  5330 | msm.mycroft_skills_manager | invalidating skills cache
2021-10-15 19:51:50.842 | INFO     |  5330 | msm.skill_entry | Successfully installed mycroft-ip
2021-10-15 19:51:50.842 | INFO     |  5330 | msm.mycroft_skills_manager | invalidating skills cache
2021-10-15 19:51:54.897 | INFO     |  5330 | msm.skill_entry | Successfully installed fallback-wolfram-alpha
2021-10-15 19:51:54.897 | INFO     |  5330 | msm.mycroft_skills_manager | invalidating skills cache
2021-10-15 19:51:55.730 | INFO     |  5330 | msm.skill_entry | Successfully installed mycroft-installer
2021-10-15 19:51:55.731 | INFO     |  5330 | msm.mycroft_skills_manager | invalidating skills cache
2021-10-15 19:52:10.812 | INFO     |  5330 | msm.skill_entry | Successfully installed mycroft-date-time
2021-10-15 19:52:10.813 | INFO     |  5330 | msm.mycroft_skills_manager | invalidating skills cache
2021-10-15 19:52:11.578 | INFO     |  5330 | PairingSkill | Initiating device pairing sequence...
2021-10-15 19:52:11.578 | INFO     |  5330 | PairingSkill | Retrieving pairing code from device API...
2021-10-15 19:52:11.851 | INFO     |  5330 | PairingSkill | Pairing code obtained: 49YJC9
2021-10-15 19:52:11.851 | INFO     |  5330 | PairingSkill | Communicating pairing URL to user
2021-10-15 19:52:13.875 | INFO     |  5330 | msm.skill_entry | Successfully installed mycroft-npr-news
2021-10-15 19:52:13.875 | INFO     |  5330 | msm.mycroft_skills_manager | invalidating skills cache
2021-10-15 19:52:16.986 | INFO     |  5330 | msm.skill_entry | Successfully installed mycroft-configuration
2021-10-15 19:52:16.986 | INFO     |  5330 | msm.mycroft_skills_manager | invalidating skills cache
2021-10-15 19:52:17.848 | INFO     |  5330 | msm.skill_entry | Successfully installed mycroft-alarm
2021-10-15 19:52:17.849 | INFO     |  5330 | msm.mycroft_skills_manager | invalidating skills cache
2021-10-15 19:52:19.962 | INFO     |  5330 | msm.skill_entry | Successfully installed mycroft-support-helper
2021-10-15 19:52:19.962 | INFO     |  5330 | msm.mycroft_skills_manager | invalidating skills cache
2021-10-15 19:52:20.896 | INFO     |  5330 | msm.skill_entry | Successfully installed mycroft-weather
2021-10-15 19:52:20.896 | INFO     |  5330 | msm.mycroft_skills_manager | invalidating skills cache
2021-10-15 19:52:22.623 | INFO     |  5330 | msm.skill_entry | Successfully installed mycroft-wiki
2021-10-15 19:52:22.623 | INFO     |  5330 | msm.mycroft_skills_manager | invalidating skills cache
2021-10-15 19:52:22.706 | INFO     |  5330 | mycroft.skills.skill_updater:_log_next_download_time:267 | Next scheduled skill update: 2021-10-15 20:52:22.705668
2021-10-15 19:52:22.706 | INFO     |  5330 | mycroft.skills.skill_updater:update_skills:170 | Skill update complete
2021-10-15 19:52:22.706 | INFO     |  5330 | mycroft.skills.skill_manager:_load_on_startup:273 | Loading installed skills...
2021-10-15 19:52:22.708 | INFO     |  5330 | mycroft.skills.skill_loader:load:185 | ATTEMPTING TO LOAD SKILL: mycroft-ip.mycroftai
2021-10-15 19:52:22.759 | INFO     |  5330 | mycroft.skills.settings:get_local_settings:83 | /opt/mycroft/skills/mycroft-ip.mycroftai/settings.json
2021-10-15 19:52:22.768 | INFO     |  5330 | mycroft.skills.skill_loader:_check_for_first_run:324 | First run of mycroft-ip.mycroftai
2021-10-15 19:52:22.770 | INFO     |  5330 | mycroft.skills.settings:save_settings:116 | Skill settings successfully saved to /home/runner/.config/mycroft/skills/mycroft-ip.mycroftai/settings.json
2021-10-15 19:52:22.772 | INFO     |  5330 | mycroft.skills.skill_loader:_communicate_load_status:344 | Skill mycroft-ip.mycroftai loaded successfully
2021-10-15 19:52:22.772 | INFO     |  5330 | mycroft.skills.skill_loader:load:185 | ATTEMPTING TO LOAD SKILL: mycroft-reminder.mycroftai
2021-10-15 19:52:22.785 | INFO     |  5330 | mycroft.skills.settings:get_local_settings:83 | /opt/mycroft/skills/mycroft-reminder.mycroftai/settings.json
2021-10-15 19:52:22.804 | INFO     |  5330 | mycroft.skills.skill_loader:_check_for_first_run:324 | First run of mycroft-reminder.mycroftai
2021-10-15 19:52:22.805 | INFO     |  5330 | mycroft.skills.settings:save_settings:116 | Skill settings successfully saved to /home/runner/.config/mycroft/skills/mycroft-reminder.mycroftai/settings.json
2021-10-15 19:52:22.805 | INFO     |  5330 | mycroft.skills.skill_loader:_communicate_load_status:344 | Skill mycroft-reminder.mycroftai loaded successfully
2021-10-15 19:52:22.806 | INFO     |  5330 | mycroft.skills.skill_loader:load:185 | ATTEMPTING TO LOAD SKILL: mycroft-installer.mycroftai
2021-10-15 19:52:22.811 | INFO     |  5330 | mycroft.skills.settings:get_local_settings:83 | /opt/mycroft/skills/mycroft-installer.mycroftai/settings.json
2021-10-15 19:52:22.822 | INFO     |  5330 | mycroft.skills.skill_loader:_check_for_first_run:324 | First run of mycroft-installer.mycroftai
2021-10-15 19:52:22.822 | INFO     |  5330 | mycroft.skills.settings:save_settings:116 | Skill settings successfully saved to /home/runner/.config/mycroft/skills/mycroft-installer.mycroftai/settings.json
2021-10-15 19:52:22.823 | INFO     |  5330 | mycroft.skills.skill_loader:_communicate_load_status:344 | Skill mycroft-installer.mycroftai loaded successfully
2021-10-15 19:52:22.823 | INFO     |  5330 | mycroft.skills.skill_loader:load:185 | ATTEMPTING TO LOAD SKILL: mycroft-version-checker.mycroftai
2021-10-15 19:52:22.828 | INFO     |  5330 | mycroft.skills.settings:get_local_settings:83 | /opt/mycroft/skills/mycroft-version-checker.mycroftai/settings.json
2021-10-15 19:52:22.848 | INFO     |  5330 | mycroft.skills.skill_loader:_check_for_first_run:324 | First run of mycroft-version-checker.mycroftai
2021-10-15 19:52:22.849 | INFO     |  5330 | mycroft.skills.settings:save_settings:116 | Skill settings successfully saved to /home/runner/.config/mycroft/skills/mycroft-version-checker.mycroftai/settings.json
2021-10-15 19:52:22.851 | INFO     |  5330 | mycroft.skills.skill_loader:_communicate_load_status:344 | Skill mycroft-version-checker.mycroftai loaded successfully
2021-10-15 19:52:22.851 | INFO     |  5330 | mycroft.skills.skill_loader:load:185 | ATTEMPTING TO LOAD SKILL: mycroft-singing.mycroftai
2021-10-15 19:52:22.855 | INFO     |  5330 | mycroft.skills.settings:get_local_settings:83 | /opt/mycroft/skills/mycroft-singing.mycroftai/settings.json
2021-10-15 19:52:22.866 | INFO     |  5330 | mycroft.skills.skill_loader:_check_for_first_run:324 | First run of mycroft-singing.mycroftai
2021-10-15 19:52:22.867 | INFO     |  5330 | mycroft.skills.settings:save_settings:116 | Skill settings successfully saved to /home/runner/.config/mycroft/skills/mycroft-singing.mycroftai/settings.json
2021-10-15 19:52:22.868 | INFO     |  5330 | mycroft.skills.skill_loader:_communicate_load_status:344 | Skill mycroft-singing.mycroftai loaded successfully
2021-10-15 19:52:22.869 | INFO     |  5330 | mycroft.skills.skill_loader:load:185 | ATTEMPTING TO LOAD SKILL: mycroft-joke.mycroftai
2021-10-15 19:52:22.884 | INFO     |  5330 | mycroft.skills.settings:get_local_settings:83 | /opt/mycroft/skills/mycroft-joke.mycroftai/settings.json
2021-10-15 19:52:22.913 | INFO     |  5330 | mycroft.skills.skill_loader:_check_for_first_run:324 | First run of mycroft-joke.mycroftai
2021-10-15 19:52:22.913 | INFO     |  5330 | mycroft.skills.settings:save_settings:116 | Skill settings successfully saved to /home/runner/.config/mycroft/skills/mycroft-joke.mycroftai/settings.json
2021-10-15 19:52:22.918 | INFO     |  5330 | mycroft.skills.skill_loader:_communicate_load_status:344 | Skill mycroft-joke.mycroftai loaded successfully
2021-10-15 19:52:22.918 | INFO     |  5330 | mycroft.skills.skill_loader:load:185 | ATTEMPTING TO LOAD SKILL: mycroft-timer.mycroftai
2021-10-15 19:52:22.992 | INFO     |  5330 | mycroft.skills.settings:get_local_settings:83 | /opt/mycroft/skills/mycroft-timer.mycroftai/settings.json
2021-10-15 19:52:23.058 | INFO     |  5330 | mycroft.skills.skill_loader:_check_for_first_run:324 | First run of mycroft-timer.mycroftai
2021-10-15 19:52:23.059 | INFO     |  5330 | mycroft.skills.settings:save_settings:116 | Skill settings successfully saved to /home/runner/.config/mycroft/skills/mycroft-timer.mycroftai/settings.json
2021-10-15 19:52:23.135 | INFO     |  5330 | mycroft.skills.skill_loader:_communicate_load_status:344 | Skill mycroft-timer.mycroftai loaded successfully
2021-10-15 19:52:23.136 | INFO     |  5330 | mycroft.skills.skill_loader:load:185 | ATTEMPTING TO LOAD SKILL: homeassistant.mycroftai
2021-10-15 19:52:23.386 | INFO     |  5330 | mycroft.skills.settings:get_local_settings:83 | /opt/mycroft/skills/homeassistant.mycroftai/settings.json
2021-10-15 19:52:23.387 | INFO     |  5330 | mycroft.skills.settings:get_local_settings:83 | /opt/mycroft/skills/homeassistant.mycroftai/settings.json
2021-10-15 19:52:23.428 | INFO     |  5330 | mycroft.skills.skill_loader:_communicate_load_status:344 | Skill homeassistant.mycroftai loaded successfully
2021-10-15 19:52:23.429 | INFO     |  5330 | mycroft.skills.skill_loader:load:185 | ATTEMPTING TO LOAD SKILL: mycroft-alarm.mycroftai
2021-10-15 19:52:23.488 | INFO     |  5330 | mycroft.skills.settings:get_local_settings:83 | /opt/mycroft/skills/mycroft-alarm.mycroftai/settings.json
2021-10-15 19:52:23.488 | ERROR    |  5330 | AlarmSkill | Couldn't allocate mixer, ALSAAudioError('No such file or directory [default]')
2021-10-15 19:52:23.570 | INFO     |  5330 | mycroft.skills.skill_loader:_check_for_first_run:324 | First run of mycroft-alarm.mycroftai
2021-10-15 19:52:23.571 | INFO     |  5330 | mycroft.skills.settings:save_settings:116 | Skill settings successfully saved to /home/runner/.config/mycroft/skills/mycroft-alarm.mycroftai/settings.json
2021-10-15 19:52:23.571 | INFO     |  5330 | mycroft.skills.skill_loader:_communicate_load_status:344 | Skill mycroft-alarm.mycroftai loaded successfully
2021-10-15 19:52:23.584 | INFO     |  5330 | mycroft.skills.skill_loader:load:185 | ATTEMPTING TO LOAD SKILL: mycroft-naptime.mycroftai
2021-10-15 19:52:23.587 | INFO     |  5330 | mycroft.skills.settings:get_local_settings:83 | /opt/mycroft/skills/mycroft-naptime.mycroftai/settings.json
2021-10-15 19:52:23.609 | INFO     |  5330 | mycroft.skills.skill_loader:_check_for_first_run:324 | First run of mycroft-naptime.mycroftai
2021-10-15 19:52:23.610 | INFO     |  5330 | mycroft.skills.settings:save_settings:116 | Skill settings successfully saved to /home/runner/.config/mycroft/skills/mycroft-naptime.mycroftai/settings.json
2021-10-15 19:52:23.610 | INFO     |  5330 | mycroft.skills.skill_loader:_communicate_load_status:344 | Skill mycroft-naptime.mycroftai loaded successfully
2021-10-15 19:52:23.617 | INFO     |  5330 | mycroft.skills.skill_loader:load:185 | ATTEMPTING TO LOAD SKILL: mycroft-spelling.mycroftai
2021-10-15 19:52:23.622 | INFO     |  5330 | mycroft.skills.settings:get_local_settings:83 | /opt/mycroft/skills/mycroft-spelling.mycroftai/settings.json
2021-10-15 19:52:23.641 | INFO     |  5330 | mycroft.skills.skill_loader:_check_for_first_run:324 | First run of mycroft-spelling.mycroftai
2021-10-15 19:52:23.641 | INFO     |  5330 | mycroft.skills.settings:save_settings:116 | Skill settings successfully saved to /home/runner/.config/mycroft/skills/mycroft-spelling.mycroftai/settings.json
2021-10-15 19:52:23.651 | INFO     |  5330 | mycroft.skills.skill_loader:_communicate_load_status:344 | Skill mycroft-spelling.mycroftai loaded successfully
2021-10-15 19:52:23.652 | INFO     |  5330 | mycroft.skills.skill_loader:load:185 | ATTEMPTING TO LOAD SKILL: mycroft-fallback-duck-duck-go.mycroftai
2021-10-15 19:52:23.670 | INFO     |  5330 | mycroft.skills.settings:get_local_settings:83 | /opt/mycroft/skills/mycroft-fallback-duck-duck-go.mycroftai/settings.json
2021-10-15 19:52:23.698 | INFO     |  5330 | mycroft.skills.skill_loader:_check_for_first_run:324 | First run of mycroft-fallback-duck-duck-go.mycroftai
2021-10-15 19:52:23.699 | INFO     |  5330 | mycroft.skills.settings:save_settings:116 | Skill settings successfully saved to /home/runner/.config/mycroft/skills/mycroft-fallback-duck-duck-go.mycroftai/settings.json
2021-10-15 19:52:23.703 | INFO     |  5330 | mycroft.skills.skill_loader:_communicate_load_status:344 | Skill mycroft-fallback-duck-duck-go.mycroftai loaded successfully
2021-10-15 19:52:23.704 | INFO     |  5330 | mycroft.skills.skill_loader:load:185 | ATTEMPTING TO LOAD SKILL: mycroft-npr-news.mycroftai
2021-10-15 19:52:23.800 | INFO     |  5330 | mycroft.skills.settings:get_local_settings:83 | /opt/mycroft/skills/mycroft-npr-news.mycroftai/settings.json
2021-10-15 19:52:24.855 | INFO     |  5330 | mycroft.skills.skill_loader:_check_for_first_run:324 | First run of mycroft-npr-news.mycroftai
2021-10-15 19:52:24.856 | INFO     |  5330 | mycroft.skills.settings:save_settings:116 | Skill settings successfully saved to /home/runner/.config/mycroft/skills/mycroft-npr-news.mycroftai/settings.json
2021-10-15 19:52:24.856 | INFO     |  5330 | mycroft.skills.skill_loader:_communicate_load_status:344 | Skill mycroft-npr-news.mycroftai loaded successfully
2021-10-15 19:52:24.857 | INFO     |  5330 | mycroft.skills.skill_loader:load:185 | ATTEMPTING TO LOAD SKILL: mycroft-support-helper.mycroftai
2021-10-15 19:52:24.870 | INFO     |  5330 | mycroft.skills.settings:get_local_settings:83 | /opt/mycroft/skills/mycroft-support-helper.mycroftai/settings.json
2021-10-15 19:52:24.884 | INFO     |  5330 | mycroft.skills.skill_loader:_check_for_first_run:324 | First run of mycroft-support-helper.mycroftai
2021-10-15 19:52:24.885 | INFO     |  5330 | mycroft.skills.settings:save_settings:116 | Skill settings successfully saved to /home/runner/.config/mycroft/skills/mycroft-support-helper.mycroftai/settings.json
2021-10-15 19:52:24.886 | INFO     |  5330 | mycroft.skills.skill_loader:_communicate_load_status:344 | Skill mycroft-support-helper.mycroftai loaded successfully
2021-10-15 19:52:24.886 | INFO     |  5330 | mycroft.skills.skill_loader:load:185 | ATTEMPTING TO LOAD SKILL: mycroft-weather.mycroftai
2021-10-15 19:52:24.908 | INFO     |  5330 | mycroft.skills.settings:get_local_settings:83 | /opt/mycroft/skills/mycroft-weather.mycroftai/settings.json
2021-10-15 19:52:25.052 | INFO     |  5330 | mycroft.skills.skill_loader:_check_for_first_run:324 | First run of mycroft-weather.mycroftai
2021-10-15 19:52:25.053 | INFO     |  5330 | mycroft.skills.settings:save_settings:116 | Skill settings successfully saved to /home/runner/.config/mycroft/skills/mycroft-weather.mycroftai/settings.json
2021-10-15 19:52:25.059 | INFO     |  5330 | mycroft.skills.skill_loader:_communicate_load_status:344 | Skill mycroft-weather.mycroftai loaded successfully
2021-10-15 19:52:25.060 | INFO     |  5330 | mycroft.skills.skill_loader:load:185 | ATTEMPTING TO LOAD SKILL: mycroft-speak.mycroftai
2021-10-15 19:52:25.068 | INFO     |  5330 | mycroft.skills.settings:get_local_settings:83 | /opt/mycroft/skills/mycroft-speak.mycroftai/settings.json
2021-10-15 19:52:25.092 | INFO     |  5330 | mycroft.skills.skill_loader:_check_for_first_run:324 | First run of mycroft-speak.mycroftai
2021-10-15 19:52:25.093 | INFO     |  5330 | mycroft.skills.settings:save_settings:116 | Skill settings successfully saved to /home/runner/.config/mycroft/skills/mycroft-speak.mycroftai/settings.json
2021-10-15 19:52:25.093 | INFO     |  5330 | mycroft.skills.skill_loader:_communicate_load_status:344 | Skill mycroft-speak.mycroftai loaded successfully
2021-10-15 19:52:25.094 | INFO     |  5330 | mycroft.skills.skill_loader:load:185 | ATTEMPTING TO LOAD SKILL: mycroft-audio-record.mycroftai
2021-10-15 19:52:25.099 | INFO     |  5330 | mycroft.skills.settings:get_local_settings:83 | /opt/mycroft/skills/mycroft-audio-record.mycroftai/settings.json
2021-10-15 19:52:25.110 | INFO     |  5330 | mycroft.skills.skill_loader:_check_for_first_run:324 | First run of mycroft-audio-record.mycroftai
2021-10-15 19:52:25.111 | INFO     |  5330 | mycroft.skills.settings:save_settings:116 | Skill settings successfully saved to /home/runner/.config/mycroft/skills/mycroft-audio-record.mycroftai/settings.json
2021-10-15 19:52:25.111 | INFO     |  5330 | mycroft.skills.skill_loader:_communicate_load_status:344 | Skill mycroft-audio-record.mycroftai loaded successfully
2021-10-15 19:52:25.112 | INFO     |  5330 | mycroft.skills.skill_loader:load:185 | ATTEMPTING TO LOAD SKILL: mycroft-stop.mycroftai
2021-10-15 19:52:25.115 | INFO     |  5330 | mycroft.skills.settings:get_local_settings:83 | /opt/mycroft/skills/mycroft-stop.mycroftai/settings.json
2021-10-15 19:52:25.125 | INFO     |  5330 | mycroft.skills.skill_loader:_check_for_first_run:324 | First run of mycroft-stop.mycroftai
2021-10-15 19:52:25.125 | INFO     |  5330 | mycroft.skills.settings:save_settings:116 | Skill settings successfully saved to /home/runner/.config/mycroft/skills/mycroft-stop.mycroftai/settings.json
2021-10-15 19:52:25.126 | INFO     |  5330 | mycroft.skills.skill_loader:_communicate_load_status:344 | Skill mycroft-stop.mycroftai loaded successfully
2021-10-15 19:52:25.126 | INFO     |  5330 | mycroft.skills.skill_loader:load:185 | ATTEMPTING TO LOAD SKILL: mycroft-hello-world.mycroftai
2021-10-15 19:52:25.131 | INFO     |  5330 | mycroft.skills.settings:get_local_settings:83 | /opt/mycroft/skills/mycroft-hello-world.mycroftai/settings.json
2021-10-15 19:52:25.138 | INFO     |  5330 | mycroft.skills.skill_loader:_check_for_first_run:324 | First run of mycroft-hello-world.mycroftai
2021-10-15 19:52:25.139 | INFO     |  5330 | mycroft.skills.settings:save_settings:116 | Skill settings successfully saved to /home/runner/.config/mycroft/skills/mycroft-hello-world.mycroftai/settings.json
2021-10-15 19:52:25.140 | INFO     |  5330 | mycroft.skills.skill_loader:_communicate_load_status:344 | Skill mycroft-hello-world.mycroftai loaded successfully
2021-10-15 19:52:25.141 | INFO     |  5330 | mycroft.skills.skill_loader:load:185 | ATTEMPTING TO LOAD SKILL: mycroft-date-time.mycroftai
2021-10-15 19:52:25.940 | INFO     |  5330 | mycroft.skills.settings:get_local_settings:83 | /opt/mycroft/skills/mycroft-date-time.mycroftai/settings.json
2021-10-15 19:52:25.966 | INFO     |  5330 | TimeSkill | Registering resting screen <bound method TimeSkill.handle_idle of <mycroft-date-time_mycroftai.TimeSkill object at 0x7ff93858e9d0>> for Time and Date.
2021-10-15 19:52:25.968 | INFO     |  5330 | TimeSkill | Registering resting screen
2021-10-15 19:52:25.971 | INFO     |  5330 | mycroft.skills.skill_loader:_check_for_first_run:324 | First run of mycroft-date-time.mycroftai
2021-10-15 19:52:25.971 | INFO     |  5330 | mycroft.skills.settings:save_settings:116 | Skill settings successfully saved to /home/runner/.config/mycroft/skills/mycroft-date-time.mycroftai/settings.json
2021-10-15 19:52:25.972 | INFO     |  5330 | mycroft.skills.skill_loader:_communicate_load_status:344 | Skill mycroft-date-time.mycroftai loaded successfully
2021-10-15 19:52:25.972 | INFO     |  5330 | mycroft.skills.skill_loader:load:185 | ATTEMPTING TO LOAD SKILL: mycroft-configuration.mycroftai
2021-10-15 19:52:25.979 | INFO     |  5330 | mycroft.skills.settings:get_local_settings:83 | /opt/mycroft/skills/mycroft-configuration.mycroftai/settings.json
2021-10-15 19:52:26.004 | INFO     |  5330 | mycroft.skills.skill_loader:_check_for_first_run:324 | First run of mycroft-configuration.mycroftai
2021-10-15 19:52:26.005 | INFO     |  5330 | mycroft.skills.settings:save_settings:116 | Skill settings successfully saved to /home/runner/.config/mycroft/skills/mycroft-configuration.mycroftai/settings.json
2021-10-15 19:52:26.023 | INFO     |  5330 | mycroft.skills.skill_loader:_communicate_load_status:344 | Skill mycroft-configuration.mycroftai loaded successfully
2021-10-15 19:52:26.023 | INFO     |  5330 | mycroft.skills.skill_loader:load:185 | ATTEMPTING TO LOAD SKILL: fallback-query.mycroftai
2021-10-15 19:52:26.028 | INFO     |  5330 | mycroft.skills.settings:get_local_settings:83 | /opt/mycroft/skills/fallback-query.mycroftai/settings.json
2021-10-15 19:52:26.062 | INFO     |  5330 | mycroft.skills.skill_loader:_check_for_first_run:324 | First run of fallback-query.mycroftai
2021-10-15 19:52:26.064 | INFO     |  5330 | mycroft.skills.settings:save_settings:116 | Skill settings successfully saved to /home/runner/.config/mycroft/skills/fallback-query.mycroftai/settings.json
2021-10-15 19:52:26.075 | INFO     |  5330 | mycroft.skills.skill_loader:_communicate_load_status:344 | Skill fallback-query.mycroftai loaded successfully
2021-10-15 19:52:26.076 | INFO     |  5330 | mycroft.skills.skill_loader:load:185 | ATTEMPTING TO LOAD SKILL: mycroft-personal.mycroftai
2021-10-15 19:52:26.079 | INFO     |  5330 | mycroft.skills.settings:get_local_settings:83 | /opt/mycroft/skills/mycroft-personal.mycroftai/settings.json
2021-10-15 19:52:26.092 | INFO     |  5330 | mycroft.skills.skill_loader:_check_for_first_run:324 | First run of mycroft-personal.mycroftai
2021-10-15 19:52:26.094 | INFO     |  5330 | mycroft.skills.settings:save_settings:116 | Skill settings successfully saved to /home/runner/.config/mycroft/skills/mycroft-personal.mycroftai/settings.json
2021-10-15 19:52:26.125 | INFO     |  5330 | mycroft.skills.skill_loader:_communicate_load_status:344 | Skill mycroft-personal.mycroftai loaded successfully
2021-10-15 19:52:26.126 | INFO     |  5330 | mycroft.skills.skill_loader:load:185 | ATTEMPTING TO LOAD SKILL: fallback-wolfram-alpha.mycroftai
2021-10-15 19:52:26.153 | INFO     |  5330 | mycroft.skills.settings:get_local_settings:83 | /opt/mycroft/skills/fallback-wolfram-alpha.mycroftai/settings.json
2021-10-15 19:52:26.174 | INFO     |  5330 | mycroft.skills.skill_loader:_check_for_first_run:324 | First run of fallback-wolfram-alpha.mycroftai
2021-10-15 19:52:26.175 | INFO     |  5330 | mycroft.skills.settings:save_settings:116 | Skill settings successfully saved to /home/runner/.config/mycroft/skills/fallback-wolfram-alpha.mycroftai/settings.json
2021-10-15 19:52:26.175 | INFO     |  5330 | mycroft.skills.skill_loader:_communicate_load_status:344 | Skill fallback-wolfram-alpha.mycroftai loaded successfully
2021-10-15 19:52:26.176 | INFO     |  5330 | mycroft.skills.skill_loader:load:185 | ATTEMPTING TO LOAD SKILL: mycroft-wiki.mycroftai
2021-10-15 19:52:26.181 | INFO     |  5330 | mycroft.skills.settings:get_local_settings:83 | /opt/mycroft/skills/mycroft-wiki.mycroftai/settings.json
2021-10-15 19:52:26.196 | INFO     |  5330 | mycroft.skills.skill_loader:_check_for_first_run:324 | First run of mycroft-wiki.mycroftai
2021-10-15 19:52:26.197 | INFO     |  5330 | mycroft.skills.settings:save_settings:116 | Skill settings successfully saved to /home/runner/.config/mycroft/skills/mycroft-wiki.mycroftai/settings.json
2021-10-15 19:52:26.231 | INFO     |  5330 | mycroft.skills.skill_loader:_communicate_load_status:344 | Skill mycroft-wiki.mycroftai loaded successfully
2021-10-15 19:52:26.232 | INFO     |  5330 | mycroft.skills.skill_loader:load:185 | ATTEMPTING TO LOAD SKILL: fallback-unknown.mycroftai
2021-10-15 19:52:26.235 | INFO     |  5330 | mycroft.skills.settings:get_local_settings:83 | /opt/mycroft/skills/fallback-unknown.mycroftai/settings.json
2021-10-15 19:52:26.243 | INFO     |  5330 | mycroft.skills.skill_loader:_check_for_first_run:324 | First run of fallback-unknown.mycroftai
2021-10-15 19:52:26.243 | INFO     |  5330 | mycroft.skills.settings:save_settings:116 | Skill settings successfully saved to /home/runner/.config/mycroft/skills/fallback-unknown.mycroftai/settings.json
2021-10-15 19:52:26.244 | INFO     |  5330 | mycroft.skills.skill_loader:_communicate_load_status:344 | Skill fallback-unknown.mycroftai loaded successfully
2021-10-15 19:52:26.244 | INFO     |  5330 | mycroft.skills.skill_loader:load:185 | ATTEMPTING TO LOAD SKILL: mycroft-playback-control.mycroftai
2021-10-15 19:52:26.317 | INFO     |  5330 | mycroft.skills.settings:get_local_settings:83 | /opt/mycroft/skills/mycroft-playback-control.mycroftai/settings.json
2021-10-15 19:52:26.336 | INFO     |  5330 | mycroft.skills.skill_loader:_check_for_first_run:324 | First run of mycroft-playback-control.mycroftai
2021-10-15 19:52:26.337 | INFO     |  5330 | mycroft.skills.settings:save_settings:116 | Skill settings successfully saved to /home/runner/.config/mycroft/skills/mycroft-playback-control.mycroftai/settings.json
2021-10-15 19:52:26.338 | INFO     |  5330 | mycroft.skills.skill_loader:_communicate_load_status:344 | Skill mycroft-playback-control.mycroftai loaded successfully
2021-10-15 19:52:26.338 | INFO     |  5330 | mycroft.skills.skill_manager:_load_on_startup:275 | Skills all loaded!
2021-10-15 19:52:26.340 | INFO     |  5330 | __main__:on_ready:185 | Skills service is ready.
2021-10-15 19:52:26.421 | INFO     |  5330 | mycroft.skills.intent_services.padatious_service:train:81 | Training... (single_thread=False)
Regenerated mycroft-alarm.mycroftai:{daytype}.
Regenerated mycroft-reminder.mycroftai:DeleteReminderForDay.intent.
Regenerated mycroft-installer.mycroftai:remove.intent.
Regenerated mycroft-installer.mycroftai:install.custom.intent.
Regenerated mycroft-installer.mycroftai:install.beta.intent.
Regenerated mycroft-installer.mycroftai:is.installed.intent.
Regenerated mycroft-installer.mycroftai:list.skills.intent.
Regenerated mycroft-installer.mycroftai:install.intent.
Regenerated mycroft-reminder.mycroftai:ClearReminders.intent.
Regenerated mycroft-timer.mycroftai:timer.status.intent.
Regenerated mycroft-timer.mycroftai:start.timer.intent.
Regenerated homeassistant.mycroftai:turn.on.intent.
Regenerated homeassistant.mycroftai:tracker.intent.
Regenerated homeassistant.mycroftai:decrease.light.brightness.intent.
Regenerated homeassistant.mycroftai:turn.off.intent.
Regenerated homeassistant.mycroftai:toggle.intent.
Regenerated homeassistant.mycroftai:increase.light.brightness.intent.
Regenerated homeassistant.mycroftai:set.climate.intent.
Regenerated homeassistant.mycroftai:add.item.shopping.list.intent.
Regenerated homeassistant.mycroftai:automation.intent.
Regenerated homeassistant.mycroftai:set.light.brightness.intent.
Regenerated homeassistant.mycroftai:sensor.intent.
Regenerated mycroft-reminder.mycroftai:ReminderAt.intent.
Regenerated mycroft-reminder.mycroftai:SnoozeReminder.intent.
Regenerated mycroft-reminder.mycroftai:UnspecifiedReminderAt.intent.
Regenerated mycroft-reminder.mycroftai:GetNextReminders.intent.
Regenerated mycroft-reminder.mycroftai:Reminder.intent.
Regenerated mycroft-reminder.mycroftai:GetRemindersForDay.intent.
Regenerated mycroft-reminder.mycroftai:CancelActiveReminder.intent.
Regenerated mycroft-alarm.mycroftai:snooze.intent.
Regenerated mycroft-alarm.mycroftai:change.alarm.sound.intent.
Regenerated mycroft-npr-news.mycroftai:PlayTheNews.intent.
Regenerated mycroft-support-helper.mycroftai:contact.support.intent.
Regenerated mycroft-weather.mycroftai:do-i-need-an-umbrella.intent.
Regenerated mycroft-stop.mycroftai:shutdown.intent.
Regenerated mycroft-stop.mycroftai:ssh.enable.intent.
Regenerated mycroft-audio-record.mycroftai:PlayRecording.intent.
Regenerated mycroft-audio-record.mycroftai:StartRecording.intent.
Regenerated mycroft-stop.mycroftai:wifi.setup.intent.
Regenerated mycroft-stop.mycroftai:reboot.intent.
Regenerated mycroft-hello-world.mycroftai:HowAreYou.intent.
Regenerated mycroft-stop.mycroftai:ssh.disable.intent.
Regenerated mycroft-date-time.mycroftai:what.time.is.it.intent.
Regenerated mycroft-date-time.mycroftai:date.last.weekend.intent.
Regenerated mycroft-date-time.mycroftai:what.time.will.it.be.intent.
Regenerated mycroft-date-time.mycroftai:date.future.weekend.intent.
Regenerated mycroft-configuration.mycroftai:DisablePreciseDev.intent.
Regenerated mycroft-configuration.mycroftai:EnablePreciseDev.intent.
Regenerated mycroft-configuration.mycroftai:WhereAreYou.intent.
Regenerated mycroft-personal.mycroftai:WhoMadeYou.intent.
Regenerated mycroft-personal.mycroftai:WhatAreYou.intent.
Regenerated mycroft-personal.mycroftai:DoYouRhyme.intent.
Regenerated mycroft-personal.mycroftai:WhenWereYouBorn.intent.
Regenerated mycroft-personal.mycroftai:DoYouDream.intent.
Regenerated mycroft-personal.mycroftai:WhoAreYou.intent.
Regenerated mycroft-personal.mycroftai:WhereWereYouBorn.intent.
Regenerated mycroft-wiki.mycroftai:Random.intent.
2021-10-15 19:52:28.489 | INFO     |  5330 | mycroft.skills.intent_services.padatious_service:train:83 | Training complete.
2021-10-15 19:52:42.214 | INFO     |  5330 | mycroft.skills.settings:save_settings:116 | Skill settings successfully saved to /home/runner/.config/mycroft/skills/mycroft-pairing.mycroftai/settings.json
2021-10-15 19:52:42.522 | INFO     |  5330 | mycroft.skills.settings:save_settings:116 | Skill settings successfully saved to /home/runner/.config/mycroft/skills/mycroft-timer.mycroftai/settings.json
2021-10-15 19:53:04.919 | INFO     |  5330 | __main__:on_stopping:193 | Skills service is shutting down...
2021-10-15 19:53:04.920 | INFO     |  5330 | __main__:shutdown:284 | Shutting down Skills service
2021-10-15 19:53:05.120 | ERROR    |  5330 | VolumeSkill | Couldn't allocate mixer, ALSAAudioError('No such file or directory [default]')
2021-10-15 19:53:05.122 | INFO     |  5330 | mycroft.skills.settings:save_settings:116 | Skill settings successfully saved to /home/runner/.config/mycroft/skills/mycroft-volume.mycroftai/settings.json
2021-10-15 19:53:05.124 | INFO     |  5330 | mycroft.skills.settings:save_settings:116 | Skill settings successfully saved to /home/runner/.config/mycroft/skills/mycroft-ip.mycroftai/settings.json
2021-10-15 19:53:05.138 | INFO     |  5330 | mycroft.skills.settings:save_settings:116 | Skill settings successfully saved to /home/runner/.config/mycroft/skills/mycroft-reminder.mycroftai/settings.json
2021-10-15 19:53:05.140 | INFO     |  5330 | mycroft.skills.settings:save_settings:116 | Skill settings successfully saved to /home/runner/.config/mycroft/skills/mycroft-installer.mycroftai/settings.json
2021-10-15 19:53:05.141 | INFO     |  5330 | mycroft.skills.settings:save_settings:116 | Skill settings successfully saved to /home/runner/.config/mycroft/skills/mycroft-version-checker.mycroftai/settings.json
2021-10-15 19:53:05.143 | INFO     |  5330 | mycroft.skills.settings:save_settings:116 | Skill settings successfully saved to /home/runner/.config/mycroft/skills/mycroft-singing.mycroftai/settings.json
2021-10-15 19:53:05.144 | INFO     |  5330 | mycroft.skills.settings:save_settings:116 | Skill settings successfully saved to /home/runner/.config/mycroft/skills/mycroft-joke.mycroftai/settings.json
2021-10-15 19:53:05.146 | INFO     |  5330 | HomeAssistantSkill | Removing all handlers...
2021-10-15 19:53:05.146 | WARNING  |  5330 | mycroft.skills.fallback_skill:remove_fallback:185 | Could not find matching fallback handler
2021-10-15 19:53:05.147 | INFO     |  5330 | mycroft.skills.settings:save_settings:116 | Skill settings successfully saved to /home/runner/.config/mycroft/skills/mycroft-alarm.mycroftai/settings.json
2021-10-15 19:53:05.168 | INFO     |  5330 | mycroft.skills.settings:save_settings:116 | Skill settings successfully saved to /home/runner/.config/mycroft/skills/mycroft-naptime.mycroftai/settings.json
2021-10-15 19:53:05.171 | INFO     |  5330 | mycroft.skills.settings:save_settings:116 | Skill settings successfully saved to /home/runner/.config/mycroft/skills/mycroft-spelling.mycroftai/settings.json
2021-10-15 19:53:05.172 | INFO     |  5330 | mycroft.skills.settings:save_settings:116 | Skill settings successfully saved to /home/runner/.config/mycroft/skills/mycroft-fallback-duck-duck-go.mycroftai/settings.json
2021-10-15 19:53:05.173 | INFO     |  5330 | mycroft.skills.settings:save_settings:116 | Skill settings successfully saved to /home/runner/.config/mycroft/skills/mycroft-npr-news.mycroftai/settings.json
2021-10-15 19:53:05.185 | INFO     |  5330 | mycroft.skills.settings:save_settings:116 | Skill settings successfully saved to /home/runner/.config/mycroft/skills/mycroft-support-helper.mycroftai/settings.json
2021-10-15 19:53:05.186 | INFO     |  5330 | mycroft.skills.settings:save_settings:116 | Skill settings successfully saved to /home/runner/.config/mycroft/skills/mycroft-weather.mycroftai/settings.json
2021-10-15 19:53:05.187 | INFO     |  5330 | mycroft.skills.settings:save_settings:116 | Skill settings successfully saved to /home/runner/.config/mycroft/skills/mycroft-speak.mycroftai/settings.json
2021-10-15 19:53:05.188 | INFO     |  5330 | mycroft.skills.settings:save_settings:116 | Skill settings successfully saved to /home/runner/.config/mycroft/skills/mycroft-audio-record.mycroftai/settings.json
2021-10-15 19:53:05.189 | INFO     |  5330 | mycroft.skills.settings:save_settings:116 | Skill settings successfully saved to /home/runner/.config/mycroft/skills/mycroft-stop.mycroftai/settings.json
2021-10-15 19:53:05.201 | INFO     |  5330 | mycroft.skills.settings:save_settings:116 | Skill settings successfully saved to /home/runner/.config/mycroft/skills/mycroft-hello-world.mycroftai/settings.json
2021-10-15 19:53:05.233 | INFO     |  5330 | mycroft.skills.settings:save_settings:116 | Skill settings successfully saved to /home/runner/.config/mycroft/skills/mycroft-date-time.mycroftai/settings.json
2021-10-15 19:53:05.248 | INFO     |  5330 | mycroft.skills.settings:save_settings:116 | Skill settings successfully saved to /home/runner/.config/mycroft/skills/mycroft-configuration.mycroftai/settings.json
2021-10-15 19:53:05.249 | INFO     |  5330 | QuestionsAnswersSkill | Removing all handlers...
2021-10-15 19:53:05.250 | INFO     |  5330 | mycroft.skills.settings:save_settings:116 | Skill settings successfully saved to /home/runner/.config/mycroft/skills/fallback-query.mycroftai/settings.json
2021-10-15 19:53:05.256 | INFO     |  5330 | mycroft.skills.settings:save_settings:116 | Skill settings successfully saved to /home/runner/.config/mycroft/skills/mycroft-personal.mycroftai/settings.json
2021-10-15 19:53:05.258 | INFO     |  5330 | mycroft.skills.settings:save_settings:116 | Skill settings successfully saved to /home/runner/.config/mycroft/skills/fallback-wolfram-alpha.mycroftai/settings.json
2021-10-15 19:53:05.259 | INFO     |  5330 | mycroft.skills.settings:save_settings:116 | Skill settings successfully saved to /home/runner/.config/mycroft/skills/mycroft-wiki.mycroftai/settings.json
2021-10-15 19:53:05.260 | INFO     |  5330 | UnknownSkill | Removing all handlers...
2021-10-15 19:53:05.261 | INFO     |  5330 | mycroft.skills.settings:save_settings:116 | Skill settings successfully saved to /home/runner/.config/mycroft/skills/fallback-unknown.mycroftai/settings.json
2021-10-15 19:53:05.267 | INFO     |  5330 | mycroft.skills.settings:save_settings:116 | Skill settings successfully saved to /home/runner/.config/mycroft/skills/mycroft-playback-control.mycroftai/settings.json
2021-10-15 19:53:06.268 | INFO     |  5330 | Playback Control Skill | Audio service status: {}
2021-10-15 19:53:07.270 | WARNING  |  5330 | mycroft.skills.skill_manager:_shutdown_skill:106 | mycroft-playback-control.mycroftai shutdown took 2.0078665390000197 seconds
2021-10-15 19:53:07.270 | INFO     |  5330 | __main__:shutdown:291 | Skills service shutdown complete!
2021-10-15 19:53:08.616 | ERROR    |  5330 | websocket | error from callback <bound method MessageBusClient.on_message of <mycroft.messagebus.client.client.MessageBusClient object at 0x7ff94af260d0>>: cannot schedule new futures after shutdown
2021-10-15 19:53:08.618 | ERROR    |  5330 | websocket | error from callback <bound method MessageBusClient.on_message of <mycroft.messagebus.client.client.MessageBusClient object at 0x7ff94af260d0>>: cannot schedule new futures after shutdown
2021-10-15 19:53:08.620 | ERROR    |  5330 | websocket | error from callback <bound method MessageBusClient.on_message of <mycroft.messagebus.client.client.MessageBusClient object at 0x7ff94af260d0>>: cannot schedule new futures after shutdown
