2021-10-15 18:54:27.288 | INFO     |  5347 | __main__:main:46 | Starting Audio Service
2021-10-15 18:54:27.289 | INFO     |  5347 | mycroft.messagebus.load_config:load_message_bus_config:33 | Loading message bus configs
2021-10-15 18:54:27.291 | INFO     |  5347 | mycroft_bus_client.client.client | Connected
2021-10-15 18:54:27.293 | INFO     |  5347 | mycroft.util.process_utils:start_message_bus_client:155 | Connected to messagebus
2021-10-15 18:54:27.295 | WARNING  |  5347 | mycroft.tts.tts:clear_cache:428 | This method is deprecated, use TextToSpeechCache.clear
2021-10-15 18:54:27.879 | ERROR    |  5347 | mycroft.tts.mimic_tts:validate_connection:226 | Mimic executable not found
2021-10-15 18:54:27.879 | ERROR    |  5347 | mycroft.tts.tts:create:625 | The TTS could not be loaded.
Traceback (most recent call last):
  File "/opt/mycroft-core/mycroft/tts/mimic_tts.py", line 221, in validate_connection
    subprocess.call([mimic_bin, '--version'])
  File "/opt/hostedtoolcache/Python/3.7.12/x64/lib/python3.7/subprocess.py", line 339, in call
    with Popen(*popenargs, **kwargs) as p:
  File "/opt/hostedtoolcache/Python/3.7.12/x64/lib/python3.7/subprocess.py", line 800, in __init__
    restore_signals, start_new_session)
  File "/opt/hostedtoolcache/Python/3.7.12/x64/lib/python3.7/subprocess.py", line 1465, in _execute_child
    executable = os.fsencode(executable)
  File "/opt/hostedtoolcache/Python/3.7.12/x64/lib/python3.7/os.py", line 812, in fsencode
    filename = fspath(filename)  # Does type-checking of `filename`.
TypeError: expected str, bytes or os.PathLike object, not NoneType

The above exception was the direct cause of the following exception:

Traceback (most recent call last):
  File "/opt/mycroft-core/mycroft/tts/tts.py", line 614, in create
    tts.validator.validate()
  File "/opt/mycroft-core/mycroft/tts/tts.py", line 500, in validate
    self.validate_connection()
  File "/opt/mycroft-core/mycroft/tts/mimic_tts.py", line 229, in validate_connection
    from err
Exception: Mimic was not found. Run install-mimic.sh to install it.
2021-10-15 18:54:27.899 | ERROR    |  5347 | __main__:on_error:37 | Audio service failed to launch (Exception('Mimic was not found. Run install-mimic.sh to install it.')).
2021-10-15 18:54:41.796 | ERROR    |  5347 | mycroft.audio.speech:handle_speak:99 | Error in mute_and_speak
Traceback (most recent call last):
  File "/opt/mycroft-core/mycroft/audio/speech.py", line 95, in handle_speak
    mute_and_speak(chunk, ident, listen)
  File "/opt/mycroft-core/mycroft/audio/speech.py", line 120, in mute_and_speak
    tts.playback.stop()
AttributeError: 'NoneType' object has no attribute 'playback'
2021-10-15 18:55:12.904 | ERROR    |  5347 | mycroft.audio.speech:handle_speak:99 | Error in mute_and_speak
Traceback (most recent call last):
  File "/opt/mycroft-core/mycroft/audio/speech.py", line 95, in handle_speak
    mute_and_speak(chunk, ident, listen)
  File "/opt/mycroft-core/mycroft/audio/speech.py", line 120, in mute_and_speak
    tts.playback.stop()
AttributeError: 'NoneType' object has no attribute 'playback'
2021-10-15 18:55:12.904 | ERROR    |  5347 | mycroft.audio.speech:handle_speak:99 | Error in mute_and_speak
Traceback (most recent call last):
  File "/opt/mycroft-core/mycroft/audio/speech.py", line 95, in handle_speak
    mute_and_speak(chunk, ident, listen)
  File "/opt/mycroft-core/mycroft/audio/speech.py", line 120, in mute_and_speak
    tts.playback.stop()
AttributeError: 'NoneType' object has no attribute 'playback'
2021-10-15 18:55:43.622 | ERROR    |  5347 | mycroft.audio.speech:handle_speak:99 | Error in mute_and_speak
Traceback (most recent call last):
  File "/opt/mycroft-core/mycroft/audio/speech.py", line 95, in handle_speak
    mute_and_speak(chunk, ident, listen)
  File "/opt/mycroft-core/mycroft/audio/speech.py", line 120, in mute_and_speak
    tts.playback.stop()
AttributeError: 'NoneType' object has no attribute 'playback'
2021-10-15 18:55:43.623 | ERROR    |  5347 | mycroft.audio.speech:handle_speak:99 | Error in mute_and_speak
Traceback (most recent call last):
  File "/opt/mycroft-core/mycroft/audio/speech.py", line 95, in handle_speak
    mute_and_speak(chunk, ident, listen)
  File "/opt/mycroft-core/mycroft/audio/speech.py", line 120, in mute_and_speak
    tts.playback.stop()
AttributeError: 'NoneType' object has no attribute 'playback'
2021-10-15 18:55:43.623 | ERROR    |  5347 | mycroft.audio.speech:handle_speak:99 | Error in mute_and_speak
Traceback (most recent call last):
  File "/opt/mycroft-core/mycroft/audio/speech.py", line 95, in handle_speak
    mute_and_speak(chunk, ident, listen)
  File "/opt/mycroft-core/mycroft/audio/speech.py", line 120, in mute_and_speak
    tts.playback.stop()
AttributeError: 'NoneType' object has no attribute 'playback'
2021-10-15 18:55:43.625 | ERROR    |  5347 | mycroft.audio.speech:handle_speak:99 | Error in mute_and_speak
Traceback (most recent call last):
  File "/opt/mycroft-core/mycroft/audio/speech.py", line 95, in handle_speak
    mute_and_speak(chunk, ident, listen)
  File "/opt/mycroft-core/mycroft/audio/speech.py", line 120, in mute_and_speak
    tts.playback.stop()
AttributeError: 'NoneType' object has no attribute 'playback'
2021-10-15 18:55:43.625 | ERROR    |  5347 | mycroft.audio.speech:handle_speak:99 | Error in mute_and_speak
Traceback (most recent call last):
  File "/opt/mycroft-core/mycroft/audio/speech.py", line 95, in handle_speak
    mute_and_speak(chunk, ident, listen)
  File "/opt/mycroft-core/mycroft/audio/speech.py", line 120, in mute_and_speak
    tts.playback.stop()
AttributeError: 'NoneType' object has no attribute 'playback'
2021-10-15 18:55:43.626 | ERROR    |  5347 | mycroft.audio.speech:handle_speak:99 | Error in mute_and_speak
Traceback (most recent call last):
  File "/opt/mycroft-core/mycroft/audio/speech.py", line 95, in handle_speak
    mute_and_speak(chunk, ident, listen)
  File "/opt/mycroft-core/mycroft/audio/speech.py", line 120, in mute_and_speak
    tts.playback.stop()
AttributeError: 'NoneType' object has no attribute 'playback'
2021-10-15 18:55:43.626 | ERROR    |  5347 | mycroft.audio.speech:handle_speak:99 | Error in mute_and_speak
Traceback (most recent call last):
  File "/opt/mycroft-core/mycroft/audio/speech.py", line 95, in handle_speak
    mute_and_speak(chunk, ident, listen)
  File "/opt/mycroft-core/mycroft/audio/speech.py", line 120, in mute_and_speak
    tts.playback.stop()
AttributeError: 'NoneType' object has no attribute 'playback'
2021-10-15 18:55:43.627 | ERROR    |  5347 | mycroft.audio.speech:handle_speak:99 | Error in mute_and_speak
Traceback (most recent call last):
  File "/opt/mycroft-core/mycroft/audio/speech.py", line 95, in handle_speak
    mute_and_speak(chunk, ident, listen)
  File "/opt/mycroft-core/mycroft/audio/speech.py", line 120, in mute_and_speak
    tts.playback.stop()
AttributeError: 'NoneType' object has no attribute 'playback'
2021-10-15 18:55:45.308 | ERROR    |  5347 | websocket | error from callback <bound method MessageBusClient.on_message of <mycroft.messagebus.client.client.MessageBusClient object at 0x7fac0072c4d0>>: cannot schedule new futures after shutdown
2021-10-15 18:55:45.309 | ERROR    |  5347 | websocket | error from callback <bound method MessageBusClient.on_message of <mycroft.messagebus.client.client.MessageBusClient object at 0x7fac0072c4d0>>: cannot schedule new futures after shutdown
2021-10-15 18:55:45.309 | ERROR    |  5347 | websocket | error from callback <bound method MessageBusClient.on_message of <mycroft.messagebus.client.client.MessageBusClient object at 0x7fac0072c4d0>>: cannot schedule new futures after shutdown
2021-10-15 18:55:45.309 | ERROR    |  5347 | websocket | error from callback <bound method MessageBusClient.on_message of <mycroft.messagebus.client.client.MessageBusClient object at 0x7fac0072c4d0>>: cannot schedule new futures after shutdown
2021-10-15 18:55:45.310 | ERROR    |  5347 | websocket | error from callback <bound method MessageBusClient.on_message of <mycroft.messagebus.client.client.MessageBusClient object at 0x7fac0072c4d0>>: cannot schedule new futures after shutdown
2021-10-15 18:55:45.310 | ERROR    |  5347 | websocket | error from callback <bound method MessageBusClient.on_message of <mycroft.messagebus.client.client.MessageBusClient object at 0x7fac0072c4d0>>: cannot schedule new futures after shutdown
2021-10-15 18:55:45.310 | ERROR    |  5347 | websocket | error from callback <bound method MessageBusClient.on_message of <mycroft.messagebus.client.client.MessageBusClient object at 0x7fac0072c4d0>>: cannot schedule new futures after shutdown
2021-10-15 18:55:45.310 | ERROR    |  5347 | websocket | error from callback <bound method MessageBusClient.on_message of <mycroft.messagebus.client.client.MessageBusClient object at 0x7fac0072c4d0>>: cannot schedule new futures after shutdown
2021-10-15 18:55:45.310 | ERROR    |  5347 | websocket | error from callback <bound method MessageBusClient.on_message of <mycroft.messagebus.client.client.MessageBusClient object at 0x7fac0072c4d0>>: cannot schedule new futures after shutdown
2021-10-15 18:55:45.310 | ERROR    |  5347 | websocket | error from callback <bound method MessageBusClient.on_message of <mycroft.messagebus.client.client.MessageBusClient object at 0x7fac0072c4d0>>: cannot schedule new futures after shutdown
2021-10-15 18:55:45.311 | ERROR    |  5347 | websocket | error from callback <bound method MessageBusClient.on_message of <mycroft.messagebus.client.client.MessageBusClient object at 0x7fac0072c4d0>>: cannot schedule new futures after shutdown
2021-10-15 18:55:45.311 | ERROR    |  5347 | websocket | error from callback <bound method MessageBusClient.on_message of <mycroft.messagebus.client.client.MessageBusClient object at 0x7fac0072c4d0>>: cannot schedule new futures after shutdown
2021-10-15 18:55:45.311 | ERROR    |  5347 | websocket | error from callback <bound method MessageBusClient.on_message of <mycroft.messagebus.client.client.MessageBusClient object at 0x7fac0072c4d0>>: cannot schedule new futures after shutdown
2021-10-15 18:55:45.311 | ERROR    |  5347 | websocket | error from callback <bound method MessageBusClient.on_message of <mycroft.messagebus.client.client.MessageBusClient object at 0x7fac0072c4d0>>: cannot schedule new futures after shutdown
2021-10-15 18:55:45.311 | ERROR    |  5347 | websocket | error from callback <bound method MessageBusClient.on_message of <mycroft.messagebus.client.client.MessageBusClient object at 0x7fac0072c4d0>>: cannot schedule new futures after shutdown
2021-10-15 18:55:45.312 | ERROR    |  5347 | websocket | error from callback <bound method MessageBusClient.on_message of <mycroft.messagebus.client.client.MessageBusClient object at 0x7fac0072c4d0>>: cannot schedule new futures after shutdown
2021-10-15 18:55:45.312 | ERROR    |  5347 | websocket | error from callback <bound method MessageBusClient.on_message of <mycroft.messagebus.client.client.MessageBusClient object at 0x7fac0072c4d0>>: cannot schedule new futures after shutdown
2021-10-15 18:55:45.312 | ERROR    |  5347 | websocket | error from callback <bound method MessageBusClient.on_message of <mycroft.messagebus.client.client.MessageBusClient object at 0x7fac0072c4d0>>: cannot schedule new futures after shutdown
2021-10-15 18:55:45.312 | ERROR    |  5347 | websocket | error from callback <bound method MessageBusClient.on_message of <mycroft.messagebus.client.client.MessageBusClient object at 0x7fac0072c4d0>>: cannot schedule new futures after shutdown
2021-10-15 18:55:45.312 | ERROR    |  5347 | websocket | error from callback <bound method MessageBusClient.on_message of <mycroft.messagebus.client.client.MessageBusClient object at 0x7fac0072c4d0>>: cannot schedule new futures after shutdown
2021-10-15 18:55:45.313 | ERROR    |  5347 | websocket | error from callback <bound method MessageBusClient.on_message of <mycroft.messagebus.client.client.MessageBusClient object at 0x7fac0072c4d0>>: cannot schedule new futures after shutdown
2021-10-15 18:55:45.313 | ERROR    |  5347 | websocket | error from callback <bound method MessageBusClient.on_message of <mycroft.messagebus.client.client.MessageBusClient object at 0x7fac0072c4d0>>: cannot schedule new futures after shutdown
2021-10-15 18:55:45.313 | ERROR    |  5347 | websocket | error from callback <bound method MessageBusClient.on_message of <mycroft.messagebus.client.client.MessageBusClient object at 0x7fac0072c4d0>>: cannot schedule new futures after shutdown
2021-10-15 18:55:45.314 | ERROR    |  5347 | websocket | error from callback <bound method MessageBusClient.on_message of <mycroft.messagebus.client.client.MessageBusClient object at 0x7fac0072c4d0>>: cannot schedule new futures after shutdown
2021-10-15 18:55:45.314 | ERROR    |  5347 | websocket | error from callback <bound method MessageBusClient.on_message of <mycroft.messagebus.client.client.MessageBusClient object at 0x7fac0072c4d0>>: cannot schedule new futures after shutdown
