2021-10-24 19:56:36.468 | INFO     |  5686 | mycroft.messagebus.load_config:load_message_bus_config:33 | Loading message bus configs
2021-10-24 19:56:36.470 | INFO     |  5686 | mycroft_bus_client.client.client | Connected
2021-10-24 19:56:36.471 | INFO     |  5686 | mycroft.util.process_utils:start_message_bus_client:155 | Connected to messagebus
2021-10-24 19:56:36.474 | INFO     |  5686 | mycroft.skills.msm_wrapper:create_msm:96 | Acquiring lock to instantiate MSM
2021-10-24 19:56:37.934 | INFO     |  5686 | msm.mycroft_skills_manager | building SkillEntry objects for all skills
2021-10-24 19:56:38.368 | INFO     |  5686 | mycroft.skills.msm_wrapper:create_msm:112 | Releasing MSM instantiation lock.
2021-10-24 19:56:38.369 | INFO     |  5686 | mycroft.skills.skill_updater:_log_next_download_time:267 | Next scheduled skill update: 2021-10-24 19:56:37.368643
2021-10-24 19:56:38.369 | INFO     |  5686 | msm.skill_entry | Downloading skill: https://github.com/mycroftai/skill-pairing
2021-10-24 19:56:38.992 | INFO     |  5686 | msm.skill_entry | Installing system requirements...
2021-10-24 19:56:39.024 | INFO     |  5686 | msm.skill_entry | Successfully installed mycroft-pairing
2021-10-24 19:56:39.024 | INFO     |  5686 | msm.mycroft_skills_manager | invalidating skills cache
2021-10-24 19:56:39.026 | INFO     |  5686 | mycroft.skills.skill_loader:load:185 | ATTEMPTING TO LOAD SKILL: mycroft-pairing.mycroftai
2021-10-24 19:56:39.032 | INFO     |  5686 | mycroft.skills.settings:get_local_settings:83 | /opt/mycroft/skills/mycroft-pairing.mycroftai/settings.json
2021-10-24 19:56:39.063 | INFO     |  5686 | mycroft.skills.skill_loader:_check_for_first_run:324 | First run of mycroft-pairing.mycroftai
2021-10-24 19:56:39.064 | INFO     |  5686 | mycroft.skills.settings:save_settings:116 | Skill settings successfully saved to /home/runner/.config/mycroft/skills/mycroft-pairing.mycroftai/settings.json
2021-10-24 19:56:39.070 | INFO     |  5686 | mycroft.skills.skill_loader:_communicate_load_status:344 | Skill mycroft-pairing.mycroftai loaded successfully
2021-10-24 19:56:39.070 | INFO     |  5686 | msm.skill_entry | Downloading skill: https://github.com/mycroftai/skill-volume
2021-10-24 19:56:39.754 | INFO     |  5686 | msm.skill_entry | Installing system requirements...
2021-10-24 19:56:39.784 | INFO     |  5686 | msm.skill_entry | Installing requirements.txt for mycroft-volume
2021-10-24 19:56:40.616 | INFO     |  5686 | msm.skill_entry | Successfully installed mycroft-volume
2021-10-24 19:56:40.617 | INFO     |  5686 | msm.mycroft_skills_manager | invalidating skills cache
2021-10-24 19:56:40.618 | INFO     |  5686 | mycroft.skills.skill_loader:load:185 | ATTEMPTING TO LOAD SKILL: mycroft-volume.mycroftai
2021-10-24 19:56:40.626 | INFO     |  5686 | mycroft.skills.settings:get_local_settings:83 | /opt/mycroft/skills/mycroft-volume.mycroftai/settings.json
2021-10-24 19:56:40.746 | ERROR    |  5686 | VolumeSkill | Couldn't allocate mixer, ALSAAudioError('No such file or directory [default]')
2021-10-24 19:56:43.748 | INFO     |  5686 | mycroft.skills.skill_loader:_check_for_first_run:324 | First run of mycroft-volume.mycroftai
2021-10-24 19:56:43.748 | INFO     |  5686 | mycroft.skills.settings:save_settings:116 | Skill settings successfully saved to /home/runner/.config/mycroft/skills/mycroft-volume.mycroftai/settings.json
2021-10-24 19:56:43.749 | INFO     |  5686 | mycroft.skills.skill_loader:_communicate_load_status:344 | Skill mycroft-volume.mycroftai loaded successfully
2021-10-24 19:56:43.750 | INFO     |  5686 | __main__:on_started:177 | Skills service is starting up.
2021-10-24 19:56:43.835 | INFO     |  5686 | __main__:_update_system:154 | Attempting system update...
2021-10-24 19:56:46.837 | INFO     |  5686 | mycroft.enclosure.display_manager:_write_data:70 | Display Manager is creating /tmp/mycroft/ipc/managers/disp_info
2021-10-24 19:56:46.838 | INFO     |  5686 | __main__:_ensure_device_is_paired:133 | Device not paired, invoking the pairing skill
2021-10-24 19:56:46.867 | INFO     |  5686 | __main__:on_alive:181 | Skills service is alive.
2021-10-24 19:56:46.868 | INFO     |  5686 | msm.mycroft_skills_manager | building SkillEntry objects for all skills
2021-10-24 19:56:47.212 | INFO     |  5686 | PairingSkill | Communicating account URL to user
2021-10-24 19:56:47.880 | WARNING  |  5686 | msm.mycroft_skills_manager | No such default skill: mycroft-pandora
2021-10-24 19:56:47.880 | INFO     |  5686 | mycroft.skills.skill_manager:run:234 | Not all default skills are installed, performing skill update...
2021-10-24 19:56:47.881 | INFO     |  5686 | mycroft.skills.skill_updater:update_skills:149 | Beginning skill update...
2021-10-24 19:56:47.956 | INFO     |  5686 | msm.mycroft_skills_manager | building SkillEntry objects for all skills
2021-10-24 19:56:48.880 | INFO     |  5686 | msm.mycroft_skills_manager | invalidating skills cache
2021-10-24 19:56:48.905 | INFO     |  5686 | msm.skill_entry | Downloading skill: https://github.com/mycroftai/fallback-unknown
2021-10-24 19:56:48.927 | INFO     |  5686 | msm.skill_entry | Downloading skill: https://github.com/mycroftai/skill-configuration
2021-10-24 19:56:48.931 | INFO     |  5686 | msm.skill_entry | Downloading skill: https://github.com/mycroftai/skill-date-time
2021-10-24 19:56:48.936 | INFO     |  5686 | msm.skill_entry | Downloading skill: https://github.com/mycroftai/fallback-duckduckgo
2021-10-24 19:56:48.941 | INFO     |  5686 | msm.skill_entry | Downloading skill: https://github.com/mycroftai/skill-hello-world
2021-10-24 19:56:48.953 | INFO     |  5686 | msm.skill_entry | Downloading skill: https://github.com/mycroftai/skill-naptime
2021-10-24 19:56:48.955 | INFO     |  5686 | msm.skill_entry | Downloading skill: https://github.com/mycroftai/skill-ip
2021-10-24 19:56:48.960 | INFO     |  5686 | msm.skill_entry | Downloading skill: https://github.com/mycroftai/skill-singing
2021-10-24 19:56:48.965 | INFO     |  5686 | msm.skill_entry | Downloading skill: https://github.com/mycroftai/skill-npr-news
2021-10-24 19:56:48.967 | INFO     |  5686 | msm.skill_entry | Downloading skill: https://github.com/mycroftai/skill-joke
2021-10-24 19:56:48.971 | INFO     |  5686 | msm.skill_entry | Downloading skill: https://github.com/mycroftai/skill-installer
2021-10-24 19:56:48.973 | INFO     |  5686 | msm.skill_entry | Downloading skill: https://github.com/mycroftai/skill-playback-control
2021-10-24 19:56:48.981 | INFO     |  5686 | msm.skill_entry | Downloading skill: https://github.com/mycroftai/skill-reminder
2021-10-24 19:56:48.989 | INFO     |  5686 | msm.skill_entry | Downloading skill: https://github.com/mycroftai/fallback-wolfram-alpha
2021-10-24 19:56:48.995 | INFO     |  5686 | msm.skill_entry | Downloading skill: https://github.com/mycroftai/skill-audio-record
2021-10-24 19:56:49.000 | INFO     |  5686 | msm.skill_entry | Downloading skill: https://github.com/mycroftai/skill-personal
2021-10-24 19:56:49.017 | INFO     |  5686 | msm.skill_entry | Downloading skill: https://github.com/mycroftai/skill-alarm
2021-10-24 19:56:49.816 | ERROR    |  5686 | msm.mycroft_skills_manager | Error running install_or_update on homeassistant.mycroftai: MergeConflict
2021-10-24 19:56:49.830 | INFO     |  5686 | msm.skill_entry | Downloading skill: https://github.com/mycroftai/skill-speak
2021-10-24 19:56:50.380 | INFO     |  5686 | msm.skill_entry | Installing system requirements...
2021-10-24 19:56:50.405 | INFO     |  5686 | msm.skill_entry | Installing system requirements...
2021-10-24 19:56:50.456 | INFO     |  5686 | msm.skill_entry | Nothing new for mycroft-volume
2021-10-24 19:56:50.516 | INFO     |  5686 | msm.skill_entry | Installing system requirements...
2021-10-24 19:56:50.532 | INFO     |  5686 | msm.skill_entry | Installing requirements.txt for mycroft-date-time
2021-10-24 19:56:50.537 | INFO     |  5686 | msm.skill_entry | Installing system requirements...
2021-10-24 19:56:50.542 | INFO     |  5686 | msm.skill_entry | Installing system requirements...
2021-10-24 19:56:50.573 | INFO     |  5686 | msm.skill_entry | Installing system requirements...
2021-10-24 19:56:50.574 | INFO     |  5686 | msm.skill_entry | Successfully installed mycroft-personal
2021-10-24 19:56:50.588 | INFO     |  5686 | msm.mycroft_skills_manager | invalidating skills cache
2021-10-24 19:56:50.589 | INFO     |  5686 | msm.skill_entry | Downloading skill: https://github.com/mycroftai/skill-spelling
2021-10-24 19:56:50.630 | INFO     |  5686 | msm.skill_entry | Installing system requirements...
2021-10-24 19:56:50.694 | INFO     |  5686 | msm.skill_entry | Installing system requirements...
2021-10-24 19:56:50.712 | INFO     |  5686 | msm.skill_entry | Installing requirements.txt for mycroft-audio-record
2021-10-24 19:56:50.729 | INFO     |  5686 | msm.skill_entry | Successfully installed mycroft-playback-control
2021-10-24 19:56:50.730 | INFO     |  5686 | msm.mycroft_skills_manager | invalidating skills cache
2021-10-24 19:56:50.729 | INFO     |  5686 | msm.skill_entry | Successfully installed mycroft-naptime
2021-10-24 19:56:50.740 | INFO     |  5686 | msm.mycroft_skills_manager | invalidating skills cache
2021-10-24 19:56:50.741 | INFO     |  5686 | msm.skill_entry | Downloading skill: https://github.com/mycroftai/skill-support
2021-10-24 19:56:50.741 | INFO     |  5686 | msm.skill_entry | Installing system requirements...
2021-10-24 19:56:50.736 | INFO     |  5686 | msm.skill_entry | Downloading skill: https://github.com/mycroftai/skill-stop
2021-10-24 19:56:50.770 | INFO     |  5686 | msm.skill_entry | Installing requirements.txt for fallback-wolfram-alpha
2021-10-24 19:56:50.788 | INFO     |  5686 | msm.skill_entry | Installing system requirements...
2021-10-24 19:56:50.833 | INFO     |  5686 | msm.skill_entry | Installing requirements.txt for mycroft-volume
2021-10-24 19:56:50.881 | INFO     |  5686 | msm.skill_entry | Successfully installed mycroft-speak
2021-10-24 19:56:50.882 | INFO     |  5686 | msm.mycroft_skills_manager | invalidating skills cache
2021-10-24 19:56:50.891 | INFO     |  5686 | msm.skill_entry | Installing system requirements...
2021-10-24 19:56:50.909 | INFO     |  5686 | msm.skill_entry | Installing system requirements...
2021-10-24 19:56:50.919 | INFO     |  5686 | msm.skill_entry | Downloading skill: https://github.com/mycroftai/mycroft-timer
2021-10-24 19:56:50.971 | INFO     |  5686 | msm.skill_entry | Installing requirements.txt for mycroft-installer
2021-10-24 19:56:50.972 | INFO     |  5686 | msm.skill_entry | Installing requirements.txt for mycroft-configuration
2021-10-24 19:56:50.974 | INFO     |  5686 | msm.skill_entry | Nothing new for mycroft-pairing
2021-10-24 19:56:50.979 | INFO     |  5686 | msm.skill_entry | Installing system requirements...
2021-10-24 19:56:51.012 | INFO     |  5686 | msm.skill_entry | Installing system requirements...
2021-10-24 19:56:51.019 | INFO     |  5686 | msm.skill_entry | Installing system requirements...
2021-10-24 19:56:51.025 | INFO     |  5686 | msm.skill_entry | Successfully installed mycroft-reminder
2021-10-24 19:56:51.026 | INFO     |  5686 | msm.mycroft_skills_manager | invalidating skills cache
2021-10-24 19:56:51.027 | INFO     |  5686 | msm.skill_entry | Downloading skill: https://github.com/mycroftai/skill-weather
2021-10-24 19:56:51.033 | INFO     |  5686 | msm.skill_entry | Successfully installed fallback-unknown
2021-10-24 19:56:51.034 | INFO     |  5686 | msm.mycroft_skills_manager | invalidating skills cache
2021-10-24 19:56:51.040 | INFO     |  5686 | msm.skill_entry | Downloading skill: https://github.com/mycroftai/skill-version-checker
2021-10-24 19:56:51.095 | INFO     |  5686 | msm.skill_entry | Downloading skill: https://github.com/mycroftai/skill-wiki
2021-10-24 19:56:51.109 | INFO     |  5686 | msm.skill_entry | Installing requirements.txt for mycroft-ip
2021-10-24 19:56:51.147 | INFO     |  5686 | msm.skill_entry | Installing requirements.txt for mycroft-joke
2021-10-24 19:56:51.392 | INFO     |  5686 | msm.skill_entry | Installing system requirements...
2021-10-24 19:56:51.419 | INFO     |  5686 | msm.skill_entry | Installing requirements.txt for mycroft-fallback-duck-duck-go
2021-10-24 19:56:52.104 | INFO     |  5686 | msm.skill_entry | Installing system requirements...
2021-10-24 19:56:52.204 | INFO     |  5686 | msm.skill_entry | Successfully installed mycroft-hello-world
2021-10-24 19:56:52.204 | INFO     |  5686 | msm.mycroft_skills_manager | invalidating skills cache
2021-10-24 19:56:52.211 | INFO     |  5686 | msm.skill_entry | Downloading skill: https://github.com/MycroftAI/skill-query
2021-10-24 19:56:52.537 | INFO     |  5686 | msm.skill_entry | Installing system requirements...
2021-10-24 19:56:52.608 | INFO     |  5686 | msm.skill_entry | Installing requirements.txt for mycroft-npr-news
2021-10-24 19:56:52.616 | INFO     |  5686 | msm.skill_entry | Installing system requirements...
2021-10-24 19:56:52.651 | INFO     |  5686 | msm.skill_entry | Installing system requirements...
2021-10-24 19:56:52.688 | INFO     |  5686 | msm.skill_entry | Installing requirements.txt for mycroft-support-helper
2021-10-24 19:56:52.707 | INFO     |  5686 | msm.skill_entry | Successfully installed mycroft-spelling
2021-10-24 19:56:52.708 | INFO     |  5686 | msm.mycroft_skills_manager | invalidating skills cache
2021-10-24 19:56:52.714 | INFO     |  5686 | msm.skill_entry | Installing system requirements...
2021-10-24 19:56:52.781 | INFO     |  5686 | msm.skill_entry | Installing requirements.txt for mycroft-alarm
2021-10-24 19:56:52.788 | INFO     |  5686 | msm.skill_entry | Installing system requirements...
2021-10-24 19:56:52.816 | INFO     |  5686 | msm.skill_entry | Installing system requirements...
2021-10-24 19:56:52.863 | INFO     |  5686 | msm.skill_entry | Successfully installed mycroft-timer
2021-10-24 19:56:52.863 | INFO     |  5686 | msm.mycroft_skills_manager | invalidating skills cache
2021-10-24 19:56:52.866 | INFO     |  5686 | msm.skill_entry | Successfully installed mycroft-singing
2021-10-24 19:56:52.866 | INFO     |  5686 | msm.mycroft_skills_manager | invalidating skills cache
2021-10-24 19:56:52.887 | INFO     |  5686 | msm.skill_entry | Installing system requirements...
2021-10-24 19:56:52.943 | INFO     |  5686 | msm.skill_entry | Successfully installed mycroft-version-checker
2021-10-24 19:56:52.944 | INFO     |  5686 | msm.mycroft_skills_manager | invalidating skills cache
2021-10-24 19:56:52.962 | ERROR    |  5686 | msm.mycroft_skills_manager | Error running install_or_update on homeassistant: MergeConflict
2021-10-24 19:56:53.197 | INFO     |  5686 | msm.skill_entry | Installing system requirements...
2021-10-24 19:56:53.238 | INFO     |  5686 | msm.skill_entry | Successfully installed fallback-query
2021-10-24 19:56:53.239 | INFO     |  5686 | msm.mycroft_skills_manager | invalidating skills cache
2021-10-24 19:56:53.251 | INFO     |  5686 | msm.skill_entry | Installing system requirements...
2021-10-24 19:56:53.279 | INFO     |  5686 | msm.skill_entry | Successfully installed mycroft-stop
2021-10-24 19:56:53.279 | INFO     |  5686 | msm.mycroft_skills_manager | invalidating skills cache
2021-10-24 19:56:53.800 | INFO     |  5686 | msm.skill_entry | Installing system requirements...
2021-10-24 19:56:53.849 | INFO     |  5686 | msm.skill_entry | Installing requirements.txt for mycroft-wiki
2021-10-24 19:56:53.892 | INFO     |  5686 | msm.skill_entry | Installing system requirements...
2021-10-24 19:56:53.920 | INFO     |  5686 | msm.skill_entry | Installing requirements.txt for mycroft-weather
2021-10-24 19:57:08.989 | INFO     |  5686 | msm.skill_entry | Successfully installed mycroft-date-time
2021-10-24 19:57:08.989 | INFO     |  5686 | msm.mycroft_skills_manager | invalidating skills cache
2021-10-24 19:57:09.831 | INFO     |  5686 | msm.skill_entry | Successfully installed mycroft-audio-record
2021-10-24 19:57:09.832 | INFO     |  5686 | msm.mycroft_skills_manager | invalidating skills cache
2021-10-24 19:57:13.645 | INFO     |  5686 | msm.skill_entry | Successfully installed fallback-wolfram-alpha
2021-10-24 19:57:13.645 | INFO     |  5686 | msm.mycroft_skills_manager | invalidating skills cache
2021-10-24 19:57:15.343 | INFO     |  5686 | msm.skill_entry | Successfully installed mycroft-installer
2021-10-24 19:57:15.343 | INFO     |  5686 | msm.mycroft_skills_manager | invalidating skills cache
2021-10-24 19:57:17.547 | INFO     |  5686 | PairingSkill | Initiating device pairing sequence...
2021-10-24 19:57:17.547 | INFO     |  5686 | PairingSkill | Retrieving pairing code from device API...
2021-10-24 19:57:17.957 | INFO     |  5686 | msm.skill_entry | Successfully installed mycroft-configuration
2021-10-24 19:57:17.957 | INFO     |  5686 | msm.mycroft_skills_manager | invalidating skills cache
2021-10-24 19:57:18.786 | INFO     |  5686 | msm.skill_entry | Successfully installed mycroft-ip
2021-10-24 19:57:18.786 | INFO     |  5686 | msm.mycroft_skills_manager | invalidating skills cache
2021-10-24 19:57:18.817 | INFO     |  5686 | PairingSkill | Pairing code obtained: Y9X3A7
2021-10-24 19:57:18.817 | INFO     |  5686 | PairingSkill | Communicating pairing URL to user
2021-10-24 19:57:19.829 | INFO     |  5686 | msm.skill_entry | Successfully installed mycroft-joke
2021-10-24 19:57:19.829 | INFO     |  5686 | msm.mycroft_skills_manager | invalidating skills cache
2021-10-24 19:57:20.948 | INFO     |  5686 | msm.skill_entry | Successfully installed mycroft-fallback-duck-duck-go
2021-10-24 19:57:20.948 | INFO     |  5686 | msm.mycroft_skills_manager | invalidating skills cache
2021-10-24 19:57:24.455 | INFO     |  5686 | msm.skill_entry | Successfully installed mycroft-npr-news
2021-10-24 19:57:24.456 | INFO     |  5686 | msm.mycroft_skills_manager | invalidating skills cache
2021-10-24 19:57:26.431 | INFO     |  5686 | msm.skill_entry | Successfully installed mycroft-support-helper
2021-10-24 19:57:26.432 | INFO     |  5686 | msm.mycroft_skills_manager | invalidating skills cache
2021-10-24 19:57:27.344 | INFO     |  5686 | msm.skill_entry | Successfully installed mycroft-alarm
2021-10-24 19:57:27.344 | INFO     |  5686 | msm.mycroft_skills_manager | invalidating skills cache
2021-10-24 19:57:29.030 | INFO     |  5686 | msm.skill_entry | Successfully installed mycroft-wiki
2021-10-24 19:57:29.030 | INFO     |  5686 | msm.mycroft_skills_manager | invalidating skills cache
2021-10-24 19:57:29.973 | INFO     |  5686 | msm.skill_entry | Successfully installed mycroft-weather
2021-10-24 19:57:29.973 | INFO     |  5686 | msm.mycroft_skills_manager | invalidating skills cache
2021-10-24 19:57:30.041 | INFO     |  5686 | mycroft.skills.skill_updater:_log_next_download_time:267 | Next scheduled skill update: 2021-10-24 20:57:30.041137
2021-10-24 19:57:30.041 | INFO     |  5686 | mycroft.skills.skill_updater:update_skills:170 | Skill update complete
2021-10-24 19:57:30.042 | INFO     |  5686 | mycroft.skills.skill_manager:_load_on_startup:273 | Loading installed skills...
2021-10-24 19:57:30.043 | INFO     |  5686 | mycroft.skills.skill_loader:load:185 | ATTEMPTING TO LOAD SKILL: mycroft-ip.mycroftai
2021-10-24 19:57:30.087 | INFO     |  5686 | mycroft.skills.settings:get_local_settings:83 | /opt/mycroft/skills/mycroft-ip.mycroftai/settings.json
2021-10-24 19:57:30.106 | INFO     |  5686 | mycroft.skills.skill_loader:_check_for_first_run:324 | First run of mycroft-ip.mycroftai
2021-10-24 19:57:30.107 | INFO     |  5686 | mycroft.skills.settings:save_settings:116 | Skill settings successfully saved to /home/runner/.config/mycroft/skills/mycroft-ip.mycroftai/settings.json
2021-10-24 19:57:30.108 | INFO     |  5686 | mycroft.skills.skill_loader:_communicate_load_status:344 | Skill mycroft-ip.mycroftai loaded successfully
2021-10-24 19:57:30.108 | INFO     |  5686 | mycroft.skills.skill_loader:load:185 | ATTEMPTING TO LOAD SKILL: mycroft-reminder.mycroftai
2021-10-24 19:57:30.130 | INFO     |  5686 | mycroft.skills.settings:get_local_settings:83 | /opt/mycroft/skills/mycroft-reminder.mycroftai/settings.json
2021-10-24 19:57:30.164 | INFO     |  5686 | mycroft.skills.skill_loader:_check_for_first_run:324 | First run of mycroft-reminder.mycroftai
2021-10-24 19:57:30.165 | INFO     |  5686 | mycroft.skills.settings:save_settings:116 | Skill settings successfully saved to /home/runner/.config/mycroft/skills/mycroft-reminder.mycroftai/settings.json
2021-10-24 19:57:30.171 | INFO     |  5686 | mycroft.skills.skill_loader:_communicate_load_status:344 | Skill mycroft-reminder.mycroftai loaded successfully
2021-10-24 19:57:30.171 | INFO     |  5686 | mycroft.skills.skill_loader:load:185 | ATTEMPTING TO LOAD SKILL: mycroft-installer.mycroftai
2021-10-24 19:57:30.182 | INFO     |  5686 | mycroft.skills.settings:get_local_settings:83 | /opt/mycroft/skills/mycroft-installer.mycroftai/settings.json
2021-10-24 19:57:30.217 | INFO     |  5686 | mycroft.skills.skill_loader:_check_for_first_run:324 | First run of mycroft-installer.mycroftai
2021-10-24 19:57:30.218 | INFO     |  5686 | mycroft.skills.settings:save_settings:116 | Skill settings successfully saved to /home/runner/.config/mycroft/skills/mycroft-installer.mycroftai/settings.json
2021-10-24 19:57:30.220 | INFO     |  5686 | mycroft.skills.skill_loader:_communicate_load_status:344 | Skill mycroft-installer.mycroftai loaded successfully
2021-10-24 19:57:30.221 | INFO     |  5686 | mycroft.skills.skill_loader:load:185 | ATTEMPTING TO LOAD SKILL: mycroft-version-checker.mycroftai
2021-10-24 19:57:30.228 | INFO     |  5686 | mycroft.skills.settings:get_local_settings:83 | /opt/mycroft/skills/mycroft-version-checker.mycroftai/settings.json
2021-10-24 19:57:30.241 | INFO     |  5686 | mycroft.skills.skill_loader:_check_for_first_run:324 | First run of mycroft-version-checker.mycroftai
2021-10-24 19:57:30.243 | INFO     |  5686 | mycroft.skills.settings:save_settings:116 | Skill settings successfully saved to /home/runner/.config/mycroft/skills/mycroft-version-checker.mycroftai/settings.json
2021-10-24 19:57:30.244 | INFO     |  5686 | mycroft.skills.skill_loader:_communicate_load_status:344 | Skill mycroft-version-checker.mycroftai loaded successfully
2021-10-24 19:57:30.245 | INFO     |  5686 | mycroft.skills.skill_loader:load:185 | ATTEMPTING TO LOAD SKILL: mycroft-singing.mycroftai
2021-10-24 19:57:30.252 | INFO     |  5686 | mycroft.skills.settings:get_local_settings:83 | /opt/mycroft/skills/mycroft-singing.mycroftai/settings.json
2021-10-24 19:57:30.262 | INFO     |  5686 | mycroft.skills.skill_loader:_check_for_first_run:324 | First run of mycroft-singing.mycroftai
2021-10-24 19:57:30.264 | INFO     |  5686 | mycroft.skills.settings:save_settings:116 | Skill settings successfully saved to /home/runner/.config/mycroft/skills/mycroft-singing.mycroftai/settings.json
2021-10-24 19:57:30.265 | INFO     |  5686 | mycroft.skills.skill_loader:_communicate_load_status:344 | Skill mycroft-singing.mycroftai loaded successfully
2021-10-24 19:57:30.267 | INFO     |  5686 | mycroft.skills.skill_loader:load:185 | ATTEMPTING TO LOAD SKILL: mycroft-joke.mycroftai
2021-10-24 19:57:30.274 | INFO     |  5686 | mycroft.skills.settings:get_local_settings:83 | /opt/mycroft/skills/mycroft-joke.mycroftai/settings.json
2021-10-24 19:57:30.289 | INFO     |  5686 | mycroft.skills.skill_loader:_check_for_first_run:324 | First run of mycroft-joke.mycroftai
2021-10-24 19:57:30.290 | INFO     |  5686 | mycroft.skills.settings:save_settings:116 | Skill settings successfully saved to /home/runner/.config/mycroft/skills/mycroft-joke.mycroftai/settings.json
2021-10-24 19:57:30.290 | INFO     |  5686 | mycroft.skills.skill_loader:_communicate_load_status:344 | Skill mycroft-joke.mycroftai loaded successfully
2021-10-24 19:57:30.291 | INFO     |  5686 | mycroft.skills.skill_loader:load:185 | ATTEMPTING TO LOAD SKILL: mycroft-timer.mycroftai
2021-10-24 19:57:30.316 | INFO     |  5686 | mycroft.skills.settings:get_local_settings:83 | /opt/mycroft/skills/mycroft-timer.mycroftai/settings.json
2021-10-24 19:57:30.378 | INFO     |  5686 | mycroft.skills.skill_loader:_check_for_first_run:324 | First run of mycroft-timer.mycroftai
2021-10-24 19:57:30.378 | INFO     |  5686 | mycroft.skills.settings:save_settings:116 | Skill settings successfully saved to /home/runner/.config/mycroft/skills/mycroft-timer.mycroftai/settings.json
2021-10-24 19:57:30.380 | INFO     |  5686 | mycroft.skills.skill_loader:_communicate_load_status:344 | Skill mycroft-timer.mycroftai loaded successfully
2021-10-24 19:57:30.381 | INFO     |  5686 | mycroft.skills.skill_loader:load:185 | ATTEMPTING TO LOAD SKILL: homeassistant.mycroftai
2021-10-24 19:57:30.728 | INFO     |  5686 | mycroft.skills.settings:get_local_settings:83 | /opt/mycroft/skills/homeassistant.mycroftai/settings.json
2021-10-24 19:57:30.729 | INFO     |  5686 | mycroft.skills.settings:get_local_settings:83 | /opt/mycroft/skills/homeassistant.mycroftai/settings.json
2021-10-24 19:57:30.749 | INFO     |  5686 | mycroft.skills.skill_loader:_communicate_load_status:344 | Skill homeassistant.mycroftai loaded successfully
2021-10-24 19:57:30.749 | INFO     |  5686 | mycroft.skills.skill_loader:load:185 | ATTEMPTING TO LOAD SKILL: mycroft-alarm.mycroftai
2021-10-24 19:57:30.766 | INFO     |  5686 | mycroft.skills.settings:get_local_settings:83 | /opt/mycroft/skills/mycroft-alarm.mycroftai/settings.json
2021-10-24 19:57:30.766 | ERROR    |  5686 | AlarmSkill | Couldn't allocate mixer, ALSAAudioError('No such file or directory [default]')
2021-10-24 19:57:30.849 | INFO     |  5686 | mycroft.skills.skill_loader:_check_for_first_run:324 | First run of mycroft-alarm.mycroftai
2021-10-24 19:57:30.850 | INFO     |  5686 | mycroft.skills.settings:save_settings:116 | Skill settings successfully saved to /home/runner/.config/mycroft/skills/mycroft-alarm.mycroftai/settings.json
2021-10-24 19:57:30.852 | INFO     |  5686 | mycroft.skills.skill_loader:_communicate_load_status:344 | Skill mycroft-alarm.mycroftai loaded successfully
2021-10-24 19:57:30.853 | INFO     |  5686 | mycroft.skills.skill_loader:load:185 | ATTEMPTING TO LOAD SKILL: mycroft-naptime.mycroftai
2021-10-24 19:57:30.861 | INFO     |  5686 | mycroft.skills.settings:get_local_settings:83 | /opt/mycroft/skills/mycroft-naptime.mycroftai/settings.json
2021-10-24 19:57:30.876 | INFO     |  5686 | mycroft.skills.skill_loader:_check_for_first_run:324 | First run of mycroft-naptime.mycroftai
2021-10-24 19:57:30.879 | INFO     |  5686 | mycroft.skills.settings:save_settings:116 | Skill settings successfully saved to /home/runner/.config/mycroft/skills/mycroft-naptime.mycroftai/settings.json
2021-10-24 19:57:30.880 | INFO     |  5686 | mycroft.skills.skill_loader:_communicate_load_status:344 | Skill mycroft-naptime.mycroftai loaded successfully
2021-10-24 19:57:30.880 | INFO     |  5686 | mycroft.skills.skill_loader:load:185 | ATTEMPTING TO LOAD SKILL: mycroft-spelling.mycroftai
2021-10-24 19:57:30.887 | INFO     |  5686 | mycroft.skills.settings:get_local_settings:83 | /opt/mycroft/skills/mycroft-spelling.mycroftai/settings.json
2021-10-24 19:57:30.904 | INFO     |  5686 | mycroft.skills.skill_loader:_check_for_first_run:324 | First run of mycroft-spelling.mycroftai
2021-10-24 19:57:30.905 | INFO     |  5686 | mycroft.skills.settings:save_settings:116 | Skill settings successfully saved to /home/runner/.config/mycroft/skills/mycroft-spelling.mycroftai/settings.json
2021-10-24 19:57:30.907 | INFO     |  5686 | mycroft.skills.skill_loader:_communicate_load_status:344 | Skill mycroft-spelling.mycroftai loaded successfully
2021-10-24 19:57:30.908 | INFO     |  5686 | mycroft.skills.skill_loader:load:185 | ATTEMPTING TO LOAD SKILL: mycroft-fallback-duck-duck-go.mycroftai
2021-10-24 19:57:30.925 | INFO     |  5686 | mycroft.skills.settings:get_local_settings:83 | /opt/mycroft/skills/mycroft-fallback-duck-duck-go.mycroftai/settings.json
2021-10-24 19:57:30.956 | INFO     |  5686 | mycroft.skills.skill_loader:_check_for_first_run:324 | First run of mycroft-fallback-duck-duck-go.mycroftai
2021-10-24 19:57:30.957 | INFO     |  5686 | mycroft.skills.settings:save_settings:116 | Skill settings successfully saved to /home/runner/.config/mycroft/skills/mycroft-fallback-duck-duck-go.mycroftai/settings.json
2021-10-24 19:57:30.958 | INFO     |  5686 | mycroft.skills.skill_loader:_communicate_load_status:344 | Skill mycroft-fallback-duck-duck-go.mycroftai loaded successfully
2021-10-24 19:57:30.958 | INFO     |  5686 | mycroft.skills.skill_loader:load:185 | ATTEMPTING TO LOAD SKILL: mycroft-npr-news.mycroftai
2021-10-24 19:57:31.066 | INFO     |  5686 | mycroft.skills.settings:get_local_settings:83 | /opt/mycroft/skills/mycroft-npr-news.mycroftai/settings.json
2021-10-24 19:57:32.098 | INFO     |  5686 | mycroft.skills.skill_loader:_check_for_first_run:324 | First run of mycroft-npr-news.mycroftai
2021-10-24 19:57:32.099 | INFO     |  5686 | mycroft.skills.settings:save_settings:116 | Skill settings successfully saved to /home/runner/.config/mycroft/skills/mycroft-npr-news.mycroftai/settings.json
2021-10-24 19:57:32.099 | INFO     |  5686 | mycroft.skills.skill_loader:_communicate_load_status:344 | Skill mycroft-npr-news.mycroftai loaded successfully
2021-10-24 19:57:32.100 | INFO     |  5686 | mycroft.skills.skill_loader:load:185 | ATTEMPTING TO LOAD SKILL: mycroft-support-helper.mycroftai
2021-10-24 19:57:32.106 | INFO     |  5686 | mycroft.skills.settings:get_local_settings:83 | /opt/mycroft/skills/mycroft-support-helper.mycroftai/settings.json
2021-10-24 19:57:32.110 | INFO     |  5686 | mycroft.skills.skill_loader:_check_for_first_run:324 | First run of mycroft-support-helper.mycroftai
2021-10-24 19:57:32.111 | INFO     |  5686 | mycroft.skills.settings:save_settings:116 | Skill settings successfully saved to /home/runner/.config/mycroft/skills/mycroft-support-helper.mycroftai/settings.json
2021-10-24 19:57:32.123 | INFO     |  5686 | mycroft.skills.skill_loader:_communicate_load_status:344 | Skill mycroft-support-helper.mycroftai loaded successfully
2021-10-24 19:57:32.123 | INFO     |  5686 | mycroft.skills.skill_loader:load:185 | ATTEMPTING TO LOAD SKILL: mycroft-weather.mycroftai
2021-10-24 19:57:32.145 | INFO     |  5686 | mycroft.skills.settings:get_local_settings:83 | /opt/mycroft/skills/mycroft-weather.mycroftai/settings.json
2021-10-24 19:57:32.270 | INFO     |  5686 | mycroft.skills.skill_loader:_check_for_first_run:324 | First run of mycroft-weather.mycroftai
2021-10-24 19:57:32.274 | INFO     |  5686 | mycroft.skills.settings:save_settings:116 | Skill settings successfully saved to /home/runner/.config/mycroft/skills/mycroft-weather.mycroftai/settings.json
2021-10-24 19:57:32.277 | INFO     |  5686 | mycroft.skills.skill_loader:_communicate_load_status:344 | Skill mycroft-weather.mycroftai loaded successfully
2021-10-24 19:57:32.277 | INFO     |  5686 | mycroft.skills.skill_loader:load:185 | ATTEMPTING TO LOAD SKILL: mycroft-speak.mycroftai
2021-10-24 19:57:32.280 | INFO     |  5686 | mycroft.skills.settings:get_local_settings:83 | /opt/mycroft/skills/mycroft-speak.mycroftai/settings.json
2021-10-24 19:57:32.312 | INFO     |  5686 | mycroft.skills.skill_loader:_check_for_first_run:324 | First run of mycroft-speak.mycroftai
2021-10-24 19:57:32.313 | INFO     |  5686 | mycroft.skills.settings:save_settings:116 | Skill settings successfully saved to /home/runner/.config/mycroft/skills/mycroft-speak.mycroftai/settings.json
2021-10-24 19:57:32.313 | INFO     |  5686 | mycroft.skills.skill_loader:_communicate_load_status:344 | Skill mycroft-speak.mycroftai loaded successfully
2021-10-24 19:57:32.318 | INFO     |  5686 | mycroft.skills.skill_loader:load:185 | ATTEMPTING TO LOAD SKILL: mycroft-audio-record.mycroftai
2021-10-24 19:57:32.327 | INFO     |  5686 | mycroft.skills.settings:get_local_settings:83 | /opt/mycroft/skills/mycroft-audio-record.mycroftai/settings.json
2021-10-24 19:57:32.351 | INFO     |  5686 | mycroft.skills.skill_loader:_check_for_first_run:324 | First run of mycroft-audio-record.mycroftai
2021-10-24 19:57:32.352 | INFO     |  5686 | mycroft.skills.settings:save_settings:116 | Skill settings successfully saved to /home/runner/.config/mycroft/skills/mycroft-audio-record.mycroftai/settings.json
2021-10-24 19:57:32.358 | INFO     |  5686 | mycroft.skills.skill_loader:_communicate_load_status:344 | Skill mycroft-audio-record.mycroftai loaded successfully
2021-10-24 19:57:32.359 | INFO     |  5686 | mycroft.skills.skill_loader:load:185 | ATTEMPTING TO LOAD SKILL: mycroft-stop.mycroftai
2021-10-24 19:57:32.362 | INFO     |  5686 | mycroft.skills.settings:get_local_settings:83 | /opt/mycroft/skills/mycroft-stop.mycroftai/settings.json
2021-10-24 19:57:32.386 | INFO     |  5686 | mycroft.skills.skill_loader:_check_for_first_run:324 | First run of mycroft-stop.mycroftai
2021-10-24 19:57:32.397 | INFO     |  5686 | mycroft.skills.settings:save_settings:116 | Skill settings successfully saved to /home/runner/.config/mycroft/skills/mycroft-stop.mycroftai/settings.json
2021-10-24 19:57:32.400 | INFO     |  5686 | mycroft.skills.skill_loader:_communicate_load_status:344 | Skill mycroft-stop.mycroftai loaded successfully
2021-10-24 19:57:32.401 | INFO     |  5686 | mycroft.skills.skill_loader:load:185 | ATTEMPTING TO LOAD SKILL: mycroft-hello-world.mycroftai
2021-10-24 19:57:32.408 | INFO     |  5686 | mycroft.skills.settings:get_local_settings:83 | /opt/mycroft/skills/mycroft-hello-world.mycroftai/settings.json
2021-10-24 19:57:32.426 | INFO     |  5686 | mycroft.skills.skill_loader:_check_for_first_run:324 | First run of mycroft-hello-world.mycroftai
2021-10-24 19:57:32.432 | INFO     |  5686 | mycroft.skills.settings:save_settings:116 | Skill settings successfully saved to /home/runner/.config/mycroft/skills/mycroft-hello-world.mycroftai/settings.json
2021-10-24 19:57:32.433 | INFO     |  5686 | mycroft.skills.skill_loader:_communicate_load_status:344 | Skill mycroft-hello-world.mycroftai loaded successfully
2021-10-24 19:57:32.433 | INFO     |  5686 | mycroft.skills.skill_loader:load:185 | ATTEMPTING TO LOAD SKILL: mycroft-date-time.mycroftai
2021-10-24 19:57:33.027 | INFO     |  5686 | mycroft.skills.settings:get_local_settings:83 | /opt/mycroft/skills/mycroft-date-time.mycroftai/settings.json
2021-10-24 19:57:33.050 | INFO     |  5686 | TimeSkill | Registering resting screen <bound method TimeSkill.handle_idle of <mycroft-date-time_mycroftai.TimeSkill object at 0x7f10841ca650>> for Time and Date.
2021-10-24 19:57:33.051 | INFO     |  5686 | TimeSkill | Registering resting screen
2021-10-24 19:57:33.054 | INFO     |  5686 | mycroft.skills.skill_loader:_check_for_first_run:324 | First run of mycroft-date-time.mycroftai
2021-10-24 19:57:33.054 | INFO     |  5686 | mycroft.skills.settings:save_settings:116 | Skill settings successfully saved to /home/runner/.config/mycroft/skills/mycroft-date-time.mycroftai/settings.json
2021-10-24 19:57:33.055 | INFO     |  5686 | mycroft.skills.skill_loader:_communicate_load_status:344 | Skill mycroft-date-time.mycroftai loaded successfully
2021-10-24 19:57:33.055 | INFO     |  5686 | mycroft.skills.skill_loader:load:185 | ATTEMPTING TO LOAD SKILL: mycroft-configuration.mycroftai
2021-10-24 19:57:33.061 | INFO     |  5686 | mycroft.skills.settings:get_local_settings:83 | /opt/mycroft/skills/mycroft-configuration.mycroftai/settings.json
2021-10-24 19:57:33.084 | INFO     |  5686 | mycroft.skills.skill_loader:_check_for_first_run:324 | First run of mycroft-configuration.mycroftai
2021-10-24 19:57:33.085 | INFO     |  5686 | mycroft.skills.settings:save_settings:116 | Skill settings successfully saved to /home/runner/.config/mycroft/skills/mycroft-configuration.mycroftai/settings.json
2021-10-24 19:57:33.112 | INFO     |  5686 | mycroft.skills.skill_loader:_communicate_load_status:344 | Skill mycroft-configuration.mycroftai loaded successfully
2021-10-24 19:57:33.113 | INFO     |  5686 | mycroft.skills.skill_loader:load:185 | ATTEMPTING TO LOAD SKILL: fallback-query.mycroftai
2021-10-24 19:57:33.122 | INFO     |  5686 | mycroft.skills.settings:get_local_settings:83 | /opt/mycroft/skills/fallback-query.mycroftai/settings.json
2021-10-24 19:57:33.143 | INFO     |  5686 | mycroft.skills.skill_loader:_check_for_first_run:324 | First run of fallback-query.mycroftai
2021-10-24 19:57:33.143 | INFO     |  5686 | mycroft.skills.settings:save_settings:116 | Skill settings successfully saved to /home/runner/.config/mycroft/skills/fallback-query.mycroftai/settings.json
2021-10-24 19:57:33.151 | INFO     |  5686 | mycroft.skills.skill_loader:_communicate_load_status:344 | Skill fallback-query.mycroftai loaded successfully
2021-10-24 19:57:33.152 | INFO     |  5686 | mycroft.skills.skill_loader:load:185 | ATTEMPTING TO LOAD SKILL: mycroft-personal.mycroftai
2021-10-24 19:57:33.160 | INFO     |  5686 | mycroft.skills.settings:get_local_settings:83 | /opt/mycroft/skills/mycroft-personal.mycroftai/settings.json
2021-10-24 19:57:33.196 | INFO     |  5686 | mycroft.skills.skill_loader:_check_for_first_run:324 | First run of mycroft-personal.mycroftai
2021-10-24 19:57:33.197 | INFO     |  5686 | mycroft.skills.settings:save_settings:116 | Skill settings successfully saved to /home/runner/.config/mycroft/skills/mycroft-personal.mycroftai/settings.json
2021-10-24 19:57:33.226 | INFO     |  5686 | mycroft.skills.skill_loader:_communicate_load_status:344 | Skill mycroft-personal.mycroftai loaded successfully
2021-10-24 19:57:33.228 | INFO     |  5686 | mycroft.skills.skill_loader:load:185 | ATTEMPTING TO LOAD SKILL: fallback-wolfram-alpha.mycroftai
2021-10-24 19:57:33.261 | INFO     |  5686 | mycroft.skills.settings:get_local_settings:83 | /opt/mycroft/skills/fallback-wolfram-alpha.mycroftai/settings.json
2021-10-24 19:57:33.272 | INFO     |  5686 | mycroft.skills.skill_loader:_check_for_first_run:324 | First run of fallback-wolfram-alpha.mycroftai
2021-10-24 19:57:33.273 | INFO     |  5686 | mycroft.skills.settings:save_settings:116 | Skill settings successfully saved to /home/runner/.config/mycroft/skills/fallback-wolfram-alpha.mycroftai/settings.json
2021-10-24 19:57:33.308 | INFO     |  5686 | mycroft.skills.skill_loader:_communicate_load_status:344 | Skill fallback-wolfram-alpha.mycroftai loaded successfully
2021-10-24 19:57:33.308 | INFO     |  5686 | mycroft.skills.skill_loader:load:185 | ATTEMPTING TO LOAD SKILL: mycroft-wiki.mycroftai
2021-10-24 19:57:33.317 | INFO     |  5686 | mycroft.skills.settings:get_local_settings:83 | /opt/mycroft/skills/mycroft-wiki.mycroftai/settings.json
2021-10-24 19:57:33.330 | INFO     |  5686 | mycroft.skills.skill_loader:_check_for_first_run:324 | First run of mycroft-wiki.mycroftai
2021-10-24 19:57:33.331 | INFO     |  5686 | mycroft.skills.settings:save_settings:116 | Skill settings successfully saved to /home/runner/.config/mycroft/skills/mycroft-wiki.mycroftai/settings.json
2021-10-24 19:57:33.353 | INFO     |  5686 | mycroft.skills.skill_loader:_communicate_load_status:344 | Skill mycroft-wiki.mycroftai loaded successfully
2021-10-24 19:57:33.353 | INFO     |  5686 | mycroft.skills.skill_loader:load:185 | ATTEMPTING TO LOAD SKILL: fallback-unknown.mycroftai
2021-10-24 19:57:33.358 | INFO     |  5686 | mycroft.skills.settings:get_local_settings:83 | /opt/mycroft/skills/fallback-unknown.mycroftai/settings.json
2021-10-24 19:57:33.369 | INFO     |  5686 | mycroft.skills.skill_loader:_check_for_first_run:324 | First run of fallback-unknown.mycroftai
2021-10-24 19:57:33.370 | INFO     |  5686 | mycroft.skills.settings:save_settings:116 | Skill settings successfully saved to /home/runner/.config/mycroft/skills/fallback-unknown.mycroftai/settings.json
2021-10-24 19:57:33.400 | INFO     |  5686 | mycroft.skills.skill_loader:_communicate_load_status:344 | Skill fallback-unknown.mycroftai loaded successfully
2021-10-24 19:57:33.401 | INFO     |  5686 | mycroft.skills.skill_loader:load:185 | ATTEMPTING TO LOAD SKILL: mycroft-playback-control.mycroftai
2021-10-24 19:57:33.407 | INFO     |  5686 | mycroft.skills.settings:get_local_settings:83 | /opt/mycroft/skills/mycroft-playback-control.mycroftai/settings.json
2021-10-24 19:57:33.434 | INFO     |  5686 | mycroft.skills.skill_loader:_check_for_first_run:324 | First run of mycroft-playback-control.mycroftai
2021-10-24 19:57:33.517 | INFO     |  5686 | mycroft.skills.settings:save_settings:116 | Skill settings successfully saved to /home/runner/.config/mycroft/skills/mycroft-playback-control.mycroftai/settings.json
2021-10-24 19:57:33.518 | INFO     |  5686 | mycroft.skills.skill_loader:_communicate_load_status:344 | Skill mycroft-playback-control.mycroftai loaded successfully
2021-10-24 19:57:33.520 | INFO     |  5686 | mycroft.skills.skill_manager:_load_on_startup:275 | Skills all loaded!
2021-10-24 19:57:33.524 | INFO     |  5686 | mycroft.skills.intent_services.padatious_service:train:151 | Training... (single_thread=False)
2021-10-24 19:57:33.544 | INFO     |  5686 | __main__:on_ready:185 | Skills service is ready.
Regenerated mycroft-alarm.mycroftai:{daytype}.
Regenerated mycroft-reminder.mycroftai:DeleteReminderForDay.intent.
Regenerated mycroft-reminder.mycroftai:ReminderAt.intent.
Regenerated mycroft-installer.mycroftai:list.skills.intent.
Regenerated mycroft-installer.mycroftai:install.custom.intent.
Regenerated mycroft-installer.mycroftai:remove.intent.
Regenerated mycroft-installer.mycroftai:install.beta.intent.
Regenerated mycroft-installer.mycroftai:is.installed.intent.
Regenerated mycroft-installer.mycroftai:install.intent.
Regenerated mycroft-timer.mycroftai:timer.status.intent.
Regenerated mycroft-timer.mycroftai:start.timer.intent.
Regenerated homeassistant.mycroftai:toggle.intent.
Regenerated homeassistant.mycroftai:set.light.brightness.intent.
Regenerated homeassistant.mycroftai:set.climate.intent.
Regenerated homeassistant.mycroftai:turn.on.intent.
Regenerated mycroft-alarm.mycroftai:snooze.intent.
Regenerated mycroft-alarm.mycroftai:change.alarm.sound.intent.
Regenerated mycroft-npr-news.mycroftai:PlayTheNews.intent.
Regenerated mycroft-support-helper.mycroftai:contact.support.intent.
Regenerated mycroft-weather.mycroftai:do-i-need-an-umbrella.intent.
Regenerated mycroft-audio-record.mycroftai:StartRecording.intent.
Regenerated mycroft-audio-record.mycroftai:PlayRecording.intent.
Regenerated mycroft-personal.mycroftai:WhenWereYouBorn.intent.
Regenerated mycroft-personal.mycroftai:WhereWereYouBorn.intent.
Regenerated mycroft-personal.mycroftai:DoYouRhyme.intent.
Regenerated mycroft-personal.mycroftai:WhatAreYou.intent.
Regenerated mycroft-personal.mycroftai:DoYouDream.intent.
Regenerated mycroft-personal.mycroftai:WhoMadeYou.intent.
Regenerated mycroft-wiki.mycroftai:Random.intent.
Regenerated mycroft-reminder.mycroftai:Reminder.intent.
Regenerated mycroft-reminder.mycroftai:GetNextReminders.intent.
Regenerated mycroft-reminder.mycroftai:ClearReminders.intent.
Regenerated mycroft-reminder.mycroftai:SnoozeReminder.intent.
Regenerated mycroft-reminder.mycroftai:CancelActiveReminder.intent.
Regenerated mycroft-reminder.mycroftai:GetRemindersForDay.intent.
Regenerated mycroft-reminder.mycroftai:UnspecifiedReminderAt.intent.
Regenerated homeassistant.mycroftai:increase.light.brightness.intent.
Regenerated homeassistant.mycroftai:tracker.intent.
Regenerated homeassistant.mycroftai:automation.intent.
Regenerated homeassistant.mycroftai:turn.off.intent.
Regenerated homeassistant.mycroftai:add.item.shopping.list.intent.
Regenerated homeassistant.mycroftai:sensor.intent.
Regenerated homeassistant.mycroftai:decrease.light.brightness.intent.
Regenerated mycroft-stop.mycroftai:shutdown.intent.
Regenerated mycroft-stop.mycroftai:ssh.disable.intent.
Regenerated mycroft-stop.mycroftai:wifi.setup.intent.
Regenerated mycroft-stop.mycroftai:reboot.intent.
Regenerated mycroft-stop.mycroftai:ssh.enable.intent.
Regenerated mycroft-hello-world.mycroftai:HowAreYou.intent.
Regenerated mycroft-date-time.mycroftai:date.future.weekend.intent.
Regenerated mycroft-date-time.mycroftai:what.time.will.it.be.intent.
Regenerated mycroft-date-time.mycroftai:date.last.weekend.intent.
Regenerated mycroft-date-time.mycroftai:what.time.is.it.intent.
Regenerated mycroft-configuration.mycroftai:DisablePreciseDev.intent.
Regenerated mycroft-configuration.mycroftai:WhereAreYou.intent.
Regenerated mycroft-configuration.mycroftai:EnablePreciseDev.intent.
Regenerated mycroft-personal.mycroftai:WhoAreYou.intent.
2021-10-24 19:57:35.571 | INFO     |  5686 | mycroft.skills.intent_services.padatious_service:train:153 | Training complete.
2021-10-24 19:57:49.181 | INFO     |  5686 | mycroft.skills.settings:save_settings:116 | Skill settings successfully saved to /home/runner/.config/mycroft/skills/mycroft-pairing.mycroftai/settings.json
2021-10-24 19:57:49.480 | INFO     |  5686 | mycroft.skills.settings:save_settings:116 | Skill settings successfully saved to /home/runner/.config/mycroft/skills/mycroft-timer.mycroftai/settings.json
2021-10-24 19:58:22.434 | INFO     |  5686 | __main__:on_stopping:193 | Skills service is shutting down...
2021-10-24 19:58:22.435 | INFO     |  5686 | __main__:shutdown:284 | Shutting down Skills service
2021-10-24 19:58:22.648 | ERROR    |  5686 | VolumeSkill | Couldn't allocate mixer, ALSAAudioError('No such file or directory [default]')
2021-10-24 19:58:22.650 | INFO     |  5686 | mycroft.skills.settings:save_settings:116 | Skill settings successfully saved to /home/runner/.config/mycroft/skills/mycroft-volume.mycroftai/settings.json
2021-10-24 19:58:22.659 | INFO     |  5686 | mycroft.skills.settings:save_settings:116 | Skill settings successfully saved to /home/runner/.config/mycroft/skills/mycroft-ip.mycroftai/settings.json
2021-10-24 19:58:22.660 | INFO     |  5686 | mycroft.skills.settings:save_settings:116 | Skill settings successfully saved to /home/runner/.config/mycroft/skills/mycroft-reminder.mycroftai/settings.json
2021-10-24 19:58:22.662 | INFO     |  5686 | mycroft.skills.settings:save_settings:116 | Skill settings successfully saved to /home/runner/.config/mycroft/skills/mycroft-installer.mycroftai/settings.json
2021-10-24 19:58:22.664 | INFO     |  5686 | mycroft.skills.settings:save_settings:116 | Skill settings successfully saved to /home/runner/.config/mycroft/skills/mycroft-version-checker.mycroftai/settings.json
2021-10-24 19:58:22.689 | INFO     |  5686 | mycroft.skills.settings:save_settings:116 | Skill settings successfully saved to /home/runner/.config/mycroft/skills/mycroft-singing.mycroftai/settings.json
2021-10-24 19:58:22.690 | INFO     |  5686 | mycroft.skills.settings:save_settings:116 | Skill settings successfully saved to /home/runner/.config/mycroft/skills/mycroft-joke.mycroftai/settings.json
2021-10-24 19:58:22.706 | INFO     |  5686 | HomeAssistantSkill | Removing all handlers...
2021-10-24 19:58:22.707 | WARNING  |  5686 | mycroft.skills.fallback_skill:remove_fallback:185 | Could not find matching fallback handler
2021-10-24 19:58:22.714 | INFO     |  5686 | mycroft.skills.settings:save_settings:116 | Skill settings successfully saved to /home/runner/.config/mycroft/skills/mycroft-alarm.mycroftai/settings.json
2021-10-24 19:58:22.722 | INFO     |  5686 | mycroft.skills.settings:save_settings:116 | Skill settings successfully saved to /home/runner/.config/mycroft/skills/mycroft-naptime.mycroftai/settings.json
2021-10-24 19:58:22.724 | INFO     |  5686 | mycroft.skills.settings:save_settings:116 | Skill settings successfully saved to /home/runner/.config/mycroft/skills/mycroft-spelling.mycroftai/settings.json
2021-10-24 19:58:22.735 | INFO     |  5686 | mycroft.skills.settings:save_settings:116 | Skill settings successfully saved to /home/runner/.config/mycroft/skills/mycroft-fallback-duck-duck-go.mycroftai/settings.json
2021-10-24 19:58:22.741 | INFO     |  5686 | mycroft.skills.settings:save_settings:116 | Skill settings successfully saved to /home/runner/.config/mycroft/skills/mycroft-npr-news.mycroftai/settings.json
2021-10-24 19:58:22.747 | INFO     |  5686 | mycroft.skills.settings:save_settings:116 | Skill settings successfully saved to /home/runner/.config/mycroft/skills/mycroft-support-helper.mycroftai/settings.json
2021-10-24 19:58:22.753 | INFO     |  5686 | mycroft.skills.settings:save_settings:116 | Skill settings successfully saved to /home/runner/.config/mycroft/skills/mycroft-weather.mycroftai/settings.json
2021-10-24 19:58:22.758 | INFO     |  5686 | mycroft.skills.settings:save_settings:116 | Skill settings successfully saved to /home/runner/.config/mycroft/skills/mycroft-speak.mycroftai/settings.json
2021-10-24 19:58:22.766 | INFO     |  5686 | mycroft.skills.settings:save_settings:116 | Skill settings successfully saved to /home/runner/.config/mycroft/skills/mycroft-audio-record.mycroftai/settings.json
2021-10-24 19:58:22.767 | INFO     |  5686 | mycroft.skills.settings:save_settings:116 | Skill settings successfully saved to /home/runner/.config/mycroft/skills/mycroft-stop.mycroftai/settings.json
2021-10-24 19:58:22.768 | INFO     |  5686 | mycroft.skills.settings:save_settings:116 | Skill settings successfully saved to /home/runner/.config/mycroft/skills/mycroft-hello-world.mycroftai/settings.json
2021-10-24 19:58:22.769 | INFO     |  5686 | mycroft.skills.settings:save_settings:116 | Skill settings successfully saved to /home/runner/.config/mycroft/skills/mycroft-date-time.mycroftai/settings.json
2021-10-24 19:58:22.771 | INFO     |  5686 | mycroft.skills.settings:save_settings:116 | Skill settings successfully saved to /home/runner/.config/mycroft/skills/mycroft-configuration.mycroftai/settings.json
2021-10-24 19:58:22.772 | INFO     |  5686 | QuestionsAnswersSkill | Removing all handlers...
2021-10-24 19:58:22.772 | INFO     |  5686 | mycroft.skills.settings:save_settings:116 | Skill settings successfully saved to /home/runner/.config/mycroft/skills/fallback-query.mycroftai/settings.json
2021-10-24 19:58:22.773 | INFO     |  5686 | mycroft.skills.settings:save_settings:116 | Skill settings successfully saved to /home/runner/.config/mycroft/skills/mycroft-personal.mycroftai/settings.json
2021-10-24 19:58:22.774 | INFO     |  5686 | mycroft.skills.settings:save_settings:116 | Skill settings successfully saved to /home/runner/.config/mycroft/skills/fallback-wolfram-alpha.mycroftai/settings.json
2021-10-24 19:58:22.781 | INFO     |  5686 | mycroft.skills.settings:save_settings:116 | Skill settings successfully saved to /home/runner/.config/mycroft/skills/mycroft-wiki.mycroftai/settings.json
2021-10-24 19:58:22.797 | INFO     |  5686 | UnknownSkill | Removing all handlers...
2021-10-24 19:58:22.798 | INFO     |  5686 | mycroft.skills.settings:save_settings:116 | Skill settings successfully saved to /home/runner/.config/mycroft/skills/fallback-unknown.mycroftai/settings.json
2021-10-24 19:58:22.799 | INFO     |  5686 | mycroft.skills.settings:save_settings:116 | Skill settings successfully saved to /home/runner/.config/mycroft/skills/mycroft-playback-control.mycroftai/settings.json
2021-10-24 19:58:23.825 | INFO     |  5686 | Playback Control Skill | Audio service status: {}
2021-10-24 19:58:24.826 | WARNING  |  5686 | mycroft.skills.skill_manager:_shutdown_skill:106 | mycroft-playback-control.mycroftai shutdown took 2.027409403999968 seconds
2021-10-24 19:58:24.826 | INFO     |  5686 | __main__:shutdown:291 | Skills service shutdown complete!
2021-10-24 19:58:27.725 | ERROR    |  5686 | websocket | error from callback <bound method MessageBusClient.on_message of <mycroft.messagebus.client.client.MessageBusClient object at 0x7f108d8a5d10>>: cannot schedule new futures after shutdown
2021-10-24 19:58:27.727 | ERROR    |  5686 | websocket | error from callback <bound method MessageBusClient.on_message of <mycroft.messagebus.client.client.MessageBusClient object at 0x7f108d8a5d10>>: cannot schedule new futures after shutdown
2021-10-24 19:58:27.729 | ERROR    |  5686 | websocket | error from callback <bound method MessageBusClient.on_message of <mycroft.messagebus.client.client.MessageBusClient object at 0x7f108d8a5d10>>: cannot schedule new futures after shutdown
2021-10-24 19:58:27.730 | ERROR    |  5686 | websocket | error from callback <bound method MessageBusClient.on_message of <mycroft.messagebus.client.client.MessageBusClient object at 0x7f108d8a5d10>>: cannot schedule new futures after shutdown
2021-10-24 19:58:27.732 | ERROR    |  5686 | websocket | error from callback <bound method MessageBusClient.on_message of <mycroft.messagebus.client.client.MessageBusClient object at 0x7f108d8a5d10>>: cannot schedule new futures after shutdown
