2021-10-26 09:30:04.155 | INFO     |  5705 | mycroft.messagebus.load_config:load_message_bus_config:33 | Loading message bus configs
2021-10-26 09:30:04.157 | ERROR    |  5705 | mycroft_bus_client.client.client | === ConnectionRefusedError(111, 'Connection refused') ===
Traceback (most recent call last):
  File "/opt/mycroft-core/.venv/lib/python3.7/site-packages/websocket/_app.py", line 254, in run_forever
    proxy_type=proxy_type)
  File "/opt/mycroft-core/.venv/lib/python3.7/site-packages/websocket/_core.py", line 220, in connect
    options.pop('socket', None))
  File "/opt/mycroft-core/.venv/lib/python3.7/site-packages/websocket/_http.py", line 120, in connect
    sock = _open_socket(addrinfo_list, options.sockopt, options.timeout)
  File "/opt/mycroft-core/.venv/lib/python3.7/site-packages/websocket/_http.py", line 190, in _open_socket
    raise err
  File "/opt/mycroft-core/.venv/lib/python3.7/site-packages/websocket/_http.py", line 170, in _open_socket
    sock.connect(address)
ConnectionRefusedError: [Errno 111] Connection refused
2021-10-26 09:30:04.158 | ERROR    |  5705 | mycroft_bus_client.client.client | Exception closing websocket: ConnectionRefusedError(111, 'Connection refused')
2021-10-26 09:30:04.158 | WARNING  |  5705 | mycroft_bus_client.client.client | Message Bus Client will reconnect in 5 seconds.
2021-10-26 09:30:09.163 | INFO     |  5705 | mycroft_bus_client.client.client | Connected
2021-10-26 09:30:09.165 | INFO     |  5705 | mycroft.util.process_utils:start_message_bus_client:155 | Connected to messagebus
2021-10-26 09:30:09.169 | INFO     |  5705 | mycroft.skills.msm_wrapper:create_msm:96 | Acquiring lock to instantiate MSM
2021-10-26 09:30:09.169 | INFO     |  5705 | msm.mycroft_skills_manager | building SkillEntry objects for all skills
2021-10-26 09:30:10.293 | INFO     |  5705 | mycroft.skills.msm_wrapper:create_msm:112 | Releasing MSM instantiation lock.
2021-10-26 09:30:10.294 | INFO     |  5705 | mycroft.skills.skill_updater:_log_next_download_time:267 | Next scheduled skill update: 2021-10-26 09:30:09.293703
2021-10-26 09:30:10.294 | INFO     |  5705 | msm.skill_entry | Downloading skill: https://github.com/mycroftai/skill-pairing
2021-10-26 09:30:11.319 | INFO     |  5705 | msm.skill_entry | Installing system requirements...
2021-10-26 09:30:11.335 | INFO     |  5705 | msm.skill_entry | Successfully installed mycroft-pairing
2021-10-26 09:30:11.335 | INFO     |  5705 | msm.mycroft_skills_manager | invalidating skills cache
2021-10-26 09:30:11.336 | INFO     |  5705 | mycroft.skills.skill_loader:load:185 | ATTEMPTING TO LOAD SKILL: mycroft-pairing.mycroftai
2021-10-26 09:30:11.343 | INFO     |  5705 | mycroft.skills.settings:get_local_settings:83 | /opt/mycroft/skills/mycroft-pairing.mycroftai/settings.json
2021-10-26 09:30:11.352 | INFO     |  5705 | mycroft.skills.skill_loader:_check_for_first_run:324 | First run of mycroft-pairing.mycroftai
2021-10-26 09:30:11.352 | INFO     |  5705 | mycroft.skills.settings:save_settings:116 | Skill settings successfully saved to /home/runner/.config/mycroft/skills/mycroft-pairing.mycroftai/settings.json
2021-10-26 09:30:11.355 | INFO     |  5705 | mycroft.skills.skill_loader:_communicate_load_status:344 | Skill mycroft-pairing.mycroftai loaded successfully
2021-10-26 09:30:11.355 | INFO     |  5705 | msm.skill_entry | Downloading skill: https://github.com/mycroftai/skill-volume
2021-10-26 09:30:12.185 | INFO     |  5705 | msm.skill_entry | Installing system requirements...
2021-10-26 09:30:12.194 | INFO     |  5705 | msm.skill_entry | Installing requirements.txt for mycroft-volume
2021-10-26 09:30:13.001 | INFO     |  5705 | msm.skill_entry | Successfully installed mycroft-volume
2021-10-26 09:30:13.001 | INFO     |  5705 | msm.mycroft_skills_manager | invalidating skills cache
2021-10-26 09:30:13.002 | INFO     |  5705 | mycroft.skills.skill_loader:load:185 | ATTEMPTING TO LOAD SKILL: mycroft-volume.mycroftai
2021-10-26 09:30:13.010 | INFO     |  5705 | mycroft.skills.settings:get_local_settings:83 | /opt/mycroft/skills/mycroft-volume.mycroftai/settings.json
2021-10-26 09:30:13.055 | ERROR    |  5705 | VolumeSkill | Couldn't allocate mixer, ALSAAudioError('No such file or directory [default]')
2021-10-26 09:30:16.057 | INFO     |  5705 | mycroft.skills.skill_loader:_check_for_first_run:324 | First run of mycroft-volume.mycroftai
2021-10-26 09:30:16.058 | INFO     |  5705 | mycroft.skills.settings:save_settings:116 | Skill settings successfully saved to /home/runner/.config/mycroft/skills/mycroft-volume.mycroftai/settings.json
2021-10-26 09:30:16.058 | INFO     |  5705 | mycroft.skills.skill_loader:_communicate_load_status:344 | Skill mycroft-volume.mycroftai loaded successfully
2021-10-26 09:30:16.059 | INFO     |  5705 | __main__:on_started:177 | Skills service is starting up.
2021-10-26 09:30:16.163 | INFO     |  5705 | __main__:_update_system:154 | Attempting system update...
2021-10-26 09:30:19.165 | INFO     |  5705 | mycroft.enclosure.display_manager:_write_data:70 | Display Manager is creating /tmp/mycroft/ipc/managers/disp_info
2021-10-26 09:30:19.166 | INFO     |  5705 | __main__:_ensure_device_is_paired:133 | Device not paired, invoking the pairing skill
2021-10-26 09:30:19.167 | INFO     |  5705 | __main__:on_alive:181 | Skills service is alive.
2021-10-26 09:30:19.170 | INFO     |  5705 | msm.mycroft_skills_manager | building SkillEntry objects for all skills
2021-10-26 09:30:19.458 | INFO     |  5705 | PairingSkill | Communicating account URL to user
2021-10-26 09:30:19.928 | WARNING  |  5705 | msm.mycroft_skills_manager | No such default skill: mycroft-pandora
2021-10-26 09:30:19.928 | INFO     |  5705 | mycroft.skills.skill_manager:run:234 | Not all default skills are installed, performing skill update...
2021-10-26 09:30:19.929 | INFO     |  5705 | mycroft.skills.skill_updater:update_skills:149 | Beginning skill update...
2021-10-26 09:30:20.038 | INFO     |  5705 | msm.mycroft_skills_manager | building SkillEntry objects for all skills
2021-10-26 09:30:20.496 | INFO     |  5705 | msm.mycroft_skills_manager | invalidating skills cache
2021-10-26 09:30:20.523 | INFO     |  5705 | msm.skill_entry | Downloading skill: https://github.com/mycroftai/fallback-unknown
2021-10-26 09:30:20.525 | INFO     |  5705 | msm.skill_entry | Downloading skill: https://github.com/mycroftai/skill-alarm
2021-10-26 09:30:20.525 | INFO     |  5705 | msm.skill_entry | Downloading skill: https://github.com/mycroftai/fallback-wolfram-alpha
2021-10-26 09:30:20.530 | INFO     |  5705 | msm.skill_entry | Downloading skill: https://github.com/mycroftai/skill-configuration
2021-10-26 09:30:20.531 | INFO     |  5705 | msm.skill_entry | Downloading skill: https://github.com/mycroftai/skill-date-time
2021-10-26 09:30:20.531 | INFO     |  5705 | msm.skill_entry | Downloading skill: https://github.com/mycroftai/fallback-duckduckgo
2021-10-26 09:30:20.532 | INFO     |  5705 | msm.skill_entry | Downloading skill: https://github.com/mycroftai/skill-hello-world
2021-10-26 09:30:20.533 | INFO     |  5705 | msm.skill_entry | Downloading skill: https://github.com/mycroftai/skill-installer
2021-10-26 09:30:20.534 | INFO     |  5705 | msm.skill_entry | Downloading skill: https://github.com/mycroftai/skill-ip
2021-10-26 09:30:20.535 | INFO     |  5705 | msm.skill_entry | Downloading skill: https://github.com/mycroftai/skill-joke
2021-10-26 09:30:20.540 | INFO     |  5705 | msm.skill_entry | Downloading skill: https://github.com/mycroftai/skill-naptime
2021-10-26 09:30:20.540 | INFO     |  5705 | msm.skill_entry | Downloading skill: https://github.com/mycroftai/skill-npr-news
2021-10-26 09:30:20.556 | INFO     |  5705 | msm.skill_entry | Downloading skill: https://github.com/mycroftai/skill-reminder
2021-10-26 09:30:20.576 | INFO     |  5705 | msm.skill_entry | Downloading skill: https://github.com/mycroftai/skill-singing
2021-10-26 09:30:20.589 | INFO     |  5705 | msm.skill_entry | Downloading skill: https://github.com/mycroftai/skill-personal
2021-10-26 09:30:20.610 | INFO     |  5705 | msm.skill_entry | Downloading skill: https://github.com/mycroftai/skill-playback-control
2021-10-26 09:30:20.617 | INFO     |  5705 | msm.skill_entry | Downloading skill: https://github.com/mycroftai/skill-audio-record
2021-10-26 09:30:21.410 | ERROR    |  5705 | msm.mycroft_skills_manager | Error running install_or_update on homeassistant.mycroftai: MergeConflict
2021-10-26 09:30:21.411 | INFO     |  5705 | msm.skill_entry | Downloading skill: https://github.com/mycroftai/skill-speak
2021-10-26 09:30:21.570 | INFO     |  5705 | msm.skill_entry | Installing system requirements...
2021-10-26 09:30:21.588 | INFO     |  5705 | msm.skill_entry | Installing requirements.txt for mycroft-fallback-duck-duck-go
2021-10-26 09:30:21.807 | INFO     |  5705 | msm.skill_entry | Installing system requirements...
2021-10-26 09:30:21.813 | INFO     |  5705 | msm.skill_entry | Installing system requirements...
2021-10-26 09:30:21.852 | INFO     |  5705 | msm.skill_entry | Installing requirements.txt for mycroft-ip
2021-10-26 09:30:21.904 | INFO     |  5705 | msm.skill_entry | Successfully installed fallback-unknown
2021-10-26 09:30:21.905 | INFO     |  5705 | msm.mycroft_skills_manager | invalidating skills cache
2021-10-26 09:30:21.906 | INFO     |  5705 | msm.skill_entry | Downloading skill: https://github.com/mycroftai/skill-spelling
2021-10-26 09:30:21.954 | INFO     |  5705 | msm.skill_entry | Installing system requirements...
2021-10-26 09:30:22.099 | INFO     |  5705 | msm.skill_entry | Successfully installed mycroft-hello-world
2021-10-26 09:30:22.100 | INFO     |  5705 | msm.mycroft_skills_manager | invalidating skills cache
2021-10-26 09:30:22.102 | INFO     |  5705 | msm.skill_entry | Downloading skill: https://github.com/mycroftai/skill-stop
2021-10-26 09:30:22.182 | INFO     |  5705 | msm.skill_entry | Nothing new for mycroft-pairing
2021-10-26 09:30:22.185 | INFO     |  5705 | msm.skill_entry | Nothing new for mycroft-volume
2021-10-26 09:30:22.223 | INFO     |  5705 | msm.skill_entry | Installing system requirements...
2021-10-26 09:30:22.226 | INFO     |  5705 | msm.skill_entry | Installing system requirements...
2021-10-26 09:30:22.273 | INFO     |  5705 | msm.skill_entry | Installing system requirements...
2021-10-26 09:30:22.276 | INFO     |  5705 | msm.skill_entry | Installing system requirements...
2021-10-26 09:30:22.297 | INFO     |  5705 | msm.skill_entry | Installing system requirements...
2021-10-26 09:30:22.310 | INFO     |  5705 | msm.skill_entry | Installing system requirements...
2021-10-26 09:30:22.365 | INFO     |  5705 | msm.skill_entry | Installing requirements.txt for fallback-wolfram-alpha
2021-10-26 09:30:22.374 | INFO     |  5705 | msm.skill_entry | Installing system requirements...
2021-10-26 09:30:22.424 | INFO     |  5705 | msm.skill_entry | Installing requirements.txt for mycroft-configuration
2021-10-26 09:30:22.424 | INFO     |  5705 | msm.skill_entry | Successfully installed mycroft-playback-control
2021-10-26 09:30:22.425 | INFO     |  5705 | msm.mycroft_skills_manager | invalidating skills cache
2021-10-26 09:30:22.425 | INFO     |  5705 | msm.skill_entry | Downloading skill: https://github.com/mycroftai/skill-support
2021-10-26 09:30:22.434 | INFO     |  5705 | msm.skill_entry | Installing requirements.txt for mycroft-audio-record
2021-10-26 09:30:22.445 | INFO     |  5705 | msm.skill_entry | Successfully installed mycroft-naptime
2021-10-26 09:30:22.449 | INFO     |  5705 | msm.mycroft_skills_manager | invalidating skills cache
2021-10-26 09:30:22.450 | INFO     |  5705 | msm.skill_entry | Downloading skill: https://github.com/mycroftai/skill-weather
2021-10-26 09:30:22.448 | INFO     |  5705 | msm.skill_entry | Downloading skill: https://github.com/mycroftai/mycroft-timer
2021-10-26 09:30:22.478 | INFO     |  5705 | msm.skill_entry | Installing system requirements...
2021-10-26 09:30:22.515 | INFO     |  5705 | msm.skill_entry | Installing requirements.txt for mycroft-volume
2021-10-26 09:30:22.540 | INFO     |  5705 | msm.skill_entry | Installing system requirements...
2021-10-26 09:30:22.584 | INFO     |  5705 | msm.skill_entry | Successfully installed mycroft-reminder
2021-10-26 09:30:22.584 | INFO     |  5705 | msm.mycroft_skills_manager | invalidating skills cache
2021-10-26 09:30:22.585 | INFO     |  5705 | msm.skill_entry | Downloading skill: https://github.com/mycroftai/skill-version-checker
2021-10-26 09:30:22.605 | INFO     |  5705 | msm.skill_entry | Successfully installed mycroft-speak
2021-10-26 09:30:22.606 | INFO     |  5705 | msm.mycroft_skills_manager | invalidating skills cache
2021-10-26 09:30:22.607 | INFO     |  5705 | msm.skill_entry | Downloading skill: https://github.com/mycroftai/skill-wiki
2021-10-26 09:30:22.686 | INFO     |  5705 | msm.skill_entry | Installing system requirements...
2021-10-26 09:30:22.715 | INFO     |  5705 | msm.skill_entry | Installing requirements.txt for mycroft-date-time
2021-10-26 09:30:22.893 | INFO     |  5705 | msm.skill_entry | Installing system requirements...
2021-10-26 09:30:22.926 | INFO     |  5705 | msm.skill_entry | Installing requirements.txt for mycroft-joke
2021-10-26 09:30:23.097 | INFO     |  5705 | msm.skill_entry | Installing system requirements...
2021-10-26 09:30:23.122 | INFO     |  5705 | msm.skill_entry | Successfully installed mycroft-personal
2021-10-26 09:30:23.122 | INFO     |  5705 | msm.mycroft_skills_manager | invalidating skills cache
2021-10-26 09:30:23.123 | INFO     |  5705 | msm.skill_entry | Downloading skill: https://github.com/MycroftAI/skill-query
2021-10-26 09:30:23.338 | INFO     |  5705 | msm.skill_entry | Installing system requirements...
2021-10-26 09:30:23.385 | INFO     |  5705 | msm.skill_entry | Installing system requirements...
2021-10-26 09:30:23.395 | INFO     |  5705 | msm.skill_entry | Installing requirements.txt for mycroft-installer
2021-10-26 09:30:23.414 | INFO     |  5705 | msm.skill_entry | Installing requirements.txt for mycroft-npr-news
2021-10-26 09:30:23.468 | INFO     |  5705 | msm.skill_entry | Installing system requirements...
2021-10-26 09:30:23.520 | INFO     |  5705 | msm.skill_entry | Installing requirements.txt for mycroft-alarm
2021-10-26 09:30:23.746 | INFO     |  5705 | msm.skill_entry | Installing system requirements...
2021-10-26 09:30:23.824 | INFO     |  5705 | msm.skill_entry | Successfully installed mycroft-version-checker
2021-10-26 09:30:23.824 | INFO     |  5705 | msm.mycroft_skills_manager | invalidating skills cache
2021-10-26 09:30:23.849 | INFO     |  5705 | msm.skill_entry | Installing system requirements...
2021-10-26 09:30:23.853 | INFO     |  5705 | msm.skill_entry | Installing system requirements...
2021-10-26 09:30:23.933 | INFO     |  5705 | msm.skill_entry | Successfully installed mycroft-spelling
2021-10-26 09:30:23.933 | INFO     |  5705 | msm.mycroft_skills_manager | invalidating skills cache
2021-10-26 09:30:23.943 | INFO     |  5705 | msm.skill_entry | Installing requirements.txt for mycroft-wiki
2021-10-26 09:30:23.945 | INFO     |  5705 | msm.skill_entry | Installing system requirements...
2021-10-26 09:30:23.956 | INFO     |  5705 | msm.skill_entry | Installing system requirements...
2021-10-26 09:30:23.989 | INFO     |  5705 | msm.skill_entry | Successfully installed mycroft-stop
2021-10-26 09:30:23.989 | INFO     |  5705 | msm.mycroft_skills_manager | invalidating skills cache
2021-10-26 09:30:24.002 | INFO     |  5705 | msm.skill_entry | Successfully installed mycroft-timer
2021-10-26 09:30:24.002 | INFO     |  5705 | msm.mycroft_skills_manager | invalidating skills cache
2021-10-26 09:30:24.071 | ERROR    |  5705 | msm.mycroft_skills_manager | Error running install_or_update on homeassistant: MergeConflict
2021-10-26 09:30:24.118 | INFO     |  5705 | msm.skill_entry | Installing system requirements...
2021-10-26 09:30:24.150 | INFO     |  5705 | msm.skill_entry | Successfully installed mycroft-singing
2021-10-26 09:30:24.150 | INFO     |  5705 | msm.mycroft_skills_manager | invalidating skills cache
2021-10-26 09:30:24.214 | INFO     |  5705 | msm.skill_entry | Installing system requirements...
2021-10-26 09:30:24.246 | INFO     |  5705 | msm.skill_entry | Successfully installed fallback-query
2021-10-26 09:30:24.246 | INFO     |  5705 | msm.mycroft_skills_manager | invalidating skills cache
2021-10-26 09:30:24.386 | INFO     |  5705 | msm.skill_entry | Installing system requirements...
2021-10-26 09:30:24.415 | INFO     |  5705 | msm.skill_entry | Installing requirements.txt for mycroft-support-helper
2021-10-26 09:30:24.433 | INFO     |  5705 | msm.skill_entry | Successfully installed mycroft-fallback-duck-duck-go
2021-10-26 09:30:24.433 | INFO     |  5705 | msm.mycroft_skills_manager | invalidating skills cache
2021-10-26 09:30:25.130 | INFO     |  5705 | msm.skill_entry | Installing system requirements...
2021-10-26 09:30:25.155 | INFO     |  5705 | msm.skill_entry | Installing requirements.txt for mycroft-weather
2021-10-26 09:30:25.387 | INFO     |  5705 | msm.skill_entry | Successfully installed mycroft-ip
2021-10-26 09:30:25.387 | INFO     |  5705 | msm.mycroft_skills_manager | invalidating skills cache
2021-10-26 09:30:29.536 | INFO     |  5705 | msm.skill_entry | Successfully installed fallback-wolfram-alpha
2021-10-26 09:30:29.537 | INFO     |  5705 | msm.mycroft_skills_manager | invalidating skills cache
2021-10-26 09:30:31.910 | INFO     |  5705 | msm.skill_entry | Successfully installed mycroft-configuration
2021-10-26 09:30:31.910 | INFO     |  5705 | msm.mycroft_skills_manager | invalidating skills cache
2021-10-26 09:30:32.724 | INFO     |  5705 | msm.skill_entry | Successfully installed mycroft-audio-record
2021-10-26 09:30:32.725 | INFO     |  5705 | msm.mycroft_skills_manager | invalidating skills cache
2021-10-26 09:30:49.043 | INFO     |  5705 | msm.skill_entry | Successfully installed mycroft-date-time
2021-10-26 09:30:49.043 | INFO     |  5705 | msm.mycroft_skills_manager | invalidating skills cache
2021-10-26 09:30:49.793 | INFO     |  5705 | PairingSkill | Initiating device pairing sequence...
2021-10-26 09:30:49.793 | INFO     |  5705 | PairingSkill | Retrieving pairing code from device API...
2021-10-26 09:30:50.067 | INFO     |  5705 | PairingSkill | Pairing code obtained: 3WCHUY
2021-10-26 09:30:50.067 | INFO     |  5705 | PairingSkill | Communicating pairing URL to user
2021-10-26 09:30:50.168 | INFO     |  5705 | msm.skill_entry | Successfully installed mycroft-joke
2021-10-26 09:30:50.168 | INFO     |  5705 | msm.mycroft_skills_manager | invalidating skills cache
2021-10-26 09:30:51.054 | INFO     |  5705 | msm.skill_entry | Successfully installed mycroft-installer
2021-10-26 09:30:51.054 | INFO     |  5705 | msm.mycroft_skills_manager | invalidating skills cache
2021-10-26 09:30:54.764 | INFO     |  5705 | msm.skill_entry | Successfully installed mycroft-npr-news
2021-10-26 09:30:54.764 | INFO     |  5705 | msm.mycroft_skills_manager | invalidating skills cache
2021-10-26 09:30:55.599 | INFO     |  5705 | msm.skill_entry | Successfully installed mycroft-alarm
2021-10-26 09:30:55.599 | INFO     |  5705 | msm.mycroft_skills_manager | invalidating skills cache
2021-10-26 09:30:57.214 | INFO     |  5705 | msm.skill_entry | Successfully installed mycroft-wiki
2021-10-26 09:30:57.214 | INFO     |  5705 | msm.mycroft_skills_manager | invalidating skills cache
2021-10-26 09:30:59.262 | INFO     |  5705 | msm.skill_entry | Successfully installed mycroft-support-helper
2021-10-26 09:30:59.263 | INFO     |  5705 | msm.mycroft_skills_manager | invalidating skills cache
2021-10-26 09:31:00.223 | INFO     |  5705 | msm.skill_entry | Successfully installed mycroft-weather
2021-10-26 09:31:00.223 | INFO     |  5705 | msm.mycroft_skills_manager | invalidating skills cache
2021-10-26 09:31:00.299 | INFO     |  5705 | mycroft.skills.skill_updater:_log_next_download_time:267 | Next scheduled skill update: 2021-10-26 10:31:00.298842
2021-10-26 09:31:00.299 | INFO     |  5705 | mycroft.skills.skill_updater:update_skills:170 | Skill update complete
2021-10-26 09:31:00.299 | INFO     |  5705 | mycroft.skills.skill_manager:_load_on_startup:273 | Loading installed skills...
2021-10-26 09:31:00.301 | INFO     |  5705 | mycroft.skills.skill_loader:load:185 | ATTEMPTING TO LOAD SKILL: mycroft-ip.mycroftai
2021-10-26 09:31:00.332 | INFO     |  5705 | mycroft.skills.settings:get_local_settings:83 | /opt/mycroft/skills/mycroft-ip.mycroftai/settings.json
2021-10-26 09:31:00.347 | INFO     |  5705 | mycroft.skills.skill_loader:_check_for_first_run:324 | First run of mycroft-ip.mycroftai
2021-10-26 09:31:00.348 | INFO     |  5705 | mycroft.skills.settings:save_settings:116 | Skill settings successfully saved to /home/runner/.config/mycroft/skills/mycroft-ip.mycroftai/settings.json
2021-10-26 09:31:00.349 | INFO     |  5705 | mycroft.skills.skill_loader:_communicate_load_status:344 | Skill mycroft-ip.mycroftai loaded successfully
2021-10-26 09:31:00.349 | INFO     |  5705 | mycroft.skills.skill_loader:load:185 | ATTEMPTING TO LOAD SKILL: mycroft-reminder.mycroftai
2021-10-26 09:31:00.367 | INFO     |  5705 | mycroft.skills.settings:get_local_settings:83 | /opt/mycroft/skills/mycroft-reminder.mycroftai/settings.json
2021-10-26 09:31:00.404 | INFO     |  5705 | mycroft.skills.skill_loader:_check_for_first_run:324 | First run of mycroft-reminder.mycroftai
2021-10-26 09:31:00.405 | INFO     |  5705 | mycroft.skills.settings:save_settings:116 | Skill settings successfully saved to /home/runner/.config/mycroft/skills/mycroft-reminder.mycroftai/settings.json
2021-10-26 09:31:00.406 | INFO     |  5705 | mycroft.skills.skill_loader:_communicate_load_status:344 | Skill mycroft-reminder.mycroftai loaded successfully
2021-10-26 09:31:00.406 | INFO     |  5705 | mycroft.skills.skill_loader:load:185 | ATTEMPTING TO LOAD SKILL: mycroft-installer.mycroftai
2021-10-26 09:31:00.415 | INFO     |  5705 | mycroft.skills.settings:get_local_settings:83 | /opt/mycroft/skills/mycroft-installer.mycroftai/settings.json
2021-10-26 09:31:00.436 | INFO     |  5705 | mycroft.skills.skill_loader:_check_for_first_run:324 | First run of mycroft-installer.mycroftai
2021-10-26 09:31:00.438 | INFO     |  5705 | mycroft.skills.settings:save_settings:116 | Skill settings successfully saved to /home/runner/.config/mycroft/skills/mycroft-installer.mycroftai/settings.json
2021-10-26 09:31:00.445 | INFO     |  5705 | mycroft.skills.skill_loader:_communicate_load_status:344 | Skill mycroft-installer.mycroftai loaded successfully
2021-10-26 09:31:00.446 | INFO     |  5705 | mycroft.skills.skill_loader:load:185 | ATTEMPTING TO LOAD SKILL: mycroft-version-checker.mycroftai
2021-10-26 09:31:00.450 | INFO     |  5705 | mycroft.skills.settings:get_local_settings:83 | /opt/mycroft/skills/mycroft-version-checker.mycroftai/settings.json
2021-10-26 09:31:00.464 | INFO     |  5705 | mycroft.skills.skill_loader:_check_for_first_run:324 | First run of mycroft-version-checker.mycroftai
2021-10-26 09:31:00.469 | INFO     |  5705 | mycroft.skills.settings:save_settings:116 | Skill settings successfully saved to /home/runner/.config/mycroft/skills/mycroft-version-checker.mycroftai/settings.json
2021-10-26 09:31:00.472 | INFO     |  5705 | mycroft.skills.skill_loader:_communicate_load_status:344 | Skill mycroft-version-checker.mycroftai loaded successfully
2021-10-26 09:31:00.472 | INFO     |  5705 | mycroft.skills.skill_loader:load:185 | ATTEMPTING TO LOAD SKILL: mycroft-singing.mycroftai
2021-10-26 09:31:00.479 | INFO     |  5705 | mycroft.skills.settings:get_local_settings:83 | /opt/mycroft/skills/mycroft-singing.mycroftai/settings.json
2021-10-26 09:31:00.492 | INFO     |  5705 | mycroft.skills.skill_loader:_check_for_first_run:324 | First run of mycroft-singing.mycroftai
2021-10-26 09:31:00.493 | INFO     |  5705 | mycroft.skills.settings:save_settings:116 | Skill settings successfully saved to /home/runner/.config/mycroft/skills/mycroft-singing.mycroftai/settings.json
2021-10-26 09:31:00.499 | INFO     |  5705 | mycroft.skills.skill_loader:_communicate_load_status:344 | Skill mycroft-singing.mycroftai loaded successfully
2021-10-26 09:31:00.502 | INFO     |  5705 | mycroft.skills.skill_loader:load:185 | ATTEMPTING TO LOAD SKILL: mycroft-joke.mycroftai
2021-10-26 09:31:00.506 | INFO     |  5705 | mycroft.skills.settings:get_local_settings:83 | /opt/mycroft/skills/mycroft-joke.mycroftai/settings.json
2021-10-26 09:31:00.520 | INFO     |  5705 | mycroft.skills.skill_loader:_check_for_first_run:324 | First run of mycroft-joke.mycroftai
2021-10-26 09:31:00.528 | INFO     |  5705 | mycroft.skills.settings:save_settings:116 | Skill settings successfully saved to /home/runner/.config/mycroft/skills/mycroft-joke.mycroftai/settings.json
2021-10-26 09:31:00.532 | INFO     |  5705 | mycroft.skills.skill_loader:_communicate_load_status:344 | Skill mycroft-joke.mycroftai loaded successfully
2021-10-26 09:31:00.532 | INFO     |  5705 | mycroft.skills.skill_loader:load:185 | ATTEMPTING TO LOAD SKILL: mycroft-timer.mycroftai
2021-10-26 09:31:00.554 | INFO     |  5705 | mycroft.skills.settings:get_local_settings:83 | /opt/mycroft/skills/mycroft-timer.mycroftai/settings.json
2021-10-26 09:31:00.655 | INFO     |  5705 | mycroft.skills.skill_loader:_check_for_first_run:324 | First run of mycroft-timer.mycroftai
2021-10-26 09:31:00.656 | INFO     |  5705 | mycroft.skills.settings:save_settings:116 | Skill settings successfully saved to /home/runner/.config/mycroft/skills/mycroft-timer.mycroftai/settings.json
2021-10-26 09:31:00.657 | INFO     |  5705 | mycroft.skills.skill_loader:_communicate_load_status:344 | Skill mycroft-timer.mycroftai loaded successfully
2021-10-26 09:31:00.681 | INFO     |  5705 | mycroft.skills.skill_loader:load:185 | ATTEMPTING TO LOAD SKILL: homeassistant.mycroftai
2021-10-26 09:31:01.166 | INFO     |  5705 | mycroft.skills.settings:get_local_settings:83 | /opt/mycroft/skills/homeassistant.mycroftai/settings.json
2021-10-26 09:31:01.167 | INFO     |  5705 | mycroft.skills.settings:get_local_settings:83 | /opt/mycroft/skills/homeassistant.mycroftai/settings.json
2021-10-26 09:31:01.247 | INFO     |  5705 | mycroft.skills.skill_loader:_communicate_load_status:344 | Skill homeassistant.mycroftai loaded successfully
2021-10-26 09:31:01.247 | INFO     |  5705 | mycroft.skills.skill_loader:load:185 | ATTEMPTING TO LOAD SKILL: mycroft-alarm.mycroftai
2021-10-26 09:31:01.337 | INFO     |  5705 | mycroft.skills.settings:get_local_settings:83 | /opt/mycroft/skills/mycroft-alarm.mycroftai/settings.json
2021-10-26 09:31:01.366 | ERROR    |  5705 | AlarmSkill | Couldn't allocate mixer, ALSAAudioError('No such file or directory [default]')
2021-10-26 09:31:01.584 | INFO     |  5705 | mycroft.skills.skill_loader:_check_for_first_run:324 | First run of mycroft-alarm.mycroftai
2021-10-26 09:31:01.585 | INFO     |  5705 | mycroft.skills.settings:save_settings:116 | Skill settings successfully saved to /home/runner/.config/mycroft/skills/mycroft-alarm.mycroftai/settings.json
2021-10-26 09:31:01.598 | INFO     |  5705 | mycroft.skills.skill_loader:_communicate_load_status:344 | Skill mycroft-alarm.mycroftai loaded successfully
2021-10-26 09:31:01.598 | INFO     |  5705 | mycroft.skills.skill_loader:load:185 | ATTEMPTING TO LOAD SKILL: mycroft-naptime.mycroftai
2021-10-26 09:31:01.630 | INFO     |  5705 | mycroft.skills.settings:get_local_settings:83 | /opt/mycroft/skills/mycroft-naptime.mycroftai/settings.json
2021-10-26 09:31:01.662 | INFO     |  5705 | mycroft.skills.skill_loader:_check_for_first_run:324 | First run of mycroft-naptime.mycroftai
2021-10-26 09:31:01.662 | INFO     |  5705 | mycroft.skills.settings:save_settings:116 | Skill settings successfully saved to /home/runner/.config/mycroft/skills/mycroft-naptime.mycroftai/settings.json
2021-10-26 09:31:01.677 | INFO     |  5705 | mycroft.skills.skill_loader:_communicate_load_status:344 | Skill mycroft-naptime.mycroftai loaded successfully
2021-10-26 09:31:01.678 | INFO     |  5705 | mycroft.skills.skill_loader:load:185 | ATTEMPTING TO LOAD SKILL: mycroft-spelling.mycroftai
2021-10-26 09:31:01.681 | INFO     |  5705 | mycroft.skills.settings:get_local_settings:83 | /opt/mycroft/skills/mycroft-spelling.mycroftai/settings.json
2021-10-26 09:31:01.760 | INFO     |  5705 | mycroft.skills.skill_loader:_check_for_first_run:324 | First run of mycroft-spelling.mycroftai
2021-10-26 09:31:01.760 | INFO     |  5705 | mycroft.skills.settings:save_settings:116 | Skill settings successfully saved to /home/runner/.config/mycroft/skills/mycroft-spelling.mycroftai/settings.json
2021-10-26 09:31:01.793 | INFO     |  5705 | mycroft.skills.skill_loader:_communicate_load_status:344 | Skill mycroft-spelling.mycroftai loaded successfully
2021-10-26 09:31:01.794 | INFO     |  5705 | mycroft.skills.skill_loader:load:185 | ATTEMPTING TO LOAD SKILL: mycroft-fallback-duck-duck-go.mycroftai
2021-10-26 09:31:01.879 | INFO     |  5705 | mycroft.skills.settings:get_local_settings:83 | /opt/mycroft/skills/mycroft-fallback-duck-duck-go.mycroftai/settings.json
2021-10-26 09:31:01.950 | INFO     |  5705 | mycroft.skills.skill_loader:_check_for_first_run:324 | First run of mycroft-fallback-duck-duck-go.mycroftai
2021-10-26 09:31:01.951 | INFO     |  5705 | mycroft.skills.settings:save_settings:116 | Skill settings successfully saved to /home/runner/.config/mycroft/skills/mycroft-fallback-duck-duck-go.mycroftai/settings.json
2021-10-26 09:31:01.958 | INFO     |  5705 | mycroft.skills.skill_loader:_communicate_load_status:344 | Skill mycroft-fallback-duck-duck-go.mycroftai loaded successfully
2021-10-26 09:31:01.959 | INFO     |  5705 | mycroft.skills.skill_loader:load:185 | ATTEMPTING TO LOAD SKILL: mycroft-npr-news.mycroftai
2021-10-26 09:31:02.271 | INFO     |  5705 | mycroft.skills.settings:get_local_settings:83 | /opt/mycroft/skills/mycroft-npr-news.mycroftai/settings.json
2021-10-26 09:31:03.335 | INFO     |  5705 | mycroft.skills.skill_loader:_check_for_first_run:324 | First run of mycroft-npr-news.mycroftai
2021-10-26 09:31:03.336 | INFO     |  5705 | mycroft.skills.settings:save_settings:116 | Skill settings successfully saved to /home/runner/.config/mycroft/skills/mycroft-npr-news.mycroftai/settings.json
2021-10-26 09:31:03.341 | INFO     |  5705 | mycroft.skills.skill_loader:_communicate_load_status:344 | Skill mycroft-npr-news.mycroftai loaded successfully
2021-10-26 09:31:03.341 | INFO     |  5705 | mycroft.skills.skill_loader:load:185 | ATTEMPTING TO LOAD SKILL: mycroft-support-helper.mycroftai
2021-10-26 09:31:03.348 | INFO     |  5705 | mycroft.skills.settings:get_local_settings:83 | /opt/mycroft/skills/mycroft-support-helper.mycroftai/settings.json
2021-10-26 09:31:03.366 | INFO     |  5705 | mycroft.skills.skill_loader:_check_for_first_run:324 | First run of mycroft-support-helper.mycroftai
2021-10-26 09:31:03.366 | INFO     |  5705 | mycroft.skills.settings:save_settings:116 | Skill settings successfully saved to /home/runner/.config/mycroft/skills/mycroft-support-helper.mycroftai/settings.json
2021-10-26 09:31:03.369 | INFO     |  5705 | mycroft.skills.skill_loader:_communicate_load_status:344 | Skill mycroft-support-helper.mycroftai loaded successfully
2021-10-26 09:31:03.370 | INFO     |  5705 | mycroft.skills.skill_loader:load:185 | ATTEMPTING TO LOAD SKILL: mycroft-weather.mycroftai
2021-10-26 09:31:03.393 | INFO     |  5705 | mycroft.skills.settings:get_local_settings:83 | /opt/mycroft/skills/mycroft-weather.mycroftai/settings.json
2021-10-26 09:31:03.561 | INFO     |  5705 | mycroft.skills.skill_loader:_check_for_first_run:324 | First run of mycroft-weather.mycroftai
2021-10-26 09:31:03.565 | INFO     |  5705 | mycroft.skills.settings:save_settings:116 | Skill settings successfully saved to /home/runner/.config/mycroft/skills/mycroft-weather.mycroftai/settings.json
2021-10-26 09:31:03.568 | INFO     |  5705 | mycroft.skills.skill_loader:_communicate_load_status:344 | Skill mycroft-weather.mycroftai loaded successfully
2021-10-26 09:31:03.568 | INFO     |  5705 | mycroft.skills.skill_loader:load:185 | ATTEMPTING TO LOAD SKILL: mycroft-speak.mycroftai
2021-10-26 09:31:03.571 | INFO     |  5705 | mycroft.skills.settings:get_local_settings:83 | /opt/mycroft/skills/mycroft-speak.mycroftai/settings.json
2021-10-26 09:31:03.605 | INFO     |  5705 | mycroft.skills.skill_loader:_check_for_first_run:324 | First run of mycroft-speak.mycroftai
2021-10-26 09:31:03.606 | INFO     |  5705 | mycroft.skills.settings:save_settings:116 | Skill settings successfully saved to /home/runner/.config/mycroft/skills/mycroft-speak.mycroftai/settings.json
2021-10-26 09:31:03.610 | INFO     |  5705 | mycroft.skills.skill_loader:_communicate_load_status:344 | Skill mycroft-speak.mycroftai loaded successfully
2021-10-26 09:31:03.611 | INFO     |  5705 | mycroft.skills.skill_loader:load:185 | ATTEMPTING TO LOAD SKILL: mycroft-audio-record.mycroftai
2021-10-26 09:31:03.635 | INFO     |  5705 | mycroft.skills.settings:get_local_settings:83 | /opt/mycroft/skills/mycroft-audio-record.mycroftai/settings.json
2021-10-26 09:31:03.661 | INFO     |  5705 | mycroft.skills.skill_loader:_check_for_first_run:324 | First run of mycroft-audio-record.mycroftai
2021-10-26 09:31:03.662 | INFO     |  5705 | mycroft.skills.settings:save_settings:116 | Skill settings successfully saved to /home/runner/.config/mycroft/skills/mycroft-audio-record.mycroftai/settings.json
2021-10-26 09:31:03.676 | INFO     |  5705 | mycroft.skills.skill_loader:_communicate_load_status:344 | Skill mycroft-audio-record.mycroftai loaded successfully
2021-10-26 09:31:03.677 | INFO     |  5705 | mycroft.skills.skill_loader:load:185 | ATTEMPTING TO LOAD SKILL: mycroft-stop.mycroftai
2021-10-26 09:31:03.682 | INFO     |  5705 | mycroft.skills.settings:get_local_settings:83 | /opt/mycroft/skills/mycroft-stop.mycroftai/settings.json
2021-10-26 09:31:03.723 | INFO     |  5705 | mycroft.skills.skill_loader:_check_for_first_run:324 | First run of mycroft-stop.mycroftai
2021-10-26 09:31:03.724 | INFO     |  5705 | mycroft.skills.settings:save_settings:116 | Skill settings successfully saved to /home/runner/.config/mycroft/skills/mycroft-stop.mycroftai/settings.json
2021-10-26 09:31:03.732 | INFO     |  5705 | mycroft.skills.skill_loader:_communicate_load_status:344 | Skill mycroft-stop.mycroftai loaded successfully
2021-10-26 09:31:03.732 | INFO     |  5705 | mycroft.skills.skill_loader:load:185 | ATTEMPTING TO LOAD SKILL: mycroft-hello-world.mycroftai
2021-10-26 09:31:03.737 | INFO     |  5705 | mycroft.skills.settings:get_local_settings:83 | /opt/mycroft/skills/mycroft-hello-world.mycroftai/settings.json
2021-10-26 09:31:03.766 | INFO     |  5705 | mycroft.skills.skill_loader:_check_for_first_run:324 | First run of mycroft-hello-world.mycroftai
2021-10-26 09:31:03.767 | INFO     |  5705 | mycroft.skills.settings:save_settings:116 | Skill settings successfully saved to /home/runner/.config/mycroft/skills/mycroft-hello-world.mycroftai/settings.json
2021-10-26 09:31:03.780 | INFO     |  5705 | mycroft.skills.skill_loader:_communicate_load_status:344 | Skill mycroft-hello-world.mycroftai loaded successfully
2021-10-26 09:31:03.780 | INFO     |  5705 | mycroft.skills.skill_loader:load:185 | ATTEMPTING TO LOAD SKILL: mycroft-date-time.mycroftai
2021-10-26 09:31:04.515 | INFO     |  5705 | mycroft.skills.settings:get_local_settings:83 | /opt/mycroft/skills/mycroft-date-time.mycroftai/settings.json
2021-10-26 09:31:04.557 | INFO     |  5705 | TimeSkill | Registering resting screen <bound method TimeSkill.handle_idle of <mycroft-date-time_mycroftai.TimeSkill object at 0x7f5568d547d0>> for Time and Date.
2021-10-26 09:31:04.558 | INFO     |  5705 | TimeSkill | Registering resting screen
2021-10-26 09:31:04.561 | INFO     |  5705 | mycroft.skills.skill_loader:_check_for_first_run:324 | First run of mycroft-date-time.mycroftai
2021-10-26 09:31:04.577 | INFO     |  5705 | mycroft.skills.settings:save_settings:116 | Skill settings successfully saved to /home/runner/.config/mycroft/skills/mycroft-date-time.mycroftai/settings.json
2021-10-26 09:31:04.581 | INFO     |  5705 | mycroft.skills.skill_loader:_communicate_load_status:344 | Skill mycroft-date-time.mycroftai loaded successfully
2021-10-26 09:31:04.581 | INFO     |  5705 | mycroft.skills.skill_loader:load:185 | ATTEMPTING TO LOAD SKILL: mycroft-configuration.mycroftai
2021-10-26 09:31:04.596 | INFO     |  5705 | mycroft.skills.settings:get_local_settings:83 | /opt/mycroft/skills/mycroft-configuration.mycroftai/settings.json
2021-10-26 09:31:04.640 | INFO     |  5705 | mycroft.skills.skill_loader:_check_for_first_run:324 | First run of mycroft-configuration.mycroftai
2021-10-26 09:31:04.640 | INFO     |  5705 | mycroft.skills.settings:save_settings:116 | Skill settings successfully saved to /home/runner/.config/mycroft/skills/mycroft-configuration.mycroftai/settings.json
2021-10-26 09:31:04.644 | INFO     |  5705 | mycroft.skills.skill_loader:_communicate_load_status:344 | Skill mycroft-configuration.mycroftai loaded successfully
2021-10-26 09:31:04.644 | INFO     |  5705 | mycroft.skills.skill_loader:load:185 | ATTEMPTING TO LOAD SKILL: fallback-query.mycroftai
2021-10-26 09:31:04.648 | INFO     |  5705 | mycroft.skills.settings:get_local_settings:83 | /opt/mycroft/skills/fallback-query.mycroftai/settings.json
2021-10-26 09:31:04.673 | INFO     |  5705 | mycroft.skills.skill_loader:_check_for_first_run:324 | First run of fallback-query.mycroftai
2021-10-26 09:31:04.674 | INFO     |  5705 | mycroft.skills.settings:save_settings:116 | Skill settings successfully saved to /home/runner/.config/mycroft/skills/fallback-query.mycroftai/settings.json
2021-10-26 09:31:04.675 | INFO     |  5705 | mycroft.skills.skill_loader:_communicate_load_status:344 | Skill fallback-query.mycroftai loaded successfully
2021-10-26 09:31:04.675 | INFO     |  5705 | mycroft.skills.skill_loader:load:185 | ATTEMPTING TO LOAD SKILL: mycroft-personal.mycroftai
2021-10-26 09:31:04.679 | INFO     |  5705 | mycroft.skills.settings:get_local_settings:83 | /opt/mycroft/skills/mycroft-personal.mycroftai/settings.json
2021-10-26 09:31:04.706 | INFO     |  5705 | mycroft.skills.skill_loader:_check_for_first_run:324 | First run of mycroft-personal.mycroftai
2021-10-26 09:31:04.707 | INFO     |  5705 | mycroft.skills.settings:save_settings:116 | Skill settings successfully saved to /home/runner/.config/mycroft/skills/mycroft-personal.mycroftai/settings.json
2021-10-26 09:31:04.711 | INFO     |  5705 | mycroft.skills.skill_loader:_communicate_load_status:344 | Skill mycroft-personal.mycroftai loaded successfully
2021-10-26 09:31:04.711 | INFO     |  5705 | mycroft.skills.skill_loader:load:185 | ATTEMPTING TO LOAD SKILL: fallback-wolfram-alpha.mycroftai
2021-10-26 09:31:04.770 | INFO     |  5705 | mycroft.skills.settings:get_local_settings:83 | /opt/mycroft/skills/fallback-wolfram-alpha.mycroftai/settings.json
2021-10-26 09:31:04.817 | INFO     |  5705 | mycroft.skills.skill_loader:_check_for_first_run:324 | First run of fallback-wolfram-alpha.mycroftai
2021-10-26 09:31:04.818 | INFO     |  5705 | mycroft.skills.settings:save_settings:116 | Skill settings successfully saved to /home/runner/.config/mycroft/skills/fallback-wolfram-alpha.mycroftai/settings.json
2021-10-26 09:31:04.818 | INFO     |  5705 | mycroft.skills.skill_loader:_communicate_load_status:344 | Skill fallback-wolfram-alpha.mycroftai loaded successfully
2021-10-26 09:31:04.819 | INFO     |  5705 | mycroft.skills.skill_loader:load:185 | ATTEMPTING TO LOAD SKILL: mycroft-wiki.mycroftai
2021-10-26 09:31:04.827 | INFO     |  5705 | mycroft.skills.settings:get_local_settings:83 | /opt/mycroft/skills/mycroft-wiki.mycroftai/settings.json
2021-10-26 09:31:04.857 | INFO     |  5705 | mycroft.skills.skill_loader:_check_for_first_run:324 | First run of mycroft-wiki.mycroftai
2021-10-26 09:31:04.861 | INFO     |  5705 | mycroft.skills.settings:save_settings:116 | Skill settings successfully saved to /home/runner/.config/mycroft/skills/mycroft-wiki.mycroftai/settings.json
2021-10-26 09:31:04.863 | INFO     |  5705 | mycroft.skills.skill_loader:_communicate_load_status:344 | Skill mycroft-wiki.mycroftai loaded successfully
2021-10-26 09:31:04.863 | INFO     |  5705 | mycroft.skills.skill_loader:load:185 | ATTEMPTING TO LOAD SKILL: fallback-unknown.mycroftai
2021-10-26 09:31:04.866 | INFO     |  5705 | mycroft.skills.settings:get_local_settings:83 | /opt/mycroft/skills/fallback-unknown.mycroftai/settings.json
2021-10-26 09:31:04.890 | INFO     |  5705 | mycroft.skills.skill_loader:_check_for_first_run:324 | First run of fallback-unknown.mycroftai
2021-10-26 09:31:04.890 | INFO     |  5705 | mycroft.skills.settings:save_settings:116 | Skill settings successfully saved to /home/runner/.config/mycroft/skills/fallback-unknown.mycroftai/settings.json
2021-10-26 09:31:04.896 | INFO     |  5705 | mycroft.skills.skill_loader:_communicate_load_status:344 | Skill fallback-unknown.mycroftai loaded successfully
2021-10-26 09:31:04.896 | INFO     |  5705 | mycroft.skills.skill_loader:load:185 | ATTEMPTING TO LOAD SKILL: mycroft-playback-control.mycroftai
2021-10-26 09:31:04.901 | INFO     |  5705 | mycroft.skills.settings:get_local_settings:83 | /opt/mycroft/skills/mycroft-playback-control.mycroftai/settings.json
2021-10-26 09:31:04.959 | INFO     |  5705 | mycroft.skills.skill_loader:_check_for_first_run:324 | First run of mycroft-playback-control.mycroftai
2021-10-26 09:31:04.960 | INFO     |  5705 | mycroft.skills.settings:save_settings:116 | Skill settings successfully saved to /home/runner/.config/mycroft/skills/mycroft-playback-control.mycroftai/settings.json
2021-10-26 09:31:04.963 | INFO     |  5705 | mycroft.skills.skill_loader:_communicate_load_status:344 | Skill mycroft-playback-control.mycroftai loaded successfully
2021-10-26 09:31:04.964 | INFO     |  5705 | mycroft.skills.skill_manager:_load_on_startup:275 | Skills all loaded!
2021-10-26 09:31:05.057 | INFO     |  5705 | __main__:on_ready:185 | Skills service is ready.
2021-10-26 09:31:05.076 | INFO     |  5705 | mycroft.skills.intent_services.padatious_service:train:151 | Training... (single_thread=False)
Regenerated mycroft-alarm.mycroftai:{daytype}.
Regenerated mycroft-reminder.mycroftai:GetNextReminders.intent.
Regenerated mycroft-reminder.mycroftai:ReminderAt.intent.
Regenerated mycroft-reminder.mycroftai:GetRemindersForDay.intent.
Regenerated mycroft-reminder.mycroftai:UnspecifiedReminderAt.intent.
Regenerated mycroft-reminder.mycroftai:SnoozeReminder.intent.
Regenerated mycroft-reminder.mycroftai:Reminder.intent.
Regenerated mycroft-reminder.mycroftai:DeleteReminderForDay.intent.
Regenerated homeassistant.mycroftai:turn.on.intent.
Regenerated homeassistant.mycroftai:turn.off.intent.
Regenerated homeassistant.mycroftai:tracker.intent.
Regenerated homeassistant.mycroftai:set.climate.intent.
Regenerated homeassistant.mycroftai:add.item.shopping.list.intent.
Regenerated homeassistant.mycroftai:decrease.light.brightness.intent.
Regenerated homeassistant.mycroftai:toggle.intent.
Regenerated mycroft-personal.mycroftai:WhoAreYou.intent.
Regenerated mycroft-personal.mycroftai:DoYouRhyme.intent.
Regenerated mycroft-personal.mycroftai:DoYouDream.intent.
Regenerated mycroft-personal.mycroftai:WhereWereYouBorn.intent.
Regenerated mycroft-personal.mycroftai:WhatAreYou.intent.
Regenerated mycroft-personal.mycroftai:WhoMadeYou.intent.
Regenerated mycroft-wiki.mycroftai:Random.intent.
Regenerated mycroft-reminder.mycroftai:ClearReminders.intent.
Regenerated mycroft-reminder.mycroftai:CancelActiveReminder.intent.
Regenerated mycroft-installer.mycroftai:install.intent.
Regenerated mycroft-installer.mycroftai:install.custom.intent.
Regenerated mycroft-installer.mycroftai:is.installed.intent.
Regenerated mycroft-installer.mycroftai:list.skills.intent.
Regenerated mycroft-installer.mycroftai:install.beta.intent.
Regenerated mycroft-installer.mycroftai:remove.intent.
Regenerated mycroft-timer.mycroftai:start.timer.intent.
Regenerated mycroft-timer.mycroftai:timer.status.intent.
Regenerated homeassistant.mycroftai:set.light.brightness.intent.
Regenerated homeassistant.mycroftai:increase.light.brightness.intent.
Regenerated homeassistant.mycroftai:sensor.intent.
Regenerated homeassistant.mycroftai:automation.intent.
Regenerated mycroft-alarm.mycroftai:snooze.intent.
Regenerated mycroft-alarm.mycroftai:change.alarm.sound.intent.
Regenerated mycroft-npr-news.mycroftai:PlayTheNews.intent.
Regenerated mycroft-support-helper.mycroftai:contact.support.intent.
Regenerated mycroft-weather.mycroftai:do-i-need-an-umbrella.intent.
Regenerated mycroft-audio-record.mycroftai:StartRecording.intent.
Regenerated mycroft-audio-record.mycroftai:PlayRecording.intent.
Regenerated mycroft-stop.mycroftai:ssh.disable.intent.
Regenerated mycroft-stop.mycroftai:reboot.intent.
Regenerated mycroft-stop.mycroftai:wifi.setup.intent.
Regenerated mycroft-stop.mycroftai:shutdown.intent.
Regenerated mycroft-stop.mycroftai:ssh.enable.intent.
Regenerated mycroft-hello-world.mycroftai:HowAreYou.intent.
Regenerated mycroft-date-time.mycroftai:what.time.is.it.intent.
Regenerated mycroft-date-time.mycroftai:date.last.weekend.intent.
Regenerated mycroft-date-time.mycroftai:what.time.will.it.be.intent.
Regenerated mycroft-date-time.mycroftai:date.future.weekend.intent.
Regenerated mycroft-configuration.mycroftai:EnablePreciseDev.intent.
Regenerated mycroft-configuration.mycroftai:DisablePreciseDev.intent.
Regenerated mycroft-configuration.mycroftai:WhereAreYou.intent.
Regenerated mycroft-personal.mycroftai:WhenWereYouBorn.intent.
2021-10-26 09:31:07.028 | INFO     |  5705 | mycroft.skills.intent_services.padatious_service:train:153 | Training complete.
2021-10-26 09:31:18.333 | INFO     |  5705 | mycroft.skills.settings:save_settings:116 | Skill settings successfully saved to /home/runner/.config/mycroft/skills/mycroft-timer.mycroftai/settings.json
2021-10-26 09:31:20.435 | INFO     |  5705 | mycroft.skills.settings:save_settings:116 | Skill settings successfully saved to /home/runner/.config/mycroft/skills/mycroft-pairing.mycroftai/settings.json
2021-10-26 09:31:40.235 | INFO     |  5705 | __main__:on_stopping:193 | Skills service is shutting down...
2021-10-26 09:31:40.236 | INFO     |  5705 | __main__:shutdown:284 | Shutting down Skills service
2021-10-26 09:31:40.427 | ERROR    |  5705 | VolumeSkill | Couldn't allocate mixer, ALSAAudioError('No such file or directory [default]')
2021-10-26 09:31:40.427 | INFO     |  5705 | mycroft.skills.settings:save_settings:116 | Skill settings successfully saved to /home/runner/.config/mycroft/skills/mycroft-volume.mycroftai/settings.json
2021-10-26 09:31:40.429 | INFO     |  5705 | mycroft.skills.settings:save_settings:116 | Skill settings successfully saved to /home/runner/.config/mycroft/skills/mycroft-ip.mycroftai/settings.json
2021-10-26 09:31:40.431 | INFO     |  5705 | mycroft.skills.settings:save_settings:116 | Skill settings successfully saved to /home/runner/.config/mycroft/skills/mycroft-reminder.mycroftai/settings.json
2021-10-26 09:31:40.440 | INFO     |  5705 | mycroft.skills.settings:save_settings:116 | Skill settings successfully saved to /home/runner/.config/mycroft/skills/mycroft-installer.mycroftai/settings.json
2021-10-26 09:31:40.442 | INFO     |  5705 | mycroft.skills.settings:save_settings:116 | Skill settings successfully saved to /home/runner/.config/mycroft/skills/mycroft-version-checker.mycroftai/settings.json
2021-10-26 09:31:40.456 | INFO     |  5705 | mycroft.skills.settings:save_settings:116 | Skill settings successfully saved to /home/runner/.config/mycroft/skills/mycroft-singing.mycroftai/settings.json
2021-10-26 09:31:40.457 | INFO     |  5705 | mycroft.skills.settings:save_settings:116 | Skill settings successfully saved to /home/runner/.config/mycroft/skills/mycroft-joke.mycroftai/settings.json
2021-10-26 09:31:40.462 | INFO     |  5705 | HomeAssistantSkill | Removing all handlers...
2021-10-26 09:31:40.462 | WARNING  |  5705 | mycroft.skills.fallback_skill:remove_fallback:185 | Could not find matching fallback handler
2021-10-26 09:31:40.463 | INFO     |  5705 | mycroft.skills.settings:save_settings:116 | Skill settings successfully saved to /home/runner/.config/mycroft/skills/mycroft-alarm.mycroftai/settings.json
2021-10-26 09:31:40.473 | INFO     |  5705 | mycroft.skills.settings:save_settings:116 | Skill settings successfully saved to /home/runner/.config/mycroft/skills/mycroft-naptime.mycroftai/settings.json
2021-10-26 09:31:40.474 | INFO     |  5705 | mycroft.skills.settings:save_settings:116 | Skill settings successfully saved to /home/runner/.config/mycroft/skills/mycroft-spelling.mycroftai/settings.json
2021-10-26 09:31:40.475 | INFO     |  5705 | mycroft.skills.settings:save_settings:116 | Skill settings successfully saved to /home/runner/.config/mycroft/skills/mycroft-fallback-duck-duck-go.mycroftai/settings.json
2021-10-26 09:31:40.479 | INFO     |  5705 | mycroft.skills.settings:save_settings:116 | Skill settings successfully saved to /home/runner/.config/mycroft/skills/mycroft-npr-news.mycroftai/settings.json
2021-10-26 09:31:40.486 | INFO     |  5705 | mycroft.skills.settings:save_settings:116 | Skill settings successfully saved to /home/runner/.config/mycroft/skills/mycroft-support-helper.mycroftai/settings.json
2021-10-26 09:31:40.496 | INFO     |  5705 | mycroft.skills.settings:save_settings:116 | Skill settings successfully saved to /home/runner/.config/mycroft/skills/mycroft-weather.mycroftai/settings.json
2021-10-26 09:31:40.506 | INFO     |  5705 | mycroft.skills.settings:save_settings:116 | Skill settings successfully saved to /home/runner/.config/mycroft/skills/mycroft-speak.mycroftai/settings.json
2021-10-26 09:31:40.507 | INFO     |  5705 | mycroft.skills.settings:save_settings:116 | Skill settings successfully saved to /home/runner/.config/mycroft/skills/mycroft-audio-record.mycroftai/settings.json
2021-10-26 09:31:40.509 | INFO     |  5705 | mycroft.skills.settings:save_settings:116 | Skill settings successfully saved to /home/runner/.config/mycroft/skills/mycroft-stop.mycroftai/settings.json
2021-10-26 09:31:40.519 | INFO     |  5705 | mycroft.skills.settings:save_settings:116 | Skill settings successfully saved to /home/runner/.config/mycroft/skills/mycroft-hello-world.mycroftai/settings.json
2021-10-26 09:31:40.521 | INFO     |  5705 | mycroft.skills.settings:save_settings:116 | Skill settings successfully saved to /home/runner/.config/mycroft/skills/mycroft-date-time.mycroftai/settings.json
2021-10-26 09:31:40.524 | INFO     |  5705 | mycroft.skills.settings:save_settings:116 | Skill settings successfully saved to /home/runner/.config/mycroft/skills/mycroft-configuration.mycroftai/settings.json
2021-10-26 09:31:40.526 | INFO     |  5705 | QuestionsAnswersSkill | Removing all handlers...
2021-10-26 09:31:40.543 | INFO     |  5705 | mycroft.skills.settings:save_settings:116 | Skill settings successfully saved to /home/runner/.config/mycroft/skills/fallback-query.mycroftai/settings.json
2021-10-26 09:31:40.577 | INFO     |  5705 | mycroft.skills.settings:save_settings:116 | Skill settings successfully saved to /home/runner/.config/mycroft/skills/mycroft-personal.mycroftai/settings.json
2021-10-26 09:31:40.578 | INFO     |  5705 | mycroft.skills.settings:save_settings:116 | Skill settings successfully saved to /home/runner/.config/mycroft/skills/fallback-wolfram-alpha.mycroftai/settings.json
2021-10-26 09:31:40.579 | INFO     |  5705 | mycroft.skills.settings:save_settings:116 | Skill settings successfully saved to /home/runner/.config/mycroft/skills/mycroft-wiki.mycroftai/settings.json
2021-10-26 09:31:40.580 | INFO     |  5705 | UnknownSkill | Removing all handlers...
2021-10-26 09:31:40.582 | INFO     |  5705 | mycroft.skills.settings:save_settings:116 | Skill settings successfully saved to /home/runner/.config/mycroft/skills/fallback-unknown.mycroftai/settings.json
2021-10-26 09:31:40.604 | INFO     |  5705 | mycroft.skills.settings:save_settings:116 | Skill settings successfully saved to /home/runner/.config/mycroft/skills/mycroft-playback-control.mycroftai/settings.json
2021-10-26 09:31:41.604 | INFO     |  5705 | Playback Control Skill | Audio service status: {}
2021-10-26 09:31:42.605 | WARNING  |  5705 | mycroft.skills.skill_manager:_shutdown_skill:106 | mycroft-playback-control.mycroftai shutdown took 2.0033839769999986 seconds
2021-10-26 09:31:42.606 | INFO     |  5705 | __main__:shutdown:291 | Skills service shutdown complete!
2021-10-26 09:31:44.390 | ERROR    |  5705 | websocket | error from callback <bound method MessageBusClient.on_message of <mycroft.messagebus.client.client.MessageBusClient object at 0x7f558a37a910>>: cannot schedule new futures after shutdown
2021-10-26 09:31:44.391 | ERROR    |  5705 | websocket | error from callback <bound method MessageBusClient.on_message of <mycroft.messagebus.client.client.MessageBusClient object at 0x7f558a37a910>>: cannot schedule new futures after shutdown
2021-10-26 09:31:44.393 | ERROR    |  5705 | websocket | error from callback <bound method MessageBusClient.on_message of <mycroft.messagebus.client.client.MessageBusClient object at 0x7f558a37a910>>: cannot schedule new futures after shutdown
