2021-10-29 07:06:32.784 | INFO     |  5328 | __main__:create_enclosure:55 | Creating generic enclosure, platform='None'
2021-10-29 07:06:32.790 | INFO     |  5328 | mycroft.messagebus.load_config:load_message_bus_config:33 | Loading message bus configs
2021-10-29 07:06:32.792 | INFO     |  5328 | mycroft.client.enclosure.base:create_gui_service:473 | Starting message bus for GUI...
2021-10-29 07:06:32.807 | INFO     |  5328 | mycroft.client.enclosure.base:create_gui_service:483 | GUI Message bus started!
2021-10-29 07:06:32.808 | INFO     |  5328 | mycroft.enclosure.display_manager:init_display_manager_bus_connection:152 | Connecting display manager to messagebus
2021-10-29 07:06:32.808 | INFO     |  5328 | mycroft.messagebus.load_config:load_message_bus_config:33 | Loading message bus configs
2021-10-29 07:06:32.811 | INFO     |  5328 | mycroft_bus_client.client.client | Connected
2021-10-29 07:06:32.897 | INFO     |  5328 | mycroft_bus_client.client.client | Connected
2021-10-29 07:06:32.907 | INFO     |  5328 | mycroft.util.process_utils:start_message_bus_client:155 | Connected to messagebus
2021-10-29 07:06:32.908 | INFO     |  5328 | __main__:on_ready:26 | Enclosure started!
2021-10-29 07:08:26.460 | INFO     |  5328 | __main__:on_stopping:30 | Enclosure is shutting down...
2021-10-29 07:08:27.606 | ERROR    |  5328 | websocket | error from callback <bound method MessageBusClient.on_message of <mycroft.messagebus.client.client.MessageBusClient object at 0x7f026b53c850>>: cannot schedule new futures after shutdown
2021-10-29 07:08:27.606 | ERROR    |  5328 | mycroft_bus_client.client.client | === RuntimeError('cannot schedule new futures after shutdown') ===
Traceback (most recent call last):
  File "/opt/mycroft-core/.venv/lib/python3.7/site-packages/websocket/_app.py", line 407, in _callback
    callback(self, *args)
  File "/opt/mycroft-core/.venv/lib/python3.7/site-packages/mycroft_bus_client/client/client.py", line 182, in on_message
    self.emitter.emit('message', message)
  File "/opt/mycroft-core/.venv/lib/python3.7/site-packages/pyee/_base.py", line 113, in emit
    handled = self._call_handlers(event, args, kwargs)
  File "/opt/mycroft-core/.venv/lib/python3.7/site-packages/pyee/_base.py", line 96, in _call_handlers
    self._emit_run(f, args, kwargs)
  File "/opt/mycroft-core/.venv/lib/python3.7/site-packages/pyee/_executor.py", line 50, in _emit_run
    future = self._executor.submit(f, *args, **kwargs)
  File "/opt/hostedtoolcache/Python/3.7.12/x64/lib/python3.7/concurrent/futures/thread.py", line 163, in submit
    raise RuntimeError('cannot schedule new futures after shutdown')
RuntimeError: cannot schedule new futures after shutdown
2021-10-29 07:08:27.607 | ERROR    |  5328 | mycroft_bus_client.client.client | Exception closing websocket: RuntimeError('cannot schedule new futures after shutdown')
2021-10-29 07:08:27.607 | WARNING  |  5328 | mycroft_bus_client.client.client | Message Bus Client will reconnect in 5.0 seconds.
