2021-10-29 07:06:32.782 | INFO     |  5319 | mycroft.messagebus.load_config:load_message_bus_config:33 | Loading message bus configs
2021-10-29 07:06:32.792 | INFO     |  5319 | mycroft_bus_client.client.client | Connected
2021-10-29 07:06:32.793 | INFO     |  5319 | mycroft.util.process_utils:start_message_bus_client:155 | Connected to messagebus
2021-10-29 07:06:32.800 | INFO     |  5319 | mycroft.skills.msm_wrapper:create_msm:96 | Acquiring lock to instantiate MSM
2021-10-29 07:06:34.459 | INFO     |  5319 | msm.mycroft_skills_manager | building SkillEntry objects for all skills
2021-10-29 07:06:35.080 | INFO     |  5319 | mycroft.skills.msm_wrapper:create_msm:112 | Releasing MSM instantiation lock.
2021-10-29 07:06:35.081 | INFO     |  5319 | mycroft.skills.skill_updater:_log_next_download_time:267 | Next scheduled skill update: 2021-10-29 07:06:34.080841
2021-10-29 07:06:35.081 | INFO     |  5319 | msm.skill_entry | Downloading skill: https://github.com/mycroftai/skill-pairing
2021-10-29 07:06:35.793 | INFO     |  5319 | msm.skill_entry | Installing system requirements...
2021-10-29 07:06:35.802 | INFO     |  5319 | msm.skill_entry | Successfully installed mycroft-pairing
2021-10-29 07:06:35.802 | INFO     |  5319 | msm.mycroft_skills_manager | invalidating skills cache
2021-10-29 07:06:35.803 | INFO     |  5319 | mycroft.skills.skill_loader:load:185 | ATTEMPTING TO LOAD SKILL: mycroft-pairing.mycroftai
2021-10-29 07:06:35.809 | INFO     |  5319 | mycroft.skills.settings:get_local_settings:83 | /opt/mycroft/skills/mycroft-pairing.mycroftai/settings.json
2021-10-29 07:06:35.823 | INFO     |  5319 | mycroft.skills.skill_loader:_check_for_first_run:324 | First run of mycroft-pairing.mycroftai
2021-10-29 07:06:35.829 | INFO     |  5319 | mycroft.skills.settings:save_settings:116 | Skill settings successfully saved to /home/runner/.config/mycroft/skills/mycroft-pairing.mycroftai/settings.json
2021-10-29 07:06:35.830 | INFO     |  5319 | mycroft.skills.skill_loader:_communicate_load_status:344 | Skill mycroft-pairing.mycroftai loaded successfully
2021-10-29 07:06:35.830 | INFO     |  5319 | msm.skill_entry | Downloading skill: https://github.com/mycroftai/skill-volume
2021-10-29 07:06:36.449 | INFO     |  5319 | msm.skill_entry | Installing system requirements...
2021-10-29 07:06:36.460 | INFO     |  5319 | msm.skill_entry | Installing requirements.txt for mycroft-volume
2021-10-29 07:06:37.293 | INFO     |  5319 | msm.skill_entry | Successfully installed mycroft-volume
2021-10-29 07:06:37.293 | INFO     |  5319 | msm.mycroft_skills_manager | invalidating skills cache
2021-10-29 07:06:37.295 | INFO     |  5319 | mycroft.skills.skill_loader:load:185 | ATTEMPTING TO LOAD SKILL: mycroft-volume.mycroftai
2021-10-29 07:06:37.310 | INFO     |  5319 | mycroft.skills.settings:get_local_settings:83 | /opt/mycroft/skills/mycroft-volume.mycroftai/settings.json
2021-10-29 07:06:37.410 | ERROR    |  5319 | VolumeSkill | Couldn't allocate mixer, ALSAAudioError('No such file or directory [default]')
2021-10-29 07:06:40.451 | INFO     |  5319 | mycroft.skills.skill_loader:_check_for_first_run:324 | First run of mycroft-volume.mycroftai
2021-10-29 07:06:40.452 | INFO     |  5319 | mycroft.skills.settings:save_settings:116 | Skill settings successfully saved to /home/runner/.config/mycroft/skills/mycroft-volume.mycroftai/settings.json
2021-10-29 07:06:40.453 | INFO     |  5319 | mycroft.skills.skill_loader:_communicate_load_status:344 | Skill mycroft-volume.mycroftai loaded successfully
2021-10-29 07:06:40.454 | INFO     |  5319 | __main__:on_started:177 | Skills service is starting up.
2021-10-29 07:06:40.543 | INFO     |  5319 | __main__:_update_system:154 | Attempting system update...
2021-10-29 07:06:43.545 | INFO     |  5319 | mycroft.enclosure.display_manager:_write_data:70 | Display Manager is creating /tmp/mycroft/ipc/managers/disp_info
2021-10-29 07:06:43.547 | INFO     |  5319 | __main__:_ensure_device_is_paired:133 | Device not paired, invoking the pairing skill
2021-10-29 07:06:43.548 | INFO     |  5319 | __main__:on_alive:181 | Skills service is alive.
2021-10-29 07:06:43.549 | INFO     |  5319 | msm.mycroft_skills_manager | building SkillEntry objects for all skills
2021-10-29 07:06:44.049 | INFO     |  5319 | PairingSkill | Communicating account URL to user
2021-10-29 07:06:44.794 | WARNING  |  5319 | msm.mycroft_skills_manager | No such default skill: mycroft-pandora
2021-10-29 07:06:44.795 | INFO     |  5319 | mycroft.skills.skill_manager:run:234 | Not all default skills are installed, performing skill update...
2021-10-29 07:06:44.795 | INFO     |  5319 | mycroft.skills.skill_updater:update_skills:149 | Beginning skill update...
2021-10-29 07:06:44.878 | INFO     |  5319 | msm.mycroft_skills_manager | building SkillEntry objects for all skills
2021-10-29 07:06:45.300 | INFO     |  5319 | msm.mycroft_skills_manager | invalidating skills cache
2021-10-29 07:06:45.336 | INFO     |  5319 | msm.skill_entry | Downloading skill: https://github.com/mycroftai/fallback-unknown
2021-10-29 07:06:45.340 | INFO     |  5319 | msm.skill_entry | Downloading skill: https://github.com/mycroftai/fallback-wolfram-alpha
2021-10-29 07:06:45.348 | INFO     |  5319 | msm.skill_entry | Downloading skill: https://github.com/mycroftai/skill-alarm
2021-10-29 07:06:45.355 | INFO     |  5319 | msm.skill_entry | Downloading skill: https://github.com/mycroftai/skill-audio-record
2021-10-29 07:06:45.357 | INFO     |  5319 | msm.skill_entry | Downloading skill: https://github.com/mycroftai/skill-configuration
2021-10-29 07:06:45.363 | INFO     |  5319 | msm.skill_entry | Downloading skill: https://github.com/mycroftai/skill-date-time
2021-10-29 07:06:45.380 | INFO     |  5319 | msm.skill_entry | Downloading skill: https://github.com/mycroftai/fallback-duckduckgo
2021-10-29 07:06:45.398 | INFO     |  5319 | msm.skill_entry | Downloading skill: https://github.com/mycroftai/skill-ip
2021-10-29 07:06:45.406 | INFO     |  5319 | msm.skill_entry | Downloading skill: https://github.com/mycroftai/skill-installer
2021-10-29 07:06:45.416 | INFO     |  5319 | msm.skill_entry | Downloading skill: https://github.com/mycroftai/skill-hello-world
2021-10-29 07:06:45.422 | INFO     |  5319 | msm.skill_entry | Downloading skill: https://github.com/mycroftai/skill-naptime
2021-10-29 07:06:45.426 | INFO     |  5319 | msm.skill_entry | Downloading skill: https://github.com/mycroftai/skill-npr-news
2021-10-29 07:06:45.434 | INFO     |  5319 | msm.skill_entry | Downloading skill: https://github.com/mycroftai/skill-personal
2021-10-29 07:06:45.445 | INFO     |  5319 | msm.skill_entry | Downloading skill: https://github.com/mycroftai/skill-playback-control
2021-10-29 07:06:45.455 | INFO     |  5319 | msm.skill_entry | Downloading skill: https://github.com/mycroftai/skill-singing
2021-10-29 07:06:45.470 | INFO     |  5319 | msm.skill_entry | Downloading skill: https://github.com/mycroftai/skill-reminder
2021-10-29 07:06:45.484 | INFO     |  5319 | msm.skill_entry | Downloading skill: https://github.com/mycroftai/skill-joke
2021-10-29 07:06:46.245 | ERROR    |  5319 | msm.mycroft_skills_manager | Error running install_or_update on homeassistant.mycroftai: MergeConflict
2021-10-29 07:06:46.247 | INFO     |  5319 | msm.skill_entry | Downloading skill: https://github.com/mycroftai/skill-speak
2021-10-29 07:06:47.012 | INFO     |  5319 | msm.skill_entry | Nothing new for mycroft-volume
2021-10-29 07:06:47.019 | INFO     |  5319 | msm.skill_entry | Installing system requirements...
2021-10-29 07:06:47.029 | INFO     |  5319 | msm.skill_entry | Installing requirements.txt for mycroft-volume
2021-10-29 07:06:47.265 | INFO     |  5319 | msm.skill_entry | Nothing new for mycroft-pairing
2021-10-29 07:06:47.307 | INFO     |  5319 | msm.skill_entry | Installing system requirements...
2021-10-29 07:06:47.360 | INFO     |  5319 | msm.skill_entry | Downloading skill: https://github.com/mycroftai/skill-spelling
2021-10-29 07:06:47.408 | INFO     |  5319 | msm.skill_entry | Installing system requirements...
2021-10-29 07:06:47.439 | INFO     |  5319 | msm.skill_entry | Installing requirements.txt for mycroft-ip
2021-10-29 07:06:47.550 | INFO     |  5319 | msm.skill_entry | Installing system requirements...
2021-10-29 07:06:47.642 | INFO     |  5319 | msm.skill_entry | Installing system requirements...
2021-10-29 07:06:47.670 | INFO     |  5319 | msm.skill_entry | Successfully installed fallback-unknown
2021-10-29 07:06:47.674 | INFO     |  5319 | msm.mycroft_skills_manager | invalidating skills cache
2021-10-29 07:06:47.682 | INFO     |  5319 | msm.skill_entry | Downloading skill: https://github.com/mycroftai/skill-stop
2021-10-29 07:06:47.714 | INFO     |  5319 | msm.skill_entry | Installing system requirements...
2021-10-29 07:06:47.730 | INFO     |  5319 | msm.skill_entry | Installing requirements.txt for mycroft-joke
2021-10-29 07:06:47.732 | INFO     |  5319 | msm.skill_entry | Installing system requirements...
2021-10-29 07:06:47.743 | INFO     |  5319 | msm.skill_entry | Installing system requirements...
2021-10-29 07:06:47.745 | INFO     |  5319 | msm.skill_entry | Installing system requirements...
2021-10-29 07:06:47.745 | INFO     |  5319 | msm.skill_entry | Installing system requirements...
2021-10-29 07:06:47.767 | INFO     |  5319 | msm.skill_entry | Successfully installed mycroft-playback-control
2021-10-29 07:06:47.774 | INFO     |  5319 | msm.mycroft_skills_manager | invalidating skills cache
2021-10-29 07:06:47.775 | INFO     |  5319 | msm.skill_entry | Downloading skill: https://github.com/mycroftai/skill-support
2021-10-29 07:06:47.849 | INFO     |  5319 | msm.skill_entry | Installing system requirements...
2021-10-29 07:06:47.868 | INFO     |  5319 | msm.skill_entry | Successfully installed mycroft-naptime
2021-10-29 07:06:47.868 | INFO     |  5319 | msm.mycroft_skills_manager | invalidating skills cache
2021-10-29 07:06:47.869 | INFO     |  5319 | msm.skill_entry | Downloading skill: https://github.com/mycroftai/mycroft-timer
2021-10-29 07:06:47.968 | INFO     |  5319 | msm.skill_entry | Installing system requirements...
2021-10-29 07:06:47.981 | INFO     |  5319 | msm.skill_entry | Successfully installed mycroft-hello-world
2021-10-29 07:06:47.982 | INFO     |  5319 | msm.mycroft_skills_manager | invalidating skills cache
2021-10-29 07:06:47.984 | INFO     |  5319 | msm.skill_entry | Downloading skill: https://github.com/mycroftai/skill-weather
2021-10-29 07:06:48.014 | INFO     |  5319 | msm.skill_entry | Installing requirements.txt for mycroft-audio-record
2021-10-29 07:06:48.054 | INFO     |  5319 | msm.skill_entry | Successfully installed mycroft-speak
2021-10-29 07:06:48.054 | INFO     |  5319 | msm.mycroft_skills_manager | invalidating skills cache
2021-10-29 07:06:48.055 | INFO     |  5319 | msm.skill_entry | Downloading skill: https://github.com/mycroftai/skill-version-checker
2021-10-29 07:06:48.056 | INFO     |  5319 | msm.skill_entry | Installing system requirements...
2021-10-29 07:06:48.064 | INFO     |  5319 | msm.skill_entry | Installing system requirements...
2021-10-29 07:06:48.066 | INFO     |  5319 | msm.skill_entry | Installing system requirements...
2021-10-29 07:06:48.068 | INFO     |  5319 | msm.skill_entry | Installing system requirements...
2021-10-29 07:06:48.078 | INFO     |  5319 | msm.skill_entry | Installing requirements.txt for mycroft-fallback-duck-duck-go
2021-10-29 07:06:48.113 | INFO     |  5319 | msm.skill_entry | Installing system requirements...
2021-10-29 07:06:48.167 | INFO     |  5319 | msm.skill_entry | Successfully installed mycroft-reminder
2021-10-29 07:06:48.167 | INFO     |  5319 | msm.mycroft_skills_manager | invalidating skills cache
2021-10-29 07:06:48.168 | INFO     |  5319 | msm.skill_entry | Downloading skill: https://github.com/mycroftai/skill-wiki
2021-10-29 07:06:48.176 | INFO     |  5319 | msm.skill_entry | Installing requirements.txt for fallback-wolfram-alpha
2021-10-29 07:06:48.185 | INFO     |  5319 | msm.skill_entry | Installing requirements.txt for mycroft-date-time
2021-10-29 07:06:48.190 | INFO     |  5319 | msm.skill_entry | Installing requirements.txt for mycroft-npr-news
2021-10-29 07:06:48.210 | INFO     |  5319 | msm.skill_entry | Successfully installed mycroft-personal
2021-10-29 07:06:48.210 | INFO     |  5319 | msm.mycroft_skills_manager | invalidating skills cache
2021-10-29 07:06:48.211 | INFO     |  5319 | msm.skill_entry | Downloading skill: https://github.com/MycroftAI/skill-query
2021-10-29 07:06:48.216 | INFO     |  5319 | msm.skill_entry | Installing system requirements...
2021-10-29 07:06:48.244 | INFO     |  5319 | msm.skill_entry | Installing requirements.txt for mycroft-configuration
2021-10-29 07:06:48.246 | INFO     |  5319 | msm.skill_entry | Installing requirements.txt for mycroft-installer
2021-10-29 07:06:48.322 | INFO     |  5319 | msm.skill_entry | Installing system requirements...
2021-10-29 07:06:48.375 | INFO     |  5319 | msm.skill_entry | Successfully installed mycroft-spelling
2021-10-29 07:06:48.375 | INFO     |  5319 | msm.mycroft_skills_manager | invalidating skills cache
2021-10-29 07:06:48.384 | INFO     |  5319 | msm.skill_entry | Installing system requirements...
2021-10-29 07:06:48.454 | INFO     |  5319 | msm.skill_entry | Installing requirements.txt for mycroft-alarm
2021-10-29 07:06:48.742 | ERROR    |  5319 | msm.mycroft_skills_manager | Error running install_or_update on homeassistant: MergeConflict
2021-10-29 07:06:48.930 | INFO     |  5319 | msm.skill_entry | Installing system requirements...
2021-10-29 07:06:48.953 | INFO     |  5319 | msm.skill_entry | Installing system requirements...
2021-10-29 07:06:49.004 | INFO     |  5319 | msm.skill_entry | Successfully installed mycroft-stop
2021-10-29 07:06:49.018 | INFO     |  5319 | msm.mycroft_skills_manager | invalidating skills cache
2021-10-29 07:06:49.067 | INFO     |  5319 | msm.skill_entry | Installing requirements.txt for mycroft-support-helper
2021-10-29 07:06:49.104 | INFO     |  5319 | msm.skill_entry | Installing system requirements...
2021-10-29 07:06:49.167 | INFO     |  5319 | msm.skill_entry | Successfully installed fallback-query
2021-10-29 07:06:49.167 | INFO     |  5319 | msm.mycroft_skills_manager | invalidating skills cache
2021-10-29 07:06:49.189 | INFO     |  5319 | msm.skill_entry | Installing system requirements...
2021-10-29 07:06:49.208 | INFO     |  5319 | msm.skill_entry | Installing system requirements...
2021-10-29 07:06:49.229 | INFO     |  5319 | msm.skill_entry | Installing system requirements...
2021-10-29 07:06:49.237 | INFO     |  5319 | msm.skill_entry | Successfully installed mycroft-version-checker
2021-10-29 07:06:49.237 | INFO     |  5319 | msm.mycroft_skills_manager | invalidating skills cache
2021-10-29 07:06:49.274 | INFO     |  5319 | msm.skill_entry | Installing requirements.txt for mycroft-wiki
2021-10-29 07:06:49.295 | INFO     |  5319 | msm.skill_entry | Successfully installed mycroft-timer
2021-10-29 07:06:49.295 | INFO     |  5319 | msm.mycroft_skills_manager | invalidating skills cache
2021-10-29 07:06:49.544 | INFO     |  5319 | msm.skill_entry | Installing system requirements...
2021-10-29 07:06:49.568 | INFO     |  5319 | msm.skill_entry | Installing system requirements...
2021-10-29 07:06:49.581 | INFO     |  5319 | msm.skill_entry | Installing requirements.txt for mycroft-weather
2021-10-29 07:06:49.590 | INFO     |  5319 | msm.skill_entry | Successfully installed mycroft-singing
2021-10-29 07:06:49.590 | INFO     |  5319 | msm.mycroft_skills_manager | invalidating skills cache
2021-10-29 07:06:50.395 | INFO     |  5319 | msm.skill_entry | Successfully installed mycroft-ip
2021-10-29 07:06:50.395 | INFO     |  5319 | msm.mycroft_skills_manager | invalidating skills cache
2021-10-29 07:06:51.422 | INFO     |  5319 | msm.skill_entry | Successfully installed mycroft-joke
2021-10-29 07:06:51.422 | INFO     |  5319 | msm.mycroft_skills_manager | invalidating skills cache
2021-10-29 07:06:52.249 | INFO     |  5319 | msm.skill_entry | Successfully installed mycroft-audio-record
2021-10-29 07:06:52.250 | INFO     |  5319 | msm.mycroft_skills_manager | invalidating skills cache
2021-10-29 07:06:53.189 | INFO     |  5319 | msm.skill_entry | Successfully installed mycroft-fallback-duck-duck-go
2021-10-29 07:06:53.190 | INFO     |  5319 | msm.mycroft_skills_manager | invalidating skills cache
2021-10-29 07:06:57.191 | INFO     |  5319 | msm.skill_entry | Successfully installed fallback-wolfram-alpha
2021-10-29 07:06:57.191 | INFO     |  5319 | msm.mycroft_skills_manager | invalidating skills cache
2021-10-29 07:07:11.394 | INFO     |  5319 | msm.skill_entry | Successfully installed mycroft-date-time
2021-10-29 07:07:11.395 | INFO     |  5319 | msm.mycroft_skills_manager | invalidating skills cache
2021-10-29 07:07:14.392 | INFO     |  5319 | PairingSkill | Initiating device pairing sequence...
2021-10-29 07:07:14.392 | INFO     |  5319 | PairingSkill | Retrieving pairing code from device API...
2021-10-29 07:07:14.699 | INFO     |  5319 | msm.skill_entry | Successfully installed mycroft-npr-news
2021-10-29 07:07:14.699 | INFO     |  5319 | msm.mycroft_skills_manager | invalidating skills cache
2021-10-29 07:07:14.814 | INFO     |  5319 | PairingSkill | Pairing code obtained: 9LCXE3
2021-10-29 07:07:14.814 | INFO     |  5319 | PairingSkill | Communicating pairing URL to user
2021-10-29 07:07:16.988 | INFO     |  5319 | msm.skill_entry | Successfully installed mycroft-configuration
2021-10-29 07:07:16.988 | INFO     |  5319 | msm.mycroft_skills_manager | invalidating skills cache
2021-10-29 07:07:17.868 | INFO     |  5319 | msm.skill_entry | Successfully installed mycroft-installer
2021-10-29 07:07:17.868 | INFO     |  5319 | msm.mycroft_skills_manager | invalidating skills cache
2021-10-29 07:07:18.735 | INFO     |  5319 | msm.skill_entry | Successfully installed mycroft-alarm
2021-10-29 07:07:18.735 | INFO     |  5319 | msm.mycroft_skills_manager | invalidating skills cache
2021-10-29 07:07:20.650 | INFO     |  5319 | msm.skill_entry | Successfully installed mycroft-support-helper
2021-10-29 07:07:20.651 | INFO     |  5319 | msm.mycroft_skills_manager | invalidating skills cache
2021-10-29 07:07:22.353 | INFO     |  5319 | msm.skill_entry | Successfully installed mycroft-wiki
2021-10-29 07:07:22.354 | INFO     |  5319 | msm.mycroft_skills_manager | invalidating skills cache
2021-10-29 07:07:23.318 | INFO     |  5319 | msm.skill_entry | Successfully installed mycroft-weather
2021-10-29 07:07:23.318 | INFO     |  5319 | msm.mycroft_skills_manager | invalidating skills cache
2021-10-29 07:07:23.391 | INFO     |  5319 | mycroft.skills.skill_updater:_log_next_download_time:267 | Next scheduled skill update: 2021-10-29 08:07:23.391250
2021-10-29 07:07:23.392 | INFO     |  5319 | mycroft.skills.skill_updater:update_skills:170 | Skill update complete
2021-10-29 07:07:23.392 | INFO     |  5319 | mycroft.skills.skill_manager:_load_on_startup:273 | Loading installed skills...
2021-10-29 07:07:23.393 | INFO     |  5319 | mycroft.skills.skill_loader:load:185 | ATTEMPTING TO LOAD SKILL: mycroft-ip.mycroftai
2021-10-29 07:07:23.449 | INFO     |  5319 | mycroft.skills.settings:get_local_settings:83 | /opt/mycroft/skills/mycroft-ip.mycroftai/settings.json
2021-10-29 07:07:23.458 | INFO     |  5319 | mycroft.skills.skill_loader:_check_for_first_run:324 | First run of mycroft-ip.mycroftai
2021-10-29 07:07:23.459 | INFO     |  5319 | mycroft.skills.settings:save_settings:116 | Skill settings successfully saved to /home/runner/.config/mycroft/skills/mycroft-ip.mycroftai/settings.json
2021-10-29 07:07:23.460 | INFO     |  5319 | mycroft.skills.skill_loader:_communicate_load_status:344 | Skill mycroft-ip.mycroftai loaded successfully
2021-10-29 07:07:23.461 | INFO     |  5319 | mycroft.skills.skill_loader:load:185 | ATTEMPTING TO LOAD SKILL: mycroft-reminder.mycroftai
2021-10-29 07:07:23.522 | INFO     |  5319 | mycroft.skills.settings:get_local_settings:83 | /opt/mycroft/skills/mycroft-reminder.mycroftai/settings.json
2021-10-29 07:07:23.555 | INFO     |  5319 | mycroft.skills.skill_loader:_check_for_first_run:324 | First run of mycroft-reminder.mycroftai
2021-10-29 07:07:23.555 | INFO     |  5319 | mycroft.skills.settings:save_settings:116 | Skill settings successfully saved to /home/runner/.config/mycroft/skills/mycroft-reminder.mycroftai/settings.json
2021-10-29 07:07:23.564 | INFO     |  5319 | mycroft.skills.skill_loader:_communicate_load_status:344 | Skill mycroft-reminder.mycroftai loaded successfully
2021-10-29 07:07:23.565 | INFO     |  5319 | mycroft.skills.skill_loader:load:185 | ATTEMPTING TO LOAD SKILL: mycroft-installer.mycroftai
2021-10-29 07:07:23.581 | INFO     |  5319 | mycroft.skills.settings:get_local_settings:83 | /opt/mycroft/skills/mycroft-installer.mycroftai/settings.json
2021-10-29 07:07:23.602 | INFO     |  5319 | mycroft.skills.skill_loader:_check_for_first_run:324 | First run of mycroft-installer.mycroftai
2021-10-29 07:07:23.602 | INFO     |  5319 | mycroft.skills.settings:save_settings:116 | Skill settings successfully saved to /home/runner/.config/mycroft/skills/mycroft-installer.mycroftai/settings.json
2021-10-29 07:07:23.605 | INFO     |  5319 | mycroft.skills.skill_loader:_communicate_load_status:344 | Skill mycroft-installer.mycroftai loaded successfully
2021-10-29 07:07:23.605 | INFO     |  5319 | mycroft.skills.skill_loader:load:185 | ATTEMPTING TO LOAD SKILL: mycroft-version-checker.mycroftai
2021-10-29 07:07:23.609 | INFO     |  5319 | mycroft.skills.settings:get_local_settings:83 | /opt/mycroft/skills/mycroft-version-checker.mycroftai/settings.json
2021-10-29 07:07:23.621 | INFO     |  5319 | mycroft.skills.skill_loader:_check_for_first_run:324 | First run of mycroft-version-checker.mycroftai
2021-10-29 07:07:23.622 | INFO     |  5319 | mycroft.skills.settings:save_settings:116 | Skill settings successfully saved to /home/runner/.config/mycroft/skills/mycroft-version-checker.mycroftai/settings.json
2021-10-29 07:07:23.623 | INFO     |  5319 | mycroft.skills.skill_loader:_communicate_load_status:344 | Skill mycroft-version-checker.mycroftai loaded successfully
2021-10-29 07:07:23.631 | INFO     |  5319 | mycroft.skills.skill_loader:load:185 | ATTEMPTING TO LOAD SKILL: mycroft-singing.mycroftai
2021-10-29 07:07:23.634 | INFO     |  5319 | mycroft.skills.settings:get_local_settings:83 | /opt/mycroft/skills/mycroft-singing.mycroftai/settings.json
2021-10-29 07:07:23.654 | INFO     |  5319 | mycroft.skills.skill_loader:_check_for_first_run:324 | First run of mycroft-singing.mycroftai
2021-10-29 07:07:23.655 | INFO     |  5319 | mycroft.skills.settings:save_settings:116 | Skill settings successfully saved to /home/runner/.config/mycroft/skills/mycroft-singing.mycroftai/settings.json
2021-10-29 07:07:23.655 | INFO     |  5319 | mycroft.skills.skill_loader:_communicate_load_status:344 | Skill mycroft-singing.mycroftai loaded successfully
2021-10-29 07:07:23.664 | INFO     |  5319 | mycroft.skills.skill_loader:load:185 | ATTEMPTING TO LOAD SKILL: mycroft-joke.mycroftai
2021-10-29 07:07:23.674 | INFO     |  5319 | mycroft.skills.settings:get_local_settings:83 | /opt/mycroft/skills/mycroft-joke.mycroftai/settings.json
2021-10-29 07:07:23.698 | INFO     |  5319 | mycroft.skills.skill_loader:_check_for_first_run:324 | First run of mycroft-joke.mycroftai
2021-10-29 07:07:23.699 | INFO     |  5319 | mycroft.skills.settings:save_settings:116 | Skill settings successfully saved to /home/runner/.config/mycroft/skills/mycroft-joke.mycroftai/settings.json
2021-10-29 07:07:23.705 | INFO     |  5319 | mycroft.skills.skill_loader:_communicate_load_status:344 | Skill mycroft-joke.mycroftai loaded successfully
2021-10-29 07:07:23.706 | INFO     |  5319 | mycroft.skills.skill_loader:load:185 | ATTEMPTING TO LOAD SKILL: mycroft-timer.mycroftai
2021-10-29 07:07:23.728 | INFO     |  5319 | mycroft.skills.settings:get_local_settings:83 | /opt/mycroft/skills/mycroft-timer.mycroftai/settings.json
2021-10-29 07:07:23.781 | INFO     |  5319 | mycroft.skills.skill_loader:_check_for_first_run:324 | First run of mycroft-timer.mycroftai
2021-10-29 07:07:23.782 | INFO     |  5319 | mycroft.skills.settings:save_settings:116 | Skill settings successfully saved to /home/runner/.config/mycroft/skills/mycroft-timer.mycroftai/settings.json
2021-10-29 07:07:23.783 | INFO     |  5319 | mycroft.skills.skill_loader:_communicate_load_status:344 | Skill mycroft-timer.mycroftai loaded successfully
2021-10-29 07:07:23.802 | INFO     |  5319 | mycroft.skills.skill_loader:load:185 | ATTEMPTING TO LOAD SKILL: homeassistant.mycroftai
2021-10-29 07:07:24.097 | INFO     |  5319 | mycroft.skills.settings:get_local_settings:83 | /opt/mycroft/skills/homeassistant.mycroftai/settings.json
2021-10-29 07:07:24.098 | INFO     |  5319 | mycroft.skills.settings:get_local_settings:83 | /opt/mycroft/skills/homeassistant.mycroftai/settings.json
2021-10-29 07:07:24.174 | INFO     |  5319 | mycroft.skills.skill_loader:_communicate_load_status:344 | Skill homeassistant.mycroftai loaded successfully
2021-10-29 07:07:24.175 | INFO     |  5319 | mycroft.skills.skill_loader:load:185 | ATTEMPTING TO LOAD SKILL: mycroft-alarm.mycroftai
2021-10-29 07:07:24.193 | INFO     |  5319 | mycroft.skills.settings:get_local_settings:83 | /opt/mycroft/skills/mycroft-alarm.mycroftai/settings.json
2021-10-29 07:07:24.194 | ERROR    |  5319 | AlarmSkill | Couldn't allocate mixer, ALSAAudioError('No such file or directory [default]')
2021-10-29 07:07:24.228 | INFO     |  5319 | mycroft.skills.skill_loader:_check_for_first_run:324 | First run of mycroft-alarm.mycroftai
2021-10-29 07:07:24.230 | INFO     |  5319 | mycroft.skills.settings:save_settings:116 | Skill settings successfully saved to /home/runner/.config/mycroft/skills/mycroft-alarm.mycroftai/settings.json
2021-10-29 07:07:24.415 | INFO     |  5319 | mycroft.skills.skill_loader:_communicate_load_status:344 | Skill mycroft-alarm.mycroftai loaded successfully
2021-10-29 07:07:24.416 | INFO     |  5319 | mycroft.skills.skill_loader:load:185 | ATTEMPTING TO LOAD SKILL: mycroft-naptime.mycroftai
2021-10-29 07:07:24.420 | INFO     |  5319 | mycroft.skills.settings:get_local_settings:83 | /opt/mycroft/skills/mycroft-naptime.mycroftai/settings.json
2021-10-29 07:07:24.438 | INFO     |  5319 | mycroft.skills.skill_loader:_check_for_first_run:324 | First run of mycroft-naptime.mycroftai
2021-10-29 07:07:24.438 | INFO     |  5319 | mycroft.skills.settings:save_settings:116 | Skill settings successfully saved to /home/runner/.config/mycroft/skills/mycroft-naptime.mycroftai/settings.json
2021-10-29 07:07:24.446 | INFO     |  5319 | mycroft.skills.skill_loader:_communicate_load_status:344 | Skill mycroft-naptime.mycroftai loaded successfully
2021-10-29 07:07:24.447 | INFO     |  5319 | mycroft.skills.skill_loader:load:185 | ATTEMPTING TO LOAD SKILL: mycroft-spelling.mycroftai
2021-10-29 07:07:24.455 | INFO     |  5319 | mycroft.skills.settings:get_local_settings:83 | /opt/mycroft/skills/mycroft-spelling.mycroftai/settings.json
2021-10-29 07:07:24.478 | INFO     |  5319 | mycroft.skills.skill_loader:_check_for_first_run:324 | First run of mycroft-spelling.mycroftai
2021-10-29 07:07:24.478 | INFO     |  5319 | mycroft.skills.settings:save_settings:116 | Skill settings successfully saved to /home/runner/.config/mycroft/skills/mycroft-spelling.mycroftai/settings.json
2021-10-29 07:07:24.508 | INFO     |  5319 | mycroft.skills.skill_loader:_communicate_load_status:344 | Skill mycroft-spelling.mycroftai loaded successfully
2021-10-29 07:07:24.509 | INFO     |  5319 | mycroft.skills.skill_loader:load:185 | ATTEMPTING TO LOAD SKILL: mycroft-fallback-duck-duck-go.mycroftai
2021-10-29 07:07:24.527 | INFO     |  5319 | mycroft.skills.settings:get_local_settings:83 | /opt/mycroft/skills/mycroft-fallback-duck-duck-go.mycroftai/settings.json
2021-10-29 07:07:24.556 | INFO     |  5319 | mycroft.skills.skill_loader:_check_for_first_run:324 | First run of mycroft-fallback-duck-duck-go.mycroftai
2021-10-29 07:07:24.557 | INFO     |  5319 | mycroft.skills.settings:save_settings:116 | Skill settings successfully saved to /home/runner/.config/mycroft/skills/mycroft-fallback-duck-duck-go.mycroftai/settings.json
2021-10-29 07:07:24.608 | INFO     |  5319 | mycroft.skills.skill_loader:_communicate_load_status:344 | Skill mycroft-fallback-duck-duck-go.mycroftai loaded successfully
2021-10-29 07:07:24.608 | INFO     |  5319 | mycroft.skills.skill_loader:load:185 | ATTEMPTING TO LOAD SKILL: mycroft-npr-news.mycroftai
2021-10-29 07:07:24.653 | INFO     |  5319 | mycroft.skills.settings:get_local_settings:83 | /opt/mycroft/skills/mycroft-npr-news.mycroftai/settings.json
2021-10-29 07:07:25.682 | INFO     |  5319 | mycroft.skills.skill_loader:_check_for_first_run:324 | First run of mycroft-npr-news.mycroftai
2021-10-29 07:07:25.684 | INFO     |  5319 | mycroft.skills.settings:save_settings:116 | Skill settings successfully saved to /home/runner/.config/mycroft/skills/mycroft-npr-news.mycroftai/settings.json
2021-10-29 07:07:25.701 | INFO     |  5319 | mycroft.skills.skill_loader:_communicate_load_status:344 | Skill mycroft-npr-news.mycroftai loaded successfully
2021-10-29 07:07:25.701 | INFO     |  5319 | mycroft.skills.skill_loader:load:185 | ATTEMPTING TO LOAD SKILL: mycroft-support-helper.mycroftai
2021-10-29 07:07:25.709 | INFO     |  5319 | mycroft.skills.settings:get_local_settings:83 | /opt/mycroft/skills/mycroft-support-helper.mycroftai/settings.json
2021-10-29 07:07:25.716 | INFO     |  5319 | mycroft.skills.skill_loader:_check_for_first_run:324 | First run of mycroft-support-helper.mycroftai
2021-10-29 07:07:25.717 | INFO     |  5319 | mycroft.skills.settings:save_settings:116 | Skill settings successfully saved to /home/runner/.config/mycroft/skills/mycroft-support-helper.mycroftai/settings.json
2021-10-29 07:07:25.717 | INFO     |  5319 | mycroft.skills.skill_loader:_communicate_load_status:344 | Skill mycroft-support-helper.mycroftai loaded successfully
2021-10-29 07:07:25.719 | INFO     |  5319 | mycroft.skills.skill_loader:load:185 | ATTEMPTING TO LOAD SKILL: mycroft-weather.mycroftai
2021-10-29 07:07:25.735 | INFO     |  5319 | mycroft.skills.settings:get_local_settings:83 | /opt/mycroft/skills/mycroft-weather.mycroftai/settings.json
2021-10-29 07:07:25.837 | INFO     |  5319 | mycroft.skills.skill_loader:_check_for_first_run:324 | First run of mycroft-weather.mycroftai
2021-10-29 07:07:25.838 | INFO     |  5319 | mycroft.skills.settings:save_settings:116 | Skill settings successfully saved to /home/runner/.config/mycroft/skills/mycroft-weather.mycroftai/settings.json
2021-10-29 07:07:25.843 | INFO     |  5319 | mycroft.skills.skill_loader:_communicate_load_status:344 | Skill mycroft-weather.mycroftai loaded successfully
2021-10-29 07:07:25.844 | INFO     |  5319 | mycroft.skills.skill_loader:load:185 | ATTEMPTING TO LOAD SKILL: mycroft-speak.mycroftai
2021-10-29 07:07:25.847 | INFO     |  5319 | mycroft.skills.settings:get_local_settings:83 | /opt/mycroft/skills/mycroft-speak.mycroftai/settings.json
2021-10-29 07:07:25.859 | INFO     |  5319 | mycroft.skills.skill_loader:_check_for_first_run:324 | First run of mycroft-speak.mycroftai
2021-10-29 07:07:25.860 | INFO     |  5319 | mycroft.skills.settings:save_settings:116 | Skill settings successfully saved to /home/runner/.config/mycroft/skills/mycroft-speak.mycroftai/settings.json
2021-10-29 07:07:25.895 | INFO     |  5319 | mycroft.skills.skill_loader:_communicate_load_status:344 | Skill mycroft-speak.mycroftai loaded successfully
2021-10-29 07:07:25.896 | INFO     |  5319 | mycroft.skills.skill_loader:load:185 | ATTEMPTING TO LOAD SKILL: mycroft-audio-record.mycroftai
2021-10-29 07:07:25.902 | INFO     |  5319 | mycroft.skills.settings:get_local_settings:83 | /opt/mycroft/skills/mycroft-audio-record.mycroftai/settings.json
2021-10-29 07:07:25.937 | INFO     |  5319 | mycroft.skills.skill_loader:_check_for_first_run:324 | First run of mycroft-audio-record.mycroftai
2021-10-29 07:07:25.939 | INFO     |  5319 | mycroft.skills.settings:save_settings:116 | Skill settings successfully saved to /home/runner/.config/mycroft/skills/mycroft-audio-record.mycroftai/settings.json
2021-10-29 07:07:25.947 | INFO     |  5319 | mycroft.skills.skill_loader:_communicate_load_status:344 | Skill mycroft-audio-record.mycroftai loaded successfully
2021-10-29 07:07:25.947 | INFO     |  5319 | mycroft.skills.skill_loader:load:185 | ATTEMPTING TO LOAD SKILL: mycroft-stop.mycroftai
2021-10-29 07:07:25.952 | INFO     |  5319 | mycroft.skills.settings:get_local_settings:83 | /opt/mycroft/skills/mycroft-stop.mycroftai/settings.json
2021-10-29 07:07:25.968 | INFO     |  5319 | mycroft.skills.skill_loader:_check_for_first_run:324 | First run of mycroft-stop.mycroftai
2021-10-29 07:07:25.971 | INFO     |  5319 | mycroft.skills.settings:save_settings:116 | Skill settings successfully saved to /home/runner/.config/mycroft/skills/mycroft-stop.mycroftai/settings.json
2021-10-29 07:07:26.007 | INFO     |  5319 | mycroft.skills.skill_loader:_communicate_load_status:344 | Skill mycroft-stop.mycroftai loaded successfully
2021-10-29 07:07:26.008 | INFO     |  5319 | mycroft.skills.skill_loader:load:185 | ATTEMPTING TO LOAD SKILL: mycroft-hello-world.mycroftai
2021-10-29 07:07:26.014 | INFO     |  5319 | mycroft.skills.settings:get_local_settings:83 | /opt/mycroft/skills/mycroft-hello-world.mycroftai/settings.json
2021-10-29 07:07:26.040 | INFO     |  5319 | mycroft.skills.skill_loader:_check_for_first_run:324 | First run of mycroft-hello-world.mycroftai
2021-10-29 07:07:26.044 | INFO     |  5319 | mycroft.skills.settings:save_settings:116 | Skill settings successfully saved to /home/runner/.config/mycroft/skills/mycroft-hello-world.mycroftai/settings.json
2021-10-29 07:07:26.048 | INFO     |  5319 | mycroft.skills.skill_loader:_communicate_load_status:344 | Skill mycroft-hello-world.mycroftai loaded successfully
2021-10-29 07:07:26.049 | INFO     |  5319 | mycroft.skills.skill_loader:load:185 | ATTEMPTING TO LOAD SKILL: mycroft-date-time.mycroftai
2021-10-29 07:07:26.676 | INFO     |  5319 | mycroft.skills.settings:get_local_settings:83 | /opt/mycroft/skills/mycroft-date-time.mycroftai/settings.json
2021-10-29 07:07:26.714 | INFO     |  5319 | TimeSkill | Registering resting screen <bound method TimeSkill.handle_idle of <mycroft-date-time_mycroftai.TimeSkill object at 0x7f7e08895250>> for Time and Date.
2021-10-29 07:07:26.719 | INFO     |  5319 | TimeSkill | Registering resting screen
2021-10-29 07:07:26.744 | INFO     |  5319 | mycroft.skills.skill_loader:_check_for_first_run:324 | First run of mycroft-date-time.mycroftai
2021-10-29 07:07:26.748 | INFO     |  5319 | mycroft.skills.settings:save_settings:116 | Skill settings successfully saved to /home/runner/.config/mycroft/skills/mycroft-date-time.mycroftai/settings.json
2021-10-29 07:07:26.761 | INFO     |  5319 | mycroft.skills.skill_loader:_communicate_load_status:344 | Skill mycroft-date-time.mycroftai loaded successfully
2021-10-29 07:07:26.763 | INFO     |  5319 | mycroft.skills.skill_loader:load:185 | ATTEMPTING TO LOAD SKILL: mycroft-configuration.mycroftai
2021-10-29 07:07:26.772 | INFO     |  5319 | mycroft.skills.settings:get_local_settings:83 | /opt/mycroft/skills/mycroft-configuration.mycroftai/settings.json
2021-10-29 07:07:26.800 | INFO     |  5319 | mycroft.skills.skill_loader:_check_for_first_run:324 | First run of mycroft-configuration.mycroftai
2021-10-29 07:07:26.800 | INFO     |  5319 | mycroft.skills.settings:save_settings:116 | Skill settings successfully saved to /home/runner/.config/mycroft/skills/mycroft-configuration.mycroftai/settings.json
2021-10-29 07:07:26.802 | INFO     |  5319 | mycroft.skills.skill_loader:_communicate_load_status:344 | Skill mycroft-configuration.mycroftai loaded successfully
2021-10-29 07:07:26.803 | INFO     |  5319 | mycroft.skills.skill_loader:load:185 | ATTEMPTING TO LOAD SKILL: fallback-query.mycroftai
2021-10-29 07:07:26.812 | INFO     |  5319 | mycroft.skills.settings:get_local_settings:83 | /opt/mycroft/skills/fallback-query.mycroftai/settings.json
2021-10-29 07:07:26.861 | INFO     |  5319 | mycroft.skills.skill_loader:_check_for_first_run:324 | First run of fallback-query.mycroftai
2021-10-29 07:07:26.862 | INFO     |  5319 | mycroft.skills.settings:save_settings:116 | Skill settings successfully saved to /home/runner/.config/mycroft/skills/fallback-query.mycroftai/settings.json
2021-10-29 07:07:26.866 | INFO     |  5319 | mycroft.skills.skill_loader:_communicate_load_status:344 | Skill fallback-query.mycroftai loaded successfully
2021-10-29 07:07:26.866 | INFO     |  5319 | mycroft.skills.skill_loader:load:185 | ATTEMPTING TO LOAD SKILL: mycroft-personal.mycroftai
2021-10-29 07:07:26.870 | INFO     |  5319 | mycroft.skills.settings:get_local_settings:83 | /opt/mycroft/skills/mycroft-personal.mycroftai/settings.json
2021-10-29 07:07:26.890 | INFO     |  5319 | mycroft.skills.skill_loader:_check_for_first_run:324 | First run of mycroft-personal.mycroftai
2021-10-29 07:07:26.891 | INFO     |  5319 | mycroft.skills.settings:save_settings:116 | Skill settings successfully saved to /home/runner/.config/mycroft/skills/mycroft-personal.mycroftai/settings.json
2021-10-29 07:07:26.895 | INFO     |  5319 | mycroft.skills.skill_loader:_communicate_load_status:344 | Skill mycroft-personal.mycroftai loaded successfully
2021-10-29 07:07:26.896 | INFO     |  5319 | mycroft.skills.skill_loader:load:185 | ATTEMPTING TO LOAD SKILL: fallback-wolfram-alpha.mycroftai
2021-10-29 07:07:26.920 | INFO     |  5319 | mycroft.skills.settings:get_local_settings:83 | /opt/mycroft/skills/fallback-wolfram-alpha.mycroftai/settings.json
2021-10-29 07:07:26.937 | INFO     |  5319 | mycroft.skills.skill_loader:_check_for_first_run:324 | First run of fallback-wolfram-alpha.mycroftai
2021-10-29 07:07:26.939 | INFO     |  5319 | mycroft.skills.settings:save_settings:116 | Skill settings successfully saved to /home/runner/.config/mycroft/skills/fallback-wolfram-alpha.mycroftai/settings.json
2021-10-29 07:07:26.957 | INFO     |  5319 | mycroft.skills.skill_loader:_communicate_load_status:344 | Skill fallback-wolfram-alpha.mycroftai loaded successfully
2021-10-29 07:07:26.958 | INFO     |  5319 | mycroft.skills.skill_loader:load:185 | ATTEMPTING TO LOAD SKILL: mycroft-wiki.mycroftai
2021-10-29 07:07:26.964 | INFO     |  5319 | mycroft.skills.settings:get_local_settings:83 | /opt/mycroft/skills/mycroft-wiki.mycroftai/settings.json
2021-10-29 07:07:26.995 | INFO     |  5319 | mycroft.skills.skill_loader:_check_for_first_run:324 | First run of mycroft-wiki.mycroftai
2021-10-29 07:07:26.995 | INFO     |  5319 | mycroft.skills.settings:save_settings:116 | Skill settings successfully saved to /home/runner/.config/mycroft/skills/mycroft-wiki.mycroftai/settings.json
2021-10-29 07:07:26.999 | INFO     |  5319 | mycroft.skills.skill_loader:_communicate_load_status:344 | Skill mycroft-wiki.mycroftai loaded successfully
2021-10-29 07:07:27.000 | INFO     |  5319 | mycroft.skills.skill_loader:load:185 | ATTEMPTING TO LOAD SKILL: fallback-unknown.mycroftai
2021-10-29 07:07:27.003 | INFO     |  5319 | mycroft.skills.settings:get_local_settings:83 | /opt/mycroft/skills/fallback-unknown.mycroftai/settings.json
2021-10-29 07:07:27.009 | INFO     |  5319 | mycroft.skills.skill_loader:_check_for_first_run:324 | First run of fallback-unknown.mycroftai
2021-10-29 07:07:27.009 | INFO     |  5319 | mycroft.skills.settings:save_settings:116 | Skill settings successfully saved to /home/runner/.config/mycroft/skills/fallback-unknown.mycroftai/settings.json
2021-10-29 07:07:27.011 | INFO     |  5319 | mycroft.skills.skill_loader:_communicate_load_status:344 | Skill fallback-unknown.mycroftai loaded successfully
2021-10-29 07:07:27.011 | INFO     |  5319 | mycroft.skills.skill_loader:load:185 | ATTEMPTING TO LOAD SKILL: mycroft-playback-control.mycroftai
2021-10-29 07:07:27.204 | INFO     |  5319 | mycroft.skills.settings:get_local_settings:83 | /opt/mycroft/skills/mycroft-playback-control.mycroftai/settings.json
2021-10-29 07:07:27.243 | INFO     |  5319 | mycroft.skills.skill_loader:_check_for_first_run:324 | First run of mycroft-playback-control.mycroftai
2021-10-29 07:07:27.283 | INFO     |  5319 | mycroft.skills.settings:save_settings:116 | Skill settings successfully saved to /home/runner/.config/mycroft/skills/mycroft-playback-control.mycroftai/settings.json
2021-10-29 07:07:27.284 | INFO     |  5319 | mycroft.skills.skill_loader:_communicate_load_status:344 | Skill mycroft-playback-control.mycroftai loaded successfully
2021-10-29 07:07:27.285 | INFO     |  5319 | mycroft.skills.skill_manager:_load_on_startup:275 | Skills all loaded!
2021-10-29 07:07:27.293 | INFO     |  5319 | mycroft.skills.intent_services.padatious_service:train:151 | Training... (single_thread=False)
2021-10-29 07:07:27.383 | INFO     |  5319 | __main__:on_ready:185 | Skills service is ready.
Regenerated mycroft-alarm.mycroftai:{daytype}.
Regenerated mycroft-reminder.mycroftai:CancelActiveReminder.intent.
Regenerated mycroft-installer.mycroftai:remove.intent.
Regenerated mycroft-installer.mycroftai:list.skills.intent.
Regenerated mycroft-installer.mycroftai:is.installed.intent.
Regenerated mycroft-installer.mycroftai:install.custom.intent.
Regenerated mycroft-installer.mycroftai:install.intent.
Regenerated mycroft-installer.mycroftai:install.beta.intent.
Regenerated mycroft-timer.mycroftai:timer.status.intent.
Regenerated mycroft-timer.mycroftai:start.timer.intent.
Regenerated homeassistant.mycroftai:set.climate.intent.
Regenerated homeassistant.mycroftai:cover.stop.intent.
Regenerated homeassistant.mycroftai:turn.on.intent.
Regenerated homeassistant.mycroftai:cover.open.intent.
Regenerated homeassistant.mycroftai:toggle.intent.
Regenerated homeassistant.mycroftai:turn.off.intent.
Regenerated homeassistant.mycroftai:tracker.intent.
Regenerated mycroft-alarm.mycroftai:change.alarm.sound.intent.
Regenerated mycroft-npr-news.mycroftai:PlayTheNews.intent.
Regenerated mycroft-support-helper.mycroftai:contact.support.intent.
Regenerated mycroft-weather.mycroftai:do-i-need-an-umbrella.intent.
Regenerated mycroft-audio-record.mycroftai:PlayRecording.intent.
Regenerated mycroft-audio-record.mycroftai:StartRecording.intent.
Regenerated mycroft-stop.mycroftai:reboot.intent.
Regenerated mycroft-stop.mycroftai:wifi.setup.intent.
Regenerated mycroft-stop.mycroftai:ssh.disable.intent.
Regenerated mycroft-stop.mycroftai:shutdown.intent.
Regenerated mycroft-stop.mycroftai:ssh.enable.intent.
Regenerated mycroft-hello-world.mycroftai:HowAreYou.intent.
Regenerated mycroft-date-time.mycroftai:date.future.weekend.intent.
Regenerated mycroft-date-time.mycroftai:date.last.weekend.intent.
Regenerated mycroft-date-time.mycroftai:what.time.is.it.intent.
Regenerated mycroft-date-time.mycroftai:what.time.will.it.be.intent.
Regenerated mycroft-configuration.mycroftai:DisablePreciseDev.intent.
Regenerated mycroft-configuration.mycroftai:EnablePreciseDev.intent.
Regenerated mycroft-configuration.mycroftai:WhereAreYou.intent.
Regenerated mycroft-personal.mycroftai:WhatAreYou.intent.
Regenerated mycroft-personal.mycroftai:DoYouRhyme.intent.
Regenerated mycroft-personal.mycroftai:WhoAreYou.intent.
Regenerated mycroft-personal.mycroftai:DoYouDream.intent.
Regenerated mycroft-personal.mycroftai:WhoMadeYou.intent.
Regenerated mycroft-personal.mycroftai:WhenWereYouBorn.intent.
Regenerated mycroft-personal.mycroftai:WhereWereYouBorn.intent.
Regenerated mycroft-wiki.mycroftai:Random.intent.
Regenerated mycroft-reminder.mycroftai:Reminder.intent.
Regenerated mycroft-reminder.mycroftai:GetRemindersForDay.intent.
Regenerated mycroft-reminder.mycroftai:DeleteReminderForDay.intent.
Regenerated mycroft-reminder.mycroftai:ClearReminders.intent.
Regenerated mycroft-reminder.mycroftai:ReminderAt.intent.
Regenerated mycroft-reminder.mycroftai:UnspecifiedReminderAt.intent.
Regenerated mycroft-reminder.mycroftai:SnoozeReminder.intent.
Regenerated mycroft-reminder.mycroftai:GetNextReminders.intent.
Regenerated homeassistant.mycroftai:sensor.intent.
Regenerated homeassistant.mycroftai:automation.intent.
Regenerated homeassistant.mycroftai:decrease.light.brightness.intent.
Regenerated homeassistant.mycroftai:cover.close.intent.
Regenerated homeassistant.mycroftai:add.item.shopping.list.intent.
Regenerated homeassistant.mycroftai:set.light.brightness.intent.
Regenerated homeassistant.mycroftai:increase.light.brightness.intent.
Regenerated mycroft-alarm.mycroftai:snooze.intent.
2021-10-29 07:07:32.414 | INFO     |  5319 | mycroft.skills.intent_services.padatious_service:train:153 | Training complete.
2021-10-29 07:07:43.912 | INFO     |  5319 | mycroft.skills.settings:save_settings:116 | Skill settings successfully saved to /home/runner/.config/mycroft/skills/mycroft-timer.mycroftai/settings.json
2021-10-29 07:07:45.333 | INFO     |  5319 | mycroft.skills.settings:save_settings:116 | Skill settings successfully saved to /home/runner/.config/mycroft/skills/mycroft-pairing.mycroftai/settings.json
2021-10-29 07:08:15.385 | INFO     |  5319 | __main__:on_stopping:193 | Skills service is shutting down...
2021-10-29 07:08:15.385 | INFO     |  5319 | __main__:shutdown:284 | Shutting down Skills service
2021-10-29 07:08:15.488 | ERROR    |  5319 | VolumeSkill | Couldn't allocate mixer, ALSAAudioError('No such file or directory [default]')
2021-10-29 07:08:15.489 | INFO     |  5319 | mycroft.skills.settings:save_settings:116 | Skill settings successfully saved to /home/runner/.config/mycroft/skills/mycroft-volume.mycroftai/settings.json
2021-10-29 07:08:15.492 | INFO     |  5319 | mycroft.skills.settings:save_settings:116 | Skill settings successfully saved to /home/runner/.config/mycroft/skills/mycroft-ip.mycroftai/settings.json
2021-10-29 07:08:15.500 | INFO     |  5319 | mycroft.skills.settings:save_settings:116 | Skill settings successfully saved to /home/runner/.config/mycroft/skills/mycroft-reminder.mycroftai/settings.json
2021-10-29 07:08:15.510 | INFO     |  5319 | mycroft.skills.settings:save_settings:116 | Skill settings successfully saved to /home/runner/.config/mycroft/skills/mycroft-installer.mycroftai/settings.json
2021-10-29 07:08:15.532 | INFO     |  5319 | mycroft.skills.settings:save_settings:116 | Skill settings successfully saved to /home/runner/.config/mycroft/skills/mycroft-version-checker.mycroftai/settings.json
2021-10-29 07:08:15.534 | INFO     |  5319 | mycroft.skills.settings:save_settings:116 | Skill settings successfully saved to /home/runner/.config/mycroft/skills/mycroft-singing.mycroftai/settings.json
2021-10-29 07:08:15.535 | INFO     |  5319 | mycroft.skills.settings:save_settings:116 | Skill settings successfully saved to /home/runner/.config/mycroft/skills/mycroft-joke.mycroftai/settings.json
2021-10-29 07:08:15.537 | INFO     |  5319 | HomeAssistantSkill | Removing all handlers...
2021-10-29 07:08:15.543 | WARNING  |  5319 | mycroft.skills.fallback_skill:remove_fallback:185 | Could not find matching fallback handler
2021-10-29 07:08:15.553 | INFO     |  5319 | mycroft.skills.settings:save_settings:116 | Skill settings successfully saved to /home/runner/.config/mycroft/skills/mycroft-alarm.mycroftai/settings.json
2021-10-29 07:08:15.563 | INFO     |  5319 | mycroft.skills.settings:save_settings:116 | Skill settings successfully saved to /home/runner/.config/mycroft/skills/mycroft-naptime.mycroftai/settings.json
2021-10-29 07:08:15.564 | INFO     |  5319 | mycroft.skills.settings:save_settings:116 | Skill settings successfully saved to /home/runner/.config/mycroft/skills/mycroft-spelling.mycroftai/settings.json
2021-10-29 07:08:15.565 | INFO     |  5319 | mycroft.skills.settings:save_settings:116 | Skill settings successfully saved to /home/runner/.config/mycroft/skills/mycroft-fallback-duck-duck-go.mycroftai/settings.json
2021-10-29 07:08:15.578 | INFO     |  5319 | mycroft.skills.settings:save_settings:116 | Skill settings successfully saved to /home/runner/.config/mycroft/skills/mycroft-npr-news.mycroftai/settings.json
2021-10-29 07:08:15.584 | INFO     |  5319 | mycroft.skills.settings:save_settings:116 | Skill settings successfully saved to /home/runner/.config/mycroft/skills/mycroft-support-helper.mycroftai/settings.json
2021-10-29 07:08:15.589 | INFO     |  5319 | mycroft.skills.settings:save_settings:116 | Skill settings successfully saved to /home/runner/.config/mycroft/skills/mycroft-weather.mycroftai/settings.json
2021-10-29 07:08:15.590 | INFO     |  5319 | mycroft.skills.settings:save_settings:116 | Skill settings successfully saved to /home/runner/.config/mycroft/skills/mycroft-speak.mycroftai/settings.json
2021-10-29 07:08:15.591 | INFO     |  5319 | mycroft.skills.settings:save_settings:116 | Skill settings successfully saved to /home/runner/.config/mycroft/skills/mycroft-audio-record.mycroftai/settings.json
2021-10-29 07:08:15.592 | INFO     |  5319 | mycroft.skills.settings:save_settings:116 | Skill settings successfully saved to /home/runner/.config/mycroft/skills/mycroft-stop.mycroftai/settings.json
2021-10-29 07:08:15.597 | INFO     |  5319 | mycroft.skills.settings:save_settings:116 | Skill settings successfully saved to /home/runner/.config/mycroft/skills/mycroft-hello-world.mycroftai/settings.json
2021-10-29 07:08:15.617 | INFO     |  5319 | mycroft.skills.settings:save_settings:116 | Skill settings successfully saved to /home/runner/.config/mycroft/skills/mycroft-date-time.mycroftai/settings.json
2021-10-29 07:08:15.623 | INFO     |  5319 | mycroft.skills.settings:save_settings:116 | Skill settings successfully saved to /home/runner/.config/mycroft/skills/mycroft-configuration.mycroftai/settings.json
2021-10-29 07:08:15.624 | INFO     |  5319 | QuestionsAnswersSkill | Removing all handlers...
2021-10-29 07:08:15.625 | INFO     |  5319 | mycroft.skills.settings:save_settings:116 | Skill settings successfully saved to /home/runner/.config/mycroft/skills/fallback-query.mycroftai/settings.json
2021-10-29 07:08:15.626 | INFO     |  5319 | mycroft.skills.settings:save_settings:116 | Skill settings successfully saved to /home/runner/.config/mycroft/skills/mycroft-personal.mycroftai/settings.json
2021-10-29 07:08:15.627 | INFO     |  5319 | mycroft.skills.settings:save_settings:116 | Skill settings successfully saved to /home/runner/.config/mycroft/skills/fallback-wolfram-alpha.mycroftai/settings.json
2021-10-29 07:08:15.628 | INFO     |  5319 | mycroft.skills.settings:save_settings:116 | Skill settings successfully saved to /home/runner/.config/mycroft/skills/mycroft-wiki.mycroftai/settings.json
2021-10-29 07:08:15.632 | INFO     |  5319 | UnknownSkill | Removing all handlers...
2021-10-29 07:08:15.633 | INFO     |  5319 | mycroft.skills.settings:save_settings:116 | Skill settings successfully saved to /home/runner/.config/mycroft/skills/fallback-unknown.mycroftai/settings.json
2021-10-29 07:08:15.634 | INFO     |  5319 | mycroft.skills.settings:save_settings:116 | Skill settings successfully saved to /home/runner/.config/mycroft/skills/mycroft-playback-control.mycroftai/settings.json
2021-10-29 07:08:16.635 | INFO     |  5319 | Playback Control Skill | Audio service status: {}
2021-10-29 07:08:17.636 | WARNING  |  5319 | mycroft.skills.skill_manager:_shutdown_skill:106 | mycroft-playback-control.mycroftai shutdown took 2.0022491070000115 seconds
2021-10-29 07:08:17.637 | INFO     |  5319 | __main__:shutdown:291 | Skills service shutdown complete!
2021-10-29 07:08:18.593 | ERROR    |  5319 | websocket | error from callback <bound method MessageBusClient.on_message of <mycroft.messagebus.client.client.MessageBusClient object at 0x7f7e13eb6fd0>>: cannot schedule new futures after shutdown
2021-10-29 07:08:18.594 | ERROR    |  5319 | mycroft_bus_client.client.client | === RuntimeError('cannot schedule new futures after shutdown') ===
Traceback (most recent call last):
  File "/opt/mycroft-core/.venv/lib/python3.7/site-packages/websocket/_app.py", line 407, in _callback
    callback(self, *args)
  File "/opt/mycroft-core/.venv/lib/python3.7/site-packages/mycroft_bus_client/client/client.py", line 182, in on_message
    self.emitter.emit('message', message)
  File "/opt/mycroft-core/.venv/lib/python3.7/site-packages/pyee/_base.py", line 113, in emit
    handled = self._call_handlers(event, args, kwargs)
  File "/opt/mycroft-core/.venv/lib/python3.7/site-packages/pyee/_base.py", line 96, in _call_handlers
    self._emit_run(f, args, kwargs)
  File "/opt/mycroft-core/.venv/lib/python3.7/site-packages/pyee/_executor.py", line 50, in _emit_run
    future = self._executor.submit(f, *args, **kwargs)
  File "/opt/hostedtoolcache/Python/3.7.12/x64/lib/python3.7/concurrent/futures/thread.py", line 163, in submit
    raise RuntimeError('cannot schedule new futures after shutdown')
RuntimeError: cannot schedule new futures after shutdown
2021-10-29 07:08:18.595 | ERROR    |  5319 | mycroft_bus_client.client.client | Exception closing websocket: RuntimeError('cannot schedule new futures after shutdown')
2021-10-29 07:08:18.595 | WARNING  |  5319 | mycroft_bus_client.client.client | Message Bus Client will reconnect in 5.0 seconds.
