2021-10-26 14:39:20.958 | INFO     |  5780 | mycroft.messagebus.load_config:load_message_bus_config:33 | Loading message bus configs
2021-10-26 14:39:20.962 | INFO     |  5780 | mycroft_bus_client.client.client | Connected
2021-10-26 14:39:20.966 | INFO     |  5780 | mycroft.util.process_utils:start_message_bus_client:155 | Connected to messagebus
2021-10-26 14:39:20.969 | INFO     |  5780 | mycroft.skills.msm_wrapper:create_msm:96 | Acquiring lock to instantiate MSM
2021-10-26 14:39:22.624 | INFO     |  5780 | msm.mycroft_skills_manager | building SkillEntry objects for all skills
2021-10-26 14:39:23.225 | INFO     |  5780 | mycroft.skills.msm_wrapper:create_msm:112 | Releasing MSM instantiation lock.
2021-10-26 14:39:23.226 | INFO     |  5780 | mycroft.skills.skill_updater:_log_next_download_time:267 | Next scheduled skill update: 2021-10-26 14:39:22.225935
2021-10-26 14:39:23.226 | INFO     |  5780 | msm.skill_entry | Downloading skill: https://github.com/mycroftai/skill-pairing
2021-10-26 14:39:24.715 | INFO     |  5780 | msm.skill_entry | Installing system requirements...
2021-10-26 14:39:24.724 | INFO     |  5780 | msm.skill_entry | Successfully installed mycroft-pairing
2021-10-26 14:39:24.725 | INFO     |  5780 | msm.mycroft_skills_manager | invalidating skills cache
2021-10-26 14:39:24.726 | INFO     |  5780 | mycroft.skills.skill_loader:load:185 | ATTEMPTING TO LOAD SKILL: mycroft-pairing.mycroftai
2021-10-26 14:39:24.733 | INFO     |  5780 | mycroft.skills.settings:get_local_settings:83 | /opt/mycroft/skills/mycroft-pairing.mycroftai/settings.json
2021-10-26 14:39:24.749 | INFO     |  5780 | mycroft.skills.skill_loader:_check_for_first_run:324 | First run of mycroft-pairing.mycroftai
2021-10-26 14:39:24.758 | INFO     |  5780 | mycroft.skills.settings:save_settings:116 | Skill settings successfully saved to /home/runner/.config/mycroft/skills/mycroft-pairing.mycroftai/settings.json
2021-10-26 14:39:24.759 | INFO     |  5780 | mycroft.skills.skill_loader:_communicate_load_status:344 | Skill mycroft-pairing.mycroftai loaded successfully
2021-10-26 14:39:24.760 | INFO     |  5780 | msm.skill_entry | Downloading skill: https://github.com/mycroftai/skill-volume
2021-10-26 14:39:26.065 | INFO     |  5780 | msm.skill_entry | Installing system requirements...
2021-10-26 14:39:26.075 | INFO     |  5780 | msm.skill_entry | Installing requirements.txt for mycroft-volume
2021-10-26 14:39:27.148 | INFO     |  5780 | msm.skill_entry | Successfully installed mycroft-volume
2021-10-26 14:39:27.148 | INFO     |  5780 | msm.mycroft_skills_manager | invalidating skills cache
2021-10-26 14:39:27.149 | INFO     |  5780 | mycroft.skills.skill_loader:load:185 | ATTEMPTING TO LOAD SKILL: mycroft-volume.mycroftai
2021-10-26 14:39:27.166 | INFO     |  5780 | mycroft.skills.settings:get_local_settings:83 | /opt/mycroft/skills/mycroft-volume.mycroftai/settings.json
2021-10-26 14:39:27.305 | ERROR    |  5780 | VolumeSkill | Couldn't allocate mixer, ALSAAudioError('No such file or directory [default]')
2021-10-26 14:39:30.312 | INFO     |  5780 | mycroft.skills.skill_loader:_check_for_first_run:324 | First run of mycroft-volume.mycroftai
2021-10-26 14:39:30.313 | INFO     |  5780 | mycroft.skills.settings:save_settings:116 | Skill settings successfully saved to /home/runner/.config/mycroft/skills/mycroft-volume.mycroftai/settings.json
2021-10-26 14:39:30.313 | INFO     |  5780 | mycroft.skills.skill_loader:_communicate_load_status:344 | Skill mycroft-volume.mycroftai loaded successfully
2021-10-26 14:39:30.314 | INFO     |  5780 | __main__:on_started:177 | Skills service is starting up.
2021-10-26 14:39:30.395 | INFO     |  5780 | __main__:_update_system:154 | Attempting system update...
2021-10-26 14:39:33.403 | INFO     |  5780 | mycroft.enclosure.display_manager:_write_data:70 | Display Manager is creating /tmp/mycroft/ipc/managers/disp_info
2021-10-26 14:39:33.403 | INFO     |  5780 | __main__:_ensure_device_is_paired:133 | Device not paired, invoking the pairing skill
2021-10-26 14:39:33.406 | INFO     |  5780 | __main__:on_alive:181 | Skills service is alive.
2021-10-26 14:39:33.411 | INFO     |  5780 | msm.mycroft_skills_manager | building SkillEntry objects for all skills
2021-10-26 14:39:33.991 | INFO     |  5780 | PairingSkill | Communicating account URL to user
2021-10-26 14:39:34.182 | WARNING  |  5780 | msm.mycroft_skills_manager | No such default skill: mycroft-pandora
2021-10-26 14:39:34.182 | INFO     |  5780 | mycroft.skills.skill_manager:run:234 | Not all default skills are installed, performing skill update...
2021-10-26 14:39:34.183 | INFO     |  5780 | mycroft.skills.skill_updater:update_skills:149 | Beginning skill update...
2021-10-26 14:39:34.263 | INFO     |  5780 | msm.mycroft_skills_manager | building SkillEntry objects for all skills
2021-10-26 14:39:34.657 | INFO     |  5780 | msm.mycroft_skills_manager | invalidating skills cache
2021-10-26 14:39:34.697 | INFO     |  5780 | msm.skill_entry | Downloading skill: https://github.com/mycroftai/fallback-unknown
2021-10-26 14:39:34.701 | INFO     |  5780 | msm.skill_entry | Downloading skill: https://github.com/mycroftai/fallback-wolfram-alpha
2021-10-26 14:39:34.706 | INFO     |  5780 | msm.skill_entry | Downloading skill: https://github.com/mycroftai/skill-alarm
2021-10-26 14:39:34.706 | INFO     |  5780 | msm.skill_entry | Downloading skill: https://github.com/mycroftai/skill-audio-record
2021-10-26 14:39:34.707 | INFO     |  5780 | msm.skill_entry | Downloading skill: https://github.com/mycroftai/skill-configuration
2021-10-26 14:39:34.716 | INFO     |  5780 | msm.skill_entry | Downloading skill: https://github.com/mycroftai/skill-installer
2021-10-26 14:39:34.717 | INFO     |  5780 | msm.skill_entry | Downloading skill: https://github.com/mycroftai/skill-ip
2021-10-26 14:39:34.723 | INFO     |  5780 | msm.skill_entry | Downloading skill: https://github.com/mycroftai/skill-naptime
2021-10-26 14:39:34.723 | INFO     |  5780 | msm.skill_entry | Downloading skill: https://github.com/mycroftai/skill-npr-news
2021-10-26 14:39:34.724 | INFO     |  5780 | msm.skill_entry | Downloading skill: https://github.com/mycroftai/skill-personal
2021-10-26 14:39:34.724 | INFO     |  5780 | msm.skill_entry | Downloading skill: https://github.com/mycroftai/skill-playback-control
2021-10-26 14:39:34.725 | INFO     |  5780 | msm.skill_entry | Downloading skill: https://github.com/mycroftai/skill-reminder
2021-10-26 14:39:34.726 | INFO     |  5780 | msm.skill_entry | Downloading skill: https://github.com/mycroftai/skill-singing
2021-10-26 14:39:34.734 | INFO     |  5780 | msm.skill_entry | Downloading skill: https://github.com/mycroftai/skill-joke
2021-10-26 14:39:34.735 | INFO     |  5780 | msm.skill_entry | Downloading skill: https://github.com/mycroftai/fallback-duckduckgo
2021-10-26 14:39:34.735 | INFO     |  5780 | msm.skill_entry | Downloading skill: https://github.com/mycroftai/skill-hello-world
2021-10-26 14:39:34.736 | INFO     |  5780 | msm.skill_entry | Downloading skill: https://github.com/mycroftai/skill-date-time
2021-10-26 14:39:35.555 | ERROR    |  5780 | msm.mycroft_skills_manager | Error running install_or_update on homeassistant.mycroftai: MergeConflict
2021-10-26 14:39:35.559 | INFO     |  5780 | msm.skill_entry | Downloading skill: https://github.com/mycroftai/skill-speak
2021-10-26 14:39:35.840 | INFO     |  5780 | msm.skill_entry | Installing system requirements...
2021-10-26 14:39:35.855 | INFO     |  5780 | msm.skill_entry | Installing requirements.txt for mycroft-joke
2021-10-26 14:39:35.873 | INFO     |  5780 | msm.skill_entry | Installing system requirements...
2021-10-26 14:39:35.891 | INFO     |  5780 | msm.skill_entry | Installing system requirements...
2021-10-26 14:39:36.114 | INFO     |  5780 | msm.skill_entry | Successfully installed mycroft-hello-world
2021-10-26 14:39:36.115 | INFO     |  5780 | msm.mycroft_skills_manager | invalidating skills cache
2021-10-26 14:39:36.116 | INFO     |  5780 | msm.skill_entry | Downloading skill: https://github.com/mycroftai/skill-spelling
2021-10-26 14:39:36.160 | INFO     |  5780 | msm.skill_entry | Successfully installed mycroft-playback-control
2021-10-26 14:39:36.160 | INFO     |  5780 | msm.mycroft_skills_manager | invalidating skills cache
2021-10-26 14:39:36.161 | INFO     |  5780 | msm.skill_entry | Downloading skill: https://github.com/mycroftai/skill-stop
2021-10-26 14:39:36.185 | INFO     |  5780 | msm.skill_entry | Installing system requirements...
2021-10-26 14:39:36.231 | INFO     |  5780 | msm.skill_entry | Installing system requirements...
2021-10-26 14:39:36.238 | INFO     |  5780 | msm.skill_entry | Installing system requirements...
2021-10-26 14:39:36.263 | INFO     |  5780 | msm.skill_entry | Installing system requirements...
2021-10-26 14:39:36.298 | INFO     |  5780 | msm.skill_entry | Installing system requirements...
2021-10-26 14:39:36.411 | INFO     |  5780 | msm.skill_entry | Installing requirements.txt for mycroft-audio-record
2021-10-26 14:39:36.444 | INFO     |  5780 | msm.skill_entry | Nothing new for mycroft-pairing
2021-10-26 14:39:36.492 | INFO     |  5780 | msm.skill_entry | Installing requirements.txt for fallback-wolfram-alpha
2021-10-26 14:39:36.493 | INFO     |  5780 | msm.skill_entry | Installing requirements.txt for mycroft-ip
2021-10-26 14:39:36.493 | INFO     |  5780 | msm.skill_entry | Nothing new for mycroft-volume
2021-10-26 14:39:36.521 | INFO     |  5780 | msm.skill_entry | Installing system requirements...
2021-10-26 14:39:36.559 | INFO     |  5780 | msm.skill_entry | Installing requirements.txt for mycroft-fallback-duck-duck-go
2021-10-26 14:39:36.567 | INFO     |  5780 | msm.skill_entry | Installing system requirements...
2021-10-26 14:39:36.571 | INFO     |  5780 | msm.skill_entry | Installing system requirements...
2021-10-26 14:39:36.607 | INFO     |  5780 | msm.skill_entry | Successfully installed fallback-unknown
2021-10-26 14:39:36.607 | INFO     |  5780 | msm.mycroft_skills_manager | invalidating skills cache
2021-10-26 14:39:36.611 | INFO     |  5780 | msm.skill_entry | Downloading skill: https://github.com/mycroftai/skill-support
2021-10-26 14:39:36.622 | INFO     |  5780 | msm.skill_entry | Installing system requirements...
2021-10-26 14:39:36.627 | INFO     |  5780 | msm.skill_entry | Installing system requirements...
2021-10-26 14:39:36.634 | INFO     |  5780 | msm.skill_entry | Installing system requirements...
2021-10-26 14:39:36.745 | INFO     |  5780 | msm.skill_entry | Installing requirements.txt for mycroft-configuration
2021-10-26 14:39:36.783 | INFO     |  5780 | msm.skill_entry | Installing system requirements...
2021-10-26 14:39:36.789 | INFO     |  5780 | msm.skill_entry | Successfully installed mycroft-reminder
2021-10-26 14:39:36.790 | INFO     |  5780 | msm.mycroft_skills_manager | invalidating skills cache
2021-10-26 14:39:36.792 | INFO     |  5780 | msm.skill_entry | Successfully installed mycroft-naptime
2021-10-26 14:39:36.792 | INFO     |  5780 | msm.mycroft_skills_manager | invalidating skills cache
2021-10-26 14:39:36.793 | INFO     |  5780 | msm.skill_entry | Downloading skill: https://github.com/mycroftai/skill-weather
2021-10-26 14:39:36.799 | INFO     |  5780 | msm.skill_entry | Successfully installed mycroft-speak
2021-10-26 14:39:36.799 | INFO     |  5780 | msm.mycroft_skills_manager | invalidating skills cache
2021-10-26 14:39:36.802 | INFO     |  5780 | msm.skill_entry | Downloading skill: https://github.com/mycroftai/skill-wiki
2021-10-26 14:39:36.803 | INFO     |  5780 | msm.skill_entry | Downloading skill: https://github.com/mycroftai/skill-version-checker
2021-10-26 14:39:36.813 | INFO     |  5780 | msm.skill_entry | Installing requirements.txt for mycroft-volume
2021-10-26 14:39:36.815 | INFO     |  5780 | msm.skill_entry | Downloading skill: https://github.com/mycroftai/mycroft-timer
2021-10-26 14:39:36.886 | INFO     |  5780 | msm.skill_entry | Installing system requirements...
2021-10-26 14:39:36.927 | INFO     |  5780 | msm.skill_entry | Installing requirements.txt for mycroft-npr-news
2021-10-26 14:39:37.016 | INFO     |  5780 | msm.skill_entry | Successfully installed mycroft-personal
2021-10-26 14:39:37.016 | INFO     |  5780 | msm.mycroft_skills_manager | invalidating skills cache
2021-10-26 14:39:37.019 | INFO     |  5780 | msm.skill_entry | Downloading skill: https://github.com/MycroftAI/skill-query
2021-10-26 14:39:37.073 | INFO     |  5780 | msm.skill_entry | Installing system requirements...
2021-10-26 14:39:37.092 | INFO     |  5780 | msm.skill_entry | Installing system requirements...
2021-10-26 14:39:37.204 | INFO     |  5780 | msm.skill_entry | Installing requirements.txt for mycroft-date-time
2021-10-26 14:39:37.221 | INFO     |  5780 | msm.skill_entry | Installing requirements.txt for mycroft-installer
2021-10-26 14:39:38.154 | INFO     |  5780 | msm.skill_entry | Installing system requirements...
2021-10-26 14:39:38.165 | INFO     |  5780 | msm.skill_entry | Installing requirements.txt for mycroft-alarm
2021-10-26 14:39:38.561 | INFO     |  5780 | msm.skill_entry | Installing system requirements...
2021-10-26 14:39:38.784 | INFO     |  5780 | msm.skill_entry | Installing requirements.txt for mycroft-wiki
2021-10-26 14:39:38.788 | INFO     |  5780 | msm.skill_entry | Installing system requirements...
2021-10-26 14:39:38.801 | INFO     |  5780 | msm.skill_entry | Successfully installed mycroft-spelling
2021-10-26 14:39:38.801 | INFO     |  5780 | msm.mycroft_skills_manager | invalidating skills cache
2021-10-26 14:39:38.815 | INFO     |  5780 | msm.skill_entry | Installing system requirements...
2021-10-26 14:39:38.830 | INFO     |  5780 | msm.skill_entry | Installing system requirements...
2021-10-26 14:39:38.835 | INFO     |  5780 | msm.skill_entry | Installing system requirements...
2021-10-26 14:39:38.916 | INFO     |  5780 | msm.skill_entry | Installing system requirements...
2021-10-26 14:39:38.919 | INFO     |  5780 | msm.skill_entry | Successfully installed mycroft-stop
2021-10-26 14:39:38.920 | INFO     |  5780 | msm.mycroft_skills_manager | invalidating skills cache
2021-10-26 14:39:38.926 | INFO     |  5780 | msm.skill_entry | Successfully installed mycroft-version-checker
2021-10-26 14:39:38.926 | INFO     |  5780 | msm.mycroft_skills_manager | invalidating skills cache
2021-10-26 14:39:38.940 | INFO     |  5780 | msm.skill_entry | Installing requirements.txt for mycroft-support-helper
2021-10-26 14:39:38.991 | INFO     |  5780 | msm.skill_entry | Successfully installed fallback-query
2021-10-26 14:39:38.991 | INFO     |  5780 | msm.mycroft_skills_manager | invalidating skills cache
2021-10-26 14:39:39.107 | INFO     |  5780 | msm.skill_entry | Installing system requirements...
2021-10-26 14:39:39.153 | INFO     |  5780 | msm.skill_entry | Installing system requirements...
2021-10-26 14:39:39.160 | INFO     |  5780 | msm.skill_entry | Successfully installed mycroft-timer
2021-10-26 14:39:39.161 | INFO     |  5780 | msm.mycroft_skills_manager | invalidating skills cache
2021-10-26 14:39:39.199 | INFO     |  5780 | msm.skill_entry | Successfully installed mycroft-singing
2021-10-26 14:39:39.199 | INFO     |  5780 | msm.mycroft_skills_manager | invalidating skills cache
2021-10-26 14:39:39.208 | ERROR    |  5780 | msm.mycroft_skills_manager | Error running install_or_update on homeassistant: MergeConflict
2021-10-26 14:39:39.294 | INFO     |  5780 | msm.skill_entry | Installing system requirements...
2021-10-26 14:39:39.310 | INFO     |  5780 | msm.skill_entry | Installing requirements.txt for mycroft-weather
2021-10-26 14:39:39.322 | INFO     |  5780 | msm.skill_entry | Successfully installed mycroft-joke
2021-10-26 14:39:39.322 | INFO     |  5780 | msm.mycroft_skills_manager | invalidating skills cache
2021-10-26 14:39:40.224 | INFO     |  5780 | msm.skill_entry | Successfully installed mycroft-audio-record
2021-10-26 14:39:40.224 | INFO     |  5780 | msm.mycroft_skills_manager | invalidating skills cache
2021-10-26 14:39:43.793 | INFO     |  5780 | msm.skill_entry | Successfully installed fallback-wolfram-alpha
2021-10-26 14:39:43.794 | INFO     |  5780 | msm.mycroft_skills_manager | invalidating skills cache
2021-10-26 14:39:44.557 | INFO     |  5780 | msm.skill_entry | Successfully installed mycroft-ip
2021-10-26 14:39:44.558 | INFO     |  5780 | msm.mycroft_skills_manager | invalidating skills cache
2021-10-26 14:39:45.605 | INFO     |  5780 | msm.skill_entry | Successfully installed mycroft-fallback-duck-duck-go
2021-10-26 14:39:45.605 | INFO     |  5780 | msm.mycroft_skills_manager | invalidating skills cache
2021-10-26 14:39:48.098 | INFO     |  5780 | msm.skill_entry | Successfully installed mycroft-configuration
2021-10-26 14:39:48.099 | INFO     |  5780 | msm.mycroft_skills_manager | invalidating skills cache
2021-10-26 14:39:51.604 | INFO     |  5780 | msm.skill_entry | Successfully installed mycroft-npr-news
2021-10-26 14:39:51.605 | INFO     |  5780 | msm.mycroft_skills_manager | invalidating skills cache
2021-10-26 14:40:04.422 | INFO     |  5780 | PairingSkill | Initiating device pairing sequence...
2021-10-26 14:40:04.422 | INFO     |  5780 | PairingSkill | Retrieving pairing code from device API...
2021-10-26 14:40:04.790 | INFO     |  5780 | PairingSkill | Pairing code obtained: NFHXFX
2021-10-26 14:40:04.790 | INFO     |  5780 | PairingSkill | Communicating pairing URL to user
2021-10-26 14:40:06.499 | INFO     |  5780 | msm.skill_entry | Successfully installed mycroft-date-time
2021-10-26 14:40:06.499 | INFO     |  5780 | msm.mycroft_skills_manager | invalidating skills cache
2021-10-26 14:40:07.393 | INFO     |  5780 | msm.skill_entry | Successfully installed mycroft-installer
2021-10-26 14:40:07.394 | INFO     |  5780 | msm.mycroft_skills_manager | invalidating skills cache
2021-10-26 14:40:08.273 | INFO     |  5780 | msm.skill_entry | Successfully installed mycroft-alarm
2021-10-26 14:40:08.273 | INFO     |  5780 | msm.mycroft_skills_manager | invalidating skills cache
2021-10-26 14:40:10.160 | INFO     |  5780 | msm.skill_entry | Successfully installed mycroft-wiki
2021-10-26 14:40:10.161 | INFO     |  5780 | msm.mycroft_skills_manager | invalidating skills cache
2021-10-26 14:40:12.326 | INFO     |  5780 | msm.skill_entry | Successfully installed mycroft-support-helper
2021-10-26 14:40:12.326 | INFO     |  5780 | msm.mycroft_skills_manager | invalidating skills cache
2021-10-26 14:40:13.488 | INFO     |  5780 | msm.skill_entry | Successfully installed mycroft-weather
2021-10-26 14:40:13.488 | INFO     |  5780 | msm.mycroft_skills_manager | invalidating skills cache
2021-10-26 14:40:13.569 | INFO     |  5780 | mycroft.skills.skill_updater:_log_next_download_time:267 | Next scheduled skill update: 2021-10-26 15:40:13.568797
2021-10-26 14:40:13.569 | INFO     |  5780 | mycroft.skills.skill_updater:update_skills:170 | Skill update complete
2021-10-26 14:40:13.569 | INFO     |  5780 | mycroft.skills.skill_manager:_load_on_startup:273 | Loading installed skills...
2021-10-26 14:40:13.571 | INFO     |  5780 | mycroft.skills.skill_loader:load:185 | ATTEMPTING TO LOAD SKILL: mycroft-ip.mycroftai
2021-10-26 14:40:13.628 | INFO     |  5780 | mycroft.skills.settings:get_local_settings:83 | /opt/mycroft/skills/mycroft-ip.mycroftai/settings.json
2021-10-26 14:40:13.642 | INFO     |  5780 | mycroft.skills.skill_loader:_check_for_first_run:324 | First run of mycroft-ip.mycroftai
2021-10-26 14:40:13.643 | INFO     |  5780 | mycroft.skills.settings:save_settings:116 | Skill settings successfully saved to /home/runner/.config/mycroft/skills/mycroft-ip.mycroftai/settings.json
2021-10-26 14:40:13.645 | INFO     |  5780 | mycroft.skills.skill_loader:_communicate_load_status:344 | Skill mycroft-ip.mycroftai loaded successfully
2021-10-26 14:40:13.646 | INFO     |  5780 | mycroft.skills.skill_loader:load:185 | ATTEMPTING TO LOAD SKILL: mycroft-reminder.mycroftai
2021-10-26 14:40:13.666 | INFO     |  5780 | mycroft.skills.settings:get_local_settings:83 | /opt/mycroft/skills/mycroft-reminder.mycroftai/settings.json
2021-10-26 14:40:13.701 | INFO     |  5780 | mycroft.skills.skill_loader:_check_for_first_run:324 | First run of mycroft-reminder.mycroftai
2021-10-26 14:40:13.701 | INFO     |  5780 | mycroft.skills.settings:save_settings:116 | Skill settings successfully saved to /home/runner/.config/mycroft/skills/mycroft-reminder.mycroftai/settings.json
2021-10-26 14:40:13.702 | INFO     |  5780 | mycroft.skills.skill_loader:_communicate_load_status:344 | Skill mycroft-reminder.mycroftai loaded successfully
2021-10-26 14:40:13.702 | INFO     |  5780 | mycroft.skills.skill_loader:load:185 | ATTEMPTING TO LOAD SKILL: mycroft-installer.mycroftai
2021-10-26 14:40:13.718 | INFO     |  5780 | mycroft.skills.settings:get_local_settings:83 | /opt/mycroft/skills/mycroft-installer.mycroftai/settings.json
2021-10-26 14:40:13.765 | INFO     |  5780 | mycroft.skills.skill_loader:_check_for_first_run:324 | First run of mycroft-installer.mycroftai
2021-10-26 14:40:13.765 | INFO     |  5780 | mycroft.skills.settings:save_settings:116 | Skill settings successfully saved to /home/runner/.config/mycroft/skills/mycroft-installer.mycroftai/settings.json
2021-10-26 14:40:13.770 | INFO     |  5780 | mycroft.skills.skill_loader:_communicate_load_status:344 | Skill mycroft-installer.mycroftai loaded successfully
2021-10-26 14:40:13.770 | INFO     |  5780 | mycroft.skills.skill_loader:load:185 | ATTEMPTING TO LOAD SKILL: mycroft-version-checker.mycroftai
2021-10-26 14:40:13.775 | INFO     |  5780 | mycroft.skills.settings:get_local_settings:83 | /opt/mycroft/skills/mycroft-version-checker.mycroftai/settings.json
2021-10-26 14:40:13.791 | INFO     |  5780 | mycroft.skills.skill_loader:_check_for_first_run:324 | First run of mycroft-version-checker.mycroftai
2021-10-26 14:40:13.792 | INFO     |  5780 | mycroft.skills.settings:save_settings:116 | Skill settings successfully saved to /home/runner/.config/mycroft/skills/mycroft-version-checker.mycroftai/settings.json
2021-10-26 14:40:13.792 | INFO     |  5780 | mycroft.skills.skill_loader:_communicate_load_status:344 | Skill mycroft-version-checker.mycroftai loaded successfully
2021-10-26 14:40:13.794 | INFO     |  5780 | mycroft.skills.skill_loader:load:185 | ATTEMPTING TO LOAD SKILL: mycroft-singing.mycroftai
2021-10-26 14:40:13.802 | INFO     |  5780 | mycroft.skills.settings:get_local_settings:83 | /opt/mycroft/skills/mycroft-singing.mycroftai/settings.json
2021-10-26 14:40:13.818 | INFO     |  5780 | mycroft.skills.skill_loader:_check_for_first_run:324 | First run of mycroft-singing.mycroftai
2021-10-26 14:40:13.819 | INFO     |  5780 | mycroft.skills.settings:save_settings:116 | Skill settings successfully saved to /home/runner/.config/mycroft/skills/mycroft-singing.mycroftai/settings.json
2021-10-26 14:40:13.826 | INFO     |  5780 | mycroft.skills.skill_loader:_communicate_load_status:344 | Skill mycroft-singing.mycroftai loaded successfully
2021-10-26 14:40:13.828 | INFO     |  5780 | mycroft.skills.skill_loader:load:185 | ATTEMPTING TO LOAD SKILL: mycroft-joke.mycroftai
2021-10-26 14:40:13.848 | INFO     |  5780 | mycroft.skills.settings:get_local_settings:83 | /opt/mycroft/skills/mycroft-joke.mycroftai/settings.json
2021-10-26 14:40:13.864 | INFO     |  5780 | mycroft.skills.skill_loader:_check_for_first_run:324 | First run of mycroft-joke.mycroftai
2021-10-26 14:40:13.865 | INFO     |  5780 | mycroft.skills.settings:save_settings:116 | Skill settings successfully saved to /home/runner/.config/mycroft/skills/mycroft-joke.mycroftai/settings.json
2021-10-26 14:40:13.866 | INFO     |  5780 | mycroft.skills.skill_loader:_communicate_load_status:344 | Skill mycroft-joke.mycroftai loaded successfully
2021-10-26 14:40:13.867 | INFO     |  5780 | mycroft.skills.skill_loader:load:185 | ATTEMPTING TO LOAD SKILL: mycroft-timer.mycroftai
2021-10-26 14:40:13.905 | INFO     |  5780 | mycroft.skills.settings:get_local_settings:83 | /opt/mycroft/skills/mycroft-timer.mycroftai/settings.json
2021-10-26 14:40:13.980 | INFO     |  5780 | mycroft.skills.skill_loader:_check_for_first_run:324 | First run of mycroft-timer.mycroftai
2021-10-26 14:40:13.981 | INFO     |  5780 | mycroft.skills.settings:save_settings:116 | Skill settings successfully saved to /home/runner/.config/mycroft/skills/mycroft-timer.mycroftai/settings.json
2021-10-26 14:40:13.984 | INFO     |  5780 | mycroft.skills.skill_loader:_communicate_load_status:344 | Skill mycroft-timer.mycroftai loaded successfully
2021-10-26 14:40:13.987 | INFO     |  5780 | mycroft.skills.skill_loader:load:185 | ATTEMPTING TO LOAD SKILL: homeassistant.mycroftai
2021-10-26 14:40:14.284 | INFO     |  5780 | mycroft.skills.settings:get_local_settings:83 | /opt/mycroft/skills/homeassistant.mycroftai/settings.json
2021-10-26 14:40:14.285 | INFO     |  5780 | mycroft.skills.settings:get_local_settings:83 | /opt/mycroft/skills/homeassistant.mycroftai/settings.json
2021-10-26 14:40:14.310 | INFO     |  5780 | mycroft.skills.skill_loader:_communicate_load_status:344 | Skill homeassistant.mycroftai loaded successfully
2021-10-26 14:40:14.311 | INFO     |  5780 | mycroft.skills.skill_loader:load:185 | ATTEMPTING TO LOAD SKILL: mycroft-alarm.mycroftai
2021-10-26 14:40:14.329 | INFO     |  5780 | mycroft.skills.settings:get_local_settings:83 | /opt/mycroft/skills/mycroft-alarm.mycroftai/settings.json
2021-10-26 14:40:14.330 | ERROR    |  5780 | AlarmSkill | Couldn't allocate mixer, ALSAAudioError('No such file or directory [default]')
2021-10-26 14:40:14.377 | INFO     |  5780 | mycroft.skills.skill_loader:_check_for_first_run:324 | First run of mycroft-alarm.mycroftai
2021-10-26 14:40:14.378 | INFO     |  5780 | mycroft.skills.settings:save_settings:116 | Skill settings successfully saved to /home/runner/.config/mycroft/skills/mycroft-alarm.mycroftai/settings.json
2021-10-26 14:40:14.384 | INFO     |  5780 | mycroft.skills.skill_loader:_communicate_load_status:344 | Skill mycroft-alarm.mycroftai loaded successfully
2021-10-26 14:40:14.385 | INFO     |  5780 | mycroft.skills.skill_loader:load:185 | ATTEMPTING TO LOAD SKILL: mycroft-naptime.mycroftai
2021-10-26 14:40:14.390 | INFO     |  5780 | mycroft.skills.settings:get_local_settings:83 | /opt/mycroft/skills/mycroft-naptime.mycroftai/settings.json
2021-10-26 14:40:14.405 | INFO     |  5780 | mycroft.skills.skill_loader:_check_for_first_run:324 | First run of mycroft-naptime.mycroftai
2021-10-26 14:40:14.406 | INFO     |  5780 | mycroft.skills.settings:save_settings:116 | Skill settings successfully saved to /home/runner/.config/mycroft/skills/mycroft-naptime.mycroftai/settings.json
2021-10-26 14:40:14.406 | INFO     |  5780 | mycroft.skills.skill_loader:_communicate_load_status:344 | Skill mycroft-naptime.mycroftai loaded successfully
2021-10-26 14:40:14.407 | INFO     |  5780 | mycroft.skills.skill_loader:load:185 | ATTEMPTING TO LOAD SKILL: mycroft-spelling.mycroftai
2021-10-26 14:40:14.411 | INFO     |  5780 | mycroft.skills.settings:get_local_settings:83 | /opt/mycroft/skills/mycroft-spelling.mycroftai/settings.json
2021-10-26 14:40:14.419 | INFO     |  5780 | mycroft.skills.skill_loader:_check_for_first_run:324 | First run of mycroft-spelling.mycroftai
2021-10-26 14:40:14.420 | INFO     |  5780 | mycroft.skills.settings:save_settings:116 | Skill settings successfully saved to /home/runner/.config/mycroft/skills/mycroft-spelling.mycroftai/settings.json
2021-10-26 14:40:14.421 | INFO     |  5780 | mycroft.skills.skill_loader:_communicate_load_status:344 | Skill mycroft-spelling.mycroftai loaded successfully
2021-10-26 14:40:14.422 | INFO     |  5780 | mycroft.skills.skill_loader:load:185 | ATTEMPTING TO LOAD SKILL: mycroft-fallback-duck-duck-go.mycroftai
2021-10-26 14:40:14.430 | INFO     |  5780 | mycroft.skills.settings:get_local_settings:83 | /opt/mycroft/skills/mycroft-fallback-duck-duck-go.mycroftai/settings.json
2021-10-26 14:40:14.442 | INFO     |  5780 | mycroft.skills.skill_loader:_check_for_first_run:324 | First run of mycroft-fallback-duck-duck-go.mycroftai
2021-10-26 14:40:14.442 | INFO     |  5780 | mycroft.skills.settings:save_settings:116 | Skill settings successfully saved to /home/runner/.config/mycroft/skills/mycroft-fallback-duck-duck-go.mycroftai/settings.json
2021-10-26 14:40:14.445 | INFO     |  5780 | mycroft.skills.skill_loader:_communicate_load_status:344 | Skill mycroft-fallback-duck-duck-go.mycroftai loaded successfully
2021-10-26 14:40:14.446 | INFO     |  5780 | mycroft.skills.skill_loader:load:185 | ATTEMPTING TO LOAD SKILL: mycroft-npr-news.mycroftai
2021-10-26 14:40:14.555 | INFO     |  5780 | mycroft.skills.settings:get_local_settings:83 | /opt/mycroft/skills/mycroft-npr-news.mycroftai/settings.json
2021-10-26 14:40:15.586 | INFO     |  5780 | mycroft.skills.skill_loader:_check_for_first_run:324 | First run of mycroft-npr-news.mycroftai
2021-10-26 14:40:15.603 | INFO     |  5780 | mycroft.skills.settings:save_settings:116 | Skill settings successfully saved to /home/runner/.config/mycroft/skills/mycroft-npr-news.mycroftai/settings.json
2021-10-26 14:40:15.604 | INFO     |  5780 | mycroft.skills.skill_loader:_communicate_load_status:344 | Skill mycroft-npr-news.mycroftai loaded successfully
2021-10-26 14:40:15.604 | INFO     |  5780 | mycroft.skills.skill_loader:load:185 | ATTEMPTING TO LOAD SKILL: mycroft-support-helper.mycroftai
2021-10-26 14:40:15.611 | INFO     |  5780 | mycroft.skills.settings:get_local_settings:83 | /opt/mycroft/skills/mycroft-support-helper.mycroftai/settings.json
2021-10-26 14:40:15.618 | INFO     |  5780 | mycroft.skills.skill_loader:_check_for_first_run:324 | First run of mycroft-support-helper.mycroftai
2021-10-26 14:40:15.618 | INFO     |  5780 | mycroft.skills.settings:save_settings:116 | Skill settings successfully saved to /home/runner/.config/mycroft/skills/mycroft-support-helper.mycroftai/settings.json
2021-10-26 14:40:15.619 | INFO     |  5780 | mycroft.skills.skill_loader:_communicate_load_status:344 | Skill mycroft-support-helper.mycroftai loaded successfully
2021-10-26 14:40:15.619 | INFO     |  5780 | mycroft.skills.skill_loader:load:185 | ATTEMPTING TO LOAD SKILL: mycroft-weather.mycroftai
2021-10-26 14:40:15.636 | INFO     |  5780 | mycroft.skills.settings:get_local_settings:83 | /opt/mycroft/skills/mycroft-weather.mycroftai/settings.json
2021-10-26 14:40:15.723 | INFO     |  5780 | mycroft.skills.skill_loader:_check_for_first_run:324 | First run of mycroft-weather.mycroftai
2021-10-26 14:40:15.727 | INFO     |  5780 | mycroft.skills.settings:save_settings:116 | Skill settings successfully saved to /home/runner/.config/mycroft/skills/mycroft-weather.mycroftai/settings.json
2021-10-26 14:40:15.730 | INFO     |  5780 | mycroft.skills.skill_loader:_communicate_load_status:344 | Skill mycroft-weather.mycroftai loaded successfully
2021-10-26 14:40:15.730 | INFO     |  5780 | mycroft.skills.skill_loader:load:185 | ATTEMPTING TO LOAD SKILL: mycroft-speak.mycroftai
2021-10-26 14:40:15.781 | INFO     |  5780 | mycroft.skills.settings:get_local_settings:83 | /opt/mycroft/skills/mycroft-speak.mycroftai/settings.json
2021-10-26 14:40:15.839 | INFO     |  5780 | mycroft.skills.skill_loader:_check_for_first_run:324 | First run of mycroft-speak.mycroftai
2021-10-26 14:40:15.839 | INFO     |  5780 | mycroft.skills.settings:save_settings:116 | Skill settings successfully saved to /home/runner/.config/mycroft/skills/mycroft-speak.mycroftai/settings.json
2021-10-26 14:40:15.841 | INFO     |  5780 | mycroft.skills.skill_loader:_communicate_load_status:344 | Skill mycroft-speak.mycroftai loaded successfully
2021-10-26 14:40:15.841 | INFO     |  5780 | mycroft.skills.skill_loader:load:185 | ATTEMPTING TO LOAD SKILL: mycroft-audio-record.mycroftai
2021-10-26 14:40:15.846 | INFO     |  5780 | mycroft.skills.settings:get_local_settings:83 | /opt/mycroft/skills/mycroft-audio-record.mycroftai/settings.json
2021-10-26 14:40:15.873 | INFO     |  5780 | mycroft.skills.skill_loader:_check_for_first_run:324 | First run of mycroft-audio-record.mycroftai
2021-10-26 14:40:15.874 | INFO     |  5780 | mycroft.skills.settings:save_settings:116 | Skill settings successfully saved to /home/runner/.config/mycroft/skills/mycroft-audio-record.mycroftai/settings.json
2021-10-26 14:40:15.882 | INFO     |  5780 | mycroft.skills.skill_loader:_communicate_load_status:344 | Skill mycroft-audio-record.mycroftai loaded successfully
2021-10-26 14:40:15.882 | INFO     |  5780 | mycroft.skills.skill_loader:load:185 | ATTEMPTING TO LOAD SKILL: mycroft-stop.mycroftai
2021-10-26 14:40:15.895 | INFO     |  5780 | mycroft.skills.settings:get_local_settings:83 | /opt/mycroft/skills/mycroft-stop.mycroftai/settings.json
2021-10-26 14:40:15.938 | INFO     |  5780 | mycroft.skills.skill_loader:_check_for_first_run:324 | First run of mycroft-stop.mycroftai
2021-10-26 14:40:15.939 | INFO     |  5780 | mycroft.skills.settings:save_settings:116 | Skill settings successfully saved to /home/runner/.config/mycroft/skills/mycroft-stop.mycroftai/settings.json
2021-10-26 14:40:15.943 | INFO     |  5780 | mycroft.skills.skill_loader:_communicate_load_status:344 | Skill mycroft-stop.mycroftai loaded successfully
2021-10-26 14:40:15.944 | INFO     |  5780 | mycroft.skills.skill_loader:load:185 | ATTEMPTING TO LOAD SKILL: mycroft-hello-world.mycroftai
2021-10-26 14:40:15.947 | INFO     |  5780 | mycroft.skills.settings:get_local_settings:83 | /opt/mycroft/skills/mycroft-hello-world.mycroftai/settings.json
2021-10-26 14:40:15.961 | INFO     |  5780 | mycroft.skills.skill_loader:_check_for_first_run:324 | First run of mycroft-hello-world.mycroftai
2021-10-26 14:40:15.962 | INFO     |  5780 | mycroft.skills.settings:save_settings:116 | Skill settings successfully saved to /home/runner/.config/mycroft/skills/mycroft-hello-world.mycroftai/settings.json
2021-10-26 14:40:16.004 | INFO     |  5780 | mycroft.skills.skill_loader:_communicate_load_status:344 | Skill mycroft-hello-world.mycroftai loaded successfully
2021-10-26 14:40:16.005 | INFO     |  5780 | mycroft.skills.skill_loader:load:185 | ATTEMPTING TO LOAD SKILL: mycroft-date-time.mycroftai
2021-10-26 14:40:16.367 | INFO     |  5780 | mycroft.skills.settings:get_local_settings:83 | /opt/mycroft/skills/mycroft-date-time.mycroftai/settings.json
2021-10-26 14:40:16.409 | INFO     |  5780 | TimeSkill | Registering resting screen <bound method TimeSkill.handle_idle of <mycroft-date-time_mycroftai.TimeSkill object at 0x7f5860293310>> for Time and Date.
2021-10-26 14:40:16.410 | INFO     |  5780 | TimeSkill | Registering resting screen
2021-10-26 14:40:16.416 | INFO     |  5780 | mycroft.skills.skill_loader:_check_for_first_run:324 | First run of mycroft-date-time.mycroftai
2021-10-26 14:40:16.417 | INFO     |  5780 | mycroft.skills.settings:save_settings:116 | Skill settings successfully saved to /home/runner/.config/mycroft/skills/mycroft-date-time.mycroftai/settings.json
2021-10-26 14:40:16.459 | INFO     |  5780 | mycroft.skills.skill_loader:_communicate_load_status:344 | Skill mycroft-date-time.mycroftai loaded successfully
2021-10-26 14:40:16.461 | INFO     |  5780 | mycroft.skills.skill_loader:load:185 | ATTEMPTING TO LOAD SKILL: mycroft-configuration.mycroftai
2021-10-26 14:40:16.466 | INFO     |  5780 | mycroft.skills.settings:get_local_settings:83 | /opt/mycroft/skills/mycroft-configuration.mycroftai/settings.json
2021-10-26 14:40:16.487 | INFO     |  5780 | mycroft.skills.skill_loader:_check_for_first_run:324 | First run of mycroft-configuration.mycroftai
2021-10-26 14:40:16.488 | INFO     |  5780 | mycroft.skills.settings:save_settings:116 | Skill settings successfully saved to /home/runner/.config/mycroft/skills/mycroft-configuration.mycroftai/settings.json
2021-10-26 14:40:16.518 | INFO     |  5780 | mycroft.skills.skill_loader:_communicate_load_status:344 | Skill mycroft-configuration.mycroftai loaded successfully
2021-10-26 14:40:16.519 | INFO     |  5780 | mycroft.skills.skill_loader:load:185 | ATTEMPTING TO LOAD SKILL: fallback-query.mycroftai
2021-10-26 14:40:16.531 | INFO     |  5780 | mycroft.skills.settings:get_local_settings:83 | /opt/mycroft/skills/fallback-query.mycroftai/settings.json
2021-10-26 14:40:16.545 | INFO     |  5780 | mycroft.skills.skill_loader:_check_for_first_run:324 | First run of fallback-query.mycroftai
2021-10-26 14:40:16.546 | INFO     |  5780 | mycroft.skills.settings:save_settings:116 | Skill settings successfully saved to /home/runner/.config/mycroft/skills/fallback-query.mycroftai/settings.json
2021-10-26 14:40:16.550 | INFO     |  5780 | mycroft.skills.skill_loader:_communicate_load_status:344 | Skill fallback-query.mycroftai loaded successfully
2021-10-26 14:40:16.550 | INFO     |  5780 | mycroft.skills.skill_loader:load:185 | ATTEMPTING TO LOAD SKILL: mycroft-personal.mycroftai
2021-10-26 14:40:16.555 | INFO     |  5780 | mycroft.skills.settings:get_local_settings:83 | /opt/mycroft/skills/mycroft-personal.mycroftai/settings.json
2021-10-26 14:40:16.572 | INFO     |  5780 | mycroft.skills.skill_loader:_check_for_first_run:324 | First run of mycroft-personal.mycroftai
2021-10-26 14:40:16.575 | INFO     |  5780 | mycroft.skills.settings:save_settings:116 | Skill settings successfully saved to /home/runner/.config/mycroft/skills/mycroft-personal.mycroftai/settings.json
2021-10-26 14:40:16.612 | INFO     |  5780 | mycroft.skills.skill_loader:_communicate_load_status:344 | Skill mycroft-personal.mycroftai loaded successfully
2021-10-26 14:40:16.613 | INFO     |  5780 | mycroft.skills.skill_loader:load:185 | ATTEMPTING TO LOAD SKILL: fallback-wolfram-alpha.mycroftai
2021-10-26 14:40:16.638 | INFO     |  5780 | mycroft.skills.settings:get_local_settings:83 | /opt/mycroft/skills/fallback-wolfram-alpha.mycroftai/settings.json
2021-10-26 14:40:16.650 | INFO     |  5780 | mycroft.skills.skill_loader:_check_for_first_run:324 | First run of fallback-wolfram-alpha.mycroftai
2021-10-26 14:40:16.651 | INFO     |  5780 | mycroft.skills.settings:save_settings:116 | Skill settings successfully saved to /home/runner/.config/mycroft/skills/fallback-wolfram-alpha.mycroftai/settings.json
2021-10-26 14:40:16.656 | INFO     |  5780 | mycroft.skills.skill_loader:_communicate_load_status:344 | Skill fallback-wolfram-alpha.mycroftai loaded successfully
2021-10-26 14:40:16.656 | INFO     |  5780 | mycroft.skills.skill_loader:load:185 | ATTEMPTING TO LOAD SKILL: mycroft-wiki.mycroftai
2021-10-26 14:40:16.662 | INFO     |  5780 | mycroft.skills.settings:get_local_settings:83 | /opt/mycroft/skills/mycroft-wiki.mycroftai/settings.json
2021-10-26 14:40:16.680 | INFO     |  5780 | mycroft.skills.skill_loader:_check_for_first_run:324 | First run of mycroft-wiki.mycroftai
2021-10-26 14:40:16.681 | INFO     |  5780 | mycroft.skills.settings:save_settings:116 | Skill settings successfully saved to /home/runner/.config/mycroft/skills/mycroft-wiki.mycroftai/settings.json
2021-10-26 14:40:16.694 | INFO     |  5780 | mycroft.skills.skill_loader:_communicate_load_status:344 | Skill mycroft-wiki.mycroftai loaded successfully
2021-10-26 14:40:16.694 | INFO     |  5780 | mycroft.skills.skill_loader:load:185 | ATTEMPTING TO LOAD SKILL: fallback-unknown.mycroftai
2021-10-26 14:40:16.698 | INFO     |  5780 | mycroft.skills.settings:get_local_settings:83 | /opt/mycroft/skills/fallback-unknown.mycroftai/settings.json
2021-10-26 14:40:16.710 | INFO     |  5780 | mycroft.skills.skill_loader:_check_for_first_run:324 | First run of fallback-unknown.mycroftai
2021-10-26 14:40:16.711 | INFO     |  5780 | mycroft.skills.settings:save_settings:116 | Skill settings successfully saved to /home/runner/.config/mycroft/skills/fallback-unknown.mycroftai/settings.json
2021-10-26 14:40:16.756 | INFO     |  5780 | mycroft.skills.skill_loader:_communicate_load_status:344 | Skill fallback-unknown.mycroftai loaded successfully
2021-10-26 14:40:16.757 | INFO     |  5780 | mycroft.skills.skill_loader:load:185 | ATTEMPTING TO LOAD SKILL: mycroft-playback-control.mycroftai
2021-10-26 14:40:16.765 | INFO     |  5780 | mycroft.skills.settings:get_local_settings:83 | /opt/mycroft/skills/mycroft-playback-control.mycroftai/settings.json
2021-10-26 14:40:16.792 | INFO     |  5780 | mycroft.skills.skill_loader:_check_for_first_run:324 | First run of mycroft-playback-control.mycroftai
2021-10-26 14:40:16.793 | INFO     |  5780 | mycroft.skills.settings:save_settings:116 | Skill settings successfully saved to /home/runner/.config/mycroft/skills/mycroft-playback-control.mycroftai/settings.json
2021-10-26 14:40:16.800 | INFO     |  5780 | mycroft.skills.skill_loader:_communicate_load_status:344 | Skill mycroft-playback-control.mycroftai loaded successfully
2021-10-26 14:40:16.801 | INFO     |  5780 | mycroft.skills.skill_manager:_load_on_startup:275 | Skills all loaded!
2021-10-26 14:40:16.846 | INFO     |  5780 | mycroft.skills.intent_services.padatious_service:train:151 | Training... (single_thread=False)
2021-10-26 14:40:16.900 | INFO     |  5780 | __main__:on_ready:185 | Skills service is ready.
Regenerated mycroft-alarm.mycroftai:{daytype}.
Regenerated mycroft-reminder.mycroftai:UnspecifiedReminderAt.intent.
Regenerated mycroft-reminder.mycroftai:SnoozeReminder.intent.
Regenerated mycroft-installer.mycroftai:install.beta.intent.
Regenerated mycroft-installer.mycroftai:install.custom.intent.
Regenerated mycroft-installer.mycroftai:install.intent.
Regenerated mycroft-installer.mycroftai:list.skills.intent.
Regenerated mycroft-installer.mycroftai:remove.intent.
Regenerated mycroft-installer.mycroftai:is.installed.intent.
Regenerated mycroft-timer.mycroftai:start.timer.intent.
Regenerated mycroft-timer.mycroftai:timer.status.intent.
Regenerated homeassistant.mycroftai:tracker.intent.
Regenerated homeassistant.mycroftai:turn.on.intent.
Regenerated homeassistant.mycroftai:sensor.intent.
Regenerated homeassistant.mycroftai:add.item.shopping.list.intent.
Regenerated mycroft-alarm.mycroftai:snooze.intent.
Regenerated mycroft-alarm.mycroftai:change.alarm.sound.intent.
Regenerated mycroft-npr-news.mycroftai:PlayTheNews.intent.
Regenerated mycroft-support-helper.mycroftai:contact.support.intent.
Regenerated mycroft-weather.mycroftai:do-i-need-an-umbrella.intent.
Regenerated mycroft-audio-record.mycroftai:StartRecording.intent.
Regenerated mycroft-stop.mycroftai:reboot.intent.
Regenerated mycroft-stop.mycroftai:ssh.disable.intent.
Regenerated mycroft-stop.mycroftai:wifi.setup.intent.
Regenerated mycroft-stop.mycroftai:shutdown.intent.
Regenerated mycroft-stop.mycroftai:ssh.enable.intent.
Regenerated mycroft-audio-record.mycroftai:PlayRecording.intent.
Regenerated mycroft-hello-world.mycroftai:HowAreYou.intent.
Regenerated mycroft-date-time.mycroftai:date.last.weekend.intent.
Regenerated mycroft-personal.mycroftai:DoYouDream.intent.
Regenerated mycroft-personal.mycroftai:WhenWereYouBorn.intent.
Regenerated mycroft-personal.mycroftai:DoYouRhyme.intent.
Regenerated mycroft-personal.mycroftai:WhoAreYou.intent.
Regenerated mycroft-personal.mycroftai:WhatAreYou.intent.
Regenerated mycroft-personal.mycroftai:WhoMadeYou.intent.
Regenerated mycroft-wiki.mycroftai:Random.intent.
Regenerated mycroft-reminder.mycroftai:ClearReminders.intent.
Regenerated mycroft-reminder.mycroftai:Reminder.intent.
Regenerated mycroft-reminder.mycroftai:GetNextReminders.intent.
Regenerated mycroft-reminder.mycroftai:ReminderAt.intent.
Regenerated mycroft-reminder.mycroftai:CancelActiveReminder.intent.
Regenerated mycroft-reminder.mycroftai:GetRemindersForDay.intent.
Regenerated mycroft-reminder.mycroftai:DeleteReminderForDay.intent.
Regenerated homeassistant.mycroftai:automation.intent.
Regenerated homeassistant.mycroftai:decrease.light.brightness.intent.
Regenerated homeassistant.mycroftai:toggle.intent.
Regenerated homeassistant.mycroftai:increase.light.brightness.intent.
Regenerated homeassistant.mycroftai:turn.off.intent.
Regenerated homeassistant.mycroftai:set.light.brightness.intent.
Regenerated homeassistant.mycroftai:set.climate.intent.
Regenerated mycroft-date-time.mycroftai:what.time.is.it.intent.
Regenerated mycroft-date-time.mycroftai:date.future.weekend.intent.
Regenerated mycroft-date-time.mycroftai:what.time.will.it.be.intent.
Regenerated mycroft-configuration.mycroftai:WhereAreYou.intent.
Regenerated mycroft-configuration.mycroftai:DisablePreciseDev.intent.
Regenerated mycroft-configuration.mycroftai:EnablePreciseDev.intent.
Regenerated mycroft-personal.mycroftai:WhereWereYouBorn.intent.
2021-10-26 14:40:21.506 | INFO     |  5780 | mycroft.skills.intent_services.padatious_service:train:153 | Training complete.
2021-10-26 14:40:34.245 | INFO     |  5780 | mycroft.skills.settings:save_settings:116 | Skill settings successfully saved to /home/runner/.config/mycroft/skills/mycroft-timer.mycroftai/settings.json
2021-10-26 14:40:35.338 | INFO     |  5780 | mycroft.skills.settings:save_settings:116 | Skill settings successfully saved to /home/runner/.config/mycroft/skills/mycroft-pairing.mycroftai/settings.json
2021-10-26 14:40:56.146 | INFO     |  5780 | __main__:on_stopping:193 | Skills service is shutting down...
2021-10-26 14:40:56.148 | INFO     |  5780 | __main__:shutdown:284 | Shutting down Skills service
2021-10-26 14:40:56.628 | ERROR    |  5780 | VolumeSkill | Couldn't allocate mixer, ALSAAudioError('No such file or directory [default]')
2021-10-26 14:40:56.629 | INFO     |  5780 | mycroft.skills.settings:save_settings:116 | Skill settings successfully saved to /home/runner/.config/mycroft/skills/mycroft-volume.mycroftai/settings.json
2021-10-26 14:40:56.631 | INFO     |  5780 | mycroft.skills.settings:save_settings:116 | Skill settings successfully saved to /home/runner/.config/mycroft/skills/mycroft-ip.mycroftai/settings.json
2021-10-26 14:40:56.632 | INFO     |  5780 | mycroft.skills.settings:save_settings:116 | Skill settings successfully saved to /home/runner/.config/mycroft/skills/mycroft-reminder.mycroftai/settings.json
2021-10-26 14:40:56.652 | INFO     |  5780 | mycroft.skills.settings:save_settings:116 | Skill settings successfully saved to /home/runner/.config/mycroft/skills/mycroft-installer.mycroftai/settings.json
2021-10-26 14:40:56.658 | INFO     |  5780 | mycroft.skills.settings:save_settings:116 | Skill settings successfully saved to /home/runner/.config/mycroft/skills/mycroft-version-checker.mycroftai/settings.json
2021-10-26 14:40:56.670 | INFO     |  5780 | mycroft.skills.settings:save_settings:116 | Skill settings successfully saved to /home/runner/.config/mycroft/skills/mycroft-singing.mycroftai/settings.json
2021-10-26 14:40:56.680 | INFO     |  5780 | mycroft.skills.settings:save_settings:116 | Skill settings successfully saved to /home/runner/.config/mycroft/skills/mycroft-joke.mycroftai/settings.json
2021-10-26 14:40:56.688 | INFO     |  5780 | HomeAssistantSkill | Removing all handlers...
2021-10-26 14:40:56.688 | WARNING  |  5780 | mycroft.skills.fallback_skill:remove_fallback:185 | Could not find matching fallback handler
2021-10-26 14:40:56.689 | INFO     |  5780 | mycroft.skills.settings:save_settings:116 | Skill settings successfully saved to /home/runner/.config/mycroft/skills/mycroft-alarm.mycroftai/settings.json
2021-10-26 14:40:56.696 | INFO     |  5780 | mycroft.skills.settings:save_settings:116 | Skill settings successfully saved to /home/runner/.config/mycroft/skills/mycroft-naptime.mycroftai/settings.json
2021-10-26 14:40:56.697 | INFO     |  5780 | mycroft.skills.settings:save_settings:116 | Skill settings successfully saved to /home/runner/.config/mycroft/skills/mycroft-spelling.mycroftai/settings.json
2021-10-26 14:40:56.698 | INFO     |  5780 | mycroft.skills.settings:save_settings:116 | Skill settings successfully saved to /home/runner/.config/mycroft/skills/mycroft-fallback-duck-duck-go.mycroftai/settings.json
2021-10-26 14:40:56.700 | INFO     |  5780 | mycroft.skills.settings:save_settings:116 | Skill settings successfully saved to /home/runner/.config/mycroft/skills/mycroft-npr-news.mycroftai/settings.json
2021-10-26 14:40:56.709 | INFO     |  5780 | mycroft.skills.settings:save_settings:116 | Skill settings successfully saved to /home/runner/.config/mycroft/skills/mycroft-support-helper.mycroftai/settings.json
2021-10-26 14:40:56.710 | INFO     |  5780 | mycroft.skills.settings:save_settings:116 | Skill settings successfully saved to /home/runner/.config/mycroft/skills/mycroft-weather.mycroftai/settings.json
2021-10-26 14:40:56.717 | INFO     |  5780 | mycroft.skills.settings:save_settings:116 | Skill settings successfully saved to /home/runner/.config/mycroft/skills/mycroft-speak.mycroftai/settings.json
2021-10-26 14:40:56.724 | INFO     |  5780 | mycroft.skills.settings:save_settings:116 | Skill settings successfully saved to /home/runner/.config/mycroft/skills/mycroft-audio-record.mycroftai/settings.json
2021-10-26 14:40:56.725 | INFO     |  5780 | mycroft.skills.settings:save_settings:116 | Skill settings successfully saved to /home/runner/.config/mycroft/skills/mycroft-stop.mycroftai/settings.json
2021-10-26 14:40:56.727 | INFO     |  5780 | mycroft.skills.settings:save_settings:116 | Skill settings successfully saved to /home/runner/.config/mycroft/skills/mycroft-hello-world.mycroftai/settings.json
2021-10-26 14:40:56.732 | INFO     |  5780 | mycroft.skills.settings:save_settings:116 | Skill settings successfully saved to /home/runner/.config/mycroft/skills/mycroft-date-time.mycroftai/settings.json
2021-10-26 14:40:56.739 | INFO     |  5780 | mycroft.skills.settings:save_settings:116 | Skill settings successfully saved to /home/runner/.config/mycroft/skills/mycroft-configuration.mycroftai/settings.json
2021-10-26 14:40:56.742 | INFO     |  5780 | QuestionsAnswersSkill | Removing all handlers...
2021-10-26 14:40:56.748 | INFO     |  5780 | mycroft.skills.settings:save_settings:116 | Skill settings successfully saved to /home/runner/.config/mycroft/skills/fallback-query.mycroftai/settings.json
2021-10-26 14:40:56.758 | INFO     |  5780 | mycroft.skills.settings:save_settings:116 | Skill settings successfully saved to /home/runner/.config/mycroft/skills/mycroft-personal.mycroftai/settings.json
2021-10-26 14:40:56.760 | INFO     |  5780 | mycroft.skills.settings:save_settings:116 | Skill settings successfully saved to /home/runner/.config/mycroft/skills/fallback-wolfram-alpha.mycroftai/settings.json
2021-10-26 14:40:56.762 | INFO     |  5780 | mycroft.skills.settings:save_settings:116 | Skill settings successfully saved to /home/runner/.config/mycroft/skills/mycroft-wiki.mycroftai/settings.json
2021-10-26 14:40:56.767 | INFO     |  5780 | UnknownSkill | Removing all handlers...
2021-10-26 14:40:56.768 | INFO     |  5780 | mycroft.skills.settings:save_settings:116 | Skill settings successfully saved to /home/runner/.config/mycroft/skills/fallback-unknown.mycroftai/settings.json
2021-10-26 14:40:56.770 | INFO     |  5780 | mycroft.skills.settings:save_settings:116 | Skill settings successfully saved to /home/runner/.config/mycroft/skills/mycroft-playback-control.mycroftai/settings.json
2021-10-26 14:40:57.774 | INFO     |  5780 | Playback Control Skill | Audio service status: {}
2021-10-26 14:40:58.775 | WARNING  |  5780 | mycroft.skills.skill_manager:_shutdown_skill:106 | mycroft-playback-control.mycroftai shutdown took 2.0058201649999887 seconds
2021-10-26 14:40:58.776 | INFO     |  5780 | __main__:shutdown:291 | Skills service shutdown complete!
2021-10-26 14:41:01.187 | ERROR    |  5780 | websocket | error from callback <bound method MessageBusClient.on_message of <mycroft.messagebus.client.client.MessageBusClient object at 0x7f58699396d0>>: cannot schedule new futures after shutdown
2021-10-26 14:41:01.190 | ERROR    |  5780 | websocket | error from callback <bound method MessageBusClient.on_message of <mycroft.messagebus.client.client.MessageBusClient object at 0x7f58699396d0>>: cannot schedule new futures after shutdown
2021-10-26 14:41:01.192 | ERROR    |  5780 | websocket | error from callback <bound method MessageBusClient.on_message of <mycroft.messagebus.client.client.MessageBusClient object at 0x7f58699396d0>>: cannot schedule new futures after shutdown
2021-10-26 14:41:01.194 | ERROR    |  5780 | websocket | error from callback <bound method MessageBusClient.on_message of <mycroft.messagebus.client.client.MessageBusClient object at 0x7f58699396d0>>: cannot schedule new futures after shutdown
2021-10-26 14:41:01.195 | ERROR    |  5780 | websocket | error from callback <bound method MessageBusClient.on_message of <mycroft.messagebus.client.client.MessageBusClient object at 0x7f58699396d0>>: cannot schedule new futures after shutdown
