2021-10-26 14:08:43.745 | INFO     |  5695 | mycroft.messagebus.load_config:load_message_bus_config:33 | Loading message bus configs
2021-10-26 14:08:43.757 | INFO     |  5695 | mycroft_bus_client.client.client | Connected
2021-10-26 14:08:43.767 | INFO     |  5695 | mycroft.util.process_utils:start_message_bus_client:155 | Connected to messagebus
2021-10-26 14:08:43.783 | INFO     |  5695 | mycroft.skills.msm_wrapper:create_msm:96 | Acquiring lock to instantiate MSM
2021-10-26 14:08:47.243 | INFO     |  5695 | msm.mycroft_skills_manager | building SkillEntry objects for all skills
2021-10-26 14:08:47.953 | INFO     |  5695 | mycroft.skills.msm_wrapper:create_msm:112 | Releasing MSM instantiation lock.
2021-10-26 14:08:47.954 | INFO     |  5695 | mycroft.skills.skill_updater:_log_next_download_time:267 | Next scheduled skill update: 2021-10-26 14:08:46.954180
2021-10-26 14:08:47.954 | INFO     |  5695 | msm.skill_entry | Downloading skill: https://github.com/mycroftai/skill-pairing
2021-10-26 14:08:48.828 | INFO     |  5695 | msm.skill_entry | Installing system requirements...
2021-10-26 14:08:48.838 | INFO     |  5695 | msm.skill_entry | Successfully installed mycroft-pairing
2021-10-26 14:08:48.838 | INFO     |  5695 | msm.mycroft_skills_manager | invalidating skills cache
2021-10-26 14:08:48.840 | INFO     |  5695 | mycroft.skills.skill_loader:load:185 | ATTEMPTING TO LOAD SKILL: mycroft-pairing.mycroftai
2021-10-26 14:08:48.847 | INFO     |  5695 | mycroft.skills.settings:get_local_settings:83 | /opt/mycroft/skills/mycroft-pairing.mycroftai/settings.json
2021-10-26 14:08:48.865 | INFO     |  5695 | mycroft.skills.skill_loader:_check_for_first_run:324 | First run of mycroft-pairing.mycroftai
2021-10-26 14:08:48.875 | INFO     |  5695 | mycroft.skills.settings:save_settings:116 | Skill settings successfully saved to /home/runner/.config/mycroft/skills/mycroft-pairing.mycroftai/settings.json
2021-10-26 14:08:48.877 | INFO     |  5695 | mycroft.skills.skill_loader:_communicate_load_status:344 | Skill mycroft-pairing.mycroftai loaded successfully
2021-10-26 14:08:48.877 | INFO     |  5695 | msm.skill_entry | Downloading skill: https://github.com/mycroftai/skill-volume
2021-10-26 14:08:49.849 | INFO     |  5695 | msm.skill_entry | Installing system requirements...
2021-10-26 14:08:49.861 | INFO     |  5695 | msm.skill_entry | Installing requirements.txt for mycroft-volume
2021-10-26 14:08:50.740 | INFO     |  5695 | msm.skill_entry | Successfully installed mycroft-volume
2021-10-26 14:08:50.740 | INFO     |  5695 | msm.mycroft_skills_manager | invalidating skills cache
2021-10-26 14:08:50.741 | INFO     |  5695 | mycroft.skills.skill_loader:load:185 | ATTEMPTING TO LOAD SKILL: mycroft-volume.mycroftai
2021-10-26 14:08:50.749 | INFO     |  5695 | mycroft.skills.settings:get_local_settings:83 | /opt/mycroft/skills/mycroft-volume.mycroftai/settings.json
2021-10-26 14:08:50.829 | ERROR    |  5695 | VolumeSkill | Couldn't allocate mixer, ALSAAudioError('No such file or directory [default]')
2021-10-26 14:08:53.830 | INFO     |  5695 | mycroft.skills.skill_loader:_check_for_first_run:324 | First run of mycroft-volume.mycroftai
2021-10-26 14:08:53.831 | INFO     |  5695 | mycroft.skills.settings:save_settings:116 | Skill settings successfully saved to /home/runner/.config/mycroft/skills/mycroft-volume.mycroftai/settings.json
2021-10-26 14:08:53.832 | INFO     |  5695 | mycroft.skills.skill_loader:_communicate_load_status:344 | Skill mycroft-volume.mycroftai loaded successfully
2021-10-26 14:08:53.833 | INFO     |  5695 | __main__:on_started:177 | Skills service is starting up.
2021-10-26 14:08:53.938 | INFO     |  5695 | __main__:_update_system:154 | Attempting system update...
2021-10-26 14:08:56.940 | INFO     |  5695 | mycroft.enclosure.display_manager:_write_data:70 | Display Manager is creating /tmp/mycroft/ipc/managers/disp_info
2021-10-26 14:08:56.941 | INFO     |  5695 | __main__:_ensure_device_is_paired:133 | Device not paired, invoking the pairing skill
2021-10-26 14:08:56.943 | INFO     |  5695 | __main__:on_alive:181 | Skills service is alive.
2021-10-26 14:08:56.944 | INFO     |  5695 | msm.mycroft_skills_manager | building SkillEntry objects for all skills
2021-10-26 14:08:57.455 | INFO     |  5695 | PairingSkill | Communicating account URL to user
2021-10-26 14:08:58.500 | WARNING  |  5695 | msm.mycroft_skills_manager | No such default skill: mycroft-pandora
2021-10-26 14:08:58.501 | INFO     |  5695 | mycroft.skills.skill_manager:run:234 | Not all default skills are installed, performing skill update...
2021-10-26 14:08:58.502 | INFO     |  5695 | mycroft.skills.skill_updater:update_skills:149 | Beginning skill update...
2021-10-26 14:08:58.605 | INFO     |  5695 | msm.mycroft_skills_manager | building SkillEntry objects for all skills
2021-10-26 14:08:59.167 | INFO     |  5695 | msm.mycroft_skills_manager | invalidating skills cache
2021-10-26 14:08:59.205 | INFO     |  5695 | msm.skill_entry | Downloading skill: https://github.com/mycroftai/fallback-wolfram-alpha
2021-10-26 14:08:59.214 | INFO     |  5695 | msm.skill_entry | Downloading skill: https://github.com/mycroftai/skill-audio-record
2021-10-26 14:08:59.220 | INFO     |  5695 | msm.skill_entry | Downloading skill: https://github.com/mycroftai/skill-configuration
2021-10-26 14:08:59.229 | INFO     |  5695 | msm.skill_entry | Downloading skill: https://github.com/mycroftai/skill-date-time
2021-10-26 14:08:59.231 | INFO     |  5695 | msm.skill_entry | Downloading skill: https://github.com/mycroftai/fallback-duckduckgo
2021-10-26 14:08:59.240 | INFO     |  5695 | msm.skill_entry | Downloading skill: https://github.com/mycroftai/skill-installer
2021-10-26 14:08:59.240 | INFO     |  5695 | msm.skill_entry | Downloading skill: https://github.com/mycroftai/skill-alarm
2021-10-26 14:08:59.241 | INFO     |  5695 | msm.skill_entry | Downloading skill: https://github.com/mycroftai/skill-ip
2021-10-26 14:08:59.241 | INFO     |  5695 | msm.skill_entry | Downloading skill: https://github.com/mycroftai/skill-joke
2021-10-26 14:08:59.242 | INFO     |  5695 | msm.skill_entry | Downloading skill: https://github.com/mycroftai/fallback-unknown
2021-10-26 14:08:59.239 | INFO     |  5695 | msm.skill_entry | Downloading skill: https://github.com/mycroftai/skill-hello-world
2021-10-26 14:08:59.312 | INFO     |  5695 | msm.skill_entry | Downloading skill: https://github.com/mycroftai/skill-personal
2021-10-26 14:08:59.316 | INFO     |  5695 | msm.skill_entry | Downloading skill: https://github.com/mycroftai/skill-playback-control
2021-10-26 14:08:59.329 | INFO     |  5695 | msm.skill_entry | Downloading skill: https://github.com/mycroftai/skill-naptime
2021-10-26 14:08:59.336 | INFO     |  5695 | msm.skill_entry | Downloading skill: https://github.com/mycroftai/skill-singing
2021-10-26 14:08:59.347 | INFO     |  5695 | msm.skill_entry | Downloading skill: https://github.com/mycroftai/skill-npr-news
2021-10-26 14:08:59.364 | INFO     |  5695 | msm.skill_entry | Downloading skill: https://github.com/mycroftai/skill-reminder
2021-10-26 14:09:00.328 | ERROR    |  5695 | msm.mycroft_skills_manager | Error running install_or_update on homeassistant.mycroftai: MergeConflict
2021-10-26 14:09:00.339 | INFO     |  5695 | msm.skill_entry | Downloading skill: https://github.com/mycroftai/skill-speak
2021-10-26 14:09:00.541 | INFO     |  5695 | msm.skill_entry | Installing system requirements...
2021-10-26 14:09:00.564 | INFO     |  5695 | msm.skill_entry | Installing system requirements...
2021-10-26 14:09:00.611 | INFO     |  5695 | msm.skill_entry | Installing requirements.txt for mycroft-fallback-duck-duck-go
2021-10-26 14:09:00.631 | INFO     |  5695 | msm.skill_entry | Installing requirements.txt for mycroft-joke
2021-10-26 14:09:01.334 | INFO     |  5695 | msm.skill_entry | Nothing new for mycroft-volume
2021-10-26 14:09:01.343 | INFO     |  5695 | msm.skill_entry | Installing system requirements...
2021-10-26 14:09:01.354 | INFO     |  5695 | msm.skill_entry | Installing requirements.txt for mycroft-volume
2021-10-26 14:09:01.441 | INFO     |  5695 | msm.skill_entry | Nothing new for mycroft-pairing
2021-10-26 14:09:01.500 | INFO     |  5695 | msm.skill_entry | Installing system requirements...
2021-10-26 14:09:01.545 | INFO     |  5695 | msm.skill_entry | Downloading skill: https://github.com/mycroftai/skill-spelling
2021-10-26 14:09:01.597 | INFO     |  5695 | msm.skill_entry | Installing system requirements...
2021-10-26 14:09:01.629 | INFO     |  5695 | msm.skill_entry | Installing system requirements...
2021-10-26 14:09:01.675 | INFO     |  5695 | msm.skill_entry | Installing requirements.txt for mycroft-ip
2021-10-26 14:09:01.755 | INFO     |  5695 | msm.skill_entry | Successfully installed mycroft-naptime
2021-10-26 14:09:01.756 | INFO     |  5695 | msm.mycroft_skills_manager | invalidating skills cache
2021-10-26 14:09:01.760 | INFO     |  5695 | msm.skill_entry | Downloading skill: https://github.com/mycroftai/skill-stop
2021-10-26 14:09:01.940 | INFO     |  5695 | msm.skill_entry | Installing system requirements...
2021-10-26 14:09:01.952 | INFO     |  5695 | msm.skill_entry | Installing system requirements...
2021-10-26 14:09:01.967 | INFO     |  5695 | msm.skill_entry | Installing system requirements...
2021-10-26 14:09:02.046 | INFO     |  5695 | msm.skill_entry | Installing requirements.txt for mycroft-npr-news
2021-10-26 14:09:02.074 | INFO     |  5695 | msm.skill_entry | Successfully installed mycroft-personal
2021-10-26 14:09:02.074 | INFO     |  5695 | msm.mycroft_skills_manager | invalidating skills cache
2021-10-26 14:09:02.075 | INFO     |  5695 | msm.skill_entry | Successfully installed mycroft-playback-control
2021-10-26 14:09:02.126 | INFO     |  5695 | msm.mycroft_skills_manager | invalidating skills cache
2021-10-26 14:09:02.127 | INFO     |  5695 | msm.skill_entry | Downloading skill: https://github.com/mycroftai/mycroft-timer
2021-10-26 14:09:02.078 | INFO     |  5695 | msm.skill_entry | Downloading skill: https://github.com/mycroftai/skill-support
2021-10-26 14:09:02.122 | INFO     |  5695 | msm.skill_entry | Installing system requirements...
2021-10-26 14:09:02.164 | INFO     |  5695 | msm.skill_entry | Installing requirements.txt for mycroft-audio-record
2021-10-26 14:09:02.358 | INFO     |  5695 | msm.skill_entry | Installing system requirements...
2021-10-26 14:09:02.366 | INFO     |  5695 | msm.skill_entry | Installing system requirements...
2021-10-26 14:09:02.367 | INFO     |  5695 | msm.skill_entry | Installing system requirements...
2021-10-26 14:09:02.368 | INFO     |  5695 | msm.skill_entry | Installing system requirements...
2021-10-26 14:09:02.368 | INFO     |  5695 | msm.skill_entry | Installing system requirements...
2021-10-26 14:09:02.391 | INFO     |  5695 | msm.skill_entry | Installing system requirements...
2021-10-26 14:09:02.496 | INFO     |  5695 | msm.skill_entry | Installing requirements.txt for mycroft-date-time
2021-10-26 14:09:02.496 | INFO     |  5695 | msm.skill_entry | Installing requirements.txt for mycroft-alarm
2021-10-26 14:09:02.498 | INFO     |  5695 | msm.skill_entry | Successfully installed mycroft-hello-world
2021-10-26 14:09:02.498 | INFO     |  5695 | msm.mycroft_skills_manager | invalidating skills cache
2021-10-26 14:09:02.500 | INFO     |  5695 | msm.skill_entry | Downloading skill: https://github.com/mycroftai/skill-weather
2021-10-26 14:09:02.506 | INFO     |  5695 | msm.skill_entry | Successfully installed mycroft-reminder
2021-10-26 14:09:02.507 | INFO     |  5695 | msm.mycroft_skills_manager | invalidating skills cache
2021-10-26 14:09:02.508 | INFO     |  5695 | msm.skill_entry | Downloading skill: https://github.com/mycroftai/skill-version-checker
2021-10-26 14:09:02.523 | INFO     |  5695 | msm.skill_entry | Installing requirements.txt for mycroft-installer
2021-10-26 14:09:02.524 | INFO     |  5695 | msm.skill_entry | Installing requirements.txt for mycroft-configuration
2021-10-26 14:09:02.540 | INFO     |  5695 | msm.skill_entry | Installing system requirements...
2021-10-26 14:09:02.578 | INFO     |  5695 | msm.skill_entry | Installing system requirements...
2021-10-26 14:09:02.590 | INFO     |  5695 | msm.skill_entry | Installing requirements.txt for fallback-wolfram-alpha
2021-10-26 14:09:02.619 | INFO     |  5695 | msm.skill_entry | Successfully installed fallback-unknown
2021-10-26 14:09:02.619 | INFO     |  5695 | msm.mycroft_skills_manager | invalidating skills cache
2021-10-26 14:09:02.620 | INFO     |  5695 | msm.skill_entry | Downloading skill: https://github.com/mycroftai/skill-wiki
2021-10-26 14:09:02.851 | INFO     |  5695 | msm.skill_entry | Installing system requirements...
2021-10-26 14:09:02.888 | INFO     |  5695 | msm.skill_entry | Successfully installed mycroft-speak
2021-10-26 14:09:02.889 | INFO     |  5695 | msm.mycroft_skills_manager | invalidating skills cache
2021-10-26 14:09:02.891 | INFO     |  5695 | msm.skill_entry | Downloading skill: https://github.com/MycroftAI/skill-query
2021-10-26 14:09:03.005 | INFO     |  5695 | msm.skill_entry | Installing system requirements...
2021-10-26 14:09:03.044 | INFO     |  5695 | msm.skill_entry | Successfully installed mycroft-singing
2021-10-26 14:09:03.044 | INFO     |  5695 | msm.mycroft_skills_manager | invalidating skills cache
2021-10-26 14:09:03.237 | ERROR    |  5695 | msm.mycroft_skills_manager | Error running install_or_update on homeassistant: MergeConflict
2021-10-26 14:09:03.307 | INFO     |  5695 | msm.skill_entry | Successfully installed mycroft-fallback-duck-duck-go
2021-10-26 14:09:03.308 | INFO     |  5695 | msm.mycroft_skills_manager | invalidating skills cache
2021-10-26 14:09:03.648 | INFO     |  5695 | msm.skill_entry | Installing system requirements...
2021-10-26 14:09:03.672 | INFO     |  5695 | msm.skill_entry | Successfully installed mycroft-spelling
2021-10-26 14:09:03.672 | INFO     |  5695 | msm.mycroft_skills_manager | invalidating skills cache
2021-10-26 14:09:04.229 | INFO     |  5695 | msm.skill_entry | Installing system requirements...
2021-10-26 14:09:04.264 | INFO     |  5695 | msm.skill_entry | Installing system requirements...
2021-10-26 14:09:04.280 | INFO     |  5695 | msm.skill_entry | Successfully installed fallback-query
2021-10-26 14:09:04.280 | INFO     |  5695 | msm.mycroft_skills_manager | invalidating skills cache
2021-10-26 14:09:04.299 | INFO     |  5695 | msm.skill_entry | Installing system requirements...
2021-10-26 14:09:04.312 | INFO     |  5695 | msm.skill_entry | Successfully installed mycroft-version-checker
2021-10-26 14:09:04.312 | INFO     |  5695 | msm.mycroft_skills_manager | invalidating skills cache
2021-10-26 14:09:04.326 | INFO     |  5695 | msm.skill_entry | Successfully installed mycroft-stop
2021-10-26 14:09:04.326 | INFO     |  5695 | msm.mycroft_skills_manager | invalidating skills cache
2021-10-26 14:09:04.423 | INFO     |  5695 | msm.skill_entry | Installing system requirements...
2021-10-26 14:09:04.455 | INFO     |  5695 | msm.skill_entry | Installing requirements.txt for mycroft-wiki
2021-10-26 14:09:04.556 | INFO     |  5695 | msm.skill_entry | Successfully installed mycroft-joke
2021-10-26 14:09:04.557 | INFO     |  5695 | msm.mycroft_skills_manager | invalidating skills cache
2021-10-26 14:09:04.690 | INFO     |  5695 | msm.skill_entry | Installing system requirements...
2021-10-26 14:09:04.724 | INFO     |  5695 | msm.skill_entry | Installing requirements.txt for mycroft-support-helper
2021-10-26 14:09:05.980 | INFO     |  5695 | msm.skill_entry | Installing system requirements...
2021-10-26 14:09:05.999 | INFO     |  5695 | msm.skill_entry | Successfully installed mycroft-timer
2021-10-26 14:09:06.000 | INFO     |  5695 | msm.mycroft_skills_manager | invalidating skills cache
2021-10-26 14:09:06.057 | INFO     |  5695 | msm.skill_entry | Installing system requirements...
2021-10-26 14:09:06.080 | INFO     |  5695 | msm.skill_entry | Installing requirements.txt for mycroft-weather
2021-10-26 14:09:06.475 | INFO     |  5695 | msm.skill_entry | Successfully installed mycroft-ip
2021-10-26 14:09:06.475 | INFO     |  5695 | msm.mycroft_skills_manager | invalidating skills cache
2021-10-26 14:09:09.609 | INFO     |  5695 | msm.skill_entry | Successfully installed mycroft-npr-news
2021-10-26 14:09:09.609 | INFO     |  5695 | msm.mycroft_skills_manager | invalidating skills cache
2021-10-26 14:09:10.554 | INFO     |  5695 | msm.skill_entry | Successfully installed mycroft-audio-record
2021-10-26 14:09:10.555 | INFO     |  5695 | msm.mycroft_skills_manager | invalidating skills cache
2021-10-26 14:09:26.238 | INFO     |  5695 | msm.skill_entry | Successfully installed mycroft-date-time
2021-10-26 14:09:26.241 | INFO     |  5695 | msm.mycroft_skills_manager | invalidating skills cache
2021-10-26 14:09:27.093 | INFO     |  5695 | msm.skill_entry | Successfully installed mycroft-alarm
2021-10-26 14:09:27.093 | INFO     |  5695 | msm.mycroft_skills_manager | invalidating skills cache
2021-10-26 14:09:27.797 | INFO     |  5695 | PairingSkill | Initiating device pairing sequence...
2021-10-26 14:09:27.797 | INFO     |  5695 | PairingSkill | Retrieving pairing code from device API...
2021-10-26 14:09:27.986 | INFO     |  5695 | msm.skill_entry | Successfully installed mycroft-installer
2021-10-26 14:09:27.986 | INFO     |  5695 | msm.mycroft_skills_manager | invalidating skills cache
2021-10-26 14:09:28.075 | INFO     |  5695 | PairingSkill | Pairing code obtained: 7V4EYF
2021-10-26 14:09:28.076 | INFO     |  5695 | PairingSkill | Communicating pairing URL to user
2021-10-26 14:09:30.505 | INFO     |  5695 | msm.skill_entry | Successfully installed mycroft-configuration
2021-10-26 14:09:30.506 | INFO     |  5695 | msm.mycroft_skills_manager | invalidating skills cache
2021-10-26 14:09:35.494 | INFO     |  5695 | msm.skill_entry | Successfully installed fallback-wolfram-alpha
2021-10-26 14:09:35.495 | INFO     |  5695 | msm.mycroft_skills_manager | invalidating skills cache
2021-10-26 14:09:37.190 | INFO     |  5695 | msm.skill_entry | Successfully installed mycroft-wiki
2021-10-26 14:09:37.191 | INFO     |  5695 | msm.mycroft_skills_manager | invalidating skills cache
2021-10-26 14:09:39.229 | INFO     |  5695 | msm.skill_entry | Successfully installed mycroft-support-helper
2021-10-26 14:09:39.230 | INFO     |  5695 | msm.mycroft_skills_manager | invalidating skills cache
2021-10-26 14:09:40.185 | INFO     |  5695 | msm.skill_entry | Successfully installed mycroft-weather
2021-10-26 14:09:40.185 | INFO     |  5695 | msm.mycroft_skills_manager | invalidating skills cache
2021-10-26 14:09:40.239 | INFO     |  5695 | mycroft.skills.skill_updater:_log_next_download_time:267 | Next scheduled skill update: 2021-10-26 15:09:40.239055
2021-10-26 14:09:40.239 | INFO     |  5695 | mycroft.skills.skill_updater:update_skills:170 | Skill update complete
2021-10-26 14:09:40.240 | INFO     |  5695 | mycroft.skills.skill_manager:_load_on_startup:273 | Loading installed skills...
2021-10-26 14:09:40.241 | INFO     |  5695 | mycroft.skills.skill_loader:load:185 | ATTEMPTING TO LOAD SKILL: mycroft-ip.mycroftai
2021-10-26 14:09:40.294 | INFO     |  5695 | mycroft.skills.settings:get_local_settings:83 | /opt/mycroft/skills/mycroft-ip.mycroftai/settings.json
2021-10-26 14:09:40.315 | INFO     |  5695 | mycroft.skills.skill_loader:_check_for_first_run:324 | First run of mycroft-ip.mycroftai
2021-10-26 14:09:40.316 | INFO     |  5695 | mycroft.skills.settings:save_settings:116 | Skill settings successfully saved to /home/runner/.config/mycroft/skills/mycroft-ip.mycroftai/settings.json
2021-10-26 14:09:40.326 | INFO     |  5695 | mycroft.skills.skill_loader:_communicate_load_status:344 | Skill mycroft-ip.mycroftai loaded successfully
2021-10-26 14:09:40.327 | INFO     |  5695 | mycroft.skills.skill_loader:load:185 | ATTEMPTING TO LOAD SKILL: mycroft-reminder.mycroftai
2021-10-26 14:09:40.354 | INFO     |  5695 | mycroft.skills.settings:get_local_settings:83 | /opt/mycroft/skills/mycroft-reminder.mycroftai/settings.json
2021-10-26 14:09:40.383 | INFO     |  5695 | mycroft.skills.skill_loader:_check_for_first_run:324 | First run of mycroft-reminder.mycroftai
2021-10-26 14:09:40.383 | INFO     |  5695 | mycroft.skills.settings:save_settings:116 | Skill settings successfully saved to /home/runner/.config/mycroft/skills/mycroft-reminder.mycroftai/settings.json
2021-10-26 14:09:40.388 | INFO     |  5695 | mycroft.skills.skill_loader:_communicate_load_status:344 | Skill mycroft-reminder.mycroftai loaded successfully
2021-10-26 14:09:40.389 | INFO     |  5695 | mycroft.skills.skill_loader:load:185 | ATTEMPTING TO LOAD SKILL: mycroft-installer.mycroftai
2021-10-26 14:09:40.396 | INFO     |  5695 | mycroft.skills.settings:get_local_settings:83 | /opt/mycroft/skills/mycroft-installer.mycroftai/settings.json
2021-10-26 14:09:40.417 | INFO     |  5695 | mycroft.skills.skill_loader:_check_for_first_run:324 | First run of mycroft-installer.mycroftai
2021-10-26 14:09:40.418 | INFO     |  5695 | mycroft.skills.settings:save_settings:116 | Skill settings successfully saved to /home/runner/.config/mycroft/skills/mycroft-installer.mycroftai/settings.json
2021-10-26 14:09:40.420 | INFO     |  5695 | mycroft.skills.skill_loader:_communicate_load_status:344 | Skill mycroft-installer.mycroftai loaded successfully
2021-10-26 14:09:40.421 | INFO     |  5695 | mycroft.skills.skill_loader:load:185 | ATTEMPTING TO LOAD SKILL: mycroft-version-checker.mycroftai
2021-10-26 14:09:40.428 | INFO     |  5695 | mycroft.skills.settings:get_local_settings:83 | /opt/mycroft/skills/mycroft-version-checker.mycroftai/settings.json
2021-10-26 14:09:40.444 | INFO     |  5695 | mycroft.skills.skill_loader:_check_for_first_run:324 | First run of mycroft-version-checker.mycroftai
2021-10-26 14:09:40.446 | INFO     |  5695 | mycroft.skills.settings:save_settings:116 | Skill settings successfully saved to /home/runner/.config/mycroft/skills/mycroft-version-checker.mycroftai/settings.json
2021-10-26 14:09:40.453 | INFO     |  5695 | mycroft.skills.skill_loader:_communicate_load_status:344 | Skill mycroft-version-checker.mycroftai loaded successfully
2021-10-26 14:09:40.453 | INFO     |  5695 | mycroft.skills.skill_loader:load:185 | ATTEMPTING TO LOAD SKILL: mycroft-singing.mycroftai
2021-10-26 14:09:40.456 | INFO     |  5695 | mycroft.skills.settings:get_local_settings:83 | /opt/mycroft/skills/mycroft-singing.mycroftai/settings.json
2021-10-26 14:09:40.487 | INFO     |  5695 | mycroft.skills.skill_loader:_check_for_first_run:324 | First run of mycroft-singing.mycroftai
2021-10-26 14:09:40.488 | INFO     |  5695 | mycroft.skills.settings:save_settings:116 | Skill settings successfully saved to /home/runner/.config/mycroft/skills/mycroft-singing.mycroftai/settings.json
2021-10-26 14:09:40.494 | INFO     |  5695 | mycroft.skills.skill_loader:_communicate_load_status:344 | Skill mycroft-singing.mycroftai loaded successfully
2021-10-26 14:09:40.495 | INFO     |  5695 | mycroft.skills.skill_loader:load:185 | ATTEMPTING TO LOAD SKILL: mycroft-joke.mycroftai
2021-10-26 14:09:40.505 | INFO     |  5695 | mycroft.skills.settings:get_local_settings:83 | /opt/mycroft/skills/mycroft-joke.mycroftai/settings.json
2021-10-26 14:09:40.529 | INFO     |  5695 | mycroft.skills.skill_loader:_check_for_first_run:324 | First run of mycroft-joke.mycroftai
2021-10-26 14:09:40.529 | INFO     |  5695 | mycroft.skills.settings:save_settings:116 | Skill settings successfully saved to /home/runner/.config/mycroft/skills/mycroft-joke.mycroftai/settings.json
2021-10-26 14:09:40.537 | INFO     |  5695 | mycroft.skills.skill_loader:_communicate_load_status:344 | Skill mycroft-joke.mycroftai loaded successfully
2021-10-26 14:09:40.538 | INFO     |  5695 | mycroft.skills.skill_loader:load:185 | ATTEMPTING TO LOAD SKILL: mycroft-timer.mycroftai
2021-10-26 14:09:40.559 | INFO     |  5695 | mycroft.skills.settings:get_local_settings:83 | /opt/mycroft/skills/mycroft-timer.mycroftai/settings.json
2021-10-26 14:09:40.629 | INFO     |  5695 | mycroft.skills.skill_loader:_check_for_first_run:324 | First run of mycroft-timer.mycroftai
2021-10-26 14:09:40.630 | INFO     |  5695 | mycroft.skills.settings:save_settings:116 | Skill settings successfully saved to /home/runner/.config/mycroft/skills/mycroft-timer.mycroftai/settings.json
2021-10-26 14:09:40.631 | INFO     |  5695 | mycroft.skills.skill_loader:_communicate_load_status:344 | Skill mycroft-timer.mycroftai loaded successfully
2021-10-26 14:09:40.643 | INFO     |  5695 | mycroft.skills.skill_loader:load:185 | ATTEMPTING TO LOAD SKILL: homeassistant.mycroftai
2021-10-26 14:09:40.928 | INFO     |  5695 | mycroft.skills.settings:get_local_settings:83 | /opt/mycroft/skills/homeassistant.mycroftai/settings.json
2021-10-26 14:09:40.929 | INFO     |  5695 | mycroft.skills.settings:get_local_settings:83 | /opt/mycroft/skills/homeassistant.mycroftai/settings.json
2021-10-26 14:09:40.991 | INFO     |  5695 | mycroft.skills.skill_loader:_communicate_load_status:344 | Skill homeassistant.mycroftai loaded successfully
2021-10-26 14:09:40.991 | INFO     |  5695 | mycroft.skills.skill_loader:load:185 | ATTEMPTING TO LOAD SKILL: mycroft-alarm.mycroftai
2021-10-26 14:09:41.044 | INFO     |  5695 | mycroft.skills.settings:get_local_settings:83 | /opt/mycroft/skills/mycroft-alarm.mycroftai/settings.json
2021-10-26 14:09:41.045 | ERROR    |  5695 | AlarmSkill | Couldn't allocate mixer, ALSAAudioError('No such file or directory [default]')
2021-10-26 14:09:41.122 | INFO     |  5695 | mycroft.skills.skill_loader:_check_for_first_run:324 | First run of mycroft-alarm.mycroftai
2021-10-26 14:09:41.139 | INFO     |  5695 | mycroft.skills.settings:save_settings:116 | Skill settings successfully saved to /home/runner/.config/mycroft/skills/mycroft-alarm.mycroftai/settings.json
2021-10-26 14:09:41.143 | INFO     |  5695 | mycroft.skills.skill_loader:_communicate_load_status:344 | Skill mycroft-alarm.mycroftai loaded successfully
2021-10-26 14:09:41.143 | INFO     |  5695 | mycroft.skills.skill_loader:load:185 | ATTEMPTING TO LOAD SKILL: mycroft-naptime.mycroftai
2021-10-26 14:09:41.147 | INFO     |  5695 | mycroft.skills.settings:get_local_settings:83 | /opt/mycroft/skills/mycroft-naptime.mycroftai/settings.json
2021-10-26 14:09:41.173 | INFO     |  5695 | mycroft.skills.skill_loader:_check_for_first_run:324 | First run of mycroft-naptime.mycroftai
2021-10-26 14:09:41.173 | INFO     |  5695 | mycroft.skills.settings:save_settings:116 | Skill settings successfully saved to /home/runner/.config/mycroft/skills/mycroft-naptime.mycroftai/settings.json
2021-10-26 14:09:41.181 | INFO     |  5695 | mycroft.skills.skill_loader:_communicate_load_status:344 | Skill mycroft-naptime.mycroftai loaded successfully
2021-10-26 14:09:41.182 | INFO     |  5695 | mycroft.skills.skill_loader:load:185 | ATTEMPTING TO LOAD SKILL: mycroft-spelling.mycroftai
2021-10-26 14:09:41.186 | INFO     |  5695 | mycroft.skills.settings:get_local_settings:83 | /opt/mycroft/skills/mycroft-spelling.mycroftai/settings.json
2021-10-26 14:09:41.211 | INFO     |  5695 | mycroft.skills.skill_loader:_check_for_first_run:324 | First run of mycroft-spelling.mycroftai
2021-10-26 14:09:41.212 | INFO     |  5695 | mycroft.skills.settings:save_settings:116 | Skill settings successfully saved to /home/runner/.config/mycroft/skills/mycroft-spelling.mycroftai/settings.json
2021-10-26 14:09:41.213 | INFO     |  5695 | mycroft.skills.skill_loader:_communicate_load_status:344 | Skill mycroft-spelling.mycroftai loaded successfully
2021-10-26 14:09:41.221 | INFO     |  5695 | mycroft.skills.skill_loader:load:185 | ATTEMPTING TO LOAD SKILL: mycroft-fallback-duck-duck-go.mycroftai
2021-10-26 14:09:41.232 | INFO     |  5695 | mycroft.skills.settings:get_local_settings:83 | /opt/mycroft/skills/mycroft-fallback-duck-duck-go.mycroftai/settings.json
2021-10-26 14:09:41.275 | INFO     |  5695 | mycroft.skills.skill_loader:_check_for_first_run:324 | First run of mycroft-fallback-duck-duck-go.mycroftai
2021-10-26 14:09:41.276 | INFO     |  5695 | mycroft.skills.settings:save_settings:116 | Skill settings successfully saved to /home/runner/.config/mycroft/skills/mycroft-fallback-duck-duck-go.mycroftai/settings.json
2021-10-26 14:09:41.279 | INFO     |  5695 | mycroft.skills.skill_loader:_communicate_load_status:344 | Skill mycroft-fallback-duck-duck-go.mycroftai loaded successfully
2021-10-26 14:09:41.280 | INFO     |  5695 | mycroft.skills.skill_loader:load:185 | ATTEMPTING TO LOAD SKILL: mycroft-npr-news.mycroftai
2021-10-26 14:09:41.387 | INFO     |  5695 | mycroft.skills.settings:get_local_settings:83 | /opt/mycroft/skills/mycroft-npr-news.mycroftai/settings.json
2021-10-26 14:09:42.442 | INFO     |  5695 | mycroft.skills.skill_loader:_check_for_first_run:324 | First run of mycroft-npr-news.mycroftai
2021-10-26 14:09:42.444 | INFO     |  5695 | mycroft.skills.settings:save_settings:116 | Skill settings successfully saved to /home/runner/.config/mycroft/skills/mycroft-npr-news.mycroftai/settings.json
2021-10-26 14:09:42.445 | INFO     |  5695 | mycroft.skills.skill_loader:_communicate_load_status:344 | Skill mycroft-npr-news.mycroftai loaded successfully
2021-10-26 14:09:42.445 | INFO     |  5695 | mycroft.skills.skill_loader:load:185 | ATTEMPTING TO LOAD SKILL: mycroft-support-helper.mycroftai
2021-10-26 14:09:42.453 | INFO     |  5695 | mycroft.skills.settings:get_local_settings:83 | /opt/mycroft/skills/mycroft-support-helper.mycroftai/settings.json
2021-10-26 14:09:42.458 | INFO     |  5695 | mycroft.skills.skill_loader:_check_for_first_run:324 | First run of mycroft-support-helper.mycroftai
2021-10-26 14:09:42.464 | INFO     |  5695 | mycroft.skills.settings:save_settings:116 | Skill settings successfully saved to /home/runner/.config/mycroft/skills/mycroft-support-helper.mycroftai/settings.json
2021-10-26 14:09:42.465 | INFO     |  5695 | mycroft.skills.skill_loader:_communicate_load_status:344 | Skill mycroft-support-helper.mycroftai loaded successfully
2021-10-26 14:09:42.465 | INFO     |  5695 | mycroft.skills.skill_loader:load:185 | ATTEMPTING TO LOAD SKILL: mycroft-weather.mycroftai
2021-10-26 14:09:42.484 | INFO     |  5695 | mycroft.skills.settings:get_local_settings:83 | /opt/mycroft/skills/mycroft-weather.mycroftai/settings.json
2021-10-26 14:09:42.628 | INFO     |  5695 | mycroft.skills.skill_loader:_check_for_first_run:324 | First run of mycroft-weather.mycroftai
2021-10-26 14:09:42.632 | INFO     |  5695 | mycroft.skills.settings:save_settings:116 | Skill settings successfully saved to /home/runner/.config/mycroft/skills/mycroft-weather.mycroftai/settings.json
2021-10-26 14:09:42.638 | INFO     |  5695 | mycroft.skills.skill_loader:_communicate_load_status:344 | Skill mycroft-weather.mycroftai loaded successfully
2021-10-26 14:09:42.638 | INFO     |  5695 | mycroft.skills.skill_loader:load:185 | ATTEMPTING TO LOAD SKILL: mycroft-speak.mycroftai
2021-10-26 14:09:42.644 | INFO     |  5695 | mycroft.skills.settings:get_local_settings:83 | /opt/mycroft/skills/mycroft-speak.mycroftai/settings.json
2021-10-26 14:09:42.689 | INFO     |  5695 | mycroft.skills.skill_loader:_check_for_first_run:324 | First run of mycroft-speak.mycroftai
2021-10-26 14:09:42.692 | INFO     |  5695 | mycroft.skills.settings:save_settings:116 | Skill settings successfully saved to /home/runner/.config/mycroft/skills/mycroft-speak.mycroftai/settings.json
2021-10-26 14:09:42.694 | INFO     |  5695 | mycroft.skills.skill_loader:_communicate_load_status:344 | Skill mycroft-speak.mycroftai loaded successfully
2021-10-26 14:09:42.694 | INFO     |  5695 | mycroft.skills.skill_loader:load:185 | ATTEMPTING TO LOAD SKILL: mycroft-audio-record.mycroftai
2021-10-26 14:09:42.702 | INFO     |  5695 | mycroft.skills.settings:get_local_settings:83 | /opt/mycroft/skills/mycroft-audio-record.mycroftai/settings.json
2021-10-26 14:09:42.720 | INFO     |  5695 | mycroft.skills.skill_loader:_check_for_first_run:324 | First run of mycroft-audio-record.mycroftai
2021-10-26 14:09:42.721 | INFO     |  5695 | mycroft.skills.settings:save_settings:116 | Skill settings successfully saved to /home/runner/.config/mycroft/skills/mycroft-audio-record.mycroftai/settings.json
2021-10-26 14:09:42.722 | INFO     |  5695 | mycroft.skills.skill_loader:_communicate_load_status:344 | Skill mycroft-audio-record.mycroftai loaded successfully
2021-10-26 14:09:42.723 | INFO     |  5695 | mycroft.skills.skill_loader:load:185 | ATTEMPTING TO LOAD SKILL: mycroft-stop.mycroftai
2021-10-26 14:09:42.738 | INFO     |  5695 | mycroft.skills.settings:get_local_settings:83 | /opt/mycroft/skills/mycroft-stop.mycroftai/settings.json
2021-10-26 14:09:42.799 | INFO     |  5695 | mycroft.skills.skill_loader:_check_for_first_run:324 | First run of mycroft-stop.mycroftai
2021-10-26 14:09:42.800 | INFO     |  5695 | mycroft.skills.settings:save_settings:116 | Skill settings successfully saved to /home/runner/.config/mycroft/skills/mycroft-stop.mycroftai/settings.json
2021-10-26 14:09:42.801 | INFO     |  5695 | mycroft.skills.skill_loader:_communicate_load_status:344 | Skill mycroft-stop.mycroftai loaded successfully
2021-10-26 14:09:42.801 | INFO     |  5695 | mycroft.skills.skill_loader:load:185 | ATTEMPTING TO LOAD SKILL: mycroft-hello-world.mycroftai
2021-10-26 14:09:42.805 | INFO     |  5695 | mycroft.skills.settings:get_local_settings:83 | /opt/mycroft/skills/mycroft-hello-world.mycroftai/settings.json
2021-10-26 14:09:42.819 | INFO     |  5695 | mycroft.skills.skill_loader:_check_for_first_run:324 | First run of mycroft-hello-world.mycroftai
2021-10-26 14:09:42.823 | INFO     |  5695 | mycroft.skills.settings:save_settings:116 | Skill settings successfully saved to /home/runner/.config/mycroft/skills/mycroft-hello-world.mycroftai/settings.json
2021-10-26 14:09:42.825 | INFO     |  5695 | mycroft.skills.skill_loader:_communicate_load_status:344 | Skill mycroft-hello-world.mycroftai loaded successfully
2021-10-26 14:09:42.826 | INFO     |  5695 | mycroft.skills.skill_loader:load:185 | ATTEMPTING TO LOAD SKILL: mycroft-date-time.mycroftai
2021-10-26 14:09:43.386 | INFO     |  5695 | mycroft.skills.settings:get_local_settings:83 | /opt/mycroft/skills/mycroft-date-time.mycroftai/settings.json
2021-10-26 14:09:43.448 | INFO     |  5695 | TimeSkill | Registering resting screen <bound method TimeSkill.handle_idle of <mycroft-date-time_mycroftai.TimeSkill object at 0x7f770030b090>> for Time and Date.
2021-10-26 14:09:43.449 | INFO     |  5695 | TimeSkill | Registering resting screen
2021-10-26 14:09:43.453 | INFO     |  5695 | mycroft.skills.skill_loader:_check_for_first_run:324 | First run of mycroft-date-time.mycroftai
2021-10-26 14:09:43.454 | INFO     |  5695 | mycroft.skills.settings:save_settings:116 | Skill settings successfully saved to /home/runner/.config/mycroft/skills/mycroft-date-time.mycroftai/settings.json
2021-10-26 14:09:43.454 | INFO     |  5695 | mycroft.skills.skill_loader:_communicate_load_status:344 | Skill mycroft-date-time.mycroftai loaded successfully
2021-10-26 14:09:43.457 | INFO     |  5695 | mycroft.skills.skill_loader:load:185 | ATTEMPTING TO LOAD SKILL: mycroft-configuration.mycroftai
2021-10-26 14:09:43.462 | INFO     |  5695 | mycroft.skills.settings:get_local_settings:83 | /opt/mycroft/skills/mycroft-configuration.mycroftai/settings.json
2021-10-26 14:09:43.486 | INFO     |  5695 | mycroft.skills.skill_loader:_check_for_first_run:324 | First run of mycroft-configuration.mycroftai
2021-10-26 14:09:43.486 | INFO     |  5695 | mycroft.skills.settings:save_settings:116 | Skill settings successfully saved to /home/runner/.config/mycroft/skills/mycroft-configuration.mycroftai/settings.json
2021-10-26 14:09:43.487 | INFO     |  5695 | mycroft.skills.skill_loader:_communicate_load_status:344 | Skill mycroft-configuration.mycroftai loaded successfully
2021-10-26 14:09:43.487 | INFO     |  5695 | mycroft.skills.skill_loader:load:185 | ATTEMPTING TO LOAD SKILL: fallback-query.mycroftai
2021-10-26 14:09:43.495 | INFO     |  5695 | mycroft.skills.settings:get_local_settings:83 | /opt/mycroft/skills/fallback-query.mycroftai/settings.json
2021-10-26 14:09:43.503 | INFO     |  5695 | mycroft.skills.skill_loader:_check_for_first_run:324 | First run of fallback-query.mycroftai
2021-10-26 14:09:43.504 | INFO     |  5695 | mycroft.skills.settings:save_settings:116 | Skill settings successfully saved to /home/runner/.config/mycroft/skills/fallback-query.mycroftai/settings.json
2021-10-26 14:09:43.512 | INFO     |  5695 | mycroft.skills.skill_loader:_communicate_load_status:344 | Skill fallback-query.mycroftai loaded successfully
2021-10-26 14:09:43.512 | INFO     |  5695 | mycroft.skills.skill_loader:load:185 | ATTEMPTING TO LOAD SKILL: mycroft-personal.mycroftai
2021-10-26 14:09:43.521 | INFO     |  5695 | mycroft.skills.settings:get_local_settings:83 | /opt/mycroft/skills/mycroft-personal.mycroftai/settings.json
2021-10-26 14:09:43.547 | INFO     |  5695 | mycroft.skills.skill_loader:_check_for_first_run:324 | First run of mycroft-personal.mycroftai
2021-10-26 14:09:43.548 | INFO     |  5695 | mycroft.skills.settings:save_settings:116 | Skill settings successfully saved to /home/runner/.config/mycroft/skills/mycroft-personal.mycroftai/settings.json
2021-10-26 14:09:43.548 | INFO     |  5695 | mycroft.skills.skill_loader:_communicate_load_status:344 | Skill mycroft-personal.mycroftai loaded successfully
2021-10-26 14:09:43.549 | INFO     |  5695 | mycroft.skills.skill_loader:load:185 | ATTEMPTING TO LOAD SKILL: fallback-wolfram-alpha.mycroftai
2021-10-26 14:09:43.628 | INFO     |  5695 | mycroft.skills.settings:get_local_settings:83 | /opt/mycroft/skills/fallback-wolfram-alpha.mycroftai/settings.json
2021-10-26 14:09:43.665 | INFO     |  5695 | mycroft.skills.skill_loader:_check_for_first_run:324 | First run of fallback-wolfram-alpha.mycroftai
2021-10-26 14:09:43.691 | INFO     |  5695 | mycroft.skills.settings:save_settings:116 | Skill settings successfully saved to /home/runner/.config/mycroft/skills/fallback-wolfram-alpha.mycroftai/settings.json
2021-10-26 14:09:43.723 | INFO     |  5695 | mycroft.skills.skill_loader:_communicate_load_status:344 | Skill fallback-wolfram-alpha.mycroftai loaded successfully
2021-10-26 14:09:43.724 | INFO     |  5695 | mycroft.skills.skill_loader:load:185 | ATTEMPTING TO LOAD SKILL: mycroft-wiki.mycroftai
2021-10-26 14:09:43.729 | INFO     |  5695 | mycroft.skills.settings:get_local_settings:83 | /opt/mycroft/skills/mycroft-wiki.mycroftai/settings.json
2021-10-26 14:09:43.748 | INFO     |  5695 | mycroft.skills.skill_loader:_check_for_first_run:324 | First run of mycroft-wiki.mycroftai
2021-10-26 14:09:43.750 | INFO     |  5695 | mycroft.skills.settings:save_settings:116 | Skill settings successfully saved to /home/runner/.config/mycroft/skills/mycroft-wiki.mycroftai/settings.json
2021-10-26 14:09:43.783 | INFO     |  5695 | mycroft.skills.skill_loader:_communicate_load_status:344 | Skill mycroft-wiki.mycroftai loaded successfully
2021-10-26 14:09:43.783 | INFO     |  5695 | mycroft.skills.skill_loader:load:185 | ATTEMPTING TO LOAD SKILL: fallback-unknown.mycroftai
2021-10-26 14:09:43.790 | INFO     |  5695 | mycroft.skills.settings:get_local_settings:83 | /opt/mycroft/skills/fallback-unknown.mycroftai/settings.json
2021-10-26 14:09:43.799 | INFO     |  5695 | mycroft.skills.skill_loader:_check_for_first_run:324 | First run of fallback-unknown.mycroftai
2021-10-26 14:09:43.800 | INFO     |  5695 | mycroft.skills.settings:save_settings:116 | Skill settings successfully saved to /home/runner/.config/mycroft/skills/fallback-unknown.mycroftai/settings.json
2021-10-26 14:09:43.800 | INFO     |  5695 | mycroft.skills.skill_loader:_communicate_load_status:344 | Skill fallback-unknown.mycroftai loaded successfully
2021-10-26 14:09:43.801 | INFO     |  5695 | mycroft.skills.skill_loader:load:185 | ATTEMPTING TO LOAD SKILL: mycroft-playback-control.mycroftai
2021-10-26 14:09:43.830 | INFO     |  5695 | mycroft.skills.settings:get_local_settings:83 | /opt/mycroft/skills/mycroft-playback-control.mycroftai/settings.json
2021-10-26 14:09:43.859 | INFO     |  5695 | mycroft.skills.skill_loader:_check_for_first_run:324 | First run of mycroft-playback-control.mycroftai
2021-10-26 14:09:43.860 | INFO     |  5695 | mycroft.skills.settings:save_settings:116 | Skill settings successfully saved to /home/runner/.config/mycroft/skills/mycroft-playback-control.mycroftai/settings.json
2021-10-26 14:09:43.877 | INFO     |  5695 | mycroft.skills.skill_loader:_communicate_load_status:344 | Skill mycroft-playback-control.mycroftai loaded successfully
2021-10-26 14:09:43.877 | INFO     |  5695 | mycroft.skills.skill_manager:_load_on_startup:275 | Skills all loaded!
2021-10-26 14:09:43.927 | INFO     |  5695 | mycroft.skills.intent_services.padatious_service:train:151 | Training... (single_thread=False)
2021-10-26 14:09:43.968 | INFO     |  5695 | __main__:on_ready:185 | Skills service is ready.
Regenerated mycroft-alarm.mycroftai:{daytype}.
Regenerated mycroft-reminder.mycroftai:GetRemindersForDay.intent.
Regenerated mycroft-reminder.mycroftai:GetNextReminders.intent.
Regenerated mycroft-reminder.mycroftai:Reminder.intent.
Regenerated mycroft-reminder.mycroftai:SnoozeReminder.intent.
Regenerated mycroft-reminder.mycroftai:UnspecifiedReminderAt.intent.
Regenerated mycroft-reminder.mycroftai:ClearReminders.intent.
Regenerated mycroft-reminder.mycroftai:DeleteReminderForDay.intent.
Regenerated mycroft-installer.mycroftai:remove.intent.
Regenerated mycroft-timer.mycroftai:start.timer.intent.
Regenerated mycroft-timer.mycroftai:timer.status.intent.
Regenerated homeassistant.mycroftai:turn.on.intent.
Regenerated homeassistant.mycroftai:toggle.intent.
Regenerated homeassistant.mycroftai:decrease.light.brightness.intent.
Regenerated homeassistant.mycroftai:automation.intent.
Regenerated mycroft-alarm.mycroftai:snooze.intent.
Regenerated mycroft-alarm.mycroftai:change.alarm.sound.intent.
Regenerated mycroft-npr-news.mycroftai:PlayTheNews.intent.
Regenerated mycroft-support-helper.mycroftai:contact.support.intent.
Regenerated mycroft-weather.mycroftai:do-i-need-an-umbrella.intent.
Regenerated mycroft-audio-record.mycroftai:PlayRecording.intent.
Regenerated mycroft-audio-record.mycroftai:StartRecording.intent.
Regenerated mycroft-personal.mycroftai:WhenWereYouBorn.intent.
Regenerated mycroft-personal.mycroftai:WhereWereYouBorn.intent.
Regenerated mycroft-personal.mycroftai:DoYouRhyme.intent.
Regenerated mycroft-personal.mycroftai:WhoAreYou.intent.
Regenerated mycroft-personal.mycroftai:WhatAreYou.intent.
Regenerated mycroft-personal.mycroftai:DoYouDream.intent.
Regenerated mycroft-wiki.mycroftai:Random.intent.
Regenerated mycroft-reminder.mycroftai:CancelActiveReminder.intent.
Regenerated mycroft-reminder.mycroftai:ReminderAt.intent.
Regenerated mycroft-installer.mycroftai:install.beta.intent.
Regenerated mycroft-installer.mycroftai:install.intent.
Regenerated mycroft-installer.mycroftai:is.installed.intent.
Regenerated mycroft-installer.mycroftai:list.skills.intent.
Regenerated mycroft-installer.mycroftai:install.custom.intent.
Regenerated homeassistant.mycroftai:tracker.intent.
Regenerated homeassistant.mycroftai:turn.off.intent.
Regenerated homeassistant.mycroftai:increase.light.brightness.intent.
Regenerated homeassistant.mycroftai:sensor.intent.
Regenerated homeassistant.mycroftai:set.climate.intent.
Regenerated homeassistant.mycroftai:add.item.shopping.list.intent.
Regenerated homeassistant.mycroftai:set.light.brightness.intent.
Regenerated mycroft-stop.mycroftai:wifi.setup.intent.
Regenerated mycroft-stop.mycroftai:reboot.intent.
Regenerated mycroft-stop.mycroftai:ssh.enable.intent.
Regenerated mycroft-stop.mycroftai:shutdown.intent.
Regenerated mycroft-stop.mycroftai:ssh.disable.intent.
Regenerated mycroft-hello-world.mycroftai:HowAreYou.intent.
Regenerated mycroft-date-time.mycroftai:date.last.weekend.intent.
Regenerated mycroft-date-time.mycroftai:date.future.weekend.intent.
Regenerated mycroft-date-time.mycroftai:what.time.is.it.intent.
Regenerated mycroft-date-time.mycroftai:what.time.will.it.be.intent.
Regenerated mycroft-configuration.mycroftai:EnablePreciseDev.intent.
Regenerated mycroft-configuration.mycroftai:WhereAreYou.intent.
Regenerated mycroft-configuration.mycroftai:DisablePreciseDev.intent.
Regenerated mycroft-personal.mycroftai:WhoMadeYou.intent.
2021-10-26 14:09:46.036 | INFO     |  5695 | mycroft.skills.intent_services.padatious_service:train:153 | Training complete.
2021-10-26 14:09:58.440 | INFO     |  5695 | mycroft.skills.settings:save_settings:116 | Skill settings successfully saved to /home/runner/.config/mycroft/skills/mycroft-pairing.mycroftai/settings.json
2021-10-26 14:09:58.743 | INFO     |  5695 | mycroft.skills.settings:save_settings:116 | Skill settings successfully saved to /home/runner/.config/mycroft/skills/mycroft-timer.mycroftai/settings.json
2021-10-26 14:10:24.054 | INFO     |  5695 | __main__:on_stopping:193 | Skills service is shutting down...
2021-10-26 14:10:24.054 | INFO     |  5695 | __main__:shutdown:284 | Shutting down Skills service
2021-10-26 14:10:24.538 | ERROR    |  5695 | VolumeSkill | Couldn't allocate mixer, ALSAAudioError('No such file or directory [default]')
2021-10-26 14:10:24.540 | INFO     |  5695 | mycroft.skills.settings:save_settings:116 | Skill settings successfully saved to /home/runner/.config/mycroft/skills/mycroft-volume.mycroftai/settings.json
2021-10-26 14:10:24.541 | INFO     |  5695 | mycroft.skills.settings:save_settings:116 | Skill settings successfully saved to /home/runner/.config/mycroft/skills/mycroft-ip.mycroftai/settings.json
2021-10-26 14:10:24.543 | INFO     |  5695 | mycroft.skills.settings:save_settings:116 | Skill settings successfully saved to /home/runner/.config/mycroft/skills/mycroft-reminder.mycroftai/settings.json
2021-10-26 14:10:24.565 | INFO     |  5695 | mycroft.skills.settings:save_settings:116 | Skill settings successfully saved to /home/runner/.config/mycroft/skills/mycroft-installer.mycroftai/settings.json
2021-10-26 14:10:24.567 | INFO     |  5695 | mycroft.skills.settings:save_settings:116 | Skill settings successfully saved to /home/runner/.config/mycroft/skills/mycroft-version-checker.mycroftai/settings.json
2021-10-26 14:10:24.569 | INFO     |  5695 | mycroft.skills.settings:save_settings:116 | Skill settings successfully saved to /home/runner/.config/mycroft/skills/mycroft-singing.mycroftai/settings.json
2021-10-26 14:10:24.576 | INFO     |  5695 | mycroft.skills.settings:save_settings:116 | Skill settings successfully saved to /home/runner/.config/mycroft/skills/mycroft-joke.mycroftai/settings.json
2021-10-26 14:10:24.592 | INFO     |  5695 | HomeAssistantSkill | Removing all handlers...
2021-10-26 14:10:24.593 | WARNING  |  5695 | mycroft.skills.fallback_skill:remove_fallback:185 | Could not find matching fallback handler
2021-10-26 14:10:24.599 | INFO     |  5695 | mycroft.skills.settings:save_settings:116 | Skill settings successfully saved to /home/runner/.config/mycroft/skills/mycroft-alarm.mycroftai/settings.json
2021-10-26 14:10:24.600 | INFO     |  5695 | mycroft.skills.settings:save_settings:116 | Skill settings successfully saved to /home/runner/.config/mycroft/skills/mycroft-naptime.mycroftai/settings.json
2021-10-26 14:10:24.601 | INFO     |  5695 | mycroft.skills.settings:save_settings:116 | Skill settings successfully saved to /home/runner/.config/mycroft/skills/mycroft-spelling.mycroftai/settings.json
2021-10-26 14:10:24.602 | INFO     |  5695 | mycroft.skills.settings:save_settings:116 | Skill settings successfully saved to /home/runner/.config/mycroft/skills/mycroft-fallback-duck-duck-go.mycroftai/settings.json
2021-10-26 14:10:24.607 | INFO     |  5695 | mycroft.skills.settings:save_settings:116 | Skill settings successfully saved to /home/runner/.config/mycroft/skills/mycroft-npr-news.mycroftai/settings.json
2021-10-26 14:10:24.609 | INFO     |  5695 | mycroft.skills.settings:save_settings:116 | Skill settings successfully saved to /home/runner/.config/mycroft/skills/mycroft-support-helper.mycroftai/settings.json
2021-10-26 14:10:24.624 | INFO     |  5695 | mycroft.skills.settings:save_settings:116 | Skill settings successfully saved to /home/runner/.config/mycroft/skills/mycroft-weather.mycroftai/settings.json
2021-10-26 14:10:24.662 | INFO     |  5695 | mycroft.skills.settings:save_settings:116 | Skill settings successfully saved to /home/runner/.config/mycroft/skills/mycroft-speak.mycroftai/settings.json
2021-10-26 14:10:24.663 | INFO     |  5695 | mycroft.skills.settings:save_settings:116 | Skill settings successfully saved to /home/runner/.config/mycroft/skills/mycroft-audio-record.mycroftai/settings.json
2021-10-26 14:10:24.672 | INFO     |  5695 | mycroft.skills.settings:save_settings:116 | Skill settings successfully saved to /home/runner/.config/mycroft/skills/mycroft-stop.mycroftai/settings.json
2021-10-26 14:10:24.681 | INFO     |  5695 | mycroft.skills.settings:save_settings:116 | Skill settings successfully saved to /home/runner/.config/mycroft/skills/mycroft-hello-world.mycroftai/settings.json
2021-10-26 14:10:24.682 | INFO     |  5695 | mycroft.skills.settings:save_settings:116 | Skill settings successfully saved to /home/runner/.config/mycroft/skills/mycroft-date-time.mycroftai/settings.json
2021-10-26 14:10:24.684 | INFO     |  5695 | mycroft.skills.settings:save_settings:116 | Skill settings successfully saved to /home/runner/.config/mycroft/skills/mycroft-configuration.mycroftai/settings.json
2021-10-26 14:10:24.685 | INFO     |  5695 | QuestionsAnswersSkill | Removing all handlers...
2021-10-26 14:10:24.686 | INFO     |  5695 | mycroft.skills.settings:save_settings:116 | Skill settings successfully saved to /home/runner/.config/mycroft/skills/fallback-query.mycroftai/settings.json
2021-10-26 14:10:24.687 | INFO     |  5695 | mycroft.skills.settings:save_settings:116 | Skill settings successfully saved to /home/runner/.config/mycroft/skills/mycroft-personal.mycroftai/settings.json
2021-10-26 14:10:24.687 | INFO     |  5695 | mycroft.skills.settings:save_settings:116 | Skill settings successfully saved to /home/runner/.config/mycroft/skills/fallback-wolfram-alpha.mycroftai/settings.json
2021-10-26 14:10:24.688 | INFO     |  5695 | mycroft.skills.settings:save_settings:116 | Skill settings successfully saved to /home/runner/.config/mycroft/skills/mycroft-wiki.mycroftai/settings.json
2021-10-26 14:10:24.689 | INFO     |  5695 | UnknownSkill | Removing all handlers...
2021-10-26 14:10:24.689 | INFO     |  5695 | mycroft.skills.settings:save_settings:116 | Skill settings successfully saved to /home/runner/.config/mycroft/skills/fallback-unknown.mycroftai/settings.json
2021-10-26 14:10:24.690 | INFO     |  5695 | mycroft.skills.settings:save_settings:116 | Skill settings successfully saved to /home/runner/.config/mycroft/skills/mycroft-playback-control.mycroftai/settings.json
2021-10-26 14:10:25.691 | INFO     |  5695 | Playback Control Skill | Audio service status: {}
2021-10-26 14:10:26.692 | WARNING  |  5695 | mycroft.skills.skill_manager:_shutdown_skill:106 | mycroft-playback-control.mycroftai shutdown took 2.0019659569999817 seconds
2021-10-26 14:10:26.693 | INFO     |  5695 | __main__:shutdown:291 | Skills service shutdown complete!
2021-10-26 14:10:28.303 | ERROR    |  5695 | websocket | error from callback <bound method MessageBusClient.on_message of <mycroft.messagebus.client.client.MessageBusClient object at 0x7f7709aec550>>: cannot schedule new futures after shutdown
2021-10-26 14:10:28.305 | ERROR    |  5695 | websocket | error from callback <bound method MessageBusClient.on_message of <mycroft.messagebus.client.client.MessageBusClient object at 0x7f7709aec550>>: cannot schedule new futures after shutdown
2021-10-26 14:10:28.307 | ERROR    |  5695 | websocket | error from callback <bound method MessageBusClient.on_message of <mycroft.messagebus.client.client.MessageBusClient object at 0x7f7709aec550>>: cannot schedule new futures after shutdown
2021-10-26 14:10:28.309 | ERROR    |  5695 | websocket | error from callback <bound method MessageBusClient.on_message of <mycroft.messagebus.client.client.MessageBusClient object at 0x7f7709aec550>>: cannot schedule new futures after shutdown
2021-10-26 14:10:28.352 | ERROR    |  5695 | websocket | error from callback <bound method MessageBusClient.on_message of <mycroft.messagebus.client.client.MessageBusClient object at 0x7f7709aec550>>: cannot schedule new futures after shutdown
