2022-10-20 20:02:37.205 | INFO     |  4797 | __main__:create_enclosure:55 | Creating generic enclosure, platform='None'
2022-10-20 20:02:37.213 | INFO     |  4797 | mycroft.messagebus.load_config:load_message_bus_config:33 | Loading message bus configs
2022-10-20 20:02:37.214 | INFO     |  4797 | mycroft.client.enclosure.base:create_gui_service:473 | Starting message bus for GUI...
2022-10-20 20:02:37.217 | INFO     |  4797 | mycroft.client.enclosure.base:create_gui_service:483 | GUI Message bus started!
2022-10-20 20:02:37.218 | INFO     |  4797 | mycroft.enclosure.display_manager:init_display_manager_bus_connection:152 | Connecting display manager to messagebus
2022-10-20 20:02:37.218 | INFO     |  4797 | mycroft.messagebus.load_config:load_message_bus_config:33 | Loading message bus configs
2022-10-20 20:02:37.219 | ERROR    |  4797 | mycroft_bus_client.client.client | === ConnectionRefusedError(111, 'Connection refused') ===
Traceback (most recent call last):
  File "/opt/mycroft-core/.venv/lib/python3.7/site-packages/websocket/_app.py", line 318, in run_forever
    proxy_type=proxy_type)
  File "/opt/mycroft-core/.venv/lib/python3.7/site-packages/websocket/_core.py", line 250, in connect
    options.pop('socket', None))
  File "/opt/mycroft-core/.venv/lib/python3.7/site-packages/websocket/_http.py", line 130, in connect
    sock = _open_socket(addrinfo_list, options.sockopt, options.timeout)
  File "/opt/mycroft-core/.venv/lib/python3.7/site-packages/websocket/_http.py", line 208, in _open_socket
    raise err
  File "/opt/mycroft-core/.venv/lib/python3.7/site-packages/websocket/_http.py", line 185, in _open_socket
    sock.connect(address)
ConnectionRefusedError: [Errno 111] Connection refused
2022-10-20 20:02:37.220 | ERROR    |  4797 | mycroft_bus_client.client.client | Exception closing websocket: ConnectionRefusedError(111, 'Connection refused')
2022-10-20 20:02:37.220 | WARNING  |  4797 | mycroft_bus_client.client.client | Message Bus Client will reconnect in 5.0 seconds.
2022-10-20 20:02:37.497 | INFO     |  4797 | mycroft_bus_client.client.client | Connected
2022-10-20 20:02:37.504 | INFO     |  4797 | mycroft.util.process_utils:start_message_bus_client:155 | Connected to messagebus
2022-10-20 20:02:37.504 | INFO     |  4797 | __main__:on_ready:26 | Enclosure started!
2022-10-20 20:02:42.226 | INFO     |  4797 | mycroft_bus_client.client.client | Connected
2022-10-20 20:04:46.033 | ERROR    |  4797 | concurrent.futures | exception calling callback for <Future at 0x7f346a0e7a10 state=finished raised Exception>
Traceback (most recent call last):
  File "/opt/hostedtoolcache/Python/3.7.15/x64/lib/python3.7/concurrent/futures/_base.py", line 324, in _invoke_callbacks
    callback(self)
  File "/opt/mycroft-core/.venv/lib/python3.7/site-packages/pyee/_executor.py", line 56, in _callback
    self.emit('error', exc)
  File "/opt/mycroft-core/.venv/lib/python3.7/site-packages/pyee/_base.py", line 116, in emit
    self._emit_handle_potential_error(event, args[0] if args else None)
  File "/opt/mycroft-core/.venv/lib/python3.7/site-packages/pyee/_base.py", line 86, in _emit_handle_potential_error
    raise error
  File "/opt/hostedtoolcache/Python/3.7.15/x64/lib/python3.7/concurrent/futures/thread.py", line 57, in run
    result = self.fn(*self.args, **self.kwargs)
  File "/opt/mycroft-core/mycroft/client/enclosure/generic/__init__.py", line 72, in is_device_ready
    raise Exception('Timeout waiting for services start.')
Exception: Timeout waiting for services start.
2022-10-20 20:05:16.634 | INFO     |  4797 | __main__:on_stopping:30 | Enclosure is shutting down...
