2021-10-11 20:46:44.755 | INFO     |  5495 | mycroft.messagebus.load_config:load_message_bus_config:33 | Loading message bus configs
2021-10-11 20:46:44.761 | ERROR    |  5495 | mycroft_bus_client.client.client | === ConnectionRefusedError(111, 'Connection refused') ===
Traceback (most recent call last):
  File "/opt/mycroft-core/.venv/lib/python3.7/site-packages/websocket/_app.py", line 254, in run_forever
    proxy_type=proxy_type)
  File "/opt/mycroft-core/.venv/lib/python3.7/site-packages/websocket/_core.py", line 220, in connect
    options.pop('socket', None))
  File "/opt/mycroft-core/.venv/lib/python3.7/site-packages/websocket/_http.py", line 120, in connect
    sock = _open_socket(addrinfo_list, options.sockopt, options.timeout)
  File "/opt/mycroft-core/.venv/lib/python3.7/site-packages/websocket/_http.py", line 190, in _open_socket
    raise err
  File "/opt/mycroft-core/.venv/lib/python3.7/site-packages/websocket/_http.py", line 170, in _open_socket
    sock.connect(address)
ConnectionRefusedError: [Errno 111] Connection refused
2021-10-11 20:46:44.761 | ERROR    |  5495 | mycroft_bus_client.client.client | Exception closing websocket: ConnectionRefusedError(111, 'Connection refused')
2021-10-11 20:46:44.761 | WARNING  |  5495 | mycroft_bus_client.client.client | Message Bus Client will reconnect in 5 seconds.
2021-10-11 20:46:49.767 | INFO     |  5495 | mycroft_bus_client.client.client | Connected
2021-10-11 20:46:49.769 | INFO     |  5495 | mycroft.util.process_utils:start_message_bus_client:155 | Connected to messagebus
2021-10-11 20:46:49.773 | INFO     |  5495 | mycroft.skills.msm_wrapper:create_msm:96 | Acquiring lock to instantiate MSM
2021-10-11 20:46:49.773 | INFO     |  5495 | msm.mycroft_skills_manager | building SkillEntry objects for all skills
2021-10-11 20:46:52.062 | WARNING  |  5495 | msm.mycroft_skills_manager | No such default skill: mycroft-pandora
2021-10-11 20:46:52.072 | INFO     |  5495 | mycroft.skills.msm_wrapper:create_msm:112 | Releasing MSM instantiation lock.
2021-10-11 20:46:52.073 | INFO     |  5495 | mycroft.skills.skill_updater:_log_next_download_time:267 | Next scheduled skill update: 2021-10-11 20:46:51.072771
2021-10-11 20:46:52.073 | INFO     |  5495 | msm.skill_entry | Downloading skill: https://github.com/mycroftai/skill-pairing
2021-10-11 20:46:54.393 | INFO     |  5495 | msm.skill_entry | Installing system requirements...
2021-10-11 20:46:54.414 | INFO     |  5495 | msm.skill_entry | Successfully installed mycroft-pairing
2021-10-11 20:46:54.415 | INFO     |  5495 | msm.mycroft_skills_manager | invalidating skills cache
2021-10-11 20:46:54.417 | INFO     |  5495 | mycroft.skills.skill_loader:load:185 | ATTEMPTING TO LOAD SKILL: mycroft-pairing.mycroftai
2021-10-11 20:46:54.430 | INFO     |  5495 | mycroft.skills.settings:get_local_settings:83 | /opt/mycroft/skills/mycroft-pairing.mycroftai/settings.json
2021-10-11 20:46:54.470 | INFO     |  5495 | mycroft.skills.skill_loader:_check_for_first_run:324 | First run of mycroft-pairing.mycroftai
2021-10-11 20:46:54.471 | INFO     |  5495 | mycroft.skills.settings:save_settings:116 | Skill settings successfully saved to /home/runner/.config/mycroft/skills/mycroft-pairing.mycroftai/settings.json
2021-10-11 20:46:54.472 | INFO     |  5495 | mycroft.skills.skill_loader:_communicate_load_status:344 | Skill mycroft-pairing.mycroftai loaded successfully
2021-10-11 20:46:54.480 | INFO     |  5495 | msm.skill_entry | Downloading skill: https://github.com/mycroftai/skill-volume
2021-10-11 20:46:55.302 | INFO     |  5495 | msm.skill_entry | Installing system requirements...
2021-10-11 20:46:55.315 | INFO     |  5495 | msm.skill_entry | Installing requirements.txt for mycroft-volume
2021-10-11 20:46:56.210 | INFO     |  5495 | msm.skill_entry | Successfully installed mycroft-volume
2021-10-11 20:46:56.210 | INFO     |  5495 | msm.mycroft_skills_manager | invalidating skills cache
2021-10-11 20:46:56.337 | INFO     |  5495 | mycroft.skills.skill_loader:load:185 | ATTEMPTING TO LOAD SKILL: mycroft-volume.mycroftai
2021-10-11 20:46:56.346 | INFO     |  5495 | mycroft.skills.settings:get_local_settings:83 | /opt/mycroft/skills/mycroft-volume.mycroftai/settings.json
2021-10-11 20:46:56.390 | ERROR    |  5495 | VolumeSkill | Couldn't allocate mixer, ALSAAudioError('No such file or directory [default]')
2021-10-11 20:46:59.392 | INFO     |  5495 | mycroft.skills.skill_loader:_check_for_first_run:324 | First run of mycroft-volume.mycroftai
2021-10-11 20:46:59.393 | INFO     |  5495 | mycroft.skills.settings:save_settings:116 | Skill settings successfully saved to /home/runner/.config/mycroft/skills/mycroft-volume.mycroftai/settings.json
2021-10-11 20:46:59.421 | INFO     |  5495 | mycroft.skills.skill_loader:_communicate_load_status:344 | Skill mycroft-volume.mycroftai loaded successfully
2021-10-11 20:46:59.422 | INFO     |  5495 | __main__:on_started:177 | Skills service is starting up.
2021-10-11 20:46:59.530 | INFO     |  5495 | __main__:_update_system:154 | Attempting system update...
2021-10-11 20:47:02.532 | INFO     |  5495 | mycroft.enclosure.display_manager:_write_data:70 | Display Manager is creating /tmp/mycroft/ipc/managers/disp_info
2021-10-11 20:47:02.532 | INFO     |  5495 | __main__:_ensure_device_is_paired:133 | Device not paired, invoking the pairing skill
2021-10-11 20:47:02.534 | INFO     |  5495 | __main__:on_alive:181 | Skills service is alive.
2021-10-11 20:47:02.545 | INFO     |  5495 | msm.mycroft_skills_manager | building SkillEntry objects for all skills
2021-10-11 20:47:02.841 | INFO     |  5495 | PairingSkill | Communicating account URL to user
2021-10-11 20:47:03.193 | WARNING  |  5495 | msm.mycroft_skills_manager | No such default skill: mycroft-pandora
2021-10-11 20:47:03.194 | INFO     |  5495 | mycroft.skills.skill_manager:run:234 | Not all default skills are installed, performing skill update...
2021-10-11 20:47:03.194 | INFO     |  5495 | mycroft.skills.skill_updater:update_skills:149 | Beginning skill update...
2021-10-11 20:47:03.312 | INFO     |  5495 | msm.mycroft_skills_manager | building SkillEntry objects for all skills
2021-10-11 20:47:03.779 | INFO     |  5495 | msm.mycroft_skills_manager | invalidating skills cache
2021-10-11 20:47:03.813 | INFO     |  5495 | msm.skill_entry | Downloading skill: https://github.com/mycroftai/fallback-wolfram-alpha
2021-10-11 20:47:03.819 | INFO     |  5495 | msm.skill_entry | Downloading skill: https://github.com/mycroftai/fallback-unknown
2021-10-11 20:47:03.824 | INFO     |  5495 | msm.skill_entry | Downloading skill: https://github.com/mycroftai/skill-alarm
2021-10-11 20:47:03.830 | INFO     |  5495 | msm.skill_entry | Downloading skill: https://github.com/mycroftai/skill-audio-record
2021-10-11 20:47:03.835 | INFO     |  5495 | msm.skill_entry | Downloading skill: https://github.com/mycroftai/skill-configuration
2021-10-11 20:47:03.837 | INFO     |  5495 | msm.skill_entry | Downloading skill: https://github.com/mycroftai/skill-date-time
2021-10-11 20:47:03.854 | INFO     |  5495 | msm.skill_entry | Downloading skill: https://github.com/mycroftai/fallback-duckduckgo
2021-10-11 20:47:03.858 | INFO     |  5495 | msm.skill_entry | Downloading skill: https://github.com/mycroftai/skill-hello-world
2021-10-11 20:47:03.860 | INFO     |  5495 | msm.skill_entry | Downloading skill: https://github.com/mycroftai/skill-installer
2021-10-11 20:47:03.863 | INFO     |  5495 | msm.skill_entry | Downloading skill: https://github.com/mycroftai/skill-ip
2021-10-11 20:47:03.870 | INFO     |  5495 | msm.skill_entry | Downloading skill: https://github.com/mycroftai/skill-joke
2021-10-11 20:47:03.876 | INFO     |  5495 | msm.skill_entry | Downloading skill: https://github.com/mycroftai/skill-naptime
2021-10-11 20:47:03.889 | INFO     |  5495 | msm.skill_entry | Downloading skill: https://github.com/mycroftai/skill-npr-news
2021-10-11 20:47:03.895 | INFO     |  5495 | msm.skill_entry | Downloading skill: https://github.com/mycroftai/skill-personal
2021-10-11 20:47:03.897 | INFO     |  5495 | msm.skill_entry | Downloading skill: https://github.com/mycroftai/skill-playback-control
2021-10-11 20:47:03.902 | INFO     |  5495 | msm.skill_entry | Downloading skill: https://github.com/mycroftai/skill-reminder
2021-10-11 20:47:03.912 | INFO     |  5495 | msm.skill_entry | Downloading skill: https://github.com/mycroftai/skill-singing
2021-10-11 20:47:04.728 | ERROR    |  5495 | msm.mycroft_skills_manager | Error running install_or_update on homeassistant.mycroftai: MergeConflict
2021-10-11 20:47:04.734 | INFO     |  5495 | msm.skill_entry | Downloading skill: https://github.com/mycroftai/skill-speak
2021-10-11 20:47:05.395 | INFO     |  5495 | msm.skill_entry | Installing system requirements...
2021-10-11 20:47:05.488 | INFO     |  5495 | msm.skill_entry | Installing system requirements...
2021-10-11 20:47:05.545 | INFO     |  5495 | msm.skill_entry | Installing system requirements...
2021-10-11 20:47:05.613 | INFO     |  5495 | msm.skill_entry | Installing system requirements...
2021-10-11 20:47:05.626 | INFO     |  5495 | msm.skill_entry | Installing system requirements...
2021-10-11 20:47:05.649 | INFO     |  5495 | msm.skill_entry | Successfully installed mycroft-naptime
2021-10-11 20:47:05.650 | INFO     |  5495 | msm.mycroft_skills_manager | invalidating skills cache
2021-10-11 20:47:05.651 | INFO     |  5495 | msm.skill_entry | Downloading skill: https://github.com/mycroftai/skill-spelling
2021-10-11 20:47:05.662 | INFO     |  5495 | msm.skill_entry | Installing system requirements...
2021-10-11 20:47:05.694 | INFO     |  5495 | msm.skill_entry | Nothing new for mycroft-pairing
2021-10-11 20:47:05.700 | INFO     |  5495 | msm.skill_entry | Installing system requirements...
2021-10-11 20:47:05.729 | INFO     |  5495 | msm.skill_entry | Installing system requirements...
2021-10-11 20:47:05.733 | INFO     |  5495 | msm.skill_entry | Installing system requirements...
2021-10-11 20:47:05.737 | INFO     |  5495 | msm.skill_entry | Installing requirements.txt for mycroft-fallback-duck-duck-go
2021-10-11 20:47:05.800 | INFO     |  5495 | msm.skill_entry | Installing system requirements...
2021-10-11 20:47:05.805 | INFO     |  5495 | msm.skill_entry | Installing requirements.txt for mycroft-joke
2021-10-11 20:47:05.810 | INFO     |  5495 | msm.skill_entry | Installing system requirements...
2021-10-11 20:47:05.889 | INFO     |  5495 | msm.skill_entry | Successfully installed mycroft-hello-world
2021-10-11 20:47:05.890 | INFO     |  5495 | msm.mycroft_skills_manager | invalidating skills cache
2021-10-11 20:47:05.891 | INFO     |  5495 | msm.skill_entry | Downloading skill: https://github.com/mycroftai/skill-stop
2021-10-11 20:47:05.899 | INFO     |  5495 | msm.skill_entry | Installing requirements.txt for mycroft-ip
2021-10-11 20:47:05.901 | INFO     |  5495 | msm.skill_entry | Nothing new for mycroft-volume
2021-10-11 20:47:05.905 | INFO     |  5495 | msm.skill_entry | Installing system requirements...
2021-10-11 20:47:05.949 | INFO     |  5495 | msm.skill_entry | Successfully installed mycroft-personal
2021-10-11 20:47:05.949 | INFO     |  5495 | msm.mycroft_skills_manager | invalidating skills cache
2021-10-11 20:47:05.950 | INFO     |  5495 | msm.skill_entry | Downloading skill: https://github.com/mycroftai/skill-support
2021-10-11 20:47:05.955 | INFO     |  5495 | msm.skill_entry | Successfully installed fallback-unknown
2021-10-11 20:47:05.955 | INFO     |  5495 | msm.mycroft_skills_manager | invalidating skills cache
2021-10-11 20:47:05.957 | INFO     |  5495 | msm.skill_entry | Installing requirements.txt for mycroft-audio-record
2021-10-11 20:47:05.958 | INFO     |  5495 | msm.skill_entry | Downloading skill: https://github.com/mycroftai/mycroft-timer
2021-10-11 20:47:05.971 | INFO     |  5495 | msm.skill_entry | Installing requirements.txt for fallback-wolfram-alpha
2021-10-11 20:47:05.974 | INFO     |  5495 | msm.skill_entry | Installing system requirements...
2021-10-11 20:47:06.020 | INFO     |  5495 | msm.skill_entry | Downloading skill: https://github.com/mycroftai/skill-weather
2021-10-11 20:47:06.045 | INFO     |  5495 | msm.skill_entry | Installing system requirements...
2021-10-11 20:47:06.068 | INFO     |  5495 | msm.skill_entry | Installing system requirements...
2021-10-11 20:47:06.078 | INFO     |  5495 | msm.skill_entry | Successfully installed mycroft-playback-control
2021-10-11 20:47:06.079 | INFO     |  5495 | msm.mycroft_skills_manager | invalidating skills cache
2021-10-11 20:47:06.080 | INFO     |  5495 | msm.skill_entry | Downloading skill: https://github.com/mycroftai/skill-version-checker
2021-10-11 20:47:06.090 | INFO     |  5495 | msm.skill_entry | Installing system requirements...
2021-10-11 20:47:06.096 | INFO     |  5495 | msm.skill_entry | Successfully installed mycroft-speak
2021-10-11 20:47:06.096 | INFO     |  5495 | msm.mycroft_skills_manager | invalidating skills cache
2021-10-11 20:47:06.098 | INFO     |  5495 | msm.skill_entry | Downloading skill: https://github.com/mycroftai/skill-wiki
2021-10-11 20:47:06.157 | INFO     |  5495 | msm.skill_entry | Installing system requirements...
2021-10-11 20:47:06.174 | INFO     |  5495 | msm.skill_entry | Installing requirements.txt for mycroft-volume
2021-10-11 20:47:06.206 | INFO     |  5495 | msm.skill_entry | Successfully installed mycroft-reminder
2021-10-11 20:47:06.206 | INFO     |  5495 | msm.mycroft_skills_manager | invalidating skills cache
2021-10-11 20:47:06.208 | INFO     |  5495 | msm.skill_entry | Downloading skill: https://github.com/MycroftAI/skill-query
2021-10-11 20:47:06.209 | INFO     |  5495 | msm.skill_entry | Installing requirements.txt for mycroft-installer
2021-10-11 20:47:06.220 | INFO     |  5495 | msm.skill_entry | Installing requirements.txt for mycroft-npr-news
2021-10-11 20:47:06.282 | INFO     |  5495 | msm.skill_entry | Installing requirements.txt for mycroft-configuration
2021-10-11 20:47:06.461 | INFO     |  5495 | msm.skill_entry | Installing system requirements...
2021-10-11 20:47:06.480 | INFO     |  5495 | msm.skill_entry | Installing system requirements...
2021-10-11 20:47:06.511 | INFO     |  5495 | msm.skill_entry | Installing requirements.txt for mycroft-date-time
2021-10-11 20:47:06.538 | INFO     |  5495 | msm.skill_entry | Installing requirements.txt for mycroft-alarm
2021-10-11 20:47:06.858 | INFO     |  5495 | msm.skill_entry | Installing system requirements...
2021-10-11 20:47:06.887 | INFO     |  5495 | msm.skill_entry | Successfully installed mycroft-spelling
2021-10-11 20:47:06.887 | INFO     |  5495 | msm.mycroft_skills_manager | invalidating skills cache
2021-10-11 20:47:07.178 | INFO     |  5495 | msm.skill_entry | Installing system requirements...
2021-10-11 20:47:07.217 | INFO     |  5495 | msm.skill_entry | Installing system requirements...
2021-10-11 20:47:07.227 | ERROR    |  5495 | msm.mycroft_skills_manager | Error running install_or_update on homeassistant: MergeConflict
2021-10-11 20:47:07.319 | INFO     |  5495 | msm.skill_entry | Installing system requirements...
2021-10-11 20:47:07.331 | INFO     |  5495 | msm.skill_entry | Successfully installed fallback-query
2021-10-11 20:47:07.332 | INFO     |  5495 | msm.mycroft_skills_manager | invalidating skills cache
2021-10-11 20:47:07.337 | INFO     |  5495 | msm.skill_entry | Successfully installed mycroft-stop
2021-10-11 20:47:07.337 | INFO     |  5495 | msm.mycroft_skills_manager | invalidating skills cache
2021-10-11 20:47:07.357 | INFO     |  5495 | msm.skill_entry | Installing system requirements...
2021-10-11 20:47:07.390 | INFO     |  5495 | msm.skill_entry | Installing system requirements...
2021-10-11 20:47:07.422 | INFO     |  5495 | msm.skill_entry | Installing requirements.txt for mycroft-support-helper
2021-10-11 20:47:07.435 | INFO     |  5495 | msm.skill_entry | Successfully installed mycroft-version-checker
2021-10-11 20:47:07.436 | INFO     |  5495 | msm.mycroft_skills_manager | invalidating skills cache
2021-10-11 20:47:07.446 | INFO     |  5495 | msm.skill_entry | Installing requirements.txt for mycroft-wiki
2021-10-11 20:47:07.633 | INFO     |  5495 | msm.skill_entry | Installing system requirements...
2021-10-11 20:47:07.663 | INFO     |  5495 | msm.skill_entry | Successfully installed mycroft-timer
2021-10-11 20:47:07.664 | INFO     |  5495 | msm.mycroft_skills_manager | invalidating skills cache
2021-10-11 20:47:07.764 | INFO     |  5495 | msm.skill_entry | Installing system requirements...
2021-10-11 20:47:07.786 | INFO     |  5495 | msm.skill_entry | Installing requirements.txt for mycroft-weather
2021-10-11 20:47:07.800 | INFO     |  5495 | msm.skill_entry | Installing system requirements...
2021-10-11 20:47:07.817 | INFO     |  5495 | msm.skill_entry | Successfully installed mycroft-singing
2021-10-11 20:47:07.817 | INFO     |  5495 | msm.mycroft_skills_manager | invalidating skills cache
2021-10-11 20:47:08.315 | INFO     |  5495 | msm.skill_entry | Successfully installed mycroft-fallback-duck-duck-go
2021-10-11 20:47:08.315 | INFO     |  5495 | msm.mycroft_skills_manager | invalidating skills cache
2021-10-11 20:47:09.369 | INFO     |  5495 | msm.skill_entry | Successfully installed mycroft-joke
2021-10-11 20:47:09.370 | INFO     |  5495 | msm.mycroft_skills_manager | invalidating skills cache
2021-10-11 20:47:10.187 | INFO     |  5495 | msm.skill_entry | Successfully installed mycroft-ip
2021-10-11 20:47:10.187 | INFO     |  5495 | msm.mycroft_skills_manager | invalidating skills cache
2021-10-11 20:47:11.007 | INFO     |  5495 | msm.skill_entry | Successfully installed mycroft-audio-record
2021-10-11 20:47:11.007 | INFO     |  5495 | msm.mycroft_skills_manager | invalidating skills cache
2021-10-11 20:47:15.158 | INFO     |  5495 | msm.skill_entry | Successfully installed fallback-wolfram-alpha
2021-10-11 20:47:15.159 | INFO     |  5495 | msm.mycroft_skills_manager | invalidating skills cache
2021-10-11 20:47:16.833 | INFO     |  5495 | msm.skill_entry | Successfully installed mycroft-installer
2021-10-11 20:47:16.833 | INFO     |  5495 | msm.mycroft_skills_manager | invalidating skills cache
2021-10-11 20:47:19.838 | INFO     |  5495 | msm.skill_entry | Successfully installed mycroft-npr-news
2021-10-11 20:47:19.839 | INFO     |  5495 | msm.mycroft_skills_manager | invalidating skills cache
2021-10-11 20:47:22.369 | INFO     |  5495 | msm.skill_entry | Successfully installed mycroft-configuration
2021-10-11 20:47:22.370 | INFO     |  5495 | msm.mycroft_skills_manager | invalidating skills cache
2021-10-11 20:47:33.176 | INFO     |  5495 | PairingSkill | Initiating device pairing sequence...
2021-10-11 20:47:33.177 | INFO     |  5495 | PairingSkill | Retrieving pairing code from device API...
2021-10-11 20:47:33.447 | INFO     |  5495 | PairingSkill | Pairing code obtained: CTYMRU
2021-10-11 20:47:33.447 | INFO     |  5495 | PairingSkill | Communicating pairing URL to user
2021-10-11 20:47:41.726 | INFO     |  5495 | msm.skill_entry | Successfully installed mycroft-date-time
2021-10-11 20:47:41.727 | INFO     |  5495 | msm.mycroft_skills_manager | invalidating skills cache
2021-10-11 20:47:42.604 | INFO     |  5495 | msm.skill_entry | Successfully installed mycroft-alarm
2021-10-11 20:47:42.604 | INFO     |  5495 | msm.mycroft_skills_manager | invalidating skills cache
2021-10-11 20:47:44.629 | INFO     |  5495 | msm.skill_entry | Successfully installed mycroft-support-helper
2021-10-11 20:47:44.629 | INFO     |  5495 | msm.mycroft_skills_manager | invalidating skills cache
2021-10-11 20:47:46.423 | INFO     |  5495 | msm.skill_entry | Successfully installed mycroft-wiki
2021-10-11 20:47:46.424 | INFO     |  5495 | msm.mycroft_skills_manager | invalidating skills cache
2021-10-11 20:47:47.380 | INFO     |  5495 | msm.skill_entry | Successfully installed mycroft-weather
2021-10-11 20:47:47.381 | INFO     |  5495 | msm.mycroft_skills_manager | invalidating skills cache
2021-10-11 20:47:47.478 | INFO     |  5495 | mycroft.skills.skill_updater:_log_next_download_time:267 | Next scheduled skill update: 2021-10-11 21:47:47.477963
2021-10-11 20:47:47.478 | INFO     |  5495 | mycroft.skills.skill_updater:update_skills:170 | Skill update complete
2021-10-11 20:47:47.479 | INFO     |  5495 | mycroft.skills.skill_manager:_load_on_startup:273 | Loading installed skills...
2021-10-11 20:47:47.480 | INFO     |  5495 | mycroft.skills.skill_loader:load:185 | ATTEMPTING TO LOAD SKILL: mycroft-ip.mycroftai
2021-10-11 20:47:47.500 | INFO     |  5495 | mycroft.skills.settings:get_local_settings:83 | /opt/mycroft/skills/mycroft-ip.mycroftai/settings.json
2021-10-11 20:47:47.510 | INFO     |  5495 | mycroft.skills.skill_loader:_check_for_first_run:324 | First run of mycroft-ip.mycroftai
2021-10-11 20:47:47.511 | INFO     |  5495 | mycroft.skills.settings:save_settings:116 | Skill settings successfully saved to /home/runner/.config/mycroft/skills/mycroft-ip.mycroftai/settings.json
2021-10-11 20:47:47.512 | INFO     |  5495 | mycroft.skills.skill_loader:_communicate_load_status:344 | Skill mycroft-ip.mycroftai loaded successfully
2021-10-11 20:47:47.513 | INFO     |  5495 | mycroft.skills.skill_loader:load:185 | ATTEMPTING TO LOAD SKILL: mycroft-reminder.mycroftai
2021-10-11 20:47:47.530 | INFO     |  5495 | mycroft.skills.settings:get_local_settings:83 | /opt/mycroft/skills/mycroft-reminder.mycroftai/settings.json
2021-10-11 20:47:47.563 | INFO     |  5495 | mycroft.skills.skill_loader:_check_for_first_run:324 | First run of mycroft-reminder.mycroftai
2021-10-11 20:47:47.563 | INFO     |  5495 | mycroft.skills.settings:save_settings:116 | Skill settings successfully saved to /home/runner/.config/mycroft/skills/mycroft-reminder.mycroftai/settings.json
2021-10-11 20:47:47.564 | INFO     |  5495 | mycroft.skills.skill_loader:_communicate_load_status:344 | Skill mycroft-reminder.mycroftai loaded successfully
2021-10-11 20:47:47.565 | INFO     |  5495 | mycroft.skills.skill_loader:load:185 | ATTEMPTING TO LOAD SKILL: mycroft-installer.mycroftai
2021-10-11 20:47:47.572 | INFO     |  5495 | mycroft.skills.settings:get_local_settings:83 | /opt/mycroft/skills/mycroft-installer.mycroftai/settings.json
2021-10-11 20:47:47.592 | INFO     |  5495 | mycroft.skills.skill_loader:_check_for_first_run:324 | First run of mycroft-installer.mycroftai
2021-10-11 20:47:47.593 | INFO     |  5495 | mycroft.skills.settings:save_settings:116 | Skill settings successfully saved to /home/runner/.config/mycroft/skills/mycroft-installer.mycroftai/settings.json
2021-10-11 20:47:47.595 | INFO     |  5495 | mycroft.skills.skill_loader:_communicate_load_status:344 | Skill mycroft-installer.mycroftai loaded successfully
2021-10-11 20:47:47.595 | INFO     |  5495 | mycroft.skills.skill_loader:load:185 | ATTEMPTING TO LOAD SKILL: mycroft-version-checker.mycroftai
2021-10-11 20:47:47.600 | INFO     |  5495 | mycroft.skills.settings:get_local_settings:83 | /opt/mycroft/skills/mycroft-version-checker.mycroftai/settings.json
2021-10-11 20:47:47.615 | INFO     |  5495 | mycroft.skills.skill_loader:_check_for_first_run:324 | First run of mycroft-version-checker.mycroftai
2021-10-11 20:47:47.616 | INFO     |  5495 | mycroft.skills.settings:save_settings:116 | Skill settings successfully saved to /home/runner/.config/mycroft/skills/mycroft-version-checker.mycroftai/settings.json
2021-10-11 20:47:47.617 | INFO     |  5495 | mycroft.skills.skill_loader:_communicate_load_status:344 | Skill mycroft-version-checker.mycroftai loaded successfully
2021-10-11 20:47:47.618 | INFO     |  5495 | mycroft.skills.skill_loader:load:185 | ATTEMPTING TO LOAD SKILL: mycroft-singing.mycroftai
2021-10-11 20:47:47.624 | INFO     |  5495 | mycroft.skills.settings:get_local_settings:83 | /opt/mycroft/skills/mycroft-singing.mycroftai/settings.json
2021-10-11 20:47:47.641 | INFO     |  5495 | mycroft.skills.skill_loader:_check_for_first_run:324 | First run of mycroft-singing.mycroftai
2021-10-11 20:47:47.642 | INFO     |  5495 | mycroft.skills.settings:save_settings:116 | Skill settings successfully saved to /home/runner/.config/mycroft/skills/mycroft-singing.mycroftai/settings.json
2021-10-11 20:47:47.643 | INFO     |  5495 | mycroft.skills.skill_loader:_communicate_load_status:344 | Skill mycroft-singing.mycroftai loaded successfully
2021-10-11 20:47:47.644 | INFO     |  5495 | mycroft.skills.skill_loader:load:185 | ATTEMPTING TO LOAD SKILL: mycroft-joke.mycroftai
2021-10-11 20:47:47.649 | INFO     |  5495 | mycroft.skills.settings:get_local_settings:83 | /opt/mycroft/skills/mycroft-joke.mycroftai/settings.json
2021-10-11 20:47:47.660 | INFO     |  5495 | mycroft.skills.skill_loader:_check_for_first_run:324 | First run of mycroft-joke.mycroftai
2021-10-11 20:47:47.661 | INFO     |  5495 | mycroft.skills.settings:save_settings:116 | Skill settings successfully saved to /home/runner/.config/mycroft/skills/mycroft-joke.mycroftai/settings.json
2021-10-11 20:47:47.663 | INFO     |  5495 | mycroft.skills.skill_loader:_communicate_load_status:344 | Skill mycroft-joke.mycroftai loaded successfully
2021-10-11 20:47:47.664 | INFO     |  5495 | mycroft.skills.skill_loader:load:185 | ATTEMPTING TO LOAD SKILL: mycroft-timer.mycroftai
2021-10-11 20:47:47.681 | INFO     |  5495 | mycroft.skills.settings:get_local_settings:83 | /opt/mycroft/skills/mycroft-timer.mycroftai/settings.json
2021-10-11 20:47:47.720 | INFO     |  5495 | mycroft.skills.skill_loader:_check_for_first_run:324 | First run of mycroft-timer.mycroftai
2021-10-11 20:47:47.720 | INFO     |  5495 | mycroft.skills.settings:save_settings:116 | Skill settings successfully saved to /home/runner/.config/mycroft/skills/mycroft-timer.mycroftai/settings.json
2021-10-11 20:47:47.722 | INFO     |  5495 | mycroft.skills.skill_loader:_communicate_load_status:344 | Skill mycroft-timer.mycroftai loaded successfully
2021-10-11 20:47:47.722 | INFO     |  5495 | mycroft.skills.skill_loader:load:185 | ATTEMPTING TO LOAD SKILL: homeassistant.mycroftai
2021-10-11 20:47:47.946 | INFO     |  5495 | mycroft.skills.settings:get_local_settings:83 | /opt/mycroft/skills/homeassistant.mycroftai/settings.json
2021-10-11 20:47:47.947 | INFO     |  5495 | mycroft.skills.settings:get_local_settings:83 | /opt/mycroft/skills/homeassistant.mycroftai/settings.json
2021-10-11 20:47:47.985 | INFO     |  5495 | mycroft.skills.skill_loader:_communicate_load_status:344 | Skill homeassistant.mycroftai loaded successfully
2021-10-11 20:47:47.986 | INFO     |  5495 | mycroft.skills.skill_loader:load:185 | ATTEMPTING TO LOAD SKILL: mycroft-alarm.mycroftai
2021-10-11 20:47:48.019 | INFO     |  5495 | mycroft.skills.settings:get_local_settings:83 | /opt/mycroft/skills/mycroft-alarm.mycroftai/settings.json
2021-10-11 20:47:48.019 | ERROR    |  5495 | AlarmSkill | Couldn't allocate mixer, ALSAAudioError('No such file or directory [default]')
2021-10-11 20:47:48.058 | INFO     |  5495 | mycroft.skills.skill_loader:_check_for_first_run:324 | First run of mycroft-alarm.mycroftai
2021-10-11 20:47:48.059 | INFO     |  5495 | mycroft.skills.settings:save_settings:116 | Skill settings successfully saved to /home/runner/.config/mycroft/skills/mycroft-alarm.mycroftai/settings.json
2021-10-11 20:47:48.060 | INFO     |  5495 | mycroft.skills.skill_loader:_communicate_load_status:344 | Skill mycroft-alarm.mycroftai loaded successfully
2021-10-11 20:47:48.061 | INFO     |  5495 | mycroft.skills.skill_loader:load:185 | ATTEMPTING TO LOAD SKILL: mycroft-naptime.mycroftai
2021-10-11 20:47:48.065 | INFO     |  5495 | mycroft.skills.settings:get_local_settings:83 | /opt/mycroft/skills/mycroft-naptime.mycroftai/settings.json
2021-10-11 20:47:48.074 | INFO     |  5495 | mycroft.skills.skill_loader:_check_for_first_run:324 | First run of mycroft-naptime.mycroftai
2021-10-11 20:47:48.075 | INFO     |  5495 | mycroft.skills.settings:save_settings:116 | Skill settings successfully saved to /home/runner/.config/mycroft/skills/mycroft-naptime.mycroftai/settings.json
2021-10-11 20:47:48.076 | INFO     |  5495 | mycroft.skills.skill_loader:_communicate_load_status:344 | Skill mycroft-naptime.mycroftai loaded successfully
2021-10-11 20:47:48.076 | INFO     |  5495 | mycroft.skills.skill_loader:load:185 | ATTEMPTING TO LOAD SKILL: mycroft-spelling.mycroftai
2021-10-11 20:47:48.079 | INFO     |  5495 | mycroft.skills.settings:get_local_settings:83 | /opt/mycroft/skills/mycroft-spelling.mycroftai/settings.json
2021-10-11 20:47:48.089 | INFO     |  5495 | mycroft.skills.skill_loader:_check_for_first_run:324 | First run of mycroft-spelling.mycroftai
2021-10-11 20:47:48.090 | INFO     |  5495 | mycroft.skills.settings:save_settings:116 | Skill settings successfully saved to /home/runner/.config/mycroft/skills/mycroft-spelling.mycroftai/settings.json
2021-10-11 20:47:48.091 | INFO     |  5495 | mycroft.skills.skill_loader:_communicate_load_status:344 | Skill mycroft-spelling.mycroftai loaded successfully
2021-10-11 20:47:48.092 | INFO     |  5495 | mycroft.skills.skill_loader:load:185 | ATTEMPTING TO LOAD SKILL: mycroft-fallback-duck-duck-go.mycroftai
2021-10-11 20:47:48.101 | INFO     |  5495 | mycroft.skills.settings:get_local_settings:83 | /opt/mycroft/skills/mycroft-fallback-duck-duck-go.mycroftai/settings.json
2021-10-11 20:47:48.115 | INFO     |  5495 | mycroft.skills.skill_loader:_check_for_first_run:324 | First run of mycroft-fallback-duck-duck-go.mycroftai
2021-10-11 20:47:48.116 | INFO     |  5495 | mycroft.skills.settings:save_settings:116 | Skill settings successfully saved to /home/runner/.config/mycroft/skills/mycroft-fallback-duck-duck-go.mycroftai/settings.json
2021-10-11 20:47:48.117 | INFO     |  5495 | mycroft.skills.skill_loader:_communicate_load_status:344 | Skill mycroft-fallback-duck-duck-go.mycroftai loaded successfully
2021-10-11 20:47:48.117 | INFO     |  5495 | mycroft.skills.skill_loader:load:185 | ATTEMPTING TO LOAD SKILL: mycroft-npr-news.mycroftai
2021-10-11 20:47:48.167 | INFO     |  5495 | mycroft.skills.settings:get_local_settings:83 | /opt/mycroft/skills/mycroft-npr-news.mycroftai/settings.json
2021-10-11 20:47:49.189 | INFO     |  5495 | mycroft.skills.skill_loader:_check_for_first_run:324 | First run of mycroft-npr-news.mycroftai
2021-10-11 20:47:49.190 | INFO     |  5495 | mycroft.skills.settings:save_settings:116 | Skill settings successfully saved to /home/runner/.config/mycroft/skills/mycroft-npr-news.mycroftai/settings.json
2021-10-11 20:47:49.191 | INFO     |  5495 | mycroft.skills.skill_loader:_communicate_load_status:344 | Skill mycroft-npr-news.mycroftai loaded successfully
2021-10-11 20:47:49.192 | INFO     |  5495 | mycroft.skills.skill_loader:load:185 | ATTEMPTING TO LOAD SKILL: mycroft-support-helper.mycroftai
2021-10-11 20:47:49.199 | INFO     |  5495 | mycroft.skills.settings:get_local_settings:83 | /opt/mycroft/skills/mycroft-support-helper.mycroftai/settings.json
2021-10-11 20:47:49.203 | INFO     |  5495 | mycroft.skills.skill_loader:_check_for_first_run:324 | First run of mycroft-support-helper.mycroftai
2021-10-11 20:47:49.204 | INFO     |  5495 | mycroft.skills.settings:save_settings:116 | Skill settings successfully saved to /home/runner/.config/mycroft/skills/mycroft-support-helper.mycroftai/settings.json
2021-10-11 20:47:49.205 | INFO     |  5495 | mycroft.skills.skill_loader:_communicate_load_status:344 | Skill mycroft-support-helper.mycroftai loaded successfully
2021-10-11 20:47:49.205 | INFO     |  5495 | mycroft.skills.skill_loader:load:185 | ATTEMPTING TO LOAD SKILL: mycroft-weather.mycroftai
2021-10-11 20:47:49.223 | INFO     |  5495 | mycroft.skills.settings:get_local_settings:83 | /opt/mycroft/skills/mycroft-weather.mycroftai/settings.json
2021-10-11 20:47:49.285 | INFO     |  5495 | mycroft.skills.skill_loader:_check_for_first_run:324 | First run of mycroft-weather.mycroftai
2021-10-11 20:47:49.286 | INFO     |  5495 | mycroft.skills.settings:save_settings:116 | Skill settings successfully saved to /home/runner/.config/mycroft/skills/mycroft-weather.mycroftai/settings.json
2021-10-11 20:47:49.286 | INFO     |  5495 | mycroft.skills.skill_loader:_communicate_load_status:344 | Skill mycroft-weather.mycroftai loaded successfully
2021-10-11 20:47:49.287 | INFO     |  5495 | mycroft.skills.skill_loader:load:185 | ATTEMPTING TO LOAD SKILL: mycroft-speak.mycroftai
2021-10-11 20:47:49.291 | INFO     |  5495 | mycroft.skills.settings:get_local_settings:83 | /opt/mycroft/skills/mycroft-speak.mycroftai/settings.json
2021-10-11 20:47:49.303 | INFO     |  5495 | mycroft.skills.skill_loader:_check_for_first_run:324 | First run of mycroft-speak.mycroftai
2021-10-11 20:47:49.303 | INFO     |  5495 | mycroft.skills.settings:save_settings:116 | Skill settings successfully saved to /home/runner/.config/mycroft/skills/mycroft-speak.mycroftai/settings.json
2021-10-11 20:47:49.304 | INFO     |  5495 | mycroft.skills.skill_loader:_communicate_load_status:344 | Skill mycroft-speak.mycroftai loaded successfully
2021-10-11 20:47:49.305 | INFO     |  5495 | mycroft.skills.skill_loader:load:185 | ATTEMPTING TO LOAD SKILL: mycroft-audio-record.mycroftai
2021-10-11 20:47:49.309 | INFO     |  5495 | mycroft.skills.settings:get_local_settings:83 | /opt/mycroft/skills/mycroft-audio-record.mycroftai/settings.json
2021-10-11 20:47:49.319 | INFO     |  5495 | mycroft.skills.skill_loader:_check_for_first_run:324 | First run of mycroft-audio-record.mycroftai
2021-10-11 20:47:49.320 | INFO     |  5495 | mycroft.skills.settings:save_settings:116 | Skill settings successfully saved to /home/runner/.config/mycroft/skills/mycroft-audio-record.mycroftai/settings.json
2021-10-11 20:47:49.321 | INFO     |  5495 | mycroft.skills.skill_loader:_communicate_load_status:344 | Skill mycroft-audio-record.mycroftai loaded successfully
2021-10-11 20:47:49.321 | INFO     |  5495 | mycroft.skills.skill_loader:load:185 | ATTEMPTING TO LOAD SKILL: mycroft-stop.mycroftai
2021-10-11 20:47:49.325 | INFO     |  5495 | mycroft.skills.settings:get_local_settings:83 | /opt/mycroft/skills/mycroft-stop.mycroftai/settings.json
2021-10-11 20:47:49.335 | INFO     |  5495 | mycroft.skills.skill_loader:_check_for_first_run:324 | First run of mycroft-stop.mycroftai
2021-10-11 20:47:49.336 | INFO     |  5495 | mycroft.skills.settings:save_settings:116 | Skill settings successfully saved to /home/runner/.config/mycroft/skills/mycroft-stop.mycroftai/settings.json
2021-10-11 20:47:49.337 | INFO     |  5495 | mycroft.skills.skill_loader:_communicate_load_status:344 | Skill mycroft-stop.mycroftai loaded successfully
2021-10-11 20:47:49.338 | INFO     |  5495 | mycroft.skills.skill_loader:load:185 | ATTEMPTING TO LOAD SKILL: mycroft-hello-world.mycroftai
2021-10-11 20:47:49.341 | INFO     |  5495 | mycroft.skills.settings:get_local_settings:83 | /opt/mycroft/skills/mycroft-hello-world.mycroftai/settings.json
2021-10-11 20:47:49.350 | INFO     |  5495 | mycroft.skills.skill_loader:_check_for_first_run:324 | First run of mycroft-hello-world.mycroftai
2021-10-11 20:47:49.351 | INFO     |  5495 | mycroft.skills.settings:save_settings:116 | Skill settings successfully saved to /home/runner/.config/mycroft/skills/mycroft-hello-world.mycroftai/settings.json
2021-10-11 20:47:49.352 | INFO     |  5495 | mycroft.skills.skill_loader:_communicate_load_status:344 | Skill mycroft-hello-world.mycroftai loaded successfully
2021-10-11 20:47:49.353 | INFO     |  5495 | mycroft.skills.skill_loader:load:185 | ATTEMPTING TO LOAD SKILL: mycroft-date-time.mycroftai
2021-10-11 20:47:49.718 | INFO     |  5495 | mycroft.skills.settings:get_local_settings:83 | /opt/mycroft/skills/mycroft-date-time.mycroftai/settings.json
2021-10-11 20:47:49.754 | INFO     |  5495 | TimeSkill | Registering resting screen <bound method TimeSkill.handle_idle of <mycroft-date-time_mycroftai.TimeSkill object at 0x7f8cd4c55190>> for Time and Date.
2021-10-11 20:47:49.757 | INFO     |  5495 | TimeSkill | Registering resting screen
2021-10-11 20:47:49.762 | INFO     |  5495 | mycroft.skills.skill_loader:_check_for_first_run:324 | First run of mycroft-date-time.mycroftai
2021-10-11 20:47:49.763 | INFO     |  5495 | mycroft.skills.settings:save_settings:116 | Skill settings successfully saved to /home/runner/.config/mycroft/skills/mycroft-date-time.mycroftai/settings.json
2021-10-11 20:47:49.765 | INFO     |  5495 | mycroft.skills.skill_loader:_communicate_load_status:344 | Skill mycroft-date-time.mycroftai loaded successfully
2021-10-11 20:47:49.766 | INFO     |  5495 | mycroft.skills.skill_loader:load:185 | ATTEMPTING TO LOAD SKILL: mycroft-configuration.mycroftai
2021-10-11 20:47:49.774 | INFO     |  5495 | mycroft.skills.settings:get_local_settings:83 | /opt/mycroft/skills/mycroft-configuration.mycroftai/settings.json
2021-10-11 20:47:49.814 | INFO     |  5495 | mycroft.skills.skill_loader:_check_for_first_run:324 | First run of mycroft-configuration.mycroftai
2021-10-11 20:47:49.814 | INFO     |  5495 | mycroft.skills.settings:save_settings:116 | Skill settings successfully saved to /home/runner/.config/mycroft/skills/mycroft-configuration.mycroftai/settings.json
2021-10-11 20:47:49.817 | INFO     |  5495 | mycroft.skills.skill_loader:_communicate_load_status:344 | Skill mycroft-configuration.mycroftai loaded successfully
2021-10-11 20:47:49.817 | INFO     |  5495 | mycroft.skills.skill_loader:load:185 | ATTEMPTING TO LOAD SKILL: fallback-query.mycroftai
2021-10-11 20:47:49.823 | INFO     |  5495 | mycroft.skills.settings:get_local_settings:83 | /opt/mycroft/skills/fallback-query.mycroftai/settings.json
2021-10-11 20:47:49.834 | INFO     |  5495 | mycroft.skills.skill_loader:_check_for_first_run:324 | First run of fallback-query.mycroftai
2021-10-11 20:47:49.834 | INFO     |  5495 | mycroft.skills.settings:save_settings:116 | Skill settings successfully saved to /home/runner/.config/mycroft/skills/fallback-query.mycroftai/settings.json
2021-10-11 20:47:49.836 | INFO     |  5495 | mycroft.skills.skill_loader:_communicate_load_status:344 | Skill fallback-query.mycroftai loaded successfully
2021-10-11 20:47:49.836 | INFO     |  5495 | mycroft.skills.skill_loader:load:185 | ATTEMPTING TO LOAD SKILL: mycroft-personal.mycroftai
2021-10-11 20:47:49.841 | INFO     |  5495 | mycroft.skills.settings:get_local_settings:83 | /opt/mycroft/skills/mycroft-personal.mycroftai/settings.json
2021-10-11 20:47:49.856 | INFO     |  5495 | mycroft.skills.skill_loader:_check_for_first_run:324 | First run of mycroft-personal.mycroftai
2021-10-11 20:47:49.857 | INFO     |  5495 | mycroft.skills.settings:save_settings:116 | Skill settings successfully saved to /home/runner/.config/mycroft/skills/mycroft-personal.mycroftai/settings.json
2021-10-11 20:47:49.858 | INFO     |  5495 | mycroft.skills.skill_loader:_communicate_load_status:344 | Skill mycroft-personal.mycroftai loaded successfully
2021-10-11 20:47:49.859 | INFO     |  5495 | mycroft.skills.skill_loader:load:185 | ATTEMPTING TO LOAD SKILL: fallback-wolfram-alpha.mycroftai
2021-10-11 20:47:49.888 | INFO     |  5495 | mycroft.skills.settings:get_local_settings:83 | /opt/mycroft/skills/fallback-wolfram-alpha.mycroftai/settings.json
2021-10-11 20:47:49.918 | INFO     |  5495 | mycroft.skills.skill_loader:_check_for_first_run:324 | First run of fallback-wolfram-alpha.mycroftai
2021-10-11 20:47:49.919 | INFO     |  5495 | mycroft.skills.settings:save_settings:116 | Skill settings successfully saved to /home/runner/.config/mycroft/skills/fallback-wolfram-alpha.mycroftai/settings.json
2021-10-11 20:47:49.920 | INFO     |  5495 | mycroft.skills.skill_loader:_communicate_load_status:344 | Skill fallback-wolfram-alpha.mycroftai loaded successfully
2021-10-11 20:47:49.921 | INFO     |  5495 | mycroft.skills.skill_loader:load:185 | ATTEMPTING TO LOAD SKILL: mycroft-wiki.mycroftai
2021-10-11 20:47:49.927 | INFO     |  5495 | mycroft.skills.settings:get_local_settings:83 | /opt/mycroft/skills/mycroft-wiki.mycroftai/settings.json
2021-10-11 20:47:49.942 | INFO     |  5495 | mycroft.skills.skill_loader:_check_for_first_run:324 | First run of mycroft-wiki.mycroftai
2021-10-11 20:47:49.943 | INFO     |  5495 | mycroft.skills.settings:save_settings:116 | Skill settings successfully saved to /home/runner/.config/mycroft/skills/mycroft-wiki.mycroftai/settings.json
2021-10-11 20:47:49.944 | INFO     |  5495 | mycroft.skills.skill_loader:_communicate_load_status:344 | Skill mycroft-wiki.mycroftai loaded successfully
2021-10-11 20:47:49.944 | INFO     |  5495 | mycroft.skills.skill_loader:load:185 | ATTEMPTING TO LOAD SKILL: fallback-unknown.mycroftai
2021-10-11 20:47:49.949 | INFO     |  5495 | mycroft.skills.settings:get_local_settings:83 | /opt/mycroft/skills/fallback-unknown.mycroftai/settings.json
2021-10-11 20:47:49.963 | INFO     |  5495 | mycroft.skills.skill_loader:_check_for_first_run:324 | First run of fallback-unknown.mycroftai
2021-10-11 20:47:49.964 | INFO     |  5495 | mycroft.skills.settings:save_settings:116 | Skill settings successfully saved to /home/runner/.config/mycroft/skills/fallback-unknown.mycroftai/settings.json
2021-10-11 20:47:49.965 | INFO     |  5495 | mycroft.skills.skill_loader:_communicate_load_status:344 | Skill fallback-unknown.mycroftai loaded successfully
2021-10-11 20:47:49.965 | INFO     |  5495 | mycroft.skills.skill_loader:load:185 | ATTEMPTING TO LOAD SKILL: mycroft-playback-control.mycroftai
2021-10-11 20:47:49.971 | INFO     |  5495 | mycroft.skills.settings:get_local_settings:83 | /opt/mycroft/skills/mycroft-playback-control.mycroftai/settings.json
2021-10-11 20:47:49.997 | INFO     |  5495 | mycroft.skills.skill_loader:_check_for_first_run:324 | First run of mycroft-playback-control.mycroftai
2021-10-11 20:47:49.998 | INFO     |  5495 | mycroft.skills.settings:save_settings:116 | Skill settings successfully saved to /home/runner/.config/mycroft/skills/mycroft-playback-control.mycroftai/settings.json
2021-10-11 20:47:49.999 | INFO     |  5495 | mycroft.skills.skill_loader:_communicate_load_status:344 | Skill mycroft-playback-control.mycroftai loaded successfully
2021-10-11 20:47:50.000 | INFO     |  5495 | mycroft.skills.skill_manager:_load_on_startup:275 | Skills all loaded!
2021-10-11 20:47:50.033 | INFO     |  5495 | __main__:on_ready:185 | Skills service is ready.
2021-10-11 20:47:50.061 | INFO     |  5495 | mycroft.skills.intent_services.padatious_service:train:81 | Training... (single_thread=False)
Regenerated mycroft-alarm.mycroftai:{daytype}.
Regenerated mycroft-reminder.mycroftai:CancelActiveReminder.intent.
Regenerated mycroft-reminder.mycroftai:DeleteReminderForDay.intent.
Regenerated mycroft-installer.mycroftai:list.skills.intent.
Regenerated mycroft-installer.mycroftai:install.intent.
Regenerated mycroft-installer.mycroftai:remove.intent.
Regenerated mycroft-installer.mycroftai:install.beta.intent.
Regenerated mycroft-installer.mycroftai:is.installed.intent.
Regenerated mycroft-installer.mycroftai:install.custom.intent.
Regenerated mycroft-timer.mycroftai:timer.status.intent.
Regenerated mycroft-timer.mycroftai:start.timer.intent.
Regenerated homeassistant.mycroftai:turn.off.intent.
Regenerated homeassistant.mycroftai:tracker.intent.
Regenerated homeassistant.mycroftai:decrease.light.brightness.intent.
Regenerated homeassistant.mycroftai:toggle.intent.
Regenerated mycroft-alarm.mycroftai:snooze.intent.
Regenerated mycroft-alarm.mycroftai:change.alarm.sound.intent.
Regenerated mycroft-npr-news.mycroftai:PlayTheNews.intent.
Regenerated mycroft-support-helper.mycroftai:contact.support.intent.
Regenerated mycroft-weather.mycroftai:do-i-need-an-umbrella.intent.
Regenerated mycroft-audio-record.mycroftai:PlayRecording.intent.
Regenerated mycroft-audio-record.mycroftai:StartRecording.intent.
Regenerated mycroft-stop.mycroftai:reboot.intent.
Regenerated mycroft-stop.mycroftai:shutdown.intent.
Regenerated mycroft-stop.mycroftai:ssh.enable.intent.
Regenerated mycroft-stop.mycroftai:ssh.disable.intent.
Regenerated mycroft-stop.mycroftai:wifi.setup.intent.
Regenerated mycroft-hello-world.mycroftai:HowAreYou.intent.
Regenerated mycroft-date-time.mycroftai:date.last.weekend.intent.
Regenerated mycroft-personal.mycroftai:WhenWereYouBorn.intent.
Regenerated mycroft-personal.mycroftai:WhereWereYouBorn.intent.
Regenerated mycroft-personal.mycroftai:DoYouDream.intent.
Regenerated mycroft-personal.mycroftai:WhoMadeYou.intent.
Regenerated mycroft-personal.mycroftai:WhoAreYou.intent.
Regenerated mycroft-personal.mycroftai:DoYouRhyme.intent.
Regenerated mycroft-wiki.mycroftai:Random.intent.
Regenerated mycroft-reminder.mycroftai:ClearReminders.intent.
Regenerated mycroft-reminder.mycroftai:ReminderAt.intent.
Regenerated mycroft-reminder.mycroftai:UnspecifiedReminderAt.intent.
Regenerated mycroft-reminder.mycroftai:GetNextReminders.intent.
Regenerated mycroft-reminder.mycroftai:SnoozeReminder.intent.
Regenerated mycroft-reminder.mycroftai:GetRemindersForDay.intent.
Regenerated mycroft-reminder.mycroftai:Reminder.intent.
Regenerated homeassistant.mycroftai:set.light.brightness.intent.
Regenerated homeassistant.mycroftai:add.item.shopping.list.intent.
Regenerated homeassistant.mycroftai:set.climate.intent.
Regenerated homeassistant.mycroftai:sensor.intent.
Regenerated homeassistant.mycroftai:turn.on.intent.
Regenerated homeassistant.mycroftai:automation.intent.
Regenerated homeassistant.mycroftai:increase.light.brightness.intent.
Regenerated mycroft-date-time.mycroftai:what.time.will.it.be.intent.
Regenerated mycroft-date-time.mycroftai:date.future.weekend.intent.
Regenerated mycroft-date-time.mycroftai:what.time.is.it.intent.
Regenerated mycroft-configuration.mycroftai:WhereAreYou.intent.
Regenerated mycroft-configuration.mycroftai:EnablePreciseDev.intent.
Regenerated mycroft-configuration.mycroftai:DisablePreciseDev.intent.
Regenerated mycroft-personal.mycroftai:WhatAreYou.intent.
2021-10-11 20:47:51.747 | INFO     |  5495 | mycroft.skills.intent_services.padatious_service:train:83 | Training complete.
2021-10-11 20:48:03.772 | INFO     |  5495 | mycroft.skills.settings:save_settings:116 | Skill settings successfully saved to /home/runner/.config/mycroft/skills/mycroft-pairing.mycroftai/settings.json
2021-10-11 20:48:04.078 | INFO     |  5495 | mycroft.skills.settings:save_settings:116 | Skill settings successfully saved to /home/runner/.config/mycroft/skills/mycroft-timer.mycroftai/settings.json
2021-10-11 20:48:49.289 | WARNING  |  5495 | ConfigurationSkill | Impossible to update configuration because device isn't paired
2021-10-11 20:49:49.373 | WARNING  |  5495 | ConfigurationSkill | Impossible to update configuration because device isn't paired
2021-10-11 20:50:49.452 | WARNING  |  5495 | ConfigurationSkill | Impossible to update configuration because device isn't paired
