2021-10-19 21:09:41.970 | INFO     |  5426 | __main__:create_enclosure:55 | Creating generic enclosure, platform='None'
2021-10-19 21:09:41.976 | INFO     |  5426 | mycroft.messagebus.load_config:load_message_bus_config:33 | Loading message bus configs
2021-10-19 21:09:41.998 | INFO     |  5426 | mycroft.client.enclosure.base:create_gui_service:473 | Starting message bus for GUI...
2021-10-19 21:09:42.007 | INFO     |  5426 | mycroft.client.enclosure.base:create_gui_service:483 | GUI Message bus started!
2021-10-19 21:09:42.007 | INFO     |  5426 | mycroft.enclosure.display_manager:init_display_manager_bus_connection:152 | Connecting display manager to messagebus
2021-10-19 21:09:42.008 | INFO     |  5426 | mycroft.messagebus.load_config:load_message_bus_config:33 | Loading message bus configs
2021-10-19 21:09:42.017 | ERROR    |  5426 | mycroft_bus_client.client.client | === ConnectionRefusedError(111, 'Connection refused') ===
Traceback (most recent call last):
  File "/opt/mycroft-core/.venv/lib/python3.7/site-packages/websocket/_app.py", line 254, in run_forever
    proxy_type=proxy_type)
  File "/opt/mycroft-core/.venv/lib/python3.7/site-packages/websocket/_core.py", line 220, in connect
    options.pop('socket', None))
  File "/opt/mycroft-core/.venv/lib/python3.7/site-packages/websocket/_http.py", line 120, in connect
    sock = _open_socket(addrinfo_list, options.sockopt, options.timeout)
  File "/opt/mycroft-core/.venv/lib/python3.7/site-packages/websocket/_http.py", line 190, in _open_socket
    raise err
  File "/opt/mycroft-core/.venv/lib/python3.7/site-packages/websocket/_http.py", line 170, in _open_socket
    sock.connect(address)
ConnectionRefusedError: [Errno 111] Connection refused
2021-10-19 21:09:42.018 | ERROR    |  5426 | mycroft_bus_client.client.client | Exception closing websocket: ConnectionRefusedError(111, 'Connection refused')
2021-10-19 21:09:42.018 | WARNING  |  5426 | mycroft_bus_client.client.client | Message Bus Client will reconnect in 5 seconds.
2021-10-19 21:09:42.276 | INFO     |  5426 | mycroft_bus_client.client.client | Connected
2021-10-19 21:09:42.277 | INFO     |  5426 | mycroft.util.process_utils:start_message_bus_client:155 | Connected to messagebus
2021-10-19 21:09:42.277 | INFO     |  5426 | __main__:on_ready:26 | Enclosure started!
2021-10-19 21:09:47.023 | INFO     |  5426 | mycroft_bus_client.client.client | Connected
2021-10-19 21:11:22.067 | INFO     |  5426 | __main__:on_stopping:30 | Enclosure is shutting down...
2021-10-19 21:11:24.907 | ERROR    |  5426 | websocket | error from callback <bound method MessageBusClient.on_message of <mycroft.messagebus.client.client.MessageBusClient object at 0x7f24fa9a36d0>>: cannot schedule new futures after shutdown
