2021-12-09 08:31:55.452 | INFO     |  5282 | mycroft.messagebus.load_config:load_message_bus_config:33 | Loading message bus configs
2021-12-09 08:31:55.455 | INFO     |  5282 | mycroft_bus_client.client.client | Connected
2021-12-09 08:31:55.456 | INFO     |  5282 | mycroft.util.process_utils:start_message_bus_client:155 | Connected to messagebus
2021-12-09 08:31:55.460 | INFO     |  5282 | mycroft.skills.msm_wrapper:create_msm:96 | Acquiring lock to instantiate MSM
2021-12-09 08:31:57.717 | INFO     |  5282 | msm.mycroft_skills_manager | building SkillEntry objects for all skills
2021-12-09 08:31:58.121 | INFO     |  5282 | mycroft.skills.msm_wrapper:create_msm:112 | Releasing MSM instantiation lock.
2021-12-09 08:31:58.122 | INFO     |  5282 | mycroft.skills.skill_updater:_log_next_download_time:267 | Next scheduled skill update: 2021-12-09 08:31:57.122034
2021-12-09 08:31:58.122 | INFO     |  5282 | msm.skill_entry | Downloading skill: https://github.com/mycroftai/skill-pairing
2021-12-09 08:31:58.530 | INFO     |  5282 | msm.skill_entry | Installing system requirements...
2021-12-09 08:31:58.552 | INFO     |  5282 | msm.skill_entry | Successfully installed mycroft-pairing
2021-12-09 08:31:58.552 | INFO     |  5282 | msm.mycroft_skills_manager | invalidating skills cache
2021-12-09 08:31:58.554 | INFO     |  5282 | mycroft.skills.skill_loader:load:185 | ATTEMPTING TO LOAD SKILL: mycroft-pairing.mycroftai
2021-12-09 08:31:58.562 | INFO     |  5282 | mycroft.skills.settings:get_local_settings:83 | /opt/mycroft/skills/mycroft-pairing.mycroftai/settings.json
2021-12-09 08:31:58.582 | INFO     |  5282 | mycroft.skills.skill_loader:_check_for_first_run:324 | First run of mycroft-pairing.mycroftai
2021-12-09 08:31:58.583 | INFO     |  5282 | mycroft.skills.settings:save_settings:116 | Skill settings successfully saved to /home/runner/.config/mycroft/skills/mycroft-pairing.mycroftai/settings.json
2021-12-09 08:31:58.587 | INFO     |  5282 | mycroft.skills.skill_loader:_communicate_load_status:344 | Skill mycroft-pairing.mycroftai loaded successfully
2021-12-09 08:31:58.587 | INFO     |  5282 | msm.skill_entry | Downloading skill: https://github.com/mycroftai/skill-volume
2021-12-09 08:31:58.930 | INFO     |  5282 | msm.skill_entry | Installing system requirements...
2021-12-09 08:31:58.954 | INFO     |  5282 | msm.skill_entry | Installing requirements.txt for mycroft-volume
2021-12-09 08:31:59.858 | INFO     |  5282 | msm.skill_entry | Successfully installed mycroft-volume
2021-12-09 08:31:59.859 | INFO     |  5282 | msm.mycroft_skills_manager | invalidating skills cache
2021-12-09 08:31:59.860 | INFO     |  5282 | mycroft.skills.skill_loader:load:185 | ATTEMPTING TO LOAD SKILL: mycroft-volume.mycroftai
2021-12-09 08:31:59.868 | INFO     |  5282 | mycroft.skills.settings:get_local_settings:83 | /opt/mycroft/skills/mycroft-volume.mycroftai/settings.json
2021-12-09 08:32:00.021 | ERROR    |  5282 | VolumeSkill | Couldn't allocate mixer, ALSAAudioError('No such file or directory [default]')
2021-12-09 08:32:03.022 | INFO     |  5282 | mycroft.skills.skill_loader:_check_for_first_run:324 | First run of mycroft-volume.mycroftai
2021-12-09 08:32:03.023 | INFO     |  5282 | mycroft.skills.settings:save_settings:116 | Skill settings successfully saved to /home/runner/.config/mycroft/skills/mycroft-volume.mycroftai/settings.json
2021-12-09 08:32:03.024 | INFO     |  5282 | mycroft.skills.skill_loader:_communicate_load_status:344 | Skill mycroft-volume.mycroftai loaded successfully
2021-12-09 08:32:03.024 | INFO     |  5282 | __main__:on_started:177 | Skills service is starting up.
2021-12-09 08:32:03.082 | INFO     |  5282 | __main__:_update_system:154 | Attempting system update...
2021-12-09 08:32:06.388 | INFO     |  5282 | mycroft.enclosure.display_manager:_write_data:70 | Display Manager is creating /tmp/mycroft/ipc/managers/disp_info
2021-12-09 08:32:06.388 | INFO     |  5282 | __main__:_ensure_device_is_paired:133 | Device not paired, invoking the pairing skill
2021-12-09 08:32:06.390 | INFO     |  5282 | __main__:on_alive:181 | Skills service is alive.
2021-12-09 08:32:06.541 | INFO     |  5282 | msm.mycroft_skills_manager | building SkillEntry objects for all skills
2021-12-09 08:32:06.559 | INFO     |  5282 | PairingSkill | Communicating account URL to user
2021-12-09 08:32:07.262 | WARNING  |  5282 | msm.mycroft_skills_manager | No such default skill: mycroft-pandora
2021-12-09 08:32:07.263 | INFO     |  5282 | mycroft.skills.skill_manager:run:234 | Not all default skills are installed, performing skill update...
2021-12-09 08:32:07.263 | INFO     |  5282 | mycroft.skills.skill_updater:update_skills:149 | Beginning skill update...
2021-12-09 08:32:07.319 | INFO     |  5282 | msm.mycroft_skills_manager | building SkillEntry objects for all skills
2021-12-09 08:32:07.874 | INFO     |  5282 | msm.mycroft_skills_manager | invalidating skills cache
2021-12-09 08:32:07.911 | INFO     |  5282 | msm.skill_entry | Downloading skill: https://github.com/mycroftai/skill-audio-record
2021-12-09 08:32:07.912 | INFO     |  5282 | msm.skill_entry | Downloading skill: https://github.com/mycroftai/fallback-unknown
2021-12-09 08:32:07.913 | INFO     |  5282 | msm.skill_entry | Downloading skill: https://github.com/mycroftai/skill-date-time
2021-12-09 08:32:07.913 | INFO     |  5282 | msm.skill_entry | Downloading skill: https://github.com/mycroftai/fallback-duckduckgo
2021-12-09 08:32:07.914 | INFO     |  5282 | msm.skill_entry | Downloading skill: https://github.com/mycroftai/fallback-wolfram-alpha
2021-12-09 08:32:07.914 | INFO     |  5282 | msm.skill_entry | Downloading skill: https://github.com/mycroftai/skill-alarm
2021-12-09 08:32:07.914 | INFO     |  5282 | msm.skill_entry | Downloading skill: https://github.com/mycroftai/skill-configuration
2021-12-09 08:32:07.915 | INFO     |  5282 | msm.skill_entry | Downloading skill: https://github.com/mycroftai/skill-hello-world
2021-12-09 08:32:07.916 | INFO     |  5282 | msm.skill_entry | Downloading skill: https://github.com/mycroftai/skill-joke
2021-12-09 08:32:07.917 | INFO     |  5282 | msm.skill_entry | Downloading skill: https://github.com/mycroftai/skill-ip
2021-12-09 08:32:07.918 | INFO     |  5282 | msm.skill_entry | Downloading skill: https://github.com/mycroftai/skill-naptime
2021-12-09 08:32:07.923 | INFO     |  5282 | msm.skill_entry | Downloading skill: https://github.com/mycroftai/skill-npr-news
2021-12-09 08:32:07.923 | INFO     |  5282 | msm.skill_entry | Downloading skill: https://github.com/mycroftai/skill-personal
2021-12-09 08:32:07.924 | INFO     |  5282 | msm.skill_entry | Downloading skill: https://github.com/mycroftai/skill-playback-control
2021-12-09 08:32:07.925 | INFO     |  5282 | msm.skill_entry | Downloading skill: https://github.com/mycroftai/skill-reminder
2021-12-09 08:32:07.926 | INFO     |  5282 | msm.skill_entry | Downloading skill: https://github.com/mycroftai/skill-singing
2021-12-09 08:32:08.029 | INFO     |  5282 | msm.skill_entry | Downloading skill: https://github.com/mycroftai/skill-installer
2021-12-09 08:32:09.023 | INFO     |  5282 | msm.skill_entry | Installing system requirements...
2021-12-09 08:32:09.250 | INFO     |  5282 | msm.skill_entry | Successfully installed fallback-unknown
2021-12-09 08:32:09.251 | INFO     |  5282 | msm.mycroft_skills_manager | invalidating skills cache
2021-12-09 08:32:09.261 | INFO     |  5282 | msm.skill_entry | Downloading skill: https://github.com/mycroftai/skill-speak
2021-12-09 08:32:09.398 | INFO     |  5282 | msm.skill_entry | Installing system requirements...
2021-12-09 08:32:09.453 | INFO     |  5282 | msm.skill_entry | Installing system requirements...
2021-12-09 08:32:09.547 | INFO     |  5282 | msm.skill_entry | Installing system requirements...
2021-12-09 08:32:09.556 | INFO     |  5282 | msm.skill_entry | Installing system requirements...
2021-12-09 08:32:09.568 | ERROR    |  5282 | msm.mycroft_skills_manager | Error running install_or_update on homeassistant.mycroftai: MergeConflict
2021-12-09 08:32:09.570 | INFO     |  5282 | msm.skill_entry | Installing system requirements...
2021-12-09 08:32:09.622 | INFO     |  5282 | msm.skill_entry | Installing system requirements...
2021-12-09 08:32:09.625 | INFO     |  5282 | msm.skill_entry | Installing system requirements...
2021-12-09 08:32:09.666 | INFO     |  5282 | msm.skill_entry | Installing requirements.txt for mycroft-ip
2021-12-09 08:32:09.677 | INFO     |  5282 | msm.skill_entry | Downloading skill: https://github.com/mycroftai/skill-spelling
2021-12-09 08:32:09.710 | INFO     |  5282 | msm.skill_entry | Installing requirements.txt for mycroft-fallback-duck-duck-go
2021-12-09 08:32:09.755 | INFO     |  5282 | msm.skill_entry | Installing requirements.txt for mycroft-joke
2021-12-09 08:32:09.763 | INFO     |  5282 | msm.skill_entry | Successfully installed mycroft-personal
2021-12-09 08:32:09.763 | INFO     |  5282 | msm.mycroft_skills_manager | invalidating skills cache
2021-12-09 08:32:09.763 | INFO     |  5282 | msm.skill_entry | Successfully installed mycroft-hello-world
2021-12-09 08:32:09.763 | INFO     |  5282 | msm.mycroft_skills_manager | invalidating skills cache
2021-12-09 08:32:09.764 | INFO     |  5282 | msm.skill_entry | Downloading skill: https://github.com/mycroftai/skill-stop
2021-12-09 08:32:09.769 | INFO     |  5282 | msm.skill_entry | Successfully installed mycroft-naptime
2021-12-09 08:32:09.769 | INFO     |  5282 | msm.mycroft_skills_manager | invalidating skills cache
2021-12-09 08:32:09.771 | INFO     |  5282 | msm.skill_entry | Downloading skill: https://github.com/mycroftai/skill-support
2021-12-09 08:32:09.775 | INFO     |  5282 | msm.skill_entry | Installing requirements.txt for fallback-wolfram-alpha
2021-12-09 08:32:09.778 | INFO     |  5282 | msm.skill_entry | Downloading skill: https://github.com/mycroftai/mycroft-timer
2021-12-09 08:32:09.900 | INFO     |  5282 | msm.skill_entry | Installing system requirements...
2021-12-09 08:32:09.904 | INFO     |  5282 | msm.skill_entry | Nothing new for mycroft-volume
2021-12-09 08:32:09.946 | INFO     |  5282 | msm.skill_entry | Installing system requirements...
2021-12-09 08:32:09.961 | INFO     |  5282 | msm.skill_entry | Successfully installed mycroft-playback-control
2021-12-09 08:32:09.962 | INFO     |  5282 | msm.mycroft_skills_manager | invalidating skills cache
2021-12-09 08:32:09.964 | INFO     |  5282 | msm.skill_entry | Downloading skill: https://github.com/mycroftai/skill-weather
2021-12-09 08:32:09.976 | INFO     |  5282 | msm.skill_entry | Installing system requirements...
2021-12-09 08:32:10.014 | INFO     |  5282 | msm.skill_entry | Installing requirements.txt for mycroft-volume
2021-12-09 08:32:10.021 | INFO     |  5282 | msm.skill_entry | Successfully installed mycroft-reminder
2021-12-09 08:32:10.021 | INFO     |  5282 | msm.mycroft_skills_manager | invalidating skills cache
2021-12-09 08:32:10.023 | INFO     |  5282 | msm.skill_entry | Downloading skill: https://github.com/mycroftai/skill-version-checker
2021-12-09 08:32:10.040 | INFO     |  5282 | msm.skill_entry | Installing system requirements...
2021-12-09 08:32:10.078 | INFO     |  5282 | msm.skill_entry | Installing requirements.txt for mycroft-installer
2021-12-09 08:32:10.085 | INFO     |  5282 | msm.skill_entry | Installing system requirements...
2021-12-09 08:32:10.107 | INFO     |  5282 | msm.skill_entry | Installing system requirements...
2021-12-09 08:32:10.129 | INFO     |  5282 | msm.skill_entry | Nothing new for mycroft-pairing
2021-12-09 08:32:10.183 | INFO     |  5282 | msm.skill_entry | Installing system requirements...
2021-12-09 08:32:10.230 | INFO     |  5282 | msm.skill_entry | Installing requirements.txt for mycroft-configuration
2021-12-09 08:32:10.233 | INFO     |  5282 | msm.skill_entry | Installing requirements.txt for mycroft-npr-news
2021-12-09 08:32:10.330 | INFO     |  5282 | msm.skill_entry | Downloading skill: https://github.com/mycroftai/skill-wiki
2021-12-09 08:32:10.401 | INFO     |  5282 | msm.skill_entry | Installing system requirements...
2021-12-09 08:32:10.422 | INFO     |  5282 | msm.skill_entry | Installing system requirements...
2021-12-09 08:32:10.472 | INFO     |  5282 | msm.skill_entry | Installing system requirements...
2021-12-09 08:32:10.498 | INFO     |  5282 | msm.skill_entry | Installing requirements.txt for mycroft-date-time
2021-12-09 08:32:10.529 | INFO     |  5282 | msm.skill_entry | Successfully installed mycroft-speak
2021-12-09 08:32:10.529 | INFO     |  5282 | msm.mycroft_skills_manager | invalidating skills cache
2021-12-09 08:32:10.534 | INFO     |  5282 | msm.skill_entry | Downloading skill: https://github.com/MycroftAI/skill-query
2021-12-09 08:32:10.557 | INFO     |  5282 | msm.skill_entry | Installing system requirements...
2021-12-09 08:32:10.558 | INFO     |  5282 | msm.skill_entry | Installing system requirements...
2021-12-09 08:32:10.581 | INFO     |  5282 | msm.skill_entry | Installing requirements.txt for mycroft-audio-record
2021-12-09 08:32:10.627 | INFO     |  5282 | msm.skill_entry | Installing requirements.txt for mycroft-alarm
2021-12-09 08:32:10.630 | INFO     |  5282 | msm.skill_entry | Successfully installed mycroft-spelling
2021-12-09 08:32:10.630 | INFO     |  5282 | msm.mycroft_skills_manager | invalidating skills cache
2021-12-09 08:32:10.909 | INFO     |  5282 | msm.skill_entry | Installing system requirements...
2021-12-09 08:32:10.952 | INFO     |  5282 | msm.skill_entry | Installing system requirements...
2021-12-09 08:32:10.992 | INFO     |  5282 | msm.skill_entry | Installing system requirements...
2021-12-09 08:32:10.994 | INFO     |  5282 | msm.skill_entry | Successfully installed mycroft-stop
2021-12-09 08:32:10.994 | INFO     |  5282 | msm.mycroft_skills_manager | invalidating skills cache
2021-12-09 08:32:11.071 | INFO     |  5282 | msm.skill_entry | Installing requirements.txt for mycroft-support-helper
2021-12-09 08:32:11.103 | INFO     |  5282 | msm.skill_entry | Successfully installed mycroft-version-checker
2021-12-09 08:32:11.103 | INFO     |  5282 | msm.mycroft_skills_manager | invalidating skills cache
2021-12-09 08:32:11.279 | INFO     |  5282 | msm.skill_entry | Installing system requirements...
2021-12-09 08:32:11.288 | INFO     |  5282 | msm.skill_entry | Installing system requirements...
2021-12-09 08:32:11.327 | INFO     |  5282 | msm.skill_entry | Successfully installed fallback-query
2021-12-09 08:32:11.328 | INFO     |  5282 | msm.mycroft_skills_manager | invalidating skills cache
2021-12-09 08:32:11.342 | INFO     |  5282 | msm.skill_entry | Installing requirements.txt for mycroft-wiki
2021-12-09 08:32:11.444 | INFO     |  5282 | msm.skill_entry | Installing system requirements...
2021-12-09 08:32:11.515 | ERROR    |  5282 | msm.mycroft_skills_manager | Error running install_or_update on homeassistant: MergeConflict
2021-12-09 08:32:11.522 | INFO     |  5282 | msm.skill_entry | Successfully installed mycroft-timer
2021-12-09 08:32:11.522 | INFO     |  5282 | msm.mycroft_skills_manager | invalidating skills cache
2021-12-09 08:32:11.603 | INFO     |  5282 | msm.skill_entry | Installing system requirements...
2021-12-09 08:32:11.649 | INFO     |  5282 | msm.skill_entry | Installing requirements.txt for mycroft-weather
2021-12-09 08:32:11.848 | INFO     |  5282 | msm.skill_entry | Installing system requirements...
2021-12-09 08:32:11.870 | INFO     |  5282 | msm.skill_entry | Successfully installed mycroft-singing
2021-12-09 08:32:11.870 | INFO     |  5282 | msm.mycroft_skills_manager | invalidating skills cache
2021-12-09 08:32:12.374 | INFO     |  5282 | msm.skill_entry | Successfully installed mycroft-ip
2021-12-09 08:32:12.374 | INFO     |  5282 | msm.mycroft_skills_manager | invalidating skills cache
2021-12-09 08:32:13.407 | INFO     |  5282 | msm.skill_entry | Successfully installed mycroft-fallback-duck-duck-go
2021-12-09 08:32:13.408 | INFO     |  5282 | msm.mycroft_skills_manager | invalidating skills cache
2021-12-09 08:32:14.659 | INFO     |  5282 | msm.skill_entry | Successfully installed mycroft-joke
2021-12-09 08:32:14.659 | INFO     |  5282 | msm.mycroft_skills_manager | invalidating skills cache
2021-12-09 08:32:17.173 | INFO     |  5282 | msm.skill_entry | Successfully installed fallback-wolfram-alpha
2021-12-09 08:32:17.174 | INFO     |  5282 | msm.mycroft_skills_manager | invalidating skills cache
2021-12-09 08:32:19.074 | INFO     |  5282 | msm.skill_entry | Successfully installed mycroft-installer
2021-12-09 08:32:19.075 | INFO     |  5282 | msm.mycroft_skills_manager | invalidating skills cache
2021-12-09 08:32:21.605 | INFO     |  5282 | msm.skill_entry | Successfully installed mycroft-configuration
2021-12-09 08:32:21.606 | INFO     |  5282 | msm.mycroft_skills_manager | invalidating skills cache
2021-12-09 08:32:24.799 | INFO     |  5282 | msm.skill_entry | Successfully installed mycroft-npr-news
2021-12-09 08:32:24.803 | INFO     |  5282 | msm.mycroft_skills_manager | invalidating skills cache
2021-12-09 08:32:36.909 | INFO     |  5282 | PairingSkill | Initiating device pairing sequence...
2021-12-09 08:32:36.909 | INFO     |  5282 | PairingSkill | Retrieving pairing code from device API...
2021-12-09 08:32:37.060 | INFO     |  5282 | PairingSkill | Pairing code obtained: VVXLHM
2021-12-09 08:32:37.060 | INFO     |  5282 | PairingSkill | Communicating pairing URL to user
2021-12-09 08:32:41.492 | INFO     |  5282 | msm.skill_entry | Successfully installed mycroft-date-time
2021-12-09 08:32:41.493 | INFO     |  5282 | msm.mycroft_skills_manager | invalidating skills cache
2021-12-09 08:32:42.441 | INFO     |  5282 | msm.skill_entry | Successfully installed mycroft-audio-record
2021-12-09 08:32:42.441 | INFO     |  5282 | msm.mycroft_skills_manager | invalidating skills cache
2021-12-09 08:32:43.385 | INFO     |  5282 | msm.skill_entry | Successfully installed mycroft-alarm
2021-12-09 08:32:43.385 | INFO     |  5282 | msm.mycroft_skills_manager | invalidating skills cache
2021-12-09 08:32:45.563 | INFO     |  5282 | msm.skill_entry | Successfully installed mycroft-support-helper
2021-12-09 08:32:45.563 | INFO     |  5282 | msm.mycroft_skills_manager | invalidating skills cache
2021-12-09 08:32:47.376 | INFO     |  5282 | msm.skill_entry | Successfully installed mycroft-wiki
2021-12-09 08:32:47.377 | INFO     |  5282 | msm.mycroft_skills_manager | invalidating skills cache
2021-12-09 08:32:48.407 | INFO     |  5282 | msm.skill_entry | Successfully installed mycroft-weather
2021-12-09 08:32:48.407 | INFO     |  5282 | msm.mycroft_skills_manager | invalidating skills cache
2021-12-09 08:32:48.448 | INFO     |  5282 | mycroft.skills.skill_updater:_log_next_download_time:267 | Next scheduled skill update: 2021-12-09 09:32:48.448194
2021-12-09 08:32:48.449 | INFO     |  5282 | mycroft.skills.skill_updater:update_skills:170 | Skill update complete
2021-12-09 08:32:48.449 | INFO     |  5282 | mycroft.skills.skill_manager:_load_on_startup:273 | Loading installed skills...
2021-12-09 08:32:48.450 | INFO     |  5282 | mycroft.skills.skill_loader:load:185 | ATTEMPTING TO LOAD SKILL: mycroft-playback-control.mycroftai
2021-12-09 08:32:48.456 | INFO     |  5282 | mycroft.skills.settings:get_local_settings:83 | /opt/mycroft/skills/mycroft-playback-control.mycroftai/settings.json
2021-12-09 08:32:48.492 | INFO     |  5282 | mycroft.skills.skill_loader:_check_for_first_run:324 | First run of mycroft-playback-control.mycroftai
2021-12-09 08:32:48.494 | INFO     |  5282 | mycroft.skills.settings:save_settings:116 | Skill settings successfully saved to /home/runner/.config/mycroft/skills/mycroft-playback-control.mycroftai/settings.json
2021-12-09 08:32:48.496 | INFO     |  5282 | mycroft.skills.skill_loader:_communicate_load_status:344 | Skill mycroft-playback-control.mycroftai loaded successfully
2021-12-09 08:32:48.498 | INFO     |  5282 | mycroft.skills.skill_loader:load:185 | ATTEMPTING TO LOAD SKILL: mycroft-configuration.mycroftai
2021-12-09 08:32:48.504 | INFO     |  5282 | mycroft.skills.settings:get_local_settings:83 | /opt/mycroft/skills/mycroft-configuration.mycroftai/settings.json
2021-12-09 08:32:48.547 | INFO     |  5282 | mycroft.skills.skill_loader:_check_for_first_run:324 | First run of mycroft-configuration.mycroftai
2021-12-09 08:32:48.548 | INFO     |  5282 | mycroft.skills.settings:save_settings:116 | Skill settings successfully saved to /home/runner/.config/mycroft/skills/mycroft-configuration.mycroftai/settings.json
2021-12-09 08:32:48.550 | INFO     |  5282 | mycroft.skills.skill_loader:_communicate_load_status:344 | Skill mycroft-configuration.mycroftai loaded successfully
2021-12-09 08:32:48.552 | INFO     |  5282 | mycroft.skills.skill_loader:load:185 | ATTEMPTING TO LOAD SKILL: mycroft-speak.mycroftai
2021-12-09 08:32:48.558 | INFO     |  5282 | mycroft.skills.settings:get_local_settings:83 | /opt/mycroft/skills/mycroft-speak.mycroftai/settings.json
2021-12-09 08:32:48.576 | INFO     |  5282 | mycroft.skills.skill_loader:_check_for_first_run:324 | First run of mycroft-speak.mycroftai
2021-12-09 08:32:48.579 | INFO     |  5282 | mycroft.skills.settings:save_settings:116 | Skill settings successfully saved to /home/runner/.config/mycroft/skills/mycroft-speak.mycroftai/settings.json
2021-12-09 08:32:48.579 | INFO     |  5282 | mycroft.skills.skill_loader:_communicate_load_status:344 | Skill mycroft-speak.mycroftai loaded successfully
2021-12-09 08:32:48.580 | INFO     |  5282 | mycroft.skills.skill_loader:load:185 | ATTEMPTING TO LOAD SKILL: mycroft-spelling.mycroftai
2021-12-09 08:32:48.584 | INFO     |  5282 | mycroft.skills.settings:get_local_settings:83 | /opt/mycroft/skills/mycroft-spelling.mycroftai/settings.json
2021-12-09 08:32:48.615 | INFO     |  5282 | mycroft.skills.skill_loader:_check_for_first_run:324 | First run of mycroft-spelling.mycroftai
2021-12-09 08:32:48.616 | INFO     |  5282 | mycroft.skills.settings:save_settings:116 | Skill settings successfully saved to /home/runner/.config/mycroft/skills/mycroft-spelling.mycroftai/settings.json
2021-12-09 08:32:48.616 | INFO     |  5282 | mycroft.skills.skill_loader:_communicate_load_status:344 | Skill mycroft-spelling.mycroftai loaded successfully
2021-12-09 08:32:48.622 | INFO     |  5282 | mycroft.skills.skill_loader:load:185 | ATTEMPTING TO LOAD SKILL: mycroft-date-time.mycroftai
2021-12-09 08:32:49.086 | INFO     |  5282 | mycroft.skills.settings:get_local_settings:83 | /opt/mycroft/skills/mycroft-date-time.mycroftai/settings.json
2021-12-09 08:32:49.105 | INFO     |  5282 | TimeSkill | Registering resting screen <bound method TimeSkill.handle_idle of <mycroft-date-time_mycroftai.TimeSkill object at 0x7fbee8f07fd0>> for Time and Date.
2021-12-09 08:32:49.107 | INFO     |  5282 | TimeSkill | Registering resting screen
2021-12-09 08:32:49.109 | INFO     |  5282 | mycroft.skills.skill_loader:_check_for_first_run:324 | First run of mycroft-date-time.mycroftai
2021-12-09 08:32:49.110 | INFO     |  5282 | mycroft.skills.settings:save_settings:116 | Skill settings successfully saved to /home/runner/.config/mycroft/skills/mycroft-date-time.mycroftai/settings.json
2021-12-09 08:32:49.110 | INFO     |  5282 | mycroft.skills.skill_loader:_communicate_load_status:344 | Skill mycroft-date-time.mycroftai loaded successfully
2021-12-09 08:32:49.111 | INFO     |  5282 | mycroft.skills.skill_loader:load:185 | ATTEMPTING TO LOAD SKILL: mycroft-singing.mycroftai
2021-12-09 08:32:49.115 | INFO     |  5282 | mycroft.skills.settings:get_local_settings:83 | /opt/mycroft/skills/mycroft-singing.mycroftai/settings.json
2021-12-09 08:32:49.122 | INFO     |  5282 | mycroft.skills.skill_loader:_check_for_first_run:324 | First run of mycroft-singing.mycroftai
2021-12-09 08:32:49.123 | INFO     |  5282 | mycroft.skills.settings:save_settings:116 | Skill settings successfully saved to /home/runner/.config/mycroft/skills/mycroft-singing.mycroftai/settings.json
2021-12-09 08:32:49.124 | INFO     |  5282 | mycroft.skills.skill_loader:_communicate_load_status:344 | Skill mycroft-singing.mycroftai loaded successfully
2021-12-09 08:32:49.124 | INFO     |  5282 | mycroft.skills.skill_loader:load:185 | ATTEMPTING TO LOAD SKILL: homeassistant.mycroftai
2021-12-09 08:32:49.470 | INFO     |  5282 | mycroft.skills.settings:get_local_settings:83 | /opt/mycroft/skills/homeassistant.mycroftai/settings.json
2021-12-09 08:32:49.472 | INFO     |  5282 | mycroft.skills.settings:get_local_settings:83 | /opt/mycroft/skills/homeassistant.mycroftai/settings.json
2021-12-09 08:32:49.510 | INFO     |  5282 | mycroft.skills.skill_loader:_communicate_load_status:344 | Skill homeassistant.mycroftai loaded successfully
2021-12-09 08:32:49.510 | INFO     |  5282 | mycroft.skills.skill_loader:load:185 | ATTEMPTING TO LOAD SKILL: mycroft-wiki.mycroftai
2021-12-09 08:32:49.518 | INFO     |  5282 | mycroft.skills.settings:get_local_settings:83 | /opt/mycroft/skills/mycroft-wiki.mycroftai/settings.json
2021-12-09 08:32:49.539 | INFO     |  5282 | mycroft.skills.skill_loader:_check_for_first_run:324 | First run of mycroft-wiki.mycroftai
2021-12-09 08:32:49.540 | INFO     |  5282 | mycroft.skills.settings:save_settings:116 | Skill settings successfully saved to /home/runner/.config/mycroft/skills/mycroft-wiki.mycroftai/settings.json
2021-12-09 08:32:49.543 | INFO     |  5282 | mycroft.skills.skill_loader:_communicate_load_status:344 | Skill mycroft-wiki.mycroftai loaded successfully
2021-12-09 08:32:49.543 | INFO     |  5282 | mycroft.skills.skill_loader:load:185 | ATTEMPTING TO LOAD SKILL: mycroft-reminder.mycroftai
2021-12-09 08:32:49.570 | INFO     |  5282 | mycroft.skills.settings:get_local_settings:83 | /opt/mycroft/skills/mycroft-reminder.mycroftai/settings.json
2021-12-09 08:32:49.695 | INFO     |  5282 | mycroft.skills.skill_loader:_check_for_first_run:324 | First run of mycroft-reminder.mycroftai
2021-12-09 08:32:49.696 | INFO     |  5282 | mycroft.skills.settings:save_settings:116 | Skill settings successfully saved to /home/runner/.config/mycroft/skills/mycroft-reminder.mycroftai/settings.json
2021-12-09 08:32:49.732 | INFO     |  5282 | mycroft.skills.skill_loader:_communicate_load_status:344 | Skill mycroft-reminder.mycroftai loaded successfully
2021-12-09 08:32:49.733 | INFO     |  5282 | mycroft.skills.skill_loader:load:185 | ATTEMPTING TO LOAD SKILL: mycroft-ip.mycroftai
2021-12-09 08:32:49.772 | INFO     |  5282 | mycroft.skills.settings:get_local_settings:83 | /opt/mycroft/skills/mycroft-ip.mycroftai/settings.json
2021-12-09 08:32:49.797 | INFO     |  5282 | mycroft.skills.skill_loader:_check_for_first_run:324 | First run of mycroft-ip.mycroftai
2021-12-09 08:32:49.798 | INFO     |  5282 | mycroft.skills.settings:save_settings:116 | Skill settings successfully saved to /home/runner/.config/mycroft/skills/mycroft-ip.mycroftai/settings.json
2021-12-09 08:32:49.798 | INFO     |  5282 | mycroft.skills.skill_loader:_communicate_load_status:344 | Skill mycroft-ip.mycroftai loaded successfully
2021-12-09 08:32:49.801 | INFO     |  5282 | mycroft.skills.skill_loader:load:185 | ATTEMPTING TO LOAD SKILL: fallback-query.mycroftai
2021-12-09 08:32:49.813 | INFO     |  5282 | mycroft.skills.settings:get_local_settings:83 | /opt/mycroft/skills/fallback-query.mycroftai/settings.json
2021-12-09 08:32:49.834 | INFO     |  5282 | mycroft.skills.skill_loader:_check_for_first_run:324 | First run of fallback-query.mycroftai
2021-12-09 08:32:49.834 | INFO     |  5282 | mycroft.skills.settings:save_settings:116 | Skill settings successfully saved to /home/runner/.config/mycroft/skills/fallback-query.mycroftai/settings.json
2021-12-09 08:32:49.835 | INFO     |  5282 | mycroft.skills.skill_loader:_communicate_load_status:344 | Skill fallback-query.mycroftai loaded successfully
2021-12-09 08:32:49.838 | INFO     |  5282 | mycroft.skills.skill_loader:load:185 | ATTEMPTING TO LOAD SKILL: mycroft-joke.mycroftai
2021-12-09 08:32:49.847 | INFO     |  5282 | mycroft.skills.settings:get_local_settings:83 | /opt/mycroft/skills/mycroft-joke.mycroftai/settings.json
2021-12-09 08:32:49.872 | INFO     |  5282 | mycroft.skills.skill_loader:_check_for_first_run:324 | First run of mycroft-joke.mycroftai
2021-12-09 08:32:49.872 | INFO     |  5282 | mycroft.skills.settings:save_settings:116 | Skill settings successfully saved to /home/runner/.config/mycroft/skills/mycroft-joke.mycroftai/settings.json
2021-12-09 08:32:49.879 | INFO     |  5282 | mycroft.skills.skill_loader:_communicate_load_status:344 | Skill mycroft-joke.mycroftai loaded successfully
2021-12-09 08:32:49.880 | INFO     |  5282 | mycroft.skills.skill_loader:load:185 | ATTEMPTING TO LOAD SKILL: mycroft-installer.mycroftai
2021-12-09 08:32:49.896 | INFO     |  5282 | mycroft.skills.settings:get_local_settings:83 | /opt/mycroft/skills/mycroft-installer.mycroftai/settings.json
2021-12-09 08:32:49.935 | INFO     |  5282 | mycroft.skills.skill_loader:_check_for_first_run:324 | First run of mycroft-installer.mycroftai
2021-12-09 08:32:49.935 | INFO     |  5282 | mycroft.skills.settings:save_settings:116 | Skill settings successfully saved to /home/runner/.config/mycroft/skills/mycroft-installer.mycroftai/settings.json
2021-12-09 08:32:49.940 | INFO     |  5282 | mycroft.skills.skill_loader:_communicate_load_status:344 | Skill mycroft-installer.mycroftai loaded successfully
2021-12-09 08:32:49.940 | INFO     |  5282 | mycroft.skills.skill_loader:load:185 | ATTEMPTING TO LOAD SKILL: mycroft-audio-record.mycroftai
2021-12-09 08:32:49.945 | INFO     |  5282 | mycroft.skills.settings:get_local_settings:83 | /opt/mycroft/skills/mycroft-audio-record.mycroftai/settings.json
2021-12-09 08:32:49.974 | INFO     |  5282 | mycroft.skills.skill_loader:_check_for_first_run:324 | First run of mycroft-audio-record.mycroftai
2021-12-09 08:32:49.974 | INFO     |  5282 | mycroft.skills.settings:save_settings:116 | Skill settings successfully saved to /home/runner/.config/mycroft/skills/mycroft-audio-record.mycroftai/settings.json
2021-12-09 08:32:49.977 | INFO     |  5282 | mycroft.skills.skill_loader:_communicate_load_status:344 | Skill mycroft-audio-record.mycroftai loaded successfully
2021-12-09 08:32:49.977 | INFO     |  5282 | mycroft.skills.skill_loader:load:185 | ATTEMPTING TO LOAD SKILL: mycroft-hello-world.mycroftai
2021-12-09 08:32:49.990 | INFO     |  5282 | mycroft.skills.settings:get_local_settings:83 | /opt/mycroft/skills/mycroft-hello-world.mycroftai/settings.json
2021-12-09 08:32:50.013 | INFO     |  5282 | mycroft.skills.skill_loader:_check_for_first_run:324 | First run of mycroft-hello-world.mycroftai
2021-12-09 08:32:50.014 | INFO     |  5282 | mycroft.skills.settings:save_settings:116 | Skill settings successfully saved to /home/runner/.config/mycroft/skills/mycroft-hello-world.mycroftai/settings.json
2021-12-09 08:32:50.018 | INFO     |  5282 | mycroft.skills.skill_loader:_communicate_load_status:344 | Skill mycroft-hello-world.mycroftai loaded successfully
2021-12-09 08:32:50.019 | INFO     |  5282 | mycroft.skills.skill_loader:load:185 | ATTEMPTING TO LOAD SKILL: mycroft-naptime.mycroftai
2021-12-09 08:32:50.024 | INFO     |  5282 | mycroft.skills.settings:get_local_settings:83 | /opt/mycroft/skills/mycroft-naptime.mycroftai/settings.json
2021-12-09 08:32:50.047 | INFO     |  5282 | mycroft.skills.skill_loader:_check_for_first_run:324 | First run of mycroft-naptime.mycroftai
2021-12-09 08:32:50.048 | INFO     |  5282 | mycroft.skills.settings:save_settings:116 | Skill settings successfully saved to /home/runner/.config/mycroft/skills/mycroft-naptime.mycroftai/settings.json
2021-12-09 08:32:50.051 | INFO     |  5282 | mycroft.skills.skill_loader:_communicate_load_status:344 | Skill mycroft-naptime.mycroftai loaded successfully
2021-12-09 08:32:50.051 | INFO     |  5282 | mycroft.skills.skill_loader:load:185 | ATTEMPTING TO LOAD SKILL: mycroft-version-checker.mycroftai
2021-12-09 08:32:50.059 | INFO     |  5282 | mycroft.skills.settings:get_local_settings:83 | /opt/mycroft/skills/mycroft-version-checker.mycroftai/settings.json
2021-12-09 08:32:50.089 | INFO     |  5282 | mycroft.skills.skill_loader:_check_for_first_run:324 | First run of mycroft-version-checker.mycroftai
2021-12-09 08:32:50.090 | INFO     |  5282 | mycroft.skills.settings:save_settings:116 | Skill settings successfully saved to /home/runner/.config/mycroft/skills/mycroft-version-checker.mycroftai/settings.json
2021-12-09 08:32:50.094 | INFO     |  5282 | mycroft.skills.skill_loader:_communicate_load_status:344 | Skill mycroft-version-checker.mycroftai loaded successfully
2021-12-09 08:32:50.095 | INFO     |  5282 | mycroft.skills.skill_loader:load:185 | ATTEMPTING TO LOAD SKILL: fallback-unknown.mycroftai
2021-12-09 08:32:50.103 | INFO     |  5282 | mycroft.skills.settings:get_local_settings:83 | /opt/mycroft/skills/fallback-unknown.mycroftai/settings.json
2021-12-09 08:32:50.131 | INFO     |  5282 | mycroft.skills.skill_loader:_check_for_first_run:324 | First run of fallback-unknown.mycroftai
2021-12-09 08:32:50.131 | INFO     |  5282 | mycroft.skills.settings:save_settings:116 | Skill settings successfully saved to /home/runner/.config/mycroft/skills/fallback-unknown.mycroftai/settings.json
2021-12-09 08:32:50.132 | INFO     |  5282 | mycroft.skills.skill_loader:_communicate_load_status:344 | Skill fallback-unknown.mycroftai loaded successfully
2021-12-09 08:32:50.138 | INFO     |  5282 | mycroft.skills.skill_loader:load:185 | ATTEMPTING TO LOAD SKILL: mycroft-personal.mycroftai
2021-12-09 08:32:50.142 | INFO     |  5282 | mycroft.skills.settings:get_local_settings:83 | /opt/mycroft/skills/mycroft-personal.mycroftai/settings.json
2021-12-09 08:32:50.172 | INFO     |  5282 | mycroft.skills.skill_loader:_check_for_first_run:324 | First run of mycroft-personal.mycroftai
2021-12-09 08:32:50.172 | INFO     |  5282 | mycroft.skills.settings:save_settings:116 | Skill settings successfully saved to /home/runner/.config/mycroft/skills/mycroft-personal.mycroftai/settings.json
2021-12-09 08:32:50.180 | INFO     |  5282 | mycroft.skills.skill_loader:_communicate_load_status:344 | Skill mycroft-personal.mycroftai loaded successfully
2021-12-09 08:32:50.180 | INFO     |  5282 | mycroft.skills.skill_loader:load:185 | ATTEMPTING TO LOAD SKILL: mycroft-fallback-duck-duck-go.mycroftai
2021-12-09 08:32:50.204 | INFO     |  5282 | mycroft.skills.settings:get_local_settings:83 | /opt/mycroft/skills/mycroft-fallback-duck-duck-go.mycroftai/settings.json
2021-12-09 08:32:50.238 | INFO     |  5282 | mycroft.skills.skill_loader:_check_for_first_run:324 | First run of mycroft-fallback-duck-duck-go.mycroftai
2021-12-09 08:32:50.238 | INFO     |  5282 | mycroft.skills.settings:save_settings:116 | Skill settings successfully saved to /home/runner/.config/mycroft/skills/mycroft-fallback-duck-duck-go.mycroftai/settings.json
2021-12-09 08:32:50.239 | INFO     |  5282 | mycroft.skills.skill_loader:_communicate_load_status:344 | Skill mycroft-fallback-duck-duck-go.mycroftai loaded successfully
2021-12-09 08:32:50.243 | INFO     |  5282 | mycroft.skills.skill_loader:load:185 | ATTEMPTING TO LOAD SKILL: fallback-wolfram-alpha.mycroftai
2021-12-09 08:32:50.280 | INFO     |  5282 | mycroft.skills.settings:get_local_settings:83 | /opt/mycroft/skills/fallback-wolfram-alpha.mycroftai/settings.json
2021-12-09 08:32:50.302 | INFO     |  5282 | mycroft.skills.skill_loader:_check_for_first_run:324 | First run of fallback-wolfram-alpha.mycroftai
2021-12-09 08:32:50.302 | INFO     |  5282 | mycroft.skills.settings:save_settings:116 | Skill settings successfully saved to /home/runner/.config/mycroft/skills/fallback-wolfram-alpha.mycroftai/settings.json
2021-12-09 08:32:50.303 | INFO     |  5282 | mycroft.skills.skill_loader:_communicate_load_status:344 | Skill fallback-wolfram-alpha.mycroftai loaded successfully
2021-12-09 08:32:50.303 | INFO     |  5282 | mycroft.skills.skill_loader:load:185 | ATTEMPTING TO LOAD SKILL: mycroft-weather.mycroftai
2021-12-09 08:32:50.343 | INFO     |  5282 | mycroft.skills.settings:get_local_settings:83 | /opt/mycroft/skills/mycroft-weather.mycroftai/settings.json
2021-12-09 08:32:50.486 | INFO     |  5282 | mycroft.skills.skill_loader:_check_for_first_run:324 | First run of mycroft-weather.mycroftai
2021-12-09 08:32:50.487 | INFO     |  5282 | mycroft.skills.settings:save_settings:116 | Skill settings successfully saved to /home/runner/.config/mycroft/skills/mycroft-weather.mycroftai/settings.json
2021-12-09 08:32:50.653 | INFO     |  5282 | mycroft.skills.skill_loader:_communicate_load_status:344 | Skill mycroft-weather.mycroftai loaded successfully
2021-12-09 08:32:50.654 | INFO     |  5282 | mycroft.skills.skill_loader:load:185 | ATTEMPTING TO LOAD SKILL: mycroft-stop.mycroftai
2021-12-09 08:32:50.664 | INFO     |  5282 | mycroft.skills.settings:get_local_settings:83 | /opt/mycroft/skills/mycroft-stop.mycroftai/settings.json
2021-12-09 08:32:50.797 | INFO     |  5282 | mycroft.skills.skill_loader:_check_for_first_run:324 | First run of mycroft-stop.mycroftai
2021-12-09 08:32:50.837 | INFO     |  5282 | mycroft.skills.settings:save_settings:116 | Skill settings successfully saved to /home/runner/.config/mycroft/skills/mycroft-stop.mycroftai/settings.json
2021-12-09 08:32:50.841 | INFO     |  5282 | mycroft.skills.skill_loader:_communicate_load_status:344 | Skill mycroft-stop.mycroftai loaded successfully
2021-12-09 08:32:50.842 | INFO     |  5282 | mycroft.skills.skill_loader:load:185 | ATTEMPTING TO LOAD SKILL: mycroft-alarm.mycroftai
2021-12-09 08:32:50.921 | INFO     |  5282 | mycroft.skills.settings:get_local_settings:83 | /opt/mycroft/skills/mycroft-alarm.mycroftai/settings.json
2021-12-09 08:32:50.922 | ERROR    |  5282 | AlarmSkill | Couldn't allocate mixer, ALSAAudioError('No such file or directory [default]')
2021-12-09 08:32:50.992 | INFO     |  5282 | mycroft.skills.skill_loader:_check_for_first_run:324 | First run of mycroft-alarm.mycroftai
2021-12-09 08:32:50.992 | INFO     |  5282 | mycroft.skills.settings:save_settings:116 | Skill settings successfully saved to /home/runner/.config/mycroft/skills/mycroft-alarm.mycroftai/settings.json
2021-12-09 08:32:51.131 | INFO     |  5282 | mycroft.skills.skill_loader:_communicate_load_status:344 | Skill mycroft-alarm.mycroftai loaded successfully
2021-12-09 08:32:51.132 | INFO     |  5282 | mycroft.skills.skill_loader:load:185 | ATTEMPTING TO LOAD SKILL: mycroft-support-helper.mycroftai
2021-12-09 08:32:51.143 | INFO     |  5282 | mycroft.skills.settings:get_local_settings:83 | /opt/mycroft/skills/mycroft-support-helper.mycroftai/settings.json
2021-12-09 08:32:51.152 | INFO     |  5282 | mycroft.skills.skill_loader:_check_for_first_run:324 | First run of mycroft-support-helper.mycroftai
2021-12-09 08:32:51.153 | INFO     |  5282 | mycroft.skills.settings:save_settings:116 | Skill settings successfully saved to /home/runner/.config/mycroft/skills/mycroft-support-helper.mycroftai/settings.json
2021-12-09 08:32:51.277 | INFO     |  5282 | mycroft.skills.skill_loader:_communicate_load_status:344 | Skill mycroft-support-helper.mycroftai loaded successfully
2021-12-09 08:32:51.278 | INFO     |  5282 | mycroft.skills.skill_loader:load:185 | ATTEMPTING TO LOAD SKILL: mycroft-timer.mycroftai
2021-12-09 08:32:51.300 | INFO     |  5282 | mycroft.skills.settings:get_local_settings:83 | /opt/mycroft/skills/mycroft-timer.mycroftai/settings.json
2021-12-09 08:32:51.353 | INFO     |  5282 | mycroft.skills.skill_loader:_check_for_first_run:324 | First run of mycroft-timer.mycroftai
2021-12-09 08:32:51.353 | INFO     |  5282 | mycroft.skills.settings:save_settings:116 | Skill settings successfully saved to /home/runner/.config/mycroft/skills/mycroft-timer.mycroftai/settings.json
2021-12-09 08:32:51.431 | INFO     |  5282 | mycroft.skills.skill_loader:_communicate_load_status:344 | Skill mycroft-timer.mycroftai loaded successfully
2021-12-09 08:32:51.432 | INFO     |  5282 | mycroft.skills.skill_loader:load:185 | ATTEMPTING TO LOAD SKILL: mycroft-npr-news.mycroftai
2021-12-09 08:32:51.514 | INFO     |  5282 | mycroft.skills.settings:get_local_settings:83 | /opt/mycroft/skills/mycroft-npr-news.mycroftai/settings.json
2021-12-09 08:32:52.543 | INFO     |  5282 | mycroft.skills.skill_loader:_check_for_first_run:324 | First run of mycroft-npr-news.mycroftai
2021-12-09 08:32:52.544 | INFO     |  5282 | mycroft.skills.settings:save_settings:116 | Skill settings successfully saved to /home/runner/.config/mycroft/skills/mycroft-npr-news.mycroftai/settings.json
2021-12-09 08:32:52.544 | INFO     |  5282 | mycroft.skills.skill_loader:_communicate_load_status:344 | Skill mycroft-npr-news.mycroftai loaded successfully
2021-12-09 08:32:52.545 | INFO     |  5282 | mycroft.skills.skill_manager:_load_on_startup:275 | Skills all loaded!
2021-12-09 08:32:52.565 | INFO     |  5282 | mycroft.skills.intent_services.padatious_service:train:151 | Training... (single_thread=False)
2021-12-09 08:32:52.616 | INFO     |  5282 | __main__:on_ready:185 | Skills service is ready.
Regenerated mycroft-alarm.mycroftai:{daytype}.
Regenerated mycroft-configuration.mycroftai:WhereAreYou.intent.
Regenerated mycroft-configuration.mycroftai:EnablePreciseDev.intent.
Regenerated mycroft-configuration.mycroftai:DisablePreciseDev.intent.
Regenerated mycroft-date-time.mycroftai:what.time.will.it.be.intent.
Regenerated mycroft-date-time.mycroftai:what.time.is.it.intent.
Regenerated mycroft-date-time.mycroftai:date.last.weekend.intent.
Regenerated mycroft-date-time.mycroftai:date.future.weekend.intent.
Regenerated homeassistant.mycroftai:turn.on.intent.
Regenerated homeassistant.mycroftai:increase.light.brightness.intent.
Regenerated homeassistant.mycroftai:turn.off.intent.
Regenerated homeassistant.mycroftai:toggle.intent.
Regenerated homeassistant.mycroftai:stop.intent.
Regenerated homeassistant.mycroftai:open.intent.
Regenerated mycroft-wiki.mycroftai:Random.intent.
Regenerated mycroft-reminder.mycroftai:CancelActiveReminder.intent.
Regenerated mycroft-reminder.mycroftai:GetNextReminders.intent.
Regenerated mycroft-reminder.mycroftai:UnspecifiedReminderAt.intent.
Regenerated mycroft-reminder.mycroftai:DeleteReminderForDay.intent.
Regenerated mycroft-reminder.mycroftai:SnoozeReminder.intent.
Regenerated mycroft-reminder.mycroftai:ClearReminders.intent.
Regenerated mycroft-reminder.mycroftai:GetRemindersForDay.intent.
Regenerated mycroft-reminder.mycroftai:Reminder.intent.
Regenerated mycroft-reminder.mycroftai:ReminderAt.intent.
Regenerated mycroft-installer.mycroftai:install.beta.intent.
Regenerated homeassistant.mycroftai:set.climate.intent.
Regenerated homeassistant.mycroftai:sensor.intent.
Regenerated homeassistant.mycroftai:automation.intent.
Regenerated homeassistant.mycroftai:tracker.intent.
Regenerated homeassistant.mycroftai:add.item.shopping.list.intent.
Regenerated homeassistant.mycroftai:decrease.light.brightness.intent.
Regenerated homeassistant.mycroftai:close.intent.
Regenerated homeassistant.mycroftai:set.light.brightness.intent.
Regenerated mycroft-installer.mycroftai:remove.intent.
Regenerated mycroft-installer.mycroftai:list.skills.intent.
Regenerated mycroft-installer.mycroftai:is.installed.intent.
Regenerated mycroft-installer.mycroftai:install.intent.
Regenerated mycroft-installer.mycroftai:install.custom.intent.
Regenerated mycroft-audio-record.mycroftai:PlayRecording.intent.
Regenerated mycroft-audio-record.mycroftai:StartRecording.intent.
Regenerated mycroft-hello-world.mycroftai:HowAreYou.intent.
Regenerated mycroft-personal.mycroftai:DoYouDream.intent.
Regenerated mycroft-personal.mycroftai:WhenWereYouBorn.intent.
Regenerated mycroft-personal.mycroftai:WhoAreYou.intent.
Regenerated mycroft-personal.mycroftai:WhereWereYouBorn.intent.
Regenerated mycroft-personal.mycroftai:WhoMadeYou.intent.
Regenerated mycroft-personal.mycroftai:WhatAreYou.intent.
Regenerated mycroft-personal.mycroftai:DoYouRhyme.intent.
Regenerated mycroft-weather.mycroftai:do-i-need-an-umbrella.intent.
Regenerated mycroft-stop.mycroftai:reboot.intent.
Regenerated mycroft-stop.mycroftai:wifi.setup.intent.
Regenerated mycroft-stop.mycroftai:ssh.enable.intent.
Regenerated mycroft-stop.mycroftai:shutdown.intent.
Regenerated mycroft-stop.mycroftai:ssh.disable.intent.
Regenerated mycroft-alarm.mycroftai:change.alarm.sound.intent.
Regenerated mycroft-alarm.mycroftai:snooze.intent.
Regenerated mycroft-support-helper.mycroftai:contact.support.intent.
Regenerated mycroft-timer.mycroftai:start.timer.intent.
Regenerated mycroft-timer.mycroftai:timer.status.intent.
Regenerated mycroft-npr-news.mycroftai:PlayTheNews.intent.
2021-12-09 08:32:55.329 | INFO     |  5282 | mycroft.skills.intent_services.padatious_service:train:153 | Training complete.
2021-12-09 08:33:07.405 | INFO     |  5282 | mycroft.skills.settings:save_settings:116 | Skill settings successfully saved to /home/runner/.config/mycroft/skills/mycroft-pairing.mycroftai/settings.json
2021-12-09 08:33:07.409 | INFO     |  5282 | mycroft.skills.settings:save_settings:116 | Skill settings successfully saved to /home/runner/.config/mycroft/skills/mycroft-timer.mycroftai/settings.json
2021-12-09 08:33:12.794 | INFO     |  5282 | QuestionsAnswersSkill | Searching for can you toggle green switch
2021-12-09 08:33:12.801 | INFO     |  5282 | mycroft.skills.settings:save_settings:116 | Skill settings successfully saved to /home/runner/.config/mycroft/skills/mycroft-fallback-duck-duck-go.mycroftai/settings.json
2021-12-09 08:33:12.802 | INFO     |  5282 | WolframAlphaSkill | WolframAlpha query: can you toggle green switch
2021-12-09 08:33:12.802 | INFO     |  5282 | WolframAlphaSkill | Non-question, ignoring: can you toggle green switch
2021-12-09 08:33:12.803 | INFO     |  5282 | mycroft.skills.settings:save_settings:116 | Skill settings successfully saved to /home/runner/.config/mycroft/skills/fallback-wolfram-alpha.mycroftai/settings.json
2021-12-09 08:33:12.808 | INFO     |  5282 | mycroft.skills.settings:save_settings:116 | Skill settings successfully saved to /home/runner/.config/mycroft/skills/fallback-query.mycroftai/settings.json
2021-12-09 08:33:13.191 | INFO     |  5282 | QuestionsAnswersSkill | Timeout occured check responses
2021-12-09 08:33:14.831 | INFO     |  5282 | QuestionsAnswersSkill | Searching for can you toggle pink switch
2021-12-09 08:33:16.836 | INFO     |  5282 | WolframAlphaSkill | WolframAlpha query: can you toggle pink switch
2021-12-09 08:33:16.837 | INFO     |  5282 | WolframAlphaSkill | Non-question, ignoring: can you toggle pink switch
2021-12-09 08:33:27.763 | INFO     |  5282 | QuestionsAnswersSkill | Timeout occured check responses
2021-12-09 08:33:48.304 | WARNING  |  5282 | ConfigurationSkill | Impossible to update configuration because device isn't paired
2021-12-09 08:34:04.485 | ERROR    |  5282 | WeatherSkill | Weather API failure
Traceback (most recent call last):
  File "/opt/mycroft/skills/mycroft-weather.mycroftai/__init__.py", line 1129, in _get_weather
    self.config_core.get("system_unit"), latitude, longitude
  File "/opt/mycroft/skills/mycroft-weather.mycroftai/skill/api.py", line 105, in get_weather_for_coordinates
    response = self.request(api_request)
  File "/opt/mycroft-core/mycroft/api/__init__.py", line 64, in request
    return self.send(params)
  File "/opt/mycroft-core/mycroft/api/__init__.py", line 147, in send
    return self.get_response(response, no_refresh)
  File "/opt/mycroft-core/mycroft/api/__init__.py", line 170, in get_response
    raise HTTPError(data, response=response)
requests.exceptions.HTTPError: {'error': 'device not authorized'}
2021-12-09 08:34:04.486 | INFO     |  5282 | mycroft.skills.settings:save_settings:116 | Skill settings successfully saved to /home/runner/.config/mycroft/skills/mycroft-weather.mycroftai/settings.json
2021-12-09 08:34:04.490 | ERROR    |  5282 | mycroft.skills.mycroft_skill.mycroft_skill:on_error:923 | An error occurred while processing a request in Pairing Skill
Traceback (most recent call last):
  File "/opt/mycroft-core/mycroft/skills/mycroft_skill/event_container.py", line 73, in wrapper
    handler(message)
  File "/opt/mycroft/skills/mycroft-pairing.mycroftai/__init__.py", line 108, in not_paired
    self.handle_pairing()
TypeError: handle_pairing() missing 1 required positional argument: '_'
2021-12-09 08:34:15.489 | INFO     |  5282 | __main__:on_stopping:193 | Skills service is shutting down...
2021-12-09 08:34:15.489 | INFO     |  5282 | __main__:shutdown:284 | Shutting down Skills service
2021-12-09 08:34:15.778 | ERROR    |  5282 | VolumeSkill | Couldn't allocate mixer, ALSAAudioError('No such file or directory [default]')
2021-12-09 08:34:15.790 | INFO     |  5282 | mycroft.skills.settings:save_settings:116 | Skill settings successfully saved to /home/runner/.config/mycroft/skills/mycroft-volume.mycroftai/settings.json
2021-12-09 08:34:15.792 | INFO     |  5282 | mycroft.skills.settings:save_settings:116 | Skill settings successfully saved to /home/runner/.config/mycroft/skills/mycroft-playback-control.mycroftai/settings.json
2021-12-09 08:34:16.793 | INFO     |  5282 | Playback Control Skill | Audio service status: {}
2021-12-09 08:34:17.795 | WARNING  |  5282 | mycroft.skills.skill_manager:_shutdown_skill:106 | mycroft-playback-control.mycroftai shutdown took 2.0027721499999984 seconds
2021-12-09 08:34:17.797 | INFO     |  5282 | mycroft.skills.settings:save_settings:116 | Skill settings successfully saved to /home/runner/.config/mycroft/skills/mycroft-configuration.mycroftai/settings.json
2021-12-09 08:34:17.801 | INFO     |  5282 | mycroft.skills.settings:save_settings:116 | Skill settings successfully saved to /home/runner/.config/mycroft/skills/mycroft-speak.mycroftai/settings.json
2021-12-09 08:34:17.802 | INFO     |  5282 | mycroft.skills.settings:save_settings:116 | Skill settings successfully saved to /home/runner/.config/mycroft/skills/mycroft-spelling.mycroftai/settings.json
2021-12-09 08:34:17.804 | INFO     |  5282 | mycroft.skills.settings:save_settings:116 | Skill settings successfully saved to /home/runner/.config/mycroft/skills/mycroft-date-time.mycroftai/settings.json
2021-12-09 08:34:17.812 | INFO     |  5282 | mycroft.skills.settings:save_settings:116 | Skill settings successfully saved to /home/runner/.config/mycroft/skills/mycroft-singing.mycroftai/settings.json
2021-12-09 08:34:17.818 | INFO     |  5282 | HomeAssistantSkill | Removing all handlers...
2021-12-09 08:34:17.819 | WARNING  |  5282 | mycroft.skills.fallback_skill:remove_fallback:185 | Could not find matching fallback handler
2021-12-09 08:34:17.820 | INFO     |  5282 | mycroft.skills.settings:save_settings:116 | Skill settings successfully saved to /home/runner/.config/mycroft/skills/mycroft-wiki.mycroftai/settings.json
2021-12-09 08:34:17.825 | INFO     |  5282 | mycroft.skills.settings:save_settings:116 | Skill settings successfully saved to /home/runner/.config/mycroft/skills/mycroft-reminder.mycroftai/settings.json
2021-12-09 08:34:17.827 | INFO     |  5282 | mycroft.skills.settings:save_settings:116 | Skill settings successfully saved to /home/runner/.config/mycroft/skills/mycroft-ip.mycroftai/settings.json
2021-12-09 08:34:17.827 | INFO     |  5282 | QuestionsAnswersSkill | Removing all handlers...
2021-12-09 08:34:17.828 | INFO     |  5282 | mycroft.skills.settings:save_settings:116 | Skill settings successfully saved to /home/runner/.config/mycroft/skills/mycroft-joke.mycroftai/settings.json
2021-12-09 08:34:17.839 | INFO     |  5282 | mycroft.skills.settings:save_settings:116 | Skill settings successfully saved to /home/runner/.config/mycroft/skills/mycroft-installer.mycroftai/settings.json
2021-12-09 08:34:17.864 | INFO     |  5282 | mycroft.skills.settings:save_settings:116 | Skill settings successfully saved to /home/runner/.config/mycroft/skills/mycroft-audio-record.mycroftai/settings.json
2021-12-09 08:34:17.865 | INFO     |  5282 | mycroft.skills.settings:save_settings:116 | Skill settings successfully saved to /home/runner/.config/mycroft/skills/mycroft-hello-world.mycroftai/settings.json
2021-12-09 08:34:17.876 | INFO     |  5282 | mycroft.skills.settings:save_settings:116 | Skill settings successfully saved to /home/runner/.config/mycroft/skills/mycroft-naptime.mycroftai/settings.json
2021-12-09 08:34:17.877 | INFO     |  5282 | mycroft.skills.settings:save_settings:116 | Skill settings successfully saved to /home/runner/.config/mycroft/skills/mycroft-version-checker.mycroftai/settings.json
2021-12-09 08:34:17.878 | INFO     |  5282 | UnknownSkill | Removing all handlers...
2021-12-09 08:34:17.879 | INFO     |  5282 | mycroft.skills.settings:save_settings:116 | Skill settings successfully saved to /home/runner/.config/mycroft/skills/fallback-unknown.mycroftai/settings.json
2021-12-09 08:34:17.880 | INFO     |  5282 | mycroft.skills.settings:save_settings:116 | Skill settings successfully saved to /home/runner/.config/mycroft/skills/mycroft-personal.mycroftai/settings.json
2021-12-09 08:34:17.892 | INFO     |  5282 | mycroft.skills.settings:save_settings:116 | Skill settings successfully saved to /home/runner/.config/mycroft/skills/mycroft-stop.mycroftai/settings.json
2021-12-09 08:34:17.955 | INFO     |  5282 | mycroft.skills.settings:save_settings:116 | Skill settings successfully saved to /home/runner/.config/mycroft/skills/mycroft-alarm.mycroftai/settings.json
2021-12-09 08:34:17.965 | INFO     |  5282 | mycroft.skills.settings:save_settings:116 | Skill settings successfully saved to /home/runner/.config/mycroft/skills/mycroft-support-helper.mycroftai/settings.json
2021-12-09 08:34:17.979 | INFO     |  5282 | mycroft.skills.settings:save_settings:116 | Skill settings successfully saved to /home/runner/.config/mycroft/skills/mycroft-npr-news.mycroftai/settings.json
2021-12-09 08:34:17.984 | INFO     |  5282 | __main__:shutdown:291 | Skills service shutdown complete!
2021-12-09 08:34:17.986 | ERROR    |  5282 | websocket | error from callback <bound method MessageBusClient.on_message of <mycroft.messagebus.client.client.MessageBusClient object at 0x7fbef3a0f550>>: cannot schedule new futures after interpreter shutdown
2021-12-09 08:34:17.986 | ERROR    |  5282 | mycroft_bus_client.client.client | === RuntimeError('cannot schedule new futures after interpreter shutdown') ===
Traceback (most recent call last):
  File "/opt/mycroft-core/.venv/lib/python3.7/site-packages/websocket/_app.py", line 407, in _callback
    callback(self, *args)
  File "/opt/mycroft-core/.venv/lib/python3.7/site-packages/mycroft_bus_client/client/client.py", line 182, in on_message
    self.emitter.emit('message', message)
  File "/opt/mycroft-core/.venv/lib/python3.7/site-packages/pyee/_base.py", line 113, in emit
    handled = self._call_handlers(event, args, kwargs)
  File "/opt/mycroft-core/.venv/lib/python3.7/site-packages/pyee/_base.py", line 96, in _call_handlers
    self._emit_run(f, args, kwargs)
  File "/opt/mycroft-core/.venv/lib/python3.7/site-packages/pyee/_executor.py", line 50, in _emit_run
    future = self._executor.submit(f, *args, **kwargs)
  File "/opt/hostedtoolcache/Python/3.7.12/x64/lib/python3.7/concurrent/futures/thread.py", line 165, in submit
    raise RuntimeError('cannot schedule new futures after '
RuntimeError: cannot schedule new futures after interpreter shutdown
2021-12-09 08:34:17.989 | ERROR    |  5282 | mycroft_bus_client.client.client | Exception closing websocket: RuntimeError('cannot schedule new futures after interpreter shutdown')
2021-12-09 08:34:17.989 | WARNING  |  5282 | mycroft_bus_client.client.client | Message Bus Client will reconnect in 5.0 seconds.
