2021-10-15 06:49:58.393 | INFO     |  5314 | mycroft.messagebus.load_config:load_message_bus_config:33 | Loading message bus configs
2021-10-15 06:49:58.401 | INFO     |  5314 | mycroft_bus_client.client.client | Connected
2021-10-15 06:49:58.404 | INFO     |  5314 | mycroft.util.process_utils:start_message_bus_client:155 | Connected to messagebus
2021-10-15 06:49:58.409 | INFO     |  5314 | mycroft.skills.msm_wrapper:create_msm:96 | Acquiring lock to instantiate MSM
2021-10-15 06:49:59.869 | INFO     |  5314 | msm.mycroft_skills_manager | building SkillEntry objects for all skills
2021-10-15 06:50:00.348 | INFO     |  5314 | mycroft.skills.msm_wrapper:create_msm:112 | Releasing MSM instantiation lock.
2021-10-15 06:50:00.348 | INFO     |  5314 | mycroft.skills.skill_updater:_log_next_download_time:267 | Next scheduled skill update: 2021-10-15 06:49:59.348444
2021-10-15 06:50:00.349 | INFO     |  5314 | msm.skill_entry | Downloading skill: https://github.com/mycroftai/skill-pairing
2021-10-15 06:50:01.208 | INFO     |  5314 | msm.skill_entry | Installing system requirements...
2021-10-15 06:50:01.227 | INFO     |  5314 | msm.skill_entry | Successfully installed mycroft-pairing
2021-10-15 06:50:01.228 | INFO     |  5314 | msm.mycroft_skills_manager | invalidating skills cache
2021-10-15 06:50:01.229 | INFO     |  5314 | mycroft.skills.skill_loader:load:185 | ATTEMPTING TO LOAD SKILL: mycroft-pairing.mycroftai
2021-10-15 06:50:01.237 | INFO     |  5314 | mycroft.skills.settings:get_local_settings:83 | /opt/mycroft/skills/mycroft-pairing.mycroftai/settings.json
2021-10-15 06:50:01.258 | INFO     |  5314 | mycroft.skills.skill_loader:_check_for_first_run:324 | First run of mycroft-pairing.mycroftai
2021-10-15 06:50:01.258 | INFO     |  5314 | mycroft.skills.settings:save_settings:116 | Skill settings successfully saved to /home/runner/.config/mycroft/skills/mycroft-pairing.mycroftai/settings.json
2021-10-15 06:50:01.266 | INFO     |  5314 | mycroft.skills.skill_loader:_communicate_load_status:344 | Skill mycroft-pairing.mycroftai loaded successfully
2021-10-15 06:50:01.267 | INFO     |  5314 | msm.skill_entry | Downloading skill: https://github.com/mycroftai/skill-volume
2021-10-15 06:50:03.683 | INFO     |  5314 | msm.skill_entry | Installing system requirements...
2021-10-15 06:50:03.720 | INFO     |  5314 | msm.skill_entry | Installing requirements.txt for mycroft-volume
2021-10-15 06:50:04.772 | INFO     |  5314 | msm.skill_entry | Successfully installed mycroft-volume
2021-10-15 06:50:04.773 | INFO     |  5314 | msm.mycroft_skills_manager | invalidating skills cache
2021-10-15 06:50:04.774 | INFO     |  5314 | mycroft.skills.skill_loader:load:185 | ATTEMPTING TO LOAD SKILL: mycroft-volume.mycroftai
2021-10-15 06:50:04.784 | INFO     |  5314 | mycroft.skills.settings:get_local_settings:83 | /opt/mycroft/skills/mycroft-volume.mycroftai/settings.json
2021-10-15 06:50:04.893 | ERROR    |  5314 | VolumeSkill | Couldn't allocate mixer, ALSAAudioError('No such file or directory [default]')
2021-10-15 06:50:07.900 | INFO     |  5314 | mycroft.skills.skill_loader:_check_for_first_run:324 | First run of mycroft-volume.mycroftai
2021-10-15 06:50:07.901 | INFO     |  5314 | mycroft.skills.settings:save_settings:116 | Skill settings successfully saved to /home/runner/.config/mycroft/skills/mycroft-volume.mycroftai/settings.json
2021-10-15 06:50:07.902 | INFO     |  5314 | mycroft.skills.skill_loader:_communicate_load_status:344 | Skill mycroft-volume.mycroftai loaded successfully
2021-10-15 06:50:07.903 | INFO     |  5314 | __main__:on_started:177 | Skills service is starting up.
2021-10-15 06:50:07.984 | INFO     |  5314 | __main__:_update_system:154 | Attempting system update...
2021-10-15 06:50:10.986 | INFO     |  5314 | mycroft.enclosure.display_manager:_write_data:70 | Display Manager is creating /tmp/mycroft/ipc/managers/disp_info
2021-10-15 06:50:10.987 | INFO     |  5314 | __main__:_ensure_device_is_paired:133 | Device not paired, invoking the pairing skill
2021-10-15 06:50:10.990 | INFO     |  5314 | __main__:on_alive:181 | Skills service is alive.
2021-10-15 06:50:11.002 | INFO     |  5314 | msm.mycroft_skills_manager | building SkillEntry objects for all skills
2021-10-15 06:50:11.456 | WARNING  |  5314 | msm.mycroft_skills_manager | No such default skill: mycroft-pandora
2021-10-15 06:50:11.457 | INFO     |  5314 | mycroft.skills.skill_manager:run:234 | Not all default skills are installed, performing skill update...
2021-10-15 06:50:11.457 | INFO     |  5314 | mycroft.skills.skill_updater:update_skills:149 | Beginning skill update...
2021-10-15 06:50:11.542 | INFO     |  5314 | PairingSkill | Communicating account URL to user
2021-10-15 06:50:11.543 | INFO     |  5314 | msm.mycroft_skills_manager | building SkillEntry objects for all skills
2021-10-15 06:50:12.644 | INFO     |  5314 | msm.mycroft_skills_manager | invalidating skills cache
2021-10-15 06:50:13.046 | INFO     |  5314 | msm.skill_entry | Downloading skill: https://github.com/mycroftai/skill-hello-world
2021-10-15 06:50:13.053 | INFO     |  5314 | msm.skill_entry | Downloading skill: https://github.com/mycroftai/skill-audio-record
2021-10-15 06:50:13.059 | INFO     |  5314 | msm.skill_entry | Downloading skill: https://github.com/mycroftai/skill-npr-news
2021-10-15 06:50:13.069 | INFO     |  5314 | msm.skill_entry | Downloading skill: https://github.com/mycroftai/skill-personal
2021-10-15 06:50:13.084 | INFO     |  5314 | msm.skill_entry | Downloading skill: https://github.com/mycroftai/skill-ip
2021-10-15 06:50:13.107 | INFO     |  5314 | msm.skill_entry | Downloading skill: https://github.com/mycroftai/skill-installer
2021-10-15 06:50:13.115 | INFO     |  5314 | msm.skill_entry | Downloading skill: https://github.com/mycroftai/skill-playback-control
2021-10-15 06:50:13.117 | INFO     |  5314 | msm.skill_entry | Downloading skill: https://github.com/mycroftai/skill-singing
2021-10-15 06:50:13.117 | INFO     |  5314 | msm.skill_entry | Downloading skill: https://github.com/mycroftai/skill-joke
2021-10-15 06:50:13.121 | INFO     |  5314 | msm.skill_entry | Downloading skill: https://github.com/mycroftai/skill-reminder
2021-10-15 06:50:13.122 | INFO     |  5314 | msm.skill_entry | Downloading skill: https://github.com/mycroftai/skill-naptime
2021-10-15 06:50:13.122 | INFO     |  5314 | msm.skill_entry | Downloading skill: https://github.com/mycroftai/fallback-duckduckgo
2021-10-15 06:50:13.123 | INFO     |  5314 | msm.skill_entry | Downloading skill: https://github.com/mycroftai/skill-configuration
2021-10-15 06:50:13.123 | INFO     |  5314 | msm.skill_entry | Downloading skill: https://github.com/mycroftai/skill-date-time
2021-10-15 06:50:13.545 | INFO     |  5314 | msm.skill_entry | Downloading skill: https://github.com/mycroftai/skill-alarm
2021-10-15 06:50:13.577 | INFO     |  5314 | msm.skill_entry | Downloading skill: https://github.com/mycroftai/fallback-wolfram-alpha
2021-10-15 06:50:13.625 | INFO     |  5314 | msm.skill_entry | Downloading skill: https://github.com/mycroftai/fallback-unknown
2021-10-15 06:50:13.939 | INFO     |  5314 | msm.skill_entry | Installing system requirements...
2021-10-15 06:50:14.014 | INFO     |  5314 | msm.skill_entry | Installing system requirements...
2021-10-15 06:50:14.057 | INFO     |  5314 | msm.skill_entry | Successfully installed mycroft-hello-world
2021-10-15 06:50:14.057 | INFO     |  5314 | msm.mycroft_skills_manager | invalidating skills cache
2021-10-15 06:50:14.058 | INFO     |  5314 | msm.skill_entry | Downloading skill: https://github.com/mycroftai/skill-speak
2021-10-15 06:50:14.156 | INFO     |  5314 | msm.skill_entry | Installing requirements.txt for mycroft-ip
2021-10-15 06:50:14.284 | INFO     |  5314 | msm.skill_entry | Installing system requirements...
2021-10-15 06:50:14.404 | INFO     |  5314 | msm.skill_entry | Installing system requirements...
2021-10-15 06:50:14.460 | INFO     |  5314 | msm.skill_entry | Successfully installed mycroft-naptime
2021-10-15 06:50:14.461 | INFO     |  5314 | msm.mycroft_skills_manager | invalidating skills cache
2021-10-15 06:50:14.467 | INFO     |  5314 | msm.skill_entry | Downloading skill: https://github.com/mycroftai/skill-spelling
2021-10-15 06:50:14.538 | INFO     |  5314 | msm.skill_entry | Installing system requirements...
2021-10-15 06:50:14.581 | INFO     |  5314 | msm.skill_entry | Installing requirements.txt for mycroft-fallback-duck-duck-go
2021-10-15 06:50:14.637 | INFO     |  5314 | msm.skill_entry | Installing requirements.txt for mycroft-joke
2021-10-15 06:50:14.695 | INFO     |  5314 | msm.skill_entry | Installing system requirements...
2021-10-15 06:50:14.720 | INFO     |  5314 | msm.skill_entry | Installing system requirements...
2021-10-15 06:50:14.746 | INFO     |  5314 | msm.skill_entry | Installing system requirements...
2021-10-15 06:50:14.971 | INFO     |  5314 | msm.skill_entry | Installing requirements.txt for mycroft-audio-record
2021-10-15 06:50:14.973 | INFO     |  5314 | msm.skill_entry | Successfully installed mycroft-playback-control
2021-10-15 06:50:14.973 | INFO     |  5314 | msm.mycroft_skills_manager | invalidating skills cache
2021-10-15 06:50:14.981 | INFO     |  5314 | msm.skill_entry | Successfully installed mycroft-personal
2021-10-15 06:50:14.981 | INFO     |  5314 | msm.mycroft_skills_manager | invalidating skills cache
2021-10-15 06:50:14.985 | INFO     |  5314 | msm.skill_entry | Downloading skill: https://github.com/mycroftai/skill-support
2021-10-15 06:50:14.992 | INFO     |  5314 | msm.skill_entry | Downloading skill: https://github.com/mycroftai/skill-stop
2021-10-15 06:50:15.020 | INFO     |  5314 | msm.skill_entry | Installing system requirements...
2021-10-15 06:50:15.028 | INFO     |  5314 | msm.skill_entry | Installing system requirements...
2021-10-15 06:50:15.130 | INFO     |  5314 | msm.skill_entry | Installing system requirements...
2021-10-15 06:50:15.164 | INFO     |  5314 | msm.skill_entry | Installing requirements.txt for fallback-wolfram-alpha
2021-10-15 06:50:15.218 | ERROR    |  5314 | msm.mycroft_skills_manager | Error running install_or_update on homeassistant.mycroftai: MergeConflict
2021-10-15 06:50:15.254 | INFO     |  5314 | msm.skill_entry | Successfully installed fallback-unknown
2021-10-15 06:50:15.254 | INFO     |  5314 | msm.mycroft_skills_manager | invalidating skills cache
2021-10-15 06:50:15.255 | INFO     |  5314 | msm.skill_entry | Downloading skill: https://github.com/mycroftai/mycroft-timer
2021-10-15 06:50:15.278 | INFO     |  5314 | msm.skill_entry | Installing requirements.txt for mycroft-configuration
2021-10-15 06:50:15.279 | INFO     |  5314 | msm.skill_entry | Downloading skill: https://github.com/mycroftai/skill-weather
2021-10-15 06:50:15.318 | INFO     |  5314 | msm.skill_entry | Installing system requirements...
2021-10-15 06:50:15.341 | INFO     |  5314 | msm.skill_entry | Installing system requirements...
2021-10-15 06:50:15.353 | INFO     |  5314 | msm.skill_entry | Installing system requirements...
2021-10-15 06:50:15.385 | INFO     |  5314 | msm.skill_entry | Installing system requirements...
2021-10-15 06:50:15.493 | INFO     |  5314 | msm.skill_entry | Installing requirements.txt for mycroft-npr-news
2021-10-15 06:50:15.504 | INFO     |  5314 | msm.skill_entry | Successfully installed mycroft-reminder
2021-10-15 06:50:15.504 | INFO     |  5314 | msm.mycroft_skills_manager | invalidating skills cache
2021-10-15 06:50:15.506 | INFO     |  5314 | msm.skill_entry | Downloading skill: https://github.com/mycroftai/skill-version-checker
2021-10-15 06:50:15.541 | INFO     |  5314 | msm.skill_entry | Installing requirements.txt for mycroft-installer
2021-10-15 06:50:15.552 | INFO     |  5314 | msm.skill_entry | Successfully installed mycroft-speak
2021-10-15 06:50:15.552 | INFO     |  5314 | msm.mycroft_skills_manager | invalidating skills cache
2021-10-15 06:50:15.553 | INFO     |  5314 | msm.skill_entry | Downloading skill: https://github.com/mycroftai/skill-wiki
2021-10-15 06:50:15.559 | INFO     |  5314 | msm.skill_entry | Nothing new for mycroft-pairing
2021-10-15 06:50:15.566 | INFO     |  5314 | msm.skill_entry | Installing system requirements...
2021-10-15 06:50:15.651 | INFO     |  5314 | msm.skill_entry | Downloading skill: https://github.com/MycroftAI/skill-query
2021-10-15 06:50:15.718 | INFO     |  5314 | msm.skill_entry | Installing system requirements...
2021-10-15 06:50:15.834 | INFO     |  5314 | msm.skill_entry | Installing requirements.txt for mycroft-date-time
2021-10-15 06:50:16.015 | INFO     |  5314 | msm.skill_entry | Installing system requirements...
2021-10-15 06:50:16.042 | INFO     |  5314 | msm.skill_entry | Successfully installed mycroft-spelling
2021-10-15 06:50:16.043 | INFO     |  5314 | msm.mycroft_skills_manager | invalidating skills cache
2021-10-15 06:50:16.060 | INFO     |  5314 | msm.skill_entry | Nothing new for mycroft-volume
2021-10-15 06:50:16.073 | INFO     |  5314 | msm.skill_entry | Installing system requirements...
2021-10-15 06:50:16.131 | INFO     |  5314 | msm.skill_entry | Installing requirements.txt for mycroft-volume
2021-10-15 06:50:16.194 | INFO     |  5314 | msm.skill_entry | Installing system requirements...
2021-10-15 06:50:16.235 | INFO     |  5314 | msm.skill_entry | Installing requirements.txt for mycroft-alarm
2021-10-15 06:50:16.406 | INFO     |  5314 | msm.skill_entry | Installing system requirements...
2021-10-15 06:50:16.486 | INFO     |  5314 | msm.skill_entry | Installing system requirements...
2021-10-15 06:50:16.492 | INFO     |  5314 | msm.skill_entry | Installing requirements.txt for mycroft-support-helper
2021-10-15 06:50:16.517 | ERROR    |  5314 | msm.mycroft_skills_manager | Error running install_or_update on homeassistant: MergeConflict
2021-10-15 06:50:16.605 | INFO     |  5314 | msm.skill_entry | Successfully installed mycroft-stop
2021-10-15 06:50:16.605 | INFO     |  5314 | msm.mycroft_skills_manager | invalidating skills cache
2021-10-15 06:50:16.659 | INFO     |  5314 | msm.skill_entry | Installing system requirements...
2021-10-15 06:50:16.747 | INFO     |  5314 | msm.skill_entry | Successfully installed fallback-query
2021-10-15 06:50:16.748 | INFO     |  5314 | msm.mycroft_skills_manager | invalidating skills cache
2021-10-15 06:50:16.772 | INFO     |  5314 | msm.skill_entry | Installing system requirements...
2021-10-15 06:50:16.803 | INFO     |  5314 | msm.skill_entry | Installing requirements.txt for mycroft-wiki
2021-10-15 06:50:16.821 | INFO     |  5314 | msm.skill_entry | Installing system requirements...
2021-10-15 06:50:16.877 | INFO     |  5314 | msm.skill_entry | Successfully installed mycroft-version-checker
2021-10-15 06:50:16.878 | INFO     |  5314 | msm.mycroft_skills_manager | invalidating skills cache
2021-10-15 06:50:17.289 | INFO     |  5314 | msm.skill_entry | Installing system requirements...
2021-10-15 06:50:17.321 | INFO     |  5314 | msm.skill_entry | Successfully installed mycroft-timer
2021-10-15 06:50:17.321 | INFO     |  5314 | msm.mycroft_skills_manager | invalidating skills cache
2021-10-15 06:50:17.582 | INFO     |  5314 | msm.skill_entry | Installing system requirements...
2021-10-15 06:50:17.624 | INFO     |  5314 | msm.skill_entry | Installing requirements.txt for mycroft-weather
2021-10-15 06:50:17.807 | INFO     |  5314 | msm.skill_entry | Installing system requirements...
2021-10-15 06:50:17.815 | INFO     |  5314 | msm.skill_entry | Successfully installed mycroft-ip
2021-10-15 06:50:17.815 | INFO     |  5314 | msm.mycroft_skills_manager | invalidating skills cache
2021-10-15 06:50:17.832 | INFO     |  5314 | msm.skill_entry | Successfully installed mycroft-singing
2021-10-15 06:50:17.832 | INFO     |  5314 | msm.mycroft_skills_manager | invalidating skills cache
2021-10-15 06:50:19.117 | INFO     |  5314 | msm.skill_entry | Successfully installed mycroft-fallback-duck-duck-go
2021-10-15 06:50:19.118 | INFO     |  5314 | msm.mycroft_skills_manager | invalidating skills cache
2021-10-15 06:50:20.151 | INFO     |  5314 | msm.skill_entry | Successfully installed mycroft-joke
2021-10-15 06:50:20.151 | INFO     |  5314 | msm.mycroft_skills_manager | invalidating skills cache
2021-10-15 06:50:21.129 | INFO     |  5314 | msm.skill_entry | Successfully installed mycroft-audio-record
2021-10-15 06:50:21.129 | INFO     |  5314 | msm.mycroft_skills_manager | invalidating skills cache
2021-10-15 06:50:24.943 | INFO     |  5314 | msm.skill_entry | Successfully installed fallback-wolfram-alpha
2021-10-15 06:50:24.944 | INFO     |  5314 | msm.mycroft_skills_manager | invalidating skills cache
2021-10-15 06:50:27.316 | INFO     |  5314 | msm.skill_entry | Successfully installed mycroft-configuration
2021-10-15 06:50:27.316 | INFO     |  5314 | msm.mycroft_skills_manager | invalidating skills cache
2021-10-15 06:50:30.254 | INFO     |  5314 | msm.skill_entry | Successfully installed mycroft-npr-news
2021-10-15 06:50:30.255 | INFO     |  5314 | msm.mycroft_skills_manager | invalidating skills cache
2021-10-15 06:50:31.154 | INFO     |  5314 | msm.skill_entry | Successfully installed mycroft-installer
2021-10-15 06:50:31.155 | INFO     |  5314 | msm.mycroft_skills_manager | invalidating skills cache
2021-10-15 06:50:41.895 | INFO     |  5314 | PairingSkill | Initiating device pairing sequence...
2021-10-15 06:50:41.895 | INFO     |  5314 | PairingSkill | Retrieving pairing code from device API...
2021-10-15 06:50:42.430 | INFO     |  5314 | PairingSkill | Pairing code obtained: RNXWEL
2021-10-15 06:50:42.430 | INFO     |  5314 | PairingSkill | Communicating pairing URL to user
2021-10-15 06:50:46.820 | INFO     |  5314 | msm.skill_entry | Successfully installed mycroft-date-time
2021-10-15 06:50:46.820 | INFO     |  5314 | msm.mycroft_skills_manager | invalidating skills cache
2021-10-15 06:50:48.598 | INFO     |  5314 | msm.skill_entry | Successfully installed mycroft-alarm
2021-10-15 06:50:48.599 | INFO     |  5314 | msm.mycroft_skills_manager | invalidating skills cache
2021-10-15 06:50:50.824 | INFO     |  5314 | msm.skill_entry | Successfully installed mycroft-support-helper
2021-10-15 06:50:50.825 | INFO     |  5314 | msm.mycroft_skills_manager | invalidating skills cache
2021-10-15 06:50:52.653 | INFO     |  5314 | msm.skill_entry | Successfully installed mycroft-wiki
2021-10-15 06:50:52.654 | INFO     |  5314 | msm.mycroft_skills_manager | invalidating skills cache
2021-10-15 06:50:53.698 | INFO     |  5314 | msm.skill_entry | Successfully installed mycroft-weather
2021-10-15 06:50:53.698 | INFO     |  5314 | msm.mycroft_skills_manager | invalidating skills cache
2021-10-15 06:50:53.828 | INFO     |  5314 | mycroft.skills.skill_updater:_log_next_download_time:267 | Next scheduled skill update: 2021-10-15 07:50:53.828207
2021-10-15 06:50:53.829 | INFO     |  5314 | mycroft.skills.skill_updater:update_skills:170 | Skill update complete
2021-10-15 06:50:53.829 | INFO     |  5314 | mycroft.skills.skill_manager:_load_on_startup:273 | Loading installed skills...
2021-10-15 06:50:53.830 | INFO     |  5314 | mycroft.skills.skill_loader:load:185 | ATTEMPTING TO LOAD SKILL: mycroft-ip.mycroftai
2021-10-15 06:50:54.042 | INFO     |  5314 | mycroft.skills.settings:get_local_settings:83 | /opt/mycroft/skills/mycroft-ip.mycroftai/settings.json
2021-10-15 06:50:54.052 | INFO     |  5314 | mycroft.skills.skill_loader:_check_for_first_run:324 | First run of mycroft-ip.mycroftai
2021-10-15 06:50:54.053 | INFO     |  5314 | mycroft.skills.settings:save_settings:116 | Skill settings successfully saved to /home/runner/.config/mycroft/skills/mycroft-ip.mycroftai/settings.json
2021-10-15 06:50:54.084 | INFO     |  5314 | mycroft.skills.skill_loader:_communicate_load_status:344 | Skill mycroft-ip.mycroftai loaded successfully
2021-10-15 06:50:54.085 | INFO     |  5314 | mycroft.skills.skill_loader:load:185 | ATTEMPTING TO LOAD SKILL: mycroft-reminder.mycroftai
2021-10-15 06:50:54.124 | INFO     |  5314 | mycroft.skills.settings:get_local_settings:83 | /opt/mycroft/skills/mycroft-reminder.mycroftai/settings.json
2021-10-15 06:50:54.181 | INFO     |  5314 | mycroft.skills.skill_loader:_check_for_first_run:324 | First run of mycroft-reminder.mycroftai
2021-10-15 06:50:54.182 | INFO     |  5314 | mycroft.skills.settings:save_settings:116 | Skill settings successfully saved to /home/runner/.config/mycroft/skills/mycroft-reminder.mycroftai/settings.json
2021-10-15 06:50:54.191 | INFO     |  5314 | mycroft.skills.skill_loader:_communicate_load_status:344 | Skill mycroft-reminder.mycroftai loaded successfully
2021-10-15 06:50:54.193 | INFO     |  5314 | mycroft.skills.skill_loader:load:185 | ATTEMPTING TO LOAD SKILL: mycroft-installer.mycroftai
2021-10-15 06:50:54.203 | INFO     |  5314 | mycroft.skills.settings:get_local_settings:83 | /opt/mycroft/skills/mycroft-installer.mycroftai/settings.json
2021-10-15 06:50:54.235 | INFO     |  5314 | mycroft.skills.skill_loader:_check_for_first_run:324 | First run of mycroft-installer.mycroftai
2021-10-15 06:50:54.235 | INFO     |  5314 | mycroft.skills.settings:save_settings:116 | Skill settings successfully saved to /home/runner/.config/mycroft/skills/mycroft-installer.mycroftai/settings.json
2021-10-15 06:50:54.239 | INFO     |  5314 | mycroft.skills.skill_loader:_communicate_load_status:344 | Skill mycroft-installer.mycroftai loaded successfully
2021-10-15 06:50:54.239 | INFO     |  5314 | mycroft.skills.skill_loader:load:185 | ATTEMPTING TO LOAD SKILL: mycroft-version-checker.mycroftai
2021-10-15 06:50:54.255 | INFO     |  5314 | mycroft.skills.settings:get_local_settings:83 | /opt/mycroft/skills/mycroft-version-checker.mycroftai/settings.json
2021-10-15 06:50:54.290 | INFO     |  5314 | mycroft.skills.skill_loader:_check_for_first_run:324 | First run of mycroft-version-checker.mycroftai
2021-10-15 06:50:54.291 | INFO     |  5314 | mycroft.skills.settings:save_settings:116 | Skill settings successfully saved to /home/runner/.config/mycroft/skills/mycroft-version-checker.mycroftai/settings.json
2021-10-15 06:50:54.292 | INFO     |  5314 | mycroft.skills.skill_loader:_communicate_load_status:344 | Skill mycroft-version-checker.mycroftai loaded successfully
2021-10-15 06:50:54.292 | INFO     |  5314 | mycroft.skills.skill_loader:load:185 | ATTEMPTING TO LOAD SKILL: mycroft-singing.mycroftai
2021-10-15 06:50:54.298 | INFO     |  5314 | mycroft.skills.settings:get_local_settings:83 | /opt/mycroft/skills/mycroft-singing.mycroftai/settings.json
2021-10-15 06:50:54.333 | INFO     |  5314 | mycroft.skills.skill_loader:_check_for_first_run:324 | First run of mycroft-singing.mycroftai
2021-10-15 06:50:54.334 | INFO     |  5314 | mycroft.skills.settings:save_settings:116 | Skill settings successfully saved to /home/runner/.config/mycroft/skills/mycroft-singing.mycroftai/settings.json
2021-10-15 06:50:54.338 | INFO     |  5314 | mycroft.skills.skill_loader:_communicate_load_status:344 | Skill mycroft-singing.mycroftai loaded successfully
2021-10-15 06:50:54.338 | INFO     |  5314 | mycroft.skills.skill_loader:load:185 | ATTEMPTING TO LOAD SKILL: mycroft-joke.mycroftai
2021-10-15 06:50:54.358 | INFO     |  5314 | mycroft.skills.settings:get_local_settings:83 | /opt/mycroft/skills/mycroft-joke.mycroftai/settings.json
2021-10-15 06:50:54.391 | INFO     |  5314 | mycroft.skills.skill_loader:_check_for_first_run:324 | First run of mycroft-joke.mycroftai
2021-10-15 06:50:54.393 | INFO     |  5314 | mycroft.skills.settings:save_settings:116 | Skill settings successfully saved to /home/runner/.config/mycroft/skills/mycroft-joke.mycroftai/settings.json
2021-10-15 06:50:54.395 | INFO     |  5314 | mycroft.skills.skill_loader:_communicate_load_status:344 | Skill mycroft-joke.mycroftai loaded successfully
2021-10-15 06:50:54.395 | INFO     |  5314 | mycroft.skills.skill_loader:load:185 | ATTEMPTING TO LOAD SKILL: mycroft-timer.mycroftai
2021-10-15 06:50:54.421 | INFO     |  5314 | mycroft.skills.settings:get_local_settings:83 | /opt/mycroft/skills/mycroft-timer.mycroftai/settings.json
2021-10-15 06:50:54.488 | INFO     |  5314 | mycroft.skills.skill_loader:_check_for_first_run:324 | First run of mycroft-timer.mycroftai
2021-10-15 06:50:54.489 | INFO     |  5314 | mycroft.skills.settings:save_settings:116 | Skill settings successfully saved to /home/runner/.config/mycroft/skills/mycroft-timer.mycroftai/settings.json
2021-10-15 06:50:54.489 | INFO     |  5314 | mycroft.skills.skill_loader:_communicate_load_status:344 | Skill mycroft-timer.mycroftai loaded successfully
2021-10-15 06:50:54.490 | INFO     |  5314 | mycroft.skills.skill_loader:load:185 | ATTEMPTING TO LOAD SKILL: homeassistant.mycroftai
2021-10-15 06:50:54.821 | INFO     |  5314 | mycroft.skills.settings:get_local_settings:83 | /opt/mycroft/skills/homeassistant.mycroftai/settings.json
2021-10-15 06:50:54.823 | INFO     |  5314 | mycroft.skills.settings:get_local_settings:83 | /opt/mycroft/skills/homeassistant.mycroftai/settings.json
2021-10-15 06:50:54.906 | INFO     |  5314 | mycroft.skills.skill_loader:_communicate_load_status:344 | Skill homeassistant.mycroftai loaded successfully
2021-10-15 06:50:54.907 | INFO     |  5314 | mycroft.skills.skill_loader:load:185 | ATTEMPTING TO LOAD SKILL: mycroft-alarm.mycroftai
2021-10-15 06:50:54.924 | INFO     |  5314 | mycroft.skills.settings:get_local_settings:83 | /opt/mycroft/skills/mycroft-alarm.mycroftai/settings.json
2021-10-15 06:50:54.924 | ERROR    |  5314 | AlarmSkill | Couldn't allocate mixer, ALSAAudioError('No such file or directory [default]')
2021-10-15 06:50:54.979 | INFO     |  5314 | mycroft.skills.skill_loader:_check_for_first_run:324 | First run of mycroft-alarm.mycroftai
2021-10-15 06:50:54.982 | INFO     |  5314 | mycroft.skills.settings:save_settings:116 | Skill settings successfully saved to /home/runner/.config/mycroft/skills/mycroft-alarm.mycroftai/settings.json
2021-10-15 06:50:54.983 | INFO     |  5314 | mycroft.skills.skill_loader:_communicate_load_status:344 | Skill mycroft-alarm.mycroftai loaded successfully
2021-10-15 06:50:54.983 | INFO     |  5314 | mycroft.skills.skill_loader:load:185 | ATTEMPTING TO LOAD SKILL: mycroft-naptime.mycroftai
2021-10-15 06:50:54.988 | INFO     |  5314 | mycroft.skills.settings:get_local_settings:83 | /opt/mycroft/skills/mycroft-naptime.mycroftai/settings.json
2021-10-15 06:50:55.001 | INFO     |  5314 | mycroft.skills.skill_loader:_check_for_first_run:324 | First run of mycroft-naptime.mycroftai
2021-10-15 06:50:55.002 | INFO     |  5314 | mycroft.skills.settings:save_settings:116 | Skill settings successfully saved to /home/runner/.config/mycroft/skills/mycroft-naptime.mycroftai/settings.json
2021-10-15 06:50:55.005 | INFO     |  5314 | mycroft.skills.skill_loader:_communicate_load_status:344 | Skill mycroft-naptime.mycroftai loaded successfully
2021-10-15 06:50:55.005 | INFO     |  5314 | mycroft.skills.skill_loader:load:185 | ATTEMPTING TO LOAD SKILL: mycroft-spelling.mycroftai
2021-10-15 06:50:55.012 | INFO     |  5314 | mycroft.skills.settings:get_local_settings:83 | /opt/mycroft/skills/mycroft-spelling.mycroftai/settings.json
2021-10-15 06:50:55.030 | INFO     |  5314 | mycroft.skills.skill_loader:_check_for_first_run:324 | First run of mycroft-spelling.mycroftai
2021-10-15 06:50:55.036 | INFO     |  5314 | mycroft.skills.settings:save_settings:116 | Skill settings successfully saved to /home/runner/.config/mycroft/skills/mycroft-spelling.mycroftai/settings.json
2021-10-15 06:50:55.038 | INFO     |  5314 | mycroft.skills.skill_loader:_communicate_load_status:344 | Skill mycroft-spelling.mycroftai loaded successfully
2021-10-15 06:50:55.039 | INFO     |  5314 | mycroft.skills.skill_loader:load:185 | ATTEMPTING TO LOAD SKILL: mycroft-fallback-duck-duck-go.mycroftai
2021-10-15 06:50:55.054 | INFO     |  5314 | mycroft.skills.settings:get_local_settings:83 | /opt/mycroft/skills/mycroft-fallback-duck-duck-go.mycroftai/settings.json
2021-10-15 06:50:55.084 | INFO     |  5314 | mycroft.skills.skill_loader:_check_for_first_run:324 | First run of mycroft-fallback-duck-duck-go.mycroftai
2021-10-15 06:50:55.085 | INFO     |  5314 | mycroft.skills.settings:save_settings:116 | Skill settings successfully saved to /home/runner/.config/mycroft/skills/mycroft-fallback-duck-duck-go.mycroftai/settings.json
2021-10-15 06:50:55.089 | INFO     |  5314 | mycroft.skills.skill_loader:_communicate_load_status:344 | Skill mycroft-fallback-duck-duck-go.mycroftai loaded successfully
2021-10-15 06:50:55.089 | INFO     |  5314 | mycroft.skills.skill_loader:load:185 | ATTEMPTING TO LOAD SKILL: mycroft-npr-news.mycroftai
2021-10-15 06:50:55.208 | INFO     |  5314 | mycroft.skills.settings:get_local_settings:83 | /opt/mycroft/skills/mycroft-npr-news.mycroftai/settings.json
2021-10-15 06:50:56.236 | INFO     |  5314 | mycroft.skills.skill_loader:_check_for_first_run:324 | First run of mycroft-npr-news.mycroftai
2021-10-15 06:50:56.237 | INFO     |  5314 | mycroft.skills.settings:save_settings:116 | Skill settings successfully saved to /home/runner/.config/mycroft/skills/mycroft-npr-news.mycroftai/settings.json
2021-10-15 06:50:56.237 | INFO     |  5314 | mycroft.skills.skill_loader:_communicate_load_status:344 | Skill mycroft-npr-news.mycroftai loaded successfully
2021-10-15 06:50:56.238 | INFO     |  5314 | mycroft.skills.skill_loader:load:185 | ATTEMPTING TO LOAD SKILL: mycroft-support-helper.mycroftai
2021-10-15 06:50:56.250 | INFO     |  5314 | mycroft.skills.settings:get_local_settings:83 | /opt/mycroft/skills/mycroft-support-helper.mycroftai/settings.json
2021-10-15 06:50:56.260 | INFO     |  5314 | mycroft.skills.skill_loader:_check_for_first_run:324 | First run of mycroft-support-helper.mycroftai
2021-10-15 06:50:56.260 | INFO     |  5314 | mycroft.skills.settings:save_settings:116 | Skill settings successfully saved to /home/runner/.config/mycroft/skills/mycroft-support-helper.mycroftai/settings.json
2021-10-15 06:50:56.263 | INFO     |  5314 | mycroft.skills.skill_loader:_communicate_load_status:344 | Skill mycroft-support-helper.mycroftai loaded successfully
2021-10-15 06:50:56.263 | INFO     |  5314 | mycroft.skills.skill_loader:load:185 | ATTEMPTING TO LOAD SKILL: mycroft-weather.mycroftai
2021-10-15 06:50:56.280 | INFO     |  5314 | mycroft.skills.settings:get_local_settings:83 | /opt/mycroft/skills/mycroft-weather.mycroftai/settings.json
2021-10-15 06:50:56.444 | INFO     |  5314 | mycroft.skills.skill_loader:_check_for_first_run:324 | First run of mycroft-weather.mycroftai
2021-10-15 06:50:56.445 | INFO     |  5314 | mycroft.skills.settings:save_settings:116 | Skill settings successfully saved to /home/runner/.config/mycroft/skills/mycroft-weather.mycroftai/settings.json
2021-10-15 06:50:56.508 | INFO     |  5314 | mycroft.skills.skill_loader:_communicate_load_status:344 | Skill mycroft-weather.mycroftai loaded successfully
2021-10-15 06:50:56.509 | INFO     |  5314 | mycroft.skills.skill_loader:load:185 | ATTEMPTING TO LOAD SKILL: mycroft-speak.mycroftai
2021-10-15 06:50:56.560 | INFO     |  5314 | mycroft.skills.settings:get_local_settings:83 | /opt/mycroft/skills/mycroft-speak.mycroftai/settings.json
2021-10-15 06:50:56.593 | INFO     |  5314 | mycroft.skills.skill_loader:_check_for_first_run:324 | First run of mycroft-speak.mycroftai
2021-10-15 06:50:56.595 | INFO     |  5314 | mycroft.skills.settings:save_settings:116 | Skill settings successfully saved to /home/runner/.config/mycroft/skills/mycroft-speak.mycroftai/settings.json
2021-10-15 06:50:56.729 | INFO     |  5314 | mycroft.skills.skill_loader:_communicate_load_status:344 | Skill mycroft-speak.mycroftai loaded successfully
2021-10-15 06:50:56.729 | INFO     |  5314 | mycroft.skills.skill_loader:load:185 | ATTEMPTING TO LOAD SKILL: mycroft-audio-record.mycroftai
2021-10-15 06:50:56.735 | INFO     |  5314 | mycroft.skills.settings:get_local_settings:83 | /opt/mycroft/skills/mycroft-audio-record.mycroftai/settings.json
2021-10-15 06:50:56.749 | INFO     |  5314 | mycroft.skills.skill_loader:_check_for_first_run:324 | First run of mycroft-audio-record.mycroftai
2021-10-15 06:50:56.750 | INFO     |  5314 | mycroft.skills.settings:save_settings:116 | Skill settings successfully saved to /home/runner/.config/mycroft/skills/mycroft-audio-record.mycroftai/settings.json
2021-10-15 06:50:56.751 | INFO     |  5314 | mycroft.skills.skill_loader:_communicate_load_status:344 | Skill mycroft-audio-record.mycroftai loaded successfully
2021-10-15 06:50:56.751 | INFO     |  5314 | mycroft.skills.skill_loader:load:185 | ATTEMPTING TO LOAD SKILL: mycroft-stop.mycroftai
2021-10-15 06:50:56.756 | INFO     |  5314 | mycroft.skills.settings:get_local_settings:83 | /opt/mycroft/skills/mycroft-stop.mycroftai/settings.json
2021-10-15 06:50:56.776 | INFO     |  5314 | mycroft.skills.skill_loader:_check_for_first_run:324 | First run of mycroft-stop.mycroftai
2021-10-15 06:50:56.777 | INFO     |  5314 | mycroft.skills.settings:save_settings:116 | Skill settings successfully saved to /home/runner/.config/mycroft/skills/mycroft-stop.mycroftai/settings.json
2021-10-15 06:50:56.777 | INFO     |  5314 | mycroft.skills.skill_loader:_communicate_load_status:344 | Skill mycroft-stop.mycroftai loaded successfully
2021-10-15 06:50:56.777 | INFO     |  5314 | mycroft.skills.skill_loader:load:185 | ATTEMPTING TO LOAD SKILL: mycroft-hello-world.mycroftai
2021-10-15 06:50:56.783 | INFO     |  5314 | mycroft.skills.settings:get_local_settings:83 | /opt/mycroft/skills/mycroft-hello-world.mycroftai/settings.json
2021-10-15 06:50:56.810 | INFO     |  5314 | mycroft.skills.skill_loader:_check_for_first_run:324 | First run of mycroft-hello-world.mycroftai
2021-10-15 06:50:56.812 | INFO     |  5314 | mycroft.skills.settings:save_settings:116 | Skill settings successfully saved to /home/runner/.config/mycroft/skills/mycroft-hello-world.mycroftai/settings.json
2021-10-15 06:50:56.832 | INFO     |  5314 | mycroft.skills.skill_loader:_communicate_load_status:344 | Skill mycroft-hello-world.mycroftai loaded successfully
2021-10-15 06:50:56.835 | INFO     |  5314 | mycroft.skills.skill_loader:load:185 | ATTEMPTING TO LOAD SKILL: mycroft-date-time.mycroftai
2021-10-15 06:50:57.296 | INFO     |  5314 | mycroft.skills.settings:get_local_settings:83 | /opt/mycroft/skills/mycroft-date-time.mycroftai/settings.json
2021-10-15 06:50:57.325 | INFO     |  5314 | TimeSkill | Registering resting screen <bound method TimeSkill.handle_idle of <mycroft-date-time_mycroftai.TimeSkill object at 0x7f1f0ce210d0>> for Time and Date.
2021-10-15 06:50:57.327 | INFO     |  5314 | TimeSkill | Registering resting screen
2021-10-15 06:50:57.332 | INFO     |  5314 | mycroft.skills.skill_loader:_check_for_first_run:324 | First run of mycroft-date-time.mycroftai
2021-10-15 06:50:57.333 | INFO     |  5314 | mycroft.skills.settings:save_settings:116 | Skill settings successfully saved to /home/runner/.config/mycroft/skills/mycroft-date-time.mycroftai/settings.json
2021-10-15 06:50:57.350 | INFO     |  5314 | mycroft.skills.skill_loader:_communicate_load_status:344 | Skill mycroft-date-time.mycroftai loaded successfully
2021-10-15 06:50:57.351 | INFO     |  5314 | mycroft.skills.skill_loader:load:185 | ATTEMPTING TO LOAD SKILL: mycroft-configuration.mycroftai
2021-10-15 06:50:57.439 | INFO     |  5314 | mycroft.skills.settings:get_local_settings:83 | /opt/mycroft/skills/mycroft-configuration.mycroftai/settings.json
2021-10-15 06:50:57.463 | INFO     |  5314 | mycroft.skills.skill_loader:_check_for_first_run:324 | First run of mycroft-configuration.mycroftai
2021-10-15 06:50:57.464 | INFO     |  5314 | mycroft.skills.settings:save_settings:116 | Skill settings successfully saved to /home/runner/.config/mycroft/skills/mycroft-configuration.mycroftai/settings.json
2021-10-15 06:50:57.465 | INFO     |  5314 | mycroft.skills.skill_loader:_communicate_load_status:344 | Skill mycroft-configuration.mycroftai loaded successfully
2021-10-15 06:50:57.466 | INFO     |  5314 | mycroft.skills.skill_loader:load:185 | ATTEMPTING TO LOAD SKILL: fallback-query.mycroftai
2021-10-15 06:50:57.474 | INFO     |  5314 | mycroft.skills.settings:get_local_settings:83 | /opt/mycroft/skills/fallback-query.mycroftai/settings.json
2021-10-15 06:50:57.484 | INFO     |  5314 | mycroft.skills.skill_loader:_check_for_first_run:324 | First run of fallback-query.mycroftai
2021-10-15 06:50:57.485 | INFO     |  5314 | mycroft.skills.settings:save_settings:116 | Skill settings successfully saved to /home/runner/.config/mycroft/skills/fallback-query.mycroftai/settings.json
2021-10-15 06:50:57.486 | INFO     |  5314 | mycroft.skills.skill_loader:_communicate_load_status:344 | Skill fallback-query.mycroftai loaded successfully
2021-10-15 06:50:57.486 | INFO     |  5314 | mycroft.skills.skill_loader:load:185 | ATTEMPTING TO LOAD SKILL: mycroft-personal.mycroftai
2021-10-15 06:50:57.491 | INFO     |  5314 | mycroft.skills.settings:get_local_settings:83 | /opt/mycroft/skills/mycroft-personal.mycroftai/settings.json
2021-10-15 06:50:57.511 | INFO     |  5314 | mycroft.skills.skill_loader:_check_for_first_run:324 | First run of mycroft-personal.mycroftai
2021-10-15 06:50:57.512 | INFO     |  5314 | mycroft.skills.settings:save_settings:116 | Skill settings successfully saved to /home/runner/.config/mycroft/skills/mycroft-personal.mycroftai/settings.json
2021-10-15 06:50:57.513 | INFO     |  5314 | mycroft.skills.skill_loader:_communicate_load_status:344 | Skill mycroft-personal.mycroftai loaded successfully
2021-10-15 06:50:57.514 | INFO     |  5314 | mycroft.skills.skill_loader:load:185 | ATTEMPTING TO LOAD SKILL: fallback-wolfram-alpha.mycroftai
2021-10-15 06:50:57.543 | INFO     |  5314 | mycroft.skills.settings:get_local_settings:83 | /opt/mycroft/skills/fallback-wolfram-alpha.mycroftai/settings.json
2021-10-15 06:50:57.589 | INFO     |  5314 | mycroft.skills.skill_loader:_check_for_first_run:324 | First run of fallback-wolfram-alpha.mycroftai
2021-10-15 06:50:57.589 | INFO     |  5314 | mycroft.skills.settings:save_settings:116 | Skill settings successfully saved to /home/runner/.config/mycroft/skills/fallback-wolfram-alpha.mycroftai/settings.json
2021-10-15 06:50:57.591 | INFO     |  5314 | mycroft.skills.skill_loader:_communicate_load_status:344 | Skill fallback-wolfram-alpha.mycroftai loaded successfully
2021-10-15 06:50:57.591 | INFO     |  5314 | mycroft.skills.skill_loader:load:185 | ATTEMPTING TO LOAD SKILL: mycroft-wiki.mycroftai
2021-10-15 06:50:57.597 | INFO     |  5314 | mycroft.skills.settings:get_local_settings:83 | /opt/mycroft/skills/mycroft-wiki.mycroftai/settings.json
2021-10-15 06:50:57.609 | INFO     |  5314 | mycroft.skills.skill_loader:_check_for_first_run:324 | First run of mycroft-wiki.mycroftai
2021-10-15 06:50:57.610 | INFO     |  5314 | mycroft.skills.settings:save_settings:116 | Skill settings successfully saved to /home/runner/.config/mycroft/skills/mycroft-wiki.mycroftai/settings.json
2021-10-15 06:50:57.610 | INFO     |  5314 | mycroft.skills.skill_loader:_communicate_load_status:344 | Skill mycroft-wiki.mycroftai loaded successfully
2021-10-15 06:50:57.611 | INFO     |  5314 | mycroft.skills.skill_loader:load:185 | ATTEMPTING TO LOAD SKILL: fallback-unknown.mycroftai
2021-10-15 06:50:57.615 | INFO     |  5314 | mycroft.skills.settings:get_local_settings:83 | /opt/mycroft/skills/fallback-unknown.mycroftai/settings.json
2021-10-15 06:50:57.623 | INFO     |  5314 | mycroft.skills.skill_loader:_check_for_first_run:324 | First run of fallback-unknown.mycroftai
2021-10-15 06:50:57.623 | INFO     |  5314 | mycroft.skills.settings:save_settings:116 | Skill settings successfully saved to /home/runner/.config/mycroft/skills/fallback-unknown.mycroftai/settings.json
2021-10-15 06:50:57.624 | INFO     |  5314 | mycroft.skills.skill_loader:_communicate_load_status:344 | Skill fallback-unknown.mycroftai loaded successfully
2021-10-15 06:50:57.624 | INFO     |  5314 | mycroft.skills.skill_loader:load:185 | ATTEMPTING TO LOAD SKILL: mycroft-playback-control.mycroftai
2021-10-15 06:50:57.631 | INFO     |  5314 | mycroft.skills.settings:get_local_settings:83 | /opt/mycroft/skills/mycroft-playback-control.mycroftai/settings.json
2021-10-15 06:50:57.666 | INFO     |  5314 | mycroft.skills.skill_loader:_check_for_first_run:324 | First run of mycroft-playback-control.mycroftai
2021-10-15 06:50:57.667 | INFO     |  5314 | mycroft.skills.settings:save_settings:116 | Skill settings successfully saved to /home/runner/.config/mycroft/skills/mycroft-playback-control.mycroftai/settings.json
2021-10-15 06:50:57.668 | INFO     |  5314 | mycroft.skills.skill_loader:_communicate_load_status:344 | Skill mycroft-playback-control.mycroftai loaded successfully
2021-10-15 06:50:57.669 | INFO     |  5314 | mycroft.skills.skill_manager:_load_on_startup:275 | Skills all loaded!
2021-10-15 06:50:57.695 | INFO     |  5314 | __main__:on_ready:185 | Skills service is ready.
2021-10-15 06:50:57.787 | INFO     |  5314 | mycroft.skills.intent_services.padatious_service:train:81 | Training... (single_thread=False)
Regenerated mycroft-alarm.mycroftai:{daytype}.
Regenerated mycroft-reminder.mycroftai:CancelActiveReminder.intent.
Regenerated mycroft-reminder.mycroftai:UnspecifiedReminderAt.intent.
Regenerated mycroft-reminder.mycroftai:GetNextReminders.intent.
Regenerated mycroft-reminder.mycroftai:ClearReminders.intent.
Regenerated mycroft-reminder.mycroftai:Reminder.intent.
Regenerated mycroft-reminder.mycroftai:ReminderAt.intent.
Regenerated mycroft-reminder.mycroftai:GetRemindersForDay.intent.
Regenerated homeassistant.mycroftai:set.climate.intent.
Regenerated homeassistant.mycroftai:turn.on.intent.
Regenerated homeassistant.mycroftai:increase.light.brightness.intent.
Regenerated homeassistant.mycroftai:turn.off.intent.
Regenerated homeassistant.mycroftai:sensor.intent.
Regenerated homeassistant.mycroftai:toggle.intent.
Regenerated homeassistant.mycroftai:automation.intent.
Regenerated mycroft-personal.mycroftai:WhoAreYou.intent.
Regenerated mycroft-personal.mycroftai:WhoMadeYou.intent.
Regenerated mycroft-personal.mycroftai:WhatAreYou.intent.
Regenerated mycroft-personal.mycroftai:WhenWereYouBorn.intent.
Regenerated mycroft-personal.mycroftai:DoYouDream.intent.
Regenerated mycroft-personal.mycroftai:WhereWereYouBorn.intent.
Regenerated mycroft-wiki.mycroftai:Random.intent.
Regenerated mycroft-reminder.mycroftai:SnoozeReminder.intent.
Regenerated mycroft-reminder.mycroftai:DeleteReminderForDay.intent.
Regenerated mycroft-installer.mycroftai:list.skills.intent.
Regenerated mycroft-installer.mycroftai:is.installed.intent.
Regenerated mycroft-installer.mycroftai:install.beta.intent.
Regenerated mycroft-installer.mycroftai:remove.intent.
Regenerated mycroft-installer.mycroftai:install.intent.
Regenerated mycroft-installer.mycroftai:install.custom.intent.
Regenerated mycroft-timer.mycroftai:start.timer.intent.
Regenerated mycroft-timer.mycroftai:timer.status.intent.
Regenerated homeassistant.mycroftai:tracker.intent.
Regenerated homeassistant.mycroftai:set.light.brightness.intent.
Regenerated homeassistant.mycroftai:add.item.shopping.list.intent.
Regenerated homeassistant.mycroftai:decrease.light.brightness.intent.
Regenerated mycroft-alarm.mycroftai:change.alarm.sound.intent.
Regenerated mycroft-alarm.mycroftai:snooze.intent.
Regenerated mycroft-npr-news.mycroftai:PlayTheNews.intent.
Regenerated mycroft-support-helper.mycroftai:contact.support.intent.
Regenerated mycroft-weather.mycroftai:do-i-need-an-umbrella.intent.
Regenerated mycroft-audio-record.mycroftai:StartRecording.intent.
Regenerated mycroft-audio-record.mycroftai:PlayRecording.intent.
Regenerated mycroft-stop.mycroftai:reboot.intent.
Regenerated mycroft-stop.mycroftai:wifi.setup.intent.
Regenerated mycroft-stop.mycroftai:ssh.disable.intent.
Regenerated mycroft-stop.mycroftai:ssh.enable.intent.
Regenerated mycroft-stop.mycroftai:shutdown.intent.
Regenerated mycroft-hello-world.mycroftai:HowAreYou.intent.
Regenerated mycroft-date-time.mycroftai:what.time.will.it.be.intent.
Regenerated mycroft-date-time.mycroftai:date.future.weekend.intent.
Regenerated mycroft-date-time.mycroftai:date.last.weekend.intent.
Regenerated mycroft-date-time.mycroftai:what.time.is.it.intent.
Regenerated mycroft-configuration.mycroftai:EnablePreciseDev.intent.
Regenerated mycroft-configuration.mycroftai:DisablePreciseDev.intent.
Regenerated mycroft-configuration.mycroftai:WhereAreYou.intent.
Regenerated mycroft-personal.mycroftai:DoYouRhyme.intent.
2021-10-15 06:51:02.795 | INFO     |  5314 | mycroft.skills.intent_services.padatious_service:train:83 | Training complete.
2021-10-15 06:51:12.793 | INFO     |  5314 | mycroft.skills.settings:save_settings:116 | Skill settings successfully saved to /home/runner/.config/mycroft/skills/mycroft-pairing.mycroftai/settings.json
2021-10-15 06:51:13.095 | INFO     |  5314 | mycroft.skills.settings:save_settings:116 | Skill settings successfully saved to /home/runner/.config/mycroft/skills/mycroft-timer.mycroftai/settings.json
2021-10-15 06:51:34.777 | INFO     |  5314 | __main__:on_stopping:193 | Skills service is shutting down...
2021-10-15 06:51:34.777 | INFO     |  5314 | __main__:shutdown:284 | Shutting down Skills service
2021-10-15 06:51:35.143 | ERROR    |  5314 | VolumeSkill | Couldn't allocate mixer, ALSAAudioError('No such file or directory [default]')
2021-10-15 06:51:35.145 | INFO     |  5314 | mycroft.skills.settings:save_settings:116 | Skill settings successfully saved to /home/runner/.config/mycroft/skills/mycroft-volume.mycroftai/settings.json
2021-10-15 06:51:35.156 | INFO     |  5314 | mycroft.skills.settings:save_settings:116 | Skill settings successfully saved to /home/runner/.config/mycroft/skills/mycroft-ip.mycroftai/settings.json
2021-10-15 06:51:35.157 | INFO     |  5314 | mycroft.skills.settings:save_settings:116 | Skill settings successfully saved to /home/runner/.config/mycroft/skills/mycroft-reminder.mycroftai/settings.json
2021-10-15 06:51:35.168 | INFO     |  5314 | mycroft.skills.settings:save_settings:116 | Skill settings successfully saved to /home/runner/.config/mycroft/skills/mycroft-installer.mycroftai/settings.json
2021-10-15 06:51:35.169 | INFO     |  5314 | mycroft.skills.settings:save_settings:116 | Skill settings successfully saved to /home/runner/.config/mycroft/skills/mycroft-version-checker.mycroftai/settings.json
2021-10-15 06:51:35.171 | INFO     |  5314 | mycroft.skills.settings:save_settings:116 | Skill settings successfully saved to /home/runner/.config/mycroft/skills/mycroft-singing.mycroftai/settings.json
2021-10-15 06:51:35.183 | INFO     |  5314 | mycroft.skills.settings:save_settings:116 | Skill settings successfully saved to /home/runner/.config/mycroft/skills/mycroft-joke.mycroftai/settings.json
2021-10-15 06:51:35.201 | INFO     |  5314 | HomeAssistantSkill | Removing all handlers...
2021-10-15 06:51:35.201 | WARNING  |  5314 | mycroft.skills.fallback_skill:remove_fallback:185 | Could not find matching fallback handler
2021-10-15 06:51:35.202 | INFO     |  5314 | mycroft.skills.settings:save_settings:116 | Skill settings successfully saved to /home/runner/.config/mycroft/skills/mycroft-alarm.mycroftai/settings.json
2021-10-15 06:51:35.203 | INFO     |  5314 | mycroft.skills.settings:save_settings:116 | Skill settings successfully saved to /home/runner/.config/mycroft/skills/mycroft-naptime.mycroftai/settings.json
2021-10-15 06:51:35.204 | INFO     |  5314 | mycroft.skills.settings:save_settings:116 | Skill settings successfully saved to /home/runner/.config/mycroft/skills/mycroft-spelling.mycroftai/settings.json
2021-10-15 06:51:35.205 | INFO     |  5314 | mycroft.skills.settings:save_settings:116 | Skill settings successfully saved to /home/runner/.config/mycroft/skills/mycroft-fallback-duck-duck-go.mycroftai/settings.json
2021-10-15 06:51:35.206 | INFO     |  5314 | mycroft.skills.settings:save_settings:116 | Skill settings successfully saved to /home/runner/.config/mycroft/skills/mycroft-npr-news.mycroftai/settings.json
2021-10-15 06:51:35.207 | INFO     |  5314 | mycroft.skills.settings:save_settings:116 | Skill settings successfully saved to /home/runner/.config/mycroft/skills/mycroft-support-helper.mycroftai/settings.json
2021-10-15 06:51:35.208 | INFO     |  5314 | mycroft.skills.settings:save_settings:116 | Skill settings successfully saved to /home/runner/.config/mycroft/skills/mycroft-weather.mycroftai/settings.json
2021-10-15 06:51:35.209 | INFO     |  5314 | mycroft.skills.settings:save_settings:116 | Skill settings successfully saved to /home/runner/.config/mycroft/skills/mycroft-speak.mycroftai/settings.json
2021-10-15 06:51:35.210 | INFO     |  5314 | mycroft.skills.settings:save_settings:116 | Skill settings successfully saved to /home/runner/.config/mycroft/skills/mycroft-audio-record.mycroftai/settings.json
2021-10-15 06:51:35.219 | INFO     |  5314 | mycroft.skills.settings:save_settings:116 | Skill settings successfully saved to /home/runner/.config/mycroft/skills/mycroft-stop.mycroftai/settings.json
2021-10-15 06:51:35.225 | INFO     |  5314 | mycroft.skills.settings:save_settings:116 | Skill settings successfully saved to /home/runner/.config/mycroft/skills/mycroft-hello-world.mycroftai/settings.json
2021-10-15 06:51:35.226 | INFO     |  5314 | mycroft.skills.settings:save_settings:116 | Skill settings successfully saved to /home/runner/.config/mycroft/skills/mycroft-date-time.mycroftai/settings.json
2021-10-15 06:51:35.232 | INFO     |  5314 | mycroft.skills.settings:save_settings:116 | Skill settings successfully saved to /home/runner/.config/mycroft/skills/mycroft-configuration.mycroftai/settings.json
2021-10-15 06:51:35.233 | INFO     |  5314 | QuestionsAnswersSkill | Removing all handlers...
2021-10-15 06:51:35.244 | INFO     |  5314 | mycroft.skills.settings:save_settings:116 | Skill settings successfully saved to /home/runner/.config/mycroft/skills/fallback-query.mycroftai/settings.json
2021-10-15 06:51:35.253 | INFO     |  5314 | mycroft.skills.settings:save_settings:116 | Skill settings successfully saved to /home/runner/.config/mycroft/skills/mycroft-personal.mycroftai/settings.json
2021-10-15 06:51:35.254 | INFO     |  5314 | mycroft.skills.settings:save_settings:116 | Skill settings successfully saved to /home/runner/.config/mycroft/skills/fallback-wolfram-alpha.mycroftai/settings.json
2021-10-15 06:51:35.254 | INFO     |  5314 | mycroft.skills.settings:save_settings:116 | Skill settings successfully saved to /home/runner/.config/mycroft/skills/mycroft-wiki.mycroftai/settings.json
2021-10-15 06:51:35.255 | INFO     |  5314 | UnknownSkill | Removing all handlers...
2021-10-15 06:51:35.255 | INFO     |  5314 | mycroft.skills.settings:save_settings:116 | Skill settings successfully saved to /home/runner/.config/mycroft/skills/fallback-unknown.mycroftai/settings.json
2021-10-15 06:51:35.256 | INFO     |  5314 | mycroft.skills.settings:save_settings:116 | Skill settings successfully saved to /home/runner/.config/mycroft/skills/mycroft-playback-control.mycroftai/settings.json
2021-10-15 06:51:36.257 | INFO     |  5314 | Playback Control Skill | Audio service status: {}
2021-10-15 06:51:37.259 | WARNING  |  5314 | mycroft.skills.skill_manager:_shutdown_skill:106 | mycroft-playback-control.mycroftai shutdown took 2.0022051079999983 seconds
2021-10-15 06:51:37.259 | INFO     |  5314 | __main__:shutdown:291 | Skills service shutdown complete!
2021-10-15 06:51:38.861 | ERROR    |  5314 | websocket | error from callback <bound method MessageBusClient.on_message of <mycroft.messagebus.client.client.MessageBusClient object at 0x7f1f2e6b8a10>>: cannot schedule new futures after shutdown
2021-10-15 06:51:38.863 | ERROR    |  5314 | websocket | error from callback <bound method MessageBusClient.on_message of <mycroft.messagebus.client.client.MessageBusClient object at 0x7f1f2e6b8a10>>: cannot schedule new futures after shutdown
2021-10-15 06:51:38.865 | ERROR    |  5314 | websocket | error from callback <bound method MessageBusClient.on_message of <mycroft.messagebus.client.client.MessageBusClient object at 0x7f1f2e6b8a10>>: cannot schedule new futures after shutdown
2021-10-15 06:51:38.867 | ERROR    |  5314 | websocket | error from callback <bound method MessageBusClient.on_message of <mycroft.messagebus.client.client.MessageBusClient object at 0x7f1f2e6b8a10>>: cannot schedule new futures after shutdown
2021-10-15 06:51:38.908 | ERROR    |  5314 | websocket | error from callback <bound method MessageBusClient.on_message of <mycroft.messagebus.client.client.MessageBusClient object at 0x7f1f2e6b8a10>>: cannot schedule new futures after shutdown
