2021-10-23 09:21:01.809 | INFO     |  5814 | mycroft.messagebus.load_config:load_message_bus_config:33 | Loading message bus configs
2021-10-23 09:21:01.810 | ERROR    |  5814 | mycroft_bus_client.client.client | === ConnectionRefusedError(111, 'Connection refused') ===
Traceback (most recent call last):
  File "/opt/mycroft-core/.venv/lib/python3.7/site-packages/websocket/_app.py", line 254, in run_forever
    proxy_type=proxy_type)
  File "/opt/mycroft-core/.venv/lib/python3.7/site-packages/websocket/_core.py", line 220, in connect
    options.pop('socket', None))
  File "/opt/mycroft-core/.venv/lib/python3.7/site-packages/websocket/_http.py", line 120, in connect
    sock = _open_socket(addrinfo_list, options.sockopt, options.timeout)
  File "/opt/mycroft-core/.venv/lib/python3.7/site-packages/websocket/_http.py", line 190, in _open_socket
    raise err
  File "/opt/mycroft-core/.venv/lib/python3.7/site-packages/websocket/_http.py", line 170, in _open_socket
    sock.connect(address)
ConnectionRefusedError: [Errno 111] Connection refused
2021-10-23 09:21:01.811 | ERROR    |  5814 | mycroft_bus_client.client.client | Exception closing websocket: ConnectionRefusedError(111, 'Connection refused')
2021-10-23 09:21:01.811 | WARNING  |  5814 | mycroft_bus_client.client.client | Message Bus Client will reconnect in 5 seconds.
2021-10-23 09:21:06.822 | INFO     |  5814 | mycroft_bus_client.client.client | Connected
2021-10-23 09:21:06.833 | INFO     |  5814 | mycroft.util.process_utils:start_message_bus_client:155 | Connected to messagebus
2021-10-23 09:21:06.851 | INFO     |  5814 | mycroft.skills.msm_wrapper:create_msm:96 | Acquiring lock to instantiate MSM
2021-10-23 09:21:06.852 | INFO     |  5814 | msm.mycroft_skills_manager | building SkillEntry objects for all skills
2021-10-23 09:21:07.238 | INFO     |  5814 | mycroft.skills.msm_wrapper:create_msm:112 | Releasing MSM instantiation lock.
2021-10-23 09:21:07.238 | INFO     |  5814 | mycroft.skills.skill_updater:_log_next_download_time:267 | Next scheduled skill update: 2021-10-23 09:21:06.238468
2021-10-23 09:21:07.239 | INFO     |  5814 | msm.skill_entry | Downloading skill: https://github.com/mycroftai/skill-pairing
2021-10-23 09:21:07.522 | INFO     |  5814 | msm.skill_entry | Installing system requirements...
2021-10-23 09:21:07.532 | INFO     |  5814 | msm.skill_entry | Successfully installed mycroft-pairing
2021-10-23 09:21:07.533 | INFO     |  5814 | msm.mycroft_skills_manager | invalidating skills cache
2021-10-23 09:21:07.534 | INFO     |  5814 | mycroft.skills.skill_loader:load:185 | ATTEMPTING TO LOAD SKILL: mycroft-pairing.mycroftai
2021-10-23 09:21:07.542 | INFO     |  5814 | mycroft.skills.settings:get_local_settings:83 | /opt/mycroft/skills/mycroft-pairing.mycroftai/settings.json
2021-10-23 09:21:07.552 | INFO     |  5814 | mycroft.skills.skill_loader:_check_for_first_run:324 | First run of mycroft-pairing.mycroftai
2021-10-23 09:21:07.553 | INFO     |  5814 | mycroft.skills.settings:save_settings:116 | Skill settings successfully saved to /home/runner/.config/mycroft/skills/mycroft-pairing.mycroftai/settings.json
2021-10-23 09:21:07.555 | INFO     |  5814 | mycroft.skills.skill_loader:_communicate_load_status:344 | Skill mycroft-pairing.mycroftai loaded successfully
2021-10-23 09:21:07.555 | INFO     |  5814 | msm.skill_entry | Downloading skill: https://github.com/mycroftai/skill-volume
2021-10-23 09:21:07.855 | INFO     |  5814 | msm.skill_entry | Installing system requirements...
2021-10-23 09:21:07.866 | INFO     |  5814 | msm.skill_entry | Installing requirements.txt for mycroft-volume
2021-10-23 09:21:08.855 | INFO     |  5814 | msm.skill_entry | Successfully installed mycroft-volume
2021-10-23 09:21:08.856 | INFO     |  5814 | msm.mycroft_skills_manager | invalidating skills cache
2021-10-23 09:21:08.857 | INFO     |  5814 | mycroft.skills.skill_loader:load:185 | ATTEMPTING TO LOAD SKILL: mycroft-volume.mycroftai
2021-10-23 09:21:08.867 | INFO     |  5814 | mycroft.skills.settings:get_local_settings:83 | /opt/mycroft/skills/mycroft-volume.mycroftai/settings.json
2021-10-23 09:21:08.996 | ERROR    |  5814 | VolumeSkill | Couldn't allocate mixer, ALSAAudioError('No such file or directory [default]')
2021-10-23 09:21:12.030 | INFO     |  5814 | mycroft.skills.skill_loader:_check_for_first_run:324 | First run of mycroft-volume.mycroftai
2021-10-23 09:21:12.061 | INFO     |  5814 | mycroft.skills.settings:save_settings:116 | Skill settings successfully saved to /home/runner/.config/mycroft/skills/mycroft-volume.mycroftai/settings.json
2021-10-23 09:21:12.064 | INFO     |  5814 | mycroft.skills.skill_loader:_communicate_load_status:344 | Skill mycroft-volume.mycroftai loaded successfully
2021-10-23 09:21:12.069 | INFO     |  5814 | __main__:on_started:177 | Skills service is starting up.
2021-10-23 09:21:12.123 | INFO     |  5814 | __main__:_update_system:154 | Attempting system update...
2021-10-23 09:21:15.129 | INFO     |  5814 | mycroft.enclosure.display_manager:_write_data:70 | Display Manager is creating /tmp/mycroft/ipc/managers/disp_info
2021-10-23 09:21:15.130 | INFO     |  5814 | __main__:_ensure_device_is_paired:133 | Device not paired, invoking the pairing skill
2021-10-23 09:21:15.131 | INFO     |  5814 | __main__:on_alive:181 | Skills service is alive.
2021-10-23 09:21:15.140 | INFO     |  5814 | msm.mycroft_skills_manager | building SkillEntry objects for all skills
2021-10-23 09:21:15.338 | INFO     |  5814 | PairingSkill | Communicating account URL to user
2021-10-23 09:21:15.402 | WARNING  |  5814 | msm.mycroft_skills_manager | No such default skill: mycroft-pandora
2021-10-23 09:21:15.403 | INFO     |  5814 | mycroft.skills.skill_manager:run:234 | Not all default skills are installed, performing skill update...
2021-10-23 09:21:15.403 | INFO     |  5814 | mycroft.skills.skill_updater:update_skills:149 | Beginning skill update...
2021-10-23 09:21:15.453 | INFO     |  5814 | msm.mycroft_skills_manager | building SkillEntry objects for all skills
2021-10-23 09:21:16.289 | INFO     |  5814 | msm.mycroft_skills_manager | invalidating skills cache
2021-10-23 09:21:16.341 | INFO     |  5814 | msm.skill_entry | Downloading skill: https://github.com/mycroftai/fallback-wolfram-alpha
2021-10-23 09:21:16.346 | INFO     |  5814 | msm.skill_entry | Downloading skill: https://github.com/mycroftai/skill-alarm
2021-10-23 09:21:16.348 | INFO     |  5814 | msm.skill_entry | Downloading skill: https://github.com/mycroftai/skill-audio-record
2021-10-23 09:21:16.353 | INFO     |  5814 | msm.skill_entry | Downloading skill: https://github.com/mycroftai/fallback-unknown
2021-10-23 09:21:16.357 | INFO     |  5814 | msm.skill_entry | Downloading skill: https://github.com/mycroftai/skill-date-time
2021-10-23 09:21:16.363 | INFO     |  5814 | msm.skill_entry | Downloading skill: https://github.com/mycroftai/skill-hello-world
2021-10-23 09:21:16.365 | INFO     |  5814 | msm.skill_entry | Downloading skill: https://github.com/mycroftai/skill-installer
2021-10-23 09:21:16.371 | INFO     |  5814 | msm.skill_entry | Downloading skill: https://github.com/mycroftai/fallback-duckduckgo
2021-10-23 09:21:16.381 | INFO     |  5814 | msm.skill_entry | Downloading skill: https://github.com/mycroftai/skill-ip
2021-10-23 09:21:16.401 | INFO     |  5814 | msm.skill_entry | Downloading skill: https://github.com/mycroftai/skill-configuration
2021-10-23 09:21:16.407 | INFO     |  5814 | msm.skill_entry | Downloading skill: https://github.com/mycroftai/skill-joke
2021-10-23 09:21:16.431 | INFO     |  5814 | msm.skill_entry | Downloading skill: https://github.com/mycroftai/skill-playback-control
2021-10-23 09:21:16.434 | INFO     |  5814 | msm.skill_entry | Downloading skill: https://github.com/mycroftai/skill-reminder
2021-10-23 09:21:16.443 | INFO     |  5814 | msm.skill_entry | Downloading skill: https://github.com/mycroftai/skill-singing
2021-10-23 09:21:16.450 | INFO     |  5814 | msm.skill_entry | Downloading skill: https://github.com/mycroftai/skill-personal
2021-10-23 09:21:16.459 | INFO     |  5814 | msm.skill_entry | Downloading skill: https://github.com/mycroftai/skill-npr-news
2021-10-23 09:21:16.471 | INFO     |  5814 | msm.skill_entry | Downloading skill: https://github.com/mycroftai/skill-naptime
2021-10-23 09:21:17.350 | ERROR    |  5814 | msm.mycroft_skills_manager | Error running install_or_update on homeassistant.mycroftai: MergeConflict
2021-10-23 09:21:17.351 | INFO     |  5814 | msm.skill_entry | Downloading skill: https://github.com/mycroftai/skill-speak
2021-10-23 09:21:17.566 | INFO     |  5814 | msm.skill_entry | Nothing new for mycroft-pairing
2021-10-23 09:21:17.606 | INFO     |  5814 | msm.skill_entry | Installing system requirements...
2021-10-23 09:21:17.675 | INFO     |  5814 | msm.skill_entry | Downloading skill: https://github.com/mycroftai/skill-spelling
2021-10-23 09:21:17.936 | INFO     |  5814 | msm.skill_entry | Installing system requirements...
2021-10-23 09:21:17.944 | INFO     |  5814 | msm.skill_entry | Installing system requirements...
2021-10-23 09:21:17.966 | INFO     |  5814 | msm.skill_entry | Installing system requirements...
2021-10-23 09:21:18.020 | INFO     |  5814 | msm.skill_entry | Installing system requirements...
2021-10-23 09:21:18.021 | INFO     |  5814 | msm.skill_entry | Installing system requirements...
2021-10-23 09:21:18.022 | INFO     |  5814 | msm.skill_entry | Installing system requirements...
2021-10-23 09:21:18.038 | INFO     |  5814 | msm.skill_entry | Successfully installed mycroft-personal
2021-10-23 09:21:18.039 | INFO     |  5814 | msm.mycroft_skills_manager | invalidating skills cache
2021-10-23 09:21:18.049 | INFO     |  5814 | msm.skill_entry | Downloading skill: https://github.com/mycroftai/skill-stop
2021-10-23 09:21:18.098 | INFO     |  5814 | msm.skill_entry | Successfully installed mycroft-naptime
2021-10-23 09:21:18.100 | INFO     |  5814 | msm.mycroft_skills_manager | invalidating skills cache
2021-10-23 09:21:18.103 | INFO     |  5814 | msm.skill_entry | Downloading skill: https://github.com/mycroftai/skill-support
2021-10-23 09:21:18.106 | INFO     |  5814 | msm.skill_entry | Installing system requirements...
2021-10-23 09:21:18.106 | INFO     |  5814 | msm.skill_entry | Installing requirements.txt for mycroft-ip
2021-10-23 09:21:18.183 | INFO     |  5814 | msm.skill_entry | Installing requirements.txt for mycroft-joke
2021-10-23 09:21:18.243 | INFO     |  5814 | msm.skill_entry | Installing system requirements...
2021-10-23 09:21:18.255 | INFO     |  5814 | msm.skill_entry | Successfully installed mycroft-hello-world
2021-10-23 09:21:18.256 | INFO     |  5814 | msm.mycroft_skills_manager | invalidating skills cache
2021-10-23 09:21:18.269 | INFO     |  5814 | msm.skill_entry | Installing requirements.txt for mycroft-fallback-duck-duck-go
2021-10-23 09:21:18.279 | INFO     |  5814 | msm.skill_entry | Downloading skill: https://github.com/mycroftai/mycroft-timer
2021-10-23 09:21:18.353 | INFO     |  5814 | msm.skill_entry | Installing requirements.txt for mycroft-configuration
2021-10-23 09:21:18.379 | INFO     |  5814 | msm.skill_entry | Installing system requirements...
2021-10-23 09:21:18.459 | INFO     |  5814 | msm.skill_entry | Installing requirements.txt for fallback-wolfram-alpha
2021-10-23 09:21:18.492 | INFO     |  5814 | msm.skill_entry | Nothing new for mycroft-volume
2021-10-23 09:21:18.519 | INFO     |  5814 | msm.skill_entry | Installing system requirements...
2021-10-23 09:21:18.553 | INFO     |  5814 | msm.skill_entry | Successfully installed mycroft-speak
2021-10-23 09:21:18.554 | INFO     |  5814 | msm.mycroft_skills_manager | invalidating skills cache
2021-10-23 09:21:18.559 | INFO     |  5814 | msm.skill_entry | Downloading skill: https://github.com/mycroftai/skill-weather
2021-10-23 09:21:18.607 | INFO     |  5814 | msm.skill_entry | Installing system requirements...
2021-10-23 09:21:18.726 | INFO     |  5814 | msm.skill_entry | Installing requirements.txt for mycroft-installer
2021-10-23 09:21:18.762 | INFO     |  5814 | msm.skill_entry | Installing system requirements...
2021-10-23 09:21:18.779 | INFO     |  5814 | msm.skill_entry | Installing requirements.txt for mycroft-volume
2021-10-23 09:21:18.820 | INFO     |  5814 | msm.skill_entry | Successfully installed fallback-unknown
2021-10-23 09:21:18.850 | INFO     |  5814 | msm.mycroft_skills_manager | invalidating skills cache
2021-10-23 09:21:18.849 | INFO     |  5814 | msm.skill_entry | Installing system requirements...
2021-10-23 09:21:18.871 | INFO     |  5814 | msm.skill_entry | Downloading skill: https://github.com/mycroftai/skill-version-checker
2021-10-23 09:21:18.981 | INFO     |  5814 | msm.skill_entry | Installing requirements.txt for mycroft-date-time
2021-10-23 09:21:19.020 | INFO     |  5814 | msm.skill_entry | Installing system requirements...
2021-10-23 09:21:19.022 | INFO     |  5814 | msm.skill_entry | Installing system requirements...
2021-10-23 09:21:19.088 | INFO     |  5814 | msm.skill_entry | Installing system requirements...
2021-10-23 09:21:19.199 | INFO     |  5814 | msm.skill_entry | Successfully installed mycroft-spelling
2021-10-23 09:21:19.200 | INFO     |  5814 | msm.mycroft_skills_manager | invalidating skills cache
2021-10-23 09:21:19.201 | INFO     |  5814 | msm.skill_entry | Downloading skill: https://github.com/mycroftai/skill-wiki
2021-10-23 09:21:19.228 | INFO     |  5814 | msm.skill_entry | Installing requirements.txt for mycroft-audio-record
2021-10-23 09:21:19.237 | INFO     |  5814 | msm.skill_entry | Installing system requirements...
2021-10-23 09:21:19.287 | INFO     |  5814 | msm.skill_entry | Successfully installed mycroft-playback-control
2021-10-23 09:21:19.288 | INFO     |  5814 | msm.mycroft_skills_manager | invalidating skills cache
2021-10-23 09:21:19.291 | INFO     |  5814 | msm.skill_entry | Downloading skill: https://github.com/MycroftAI/skill-query
2021-10-23 09:21:19.303 | INFO     |  5814 | msm.skill_entry | Installing system requirements...
2021-10-23 09:21:19.347 | INFO     |  5814 | msm.skill_entry | Installing system requirements...
2021-10-23 09:21:19.362 | INFO     |  5814 | msm.skill_entry | Successfully installed mycroft-reminder
2021-10-23 09:21:19.363 | INFO     |  5814 | msm.mycroft_skills_manager | invalidating skills cache
2021-10-23 09:21:19.418 | INFO     |  5814 | msm.skill_entry | Installing system requirements...
2021-10-23 09:21:19.430 | INFO     |  5814 | msm.skill_entry | Installing system requirements...
2021-10-23 09:21:19.443 | INFO     |  5814 | msm.skill_entry | Successfully installed mycroft-stop
2021-10-23 09:21:19.444 | INFO     |  5814 | msm.mycroft_skills_manager | invalidating skills cache
2021-10-23 09:21:19.498 | INFO     |  5814 | msm.skill_entry | Installing requirements.txt for mycroft-npr-news
2021-10-23 09:21:19.557 | INFO     |  5814 | msm.skill_entry | Installing requirements.txt for mycroft-alarm
2021-10-23 09:21:19.576 | INFO     |  5814 | msm.skill_entry | Installing requirements.txt for mycroft-support-helper
2021-10-23 09:21:19.961 | INFO     |  5814 | msm.skill_entry | Installing system requirements...
2021-10-23 09:21:20.030 | INFO     |  5814 | msm.skill_entry | Successfully installed mycroft-timer
2021-10-23 09:21:20.031 | INFO     |  5814 | msm.mycroft_skills_manager | invalidating skills cache
2021-10-23 09:21:20.041 | INFO     |  5814 | msm.skill_entry | Installing system requirements...
2021-10-23 09:21:20.125 | INFO     |  5814 | msm.skill_entry | Installing system requirements...
2021-10-23 09:21:20.129 | INFO     |  5814 | msm.skill_entry | Successfully installed mycroft-version-checker
2021-10-23 09:21:20.130 | INFO     |  5814 | msm.mycroft_skills_manager | invalidating skills cache
2021-10-23 09:21:20.193 | INFO     |  5814 | msm.skill_entry | Successfully installed fallback-query
2021-10-23 09:21:20.194 | INFO     |  5814 | msm.mycroft_skills_manager | invalidating skills cache
2021-10-23 09:21:20.247 | ERROR    |  5814 | msm.mycroft_skills_manager | Error running install_or_update on homeassistant: MergeConflict
2021-10-23 09:21:20.248 | INFO     |  5814 | msm.skill_entry | Installing system requirements...
2021-10-23 09:21:20.281 | INFO     |  5814 | msm.skill_entry | Installing system requirements...
2021-10-23 09:21:20.293 | INFO     |  5814 | msm.skill_entry | Installing requirements.txt for mycroft-wiki
2021-10-23 09:21:20.322 | INFO     |  5814 | msm.skill_entry | Installing requirements.txt for mycroft-weather
2021-10-23 09:21:20.865 | INFO     |  5814 | msm.skill_entry | Installing system requirements...
2021-10-23 09:21:20.889 | INFO     |  5814 | msm.skill_entry | Successfully installed mycroft-singing
2021-10-23 09:21:20.890 | INFO     |  5814 | msm.mycroft_skills_manager | invalidating skills cache
2021-10-23 09:21:21.180 | INFO     |  5814 | msm.skill_entry | Successfully installed mycroft-ip
2021-10-23 09:21:21.180 | INFO     |  5814 | msm.mycroft_skills_manager | invalidating skills cache
2021-10-23 09:21:22.326 | INFO     |  5814 | msm.skill_entry | Successfully installed mycroft-joke
2021-10-23 09:21:22.327 | INFO     |  5814 | msm.mycroft_skills_manager | invalidating skills cache
2021-10-23 09:21:23.589 | INFO     |  5814 | msm.skill_entry | Successfully installed mycroft-fallback-duck-duck-go
2021-10-23 09:21:23.589 | INFO     |  5814 | msm.mycroft_skills_manager | invalidating skills cache
2021-10-23 09:21:26.352 | INFO     |  5814 | msm.skill_entry | Successfully installed mycroft-configuration
2021-10-23 09:21:26.353 | INFO     |  5814 | msm.mycroft_skills_manager | invalidating skills cache
2021-10-23 09:21:30.503 | INFO     |  5814 | msm.skill_entry | Successfully installed fallback-wolfram-alpha
2021-10-23 09:21:30.503 | INFO     |  5814 | msm.mycroft_skills_manager | invalidating skills cache
2021-10-23 09:21:31.559 | INFO     |  5814 | msm.skill_entry | Successfully installed mycroft-installer
2021-10-23 09:21:31.560 | INFO     |  5814 | msm.mycroft_skills_manager | invalidating skills cache
2021-10-23 09:21:45.680 | INFO     |  5814 | PairingSkill | Initiating device pairing sequence...
2021-10-23 09:21:45.680 | INFO     |  5814 | PairingSkill | Retrieving pairing code from device API...
2021-10-23 09:21:45.860 | INFO     |  5814 | PairingSkill | Pairing code obtained: UUF7JA
2021-10-23 09:21:45.860 | INFO     |  5814 | PairingSkill | Communicating pairing URL to user
2021-10-23 09:21:50.807 | INFO     |  5814 | msm.skill_entry | Successfully installed mycroft-date-time
2021-10-23 09:21:50.807 | INFO     |  5814 | msm.mycroft_skills_manager | invalidating skills cache
2021-10-23 09:21:51.849 | INFO     |  5814 | msm.skill_entry | Successfully installed mycroft-audio-record
2021-10-23 09:21:51.849 | INFO     |  5814 | msm.mycroft_skills_manager | invalidating skills cache
2021-10-23 09:21:55.617 | INFO     |  5814 | msm.skill_entry | Successfully installed mycroft-npr-news
2021-10-23 09:21:55.617 | INFO     |  5814 | msm.mycroft_skills_manager | invalidating skills cache
2021-10-23 09:21:56.698 | INFO     |  5814 | msm.skill_entry | Successfully installed mycroft-alarm
2021-10-23 09:21:56.698 | INFO     |  5814 | msm.mycroft_skills_manager | invalidating skills cache
2021-10-23 09:21:58.947 | INFO     |  5814 | msm.skill_entry | Successfully installed mycroft-support-helper
2021-10-23 09:21:58.948 | INFO     |  5814 | msm.mycroft_skills_manager | invalidating skills cache
2021-10-23 09:22:00.932 | INFO     |  5814 | msm.skill_entry | Successfully installed mycroft-wiki
2021-10-23 09:22:00.933 | INFO     |  5814 | msm.mycroft_skills_manager | invalidating skills cache
2021-10-23 09:22:02.054 | INFO     |  5814 | msm.skill_entry | Successfully installed mycroft-weather
2021-10-23 09:22:02.054 | INFO     |  5814 | msm.mycroft_skills_manager | invalidating skills cache
2021-10-23 09:22:02.135 | INFO     |  5814 | mycroft.skills.skill_updater:_log_next_download_time:267 | Next scheduled skill update: 2021-10-23 10:22:02.134467
2021-10-23 09:22:02.135 | INFO     |  5814 | mycroft.skills.skill_updater:update_skills:170 | Skill update complete
2021-10-23 09:22:02.135 | INFO     |  5814 | mycroft.skills.skill_manager:_load_on_startup:273 | Loading installed skills...
2021-10-23 09:22:02.137 | INFO     |  5814 | mycroft.skills.skill_loader:load:185 | ATTEMPTING TO LOAD SKILL: mycroft-ip.mycroftai
2021-10-23 09:22:02.177 | INFO     |  5814 | mycroft.skills.settings:get_local_settings:83 | /opt/mycroft/skills/mycroft-ip.mycroftai/settings.json
2021-10-23 09:22:02.186 | INFO     |  5814 | mycroft.skills.skill_loader:_check_for_first_run:324 | First run of mycroft-ip.mycroftai
2021-10-23 09:22:02.188 | INFO     |  5814 | mycroft.skills.settings:save_settings:116 | Skill settings successfully saved to /home/runner/.config/mycroft/skills/mycroft-ip.mycroftai/settings.json
2021-10-23 09:22:02.189 | INFO     |  5814 | mycroft.skills.skill_loader:_communicate_load_status:344 | Skill mycroft-ip.mycroftai loaded successfully
2021-10-23 09:22:02.190 | INFO     |  5814 | mycroft.skills.skill_loader:load:185 | ATTEMPTING TO LOAD SKILL: mycroft-reminder.mycroftai
2021-10-23 09:22:02.224 | INFO     |  5814 | mycroft.skills.settings:get_local_settings:83 | /opt/mycroft/skills/mycroft-reminder.mycroftai/settings.json
2021-10-23 09:22:02.255 | INFO     |  5814 | mycroft.skills.skill_loader:_check_for_first_run:324 | First run of mycroft-reminder.mycroftai
2021-10-23 09:22:02.256 | INFO     |  5814 | mycroft.skills.settings:save_settings:116 | Skill settings successfully saved to /home/runner/.config/mycroft/skills/mycroft-reminder.mycroftai/settings.json
2021-10-23 09:22:02.268 | INFO     |  5814 | mycroft.skills.skill_loader:_communicate_load_status:344 | Skill mycroft-reminder.mycroftai loaded successfully
2021-10-23 09:22:02.269 | INFO     |  5814 | mycroft.skills.skill_loader:load:185 | ATTEMPTING TO LOAD SKILL: mycroft-installer.mycroftai
2021-10-23 09:22:02.278 | INFO     |  5814 | mycroft.skills.settings:get_local_settings:83 | /opt/mycroft/skills/mycroft-installer.mycroftai/settings.json
2021-10-23 09:22:02.308 | INFO     |  5814 | mycroft.skills.skill_loader:_check_for_first_run:324 | First run of mycroft-installer.mycroftai
2021-10-23 09:22:02.309 | INFO     |  5814 | mycroft.skills.settings:save_settings:116 | Skill settings successfully saved to /home/runner/.config/mycroft/skills/mycroft-installer.mycroftai/settings.json
2021-10-23 09:22:02.309 | INFO     |  5814 | mycroft.skills.skill_loader:_communicate_load_status:344 | Skill mycroft-installer.mycroftai loaded successfully
2021-10-23 09:22:02.310 | INFO     |  5814 | mycroft.skills.skill_loader:load:185 | ATTEMPTING TO LOAD SKILL: mycroft-version-checker.mycroftai
2021-10-23 09:22:02.320 | INFO     |  5814 | mycroft.skills.settings:get_local_settings:83 | /opt/mycroft/skills/mycroft-version-checker.mycroftai/settings.json
2021-10-23 09:22:02.347 | INFO     |  5814 | mycroft.skills.skill_loader:_check_for_first_run:324 | First run of mycroft-version-checker.mycroftai
2021-10-23 09:22:02.349 | INFO     |  5814 | mycroft.skills.settings:save_settings:116 | Skill settings successfully saved to /home/runner/.config/mycroft/skills/mycroft-version-checker.mycroftai/settings.json
2021-10-23 09:22:02.381 | INFO     |  5814 | mycroft.skills.skill_loader:_communicate_load_status:344 | Skill mycroft-version-checker.mycroftai loaded successfully
2021-10-23 09:22:02.382 | INFO     |  5814 | mycroft.skills.skill_loader:load:185 | ATTEMPTING TO LOAD SKILL: mycroft-singing.mycroftai
2021-10-23 09:22:02.386 | INFO     |  5814 | mycroft.skills.settings:get_local_settings:83 | /opt/mycroft/skills/mycroft-singing.mycroftai/settings.json
2021-10-23 09:22:02.395 | INFO     |  5814 | mycroft.skills.skill_loader:_check_for_first_run:324 | First run of mycroft-singing.mycroftai
2021-10-23 09:22:02.396 | INFO     |  5814 | mycroft.skills.settings:save_settings:116 | Skill settings successfully saved to /home/runner/.config/mycroft/skills/mycroft-singing.mycroftai/settings.json
2021-10-23 09:22:02.409 | INFO     |  5814 | mycroft.skills.skill_loader:_communicate_load_status:344 | Skill mycroft-singing.mycroftai loaded successfully
2021-10-23 09:22:02.410 | INFO     |  5814 | mycroft.skills.skill_loader:load:185 | ATTEMPTING TO LOAD SKILL: mycroft-joke.mycroftai
2021-10-23 09:22:02.418 | INFO     |  5814 | mycroft.skills.settings:get_local_settings:83 | /opt/mycroft/skills/mycroft-joke.mycroftai/settings.json
2021-10-23 09:22:02.440 | INFO     |  5814 | mycroft.skills.skill_loader:_check_for_first_run:324 | First run of mycroft-joke.mycroftai
2021-10-23 09:22:02.441 | INFO     |  5814 | mycroft.skills.settings:save_settings:116 | Skill settings successfully saved to /home/runner/.config/mycroft/skills/mycroft-joke.mycroftai/settings.json
2021-10-23 09:22:02.467 | INFO     |  5814 | mycroft.skills.skill_loader:_communicate_load_status:344 | Skill mycroft-joke.mycroftai loaded successfully
2021-10-23 09:22:02.469 | INFO     |  5814 | mycroft.skills.skill_loader:load:185 | ATTEMPTING TO LOAD SKILL: mycroft-timer.mycroftai
2021-10-23 09:22:02.487 | INFO     |  5814 | mycroft.skills.settings:get_local_settings:83 | /opt/mycroft/skills/mycroft-timer.mycroftai/settings.json
2021-10-23 09:22:02.549 | INFO     |  5814 | mycroft.skills.skill_loader:_check_for_first_run:324 | First run of mycroft-timer.mycroftai
2021-10-23 09:22:02.554 | INFO     |  5814 | mycroft.skills.settings:save_settings:116 | Skill settings successfully saved to /home/runner/.config/mycroft/skills/mycroft-timer.mycroftai/settings.json
2021-10-23 09:22:02.608 | INFO     |  5814 | mycroft.skills.skill_loader:_communicate_load_status:344 | Skill mycroft-timer.mycroftai loaded successfully
2021-10-23 09:22:02.609 | INFO     |  5814 | mycroft.skills.skill_loader:load:185 | ATTEMPTING TO LOAD SKILL: homeassistant.mycroftai
2021-10-23 09:22:02.887 | INFO     |  5814 | mycroft.skills.settings:get_local_settings:83 | /opt/mycroft/skills/homeassistant.mycroftai/settings.json
2021-10-23 09:22:02.888 | INFO     |  5814 | mycroft.skills.settings:get_local_settings:83 | /opt/mycroft/skills/homeassistant.mycroftai/settings.json
2021-10-23 09:22:02.939 | INFO     |  5814 | mycroft.skills.skill_loader:_communicate_load_status:344 | Skill homeassistant.mycroftai loaded successfully
2021-10-23 09:22:02.940 | INFO     |  5814 | mycroft.skills.skill_loader:load:185 | ATTEMPTING TO LOAD SKILL: mycroft-alarm.mycroftai
2021-10-23 09:22:02.964 | INFO     |  5814 | mycroft.skills.settings:get_local_settings:83 | /opt/mycroft/skills/mycroft-alarm.mycroftai/settings.json
2021-10-23 09:22:02.964 | ERROR    |  5814 | AlarmSkill | Couldn't allocate mixer, ALSAAudioError('No such file or directory [default]')
2021-10-23 09:22:03.086 | INFO     |  5814 | mycroft.skills.skill_loader:_check_for_first_run:324 | First run of mycroft-alarm.mycroftai
2021-10-23 09:22:03.087 | INFO     |  5814 | mycroft.skills.settings:save_settings:116 | Skill settings successfully saved to /home/runner/.config/mycroft/skills/mycroft-alarm.mycroftai/settings.json
2021-10-23 09:22:03.122 | INFO     |  5814 | mycroft.skills.skill_loader:_communicate_load_status:344 | Skill mycroft-alarm.mycroftai loaded successfully
2021-10-23 09:22:03.123 | INFO     |  5814 | mycroft.skills.skill_loader:load:185 | ATTEMPTING TO LOAD SKILL: mycroft-naptime.mycroftai
2021-10-23 09:22:03.128 | INFO     |  5814 | mycroft.skills.settings:get_local_settings:83 | /opt/mycroft/skills/mycroft-naptime.mycroftai/settings.json
2021-10-23 09:22:03.148 | INFO     |  5814 | mycroft.skills.skill_loader:_check_for_first_run:324 | First run of mycroft-naptime.mycroftai
2021-10-23 09:22:03.149 | INFO     |  5814 | mycroft.skills.settings:save_settings:116 | Skill settings successfully saved to /home/runner/.config/mycroft/skills/mycroft-naptime.mycroftai/settings.json
2021-10-23 09:22:03.152 | INFO     |  5814 | mycroft.skills.skill_loader:_communicate_load_status:344 | Skill mycroft-naptime.mycroftai loaded successfully
2021-10-23 09:22:03.153 | INFO     |  5814 | mycroft.skills.skill_loader:load:185 | ATTEMPTING TO LOAD SKILL: mycroft-spelling.mycroftai
2021-10-23 09:22:03.163 | INFO     |  5814 | mycroft.skills.settings:get_local_settings:83 | /opt/mycroft/skills/mycroft-spelling.mycroftai/settings.json
2021-10-23 09:22:03.184 | INFO     |  5814 | mycroft.skills.skill_loader:_check_for_first_run:324 | First run of mycroft-spelling.mycroftai
2021-10-23 09:22:03.188 | INFO     |  5814 | mycroft.skills.settings:save_settings:116 | Skill settings successfully saved to /home/runner/.config/mycroft/skills/mycroft-spelling.mycroftai/settings.json
2021-10-23 09:22:03.190 | INFO     |  5814 | mycroft.skills.skill_loader:_communicate_load_status:344 | Skill mycroft-spelling.mycroftai loaded successfully
2021-10-23 09:22:03.190 | INFO     |  5814 | mycroft.skills.skill_loader:load:185 | ATTEMPTING TO LOAD SKILL: mycroft-fallback-duck-duck-go.mycroftai
2021-10-23 09:22:03.203 | INFO     |  5814 | mycroft.skills.settings:get_local_settings:83 | /opt/mycroft/skills/mycroft-fallback-duck-duck-go.mycroftai/settings.json
2021-10-23 09:22:03.247 | INFO     |  5814 | mycroft.skills.skill_loader:_check_for_first_run:324 | First run of mycroft-fallback-duck-duck-go.mycroftai
2021-10-23 09:22:03.405 | INFO     |  5814 | mycroft.skills.settings:save_settings:116 | Skill settings successfully saved to /home/runner/.config/mycroft/skills/mycroft-fallback-duck-duck-go.mycroftai/settings.json
2021-10-23 09:22:03.406 | INFO     |  5814 | mycroft.skills.skill_loader:_communicate_load_status:344 | Skill mycroft-fallback-duck-duck-go.mycroftai loaded successfully
2021-10-23 09:22:03.410 | INFO     |  5814 | mycroft.skills.skill_loader:load:185 | ATTEMPTING TO LOAD SKILL: mycroft-npr-news.mycroftai
2021-10-23 09:22:03.467 | INFO     |  5814 | mycroft.skills.settings:get_local_settings:83 | /opt/mycroft/skills/mycroft-npr-news.mycroftai/settings.json
2021-10-23 09:22:04.513 | INFO     |  5814 | mycroft.skills.skill_loader:_check_for_first_run:324 | First run of mycroft-npr-news.mycroftai
2021-10-23 09:22:04.514 | INFO     |  5814 | mycroft.skills.settings:save_settings:116 | Skill settings successfully saved to /home/runner/.config/mycroft/skills/mycroft-npr-news.mycroftai/settings.json
2021-10-23 09:22:04.526 | INFO     |  5814 | mycroft.skills.skill_loader:_communicate_load_status:344 | Skill mycroft-npr-news.mycroftai loaded successfully
2021-10-23 09:22:04.538 | INFO     |  5814 | mycroft.skills.skill_loader:load:185 | ATTEMPTING TO LOAD SKILL: mycroft-support-helper.mycroftai
2021-10-23 09:22:04.566 | INFO     |  5814 | mycroft.skills.settings:get_local_settings:83 | /opt/mycroft/skills/mycroft-support-helper.mycroftai/settings.json
2021-10-23 09:22:04.587 | INFO     |  5814 | mycroft.skills.skill_loader:_check_for_first_run:324 | First run of mycroft-support-helper.mycroftai
2021-10-23 09:22:04.605 | INFO     |  5814 | mycroft.skills.settings:save_settings:116 | Skill settings successfully saved to /home/runner/.config/mycroft/skills/mycroft-support-helper.mycroftai/settings.json
2021-10-23 09:22:04.606 | INFO     |  5814 | mycroft.skills.skill_loader:_communicate_load_status:344 | Skill mycroft-support-helper.mycroftai loaded successfully
2021-10-23 09:22:04.606 | INFO     |  5814 | mycroft.skills.skill_loader:load:185 | ATTEMPTING TO LOAD SKILL: mycroft-weather.mycroftai
2021-10-23 09:22:04.705 | INFO     |  5814 | mycroft.skills.settings:get_local_settings:83 | /opt/mycroft/skills/mycroft-weather.mycroftai/settings.json
2021-10-23 09:22:05.114 | INFO     |  5814 | mycroft.skills.skill_loader:_check_for_first_run:324 | First run of mycroft-weather.mycroftai
2021-10-23 09:22:05.121 | INFO     |  5814 | mycroft.skills.settings:save_settings:116 | Skill settings successfully saved to /home/runner/.config/mycroft/skills/mycroft-weather.mycroftai/settings.json
2021-10-23 09:22:05.134 | INFO     |  5814 | mycroft.skills.skill_loader:_communicate_load_status:344 | Skill mycroft-weather.mycroftai loaded successfully
2021-10-23 09:22:05.134 | INFO     |  5814 | mycroft.skills.skill_loader:load:185 | ATTEMPTING TO LOAD SKILL: mycroft-speak.mycroftai
2021-10-23 09:22:05.162 | INFO     |  5814 | mycroft.skills.settings:get_local_settings:83 | /opt/mycroft/skills/mycroft-speak.mycroftai/settings.json
2021-10-23 09:22:05.234 | INFO     |  5814 | mycroft.skills.skill_loader:_check_for_first_run:324 | First run of mycroft-speak.mycroftai
2021-10-23 09:22:05.235 | INFO     |  5814 | mycroft.skills.settings:save_settings:116 | Skill settings successfully saved to /home/runner/.config/mycroft/skills/mycroft-speak.mycroftai/settings.json
2021-10-23 09:22:05.251 | INFO     |  5814 | mycroft.skills.skill_loader:_communicate_load_status:344 | Skill mycroft-speak.mycroftai loaded successfully
2021-10-23 09:22:05.252 | INFO     |  5814 | mycroft.skills.skill_loader:load:185 | ATTEMPTING TO LOAD SKILL: mycroft-audio-record.mycroftai
2021-10-23 09:22:05.283 | INFO     |  5814 | mycroft.skills.settings:get_local_settings:83 | /opt/mycroft/skills/mycroft-audio-record.mycroftai/settings.json
2021-10-23 09:22:05.359 | INFO     |  5814 | mycroft.skills.skill_loader:_check_for_first_run:324 | First run of mycroft-audio-record.mycroftai
2021-10-23 09:22:05.359 | INFO     |  5814 | mycroft.skills.settings:save_settings:116 | Skill settings successfully saved to /home/runner/.config/mycroft/skills/mycroft-audio-record.mycroftai/settings.json
2021-10-23 09:22:05.390 | INFO     |  5814 | mycroft.skills.skill_loader:_communicate_load_status:344 | Skill mycroft-audio-record.mycroftai loaded successfully
2021-10-23 09:22:05.390 | INFO     |  5814 | mycroft.skills.skill_loader:load:185 | ATTEMPTING TO LOAD SKILL: mycroft-stop.mycroftai
2021-10-23 09:22:05.433 | INFO     |  5814 | mycroft.skills.settings:get_local_settings:83 | /opt/mycroft/skills/mycroft-stop.mycroftai/settings.json
2021-10-23 09:22:05.534 | INFO     |  5814 | mycroft.skills.skill_loader:_check_for_first_run:324 | First run of mycroft-stop.mycroftai
2021-10-23 09:22:05.544 | INFO     |  5814 | mycroft.skills.settings:save_settings:116 | Skill settings successfully saved to /home/runner/.config/mycroft/skills/mycroft-stop.mycroftai/settings.json
2021-10-23 09:22:05.549 | INFO     |  5814 | mycroft.skills.skill_loader:_communicate_load_status:344 | Skill mycroft-stop.mycroftai loaded successfully
2021-10-23 09:22:05.555 | INFO     |  5814 | mycroft.skills.skill_loader:load:185 | ATTEMPTING TO LOAD SKILL: mycroft-hello-world.mycroftai
2021-10-23 09:22:05.593 | INFO     |  5814 | mycroft.skills.settings:get_local_settings:83 | /opt/mycroft/skills/mycroft-hello-world.mycroftai/settings.json
2021-10-23 09:22:05.689 | INFO     |  5814 | mycroft.skills.skill_loader:_check_for_first_run:324 | First run of mycroft-hello-world.mycroftai
2021-10-23 09:22:05.702 | INFO     |  5814 | mycroft.skills.settings:save_settings:116 | Skill settings successfully saved to /home/runner/.config/mycroft/skills/mycroft-hello-world.mycroftai/settings.json
2021-10-23 09:22:05.706 | INFO     |  5814 | mycroft.skills.skill_loader:_communicate_load_status:344 | Skill mycroft-hello-world.mycroftai loaded successfully
2021-10-23 09:22:05.707 | INFO     |  5814 | mycroft.skills.skill_loader:load:185 | ATTEMPTING TO LOAD SKILL: mycroft-date-time.mycroftai
2021-10-23 09:22:06.834 | INFO     |  5814 | mycroft.skills.settings:get_local_settings:83 | /opt/mycroft/skills/mycroft-date-time.mycroftai/settings.json
2021-10-23 09:22:06.910 | INFO     |  5814 | TimeSkill | Registering resting screen <bound method TimeSkill.handle_idle of <mycroft-date-time_mycroftai.TimeSkill object at 0x7f9fe851d590>> for Time and Date.
2021-10-23 09:22:06.912 | INFO     |  5814 | TimeSkill | Registering resting screen
2021-10-23 09:22:06.933 | INFO     |  5814 | mycroft.skills.skill_loader:_check_for_first_run:324 | First run of mycroft-date-time.mycroftai
2021-10-23 09:22:06.933 | INFO     |  5814 | mycroft.skills.settings:save_settings:116 | Skill settings successfully saved to /home/runner/.config/mycroft/skills/mycroft-date-time.mycroftai/settings.json
2021-10-23 09:22:06.939 | INFO     |  5814 | mycroft.skills.skill_loader:_communicate_load_status:344 | Skill mycroft-date-time.mycroftai loaded successfully
2021-10-23 09:22:06.939 | INFO     |  5814 | mycroft.skills.skill_loader:load:185 | ATTEMPTING TO LOAD SKILL: mycroft-configuration.mycroftai
2021-10-23 09:22:06.962 | INFO     |  5814 | mycroft.skills.settings:get_local_settings:83 | /opt/mycroft/skills/mycroft-configuration.mycroftai/settings.json
2021-10-23 09:22:07.024 | INFO     |  5814 | mycroft.skills.skill_loader:_check_for_first_run:324 | First run of mycroft-configuration.mycroftai
2021-10-23 09:22:07.026 | INFO     |  5814 | mycroft.skills.settings:save_settings:116 | Skill settings successfully saved to /home/runner/.config/mycroft/skills/mycroft-configuration.mycroftai/settings.json
2021-10-23 09:22:07.029 | INFO     |  5814 | mycroft.skills.skill_loader:_communicate_load_status:344 | Skill mycroft-configuration.mycroftai loaded successfully
2021-10-23 09:22:07.030 | INFO     |  5814 | mycroft.skills.skill_loader:load:185 | ATTEMPTING TO LOAD SKILL: fallback-query.mycroftai
2021-10-23 09:22:07.045 | INFO     |  5814 | mycroft.skills.settings:get_local_settings:83 | /opt/mycroft/skills/fallback-query.mycroftai/settings.json
2021-10-23 09:22:07.081 | INFO     |  5814 | mycroft.skills.skill_loader:_check_for_first_run:324 | First run of fallback-query.mycroftai
2021-10-23 09:22:07.082 | INFO     |  5814 | mycroft.skills.settings:save_settings:116 | Skill settings successfully saved to /home/runner/.config/mycroft/skills/fallback-query.mycroftai/settings.json
2021-10-23 09:22:07.083 | INFO     |  5814 | mycroft.skills.skill_loader:_communicate_load_status:344 | Skill fallback-query.mycroftai loaded successfully
2021-10-23 09:22:07.083 | INFO     |  5814 | mycroft.skills.skill_loader:load:185 | ATTEMPTING TO LOAD SKILL: mycroft-personal.mycroftai
2021-10-23 09:22:07.105 | INFO     |  5814 | mycroft.skills.settings:get_local_settings:83 | /opt/mycroft/skills/mycroft-personal.mycroftai/settings.json
2021-10-23 09:22:07.149 | INFO     |  5814 | mycroft.skills.skill_loader:_check_for_first_run:324 | First run of mycroft-personal.mycroftai
2021-10-23 09:22:07.150 | INFO     |  5814 | mycroft.skills.settings:save_settings:116 | Skill settings successfully saved to /home/runner/.config/mycroft/skills/mycroft-personal.mycroftai/settings.json
2021-10-23 09:22:07.163 | INFO     |  5814 | mycroft.skills.skill_loader:_communicate_load_status:344 | Skill mycroft-personal.mycroftai loaded successfully
2021-10-23 09:22:07.164 | INFO     |  5814 | mycroft.skills.skill_loader:load:185 | ATTEMPTING TO LOAD SKILL: fallback-wolfram-alpha.mycroftai
2021-10-23 09:22:07.286 | INFO     |  5814 | mycroft.skills.settings:get_local_settings:83 | /opt/mycroft/skills/fallback-wolfram-alpha.mycroftai/settings.json
2021-10-23 09:22:07.323 | INFO     |  5814 | mycroft.skills.skill_loader:_check_for_first_run:324 | First run of fallback-wolfram-alpha.mycroftai
2021-10-23 09:22:07.323 | INFO     |  5814 | mycroft.skills.settings:save_settings:116 | Skill settings successfully saved to /home/runner/.config/mycroft/skills/fallback-wolfram-alpha.mycroftai/settings.json
2021-10-23 09:22:07.331 | INFO     |  5814 | mycroft.skills.skill_loader:_communicate_load_status:344 | Skill fallback-wolfram-alpha.mycroftai loaded successfully
2021-10-23 09:22:07.331 | INFO     |  5814 | mycroft.skills.skill_loader:load:185 | ATTEMPTING TO LOAD SKILL: mycroft-wiki.mycroftai
2021-10-23 09:22:07.358 | INFO     |  5814 | mycroft.skills.settings:get_local_settings:83 | /opt/mycroft/skills/mycroft-wiki.mycroftai/settings.json
2021-10-23 09:22:07.396 | INFO     |  5814 | mycroft.skills.skill_loader:_check_for_first_run:324 | First run of mycroft-wiki.mycroftai
2021-10-23 09:22:07.397 | INFO     |  5814 | mycroft.skills.settings:save_settings:116 | Skill settings successfully saved to /home/runner/.config/mycroft/skills/mycroft-wiki.mycroftai/settings.json
2021-10-23 09:22:07.419 | INFO     |  5814 | mycroft.skills.skill_loader:_communicate_load_status:344 | Skill mycroft-wiki.mycroftai loaded successfully
2021-10-23 09:22:07.419 | INFO     |  5814 | mycroft.skills.skill_loader:load:185 | ATTEMPTING TO LOAD SKILL: fallback-unknown.mycroftai
2021-10-23 09:22:07.423 | INFO     |  5814 | mycroft.skills.settings:get_local_settings:83 | /opt/mycroft/skills/fallback-unknown.mycroftai/settings.json
2021-10-23 09:22:07.447 | INFO     |  5814 | mycroft.skills.skill_loader:_check_for_first_run:324 | First run of fallback-unknown.mycroftai
2021-10-23 09:22:07.448 | INFO     |  5814 | mycroft.skills.settings:save_settings:116 | Skill settings successfully saved to /home/runner/.config/mycroft/skills/fallback-unknown.mycroftai/settings.json
2021-10-23 09:22:07.449 | INFO     |  5814 | mycroft.skills.skill_loader:_communicate_load_status:344 | Skill fallback-unknown.mycroftai loaded successfully
2021-10-23 09:22:07.449 | INFO     |  5814 | mycroft.skills.skill_loader:load:185 | ATTEMPTING TO LOAD SKILL: mycroft-playback-control.mycroftai
2021-10-23 09:22:07.480 | INFO     |  5814 | mycroft.skills.settings:get_local_settings:83 | /opt/mycroft/skills/mycroft-playback-control.mycroftai/settings.json
2021-10-23 09:22:07.565 | INFO     |  5814 | mycroft.skills.skill_loader:_check_for_first_run:324 | First run of mycroft-playback-control.mycroftai
2021-10-23 09:22:07.566 | INFO     |  5814 | mycroft.skills.settings:save_settings:116 | Skill settings successfully saved to /home/runner/.config/mycroft/skills/mycroft-playback-control.mycroftai/settings.json
2021-10-23 09:22:07.576 | INFO     |  5814 | mycroft.skills.skill_loader:_communicate_load_status:344 | Skill mycroft-playback-control.mycroftai loaded successfully
2021-10-23 09:22:07.577 | INFO     |  5814 | mycroft.skills.skill_manager:_load_on_startup:275 | Skills all loaded!
2021-10-23 09:22:07.640 | INFO     |  5814 | __main__:on_ready:185 | Skills service is ready.
2021-10-23 09:22:07.785 | INFO     |  5814 | mycroft.skills.intent_services.padatious_service:train:151 | Training... (single_thread=False)
Regenerated mycroft-alarm.mycroftai:{daytype}.
Regenerated mycroft-reminder.mycroftai:UnspecifiedReminderAt.intent.
Regenerated mycroft-reminder.mycroftai:GetRemindersForDay.intent.
Regenerated mycroft-installer.mycroftai:remove.intent.
Regenerated mycroft-installer.mycroftai:install.custom.intent.
Regenerated mycroft-installer.mycroftai:install.beta.intent.
Regenerated mycroft-installer.mycroftai:install.intent.
Regenerated mycroft-installer.mycroftai:list.skills.intent.
Regenerated mycroft-installer.mycroftai:is.installed.intent.
Regenerated mycroft-timer.mycroftai:timer.status.intent.
Regenerated mycroft-timer.mycroftai:start.timer.intent.
Regenerated homeassistant.mycroftai:turn.on.intent.
Regenerated homeassistant.mycroftai:tracker.intent.
Regenerated homeassistant.mycroftai:turn.off.intent.
Regenerated homeassistant.mycroftai:set.climate.intent.
Regenerated mycroft-alarm.mycroftai:change.alarm.sound.intent.
Regenerated mycroft-alarm.mycroftai:snooze.intent.
Regenerated mycroft-npr-news.mycroftai:PlayTheNews.intent.
Regenerated mycroft-support-helper.mycroftai:contact.support.intent.
Regenerated mycroft-weather.mycroftai:do-i-need-an-umbrella.intent.
Regenerated mycroft-audio-record.mycroftai:PlayRecording.intent.
Regenerated mycroft-stop.mycroftai:shutdown.intent.
Regenerated mycroft-stop.mycroftai:reboot.intent.
Regenerated mycroft-audio-record.mycroftai:StartRecording.intent.
Regenerated mycroft-stop.mycroftai:ssh.disable.intent.
Regenerated mycroft-stop.mycroftai:wifi.setup.intent.
Regenerated mycroft-stop.mycroftai:ssh.enable.intent.
Regenerated mycroft-hello-world.mycroftai:HowAreYou.intent.
Regenerated mycroft-date-time.mycroftai:what.time.will.it.be.intent.
Regenerated mycroft-date-time.mycroftai:date.last.weekend.intent.
Regenerated mycroft-date-time.mycroftai:what.time.is.it.intent.
Regenerated mycroft-date-time.mycroftai:date.future.weekend.intent.
Regenerated mycroft-configuration.mycroftai:EnablePreciseDev.intent.
Regenerated mycroft-configuration.mycroftai:WhereAreYou.intent.
Regenerated mycroft-configuration.mycroftai:DisablePreciseDev.intent.
Regenerated mycroft-personal.mycroftai:DoYouDream.intent.
Regenerated mycroft-reminder.mycroftai:ReminderAt.intent.
Regenerated mycroft-reminder.mycroftai:Reminder.intent.
Regenerated mycroft-reminder.mycroftai:ClearReminders.intent.
Regenerated mycroft-reminder.mycroftai:GetNextReminders.intent.
Regenerated mycroft-reminder.mycroftai:SnoozeReminder.intent.
Regenerated mycroft-reminder.mycroftai:DeleteReminderForDay.intent.
Regenerated mycroft-reminder.mycroftai:CancelActiveReminder.intent.
Regenerated homeassistant.mycroftai:increase.light.brightness.intent.
Regenerated homeassistant.mycroftai:automation.intent.
Regenerated homeassistant.mycroftai:sensor.intent.
Regenerated homeassistant.mycroftai:add.item.shopping.list.intent.
Regenerated homeassistant.mycroftai:toggle.intent.
Regenerated homeassistant.mycroftai:set.light.brightness.intent.
Regenerated homeassistant.mycroftai:decrease.light.brightness.intent.
Regenerated mycroft-personal.mycroftai:WhoMadeYou.intent.
Regenerated mycroft-personal.mycroftai:WhenWereYouBorn.intent.
Regenerated mycroft-personal.mycroftai:WhoAreYou.intent.
Regenerated mycroft-personal.mycroftai:WhatAreYou.intent.
Regenerated mycroft-personal.mycroftai:DoYouRhyme.intent.
Regenerated mycroft-personal.mycroftai:WhereWereYouBorn.intent.
Regenerated mycroft-wiki.mycroftai:Random.intent.
2021-10-23 09:22:10.817 | INFO     |  5814 | mycroft.skills.intent_services.padatious_service:train:153 | Training complete.
2021-10-23 09:22:16.217 | INFO     |  5814 | mycroft.skills.settings:save_settings:116 | Skill settings successfully saved to /home/runner/.config/mycroft/skills/mycroft-pairing.mycroftai/settings.json
2021-10-23 09:22:16.520 | INFO     |  5814 | mycroft.skills.settings:save_settings:116 | Skill settings successfully saved to /home/runner/.config/mycroft/skills/mycroft-timer.mycroftai/settings.json
2021-10-23 09:22:45.696 | INFO     |  5814 | __main__:on_stopping:193 | Skills service is shutting down...
2021-10-23 09:22:45.696 | INFO     |  5814 | __main__:shutdown:284 | Shutting down Skills service
2021-10-23 09:22:46.145 | ERROR    |  5814 | VolumeSkill | Couldn't allocate mixer, ALSAAudioError('No such file or directory [default]')
2021-10-23 09:22:46.146 | INFO     |  5814 | mycroft.skills.settings:save_settings:116 | Skill settings successfully saved to /home/runner/.config/mycroft/skills/mycroft-volume.mycroftai/settings.json
2021-10-23 09:22:46.150 | INFO     |  5814 | mycroft.skills.settings:save_settings:116 | Skill settings successfully saved to /home/runner/.config/mycroft/skills/mycroft-ip.mycroftai/settings.json
2021-10-23 09:22:46.172 | INFO     |  5814 | mycroft.skills.settings:save_settings:116 | Skill settings successfully saved to /home/runner/.config/mycroft/skills/mycroft-reminder.mycroftai/settings.json
2021-10-23 09:22:46.179 | INFO     |  5814 | mycroft.skills.settings:save_settings:116 | Skill settings successfully saved to /home/runner/.config/mycroft/skills/mycroft-installer.mycroftai/settings.json
2021-10-23 09:22:46.181 | INFO     |  5814 | mycroft.skills.settings:save_settings:116 | Skill settings successfully saved to /home/runner/.config/mycroft/skills/mycroft-version-checker.mycroftai/settings.json
2021-10-23 09:22:46.186 | INFO     |  5814 | mycroft.skills.settings:save_settings:116 | Skill settings successfully saved to /home/runner/.config/mycroft/skills/mycroft-singing.mycroftai/settings.json
2021-10-23 09:22:46.212 | INFO     |  5814 | mycroft.skills.settings:save_settings:116 | Skill settings successfully saved to /home/runner/.config/mycroft/skills/mycroft-joke.mycroftai/settings.json
2021-10-23 09:22:46.216 | INFO     |  5814 | HomeAssistantSkill | Removing all handlers...
2021-10-23 09:22:46.217 | WARNING  |  5814 | mycroft.skills.fallback_skill:remove_fallback:185 | Could not find matching fallback handler
2021-10-23 09:22:46.218 | INFO     |  5814 | mycroft.skills.settings:save_settings:116 | Skill settings successfully saved to /home/runner/.config/mycroft/skills/mycroft-alarm.mycroftai/settings.json
2021-10-23 09:22:46.232 | INFO     |  5814 | mycroft.skills.settings:save_settings:116 | Skill settings successfully saved to /home/runner/.config/mycroft/skills/mycroft-naptime.mycroftai/settings.json
2021-10-23 09:22:46.246 | INFO     |  5814 | mycroft.skills.settings:save_settings:116 | Skill settings successfully saved to /home/runner/.config/mycroft/skills/mycroft-spelling.mycroftai/settings.json
2021-10-23 09:22:46.249 | INFO     |  5814 | mycroft.skills.settings:save_settings:116 | Skill settings successfully saved to /home/runner/.config/mycroft/skills/mycroft-fallback-duck-duck-go.mycroftai/settings.json
2021-10-23 09:22:46.262 | INFO     |  5814 | mycroft.skills.settings:save_settings:116 | Skill settings successfully saved to /home/runner/.config/mycroft/skills/mycroft-npr-news.mycroftai/settings.json
2021-10-23 09:22:46.264 | INFO     |  5814 | mycroft.skills.settings:save_settings:116 | Skill settings successfully saved to /home/runner/.config/mycroft/skills/mycroft-support-helper.mycroftai/settings.json
2021-10-23 09:22:46.266 | INFO     |  5814 | mycroft.skills.settings:save_settings:116 | Skill settings successfully saved to /home/runner/.config/mycroft/skills/mycroft-weather.mycroftai/settings.json
2021-10-23 09:22:46.267 | INFO     |  5814 | mycroft.skills.settings:save_settings:116 | Skill settings successfully saved to /home/runner/.config/mycroft/skills/mycroft-speak.mycroftai/settings.json
2021-10-23 09:22:46.268 | INFO     |  5814 | mycroft.skills.settings:save_settings:116 | Skill settings successfully saved to /home/runner/.config/mycroft/skills/mycroft-audio-record.mycroftai/settings.json
2021-10-23 09:22:46.285 | INFO     |  5814 | mycroft.skills.settings:save_settings:116 | Skill settings successfully saved to /home/runner/.config/mycroft/skills/mycroft-stop.mycroftai/settings.json
2021-10-23 09:22:46.297 | INFO     |  5814 | mycroft.skills.settings:save_settings:116 | Skill settings successfully saved to /home/runner/.config/mycroft/skills/mycroft-hello-world.mycroftai/settings.json
2021-10-23 09:22:46.299 | INFO     |  5814 | mycroft.skills.settings:save_settings:116 | Skill settings successfully saved to /home/runner/.config/mycroft/skills/mycroft-date-time.mycroftai/settings.json
2021-10-23 09:22:46.325 | INFO     |  5814 | mycroft.skills.settings:save_settings:116 | Skill settings successfully saved to /home/runner/.config/mycroft/skills/mycroft-configuration.mycroftai/settings.json
2021-10-23 09:22:46.326 | INFO     |  5814 | QuestionsAnswersSkill | Removing all handlers...
2021-10-23 09:22:46.327 | INFO     |  5814 | mycroft.skills.settings:save_settings:116 | Skill settings successfully saved to /home/runner/.config/mycroft/skills/fallback-query.mycroftai/settings.json
2021-10-23 09:22:46.345 | INFO     |  5814 | mycroft.skills.settings:save_settings:116 | Skill settings successfully saved to /home/runner/.config/mycroft/skills/mycroft-personal.mycroftai/settings.json
2021-10-23 09:22:46.366 | INFO     |  5814 | mycroft.skills.settings:save_settings:116 | Skill settings successfully saved to /home/runner/.config/mycroft/skills/fallback-wolfram-alpha.mycroftai/settings.json
2021-10-23 09:22:46.369 | INFO     |  5814 | mycroft.skills.settings:save_settings:116 | Skill settings successfully saved to /home/runner/.config/mycroft/skills/mycroft-wiki.mycroftai/settings.json
2021-10-23 09:22:46.370 | INFO     |  5814 | UnknownSkill | Removing all handlers...
2021-10-23 09:22:46.378 | INFO     |  5814 | mycroft.skills.settings:save_settings:116 | Skill settings successfully saved to /home/runner/.config/mycroft/skills/fallback-unknown.mycroftai/settings.json
2021-10-23 09:22:46.392 | INFO     |  5814 | mycroft.skills.settings:save_settings:116 | Skill settings successfully saved to /home/runner/.config/mycroft/skills/mycroft-playback-control.mycroftai/settings.json
2021-10-23 09:22:47.393 | INFO     |  5814 | Playback Control Skill | Audio service status: {}
2021-10-23 09:22:48.395 | WARNING  |  5814 | mycroft.skills.skill_manager:_shutdown_skill:106 | mycroft-playback-control.mycroftai shutdown took 2.0024433500000214 seconds
2021-10-23 09:22:48.473 | INFO     |  5814 | __main__:shutdown:291 | Skills service shutdown complete!
2021-10-23 09:22:50.734 | ERROR    |  5814 | websocket | error from callback <bound method MessageBusClient.on_message of <mycroft.messagebus.client.client.MessageBusClient object at 0x7f9ff4ed1650>>: cannot schedule new futures after shutdown
2021-10-23 09:22:50.736 | ERROR    |  5814 | websocket | error from callback <bound method MessageBusClient.on_message of <mycroft.messagebus.client.client.MessageBusClient object at 0x7f9ff4ed1650>>: cannot schedule new futures after shutdown
2021-10-23 09:22:50.739 | ERROR    |  5814 | websocket | error from callback <bound method MessageBusClient.on_message of <mycroft.messagebus.client.client.MessageBusClient object at 0x7f9ff4ed1650>>: cannot schedule new futures after shutdown
2021-10-23 09:22:50.741 | ERROR    |  5814 | websocket | error from callback <bound method MessageBusClient.on_message of <mycroft.messagebus.client.client.MessageBusClient object at 0x7f9ff4ed1650>>: cannot schedule new futures after shutdown
2021-10-23 09:22:50.742 | ERROR    |  5814 | websocket | error from callback <bound method MessageBusClient.on_message of <mycroft.messagebus.client.client.MessageBusClient object at 0x7f9ff4ed1650>>: cannot schedule new futures after shutdown
