2021-10-28 07:39:07.562 | INFO     |  5357 | mycroft.messagebus.load_config:load_message_bus_config:33 | Loading message bus configs
2021-10-28 07:39:07.571 | INFO     |  5357 | mycroft_bus_client.client.client | Connected
2021-10-28 07:39:07.572 | INFO     |  5357 | mycroft.util.process_utils:start_message_bus_client:155 | Connected to messagebus
2021-10-28 07:39:07.576 | INFO     |  5357 | mycroft.skills.msm_wrapper:create_msm:96 | Acquiring lock to instantiate MSM
2021-10-28 07:39:09.231 | INFO     |  5357 | msm.mycroft_skills_manager | building SkillEntry objects for all skills
2021-10-28 07:39:09.856 | INFO     |  5357 | mycroft.skills.msm_wrapper:create_msm:112 | Releasing MSM instantiation lock.
2021-10-28 07:39:09.857 | INFO     |  5357 | mycroft.skills.skill_updater:_log_next_download_time:267 | Next scheduled skill update: 2021-10-28 07:39:08.857158
2021-10-28 07:39:09.858 | INFO     |  5357 | msm.skill_entry | Downloading skill: https://github.com/mycroftai/skill-pairing
2021-10-28 07:39:10.558 | INFO     |  5357 | msm.skill_entry | Installing system requirements...
2021-10-28 07:39:10.584 | INFO     |  5357 | msm.skill_entry | Successfully installed mycroft-pairing
2021-10-28 07:39:10.584 | INFO     |  5357 | msm.mycroft_skills_manager | invalidating skills cache
2021-10-28 07:39:10.586 | INFO     |  5357 | mycroft.skills.skill_loader:load:185 | ATTEMPTING TO LOAD SKILL: mycroft-pairing.mycroftai
2021-10-28 07:39:10.593 | INFO     |  5357 | mycroft.skills.settings:get_local_settings:83 | /opt/mycroft/skills/mycroft-pairing.mycroftai/settings.json
2021-10-28 07:39:10.613 | INFO     |  5357 | mycroft.skills.skill_loader:_check_for_first_run:324 | First run of mycroft-pairing.mycroftai
2021-10-28 07:39:10.618 | INFO     |  5357 | mycroft.skills.settings:save_settings:116 | Skill settings successfully saved to /home/runner/.config/mycroft/skills/mycroft-pairing.mycroftai/settings.json
2021-10-28 07:39:10.619 | INFO     |  5357 | mycroft.skills.skill_loader:_communicate_load_status:344 | Skill mycroft-pairing.mycroftai loaded successfully
2021-10-28 07:39:10.619 | INFO     |  5357 | msm.skill_entry | Downloading skill: https://github.com/mycroftai/skill-volume
2021-10-28 07:39:11.275 | INFO     |  5357 | msm.skill_entry | Installing system requirements...
2021-10-28 07:39:11.285 | INFO     |  5357 | msm.skill_entry | Installing requirements.txt for mycroft-volume
2021-10-28 07:39:12.142 | INFO     |  5357 | msm.skill_entry | Successfully installed mycroft-volume
2021-10-28 07:39:12.142 | INFO     |  5357 | msm.mycroft_skills_manager | invalidating skills cache
2021-10-28 07:39:12.144 | INFO     |  5357 | mycroft.skills.skill_loader:load:185 | ATTEMPTING TO LOAD SKILL: mycroft-volume.mycroftai
2021-10-28 07:39:12.152 | INFO     |  5357 | mycroft.skills.settings:get_local_settings:83 | /opt/mycroft/skills/mycroft-volume.mycroftai/settings.json
2021-10-28 07:39:12.211 | ERROR    |  5357 | VolumeSkill | Couldn't allocate mixer, ALSAAudioError('No such file or directory [default]')
2021-10-28 07:39:15.212 | INFO     |  5357 | mycroft.skills.skill_loader:_check_for_first_run:324 | First run of mycroft-volume.mycroftai
2021-10-28 07:39:15.213 | INFO     |  5357 | mycroft.skills.settings:save_settings:116 | Skill settings successfully saved to /home/runner/.config/mycroft/skills/mycroft-volume.mycroftai/settings.json
2021-10-28 07:39:15.214 | INFO     |  5357 | mycroft.skills.skill_loader:_communicate_load_status:344 | Skill mycroft-volume.mycroftai loaded successfully
2021-10-28 07:39:15.215 | INFO     |  5357 | __main__:on_started:177 | Skills service is starting up.
2021-10-28 07:39:15.289 | INFO     |  5357 | __main__:_update_system:154 | Attempting system update...
2021-10-28 07:39:18.292 | INFO     |  5357 | mycroft.enclosure.display_manager:_write_data:70 | Display Manager is creating /tmp/mycroft/ipc/managers/disp_info
2021-10-28 07:39:18.292 | INFO     |  5357 | __main__:_ensure_device_is_paired:133 | Device not paired, invoking the pairing skill
2021-10-28 07:39:18.294 | INFO     |  5357 | __main__:on_alive:181 | Skills service is alive.
2021-10-28 07:39:18.297 | INFO     |  5357 | msm.mycroft_skills_manager | building SkillEntry objects for all skills
2021-10-28 07:39:18.821 | INFO     |  5357 | PairingSkill | Communicating account URL to user
2021-10-28 07:39:18.896 | WARNING  |  5357 | msm.mycroft_skills_manager | No such default skill: mycroft-pandora
2021-10-28 07:39:18.897 | INFO     |  5357 | mycroft.skills.skill_manager:run:234 | Not all default skills are installed, performing skill update...
2021-10-28 07:39:18.897 | INFO     |  5357 | mycroft.skills.skill_updater:update_skills:149 | Beginning skill update...
2021-10-28 07:39:18.987 | INFO     |  5357 | msm.mycroft_skills_manager | building SkillEntry objects for all skills
2021-10-28 07:39:19.601 | INFO     |  5357 | msm.mycroft_skills_manager | invalidating skills cache
2021-10-28 07:39:19.648 | INFO     |  5357 | msm.skill_entry | Downloading skill: https://github.com/mycroftai/fallback-unknown
2021-10-28 07:39:19.653 | INFO     |  5357 | msm.skill_entry | Downloading skill: https://github.com/mycroftai/fallback-wolfram-alpha
2021-10-28 07:39:19.656 | INFO     |  5357 | msm.skill_entry | Downloading skill: https://github.com/mycroftai/skill-alarm
2021-10-28 07:39:19.675 | INFO     |  5357 | msm.skill_entry | Downloading skill: https://github.com/mycroftai/skill-configuration
2021-10-28 07:39:19.683 | INFO     |  5357 | msm.skill_entry | Downloading skill: https://github.com/mycroftai/skill-date-time
2021-10-28 07:39:19.690 | INFO     |  5357 | msm.skill_entry | Downloading skill: https://github.com/mycroftai/fallback-duckduckgo
2021-10-28 07:39:19.698 | INFO     |  5357 | msm.skill_entry | Downloading skill: https://github.com/mycroftai/skill-hello-world
2021-10-28 07:39:19.706 | INFO     |  5357 | msm.skill_entry | Downloading skill: https://github.com/mycroftai/skill-installer
2021-10-28 07:39:19.714 | INFO     |  5357 | msm.skill_entry | Downloading skill: https://github.com/mycroftai/skill-ip
2021-10-28 07:39:19.728 | INFO     |  5357 | msm.skill_entry | Downloading skill: https://github.com/mycroftai/skill-audio-record
2021-10-28 07:39:19.776 | INFO     |  5357 | msm.skill_entry | Downloading skill: https://github.com/mycroftai/skill-joke
2021-10-28 07:39:19.803 | INFO     |  5357 | msm.skill_entry | Downloading skill: https://github.com/mycroftai/skill-naptime
2021-10-28 07:39:19.819 | INFO     |  5357 | msm.skill_entry | Downloading skill: https://github.com/mycroftai/skill-personal
2021-10-28 07:39:19.831 | INFO     |  5357 | msm.skill_entry | Downloading skill: https://github.com/mycroftai/skill-playback-control
2021-10-28 07:39:19.840 | INFO     |  5357 | msm.skill_entry | Downloading skill: https://github.com/mycroftai/skill-reminder
2021-10-28 07:39:19.850 | INFO     |  5357 | msm.skill_entry | Downloading skill: https://github.com/mycroftai/skill-singing
2021-10-28 07:39:19.854 | INFO     |  5357 | msm.skill_entry | Downloading skill: https://github.com/mycroftai/skill-npr-news
2021-10-28 07:39:20.779 | INFO     |  5357 | msm.skill_entry | Installing system requirements...
2021-10-28 07:39:20.825 | INFO     |  5357 | msm.skill_entry | Installing system requirements...
2021-10-28 07:39:20.868 | INFO     |  5357 | msm.skill_entry | Installing system requirements...
2021-10-28 07:39:20.896 | INFO     |  5357 | msm.skill_entry | Installing requirements.txt for mycroft-fallback-duck-duck-go
2021-10-28 07:39:20.902 | INFO     |  5357 | msm.skill_entry | Successfully installed fallback-unknown
2021-10-28 07:39:20.906 | INFO     |  5357 | msm.mycroft_skills_manager | invalidating skills cache
2021-10-28 07:39:20.912 | INFO     |  5357 | msm.skill_entry | Downloading skill: https://github.com/mycroftai/skill-speak
2021-10-28 07:39:20.962 | INFO     |  5357 | msm.skill_entry | Installing requirements.txt for mycroft-ip
2021-10-28 07:39:21.286 | INFO     |  5357 | msm.skill_entry | Installing system requirements...
2021-10-28 07:39:21.468 | INFO     |  5357 | msm.skill_entry | Successfully installed mycroft-naptime
2021-10-28 07:39:21.471 | INFO     |  5357 | msm.mycroft_skills_manager | invalidating skills cache
2021-10-28 07:39:21.475 | INFO     |  5357 | msm.skill_entry | Downloading skill: https://github.com/mycroftai/skill-spelling
2021-10-28 07:39:21.530 | INFO     |  5357 | msm.skill_entry | Installing system requirements...
2021-10-28 07:39:21.598 | INFO     |  5357 | msm.skill_entry | Installing system requirements...
2021-10-28 07:39:21.684 | ERROR    |  5357 | msm.mycroft_skills_manager | Error running install_or_update on homeassistant.mycroftai: MergeConflict
2021-10-28 07:39:21.780 | INFO     |  5357 | msm.skill_entry | Successfully installed mycroft-hello-world
2021-10-28 07:39:21.781 | INFO     |  5357 | msm.mycroft_skills_manager | invalidating skills cache
2021-10-28 07:39:21.786 | INFO     |  5357 | msm.skill_entry | Downloading skill: https://github.com/mycroftai/skill-support
2021-10-28 07:39:21.795 | INFO     |  5357 | msm.skill_entry | Installing system requirements...
2021-10-28 07:39:21.837 | INFO     |  5357 | msm.skill_entry | Installing system requirements...
2021-10-28 07:39:21.840 | INFO     |  5357 | msm.skill_entry | Downloading skill: https://github.com/mycroftai/skill-stop
2021-10-28 07:39:21.841 | INFO     |  5357 | msm.skill_entry | Installing requirements.txt for mycroft-joke
2021-10-28 07:39:21.867 | INFO     |  5357 | msm.skill_entry | Installing system requirements...
2021-10-28 07:39:21.967 | INFO     |  5357 | msm.skill_entry | Installing system requirements...
2021-10-28 07:39:21.993 | INFO     |  5357 | msm.skill_entry | Successfully installed mycroft-playback-control
2021-10-28 07:39:21.994 | INFO     |  5357 | msm.mycroft_skills_manager | invalidating skills cache
2021-10-28 07:39:21.995 | INFO     |  5357 | msm.skill_entry | Downloading skill: https://github.com/mycroftai/mycroft-timer
2021-10-28 07:39:22.027 | INFO     |  5357 | msm.skill_entry | Successfully installed mycroft-personal
2021-10-28 07:39:22.027 | INFO     |  5357 | msm.mycroft_skills_manager | invalidating skills cache
2021-10-28 07:39:22.029 | INFO     |  5357 | msm.skill_entry | Downloading skill: https://github.com/mycroftai/skill-weather
2021-10-28 07:39:22.071 | INFO     |  5357 | msm.skill_entry | Installing requirements.txt for fallback-wolfram-alpha
2021-10-28 07:39:22.233 | INFO     |  5357 | msm.skill_entry | Installing requirements.txt for mycroft-audio-record
2021-10-28 07:39:22.740 | INFO     |  5357 | msm.skill_entry | Nothing new for mycroft-volume
2021-10-28 07:39:22.752 | INFO     |  5357 | msm.skill_entry | Nothing new for mycroft-pairing
2021-10-28 07:39:22.769 | INFO     |  5357 | msm.skill_entry | Installing system requirements...
2021-10-28 07:39:22.792 | INFO     |  5357 | msm.skill_entry | Installing system requirements...
2021-10-28 07:39:22.811 | INFO     |  5357 | msm.skill_entry | Installing system requirements...
2021-10-28 07:39:22.813 | INFO     |  5357 | msm.skill_entry | Installing requirements.txt for mycroft-configuration
2021-10-28 07:39:22.826 | INFO     |  5357 | msm.skill_entry | Installing system requirements...
2021-10-28 07:39:22.851 | INFO     |  5357 | msm.skill_entry | Downloading skill: https://github.com/mycroftai/skill-version-checker
2021-10-28 07:39:22.864 | INFO     |  5357 | msm.skill_entry | Successfully installed mycroft-reminder
2021-10-28 07:39:22.864 | INFO     |  5357 | msm.mycroft_skills_manager | invalidating skills cache
2021-10-28 07:39:22.865 | INFO     |  5357 | msm.skill_entry | Downloading skill: https://github.com/mycroftai/skill-wiki
2021-10-28 07:39:22.877 | INFO     |  5357 | msm.skill_entry | Installing requirements.txt for mycroft-npr-news
2021-10-28 07:39:22.936 | INFO     |  5357 | msm.skill_entry | Installing system requirements...
2021-10-28 07:39:22.948 | INFO     |  5357 | msm.skill_entry | Installing requirements.txt for mycroft-installer
2021-10-28 07:39:23.035 | INFO     |  5357 | msm.skill_entry | Installing system requirements...
2021-10-28 07:39:23.049 | INFO     |  5357 | msm.skill_entry | Installing system requirements...
2021-10-28 07:39:23.053 | INFO     |  5357 | msm.skill_entry | Installing requirements.txt for mycroft-date-time
2021-10-28 07:39:23.064 | INFO     |  5357 | msm.skill_entry | Installing requirements.txt for mycroft-volume
2021-10-28 07:39:23.115 | INFO     |  5357 | msm.skill_entry | Installing system requirements...
2021-10-28 07:39:23.179 | INFO     |  5357 | msm.skill_entry | Successfully installed mycroft-speak
2021-10-28 07:39:23.180 | INFO     |  5357 | msm.mycroft_skills_manager | invalidating skills cache
2021-10-28 07:39:23.200 | INFO     |  5357 | msm.skill_entry | Downloading skill: https://github.com/MycroftAI/skill-query
2021-10-28 07:39:23.270 | INFO     |  5357 | msm.skill_entry | Installing system requirements...
2021-10-28 07:39:23.323 | INFO     |  5357 | msm.skill_entry | Installing system requirements...
2021-10-28 07:39:23.347 | INFO     |  5357 | msm.skill_entry | Successfully installed mycroft-spelling
2021-10-28 07:39:23.348 | INFO     |  5357 | msm.mycroft_skills_manager | invalidating skills cache
2021-10-28 07:39:23.376 | INFO     |  5357 | msm.skill_entry | Installing requirements.txt for mycroft-alarm
2021-10-28 07:39:23.678 | INFO     |  5357 | msm.skill_entry | Installing system requirements...
2021-10-28 07:39:23.686 | INFO     |  5357 | msm.skill_entry | Installing system requirements...
2021-10-28 07:39:23.741 | INFO     |  5357 | msm.skill_entry | Successfully installed mycroft-stop
2021-10-28 07:39:23.741 | INFO     |  5357 | msm.mycroft_skills_manager | invalidating skills cache
2021-10-28 07:39:23.767 | INFO     |  5357 | msm.skill_entry | Installing requirements.txt for mycroft-support-helper
2021-10-28 07:39:23.905 | ERROR    |  5357 | msm.mycroft_skills_manager | Error running install_or_update on homeassistant: MergeConflict
2021-10-28 07:39:23.941 | INFO     |  5357 | msm.skill_entry | Installing system requirements...
2021-10-28 07:39:23.992 | INFO     |  5357 | msm.skill_entry | Installing system requirements...
2021-10-28 07:39:24.031 | INFO     |  5357 | msm.skill_entry | Successfully installed mycroft-timer
2021-10-28 07:39:24.032 | INFO     |  5357 | msm.mycroft_skills_manager | invalidating skills cache
2021-10-28 07:39:24.046 | INFO     |  5357 | msm.skill_entry | Installing system requirements...
2021-10-28 07:39:24.067 | INFO     |  5357 | msm.skill_entry | Installing system requirements...
2021-10-28 07:39:24.079 | INFO     |  5357 | msm.skill_entry | Successfully installed mycroft-singing
2021-10-28 07:39:24.080 | INFO     |  5357 | msm.mycroft_skills_manager | invalidating skills cache
2021-10-28 07:39:24.120 | INFO     |  5357 | msm.skill_entry | Installing requirements.txt for mycroft-wiki
2021-10-28 07:39:24.142 | INFO     |  5357 | msm.skill_entry | Installing system requirements...
2021-10-28 07:39:24.159 | INFO     |  5357 | msm.skill_entry | Successfully installed mycroft-version-checker
2021-10-28 07:39:24.159 | INFO     |  5357 | msm.mycroft_skills_manager | invalidating skills cache
2021-10-28 07:39:24.178 | INFO     |  5357 | msm.skill_entry | Successfully installed fallback-query
2021-10-28 07:39:24.179 | INFO     |  5357 | msm.mycroft_skills_manager | invalidating skills cache
2021-10-28 07:39:24.213 | INFO     |  5357 | msm.skill_entry | Installing system requirements...
2021-10-28 07:39:24.235 | INFO     |  5357 | msm.skill_entry | Installing requirements.txt for mycroft-weather
2021-10-28 07:39:24.309 | INFO     |  5357 | msm.skill_entry | Successfully installed mycroft-fallback-duck-duck-go
2021-10-28 07:39:24.310 | INFO     |  5357 | msm.mycroft_skills_manager | invalidating skills cache
2021-10-28 07:39:25.148 | INFO     |  5357 | msm.skill_entry | Successfully installed mycroft-ip
2021-10-28 07:39:25.148 | INFO     |  5357 | msm.mycroft_skills_manager | invalidating skills cache
2021-10-28 07:39:26.155 | INFO     |  5357 | msm.skill_entry | Successfully installed mycroft-joke
2021-10-28 07:39:26.155 | INFO     |  5357 | msm.mycroft_skills_manager | invalidating skills cache
2021-10-28 07:39:30.200 | INFO     |  5357 | msm.skill_entry | Successfully installed fallback-wolfram-alpha
2021-10-28 07:39:30.200 | INFO     |  5357 | msm.mycroft_skills_manager | invalidating skills cache
2021-10-28 07:39:31.189 | INFO     |  5357 | msm.skill_entry | Successfully installed mycroft-audio-record
2021-10-28 07:39:31.189 | INFO     |  5357 | msm.mycroft_skills_manager | invalidating skills cache
2021-10-28 07:39:33.692 | INFO     |  5357 | msm.skill_entry | Successfully installed mycroft-configuration
2021-10-28 07:39:33.693 | INFO     |  5357 | msm.mycroft_skills_manager | invalidating skills cache
2021-10-28 07:39:36.665 | INFO     |  5357 | msm.skill_entry | Successfully installed mycroft-npr-news
2021-10-28 07:39:36.666 | INFO     |  5357 | msm.mycroft_skills_manager | invalidating skills cache
2021-10-28 07:39:37.572 | INFO     |  5357 | msm.skill_entry | Successfully installed mycroft-installer
2021-10-28 07:39:37.572 | INFO     |  5357 | msm.mycroft_skills_manager | invalidating skills cache
2021-10-28 07:39:49.162 | INFO     |  5357 | PairingSkill | Initiating device pairing sequence...
2021-10-28 07:39:49.162 | INFO     |  5357 | PairingSkill | Retrieving pairing code from device API...
2021-10-28 07:39:49.653 | INFO     |  5357 | PairingSkill | Pairing code obtained: JF4YEN
2021-10-28 07:39:49.653 | INFO     |  5357 | PairingSkill | Communicating pairing URL to user
2021-10-28 07:39:53.264 | INFO     |  5357 | msm.skill_entry | Successfully installed mycroft-date-time
2021-10-28 07:39:53.264 | INFO     |  5357 | msm.mycroft_skills_manager | invalidating skills cache
2021-10-28 07:39:55.048 | INFO     |  5357 | msm.skill_entry | Successfully installed mycroft-alarm
2021-10-28 07:39:55.048 | INFO     |  5357 | msm.mycroft_skills_manager | invalidating skills cache
2021-10-28 07:39:57.142 | INFO     |  5357 | msm.skill_entry | Successfully installed mycroft-support-helper
2021-10-28 07:39:57.143 | INFO     |  5357 | msm.mycroft_skills_manager | invalidating skills cache
2021-10-28 07:39:58.985 | INFO     |  5357 | msm.skill_entry | Successfully installed mycroft-wiki
2021-10-28 07:39:58.986 | INFO     |  5357 | msm.mycroft_skills_manager | invalidating skills cache
2021-10-28 07:39:59.994 | INFO     |  5357 | msm.skill_entry | Successfully installed mycroft-weather
2021-10-28 07:39:59.994 | INFO     |  5357 | msm.mycroft_skills_manager | invalidating skills cache
2021-10-28 07:40:00.056 | INFO     |  5357 | mycroft.skills.skill_updater:_log_next_download_time:267 | Next scheduled skill update: 2021-10-28 08:40:00.056062
2021-10-28 07:40:00.056 | INFO     |  5357 | mycroft.skills.skill_updater:update_skills:170 | Skill update complete
2021-10-28 07:40:00.057 | INFO     |  5357 | mycroft.skills.skill_manager:_load_on_startup:273 | Loading installed skills...
2021-10-28 07:40:00.058 | INFO     |  5357 | mycroft.skills.skill_loader:load:185 | ATTEMPTING TO LOAD SKILL: mycroft-ip.mycroftai
2021-10-28 07:40:00.127 | INFO     |  5357 | mycroft.skills.settings:get_local_settings:83 | /opt/mycroft/skills/mycroft-ip.mycroftai/settings.json
2021-10-28 07:40:00.149 | INFO     |  5357 | mycroft.skills.skill_loader:_check_for_first_run:324 | First run of mycroft-ip.mycroftai
2021-10-28 07:40:00.149 | INFO     |  5357 | mycroft.skills.settings:save_settings:116 | Skill settings successfully saved to /home/runner/.config/mycroft/skills/mycroft-ip.mycroftai/settings.json
2021-10-28 07:40:00.150 | INFO     |  5357 | mycroft.skills.skill_loader:_communicate_load_status:344 | Skill mycroft-ip.mycroftai loaded successfully
2021-10-28 07:40:00.150 | INFO     |  5357 | mycroft.skills.skill_loader:load:185 | ATTEMPTING TO LOAD SKILL: mycroft-reminder.mycroftai
2021-10-28 07:40:00.194 | INFO     |  5357 | mycroft.skills.settings:get_local_settings:83 | /opt/mycroft/skills/mycroft-reminder.mycroftai/settings.json
2021-10-28 07:40:00.237 | INFO     |  5357 | mycroft.skills.skill_loader:_check_for_first_run:324 | First run of mycroft-reminder.mycroftai
2021-10-28 07:40:00.238 | INFO     |  5357 | mycroft.skills.settings:save_settings:116 | Skill settings successfully saved to /home/runner/.config/mycroft/skills/mycroft-reminder.mycroftai/settings.json
2021-10-28 07:40:00.238 | INFO     |  5357 | mycroft.skills.skill_loader:_communicate_load_status:344 | Skill mycroft-reminder.mycroftai loaded successfully
2021-10-28 07:40:00.239 | INFO     |  5357 | mycroft.skills.skill_loader:load:185 | ATTEMPTING TO LOAD SKILL: mycroft-installer.mycroftai
2021-10-28 07:40:00.247 | INFO     |  5357 | mycroft.skills.settings:get_local_settings:83 | /opt/mycroft/skills/mycroft-installer.mycroftai/settings.json
2021-10-28 07:40:00.268 | INFO     |  5357 | mycroft.skills.skill_loader:_check_for_first_run:324 | First run of mycroft-installer.mycroftai
2021-10-28 07:40:00.269 | INFO     |  5357 | mycroft.skills.settings:save_settings:116 | Skill settings successfully saved to /home/runner/.config/mycroft/skills/mycroft-installer.mycroftai/settings.json
2021-10-28 07:40:00.277 | INFO     |  5357 | mycroft.skills.skill_loader:_communicate_load_status:344 | Skill mycroft-installer.mycroftai loaded successfully
2021-10-28 07:40:00.277 | INFO     |  5357 | mycroft.skills.skill_loader:load:185 | ATTEMPTING TO LOAD SKILL: mycroft-version-checker.mycroftai
2021-10-28 07:40:00.287 | INFO     |  5357 | mycroft.skills.settings:get_local_settings:83 | /opt/mycroft/skills/mycroft-version-checker.mycroftai/settings.json
2021-10-28 07:40:00.308 | INFO     |  5357 | mycroft.skills.skill_loader:_check_for_first_run:324 | First run of mycroft-version-checker.mycroftai
2021-10-28 07:40:00.308 | INFO     |  5357 | mycroft.skills.settings:save_settings:116 | Skill settings successfully saved to /home/runner/.config/mycroft/skills/mycroft-version-checker.mycroftai/settings.json
2021-10-28 07:40:00.312 | INFO     |  5357 | mycroft.skills.skill_loader:_communicate_load_status:344 | Skill mycroft-version-checker.mycroftai loaded successfully
2021-10-28 07:40:00.312 | INFO     |  5357 | mycroft.skills.skill_loader:load:185 | ATTEMPTING TO LOAD SKILL: mycroft-singing.mycroftai
2021-10-28 07:40:00.316 | INFO     |  5357 | mycroft.skills.settings:get_local_settings:83 | /opt/mycroft/skills/mycroft-singing.mycroftai/settings.json
2021-10-28 07:40:00.327 | INFO     |  5357 | mycroft.skills.skill_loader:_check_for_first_run:324 | First run of mycroft-singing.mycroftai
2021-10-28 07:40:00.328 | INFO     |  5357 | mycroft.skills.settings:save_settings:116 | Skill settings successfully saved to /home/runner/.config/mycroft/skills/mycroft-singing.mycroftai/settings.json
2021-10-28 07:40:00.328 | INFO     |  5357 | mycroft.skills.skill_loader:_communicate_load_status:344 | Skill mycroft-singing.mycroftai loaded successfully
2021-10-28 07:40:00.329 | INFO     |  5357 | mycroft.skills.skill_loader:load:185 | ATTEMPTING TO LOAD SKILL: mycroft-joke.mycroftai
2021-10-28 07:40:00.350 | INFO     |  5357 | mycroft.skills.settings:get_local_settings:83 | /opt/mycroft/skills/mycroft-joke.mycroftai/settings.json
2021-10-28 07:40:00.364 | INFO     |  5357 | mycroft.skills.skill_loader:_check_for_first_run:324 | First run of mycroft-joke.mycroftai
2021-10-28 07:40:00.365 | INFO     |  5357 | mycroft.skills.settings:save_settings:116 | Skill settings successfully saved to /home/runner/.config/mycroft/skills/mycroft-joke.mycroftai/settings.json
2021-10-28 07:40:00.366 | INFO     |  5357 | mycroft.skills.skill_loader:_communicate_load_status:344 | Skill mycroft-joke.mycroftai loaded successfully
2021-10-28 07:40:00.366 | INFO     |  5357 | mycroft.skills.skill_loader:load:185 | ATTEMPTING TO LOAD SKILL: mycroft-timer.mycroftai
2021-10-28 07:40:00.388 | INFO     |  5357 | mycroft.skills.settings:get_local_settings:83 | /opt/mycroft/skills/mycroft-timer.mycroftai/settings.json
2021-10-28 07:40:00.475 | INFO     |  5357 | mycroft.skills.skill_loader:_check_for_first_run:324 | First run of mycroft-timer.mycroftai
2021-10-28 07:40:00.477 | INFO     |  5357 | mycroft.skills.settings:save_settings:116 | Skill settings successfully saved to /home/runner/.config/mycroft/skills/mycroft-timer.mycroftai/settings.json
2021-10-28 07:40:00.480 | INFO     |  5357 | mycroft.skills.skill_loader:_communicate_load_status:344 | Skill mycroft-timer.mycroftai loaded successfully
2021-10-28 07:40:00.481 | INFO     |  5357 | mycroft.skills.skill_loader:load:185 | ATTEMPTING TO LOAD SKILL: homeassistant.mycroftai
2021-10-28 07:40:00.790 | INFO     |  5357 | mycroft.skills.settings:get_local_settings:83 | /opt/mycroft/skills/homeassistant.mycroftai/settings.json
2021-10-28 07:40:00.791 | INFO     |  5357 | mycroft.skills.settings:get_local_settings:83 | /opt/mycroft/skills/homeassistant.mycroftai/settings.json
2021-10-28 07:40:00.863 | INFO     |  5357 | mycroft.skills.skill_loader:_communicate_load_status:344 | Skill homeassistant.mycroftai loaded successfully
2021-10-28 07:40:00.863 | INFO     |  5357 | mycroft.skills.skill_loader:load:185 | ATTEMPTING TO LOAD SKILL: mycroft-alarm.mycroftai
2021-10-28 07:40:00.888 | INFO     |  5357 | mycroft.skills.settings:get_local_settings:83 | /opt/mycroft/skills/mycroft-alarm.mycroftai/settings.json
2021-10-28 07:40:00.888 | ERROR    |  5357 | AlarmSkill | Couldn't allocate mixer, ALSAAudioError('No such file or directory [default]')
2021-10-28 07:40:00.969 | INFO     |  5357 | mycroft.skills.skill_loader:_check_for_first_run:324 | First run of mycroft-alarm.mycroftai
2021-10-28 07:40:00.970 | INFO     |  5357 | mycroft.skills.settings:save_settings:116 | Skill settings successfully saved to /home/runner/.config/mycroft/skills/mycroft-alarm.mycroftai/settings.json
2021-10-28 07:40:00.976 | INFO     |  5357 | mycroft.skills.skill_loader:_communicate_load_status:344 | Skill mycroft-alarm.mycroftai loaded successfully
2021-10-28 07:40:00.976 | INFO     |  5357 | mycroft.skills.skill_loader:load:185 | ATTEMPTING TO LOAD SKILL: mycroft-naptime.mycroftai
2021-10-28 07:40:00.988 | INFO     |  5357 | mycroft.skills.settings:get_local_settings:83 | /opt/mycroft/skills/mycroft-naptime.mycroftai/settings.json
2021-10-28 07:40:01.005 | INFO     |  5357 | mycroft.skills.skill_loader:_check_for_first_run:324 | First run of mycroft-naptime.mycroftai
2021-10-28 07:40:01.005 | INFO     |  5357 | mycroft.skills.settings:save_settings:116 | Skill settings successfully saved to /home/runner/.config/mycroft/skills/mycroft-naptime.mycroftai/settings.json
2021-10-28 07:40:01.006 | INFO     |  5357 | mycroft.skills.skill_loader:_communicate_load_status:344 | Skill mycroft-naptime.mycroftai loaded successfully
2021-10-28 07:40:01.006 | INFO     |  5357 | mycroft.skills.skill_loader:load:185 | ATTEMPTING TO LOAD SKILL: mycroft-spelling.mycroftai
2021-10-28 07:40:01.009 | INFO     |  5357 | mycroft.skills.settings:get_local_settings:83 | /opt/mycroft/skills/mycroft-spelling.mycroftai/settings.json
2021-10-28 07:40:01.039 | INFO     |  5357 | mycroft.skills.skill_loader:_check_for_first_run:324 | First run of mycroft-spelling.mycroftai
2021-10-28 07:40:01.039 | INFO     |  5357 | mycroft.skills.settings:save_settings:116 | Skill settings successfully saved to /home/runner/.config/mycroft/skills/mycroft-spelling.mycroftai/settings.json
2021-10-28 07:40:01.040 | INFO     |  5357 | mycroft.skills.skill_loader:_communicate_load_status:344 | Skill mycroft-spelling.mycroftai loaded successfully
2021-10-28 07:40:01.040 | INFO     |  5357 | mycroft.skills.skill_loader:load:185 | ATTEMPTING TO LOAD SKILL: mycroft-fallback-duck-duck-go.mycroftai
2021-10-28 07:40:01.069 | INFO     |  5357 | mycroft.skills.settings:get_local_settings:83 | /opt/mycroft/skills/mycroft-fallback-duck-duck-go.mycroftai/settings.json
2021-10-28 07:40:01.096 | INFO     |  5357 | mycroft.skills.skill_loader:_check_for_first_run:324 | First run of mycroft-fallback-duck-duck-go.mycroftai
2021-10-28 07:40:01.097 | INFO     |  5357 | mycroft.skills.settings:save_settings:116 | Skill settings successfully saved to /home/runner/.config/mycroft/skills/mycroft-fallback-duck-duck-go.mycroftai/settings.json
2021-10-28 07:40:01.097 | INFO     |  5357 | mycroft.skills.skill_loader:_communicate_load_status:344 | Skill mycroft-fallback-duck-duck-go.mycroftai loaded successfully
2021-10-28 07:40:01.098 | INFO     |  5357 | mycroft.skills.skill_loader:load:185 | ATTEMPTING TO LOAD SKILL: mycroft-npr-news.mycroftai
2021-10-28 07:40:01.208 | INFO     |  5357 | mycroft.skills.settings:get_local_settings:83 | /opt/mycroft/skills/mycroft-npr-news.mycroftai/settings.json
2021-10-28 07:40:02.224 | INFO     |  5357 | mycroft.skills.skill_loader:_check_for_first_run:324 | First run of mycroft-npr-news.mycroftai
2021-10-28 07:40:02.225 | INFO     |  5357 | mycroft.skills.settings:save_settings:116 | Skill settings successfully saved to /home/runner/.config/mycroft/skills/mycroft-npr-news.mycroftai/settings.json
2021-10-28 07:40:02.225 | INFO     |  5357 | mycroft.skills.skill_loader:_communicate_load_status:344 | Skill mycroft-npr-news.mycroftai loaded successfully
2021-10-28 07:40:02.226 | INFO     |  5357 | mycroft.skills.skill_loader:load:185 | ATTEMPTING TO LOAD SKILL: mycroft-support-helper.mycroftai
2021-10-28 07:40:02.240 | INFO     |  5357 | mycroft.skills.settings:get_local_settings:83 | /opt/mycroft/skills/mycroft-support-helper.mycroftai/settings.json
2021-10-28 07:40:02.252 | INFO     |  5357 | mycroft.skills.skill_loader:_check_for_first_run:324 | First run of mycroft-support-helper.mycroftai
2021-10-28 07:40:02.253 | INFO     |  5357 | mycroft.skills.settings:save_settings:116 | Skill settings successfully saved to /home/runner/.config/mycroft/skills/mycroft-support-helper.mycroftai/settings.json
2021-10-28 07:40:02.278 | INFO     |  5357 | mycroft.skills.skill_loader:_communicate_load_status:344 | Skill mycroft-support-helper.mycroftai loaded successfully
2021-10-28 07:40:02.278 | INFO     |  5357 | mycroft.skills.skill_loader:load:185 | ATTEMPTING TO LOAD SKILL: mycroft-weather.mycroftai
2021-10-28 07:40:02.300 | INFO     |  5357 | mycroft.skills.settings:get_local_settings:83 | /opt/mycroft/skills/mycroft-weather.mycroftai/settings.json
2021-10-28 07:40:02.397 | INFO     |  5357 | mycroft.skills.skill_loader:_check_for_first_run:324 | First run of mycroft-weather.mycroftai
2021-10-28 07:40:02.398 | INFO     |  5357 | mycroft.skills.settings:save_settings:116 | Skill settings successfully saved to /home/runner/.config/mycroft/skills/mycroft-weather.mycroftai/settings.json
2021-10-28 07:40:02.425 | INFO     |  5357 | mycroft.skills.skill_loader:_communicate_load_status:344 | Skill mycroft-weather.mycroftai loaded successfully
2021-10-28 07:40:02.426 | INFO     |  5357 | mycroft.skills.skill_loader:load:185 | ATTEMPTING TO LOAD SKILL: mycroft-speak.mycroftai
2021-10-28 07:40:02.443 | INFO     |  5357 | mycroft.skills.settings:get_local_settings:83 | /opt/mycroft/skills/mycroft-speak.mycroftai/settings.json
2021-10-28 07:40:02.484 | INFO     |  5357 | mycroft.skills.skill_loader:_check_for_first_run:324 | First run of mycroft-speak.mycroftai
2021-10-28 07:40:02.486 | INFO     |  5357 | mycroft.skills.settings:save_settings:116 | Skill settings successfully saved to /home/runner/.config/mycroft/skills/mycroft-speak.mycroftai/settings.json
2021-10-28 07:40:02.527 | INFO     |  5357 | mycroft.skills.skill_loader:_communicate_load_status:344 | Skill mycroft-speak.mycroftai loaded successfully
2021-10-28 07:40:02.528 | INFO     |  5357 | mycroft.skills.skill_loader:load:185 | ATTEMPTING TO LOAD SKILL: mycroft-audio-record.mycroftai
2021-10-28 07:40:02.543 | INFO     |  5357 | mycroft.skills.settings:get_local_settings:83 | /opt/mycroft/skills/mycroft-audio-record.mycroftai/settings.json
2021-10-28 07:40:02.598 | INFO     |  5357 | mycroft.skills.skill_loader:_check_for_first_run:324 | First run of mycroft-audio-record.mycroftai
2021-10-28 07:40:02.602 | INFO     |  5357 | mycroft.skills.settings:save_settings:116 | Skill settings successfully saved to /home/runner/.config/mycroft/skills/mycroft-audio-record.mycroftai/settings.json
2021-10-28 07:40:02.626 | INFO     |  5357 | mycroft.skills.skill_loader:_communicate_load_status:344 | Skill mycroft-audio-record.mycroftai loaded successfully
2021-10-28 07:40:02.628 | INFO     |  5357 | mycroft.skills.skill_loader:load:185 | ATTEMPTING TO LOAD SKILL: mycroft-stop.mycroftai
2021-10-28 07:40:02.639 | INFO     |  5357 | mycroft.skills.settings:get_local_settings:83 | /opt/mycroft/skills/mycroft-stop.mycroftai/settings.json
2021-10-28 07:40:02.693 | INFO     |  5357 | mycroft.skills.skill_loader:_check_for_first_run:324 | First run of mycroft-stop.mycroftai
2021-10-28 07:40:02.694 | INFO     |  5357 | mycroft.skills.settings:save_settings:116 | Skill settings successfully saved to /home/runner/.config/mycroft/skills/mycroft-stop.mycroftai/settings.json
2021-10-28 07:40:02.731 | INFO     |  5357 | mycroft.skills.skill_loader:_communicate_load_status:344 | Skill mycroft-stop.mycroftai loaded successfully
2021-10-28 07:40:02.734 | INFO     |  5357 | mycroft.skills.skill_loader:load:185 | ATTEMPTING TO LOAD SKILL: mycroft-hello-world.mycroftai
2021-10-28 07:40:02.744 | INFO     |  5357 | mycroft.skills.settings:get_local_settings:83 | /opt/mycroft/skills/mycroft-hello-world.mycroftai/settings.json
2021-10-28 07:40:02.787 | INFO     |  5357 | mycroft.skills.skill_loader:_check_for_first_run:324 | First run of mycroft-hello-world.mycroftai
2021-10-28 07:40:02.788 | INFO     |  5357 | mycroft.skills.settings:save_settings:116 | Skill settings successfully saved to /home/runner/.config/mycroft/skills/mycroft-hello-world.mycroftai/settings.json
2021-10-28 07:40:02.839 | INFO     |  5357 | mycroft.skills.skill_loader:_communicate_load_status:344 | Skill mycroft-hello-world.mycroftai loaded successfully
2021-10-28 07:40:02.839 | INFO     |  5357 | mycroft.skills.skill_loader:load:185 | ATTEMPTING TO LOAD SKILL: mycroft-date-time.mycroftai
2021-10-28 07:40:03.655 | INFO     |  5357 | mycroft.skills.settings:get_local_settings:83 | /opt/mycroft/skills/mycroft-date-time.mycroftai/settings.json
2021-10-28 07:40:03.676 | INFO     |  5357 | TimeSkill | Registering resting screen <bound method TimeSkill.handle_idle of <mycroft-date-time_mycroftai.TimeSkill object at 0x7f8e2046e110>> for Time and Date.
2021-10-28 07:40:03.678 | INFO     |  5357 | TimeSkill | Registering resting screen
2021-10-28 07:40:03.683 | INFO     |  5357 | mycroft.skills.skill_loader:_check_for_first_run:324 | First run of mycroft-date-time.mycroftai
2021-10-28 07:40:03.684 | INFO     |  5357 | mycroft.skills.settings:save_settings:116 | Skill settings successfully saved to /home/runner/.config/mycroft/skills/mycroft-date-time.mycroftai/settings.json
2021-10-28 07:40:03.685 | INFO     |  5357 | mycroft.skills.skill_loader:_communicate_load_status:344 | Skill mycroft-date-time.mycroftai loaded successfully
2021-10-28 07:40:03.685 | INFO     |  5357 | mycroft.skills.skill_loader:load:185 | ATTEMPTING TO LOAD SKILL: mycroft-configuration.mycroftai
2021-10-28 07:40:03.692 | INFO     |  5357 | mycroft.skills.settings:get_local_settings:83 | /opt/mycroft/skills/mycroft-configuration.mycroftai/settings.json
2021-10-28 07:40:03.722 | INFO     |  5357 | mycroft.skills.skill_loader:_check_for_first_run:324 | First run of mycroft-configuration.mycroftai
2021-10-28 07:40:03.723 | INFO     |  5357 | mycroft.skills.settings:save_settings:116 | Skill settings successfully saved to /home/runner/.config/mycroft/skills/mycroft-configuration.mycroftai/settings.json
2021-10-28 07:40:03.723 | INFO     |  5357 | mycroft.skills.skill_loader:_communicate_load_status:344 | Skill mycroft-configuration.mycroftai loaded successfully
2021-10-28 07:40:03.724 | INFO     |  5357 | mycroft.skills.skill_loader:load:185 | ATTEMPTING TO LOAD SKILL: fallback-query.mycroftai
2021-10-28 07:40:03.730 | INFO     |  5357 | mycroft.skills.settings:get_local_settings:83 | /opt/mycroft/skills/fallback-query.mycroftai/settings.json
2021-10-28 07:40:03.739 | INFO     |  5357 | mycroft.skills.skill_loader:_check_for_first_run:324 | First run of fallback-query.mycroftai
2021-10-28 07:40:03.740 | INFO     |  5357 | mycroft.skills.settings:save_settings:116 | Skill settings successfully saved to /home/runner/.config/mycroft/skills/fallback-query.mycroftai/settings.json
2021-10-28 07:40:03.741 | INFO     |  5357 | mycroft.skills.skill_loader:_communicate_load_status:344 | Skill fallback-query.mycroftai loaded successfully
2021-10-28 07:40:03.743 | INFO     |  5357 | mycroft.skills.skill_loader:load:185 | ATTEMPTING TO LOAD SKILL: mycroft-personal.mycroftai
2021-10-28 07:40:03.748 | INFO     |  5357 | mycroft.skills.settings:get_local_settings:83 | /opt/mycroft/skills/mycroft-personal.mycroftai/settings.json
2021-10-28 07:40:03.763 | INFO     |  5357 | mycroft.skills.skill_loader:_check_for_first_run:324 | First run of mycroft-personal.mycroftai
2021-10-28 07:40:03.764 | INFO     |  5357 | mycroft.skills.settings:save_settings:116 | Skill settings successfully saved to /home/runner/.config/mycroft/skills/mycroft-personal.mycroftai/settings.json
2021-10-28 07:40:03.764 | INFO     |  5357 | mycroft.skills.skill_loader:_communicate_load_status:344 | Skill mycroft-personal.mycroftai loaded successfully
2021-10-28 07:40:03.764 | INFO     |  5357 | mycroft.skills.skill_loader:load:185 | ATTEMPTING TO LOAD SKILL: fallback-wolfram-alpha.mycroftai
2021-10-28 07:40:03.854 | INFO     |  5357 | mycroft.skills.settings:get_local_settings:83 | /opt/mycroft/skills/fallback-wolfram-alpha.mycroftai/settings.json
2021-10-28 07:40:03.882 | INFO     |  5357 | mycroft.skills.skill_loader:_check_for_first_run:324 | First run of fallback-wolfram-alpha.mycroftai
2021-10-28 07:40:03.883 | INFO     |  5357 | mycroft.skills.settings:save_settings:116 | Skill settings successfully saved to /home/runner/.config/mycroft/skills/fallback-wolfram-alpha.mycroftai/settings.json
2021-10-28 07:40:03.886 | INFO     |  5357 | mycroft.skills.skill_loader:_communicate_load_status:344 | Skill fallback-wolfram-alpha.mycroftai loaded successfully
2021-10-28 07:40:03.887 | INFO     |  5357 | mycroft.skills.skill_loader:load:185 | ATTEMPTING TO LOAD SKILL: mycroft-wiki.mycroftai
2021-10-28 07:40:03.904 | INFO     |  5357 | mycroft.skills.settings:get_local_settings:83 | /opt/mycroft/skills/mycroft-wiki.mycroftai/settings.json
2021-10-28 07:40:03.927 | INFO     |  5357 | mycroft.skills.skill_loader:_check_for_first_run:324 | First run of mycroft-wiki.mycroftai
2021-10-28 07:40:03.927 | INFO     |  5357 | mycroft.skills.settings:save_settings:116 | Skill settings successfully saved to /home/runner/.config/mycroft/skills/mycroft-wiki.mycroftai/settings.json
2021-10-28 07:40:03.939 | INFO     |  5357 | mycroft.skills.skill_loader:_communicate_load_status:344 | Skill mycroft-wiki.mycroftai loaded successfully
2021-10-28 07:40:03.942 | INFO     |  5357 | mycroft.skills.skill_loader:load:185 | ATTEMPTING TO LOAD SKILL: fallback-unknown.mycroftai
2021-10-28 07:40:03.954 | INFO     |  5357 | mycroft.skills.settings:get_local_settings:83 | /opt/mycroft/skills/fallback-unknown.mycroftai/settings.json
2021-10-28 07:40:03.986 | INFO     |  5357 | mycroft.skills.skill_loader:_check_for_first_run:324 | First run of fallback-unknown.mycroftai
2021-10-28 07:40:03.987 | INFO     |  5357 | mycroft.skills.settings:save_settings:116 | Skill settings successfully saved to /home/runner/.config/mycroft/skills/fallback-unknown.mycroftai/settings.json
2021-10-28 07:40:03.987 | INFO     |  5357 | mycroft.skills.skill_loader:_communicate_load_status:344 | Skill fallback-unknown.mycroftai loaded successfully
2021-10-28 07:40:03.991 | INFO     |  5357 | mycroft.skills.skill_loader:load:185 | ATTEMPTING TO LOAD SKILL: mycroft-playback-control.mycroftai
2021-10-28 07:40:03.997 | INFO     |  5357 | mycroft.skills.settings:get_local_settings:83 | /opt/mycroft/skills/mycroft-playback-control.mycroftai/settings.json
2021-10-28 07:40:04.055 | INFO     |  5357 | mycroft.skills.skill_loader:_check_for_first_run:324 | First run of mycroft-playback-control.mycroftai
2021-10-28 07:40:04.056 | INFO     |  5357 | mycroft.skills.settings:save_settings:116 | Skill settings successfully saved to /home/runner/.config/mycroft/skills/mycroft-playback-control.mycroftai/settings.json
2021-10-28 07:40:04.060 | INFO     |  5357 | mycroft.skills.skill_loader:_communicate_load_status:344 | Skill mycroft-playback-control.mycroftai loaded successfully
2021-10-28 07:40:04.061 | INFO     |  5357 | mycroft.skills.skill_manager:_load_on_startup:275 | Skills all loaded!
2021-10-28 07:40:04.155 | INFO     |  5357 | __main__:on_ready:185 | Skills service is ready.
2021-10-28 07:40:04.308 | INFO     |  5357 | mycroft.skills.intent_services.padatious_service:train:151 | Training... (single_thread=False)
Regenerated mycroft-alarm.mycroftai:{daytype}.
Regenerated mycroft-reminder.mycroftai:GetNextReminders.intent.
Regenerated mycroft-reminder.mycroftai:Reminder.intent.
Regenerated mycroft-reminder.mycroftai:ClearReminders.intent.
Regenerated mycroft-reminder.mycroftai:CancelActiveReminder.intent.
Regenerated mycroft-reminder.mycroftai:UnspecifiedReminderAt.intent.
Regenerated mycroft-reminder.mycroftai:DeleteReminderForDay.intent.
Regenerated mycroft-reminder.mycroftai:GetRemindersForDay.intent.
Regenerated mycroft-reminder.mycroftai:ReminderAt.intent.
Regenerated homeassistant.mycroftai:cover.stop.intent.
Regenerated homeassistant.mycroftai:sensor.intent.
Regenerated homeassistant.mycroftai:automation.intent.
Regenerated homeassistant.mycroftai:set.light.brightness.intent.
Regenerated homeassistant.mycroftai:set.climate.intent.
Regenerated homeassistant.mycroftai:cover.open.intent.
Regenerated homeassistant.mycroftai:tracker.intent.
Regenerated mycroft-alarm.mycroftai:change.alarm.sound.intent.
Regenerated mycroft-configuration.mycroftai:DisablePreciseDev.intent.
Regenerated mycroft-configuration.mycroftai:WhereAreYou.intent.
Regenerated mycroft-configuration.mycroftai:EnablePreciseDev.intent.
Regenerated mycroft-personal.mycroftai:WhereWereYouBorn.intent.
Regenerated mycroft-personal.mycroftai:DoYouRhyme.intent.
Regenerated mycroft-personal.mycroftai:WhoMadeYou.intent.
Regenerated mycroft-personal.mycroftai:WhoAreYou.intent.
Regenerated mycroft-personal.mycroftai:DoYouDream.intent.
Regenerated mycroft-personal.mycroftai:WhatAreYou.intent.
Regenerated mycroft-personal.mycroftai:WhenWereYouBorn.intent.
Regenerated mycroft-wiki.mycroftai:Random.intent.
Regenerated mycroft-reminder.mycroftai:SnoozeReminder.intent.
Regenerated mycroft-installer.mycroftai:install.custom.intent.
Regenerated mycroft-installer.mycroftai:install.intent.
Regenerated mycroft-installer.mycroftai:is.installed.intent.
Regenerated mycroft-installer.mycroftai:list.skills.intent.
Regenerated mycroft-installer.mycroftai:install.beta.intent.
Regenerated mycroft-installer.mycroftai:remove.intent.
Regenerated mycroft-timer.mycroftai:start.timer.intent.
Regenerated mycroft-timer.mycroftai:timer.status.intent.
Regenerated homeassistant.mycroftai:turn.off.intent.
Regenerated homeassistant.mycroftai:increase.light.brightness.intent.
Regenerated homeassistant.mycroftai:turn.on.intent.
Regenerated homeassistant.mycroftai:add.item.shopping.list.intent.
Regenerated homeassistant.mycroftai:cover.close.intent.
Regenerated homeassistant.mycroftai:decrease.light.brightness.intent.
Regenerated homeassistant.mycroftai:toggle.intent.
Regenerated mycroft-alarm.mycroftai:snooze.intent.
Regenerated mycroft-npr-news.mycroftai:PlayTheNews.intent.
Regenerated mycroft-support-helper.mycroftai:contact.support.intent.
Regenerated mycroft-weather.mycroftai:do-i-need-an-umbrella.intent.
Regenerated mycroft-audio-record.mycroftai:StartRecording.intent.
Regenerated mycroft-audio-record.mycroftai:PlayRecording.intent.
Regenerated mycroft-stop.mycroftai:ssh.enable.intent.
Regenerated mycroft-stop.mycroftai:wifi.setup.intent.
Regenerated mycroft-stop.mycroftai:shutdown.intent.
Regenerated mycroft-stop.mycroftai:reboot.intent.
Regenerated mycroft-stop.mycroftai:ssh.disable.intent.
Regenerated mycroft-hello-world.mycroftai:HowAreYou.intent.
Regenerated mycroft-date-time.mycroftai:what.time.will.it.be.intent.
Regenerated mycroft-date-time.mycroftai:what.time.is.it.intent.
Regenerated mycroft-date-time.mycroftai:date.last.weekend.intent.
Regenerated mycroft-date-time.mycroftai:date.future.weekend.intent.
2021-10-28 07:40:07.079 | INFO     |  5357 | mycroft.skills.intent_services.padatious_service:train:153 | Training complete.
2021-10-28 07:40:19.997 | INFO     |  5357 | mycroft.skills.settings:save_settings:116 | Skill settings successfully saved to /home/runner/.config/mycroft/skills/mycroft-pairing.mycroftai/settings.json
2021-10-28 07:40:20.297 | INFO     |  5357 | mycroft.skills.settings:save_settings:116 | Skill settings successfully saved to /home/runner/.config/mycroft/skills/mycroft-timer.mycroftai/settings.json
2021-10-28 07:40:44.222 | INFO     |  5357 | __main__:on_stopping:193 | Skills service is shutting down...
2021-10-28 07:40:44.223 | INFO     |  5357 | __main__:shutdown:284 | Shutting down Skills service
2021-10-28 07:40:44.233 | ERROR    |  5357 | VolumeSkill | Couldn't allocate mixer, ALSAAudioError('No such file or directory [default]')
2021-10-28 07:40:44.235 | INFO     |  5357 | mycroft.skills.settings:save_settings:116 | Skill settings successfully saved to /home/runner/.config/mycroft/skills/mycroft-volume.mycroftai/settings.json
2021-10-28 07:40:44.237 | INFO     |  5357 | mycroft.skills.settings:save_settings:116 | Skill settings successfully saved to /home/runner/.config/mycroft/skills/mycroft-ip.mycroftai/settings.json
2021-10-28 07:40:44.246 | INFO     |  5357 | mycroft.skills.settings:save_settings:116 | Skill settings successfully saved to /home/runner/.config/mycroft/skills/mycroft-reminder.mycroftai/settings.json
2021-10-28 07:40:44.262 | INFO     |  5357 | mycroft.skills.settings:save_settings:116 | Skill settings successfully saved to /home/runner/.config/mycroft/skills/mycroft-installer.mycroftai/settings.json
2021-10-28 07:40:44.264 | INFO     |  5357 | mycroft.skills.settings:save_settings:116 | Skill settings successfully saved to /home/runner/.config/mycroft/skills/mycroft-version-checker.mycroftai/settings.json
2021-10-28 07:40:44.280 | INFO     |  5357 | mycroft.skills.settings:save_settings:116 | Skill settings successfully saved to /home/runner/.config/mycroft/skills/mycroft-singing.mycroftai/settings.json
2021-10-28 07:40:44.287 | INFO     |  5357 | mycroft.skills.settings:save_settings:116 | Skill settings successfully saved to /home/runner/.config/mycroft/skills/mycroft-joke.mycroftai/settings.json
2021-10-28 07:40:44.289 | INFO     |  5357 | HomeAssistantSkill | Removing all handlers...
2021-10-28 07:40:44.289 | WARNING  |  5357 | mycroft.skills.fallback_skill:remove_fallback:185 | Could not find matching fallback handler
2021-10-28 07:40:44.291 | INFO     |  5357 | mycroft.skills.settings:save_settings:116 | Skill settings successfully saved to /home/runner/.config/mycroft/skills/mycroft-alarm.mycroftai/settings.json
2021-10-28 07:40:44.320 | INFO     |  5357 | mycroft.skills.settings:save_settings:116 | Skill settings successfully saved to /home/runner/.config/mycroft/skills/mycroft-naptime.mycroftai/settings.json
2021-10-28 07:40:44.321 | INFO     |  5357 | mycroft.skills.settings:save_settings:116 | Skill settings successfully saved to /home/runner/.config/mycroft/skills/mycroft-spelling.mycroftai/settings.json
2021-10-28 07:40:44.330 | INFO     |  5357 | mycroft.skills.settings:save_settings:116 | Skill settings successfully saved to /home/runner/.config/mycroft/skills/mycroft-fallback-duck-duck-go.mycroftai/settings.json
2021-10-28 07:40:44.346 | INFO     |  5357 | mycroft.skills.settings:save_settings:116 | Skill settings successfully saved to /home/runner/.config/mycroft/skills/mycroft-npr-news.mycroftai/settings.json
2021-10-28 07:40:44.355 | INFO     |  5357 | mycroft.skills.settings:save_settings:116 | Skill settings successfully saved to /home/runner/.config/mycroft/skills/mycroft-support-helper.mycroftai/settings.json
2021-10-28 07:40:44.357 | INFO     |  5357 | mycroft.skills.settings:save_settings:116 | Skill settings successfully saved to /home/runner/.config/mycroft/skills/mycroft-weather.mycroftai/settings.json
2021-10-28 07:40:44.359 | INFO     |  5357 | mycroft.skills.settings:save_settings:116 | Skill settings successfully saved to /home/runner/.config/mycroft/skills/mycroft-speak.mycroftai/settings.json
2021-10-28 07:40:44.368 | INFO     |  5357 | mycroft.skills.settings:save_settings:116 | Skill settings successfully saved to /home/runner/.config/mycroft/skills/mycroft-audio-record.mycroftai/settings.json
2021-10-28 07:40:44.370 | INFO     |  5357 | mycroft.skills.settings:save_settings:116 | Skill settings successfully saved to /home/runner/.config/mycroft/skills/mycroft-stop.mycroftai/settings.json
2021-10-28 07:40:44.371 | INFO     |  5357 | mycroft.skills.settings:save_settings:116 | Skill settings successfully saved to /home/runner/.config/mycroft/skills/mycroft-hello-world.mycroftai/settings.json
2021-10-28 07:40:44.391 | INFO     |  5357 | mycroft.skills.settings:save_settings:116 | Skill settings successfully saved to /home/runner/.config/mycroft/skills/mycroft-date-time.mycroftai/settings.json
2021-10-28 07:40:44.409 | INFO     |  5357 | mycroft.skills.settings:save_settings:116 | Skill settings successfully saved to /home/runner/.config/mycroft/skills/mycroft-configuration.mycroftai/settings.json
2021-10-28 07:40:44.417 | INFO     |  5357 | QuestionsAnswersSkill | Removing all handlers...
2021-10-28 07:40:44.418 | INFO     |  5357 | mycroft.skills.settings:save_settings:116 | Skill settings successfully saved to /home/runner/.config/mycroft/skills/fallback-query.mycroftai/settings.json
2021-10-28 07:40:44.427 | INFO     |  5357 | mycroft.skills.settings:save_settings:116 | Skill settings successfully saved to /home/runner/.config/mycroft/skills/mycroft-personal.mycroftai/settings.json
2021-10-28 07:40:44.434 | INFO     |  5357 | mycroft.skills.settings:save_settings:116 | Skill settings successfully saved to /home/runner/.config/mycroft/skills/fallback-wolfram-alpha.mycroftai/settings.json
2021-10-28 07:40:44.442 | INFO     |  5357 | mycroft.skills.settings:save_settings:116 | Skill settings successfully saved to /home/runner/.config/mycroft/skills/mycroft-wiki.mycroftai/settings.json
2021-10-28 07:40:44.443 | INFO     |  5357 | UnknownSkill | Removing all handlers...
2021-10-28 07:40:44.444 | INFO     |  5357 | mycroft.skills.settings:save_settings:116 | Skill settings successfully saved to /home/runner/.config/mycroft/skills/fallback-unknown.mycroftai/settings.json
2021-10-28 07:40:44.453 | INFO     |  5357 | mycroft.skills.settings:save_settings:116 | Skill settings successfully saved to /home/runner/.config/mycroft/skills/mycroft-playback-control.mycroftai/settings.json
2021-10-28 07:40:45.465 | INFO     |  5357 | Playback Control Skill | Audio service status: {}
2021-10-28 07:40:46.467 | WARNING  |  5357 | mycroft.skills.skill_manager:_shutdown_skill:106 | mycroft-playback-control.mycroftai shutdown took 2.0214696450000247 seconds
2021-10-28 07:40:46.467 | INFO     |  5357 | __main__:shutdown:291 | Skills service shutdown complete!
2021-10-28 07:40:46.563 | ERROR    |  5357 | websocket | error from callback <bound method MessageBusClient.on_message of <mycroft.messagebus.client.client.MessageBusClient object at 0x7f8e28b49f50>>: cannot schedule new futures after shutdown
2021-10-28 07:40:46.563 | ERROR    |  5357 | mycroft_bus_client.client.client | === RuntimeError('cannot schedule new futures after shutdown') ===
Traceback (most recent call last):
  File "/opt/mycroft-core/.venv/lib/python3.7/site-packages/websocket/_app.py", line 407, in _callback
    callback(self, *args)
  File "/opt/mycroft-core/.venv/lib/python3.7/site-packages/mycroft_bus_client/client/client.py", line 182, in on_message
    self.emitter.emit('message', message)
  File "/opt/mycroft-core/.venv/lib/python3.7/site-packages/pyee/_base.py", line 113, in emit
    handled = self._call_handlers(event, args, kwargs)
  File "/opt/mycroft-core/.venv/lib/python3.7/site-packages/pyee/_base.py", line 96, in _call_handlers
    self._emit_run(f, args, kwargs)
  File "/opt/mycroft-core/.venv/lib/python3.7/site-packages/pyee/_executor.py", line 50, in _emit_run
    future = self._executor.submit(f, *args, **kwargs)
  File "/opt/hostedtoolcache/Python/3.7.12/x64/lib/python3.7/concurrent/futures/thread.py", line 163, in submit
    raise RuntimeError('cannot schedule new futures after shutdown')
RuntimeError: cannot schedule new futures after shutdown
2021-10-28 07:40:46.564 | ERROR    |  5357 | mycroft_bus_client.client.client | Exception closing websocket: RuntimeError('cannot schedule new futures after shutdown')
2021-10-28 07:40:46.564 | WARNING  |  5357 | mycroft_bus_client.client.client | Message Bus Client will reconnect in 5.0 seconds.
