2021-10-11 21:39:36.273 | INFO     |  5492 | mycroft.messagebus.load_config:load_message_bus_config:33 | Loading message bus configs
2021-10-11 21:39:36.290 | INFO     |  5492 | mycroft_bus_client.client.client | Connected
2021-10-11 21:39:36.299 | INFO     |  5492 | mycroft.util.process_utils:start_message_bus_client:155 | Connected to messagebus
2021-10-11 21:39:36.302 | INFO     |  5492 | mycroft.skills.msm_wrapper:create_msm:96 | Acquiring lock to instantiate MSM
2021-10-11 21:39:36.302 | INFO     |  5492 | msm.mycroft_skills_manager | building SkillEntry objects for all skills
2021-10-11 21:39:38.492 | WARNING  |  5492 | msm.mycroft_skills_manager | No such default skill: mycroft-pandora
2021-10-11 21:39:38.501 | INFO     |  5492 | mycroft.skills.msm_wrapper:create_msm:112 | Releasing MSM instantiation lock.
2021-10-11 21:39:38.502 | INFO     |  5492 | mycroft.skills.skill_updater:_log_next_download_time:267 | Next scheduled skill update: 2021-10-11 21:39:37.501781
2021-10-11 21:39:38.502 | INFO     |  5492 | msm.skill_entry | Downloading skill: https://github.com/mycroftai/skill-pairing
2021-10-11 21:39:39.367 | INFO     |  5492 | msm.skill_entry | Installing system requirements...
2021-10-11 21:39:39.375 | INFO     |  5492 | msm.skill_entry | Successfully installed mycroft-pairing
2021-10-11 21:39:39.375 | INFO     |  5492 | msm.mycroft_skills_manager | invalidating skills cache
2021-10-11 21:39:39.377 | INFO     |  5492 | mycroft.skills.skill_loader:load:185 | ATTEMPTING TO LOAD SKILL: mycroft-pairing.mycroftai
2021-10-11 21:39:39.388 | INFO     |  5492 | mycroft.skills.settings:get_local_settings:83 | /opt/mycroft/skills/mycroft-pairing.mycroftai/settings.json
2021-10-11 21:39:39.416 | INFO     |  5492 | mycroft.skills.skill_loader:_check_for_first_run:324 | First run of mycroft-pairing.mycroftai
2021-10-11 21:39:39.417 | INFO     |  5492 | mycroft.skills.settings:save_settings:116 | Skill settings successfully saved to /home/runner/.config/mycroft/skills/mycroft-pairing.mycroftai/settings.json
2021-10-11 21:39:39.418 | INFO     |  5492 | mycroft.skills.skill_loader:_communicate_load_status:344 | Skill mycroft-pairing.mycroftai loaded successfully
2021-10-11 21:39:39.427 | INFO     |  5492 | msm.skill_entry | Downloading skill: https://github.com/mycroftai/skill-volume
2021-10-11 21:39:40.263 | INFO     |  5492 | msm.skill_entry | Installing system requirements...
2021-10-11 21:39:40.304 | INFO     |  5492 | msm.skill_entry | Installing requirements.txt for mycroft-volume
2021-10-11 21:39:41.184 | INFO     |  5492 | msm.skill_entry | Successfully installed mycroft-volume
2021-10-11 21:39:41.184 | INFO     |  5492 | msm.mycroft_skills_manager | invalidating skills cache
2021-10-11 21:39:41.186 | INFO     |  5492 | mycroft.skills.skill_loader:load:185 | ATTEMPTING TO LOAD SKILL: mycroft-volume.mycroftai
2021-10-11 21:39:41.194 | INFO     |  5492 | mycroft.skills.settings:get_local_settings:83 | /opt/mycroft/skills/mycroft-volume.mycroftai/settings.json
2021-10-11 21:39:41.243 | ERROR    |  5492 | VolumeSkill | Couldn't allocate mixer, ALSAAudioError('No such file or directory [default]')
2021-10-11 21:39:44.246 | INFO     |  5492 | mycroft.skills.skill_loader:_check_for_first_run:324 | First run of mycroft-volume.mycroftai
2021-10-11 21:39:44.247 | INFO     |  5492 | mycroft.skills.settings:save_settings:116 | Skill settings successfully saved to /home/runner/.config/mycroft/skills/mycroft-volume.mycroftai/settings.json
2021-10-11 21:39:44.312 | INFO     |  5492 | mycroft.skills.skill_loader:_communicate_load_status:344 | Skill mycroft-volume.mycroftai loaded successfully
2021-10-11 21:39:44.313 | INFO     |  5492 | __main__:on_started:177 | Skills service is starting up.
2021-10-11 21:39:44.562 | INFO     |  5492 | __main__:_update_system:154 | Attempting system update...
2021-10-11 21:39:47.565 | INFO     |  5492 | mycroft.enclosure.display_manager:_write_data:70 | Display Manager is creating /tmp/mycroft/ipc/managers/disp_info
2021-10-11 21:39:47.566 | INFO     |  5492 | __main__:_ensure_device_is_paired:133 | Device not paired, invoking the pairing skill
2021-10-11 21:39:47.567 | INFO     |  5492 | __main__:on_alive:181 | Skills service is alive.
2021-10-11 21:39:47.569 | INFO     |  5492 | msm.mycroft_skills_manager | building SkillEntry objects for all skills
2021-10-11 21:39:47.850 | INFO     |  5492 | PairingSkill | Communicating account URL to user
2021-10-11 21:39:48.146 | WARNING  |  5492 | msm.mycroft_skills_manager | No such default skill: mycroft-pandora
2021-10-11 21:39:48.147 | INFO     |  5492 | mycroft.skills.skill_manager:run:234 | Not all default skills are installed, performing skill update...
2021-10-11 21:39:48.147 | INFO     |  5492 | mycroft.skills.skill_updater:update_skills:149 | Beginning skill update...
2021-10-11 21:39:48.375 | INFO     |  5492 | msm.mycroft_skills_manager | building SkillEntry objects for all skills
2021-10-11 21:39:48.823 | INFO     |  5492 | msm.mycroft_skills_manager | invalidating skills cache
2021-10-11 21:39:48.846 | INFO     |  5492 | msm.skill_entry | Downloading skill: https://github.com/mycroftai/fallback-unknown
2021-10-11 21:39:48.849 | INFO     |  5492 | msm.skill_entry | Downloading skill: https://github.com/mycroftai/fallback-wolfram-alpha
2021-10-11 21:39:48.850 | INFO     |  5492 | msm.skill_entry | Downloading skill: https://github.com/mycroftai/skill-alarm
2021-10-11 21:39:48.851 | INFO     |  5492 | msm.skill_entry | Downloading skill: https://github.com/mycroftai/skill-configuration
2021-10-11 21:39:48.853 | INFO     |  5492 | msm.skill_entry | Downloading skill: https://github.com/mycroftai/fallback-duckduckgo
2021-10-11 21:39:48.853 | INFO     |  5492 | msm.skill_entry | Downloading skill: https://github.com/mycroftai/skill-hello-world
2021-10-11 21:39:48.854 | INFO     |  5492 | msm.skill_entry | Downloading skill: https://github.com/mycroftai/skill-installer
2021-10-11 21:39:48.856 | INFO     |  5492 | msm.skill_entry | Downloading skill: https://github.com/mycroftai/skill-joke
2021-10-11 21:39:48.858 | INFO     |  5492 | msm.skill_entry | Downloading skill: https://github.com/mycroftai/skill-npr-news
2021-10-11 21:39:48.859 | INFO     |  5492 | msm.skill_entry | Downloading skill: https://github.com/mycroftai/skill-personal
2021-10-11 21:39:48.859 | INFO     |  5492 | msm.skill_entry | Downloading skill: https://github.com/mycroftai/skill-ip
2021-10-11 21:39:48.859 | INFO     |  5492 | msm.skill_entry | Downloading skill: https://github.com/mycroftai/skill-audio-record
2021-10-11 21:39:48.860 | INFO     |  5492 | msm.skill_entry | Downloading skill: https://github.com/mycroftai/skill-date-time
2021-10-11 21:39:48.860 | INFO     |  5492 | msm.skill_entry | Downloading skill: https://github.com/mycroftai/skill-reminder
2021-10-11 21:39:48.861 | INFO     |  5492 | msm.skill_entry | Downloading skill: https://github.com/mycroftai/skill-singing
2021-10-11 21:39:48.861 | INFO     |  5492 | msm.skill_entry | Downloading skill: https://github.com/mycroftai/skill-playback-control
2021-10-11 21:39:48.862 | INFO     |  5492 | msm.skill_entry | Downloading skill: https://github.com/mycroftai/skill-naptime
2021-10-11 21:39:49.858 | ERROR    |  5492 | msm.mycroft_skills_manager | Error running install_or_update on homeassistant.mycroftai: MergeConflict
2021-10-11 21:39:49.874 | INFO     |  5492 | msm.skill_entry | Installing system requirements...
2021-10-11 21:39:49.885 | INFO     |  5492 | msm.skill_entry | Downloading skill: https://github.com/mycroftai/skill-speak
2021-10-11 21:39:49.931 | INFO     |  5492 | msm.skill_entry | Installing requirements.txt for mycroft-fallback-duck-duck-go
2021-10-11 21:39:49.977 | INFO     |  5492 | msm.skill_entry | Installing system requirements...
2021-10-11 21:39:50.034 | INFO     |  5492 | msm.skill_entry | Installing requirements.txt for fallback-wolfram-alpha
2021-10-11 21:39:50.156 | INFO     |  5492 | msm.skill_entry | Installing system requirements...
2021-10-11 21:39:50.219 | INFO     |  5492 | msm.skill_entry | Installing requirements.txt for mycroft-audio-record
2021-10-11 21:39:50.361 | INFO     |  5492 | msm.skill_entry | Installing system requirements...
2021-10-11 21:39:50.495 | INFO     |  5492 | msm.skill_entry | Successfully installed fallback-unknown
2021-10-11 21:39:50.495 | INFO     |  5492 | msm.mycroft_skills_manager | invalidating skills cache
2021-10-11 21:39:50.496 | INFO     |  5492 | msm.skill_entry | Downloading skill: https://github.com/mycroftai/skill-spelling
2021-10-11 21:39:50.576 | INFO     |  5492 | msm.skill_entry | Installing system requirements...
2021-10-11 21:39:50.620 | INFO     |  5492 | msm.skill_entry | Installing system requirements...
2021-10-11 21:39:50.705 | INFO     |  5492 | msm.skill_entry | Installing system requirements...
2021-10-11 21:39:50.776 | INFO     |  5492 | msm.skill_entry | Installing system requirements...
2021-10-11 21:39:50.797 | INFO     |  5492 | msm.skill_entry | Installing system requirements...
2021-10-11 21:39:50.798 | INFO     |  5492 | msm.skill_entry | Installing requirements.txt for mycroft-joke
2021-10-11 21:39:50.834 | INFO     |  5492 | msm.skill_entry | Successfully installed mycroft-playback-control
2021-10-11 21:39:50.835 | INFO     |  5492 | msm.mycroft_skills_manager | invalidating skills cache
2021-10-11 21:39:50.837 | INFO     |  5492 | msm.skill_entry | Downloading skill: https://github.com/mycroftai/skill-stop
2021-10-11 21:39:50.862 | INFO     |  5492 | msm.skill_entry | Successfully installed mycroft-hello-world
2021-10-11 21:39:50.862 | INFO     |  5492 | msm.mycroft_skills_manager | invalidating skills cache
2021-10-11 21:39:50.864 | INFO     |  5492 | msm.skill_entry | Downloading skill: https://github.com/mycroftai/skill-support
2021-10-11 21:39:50.897 | INFO     |  5492 | msm.skill_entry | Successfully installed mycroft-naptime
2021-10-11 21:39:50.897 | INFO     |  5492 | msm.mycroft_skills_manager | invalidating skills cache
2021-10-11 21:39:50.898 | INFO     |  5492 | msm.skill_entry | Downloading skill: https://github.com/mycroftai/mycroft-timer
2021-10-11 21:39:50.904 | INFO     |  5492 | msm.skill_entry | Successfully installed mycroft-personal
2021-10-11 21:39:50.904 | INFO     |  5492 | msm.mycroft_skills_manager | invalidating skills cache
2021-10-11 21:39:50.905 | INFO     |  5492 | msm.skill_entry | Downloading skill: https://github.com/mycroftai/skill-weather
2021-10-11 21:39:50.930 | INFO     |  5492 | msm.skill_entry | Installing system requirements...
2021-10-11 21:39:50.950 | INFO     |  5492 | msm.skill_entry | Nothing new for mycroft-volume
2021-10-11 21:39:50.973 | INFO     |  5492 | msm.skill_entry | Installing system requirements...
2021-10-11 21:39:51.008 | INFO     |  5492 | msm.skill_entry | Installing requirements.txt for mycroft-ip
2021-10-11 21:39:51.011 | INFO     |  5492 | msm.skill_entry | Installing requirements.txt for mycroft-volume
2021-10-11 21:39:51.228 | INFO     |  5492 | msm.skill_entry | Installing system requirements...
2021-10-11 21:39:51.232 | INFO     |  5492 | msm.skill_entry | Nothing new for mycroft-pairing
2021-10-11 21:39:51.242 | INFO     |  5492 | msm.skill_entry | Installing system requirements...
2021-10-11 21:39:51.266 | INFO     |  5492 | msm.skill_entry | Installing requirements.txt for mycroft-configuration
2021-10-11 21:39:51.276 | INFO     |  5492 | msm.skill_entry | Installing system requirements...
2021-10-11 21:39:51.281 | INFO     |  5492 | msm.skill_entry | Installing system requirements...
2021-10-11 21:39:51.287 | INFO     |  5492 | msm.skill_entry | Successfully installed mycroft-reminder
2021-10-11 21:39:51.287 | INFO     |  5492 | msm.mycroft_skills_manager | invalidating skills cache
2021-10-11 21:39:51.288 | INFO     |  5492 | msm.skill_entry | Downloading skill: https://github.com/mycroftai/skill-version-checker
2021-10-11 21:39:51.294 | INFO     |  5492 | msm.skill_entry | Installing system requirements...
2021-10-11 21:39:51.337 | INFO     |  5492 | msm.skill_entry | Installing requirements.txt for mycroft-npr-news
2021-10-11 21:39:51.343 | INFO     |  5492 | msm.skill_entry | Downloading skill: https://github.com/mycroftai/skill-wiki
2021-10-11 21:39:51.380 | INFO     |  5492 | msm.skill_entry | Installing requirements.txt for mycroft-alarm
2021-10-11 21:39:51.469 | INFO     |  5492 | msm.skill_entry | Installing system requirements...
2021-10-11 21:39:51.496 | INFO     |  5492 | msm.skill_entry | Installing requirements.txt for mycroft-installer
2021-10-11 21:39:51.561 | INFO     |  5492 | msm.skill_entry | Installing system requirements...
2021-10-11 21:39:51.578 | INFO     |  5492 | msm.skill_entry | Installing system requirements...
2021-10-11 21:39:51.583 | INFO     |  5492 | msm.skill_entry | Installing requirements.txt for mycroft-date-time
2021-10-11 21:39:51.595 | INFO     |  5492 | msm.skill_entry | Successfully installed mycroft-speak
2021-10-11 21:39:51.596 | INFO     |  5492 | msm.mycroft_skills_manager | invalidating skills cache
2021-10-11 21:39:51.597 | INFO     |  5492 | msm.skill_entry | Downloading skill: https://github.com/MycroftAI/skill-query
2021-10-11 21:39:51.747 | INFO     |  5492 | msm.skill_entry | Installing system requirements...
2021-10-11 21:39:51.796 | INFO     |  5492 | msm.skill_entry | Successfully installed mycroft-spelling
2021-10-11 21:39:51.796 | INFO     |  5492 | msm.mycroft_skills_manager | invalidating skills cache
2021-10-11 21:39:52.016 | ERROR    |  5492 | msm.mycroft_skills_manager | Error running install_or_update on homeassistant: MergeConflict
2021-10-11 21:39:52.076 | INFO     |  5492 | msm.skill_entry | Installing system requirements...
2021-10-11 21:39:52.097 | INFO     |  5492 | msm.skill_entry | Installing system requirements...
2021-10-11 21:39:52.143 | INFO     |  5492 | msm.skill_entry | Successfully installed mycroft-singing
2021-10-11 21:39:52.143 | INFO     |  5492 | msm.mycroft_skills_manager | invalidating skills cache
2021-10-11 21:39:52.159 | INFO     |  5492 | msm.skill_entry | Installing requirements.txt for mycroft-support-helper
2021-10-11 21:39:52.204 | INFO     |  5492 | msm.skill_entry | Installing system requirements...
2021-10-11 21:39:52.247 | INFO     |  5492 | msm.skill_entry | Installing system requirements...
2021-10-11 21:39:52.272 | INFO     |  5492 | msm.skill_entry | Successfully installed mycroft-version-checker
2021-10-11 21:39:52.272 | INFO     |  5492 | msm.mycroft_skills_manager | invalidating skills cache
2021-10-11 21:39:52.276 | INFO     |  5492 | msm.skill_entry | Successfully installed mycroft-stop
2021-10-11 21:39:52.276 | INFO     |  5492 | msm.mycroft_skills_manager | invalidating skills cache
2021-10-11 21:39:52.398 | INFO     |  5492 | msm.skill_entry | Installing system requirements...
2021-10-11 21:39:52.436 | INFO     |  5492 | msm.skill_entry | Successfully installed fallback-query
2021-10-11 21:39:52.436 | INFO     |  5492 | msm.mycroft_skills_manager | invalidating skills cache
2021-10-11 21:39:52.514 | INFO     |  5492 | msm.skill_entry | Installing system requirements...
2021-10-11 21:39:52.534 | INFO     |  5492 | msm.skill_entry | Installing requirements.txt for mycroft-wiki
2021-10-11 21:39:52.648 | INFO     |  5492 | msm.skill_entry | Installing system requirements...
2021-10-11 21:39:52.682 | INFO     |  5492 | msm.skill_entry | Installing system requirements...
2021-10-11 21:39:52.691 | INFO     |  5492 | msm.skill_entry | Successfully installed mycroft-timer
2021-10-11 21:39:52.695 | INFO     |  5492 | msm.mycroft_skills_manager | invalidating skills cache
2021-10-11 21:39:52.711 | INFO     |  5492 | msm.skill_entry | Installing requirements.txt for mycroft-weather
2021-10-11 21:39:52.837 | INFO     |  5492 | msm.skill_entry | Successfully installed mycroft-fallback-duck-duck-go
2021-10-11 21:39:52.837 | INFO     |  5492 | msm.mycroft_skills_manager | invalidating skills cache
2021-10-11 21:39:56.853 | INFO     |  5492 | msm.skill_entry | Successfully installed fallback-wolfram-alpha
2021-10-11 21:39:56.853 | INFO     |  5492 | msm.mycroft_skills_manager | invalidating skills cache
2021-10-11 21:39:57.669 | INFO     |  5492 | msm.skill_entry | Successfully installed mycroft-audio-record
2021-10-11 21:39:57.670 | INFO     |  5492 | msm.mycroft_skills_manager | invalidating skills cache
2021-10-11 21:39:58.834 | INFO     |  5492 | msm.skill_entry | Successfully installed mycroft-joke
2021-10-11 21:39:58.835 | INFO     |  5492 | msm.mycroft_skills_manager | invalidating skills cache
2021-10-11 21:39:59.641 | INFO     |  5492 | msm.skill_entry | Successfully installed mycroft-ip
2021-10-11 21:39:59.641 | INFO     |  5492 | msm.mycroft_skills_manager | invalidating skills cache
2021-10-11 21:40:02.833 | INFO     |  5492 | msm.skill_entry | Successfully installed mycroft-configuration
2021-10-11 21:40:02.833 | INFO     |  5492 | msm.mycroft_skills_manager | invalidating skills cache
2021-10-11 21:40:05.700 | INFO     |  5492 | msm.skill_entry | Successfully installed mycroft-npr-news
2021-10-11 21:40:05.700 | INFO     |  5492 | msm.mycroft_skills_manager | invalidating skills cache
2021-10-11 21:40:06.546 | INFO     |  5492 | msm.skill_entry | Successfully installed mycroft-alarm
2021-10-11 21:40:06.546 | INFO     |  5492 | msm.mycroft_skills_manager | invalidating skills cache
2021-10-11 21:40:07.393 | INFO     |  5492 | msm.skill_entry | Successfully installed mycroft-installer
2021-10-11 21:40:07.393 | INFO     |  5492 | msm.mycroft_skills_manager | invalidating skills cache
2021-10-11 21:40:18.186 | INFO     |  5492 | PairingSkill | Initiating device pairing sequence...
2021-10-11 21:40:18.186 | INFO     |  5492 | PairingSkill | Retrieving pairing code from device API...
2021-10-11 21:40:18.475 | INFO     |  5492 | PairingSkill | Pairing code obtained: HFCVWC
2021-10-11 21:40:18.475 | INFO     |  5492 | PairingSkill | Communicating pairing URL to user
2021-10-11 21:40:22.874 | INFO     |  5492 | msm.skill_entry | Successfully installed mycroft-date-time
2021-10-11 21:40:22.875 | INFO     |  5492 | msm.mycroft_skills_manager | invalidating skills cache
2021-10-11 21:40:24.949 | INFO     |  5492 | msm.skill_entry | Successfully installed mycroft-support-helper
2021-10-11 21:40:24.949 | INFO     |  5492 | msm.mycroft_skills_manager | invalidating skills cache
2021-10-11 21:40:26.781 | INFO     |  5492 | msm.skill_entry | Successfully installed mycroft-wiki
2021-10-11 21:40:26.781 | INFO     |  5492 | msm.mycroft_skills_manager | invalidating skills cache
2021-10-11 21:40:27.732 | INFO     |  5492 | msm.skill_entry | Successfully installed mycroft-weather
2021-10-11 21:40:27.732 | INFO     |  5492 | msm.mycroft_skills_manager | invalidating skills cache
2021-10-11 21:40:27.880 | INFO     |  5492 | mycroft.skills.skill_updater:_log_next_download_time:267 | Next scheduled skill update: 2021-10-11 22:40:27.880119
2021-10-11 21:40:27.882 | INFO     |  5492 | mycroft.skills.skill_updater:update_skills:170 | Skill update complete
2021-10-11 21:40:27.882 | INFO     |  5492 | mycroft.skills.skill_manager:_load_on_startup:273 | Loading installed skills...
2021-10-11 21:40:27.884 | INFO     |  5492 | mycroft.skills.skill_loader:load:185 | ATTEMPTING TO LOAD SKILL: mycroft-ip.mycroftai
2021-10-11 21:40:27.935 | INFO     |  5492 | mycroft.skills.settings:get_local_settings:83 | /opt/mycroft/skills/mycroft-ip.mycroftai/settings.json
2021-10-11 21:40:27.946 | INFO     |  5492 | mycroft.skills.skill_loader:_check_for_first_run:324 | First run of mycroft-ip.mycroftai
2021-10-11 21:40:27.946 | INFO     |  5492 | mycroft.skills.settings:save_settings:116 | Skill settings successfully saved to /home/runner/.config/mycroft/skills/mycroft-ip.mycroftai/settings.json
2021-10-11 21:40:27.979 | INFO     |  5492 | mycroft.skills.skill_loader:_communicate_load_status:344 | Skill mycroft-ip.mycroftai loaded successfully
2021-10-11 21:40:27.980 | INFO     |  5492 | mycroft.skills.skill_loader:load:185 | ATTEMPTING TO LOAD SKILL: mycroft-reminder.mycroftai
2021-10-11 21:40:27.996 | INFO     |  5492 | mycroft.skills.settings:get_local_settings:83 | /opt/mycroft/skills/mycroft-reminder.mycroftai/settings.json
2021-10-11 21:40:28.022 | INFO     |  5492 | mycroft.skills.skill_loader:_check_for_first_run:324 | First run of mycroft-reminder.mycroftai
2021-10-11 21:40:28.023 | INFO     |  5492 | mycroft.skills.settings:save_settings:116 | Skill settings successfully saved to /home/runner/.config/mycroft/skills/mycroft-reminder.mycroftai/settings.json
2021-10-11 21:40:28.023 | INFO     |  5492 | mycroft.skills.skill_loader:_communicate_load_status:344 | Skill mycroft-reminder.mycroftai loaded successfully
2021-10-11 21:40:28.024 | INFO     |  5492 | mycroft.skills.skill_loader:load:185 | ATTEMPTING TO LOAD SKILL: mycroft-installer.mycroftai
2021-10-11 21:40:28.031 | INFO     |  5492 | mycroft.skills.settings:get_local_settings:83 | /opt/mycroft/skills/mycroft-installer.mycroftai/settings.json
2021-10-11 21:40:28.047 | INFO     |  5492 | mycroft.skills.skill_loader:_check_for_first_run:324 | First run of mycroft-installer.mycroftai
2021-10-11 21:40:28.048 | INFO     |  5492 | mycroft.skills.settings:save_settings:116 | Skill settings successfully saved to /home/runner/.config/mycroft/skills/mycroft-installer.mycroftai/settings.json
2021-10-11 21:40:28.069 | INFO     |  5492 | mycroft.skills.skill_loader:_communicate_load_status:344 | Skill mycroft-installer.mycroftai loaded successfully
2021-10-11 21:40:28.071 | INFO     |  5492 | mycroft.skills.skill_loader:load:185 | ATTEMPTING TO LOAD SKILL: mycroft-version-checker.mycroftai
2021-10-11 21:40:28.076 | INFO     |  5492 | mycroft.skills.settings:get_local_settings:83 | /opt/mycroft/skills/mycroft-version-checker.mycroftai/settings.json
2021-10-11 21:40:28.089 | INFO     |  5492 | mycroft.skills.skill_loader:_check_for_first_run:324 | First run of mycroft-version-checker.mycroftai
2021-10-11 21:40:28.090 | INFO     |  5492 | mycroft.skills.settings:save_settings:116 | Skill settings successfully saved to /home/runner/.config/mycroft/skills/mycroft-version-checker.mycroftai/settings.json
2021-10-11 21:40:28.126 | INFO     |  5492 | mycroft.skills.skill_loader:_communicate_load_status:344 | Skill mycroft-version-checker.mycroftai loaded successfully
2021-10-11 21:40:28.127 | INFO     |  5492 | mycroft.skills.skill_loader:load:185 | ATTEMPTING TO LOAD SKILL: mycroft-singing.mycroftai
2021-10-11 21:40:28.129 | INFO     |  5492 | mycroft.skills.settings:get_local_settings:83 | /opt/mycroft/skills/mycroft-singing.mycroftai/settings.json
2021-10-11 21:40:28.138 | INFO     |  5492 | mycroft.skills.skill_loader:_check_for_first_run:324 | First run of mycroft-singing.mycroftai
2021-10-11 21:40:28.138 | INFO     |  5492 | mycroft.skills.settings:save_settings:116 | Skill settings successfully saved to /home/runner/.config/mycroft/skills/mycroft-singing.mycroftai/settings.json
2021-10-11 21:40:28.175 | INFO     |  5492 | mycroft.skills.skill_loader:_communicate_load_status:344 | Skill mycroft-singing.mycroftai loaded successfully
2021-10-11 21:40:28.177 | INFO     |  5492 | mycroft.skills.skill_loader:load:185 | ATTEMPTING TO LOAD SKILL: mycroft-joke.mycroftai
2021-10-11 21:40:28.183 | INFO     |  5492 | mycroft.skills.settings:get_local_settings:83 | /opt/mycroft/skills/mycroft-joke.mycroftai/settings.json
2021-10-11 21:40:28.198 | INFO     |  5492 | mycroft.skills.skill_loader:_check_for_first_run:324 | First run of mycroft-joke.mycroftai
2021-10-11 21:40:28.200 | INFO     |  5492 | mycroft.skills.settings:save_settings:116 | Skill settings successfully saved to /home/runner/.config/mycroft/skills/mycroft-joke.mycroftai/settings.json
2021-10-11 21:40:28.223 | INFO     |  5492 | mycroft.skills.skill_loader:_communicate_load_status:344 | Skill mycroft-joke.mycroftai loaded successfully
2021-10-11 21:40:28.226 | INFO     |  5492 | mycroft.skills.skill_loader:load:185 | ATTEMPTING TO LOAD SKILL: mycroft-timer.mycroftai
2021-10-11 21:40:28.239 | INFO     |  5492 | mycroft.skills.settings:get_local_settings:83 | /opt/mycroft/skills/mycroft-timer.mycroftai/settings.json
2021-10-11 21:40:28.326 | INFO     |  5492 | mycroft.skills.skill_loader:_check_for_first_run:324 | First run of mycroft-timer.mycroftai
2021-10-11 21:40:28.327 | INFO     |  5492 | mycroft.skills.settings:save_settings:116 | Skill settings successfully saved to /home/runner/.config/mycroft/skills/mycroft-timer.mycroftai/settings.json
2021-10-11 21:40:28.332 | INFO     |  5492 | mycroft.skills.skill_loader:_communicate_load_status:344 | Skill mycroft-timer.mycroftai loaded successfully
2021-10-11 21:40:28.332 | INFO     |  5492 | mycroft.skills.skill_loader:load:185 | ATTEMPTING TO LOAD SKILL: homeassistant.mycroftai
2021-10-11 21:40:28.599 | INFO     |  5492 | mycroft.skills.settings:get_local_settings:83 | /opt/mycroft/skills/homeassistant.mycroftai/settings.json
2021-10-11 21:40:28.600 | INFO     |  5492 | mycroft.skills.settings:get_local_settings:83 | /opt/mycroft/skills/homeassistant.mycroftai/settings.json
2021-10-11 21:40:28.624 | INFO     |  5492 | mycroft.skills.skill_loader:_communicate_load_status:344 | Skill homeassistant.mycroftai loaded successfully
2021-10-11 21:40:28.624 | INFO     |  5492 | mycroft.skills.skill_loader:load:185 | ATTEMPTING TO LOAD SKILL: mycroft-alarm.mycroftai
2021-10-11 21:40:28.665 | INFO     |  5492 | mycroft.skills.settings:get_local_settings:83 | /opt/mycroft/skills/mycroft-alarm.mycroftai/settings.json
2021-10-11 21:40:28.666 | ERROR    |  5492 | AlarmSkill | Couldn't allocate mixer, ALSAAudioError('No such file or directory [default]')
2021-10-11 21:40:28.735 | INFO     |  5492 | mycroft.skills.skill_loader:_check_for_first_run:324 | First run of mycroft-alarm.mycroftai
2021-10-11 21:40:28.738 | INFO     |  5492 | mycroft.skills.settings:save_settings:116 | Skill settings successfully saved to /home/runner/.config/mycroft/skills/mycroft-alarm.mycroftai/settings.json
2021-10-11 21:40:28.772 | INFO     |  5492 | mycroft.skills.skill_loader:_communicate_load_status:344 | Skill mycroft-alarm.mycroftai loaded successfully
2021-10-11 21:40:28.772 | INFO     |  5492 | mycroft.skills.skill_loader:load:185 | ATTEMPTING TO LOAD SKILL: mycroft-naptime.mycroftai
2021-10-11 21:40:28.790 | INFO     |  5492 | mycroft.skills.settings:get_local_settings:83 | /opt/mycroft/skills/mycroft-naptime.mycroftai/settings.json
2021-10-11 21:40:28.813 | INFO     |  5492 | mycroft.skills.skill_loader:_check_for_first_run:324 | First run of mycroft-naptime.mycroftai
2021-10-11 21:40:28.814 | INFO     |  5492 | mycroft.skills.settings:save_settings:116 | Skill settings successfully saved to /home/runner/.config/mycroft/skills/mycroft-naptime.mycroftai/settings.json
2021-10-11 21:40:28.835 | INFO     |  5492 | mycroft.skills.skill_loader:_communicate_load_status:344 | Skill mycroft-naptime.mycroftai loaded successfully
2021-10-11 21:40:28.836 | INFO     |  5492 | mycroft.skills.skill_loader:load:185 | ATTEMPTING TO LOAD SKILL: mycroft-spelling.mycroftai
2021-10-11 21:40:28.938 | INFO     |  5492 | mycroft.skills.settings:get_local_settings:83 | /opt/mycroft/skills/mycroft-spelling.mycroftai/settings.json
2021-10-11 21:40:28.948 | INFO     |  5492 | mycroft.skills.skill_loader:_check_for_first_run:324 | First run of mycroft-spelling.mycroftai
2021-10-11 21:40:28.949 | INFO     |  5492 | mycroft.skills.settings:save_settings:116 | Skill settings successfully saved to /home/runner/.config/mycroft/skills/mycroft-spelling.mycroftai/settings.json
2021-10-11 21:40:28.969 | INFO     |  5492 | mycroft.skills.skill_loader:_communicate_load_status:344 | Skill mycroft-spelling.mycroftai loaded successfully
2021-10-11 21:40:28.970 | INFO     |  5492 | mycroft.skills.skill_loader:load:185 | ATTEMPTING TO LOAD SKILL: mycroft-fallback-duck-duck-go.mycroftai
2021-10-11 21:40:28.977 | INFO     |  5492 | mycroft.skills.settings:get_local_settings:83 | /opt/mycroft/skills/mycroft-fallback-duck-duck-go.mycroftai/settings.json
2021-10-11 21:40:28.988 | INFO     |  5492 | mycroft.skills.skill_loader:_check_for_first_run:324 | First run of mycroft-fallback-duck-duck-go.mycroftai
2021-10-11 21:40:28.990 | INFO     |  5492 | mycroft.skills.settings:save_settings:116 | Skill settings successfully saved to /home/runner/.config/mycroft/skills/mycroft-fallback-duck-duck-go.mycroftai/settings.json
2021-10-11 21:40:29.030 | INFO     |  5492 | mycroft.skills.skill_loader:_communicate_load_status:344 | Skill mycroft-fallback-duck-duck-go.mycroftai loaded successfully
2021-10-11 21:40:29.030 | INFO     |  5492 | mycroft.skills.skill_loader:load:185 | ATTEMPTING TO LOAD SKILL: mycroft-npr-news.mycroftai
2021-10-11 21:40:29.067 | INFO     |  5492 | mycroft.skills.settings:get_local_settings:83 | /opt/mycroft/skills/mycroft-npr-news.mycroftai/settings.json
2021-10-11 21:40:30.081 | INFO     |  5492 | mycroft.skills.skill_loader:_check_for_first_run:324 | First run of mycroft-npr-news.mycroftai
2021-10-11 21:40:30.083 | INFO     |  5492 | mycroft.skills.settings:save_settings:116 | Skill settings successfully saved to /home/runner/.config/mycroft/skills/mycroft-npr-news.mycroftai/settings.json
2021-10-11 21:40:30.084 | INFO     |  5492 | mycroft.skills.skill_loader:_communicate_load_status:344 | Skill mycroft-npr-news.mycroftai loaded successfully
2021-10-11 21:40:30.084 | INFO     |  5492 | mycroft.skills.skill_loader:load:185 | ATTEMPTING TO LOAD SKILL: mycroft-support-helper.mycroftai
2021-10-11 21:40:30.091 | INFO     |  5492 | mycroft.skills.settings:get_local_settings:83 | /opt/mycroft/skills/mycroft-support-helper.mycroftai/settings.json
2021-10-11 21:40:30.098 | INFO     |  5492 | mycroft.skills.skill_loader:_check_for_first_run:324 | First run of mycroft-support-helper.mycroftai
2021-10-11 21:40:30.099 | INFO     |  5492 | mycroft.skills.settings:save_settings:116 | Skill settings successfully saved to /home/runner/.config/mycroft/skills/mycroft-support-helper.mycroftai/settings.json
2021-10-11 21:40:30.100 | INFO     |  5492 | mycroft.skills.skill_loader:_communicate_load_status:344 | Skill mycroft-support-helper.mycroftai loaded successfully
2021-10-11 21:40:30.101 | INFO     |  5492 | mycroft.skills.skill_loader:load:185 | ATTEMPTING TO LOAD SKILL: mycroft-weather.mycroftai
2021-10-11 21:40:30.134 | INFO     |  5492 | mycroft.skills.settings:get_local_settings:83 | /opt/mycroft/skills/mycroft-weather.mycroftai/settings.json
2021-10-11 21:40:30.371 | INFO     |  5492 | mycroft.skills.skill_loader:_check_for_first_run:324 | First run of mycroft-weather.mycroftai
2021-10-11 21:40:30.371 | INFO     |  5492 | mycroft.skills.settings:save_settings:116 | Skill settings successfully saved to /home/runner/.config/mycroft/skills/mycroft-weather.mycroftai/settings.json
2021-10-11 21:40:30.385 | INFO     |  5492 | mycroft.skills.skill_loader:_communicate_load_status:344 | Skill mycroft-weather.mycroftai loaded successfully
2021-10-11 21:40:30.385 | INFO     |  5492 | mycroft.skills.skill_loader:load:185 | ATTEMPTING TO LOAD SKILL: mycroft-speak.mycroftai
2021-10-11 21:40:30.394 | INFO     |  5492 | mycroft.skills.settings:get_local_settings:83 | /opt/mycroft/skills/mycroft-speak.mycroftai/settings.json
2021-10-11 21:40:30.446 | INFO     |  5492 | mycroft.skills.skill_loader:_check_for_first_run:324 | First run of mycroft-speak.mycroftai
2021-10-11 21:40:30.446 | INFO     |  5492 | mycroft.skills.settings:save_settings:116 | Skill settings successfully saved to /home/runner/.config/mycroft/skills/mycroft-speak.mycroftai/settings.json
2021-10-11 21:40:30.447 | INFO     |  5492 | mycroft.skills.skill_loader:_communicate_load_status:344 | Skill mycroft-speak.mycroftai loaded successfully
2021-10-11 21:40:30.447 | INFO     |  5492 | mycroft.skills.skill_loader:load:185 | ATTEMPTING TO LOAD SKILL: mycroft-audio-record.mycroftai
2021-10-11 21:40:30.511 | INFO     |  5492 | mycroft.skills.settings:get_local_settings:83 | /opt/mycroft/skills/mycroft-audio-record.mycroftai/settings.json
2021-10-11 21:40:30.607 | INFO     |  5492 | mycroft.skills.skill_loader:_check_for_first_run:324 | First run of mycroft-audio-record.mycroftai
2021-10-11 21:40:30.608 | INFO     |  5492 | mycroft.skills.settings:save_settings:116 | Skill settings successfully saved to /home/runner/.config/mycroft/skills/mycroft-audio-record.mycroftai/settings.json
2021-10-11 21:40:30.615 | INFO     |  5492 | mycroft.skills.skill_loader:_communicate_load_status:344 | Skill mycroft-audio-record.mycroftai loaded successfully
2021-10-11 21:40:30.615 | INFO     |  5492 | mycroft.skills.skill_loader:load:185 | ATTEMPTING TO LOAD SKILL: mycroft-stop.mycroftai
2021-10-11 21:40:30.649 | INFO     |  5492 | mycroft.skills.settings:get_local_settings:83 | /opt/mycroft/skills/mycroft-stop.mycroftai/settings.json
2021-10-11 21:40:30.677 | INFO     |  5492 | mycroft.skills.skill_loader:_check_for_first_run:324 | First run of mycroft-stop.mycroftai
2021-10-11 21:40:30.686 | INFO     |  5492 | mycroft.skills.settings:save_settings:116 | Skill settings successfully saved to /home/runner/.config/mycroft/skills/mycroft-stop.mycroftai/settings.json
2021-10-11 21:40:30.687 | INFO     |  5492 | mycroft.skills.skill_loader:_communicate_load_status:344 | Skill mycroft-stop.mycroftai loaded successfully
2021-10-11 21:40:30.687 | INFO     |  5492 | mycroft.skills.skill_loader:load:185 | ATTEMPTING TO LOAD SKILL: mycroft-hello-world.mycroftai
2021-10-11 21:40:30.699 | INFO     |  5492 | mycroft.skills.settings:get_local_settings:83 | /opt/mycroft/skills/mycroft-hello-world.mycroftai/settings.json
2021-10-11 21:40:30.751 | INFO     |  5492 | mycroft.skills.skill_loader:_check_for_first_run:324 | First run of mycroft-hello-world.mycroftai
2021-10-11 21:40:30.752 | INFO     |  5492 | mycroft.skills.settings:save_settings:116 | Skill settings successfully saved to /home/runner/.config/mycroft/skills/mycroft-hello-world.mycroftai/settings.json
2021-10-11 21:40:30.753 | INFO     |  5492 | mycroft.skills.skill_loader:_communicate_load_status:344 | Skill mycroft-hello-world.mycroftai loaded successfully
2021-10-11 21:40:30.753 | INFO     |  5492 | mycroft.skills.skill_loader:load:185 | ATTEMPTING TO LOAD SKILL: mycroft-date-time.mycroftai
2021-10-11 21:40:32.340 | INFO     |  5492 | mycroft.skills.settings:get_local_settings:83 | /opt/mycroft/skills/mycroft-date-time.mycroftai/settings.json
2021-10-11 21:40:32.401 | INFO     |  5492 | TimeSkill | Registering resting screen <bound method TimeSkill.handle_idle of <mycroft-date-time_mycroftai.TimeSkill object at 0x7f1cd4db9a10>> for Time and Date.
2021-10-11 21:40:32.413 | INFO     |  5492 | TimeSkill | Registering resting screen
2021-10-11 21:40:32.416 | INFO     |  5492 | mycroft.skills.skill_loader:_check_for_first_run:324 | First run of mycroft-date-time.mycroftai
2021-10-11 21:40:32.417 | INFO     |  5492 | mycroft.skills.settings:save_settings:116 | Skill settings successfully saved to /home/runner/.config/mycroft/skills/mycroft-date-time.mycroftai/settings.json
2021-10-11 21:40:32.417 | INFO     |  5492 | mycroft.skills.skill_loader:_communicate_load_status:344 | Skill mycroft-date-time.mycroftai loaded successfully
2021-10-11 21:40:32.418 | INFO     |  5492 | mycroft.skills.skill_loader:load:185 | ATTEMPTING TO LOAD SKILL: mycroft-configuration.mycroftai
2021-10-11 21:40:32.440 | INFO     |  5492 | mycroft.skills.settings:get_local_settings:83 | /opt/mycroft/skills/mycroft-configuration.mycroftai/settings.json
2021-10-11 21:40:32.503 | INFO     |  5492 | mycroft.skills.skill_loader:_check_for_first_run:324 | First run of mycroft-configuration.mycroftai
2021-10-11 21:40:32.504 | INFO     |  5492 | mycroft.skills.settings:save_settings:116 | Skill settings successfully saved to /home/runner/.config/mycroft/skills/mycroft-configuration.mycroftai/settings.json
2021-10-11 21:40:32.520 | INFO     |  5492 | mycroft.skills.skill_loader:_communicate_load_status:344 | Skill mycroft-configuration.mycroftai loaded successfully
2021-10-11 21:40:32.520 | INFO     |  5492 | mycroft.skills.skill_loader:load:185 | ATTEMPTING TO LOAD SKILL: fallback-query.mycroftai
2021-10-11 21:40:32.529 | INFO     |  5492 | mycroft.skills.settings:get_local_settings:83 | /opt/mycroft/skills/fallback-query.mycroftai/settings.json
2021-10-11 21:40:32.554 | INFO     |  5492 | mycroft.skills.skill_loader:_check_for_first_run:324 | First run of fallback-query.mycroftai
2021-10-11 21:40:32.555 | INFO     |  5492 | mycroft.skills.settings:save_settings:116 | Skill settings successfully saved to /home/runner/.config/mycroft/skills/fallback-query.mycroftai/settings.json
2021-10-11 21:40:32.567 | INFO     |  5492 | mycroft.skills.skill_loader:_communicate_load_status:344 | Skill fallback-query.mycroftai loaded successfully
2021-10-11 21:40:32.568 | INFO     |  5492 | mycroft.skills.skill_loader:load:185 | ATTEMPTING TO LOAD SKILL: mycroft-personal.mycroftai
2021-10-11 21:40:32.580 | INFO     |  5492 | mycroft.skills.settings:get_local_settings:83 | /opt/mycroft/skills/mycroft-personal.mycroftai/settings.json
2021-10-11 21:40:32.626 | INFO     |  5492 | mycroft.skills.skill_loader:_check_for_first_run:324 | First run of mycroft-personal.mycroftai
2021-10-11 21:40:32.626 | INFO     |  5492 | mycroft.skills.settings:save_settings:116 | Skill settings successfully saved to /home/runner/.config/mycroft/skills/mycroft-personal.mycroftai/settings.json
2021-10-11 21:40:32.632 | INFO     |  5492 | mycroft.skills.skill_loader:_communicate_load_status:344 | Skill mycroft-personal.mycroftai loaded successfully
2021-10-11 21:40:32.633 | INFO     |  5492 | mycroft.skills.skill_loader:load:185 | ATTEMPTING TO LOAD SKILL: fallback-wolfram-alpha.mycroftai
2021-10-11 21:40:32.728 | INFO     |  5492 | mycroft.skills.settings:get_local_settings:83 | /opt/mycroft/skills/fallback-wolfram-alpha.mycroftai/settings.json
2021-10-11 21:40:32.745 | INFO     |  5492 | mycroft.skills.skill_loader:_check_for_first_run:324 | First run of fallback-wolfram-alpha.mycroftai
2021-10-11 21:40:32.764 | INFO     |  5492 | mycroft.skills.settings:save_settings:116 | Skill settings successfully saved to /home/runner/.config/mycroft/skills/fallback-wolfram-alpha.mycroftai/settings.json
2021-10-11 21:40:32.764 | INFO     |  5492 | mycroft.skills.skill_loader:_communicate_load_status:344 | Skill fallback-wolfram-alpha.mycroftai loaded successfully
2021-10-11 21:40:32.765 | INFO     |  5492 | mycroft.skills.skill_loader:load:185 | ATTEMPTING TO LOAD SKILL: mycroft-wiki.mycroftai
2021-10-11 21:40:32.777 | INFO     |  5492 | mycroft.skills.settings:get_local_settings:83 | /opt/mycroft/skills/mycroft-wiki.mycroftai/settings.json
2021-10-11 21:40:32.813 | INFO     |  5492 | mycroft.skills.skill_loader:_check_for_first_run:324 | First run of mycroft-wiki.mycroftai
2021-10-11 21:40:32.814 | INFO     |  5492 | mycroft.skills.settings:save_settings:116 | Skill settings successfully saved to /home/runner/.config/mycroft/skills/mycroft-wiki.mycroftai/settings.json
2021-10-11 21:40:32.814 | INFO     |  5492 | mycroft.skills.skill_loader:_communicate_load_status:344 | Skill mycroft-wiki.mycroftai loaded successfully
2021-10-11 21:40:32.829 | INFO     |  5492 | mycroft.skills.skill_loader:load:185 | ATTEMPTING TO LOAD SKILL: fallback-unknown.mycroftai
2021-10-11 21:40:32.833 | INFO     |  5492 | mycroft.skills.settings:get_local_settings:83 | /opt/mycroft/skills/fallback-unknown.mycroftai/settings.json
2021-10-11 21:40:32.868 | INFO     |  5492 | mycroft.skills.skill_loader:_check_for_first_run:324 | First run of fallback-unknown.mycroftai
2021-10-11 21:40:32.869 | INFO     |  5492 | mycroft.skills.settings:save_settings:116 | Skill settings successfully saved to /home/runner/.config/mycroft/skills/fallback-unknown.mycroftai/settings.json
2021-10-11 21:40:32.876 | INFO     |  5492 | mycroft.skills.skill_loader:_communicate_load_status:344 | Skill fallback-unknown.mycroftai loaded successfully
2021-10-11 21:40:32.876 | INFO     |  5492 | mycroft.skills.skill_loader:load:185 | ATTEMPTING TO LOAD SKILL: mycroft-playback-control.mycroftai
2021-10-11 21:40:32.884 | INFO     |  5492 | mycroft.skills.settings:get_local_settings:83 | /opt/mycroft/skills/mycroft-playback-control.mycroftai/settings.json
2021-10-11 21:40:32.940 | INFO     |  5492 | mycroft.skills.skill_loader:_check_for_first_run:324 | First run of mycroft-playback-control.mycroftai
2021-10-11 21:40:32.941 | INFO     |  5492 | mycroft.skills.settings:save_settings:116 | Skill settings successfully saved to /home/runner/.config/mycroft/skills/mycroft-playback-control.mycroftai/settings.json
2021-10-11 21:40:32.948 | INFO     |  5492 | mycroft.skills.skill_loader:_communicate_load_status:344 | Skill mycroft-playback-control.mycroftai loaded successfully
2021-10-11 21:40:32.948 | INFO     |  5492 | mycroft.skills.skill_manager:_load_on_startup:275 | Skills all loaded!
2021-10-11 21:40:33.021 | INFO     |  5492 | __main__:on_ready:185 | Skills service is ready.
2021-10-11 21:40:33.184 | INFO     |  5492 | mycroft.skills.intent_services.padatious_service:train:81 | Training... (single_thread=False)
Regenerated mycroft-alarm.mycroftai:{daytype}.
Regenerated mycroft-reminder.mycroftai:CancelActiveReminder.intent.
Regenerated mycroft-reminder.mycroftai:GetNextReminders.intent.
Regenerated mycroft-installer.mycroftai:install.custom.intent.
Regenerated mycroft-installer.mycroftai:is.installed.intent.
Regenerated mycroft-installer.mycroftai:list.skills.intent.
Regenerated mycroft-installer.mycroftai:install.intent.
Regenerated mycroft-installer.mycroftai:install.beta.intent.
Regenerated mycroft-installer.mycroftai:remove.intent.
Regenerated mycroft-timer.mycroftai:timer.status.intent.
Regenerated mycroft-timer.mycroftai:start.timer.intent.
Regenerated homeassistant.mycroftai:turn.off.intent.
Regenerated homeassistant.mycroftai:decrease.light.brightness.intent.
Regenerated homeassistant.mycroftai:toggle.intent.
Regenerated homeassistant.mycroftai:increase.light.brightness.intent.
Regenerated mycroft-alarm.mycroftai:change.alarm.sound.intent.
Regenerated mycroft-alarm.mycroftai:snooze.intent.
Regenerated mycroft-npr-news.mycroftai:PlayTheNews.intent.
Regenerated mycroft-support-helper.mycroftai:contact.support.intent.
Regenerated mycroft-weather.mycroftai:do-i-need-an-umbrella.intent.
Regenerated mycroft-audio-record.mycroftai:PlayRecording.intent.
Regenerated mycroft-audio-record.mycroftai:StartRecording.intent.
Regenerated mycroft-date-time.mycroftai:what.time.is.it.intent.
Regenerated mycroft-date-time.mycroftai:what.time.will.it.be.intent.
Regenerated mycroft-date-time.mycroftai:date.future.weekend.intent.
Regenerated mycroft-configuration.mycroftai:EnablePreciseDev.intent.
Regenerated mycroft-configuration.mycroftai:WhereAreYou.intent.
Regenerated mycroft-configuration.mycroftai:DisablePreciseDev.intent.
Regenerated mycroft-personal.mycroftai:DoYouDream.intent.
Regenerated mycroft-reminder.mycroftai:Reminder.intent.
Regenerated mycroft-reminder.mycroftai:ClearReminders.intent.
Regenerated mycroft-reminder.mycroftai:SnoozeReminder.intent.
Regenerated mycroft-reminder.mycroftai:GetRemindersForDay.intent.
Regenerated mycroft-reminder.mycroftai:UnspecifiedReminderAt.intent.
Regenerated mycroft-reminder.mycroftai:DeleteReminderForDay.intent.
Regenerated mycroft-reminder.mycroftai:ReminderAt.intent.
Regenerated homeassistant.mycroftai:turn.on.intent.
Regenerated homeassistant.mycroftai:tracker.intent.
Regenerated homeassistant.mycroftai:set.light.brightness.intent.
Regenerated homeassistant.mycroftai:set.climate.intent.
Regenerated homeassistant.mycroftai:add.item.shopping.list.intent.
Regenerated homeassistant.mycroftai:sensor.intent.
Regenerated homeassistant.mycroftai:automation.intent.
Regenerated mycroft-stop.mycroftai:ssh.disable.intent.
Regenerated mycroft-stop.mycroftai:wifi.setup.intent.
Regenerated mycroft-stop.mycroftai:shutdown.intent.
Regenerated mycroft-stop.mycroftai:ssh.enable.intent.
Regenerated mycroft-stop.mycroftai:reboot.intent.
Regenerated mycroft-hello-world.mycroftai:HowAreYou.intent.
Regenerated mycroft-date-time.mycroftai:date.last.weekend.intent.
Regenerated mycroft-personal.mycroftai:WhoAreYou.intent.
Regenerated mycroft-personal.mycroftai:WhatAreYou.intent.
Regenerated mycroft-personal.mycroftai:WhereWereYouBorn.intent.
Regenerated mycroft-personal.mycroftai:WhoMadeYou.intent.
Regenerated mycroft-personal.mycroftai:DoYouRhyme.intent.
Regenerated mycroft-personal.mycroftai:WhenWereYouBorn.intent.
Regenerated mycroft-wiki.mycroftai:Random.intent.
2021-10-11 21:40:35.473 | INFO     |  5492 | mycroft.skills.intent_services.padatious_service:train:83 | Training complete.
2021-10-11 21:40:48.808 | INFO     |  5492 | mycroft.skills.settings:save_settings:116 | Skill settings successfully saved to /home/runner/.config/mycroft/skills/mycroft-pairing.mycroftai/settings.json
2021-10-11 21:40:49.110 | INFO     |  5492 | mycroft.skills.settings:save_settings:116 | Skill settings successfully saved to /home/runner/.config/mycroft/skills/mycroft-timer.mycroftai/settings.json
2021-10-11 21:41:32.454 | WARNING  |  5492 | ConfigurationSkill | Impossible to update configuration because device isn't paired
2021-10-11 21:42:32.534 | WARNING  |  5492 | ConfigurationSkill | Impossible to update configuration because device isn't paired
2021-10-11 21:43:32.618 | WARNING  |  5492 | ConfigurationSkill | Impossible to update configuration because device isn't paired
2021-10-11 21:44:32.705 | WARNING  |  5492 | ConfigurationSkill | Impossible to update configuration because device isn't paired
