2022-10-24 19:10:46.906 | INFO     |  4893 | mycroft.messagebus.load_config:load_message_bus_config:33 | Loading message bus configs
2022-10-24 19:10:46.911 | INFO     |  4893 | mycroft_bus_client.client.client | Connected
2022-10-24 19:10:46.912 | INFO     |  4893 | mycroft.util.process_utils:start_message_bus_client:155 | Connected to messagebus
2022-10-24 19:10:46.914 | INFO     |  4893 | mycroft.skills.msm_wrapper:create_msm:96 | Acquiring lock to instantiate MSM
2022-10-24 19:10:47.969 | INFO     |  4893 | msm.mycroft_skills_manager | building SkillEntry objects for all skills
2022-10-24 19:10:48.275 | INFO     |  4893 | mycroft.skills.msm_wrapper:create_msm:112 | Releasing MSM instantiation lock.
2022-10-24 19:10:48.276 | INFO     |  4893 | mycroft.skills.skill_updater:_log_next_download_time:267 | Next scheduled skill update: 2022-10-24 19:10:47.276050
2022-10-24 19:10:48.276 | INFO     |  4893 | msm.skill_entry | Downloading skill: https://github.com/mycroftai/skill-pairing
2022-10-24 19:10:48.716 | INFO     |  4893 | msm.skill_entry | Installing system requirements...
2022-10-24 19:10:48.744 | INFO     |  4893 | msm.skill_entry | Successfully installed mycroft-pairing
2022-10-24 19:10:48.745 | INFO     |  4893 | msm.mycroft_skills_manager | invalidating skills cache
2022-10-24 19:10:48.792 | INFO     |  4893 | mycroft.skills.skill_loader:load:185 | ATTEMPTING TO LOAD SKILL: mycroft-pairing.mycroftai
2022-10-24 19:10:48.799 | INFO     |  4893 | mycroft.skills.settings:get_local_settings:83 | /opt/mycroft/skills/mycroft-pairing.mycroftai/settings.json
2022-10-24 19:10:48.816 | INFO     |  4893 | mycroft.skills.skill_loader:_check_for_first_run:324 | First run of mycroft-pairing.mycroftai
2022-10-24 19:10:48.827 | INFO     |  4893 | mycroft.skills.settings:save_settings:116 | Skill settings successfully saved to /home/runner/.config/mycroft/skills/mycroft-pairing.mycroftai/settings.json
2022-10-24 19:10:48.858 | INFO     |  4893 | mycroft.skills.skill_loader:_communicate_load_status:344 | Skill mycroft-pairing.mycroftai loaded successfully
2022-10-24 19:10:48.858 | INFO     |  4893 | msm.skill_entry | Downloading skill: https://github.com/mycroftai/skill-volume
2022-10-24 19:10:49.291 | INFO     |  4893 | msm.skill_entry | Installing system requirements...
2022-10-24 19:10:49.320 | INFO     |  4893 | msm.skill_entry | Installing requirements.txt for mycroft-volume
2022-10-24 19:10:50.490 | INFO     |  4893 | msm.skill_entry | Successfully installed mycroft-volume
2022-10-24 19:10:50.490 | INFO     |  4893 | msm.mycroft_skills_manager | invalidating skills cache
2022-10-24 19:10:50.492 | INFO     |  4893 | mycroft.skills.skill_loader:load:185 | ATTEMPTING TO LOAD SKILL: mycroft-volume.mycroftai
2022-10-24 19:10:50.499 | INFO     |  4893 | mycroft.skills.settings:get_local_settings:83 | /opt/mycroft/skills/mycroft-volume.mycroftai/settings.json
2022-10-24 19:10:50.585 | ERROR    |  4893 | VolumeSkill | Couldn't allocate mixer, ALSAAudioError('No such file or directory [default]')
2022-10-24 19:10:53.586 | INFO     |  4893 | mycroft.skills.skill_loader:_check_for_first_run:324 | First run of mycroft-volume.mycroftai
2022-10-24 19:10:53.587 | INFO     |  4893 | mycroft.skills.settings:save_settings:116 | Skill settings successfully saved to /home/runner/.config/mycroft/skills/mycroft-volume.mycroftai/settings.json
2022-10-24 19:10:53.588 | INFO     |  4893 | mycroft.skills.skill_loader:_communicate_load_status:344 | Skill mycroft-volume.mycroftai loaded successfully
2022-10-24 19:10:53.588 | INFO     |  4893 | __main__:on_started:177 | Skills service is starting up.
2022-10-24 19:10:53.663 | INFO     |  4893 | __main__:_update_system:154 | Attempting system update...
2022-10-24 19:10:56.665 | INFO     |  4893 | mycroft.enclosure.display_manager:_write_data:70 | Display Manager is creating /tmp/mycroft/ipc/managers/disp_info
2022-10-24 19:10:56.666 | INFO     |  4893 | __main__:_ensure_device_is_paired:133 | Device not paired, invoking the pairing skill
2022-10-24 19:10:56.667 | INFO     |  4893 | __main__:on_alive:181 | Skills service is alive.
2022-10-24 19:10:56.722 | INFO     |  4893 | msm.mycroft_skills_manager | building SkillEntry objects for all skills
2022-10-24 19:10:56.888 | INFO     |  4893 | PairingSkill | Communicating account URL to user
2022-10-24 19:10:57.397 | WARNING  |  4893 | msm.mycroft_skills_manager | No such default skill: mycroft-pandora
2022-10-24 19:10:57.398 | INFO     |  4893 | mycroft.skills.skill_manager:run:234 | Not all default skills are installed, performing skill update...
2022-10-24 19:10:57.398 | INFO     |  4893 | mycroft.skills.skill_updater:update_skills:149 | Beginning skill update...
2022-10-24 19:10:57.469 | INFO     |  4893 | msm.mycroft_skills_manager | building SkillEntry objects for all skills
2022-10-24 19:10:57.695 | INFO     |  4893 | msm.mycroft_skills_manager | invalidating skills cache
2022-10-24 19:10:57.723 | INFO     |  4893 | msm.skill_entry | Downloading skill: https://github.com/mycroftai/fallback-wolfram-alpha
2022-10-24 19:10:57.726 | INFO     |  4893 | msm.skill_entry | Downloading skill: https://github.com/mycroftai/skill-alarm
2022-10-24 19:10:57.728 | INFO     |  4893 | msm.skill_entry | Downloading skill: https://github.com/mycroftai/skill-audio-record
2022-10-24 19:10:57.732 | INFO     |  4893 | msm.skill_entry | Downloading skill: https://github.com/mycroftai/skill-configuration
2022-10-24 19:10:57.736 | INFO     |  4893 | msm.skill_entry | Downloading skill: https://github.com/mycroftai/skill-date-time
2022-10-24 19:10:57.741 | INFO     |  4893 | msm.skill_entry | Downloading skill: https://github.com/mycroftai/fallback-duckduckgo
2022-10-24 19:10:57.745 | INFO     |  4893 | msm.skill_entry | Downloading skill: https://github.com/mycroftai/skill-hello-world
2022-10-24 19:10:57.747 | INFO     |  4893 | msm.skill_entry | Downloading skill: https://github.com/mycroftai/skill-installer
2022-10-24 19:10:57.756 | INFO     |  4893 | msm.skill_entry | Downloading skill: https://github.com/mycroftai/skill-ip
2022-10-24 19:10:57.757 | INFO     |  4893 | msm.skill_entry | Downloading skill: https://github.com/mycroftai/fallback-unknown
2022-10-24 19:10:57.761 | INFO     |  4893 | msm.skill_entry | Downloading skill: https://github.com/mycroftai/skill-joke
2022-10-24 19:10:57.768 | INFO     |  4893 | msm.skill_entry | Downloading skill: https://github.com/mycroftai/skill-naptime
2022-10-24 19:10:57.773 | INFO     |  4893 | msm.skill_entry | Downloading skill: https://github.com/mycroftai/skill-npr-news
2022-10-24 19:10:57.781 | INFO     |  4893 | msm.skill_entry | Downloading skill: https://github.com/mycroftai/skill-personal
2022-10-24 19:10:57.792 | INFO     |  4893 | msm.skill_entry | Downloading skill: https://github.com/mycroftai/skill-playback-control
2022-10-24 19:10:57.797 | INFO     |  4893 | msm.skill_entry | Downloading skill: https://github.com/mycroftai/skill-reminder
2022-10-24 19:10:57.804 | INFO     |  4893 | msm.skill_entry | Downloading skill: https://github.com/mycroftai/skill-singing
2022-10-24 19:10:58.900 | INFO     |  4893 | msm.skill_entry | Installing system requirements...
2022-10-24 19:10:58.935 | INFO     |  4893 | msm.skill_entry | Installing system requirements...
2022-10-24 19:10:58.939 | INFO     |  4893 | msm.skill_entry | Installing system requirements...
2022-10-24 19:10:58.949 | ERROR    |  4893 | msm.mycroft_skills_manager | Error running install_or_update on homeassistant.mycroftai: MergeConflict
2022-10-24 19:10:58.951 | INFO     |  4893 | msm.skill_entry | Installing system requirements...
2022-10-24 19:10:58.958 | INFO     |  4893 | msm.skill_entry | Downloading skill: https://github.com/mycroftai/skill-speak
2022-10-24 19:10:58.970 | INFO     |  4893 | msm.skill_entry | Installing requirements.txt for mycroft-fallback-duck-duck-go
2022-10-24 19:10:58.997 | INFO     |  4893 | msm.skill_entry | Installing requirements.txt for mycroft-ip
2022-10-24 19:10:59.035 | INFO     |  4893 | msm.skill_entry | Installing requirements.txt for mycroft-audio-record
2022-10-24 19:10:59.040 | INFO     |  4893 | msm.skill_entry | Successfully installed fallback-unknown
2022-10-24 19:10:59.040 | INFO     |  4893 | msm.mycroft_skills_manager | invalidating skills cache
2022-10-24 19:10:59.041 | INFO     |  4893 | msm.skill_entry | Downloading skill: https://github.com/mycroftai/skill-spelling
2022-10-24 19:10:59.315 | INFO     |  4893 | msm.skill_entry | Installing system requirements...
2022-10-24 19:10:59.332 | INFO     |  4893 | msm.skill_entry | Installing requirements.txt for mycroft-configuration
2022-10-24 19:10:59.414 | INFO     |  4893 | msm.skill_entry | Installing system requirements...
2022-10-24 19:10:59.487 | INFO     |  4893 | msm.skill_entry | Nothing new for mycroft-volume
2022-10-24 19:10:59.497 | INFO     |  4893 | msm.skill_entry | Nothing new for mycroft-pairing
2022-10-24 19:10:59.527 | INFO     |  4893 | msm.skill_entry | Installing requirements.txt for mycroft-joke
2022-10-24 19:10:59.597 | INFO     |  4893 | msm.skill_entry | Installing system requirements...
2022-10-24 19:10:59.633 | INFO     |  4893 | msm.skill_entry | Installing system requirements...
2022-10-24 19:10:59.692 | INFO     |  4893 | msm.skill_entry | Installing system requirements...
2022-10-24 19:10:59.711 | INFO     |  4893 | msm.skill_entry | Installing system requirements...
2022-10-24 19:10:59.729 | INFO     |  4893 | msm.skill_entry | Installing system requirements...
2022-10-24 19:10:59.757 | INFO     |  4893 | msm.skill_entry | Installing system requirements...
2022-10-24 19:10:59.772 | INFO     |  4893 | msm.skill_entry | Installing system requirements...
2022-10-24 19:10:59.789 | INFO     |  4893 | msm.skill_entry | Successfully installed mycroft-playback-control
2022-10-24 19:10:59.789 | INFO     |  4893 | msm.mycroft_skills_manager | invalidating skills cache
2022-10-24 19:10:59.791 | INFO     |  4893 | msm.skill_entry | Installing system requirements...
2022-10-24 19:10:59.795 | INFO     |  4893 | msm.skill_entry | Downloading skill: https://github.com/mycroftai/skill-support
2022-10-24 19:10:59.800 | INFO     |  4893 | msm.skill_entry | Installing system requirements...
2022-10-24 19:10:59.804 | INFO     |  4893 | msm.skill_entry | Downloading skill: https://github.com/mycroftai/skill-stop
2022-10-24 19:10:59.838 | INFO     |  4893 | msm.skill_entry | Installing requirements.txt for mycroft-volume
2022-10-24 19:10:59.878 | INFO     |  4893 | msm.skill_entry | Successfully installed mycroft-hello-world
2022-10-24 19:10:59.878 | INFO     |  4893 | msm.mycroft_skills_manager | invalidating skills cache
2022-10-24 19:10:59.880 | INFO     |  4893 | msm.skill_entry | Downloading skill: https://github.com/mycroftai/mycroft-timer
2022-10-24 19:10:59.894 | INFO     |  4893 | msm.skill_entry | Installing system requirements...
2022-10-24 19:10:59.903 | INFO     |  4893 | msm.skill_entry | Installing system requirements...
2022-10-24 19:10:59.913 | INFO     |  4893 | msm.skill_entry | Successfully installed mycroft-naptime
2022-10-24 19:10:59.914 | INFO     |  4893 | msm.mycroft_skills_manager | invalidating skills cache
2022-10-24 19:10:59.915 | INFO     |  4893 | msm.skill_entry | Downloading skill: https://github.com/mycroftai/skill-weather
2022-10-24 19:10:59.952 | INFO     |  4893 | msm.skill_entry | Installing requirements.txt for mycroft-npr-news
2022-10-24 19:10:59.957 | INFO     |  4893 | msm.skill_entry | Successfully installed mycroft-personal
2022-10-24 19:10:59.957 | INFO     |  4893 | msm.mycroft_skills_manager | invalidating skills cache
2022-10-24 19:10:59.958 | INFO     |  4893 | msm.skill_entry | Downloading skill: https://github.com/mycroftai/skill-version-checker
2022-10-24 19:10:59.965 | INFO     |  4893 | msm.skill_entry | Successfully installed mycroft-speak
2022-10-24 19:10:59.966 | INFO     |  4893 | msm.mycroft_skills_manager | invalidating skills cache
2022-10-24 19:10:59.971 | INFO     |  4893 | msm.skill_entry | Installing requirements.txt for fallback-wolfram-alpha
2022-10-24 19:10:59.972 | INFO     |  4893 | msm.skill_entry | Downloading skill: https://github.com/mycroftai/skill-wiki
2022-10-24 19:10:59.981 | INFO     |  4893 | msm.skill_entry | Installing system requirements...
2022-10-24 19:11:00.018 | INFO     |  4893 | msm.skill_entry | Installing system requirements...
2022-10-24 19:11:00.027 | INFO     |  4893 | msm.skill_entry | Installing requirements.txt for mycroft-installer
2022-10-24 19:11:00.071 | INFO     |  4893 | msm.skill_entry | Successfully installed mycroft-reminder
2022-10-24 19:11:00.071 | INFO     |  4893 | msm.mycroft_skills_manager | invalidating skills cache
2022-10-24 19:11:00.072 | INFO     |  4893 | msm.skill_entry | Downloading skill: https://github.com/MycroftAI/skill-query
2022-10-24 19:11:00.107 | INFO     |  4893 | msm.skill_entry | Successfully installed mycroft-spelling
2022-10-24 19:11:00.107 | INFO     |  4893 | msm.mycroft_skills_manager | invalidating skills cache
2022-10-24 19:11:00.149 | INFO     |  4893 | msm.skill_entry | Installing requirements.txt for mycroft-date-time
2022-10-24 19:11:00.315 | INFO     |  4893 | msm.skill_entry | Installing system requirements...
2022-10-24 19:11:00.383 | INFO     |  4893 | msm.skill_entry | Installing requirements.txt for mycroft-alarm
2022-10-24 19:11:00.793 | ERROR    |  4893 | msm.mycroft_skills_manager | Error running install_or_update on homeassistant: MergeConflict
2022-10-24 19:11:00.821 | INFO     |  4893 | msm.skill_entry | Installing system requirements...
2022-10-24 19:11:00.840 | INFO     |  4893 | msm.skill_entry | Installing system requirements...
2022-10-24 19:11:00.886 | INFO     |  4893 | msm.skill_entry | Installing system requirements...
2022-10-24 19:11:00.923 | INFO     |  4893 | msm.skill_entry | Installing system requirements...
2022-10-24 19:11:00.959 | INFO     |  4893 | msm.skill_entry | Installing system requirements...
2022-10-24 19:11:00.961 | INFO     |  4893 | msm.skill_entry | Successfully installed mycroft-stop
2022-10-24 19:11:00.962 | INFO     |  4893 | msm.mycroft_skills_manager | invalidating skills cache
2022-10-24 19:11:00.965 | INFO     |  4893 | msm.skill_entry | Installing requirements.txt for mycroft-support-helper
2022-10-24 19:11:00.997 | INFO     |  4893 | msm.skill_entry | Successfully installed mycroft-version-checker
2022-10-24 19:11:00.997 | INFO     |  4893 | msm.mycroft_skills_manager | invalidating skills cache
2022-10-24 19:11:01.018 | INFO     |  4893 | msm.skill_entry | Successfully installed fallback-query
2022-10-24 19:11:01.018 | INFO     |  4893 | msm.mycroft_skills_manager | invalidating skills cache
2022-10-24 19:11:01.057 | INFO     |  4893 | msm.skill_entry | Installing requirements.txt for mycroft-wiki
2022-10-24 19:11:01.257 | INFO     |  4893 | msm.skill_entry | Installing system requirements...
2022-10-24 19:11:01.297 | INFO     |  4893 | msm.skill_entry | Successfully installed mycroft-timer
2022-10-24 19:11:01.299 | INFO     |  4893 | msm.mycroft_skills_manager | invalidating skills cache
2022-10-24 19:11:01.416 | INFO     |  4893 | msm.skill_entry | Installing system requirements...
2022-10-24 19:11:01.448 | INFO     |  4893 | msm.skill_entry | Installing requirements.txt for mycroft-weather
2022-10-24 19:11:02.034 | INFO     |  4893 | msm.skill_entry | Successfully installed mycroft-fallback-duck-duck-go
2022-10-24 19:11:02.034 | INFO     |  4893 | msm.mycroft_skills_manager | invalidating skills cache
2022-10-24 19:11:02.760 | INFO     |  4893 | msm.skill_entry | Installing system requirements...
2022-10-24 19:11:02.775 | INFO     |  4893 | msm.skill_entry | Successfully installed mycroft-singing
2022-10-24 19:11:02.775 | INFO     |  4893 | msm.mycroft_skills_manager | invalidating skills cache
2022-10-24 19:11:03.141 | INFO     |  4893 | msm.skill_entry | Successfully installed mycroft-ip
2022-10-24 19:11:03.142 | INFO     |  4893 | msm.mycroft_skills_manager | invalidating skills cache
2022-10-24 19:11:04.021 | INFO     |  4893 | msm.skill_entry | Successfully installed mycroft-audio-record
2022-10-24 19:11:04.022 | INFO     |  4893 | msm.mycroft_skills_manager | invalidating skills cache
2022-10-24 19:11:06.757 | INFO     |  4893 | msm.skill_entry | Successfully installed mycroft-configuration
2022-10-24 19:11:06.758 | INFO     |  4893 | msm.mycroft_skills_manager | invalidating skills cache
2022-10-24 19:11:08.180 | INFO     |  4893 | msm.skill_entry | Successfully installed mycroft-joke
2022-10-24 19:11:08.183 | INFO     |  4893 | msm.mycroft_skills_manager | invalidating skills cache
2022-10-24 19:11:12.419 | INFO     |  4893 | msm.skill_entry | Successfully installed mycroft-npr-news
2022-10-24 19:11:12.419 | INFO     |  4893 | msm.mycroft_skills_manager | invalidating skills cache
2022-10-24 19:11:15.212 | INFO     |  4893 | msm.skill_entry | Successfully installed fallback-wolfram-alpha
2022-10-24 19:11:15.212 | INFO     |  4893 | msm.mycroft_skills_manager | invalidating skills cache
2022-10-24 19:11:16.101 | INFO     |  4893 | msm.skill_entry | Successfully installed mycroft-installer
2022-10-24 19:11:16.101 | INFO     |  4893 | msm.mycroft_skills_manager | invalidating skills cache
2022-10-24 19:11:27.643 | INFO     |  4893 | PairingSkill | Initiating device pairing sequence...
2022-10-24 19:11:27.643 | INFO     |  4893 | PairingSkill | Retrieving pairing code from device API...
2022-10-24 19:11:27.958 | INFO     |  4893 | PairingSkill | Pairing code obtained: FW4K7C
2022-10-24 19:11:27.958 | INFO     |  4893 | PairingSkill | Communicating pairing URL to user
2022-10-24 19:11:33.316 | INFO     |  4893 | msm.skill_entry | Successfully installed mycroft-date-time
2022-10-24 19:11:33.317 | INFO     |  4893 | msm.mycroft_skills_manager | invalidating skills cache
2022-10-24 19:11:34.265 | INFO     |  4893 | msm.skill_entry | Successfully installed mycroft-alarm
2022-10-24 19:11:34.265 | INFO     |  4893 | msm.mycroft_skills_manager | invalidating skills cache
2022-10-24 19:11:36.782 | INFO     |  4893 | msm.skill_entry | Successfully installed mycroft-support-helper
2022-10-24 19:11:36.782 | INFO     |  4893 | msm.mycroft_skills_manager | invalidating skills cache
2022-10-24 19:11:38.918 | INFO     |  4893 | msm.skill_entry | Successfully installed mycroft-wiki
2022-10-24 19:11:38.918 | INFO     |  4893 | msm.mycroft_skills_manager | invalidating skills cache
2022-10-24 19:11:40.867 | INFO     |  4893 | msm.skill_entry | Successfully installed mycroft-weather
2022-10-24 19:11:40.867 | INFO     |  4893 | msm.mycroft_skills_manager | invalidating skills cache
2022-10-24 19:11:40.908 | INFO     |  4893 | mycroft.skills.skill_updater:_log_next_download_time:267 | Next scheduled skill update: 2022-10-24 20:11:40.907828
2022-10-24 19:11:40.908 | INFO     |  4893 | mycroft.skills.skill_updater:update_skills:170 | Skill update complete
2022-10-24 19:11:40.908 | INFO     |  4893 | mycroft.skills.skill_manager:_load_on_startup:273 | Loading installed skills...
2022-10-24 19:11:40.910 | INFO     |  4893 | mycroft.skills.skill_loader:load:185 | ATTEMPTING TO LOAD SKILL: mycroft-ip.mycroftai
2022-10-24 19:11:41.073 | INFO     |  4893 | mycroft.skills.settings:get_local_settings:83 | /opt/mycroft/skills/mycroft-ip.mycroftai/settings.json
2022-10-24 19:11:41.087 | INFO     |  4893 | mycroft.skills.skill_loader:_check_for_first_run:324 | First run of mycroft-ip.mycroftai
2022-10-24 19:11:41.089 | INFO     |  4893 | mycroft.skills.settings:save_settings:116 | Skill settings successfully saved to /home/runner/.config/mycroft/skills/mycroft-ip.mycroftai/settings.json
2022-10-24 19:11:41.111 | INFO     |  4893 | mycroft.skills.skill_loader:_communicate_load_status:344 | Skill mycroft-ip.mycroftai loaded successfully
2022-10-24 19:11:41.112 | INFO     |  4893 | mycroft.skills.skill_loader:load:185 | ATTEMPTING TO LOAD SKILL: mycroft-installer.mycroftai
2022-10-24 19:11:41.129 | INFO     |  4893 | mycroft.skills.settings:get_local_settings:83 | /opt/mycroft/skills/mycroft-installer.mycroftai/settings.json
2022-10-24 19:11:41.144 | INFO     |  4893 | mycroft.skills.skill_loader:_check_for_first_run:324 | First run of mycroft-installer.mycroftai
2022-10-24 19:11:41.144 | INFO     |  4893 | mycroft.skills.settings:save_settings:116 | Skill settings successfully saved to /home/runner/.config/mycroft/skills/mycroft-installer.mycroftai/settings.json
2022-10-24 19:11:41.163 | INFO     |  4893 | mycroft.skills.skill_loader:_communicate_load_status:344 | Skill mycroft-installer.mycroftai loaded successfully
2022-10-24 19:11:41.164 | INFO     |  4893 | mycroft.skills.skill_loader:load:185 | ATTEMPTING TO LOAD SKILL: mycroft-audio-record.mycroftai
2022-10-24 19:11:41.169 | INFO     |  4893 | mycroft.skills.settings:get_local_settings:83 | /opt/mycroft/skills/mycroft-audio-record.mycroftai/settings.json
2022-10-24 19:11:41.179 | INFO     |  4893 | mycroft.skills.skill_loader:_check_for_first_run:324 | First run of mycroft-audio-record.mycroftai
2022-10-24 19:11:41.180 | INFO     |  4893 | mycroft.skills.settings:save_settings:116 | Skill settings successfully saved to /home/runner/.config/mycroft/skills/mycroft-audio-record.mycroftai/settings.json
2022-10-24 19:11:41.216 | INFO     |  4893 | mycroft.skills.skill_loader:_communicate_load_status:344 | Skill mycroft-audio-record.mycroftai loaded successfully
2022-10-24 19:11:41.216 | INFO     |  4893 | mycroft.skills.skill_loader:load:185 | ATTEMPTING TO LOAD SKILL: mycroft-playback-control.mycroftai
2022-10-24 19:11:41.221 | INFO     |  4893 | mycroft.skills.settings:get_local_settings:83 | /opt/mycroft/skills/mycroft-playback-control.mycroftai/settings.json
2022-10-24 19:11:41.267 | INFO     |  4893 | mycroft.skills.skill_loader:_check_for_first_run:324 | First run of mycroft-playback-control.mycroftai
2022-10-24 19:11:41.268 | INFO     |  4893 | mycroft.skills.settings:save_settings:116 | Skill settings successfully saved to /home/runner/.config/mycroft/skills/mycroft-playback-control.mycroftai/settings.json
2022-10-24 19:11:41.318 | INFO     |  4893 | mycroft.skills.skill_loader:_communicate_load_status:344 | Skill mycroft-playback-control.mycroftai loaded successfully
2022-10-24 19:11:41.319 | INFO     |  4893 | mycroft.skills.skill_loader:load:185 | ATTEMPTING TO LOAD SKILL: fallback-unknown.mycroftai
2022-10-24 19:11:41.324 | INFO     |  4893 | mycroft.skills.settings:get_local_settings:83 | /opt/mycroft/skills/fallback-unknown.mycroftai/settings.json
2022-10-24 19:11:41.330 | INFO     |  4893 | mycroft.skills.skill_loader:_check_for_first_run:324 | First run of fallback-unknown.mycroftai
2022-10-24 19:11:41.334 | INFO     |  4893 | mycroft.skills.settings:save_settings:116 | Skill settings successfully saved to /home/runner/.config/mycroft/skills/fallback-unknown.mycroftai/settings.json
2022-10-24 19:11:41.368 | INFO     |  4893 | mycroft.skills.skill_loader:_communicate_load_status:344 | Skill fallback-unknown.mycroftai loaded successfully
2022-10-24 19:11:41.370 | INFO     |  4893 | mycroft.skills.skill_loader:load:185 | ATTEMPTING TO LOAD SKILL: mycroft-hello-world.mycroftai
2022-10-24 19:11:41.373 | INFO     |  4893 | mycroft.skills.settings:get_local_settings:83 | /opt/mycroft/skills/mycroft-hello-world.mycroftai/settings.json
2022-10-24 19:11:41.382 | INFO     |  4893 | mycroft.skills.skill_loader:_check_for_first_run:324 | First run of mycroft-hello-world.mycroftai
2022-10-24 19:11:41.383 | INFO     |  4893 | mycroft.skills.settings:save_settings:116 | Skill settings successfully saved to /home/runner/.config/mycroft/skills/mycroft-hello-world.mycroftai/settings.json
2022-10-24 19:11:41.417 | INFO     |  4893 | mycroft.skills.skill_loader:_communicate_load_status:344 | Skill mycroft-hello-world.mycroftai loaded successfully
2022-10-24 19:11:41.418 | INFO     |  4893 | mycroft.skills.skill_loader:load:185 | ATTEMPTING TO LOAD SKILL: mycroft-npr-news.mycroftai
2022-10-24 19:11:41.509 | INFO     |  4893 | mycroft.skills.settings:get_local_settings:83 | /opt/mycroft/skills/mycroft-npr-news.mycroftai/settings.json
2022-10-24 19:11:42.524 | INFO     |  4893 | mycroft.skills.skill_loader:_check_for_first_run:324 | First run of mycroft-npr-news.mycroftai
2022-10-24 19:11:42.524 | INFO     |  4893 | mycroft.skills.settings:save_settings:116 | Skill settings successfully saved to /home/runner/.config/mycroft/skills/mycroft-npr-news.mycroftai/settings.json
2022-10-24 19:11:42.557 | INFO     |  4893 | mycroft.skills.skill_loader:_communicate_load_status:344 | Skill mycroft-npr-news.mycroftai loaded successfully
2022-10-24 19:11:42.557 | INFO     |  4893 | mycroft.skills.skill_loader:load:185 | ATTEMPTING TO LOAD SKILL: mycroft-timer.mycroftai
2022-10-24 19:11:42.571 | INFO     |  4893 | mycroft.skills.settings:get_local_settings:83 | /opt/mycroft/skills/mycroft-timer.mycroftai/settings.json
2022-10-24 19:11:42.609 | INFO     |  4893 | mycroft.skills.skill_loader:_check_for_first_run:324 | First run of mycroft-timer.mycroftai
2022-10-24 19:11:42.610 | INFO     |  4893 | mycroft.skills.settings:save_settings:116 | Skill settings successfully saved to /home/runner/.config/mycroft/skills/mycroft-timer.mycroftai/settings.json
2022-10-24 19:11:42.620 | INFO     |  4893 | mycroft.skills.skill_loader:_communicate_load_status:344 | Skill mycroft-timer.mycroftai loaded successfully
2022-10-24 19:11:42.621 | INFO     |  4893 | mycroft.skills.skill_loader:load:185 | ATTEMPTING TO LOAD SKILL: mycroft-reminder.mycroftai
2022-10-24 19:11:42.691 | INFO     |  4893 | mycroft.skills.settings:get_local_settings:83 | /opt/mycroft/skills/mycroft-reminder.mycroftai/settings.json
2022-10-24 19:11:42.726 | INFO     |  4893 | mycroft.skills.skill_loader:_check_for_first_run:324 | First run of mycroft-reminder.mycroftai
2022-10-24 19:11:42.769 | INFO     |  4893 | mycroft.skills.settings:save_settings:116 | Skill settings successfully saved to /home/runner/.config/mycroft/skills/mycroft-reminder.mycroftai/settings.json
2022-10-24 19:11:42.812 | INFO     |  4893 | mycroft.skills.skill_loader:_communicate_load_status:344 | Skill mycroft-reminder.mycroftai loaded successfully
2022-10-24 19:11:42.812 | INFO     |  4893 | mycroft.skills.skill_loader:load:185 | ATTEMPTING TO LOAD SKILL: mycroft-spelling.mycroftai
2022-10-24 19:11:42.817 | INFO     |  4893 | mycroft.skills.settings:get_local_settings:83 | /opt/mycroft/skills/mycroft-spelling.mycroftai/settings.json
2022-10-24 19:11:42.878 | INFO     |  4893 | mycroft.skills.skill_loader:_check_for_first_run:324 | First run of mycroft-spelling.mycroftai
2022-10-24 19:11:42.885 | INFO     |  4893 | mycroft.skills.settings:save_settings:116 | Skill settings successfully saved to /home/runner/.config/mycroft/skills/mycroft-spelling.mycroftai/settings.json
2022-10-24 19:11:42.888 | INFO     |  4893 | mycroft.skills.skill_loader:_communicate_load_status:344 | Skill mycroft-spelling.mycroftai loaded successfully
2022-10-24 19:11:42.888 | INFO     |  4893 | mycroft.skills.skill_loader:load:185 | ATTEMPTING TO LOAD SKILL: fallback-wolfram-alpha.mycroftai
2022-10-24 19:11:42.951 | INFO     |  4893 | mycroft.skills.settings:get_local_settings:83 | /opt/mycroft/skills/fallback-wolfram-alpha.mycroftai/settings.json
2022-10-24 19:11:42.965 | INFO     |  4893 | mycroft.skills.skill_loader:_check_for_first_run:324 | First run of fallback-wolfram-alpha.mycroftai
2022-10-24 19:11:42.965 | INFO     |  4893 | mycroft.skills.settings:save_settings:116 | Skill settings successfully saved to /home/runner/.config/mycroft/skills/fallback-wolfram-alpha.mycroftai/settings.json
2022-10-24 19:11:42.974 | INFO     |  4893 | mycroft.skills.skill_loader:_communicate_load_status:344 | Skill fallback-wolfram-alpha.mycroftai loaded successfully
2022-10-24 19:11:42.975 | INFO     |  4893 | mycroft.skills.skill_loader:load:185 | ATTEMPTING TO LOAD SKILL: mycroft-joke.mycroftai
2022-10-24 19:11:42.979 | INFO     |  4893 | mycroft.skills.settings:get_local_settings:83 | /opt/mycroft/skills/mycroft-joke.mycroftai/settings.json
2022-10-24 19:11:43.019 | INFO     |  4893 | mycroft.skills.skill_loader:_check_for_first_run:324 | First run of mycroft-joke.mycroftai
2022-10-24 19:11:43.019 | INFO     |  4893 | mycroft.skills.settings:save_settings:116 | Skill settings successfully saved to /home/runner/.config/mycroft/skills/mycroft-joke.mycroftai/settings.json
2022-10-24 19:11:43.020 | INFO     |  4893 | mycroft.skills.skill_loader:_communicate_load_status:344 | Skill mycroft-joke.mycroftai loaded successfully
2022-10-24 19:11:43.021 | INFO     |  4893 | mycroft.skills.skill_loader:load:185 | ATTEMPTING TO LOAD SKILL: mycroft-version-checker.mycroftai
2022-10-24 19:11:43.036 | INFO     |  4893 | mycroft.skills.settings:get_local_settings:83 | /opt/mycroft/skills/mycroft-version-checker.mycroftai/settings.json
2022-10-24 19:11:43.054 | INFO     |  4893 | mycroft.skills.skill_loader:_check_for_first_run:324 | First run of mycroft-version-checker.mycroftai
2022-10-24 19:11:43.055 | INFO     |  4893 | mycroft.skills.settings:save_settings:116 | Skill settings successfully saved to /home/runner/.config/mycroft/skills/mycroft-version-checker.mycroftai/settings.json
2022-10-24 19:11:43.056 | INFO     |  4893 | mycroft.skills.skill_loader:_communicate_load_status:344 | Skill mycroft-version-checker.mycroftai loaded successfully
2022-10-24 19:11:43.056 | INFO     |  4893 | mycroft.skills.skill_loader:load:185 | ATTEMPTING TO LOAD SKILL: mycroft-configuration.mycroftai
2022-10-24 19:11:43.060 | INFO     |  4893 | mycroft.skills.settings:get_local_settings:83 | /opt/mycroft/skills/mycroft-configuration.mycroftai/settings.json
2022-10-24 19:11:43.122 | INFO     |  4893 | mycroft.skills.skill_loader:_check_for_first_run:324 | First run of mycroft-configuration.mycroftai
2022-10-24 19:11:43.122 | INFO     |  4893 | mycroft.skills.settings:save_settings:116 | Skill settings successfully saved to /home/runner/.config/mycroft/skills/mycroft-configuration.mycroftai/settings.json
2022-10-24 19:11:43.127 | INFO     |  4893 | mycroft.skills.skill_loader:_communicate_load_status:344 | Skill mycroft-configuration.mycroftai loaded successfully
2022-10-24 19:11:43.129 | INFO     |  4893 | mycroft.skills.skill_loader:load:185 | ATTEMPTING TO LOAD SKILL: homeassistant.mycroftai
2022-10-24 19:11:43.374 | INFO     |  4893 | mycroft.skills.settings:get_local_settings:83 | /opt/mycroft/skills/homeassistant.mycroftai/settings.json
2022-10-24 19:11:43.375 | INFO     |  4893 | mycroft.skills.settings:get_local_settings:83 | /opt/mycroft/skills/homeassistant.mycroftai/settings.json
2022-10-24 19:11:44.420 | INFO     |  4893 | mycroft.skills.skill_loader:_communicate_load_status:344 | Skill homeassistant.mycroftai loaded successfully
2022-10-24 19:11:44.420 | INFO     |  4893 | mycroft.skills.skill_loader:load:185 | ATTEMPTING TO LOAD SKILL: mycroft-fallback-duck-duck-go.mycroftai
2022-10-24 19:11:44.437 | INFO     |  4893 | mycroft.skills.settings:get_local_settings:83 | /opt/mycroft/skills/mycroft-fallback-duck-duck-go.mycroftai/settings.json
2022-10-24 19:11:44.459 | INFO     |  4893 | mycroft.skills.skill_loader:_check_for_first_run:324 | First run of mycroft-fallback-duck-duck-go.mycroftai
2022-10-24 19:11:44.459 | INFO     |  4893 | mycroft.skills.settings:save_settings:116 | Skill settings successfully saved to /home/runner/.config/mycroft/skills/mycroft-fallback-duck-duck-go.mycroftai/settings.json
2022-10-24 19:11:44.463 | INFO     |  4893 | mycroft.skills.skill_loader:_communicate_load_status:344 | Skill mycroft-fallback-duck-duck-go.mycroftai loaded successfully
2022-10-24 19:11:44.464 | INFO     |  4893 | mycroft.skills.skill_loader:load:185 | ATTEMPTING TO LOAD SKILL: mycroft-stop.mycroftai
2022-10-24 19:11:44.467 | INFO     |  4893 | mycroft.skills.settings:get_local_settings:83 | /opt/mycroft/skills/mycroft-stop.mycroftai/settings.json
2022-10-24 19:11:44.497 | INFO     |  4893 | mycroft.skills.skill_loader:_check_for_first_run:324 | First run of mycroft-stop.mycroftai
2022-10-24 19:11:44.497 | INFO     |  4893 | mycroft.skills.settings:save_settings:116 | Skill settings successfully saved to /home/runner/.config/mycroft/skills/mycroft-stop.mycroftai/settings.json
2022-10-24 19:11:44.501 | INFO     |  4893 | mycroft.skills.skill_loader:_communicate_load_status:344 | Skill mycroft-stop.mycroftai loaded successfully
2022-10-24 19:11:44.502 | INFO     |  4893 | mycroft.skills.skill_loader:load:185 | ATTEMPTING TO LOAD SKILL: mycroft-personal.mycroftai
2022-10-24 19:11:44.509 | INFO     |  4893 | mycroft.skills.settings:get_local_settings:83 | /opt/mycroft/skills/mycroft-personal.mycroftai/settings.json
2022-10-24 19:11:44.544 | INFO     |  4893 | mycroft.skills.skill_loader:_check_for_first_run:324 | First run of mycroft-personal.mycroftai
2022-10-24 19:11:44.545 | INFO     |  4893 | mycroft.skills.settings:save_settings:116 | Skill settings successfully saved to /home/runner/.config/mycroft/skills/mycroft-personal.mycroftai/settings.json
2022-10-24 19:11:44.555 | INFO     |  4893 | mycroft.skills.skill_loader:_communicate_load_status:344 | Skill mycroft-personal.mycroftai loaded successfully
2022-10-24 19:11:44.555 | INFO     |  4893 | mycroft.skills.skill_loader:load:185 | ATTEMPTING TO LOAD SKILL: mycroft-date-time.mycroftai
2022-10-24 19:11:45.009 | INFO     |  4893 | mycroft.skills.settings:get_local_settings:83 | /opt/mycroft/skills/mycroft-date-time.mycroftai/settings.json
2022-10-24 19:11:45.079 | INFO     |  4893 | TimeSkill | Registering resting screen <bound method TimeSkill.handle_idle of <mycroft-date-time_mycroftai.TimeSkill object at 0x7f1f2caa0710>> for Time and Date.
2022-10-24 19:11:45.083 | INFO     |  4893 | TimeSkill | Registering resting screen
2022-10-24 19:11:45.095 | INFO     |  4893 | mycroft.skills.skill_loader:_check_for_first_run:324 | First run of mycroft-date-time.mycroftai
2022-10-24 19:11:45.095 | INFO     |  4893 | mycroft.skills.settings:save_settings:116 | Skill settings successfully saved to /home/runner/.config/mycroft/skills/mycroft-date-time.mycroftai/settings.json
2022-10-24 19:11:45.098 | INFO     |  4893 | mycroft.skills.skill_loader:_communicate_load_status:344 | Skill mycroft-date-time.mycroftai loaded successfully
2022-10-24 19:11:45.098 | INFO     |  4893 | mycroft.skills.skill_loader:load:185 | ATTEMPTING TO LOAD SKILL: mycroft-wiki.mycroftai
2022-10-24 19:11:45.110 | INFO     |  4893 | mycroft.skills.settings:get_local_settings:83 | /opt/mycroft/skills/mycroft-wiki.mycroftai/settings.json
2022-10-24 19:11:45.156 | INFO     |  4893 | mycroft.skills.skill_loader:_check_for_first_run:324 | First run of mycroft-wiki.mycroftai
2022-10-24 19:11:45.157 | INFO     |  4893 | mycroft.skills.settings:save_settings:116 | Skill settings successfully saved to /home/runner/.config/mycroft/skills/mycroft-wiki.mycroftai/settings.json
2022-10-24 19:11:45.160 | INFO     |  4893 | mycroft.skills.skill_loader:_communicate_load_status:344 | Skill mycroft-wiki.mycroftai loaded successfully
2022-10-24 19:11:45.160 | INFO     |  4893 | mycroft.skills.skill_loader:load:185 | ATTEMPTING TO LOAD SKILL: mycroft-weather.mycroftai
2022-10-24 19:11:45.231 | INFO     |  4893 | mycroft.skills.settings:get_local_settings:83 | /opt/mycroft/skills/mycroft-weather.mycroftai/settings.json
2022-10-24 19:11:45.380 | INFO     |  4893 | mycroft.skills.skill_loader:_check_for_first_run:324 | First run of mycroft-weather.mycroftai
2022-10-24 19:11:45.380 | INFO     |  4893 | mycroft.skills.settings:save_settings:116 | Skill settings successfully saved to /home/runner/.config/mycroft/skills/mycroft-weather.mycroftai/settings.json
2022-10-24 19:11:45.401 | INFO     |  4893 | mycroft.skills.skill_loader:_communicate_load_status:344 | Skill mycroft-weather.mycroftai loaded successfully
2022-10-24 19:11:45.401 | INFO     |  4893 | mycroft.skills.skill_loader:load:185 | ATTEMPTING TO LOAD SKILL: mycroft-support-helper.mycroftai
2022-10-24 19:11:45.427 | INFO     |  4893 | mycroft.skills.settings:get_local_settings:83 | /opt/mycroft/skills/mycroft-support-helper.mycroftai/settings.json
2022-10-24 19:11:45.438 | INFO     |  4893 | mycroft.skills.skill_loader:_check_for_first_run:324 | First run of mycroft-support-helper.mycroftai
2022-10-24 19:11:45.439 | INFO     |  4893 | mycroft.skills.settings:save_settings:116 | Skill settings successfully saved to /home/runner/.config/mycroft/skills/mycroft-support-helper.mycroftai/settings.json
2022-10-24 19:11:45.439 | INFO     |  4893 | mycroft.skills.skill_loader:_communicate_load_status:344 | Skill mycroft-support-helper.mycroftai loaded successfully
2022-10-24 19:11:45.453 | INFO     |  4893 | mycroft.skills.skill_loader:load:185 | ATTEMPTING TO LOAD SKILL: fallback-query.mycroftai
2022-10-24 19:11:45.471 | INFO     |  4893 | mycroft.skills.settings:get_local_settings:83 | /opt/mycroft/skills/fallback-query.mycroftai/settings.json
2022-10-24 19:11:45.490 | INFO     |  4893 | mycroft.skills.skill_loader:_check_for_first_run:324 | First run of fallback-query.mycroftai
2022-10-24 19:11:45.490 | INFO     |  4893 | mycroft.skills.settings:save_settings:116 | Skill settings successfully saved to /home/runner/.config/mycroft/skills/fallback-query.mycroftai/settings.json
2022-10-24 19:11:45.496 | INFO     |  4893 | mycroft.skills.skill_loader:_communicate_load_status:344 | Skill fallback-query.mycroftai loaded successfully
2022-10-24 19:11:45.496 | INFO     |  4893 | mycroft.skills.skill_loader:load:185 | ATTEMPTING TO LOAD SKILL: mycroft-alarm.mycroftai
2022-10-24 19:11:45.544 | INFO     |  4893 | mycroft.skills.settings:get_local_settings:83 | /opt/mycroft/skills/mycroft-alarm.mycroftai/settings.json
2022-10-24 19:11:45.544 | ERROR    |  4893 | AlarmSkill | Couldn't allocate mixer, ALSAAudioError('No such file or directory [default]')
2022-10-24 19:11:45.646 | INFO     |  4893 | mycroft.skills.skill_loader:_check_for_first_run:324 | First run of mycroft-alarm.mycroftai
2022-10-24 19:11:45.653 | INFO     |  4893 | mycroft.skills.settings:save_settings:116 | Skill settings successfully saved to /home/runner/.config/mycroft/skills/mycroft-alarm.mycroftai/settings.json
2022-10-24 19:11:45.655 | INFO     |  4893 | mycroft.skills.skill_loader:_communicate_load_status:344 | Skill mycroft-alarm.mycroftai loaded successfully
2022-10-24 19:11:45.655 | INFO     |  4893 | mycroft.skills.skill_loader:load:185 | ATTEMPTING TO LOAD SKILL: mycroft-singing.mycroftai
2022-10-24 19:11:45.672 | INFO     |  4893 | mycroft.skills.settings:get_local_settings:83 | /opt/mycroft/skills/mycroft-singing.mycroftai/settings.json
2022-10-24 19:11:45.693 | INFO     |  4893 | mycroft.skills.skill_loader:_check_for_first_run:324 | First run of mycroft-singing.mycroftai
2022-10-24 19:11:45.693 | INFO     |  4893 | mycroft.skills.settings:save_settings:116 | Skill settings successfully saved to /home/runner/.config/mycroft/skills/mycroft-singing.mycroftai/settings.json
2022-10-24 19:11:45.703 | INFO     |  4893 | mycroft.skills.skill_loader:_communicate_load_status:344 | Skill mycroft-singing.mycroftai loaded successfully
2022-10-24 19:11:45.703 | INFO     |  4893 | mycroft.skills.skill_loader:load:185 | ATTEMPTING TO LOAD SKILL: mycroft-speak.mycroftai
2022-10-24 19:11:45.707 | INFO     |  4893 | mycroft.skills.settings:get_local_settings:83 | /opt/mycroft/skills/mycroft-speak.mycroftai/settings.json
2022-10-24 19:11:45.752 | INFO     |  4893 | mycroft.skills.skill_loader:_check_for_first_run:324 | First run of mycroft-speak.mycroftai
2022-10-24 19:11:45.753 | INFO     |  4893 | mycroft.skills.settings:save_settings:116 | Skill settings successfully saved to /home/runner/.config/mycroft/skills/mycroft-speak.mycroftai/settings.json
2022-10-24 19:11:45.763 | INFO     |  4893 | mycroft.skills.skill_loader:_communicate_load_status:344 | Skill mycroft-speak.mycroftai loaded successfully
2022-10-24 19:11:45.763 | INFO     |  4893 | mycroft.skills.skill_loader:load:185 | ATTEMPTING TO LOAD SKILL: mycroft-naptime.mycroftai
2022-10-24 19:11:45.767 | INFO     |  4893 | mycroft.skills.settings:get_local_settings:83 | /opt/mycroft/skills/mycroft-naptime.mycroftai/settings.json
2022-10-24 19:11:45.802 | INFO     |  4893 | mycroft.skills.skill_loader:_check_for_first_run:324 | First run of mycroft-naptime.mycroftai
2022-10-24 19:11:45.808 | INFO     |  4893 | mycroft.skills.settings:save_settings:116 | Skill settings successfully saved to /home/runner/.config/mycroft/skills/mycroft-naptime.mycroftai/settings.json
2022-10-24 19:11:45.809 | INFO     |  4893 | mycroft.skills.skill_loader:_communicate_load_status:344 | Skill mycroft-naptime.mycroftai loaded successfully
2022-10-24 19:11:45.809 | INFO     |  4893 | mycroft.skills.skill_manager:_load_on_startup:275 | Skills all loaded!
2022-10-24 19:11:45.841 | INFO     |  4893 | __main__:on_ready:185 | Skills service is ready.
2022-10-24 19:11:46.693 | INFO     |  4893 | mycroft.skills.intent_services.padatious_service:train:151 | Training... (single_thread=False)
Regenerated mycroft-alarm.mycroftai:{daytype}.
Regenerated mycroft-installer.mycroftai:install.intent.
Regenerated mycroft-installer.mycroftai:list.skills.intent.
Regenerated mycroft-installer.mycroftai:install.custom.intent.
Regenerated mycroft-installer.mycroftai:remove.intent.
Regenerated mycroft-installer.mycroftai:install.beta.intent.
Regenerated mycroft-installer.mycroftai:is.installed.intent.
Regenerated mycroft-audio-record.mycroftai:StartRecording.intent.
Regenerated mycroft-audio-record.mycroftai:PlayRecording.intent.
Regenerated mycroft-reminder.mycroftai:ReminderAt.intent.
Regenerated mycroft-reminder.mycroftai:GetNextReminders.intent.
Regenerated mycroft-reminder.mycroftai:Reminder.intent.
Regenerated mycroft-reminder.mycroftai:ClearReminders.intent.
Regenerated mycroft-reminder.mycroftai:SnoozeReminder.intent.
Regenerated mycroft-configuration.mycroftai:WhereAreYou.intent.
Regenerated mycroft-configuration.mycroftai:EnablePreciseDev.intent.
Regenerated mycroft-configuration.mycroftai:DisablePreciseDev.intent.
Regenerated homeassistant.mycroftai:decrease.light.brightness.intent.
Regenerated homeassistant.mycroftai:show.camera.image.intent.
Regenerated homeassistant.mycroftai:automation.intent.
Regenerated homeassistant.mycroftai:close.intent.
Regenerated homeassistant.mycroftai:set.climate.intent.
Regenerated homeassistant.mycroftai:turn.off.intent.
Regenerated homeassistant.mycroftai:open.intent.
Regenerated mycroft-stop.mycroftai:ssh.enable.intent.
Regenerated mycroft-stop.mycroftai:shutdown.intent.
Regenerated mycroft-stop.mycroftai:wifi.setup.intent.
Regenerated mycroft-stop.mycroftai:reboot.intent.
Regenerated mycroft-stop.mycroftai:ssh.disable.intent.
Regenerated mycroft-personal.mycroftai:WhenWereYouBorn.intent.
Regenerated mycroft-personal.mycroftai:DoYouDream.intent.
Regenerated mycroft-personal.mycroftai:WhoMadeYou.intent.
Regenerated mycroft-personal.mycroftai:WhatAreYou.intent.
Regenerated mycroft-weather.mycroftai:do-i-need-an-umbrella.intent.
Regenerated mycroft-support-helper.mycroftai:contact.support.intent.
Regenerated mycroft-alarm.mycroftai:snooze.intent.
Regenerated mycroft-alarm.mycroftai:change.alarm.sound.intent.
Regenerated mycroft-naptime.mycroftai:wake-up.intent.
Regenerated mycroft-hello-world.mycroftai:HowAreYou.intent.
Regenerated mycroft-npr-news.mycroftai:PlayTheNews.intent.
Regenerated mycroft-timer.mycroftai:timer.status.intent.
Regenerated mycroft-timer.mycroftai:start.timer.intent.
Regenerated mycroft-reminder.mycroftai:DeleteReminderForDay.intent.
Regenerated mycroft-reminder.mycroftai:GetRemindersForDay.intent.
Regenerated mycroft-reminder.mycroftai:CancelActiveReminder.intent.
Regenerated mycroft-reminder.mycroftai:UnspecifiedReminderAt.intent.
Regenerated homeassistant.mycroftai:increase.light.brightness.intent.
Regenerated homeassistant.mycroftai:sensor.intent.
Regenerated homeassistant.mycroftai:toggle.intent.
Regenerated homeassistant.mycroftai:set.light.brightness.intent.
Regenerated homeassistant.mycroftai:stop.intent.
Regenerated homeassistant.mycroftai:add.item.shopping.list.intent.
Regenerated homeassistant.mycroftai:tracker.intent.
Regenerated homeassistant.mycroftai:turn.on.intent.
Regenerated mycroft-personal.mycroftai:WhoAreYou.intent.
Regenerated mycroft-personal.mycroftai:WhereWereYouBorn.intent.
Regenerated mycroft-personal.mycroftai:DoYouRhyme.intent.
Regenerated mycroft-date-time.mycroftai:what.time.will.it.be.intent.
Regenerated mycroft-date-time.mycroftai:what.time.is.it.intent.
Regenerated mycroft-date-time.mycroftai:date.future.weekend.intent.
Regenerated mycroft-date-time.mycroftai:date.last.weekend.intent.
Regenerated mycroft-wiki.mycroftai:Random.intent.
2022-10-24 19:11:49.221 | INFO     |  4893 | mycroft.skills.intent_services.padatious_service:train:153 | Training complete.
2022-10-24 19:11:58.331 | INFO     |  4893 | mycroft.skills.settings:save_settings:116 | Skill settings successfully saved to /home/runner/.config/mycroft/skills/mycroft-pairing.mycroftai/settings.json
2022-10-24 19:11:58.338 | INFO     |  4893 | mycroft.skills.settings:save_settings:116 | Skill settings successfully saved to /home/runner/.config/mycroft/skills/mycroft-timer.mycroftai/settings.json
2022-10-24 19:12:43.385 | WARNING  |  4893 | ConfigurationSkill | Impossible to update configuration because device isn't paired
2022-10-24 19:12:50.874 | ERROR    |  4893 | WeatherSkill | Weather API failure
Traceback (most recent call last):
  File "/opt/mycroft/skills/mycroft-weather.mycroftai/__init__.py", line 1133, in _get_weather
    self.config_core.get("system_unit"), latitude, longitude, self.lang
  File "/opt/mycroft/skills/mycroft-weather.mycroftai/skill/api.py", line 127, in get_weather_for_coordinates
    response = self.request(api_request)
  File "/opt/mycroft-core/mycroft/api/__init__.py", line 64, in request
    return self.send(params)
  File "/opt/mycroft-core/mycroft/api/__init__.py", line 147, in send
    return self.get_response(response, no_refresh)
  File "/opt/mycroft-core/mycroft/api/__init__.py", line 170, in get_response
    raise HTTPError(data, response=response)
requests.exceptions.HTTPError: {'error': 'device not authorized'}
2022-10-24 19:12:50.875 | INFO     |  4893 | mycroft.skills.settings:save_settings:116 | Skill settings successfully saved to /home/runner/.config/mycroft/skills/mycroft-weather.mycroftai/settings.json
2022-10-24 19:12:50.878 | ERROR    |  4893 | mycroft.skills.mycroft_skill.mycroft_skill:on_error:923 | An error occurred while processing a request in Pairing Skill
Traceback (most recent call last):
  File "/opt/mycroft-core/mycroft/skills/mycroft_skill/event_container.py", line 73, in wrapper
    handler(message)
  File "/opt/mycroft/skills/mycroft-pairing.mycroftai/__init__.py", line 108, in not_paired
    self.handle_pairing()
TypeError: handle_pairing() missing 1 required positional argument: '_'
2022-10-24 19:13:12.480 | INFO     |  4893 | __main__:on_stopping:193 | Skills service is shutting down...
2022-10-24 19:13:12.480 | INFO     |  4893 | __main__:shutdown:284 | Shutting down Skills service
2022-10-24 19:13:12.710 | ERROR    |  4893 | VolumeSkill | Couldn't allocate mixer, ALSAAudioError('No such file or directory [default]')
2022-10-24 19:13:12.711 | INFO     |  4893 | mycroft.skills.settings:save_settings:116 | Skill settings successfully saved to /home/runner/.config/mycroft/skills/mycroft-volume.mycroftai/settings.json
2022-10-24 19:13:12.712 | INFO     |  4893 | mycroft.skills.settings:save_settings:116 | Skill settings successfully saved to /home/runner/.config/mycroft/skills/mycroft-ip.mycroftai/settings.json
2022-10-24 19:13:12.713 | INFO     |  4893 | mycroft.skills.settings:save_settings:116 | Skill settings successfully saved to /home/runner/.config/mycroft/skills/mycroft-installer.mycroftai/settings.json
2022-10-24 19:13:12.714 | INFO     |  4893 | mycroft.skills.settings:save_settings:116 | Skill settings successfully saved to /home/runner/.config/mycroft/skills/mycroft-audio-record.mycroftai/settings.json
2022-10-24 19:13:12.721 | INFO     |  4893 | mycroft.skills.settings:save_settings:116 | Skill settings successfully saved to /home/runner/.config/mycroft/skills/mycroft-playback-control.mycroftai/settings.json
2022-10-24 19:13:13.728 | INFO     |  4893 | Playback Control Skill | Audio service status: {}
2022-10-24 19:13:14.729 | WARNING  |  4893 | mycroft.skills.skill_manager:_shutdown_skill:106 | mycroft-playback-control.mycroftai shutdown took 2.0143066800000042 seconds
2022-10-24 19:13:14.729 | INFO     |  4893 | UnknownSkill | Removing all handlers...
2022-10-24 19:13:14.730 | INFO     |  4893 | mycroft.skills.settings:save_settings:116 | Skill settings successfully saved to /home/runner/.config/mycroft/skills/fallback-unknown.mycroftai/settings.json
2022-10-24 19:13:14.731 | INFO     |  4893 | mycroft.skills.settings:save_settings:116 | Skill settings successfully saved to /home/runner/.config/mycroft/skills/mycroft-hello-world.mycroftai/settings.json
2022-10-24 19:13:14.733 | INFO     |  4893 | mycroft.skills.settings:save_settings:116 | Skill settings successfully saved to /home/runner/.config/mycroft/skills/mycroft-npr-news.mycroftai/settings.json
2022-10-24 19:13:14.747 | INFO     |  4893 | mycroft.skills.settings:save_settings:116 | Skill settings successfully saved to /home/runner/.config/mycroft/skills/mycroft-reminder.mycroftai/settings.json
2022-10-24 19:13:14.748 | INFO     |  4893 | mycroft.skills.settings:save_settings:116 | Skill settings successfully saved to /home/runner/.config/mycroft/skills/mycroft-spelling.mycroftai/settings.json
2022-10-24 19:13:14.749 | INFO     |  4893 | mycroft.skills.settings:save_settings:116 | Skill settings successfully saved to /home/runner/.config/mycroft/skills/fallback-wolfram-alpha.mycroftai/settings.json
2022-10-24 19:13:14.750 | INFO     |  4893 | mycroft.skills.settings:save_settings:116 | Skill settings successfully saved to /home/runner/.config/mycroft/skills/mycroft-joke.mycroftai/settings.json
2022-10-24 19:13:14.751 | INFO     |  4893 | mycroft.skills.settings:save_settings:116 | Skill settings successfully saved to /home/runner/.config/mycroft/skills/mycroft-version-checker.mycroftai/settings.json
2022-10-24 19:13:14.754 | INFO     |  4893 | mycroft.skills.settings:save_settings:116 | Skill settings successfully saved to /home/runner/.config/mycroft/skills/mycroft-configuration.mycroftai/settings.json
2022-10-24 19:13:14.797 | INFO     |  4893 | HomeAssistantSkill | Removing all handlers...
2022-10-24 19:13:14.797 | WARNING  |  4893 | mycroft.skills.fallback_skill:remove_fallback:185 | Could not find matching fallback handler
2022-10-24 19:13:14.798 | INFO     |  4893 | mycroft.skills.settings:save_settings:116 | Skill settings successfully saved to /home/runner/.config/mycroft/skills/mycroft-fallback-duck-duck-go.mycroftai/settings.json
2022-10-24 19:13:14.811 | INFO     |  4893 | mycroft.skills.settings:save_settings:116 | Skill settings successfully saved to /home/runner/.config/mycroft/skills/mycroft-stop.mycroftai/settings.json
2022-10-24 19:13:14.812 | INFO     |  4893 | mycroft.skills.settings:save_settings:116 | Skill settings successfully saved to /home/runner/.config/mycroft/skills/mycroft-personal.mycroftai/settings.json
2022-10-24 19:13:14.813 | INFO     |  4893 | mycroft.skills.settings:save_settings:116 | Skill settings successfully saved to /home/runner/.config/mycroft/skills/mycroft-date-time.mycroftai/settings.json
2022-10-24 19:13:14.829 | INFO     |  4893 | mycroft.skills.settings:save_settings:116 | Skill settings successfully saved to /home/runner/.config/mycroft/skills/mycroft-wiki.mycroftai/settings.json
2022-10-24 19:13:14.834 | INFO     |  4893 | mycroft.skills.settings:save_settings:116 | Skill settings successfully saved to /home/runner/.config/mycroft/skills/mycroft-support-helper.mycroftai/settings.json
2022-10-24 19:13:14.839 | INFO     |  4893 | QuestionsAnswersSkill | Removing all handlers...
2022-10-24 19:13:14.846 | INFO     |  4893 | mycroft.skills.settings:save_settings:116 | Skill settings successfully saved to /home/runner/.config/mycroft/skills/fallback-query.mycroftai/settings.json
2022-10-24 19:13:14.851 | INFO     |  4893 | mycroft.skills.settings:save_settings:116 | Skill settings successfully saved to /home/runner/.config/mycroft/skills/mycroft-alarm.mycroftai/settings.json
2022-10-24 19:13:14.852 | INFO     |  4893 | mycroft.skills.settings:save_settings:116 | Skill settings successfully saved to /home/runner/.config/mycroft/skills/mycroft-singing.mycroftai/settings.json
2022-10-24 19:13:14.857 | INFO     |  4893 | mycroft.skills.settings:save_settings:116 | Skill settings successfully saved to /home/runner/.config/mycroft/skills/mycroft-speak.mycroftai/settings.json
2022-10-24 19:13:14.859 | INFO     |  4893 | mycroft.skills.settings:save_settings:116 | Skill settings successfully saved to /home/runner/.config/mycroft/skills/mycroft-naptime.mycroftai/settings.json
2022-10-24 19:13:14.859 | INFO     |  4893 | __main__:shutdown:291 | Skills service shutdown complete!
2022-10-24 19:13:14.860 | ERROR    |  4893 | websocket | error from callback <bound method MessageBusClient.on_message of <mycroft.messagebus.client.client.MessageBusClient object at 0x7f1f4f288490>>: cannot schedule new futures after shutdown
2022-10-24 19:13:14.861 | ERROR    |  4893 | mycroft_bus_client.client.client | === RuntimeError('cannot schedule new futures after shutdown') ===
Traceback (most recent call last):
  File "/opt/mycroft-core/.venv/lib/python3.7/site-packages/websocket/_app.py", line 407, in _callback
    callback(self, *args)
  File "/opt/mycroft-core/.venv/lib/python3.7/site-packages/mycroft_bus_client/client/client.py", line 182, in on_message
    self.emitter.emit('message', message)
  File "/opt/mycroft-core/.venv/lib/python3.7/site-packages/pyee/_base.py", line 113, in emit
    handled = self._call_handlers(event, args, kwargs)
  File "/opt/mycroft-core/.venv/lib/python3.7/site-packages/pyee/_base.py", line 96, in _call_handlers
    self._emit_run(f, args, kwargs)
  File "/opt/mycroft-core/.venv/lib/python3.7/site-packages/pyee/_executor.py", line 50, in _emit_run
    future = self._executor.submit(f, *args, **kwargs)
  File "/opt/hostedtoolcache/Python/3.7.15/x64/lib/python3.7/concurrent/futures/thread.py", line 163, in submit
    raise RuntimeError('cannot schedule new futures after shutdown')
RuntimeError: cannot schedule new futures after shutdown
2022-10-24 19:13:14.861 | ERROR    |  4893 | mycroft_bus_client.client.client | Exception closing websocket: RuntimeError('cannot schedule new futures after shutdown')
2022-10-24 19:13:14.861 | WARNING  |  4893 | mycroft_bus_client.client.client | Message Bus Client will reconnect in 5.0 seconds.
