2021-10-24 18:14:02.029 | INFO     |  5666 | mycroft.messagebus.load_config:load_message_bus_config:33 | Loading message bus configs
2021-10-24 18:14:02.049 | ERROR    |  5666 | mycroft_bus_client.client.client | === ConnectionRefusedError(111, 'Connection refused') ===
Traceback (most recent call last):
  File "/opt/mycroft-core/.venv/lib/python3.7/site-packages/websocket/_app.py", line 254, in run_forever
    proxy_type=proxy_type)
  File "/opt/mycroft-core/.venv/lib/python3.7/site-packages/websocket/_core.py", line 220, in connect
    options.pop('socket', None))
  File "/opt/mycroft-core/.venv/lib/python3.7/site-packages/websocket/_http.py", line 120, in connect
    sock = _open_socket(addrinfo_list, options.sockopt, options.timeout)
  File "/opt/mycroft-core/.venv/lib/python3.7/site-packages/websocket/_http.py", line 190, in _open_socket
    raise err
  File "/opt/mycroft-core/.venv/lib/python3.7/site-packages/websocket/_http.py", line 170, in _open_socket
    sock.connect(address)
ConnectionRefusedError: [Errno 111] Connection refused
2021-10-24 18:14:02.050 | ERROR    |  5666 | mycroft_bus_client.client.client | Exception closing websocket: ConnectionRefusedError(111, 'Connection refused')
2021-10-24 18:14:02.050 | WARNING  |  5666 | mycroft_bus_client.client.client | Message Bus Client will reconnect in 5 seconds.
2021-10-24 18:14:07.057 | INFO     |  5666 | mycroft_bus_client.client.client | Connected
2021-10-24 18:14:07.060 | INFO     |  5666 | mycroft.util.process_utils:start_message_bus_client:155 | Connected to messagebus
2021-10-24 18:14:07.063 | INFO     |  5666 | mycroft.skills.msm_wrapper:create_msm:96 | Acquiring lock to instantiate MSM
2021-10-24 18:14:08.318 | INFO     |  5666 | msm.mycroft_skills_manager | building SkillEntry objects for all skills
2021-10-24 18:14:08.794 | INFO     |  5666 | mycroft.skills.msm_wrapper:create_msm:112 | Releasing MSM instantiation lock.
2021-10-24 18:14:08.795 | INFO     |  5666 | mycroft.skills.skill_updater:_log_next_download_time:267 | Next scheduled skill update: 2021-10-24 18:14:07.794918
2021-10-24 18:14:08.795 | INFO     |  5666 | msm.skill_entry | Downloading skill: https://github.com/mycroftai/skill-pairing
2021-10-24 18:14:09.574 | INFO     |  5666 | msm.skill_entry | Installing system requirements...
2021-10-24 18:14:09.584 | INFO     |  5666 | msm.skill_entry | Successfully installed mycroft-pairing
2021-10-24 18:14:09.584 | INFO     |  5666 | msm.mycroft_skills_manager | invalidating skills cache
2021-10-24 18:14:09.585 | INFO     |  5666 | mycroft.skills.skill_loader:load:185 | ATTEMPTING TO LOAD SKILL: mycroft-pairing.mycroftai
2021-10-24 18:14:09.592 | INFO     |  5666 | mycroft.skills.settings:get_local_settings:83 | /opt/mycroft/skills/mycroft-pairing.mycroftai/settings.json
2021-10-24 18:14:09.611 | INFO     |  5666 | mycroft.skills.skill_loader:_check_for_first_run:324 | First run of mycroft-pairing.mycroftai
2021-10-24 18:14:09.612 | INFO     |  5666 | mycroft.skills.settings:save_settings:116 | Skill settings successfully saved to /home/runner/.config/mycroft/skills/mycroft-pairing.mycroftai/settings.json
2021-10-24 18:14:09.614 | INFO     |  5666 | mycroft.skills.skill_loader:_communicate_load_status:344 | Skill mycroft-pairing.mycroftai loaded successfully
2021-10-24 18:14:09.614 | INFO     |  5666 | msm.skill_entry | Downloading skill: https://github.com/mycroftai/skill-volume
2021-10-24 18:14:10.399 | INFO     |  5666 | msm.skill_entry | Installing system requirements...
2021-10-24 18:14:10.439 | INFO     |  5666 | msm.skill_entry | Installing requirements.txt for mycroft-volume
2021-10-24 18:14:11.298 | INFO     |  5666 | msm.skill_entry | Successfully installed mycroft-volume
2021-10-24 18:14:11.299 | INFO     |  5666 | msm.mycroft_skills_manager | invalidating skills cache
2021-10-24 18:14:11.300 | INFO     |  5666 | mycroft.skills.skill_loader:load:185 | ATTEMPTING TO LOAD SKILL: mycroft-volume.mycroftai
2021-10-24 18:14:11.308 | INFO     |  5666 | mycroft.skills.settings:get_local_settings:83 | /opt/mycroft/skills/mycroft-volume.mycroftai/settings.json
2021-10-24 18:14:11.364 | ERROR    |  5666 | VolumeSkill | Couldn't allocate mixer, ALSAAudioError('No such file or directory [default]')
2021-10-24 18:14:14.365 | INFO     |  5666 | mycroft.skills.skill_loader:_check_for_first_run:324 | First run of mycroft-volume.mycroftai
2021-10-24 18:14:14.366 | INFO     |  5666 | mycroft.skills.settings:save_settings:116 | Skill settings successfully saved to /home/runner/.config/mycroft/skills/mycroft-volume.mycroftai/settings.json
2021-10-24 18:14:14.367 | INFO     |  5666 | mycroft.skills.skill_loader:_communicate_load_status:344 | Skill mycroft-volume.mycroftai loaded successfully
2021-10-24 18:14:14.367 | INFO     |  5666 | __main__:on_started:177 | Skills service is starting up.
2021-10-24 18:14:14.561 | INFO     |  5666 | __main__:_update_system:154 | Attempting system update...
2021-10-24 18:14:17.627 | INFO     |  5666 | mycroft.enclosure.display_manager:_write_data:70 | Display Manager is creating /tmp/mycroft/ipc/managers/disp_info
2021-10-24 18:14:17.628 | INFO     |  5666 | __main__:_ensure_device_is_paired:133 | Device not paired, invoking the pairing skill
2021-10-24 18:14:17.629 | INFO     |  5666 | __main__:on_alive:181 | Skills service is alive.
2021-10-24 18:14:17.634 | INFO     |  5666 | msm.mycroft_skills_manager | building SkillEntry objects for all skills
2021-10-24 18:14:17.922 | INFO     |  5666 | PairingSkill | Communicating account URL to user
2021-10-24 18:14:18.218 | WARNING  |  5666 | msm.mycroft_skills_manager | No such default skill: mycroft-pandora
2021-10-24 18:14:18.218 | INFO     |  5666 | mycroft.skills.skill_manager:run:234 | Not all default skills are installed, performing skill update...
2021-10-24 18:14:18.219 | INFO     |  5666 | mycroft.skills.skill_updater:update_skills:149 | Beginning skill update...
2021-10-24 18:14:18.413 | INFO     |  5666 | msm.mycroft_skills_manager | building SkillEntry objects for all skills
2021-10-24 18:14:18.891 | INFO     |  5666 | msm.mycroft_skills_manager | invalidating skills cache
2021-10-24 18:14:18.912 | INFO     |  5666 | msm.skill_entry | Downloading skill: https://github.com/mycroftai/fallback-unknown
2021-10-24 18:14:18.920 | INFO     |  5666 | msm.skill_entry | Downloading skill: https://github.com/mycroftai/skill-alarm
2021-10-24 18:14:18.924 | INFO     |  5666 | msm.skill_entry | Downloading skill: https://github.com/mycroftai/fallback-wolfram-alpha
2021-10-24 18:14:18.929 | INFO     |  5666 | msm.skill_entry | Downloading skill: https://github.com/mycroftai/skill-configuration
2021-10-24 18:14:18.934 | INFO     |  5666 | msm.skill_entry | Downloading skill: https://github.com/mycroftai/fallback-duckduckgo
2021-10-24 18:14:18.944 | INFO     |  5666 | msm.skill_entry | Downloading skill: https://github.com/mycroftai/skill-audio-record
2021-10-24 18:14:18.950 | INFO     |  5666 | msm.skill_entry | Downloading skill: https://github.com/mycroftai/skill-date-time
2021-10-24 18:14:18.952 | INFO     |  5666 | msm.skill_entry | Downloading skill: https://github.com/mycroftai/skill-hello-world
2021-10-24 18:14:18.953 | INFO     |  5666 | msm.skill_entry | Downloading skill: https://github.com/mycroftai/skill-installer
2021-10-24 18:14:18.954 | INFO     |  5666 | msm.skill_entry | Downloading skill: https://github.com/mycroftai/skill-ip
2021-10-24 18:14:18.954 | INFO     |  5666 | msm.skill_entry | Downloading skill: https://github.com/mycroftai/skill-joke
2021-10-24 18:14:18.963 | INFO     |  5666 | msm.skill_entry | Downloading skill: https://github.com/mycroftai/skill-naptime
2021-10-24 18:14:18.965 | INFO     |  5666 | msm.skill_entry | Downloading skill: https://github.com/mycroftai/skill-npr-news
2021-10-24 18:14:19.003 | INFO     |  5666 | msm.skill_entry | Downloading skill: https://github.com/mycroftai/skill-reminder
2021-10-24 18:14:18.995 | INFO     |  5666 | msm.skill_entry | Downloading skill: https://github.com/mycroftai/skill-playback-control
2021-10-24 18:14:18.973 | INFO     |  5666 | msm.skill_entry | Downloading skill: https://github.com/mycroftai/skill-personal
2021-10-24 18:14:19.032 | INFO     |  5666 | msm.skill_entry | Downloading skill: https://github.com/mycroftai/skill-singing
2021-10-24 18:14:19.971 | ERROR    |  5666 | msm.mycroft_skills_manager | Error running install_or_update on homeassistant.mycroftai: MergeConflict
2021-10-24 18:14:19.972 | INFO     |  5666 | msm.skill_entry | Downloading skill: https://github.com/mycroftai/skill-speak
2021-10-24 18:14:20.493 | INFO     |  5666 | msm.skill_entry | Nothing new for mycroft-volume
2021-10-24 18:14:20.678 | INFO     |  5666 | msm.skill_entry | Installing system requirements...
2021-10-24 18:14:20.689 | INFO     |  5666 | msm.skill_entry | Installing requirements.txt for mycroft-volume
2021-10-24 18:14:20.989 | INFO     |  5666 | msm.skill_entry | Nothing new for mycroft-pairing
2021-10-24 18:14:21.309 | INFO     |  5666 | msm.skill_entry | Installing system requirements...
2021-10-24 18:14:21.373 | INFO     |  5666 | msm.skill_entry | Installing system requirements...
2021-10-24 18:14:21.486 | INFO     |  5666 | msm.skill_entry | Installing system requirements...
2021-10-24 18:14:21.490 | INFO     |  5666 | msm.skill_entry | Installing system requirements...
2021-10-24 18:14:21.597 | INFO     |  5666 | msm.skill_entry | Installing system requirements...
2021-10-24 18:14:21.642 | INFO     |  5666 | msm.skill_entry | Installing requirements.txt for mycroft-configuration
2021-10-24 18:14:21.650 | INFO     |  5666 | msm.skill_entry | Installing system requirements...
2021-10-24 18:14:21.666 | INFO     |  5666 | msm.skill_entry | Installing system requirements...
2021-10-24 18:14:21.673 | INFO     |  5666 | msm.skill_entry | Successfully installed mycroft-hello-world
2021-10-24 18:14:21.674 | INFO     |  5666 | msm.mycroft_skills_manager | invalidating skills cache
2021-10-24 18:14:21.676 | INFO     |  5666 | msm.skill_entry | Downloading skill: https://github.com/mycroftai/skill-spelling
2021-10-24 18:14:21.707 | INFO     |  5666 | msm.skill_entry | Installing system requirements...
2021-10-24 18:14:21.720 | INFO     |  5666 | msm.skill_entry | Downloading skill: https://github.com/mycroftai/skill-stop
2021-10-24 18:14:21.754 | INFO     |  5666 | msm.skill_entry | Installing system requirements...
2021-10-24 18:14:21.772 | INFO     |  5666 | msm.skill_entry | Installing system requirements...
2021-10-24 18:14:21.775 | INFO     |  5666 | msm.skill_entry | Installing requirements.txt for mycroft-audio-record
2021-10-24 18:14:21.789 | INFO     |  5666 | msm.skill_entry | Installing requirements.txt for mycroft-joke
2021-10-24 18:14:21.802 | INFO     |  5666 | msm.skill_entry | Installing system requirements...
2021-10-24 18:14:21.808 | INFO     |  5666 | msm.skill_entry | Successfully installed mycroft-naptime
2021-10-24 18:14:21.808 | INFO     |  5666 | msm.mycroft_skills_manager | invalidating skills cache
2021-10-24 18:14:21.810 | INFO     |  5666 | msm.skill_entry | Downloading skill: https://github.com/mycroftai/skill-support
2021-10-24 18:14:21.843 | INFO     |  5666 | msm.skill_entry | Installing requirements.txt for mycroft-ip
2021-10-24 18:14:21.868 | INFO     |  5666 | msm.skill_entry | Installing system requirements...
2021-10-24 18:14:21.887 | INFO     |  5666 | msm.skill_entry | Installing system requirements...
2021-10-24 18:14:21.907 | INFO     |  5666 | msm.skill_entry | Installing system requirements...
2021-10-24 18:14:21.925 | INFO     |  5666 | msm.skill_entry | Successfully installed fallback-unknown
2021-10-24 18:14:21.926 | INFO     |  5666 | msm.mycroft_skills_manager | invalidating skills cache
2021-10-24 18:14:21.927 | INFO     |  5666 | msm.skill_entry | Downloading skill: https://github.com/mycroftai/mycroft-timer
2021-10-24 18:14:21.919 | INFO     |  5666 | msm.skill_entry | Installing requirements.txt for mycroft-fallback-duck-duck-go
2021-10-24 18:14:21.937 | INFO     |  5666 | msm.skill_entry | Successfully installed mycroft-reminder
2021-10-24 18:14:21.938 | INFO     |  5666 | msm.mycroft_skills_manager | invalidating skills cache
2021-10-24 18:14:21.939 | INFO     |  5666 | msm.skill_entry | Downloading skill: https://github.com/mycroftai/skill-weather
2021-10-24 18:14:22.013 | INFO     |  5666 | msm.skill_entry | Successfully installed mycroft-personal
2021-10-24 18:14:22.013 | INFO     |  5666 | msm.mycroft_skills_manager | invalidating skills cache
2021-10-24 18:14:22.014 | INFO     |  5666 | msm.skill_entry | Downloading skill: https://github.com/mycroftai/skill-version-checker
2021-10-24 18:14:22.031 | INFO     |  5666 | msm.skill_entry | Successfully installed mycroft-playback-control
2021-10-24 18:14:22.032 | INFO     |  5666 | msm.mycroft_skills_manager | invalidating skills cache
2021-10-24 18:14:22.033 | INFO     |  5666 | msm.skill_entry | Downloading skill: https://github.com/mycroftai/skill-wiki
2021-10-24 18:14:22.047 | INFO     |  5666 | msm.skill_entry | Installing system requirements...
2021-10-24 18:14:22.052 | INFO     |  5666 | msm.skill_entry | Successfully installed mycroft-speak
2021-10-24 18:14:22.056 | INFO     |  5666 | msm.mycroft_skills_manager | invalidating skills cache
2021-10-24 18:14:22.091 | INFO     |  5666 | msm.skill_entry | Installing requirements.txt for fallback-wolfram-alpha
2021-10-24 18:14:22.100 | INFO     |  5666 | msm.skill_entry | Downloading skill: https://github.com/MycroftAI/skill-query
2021-10-24 18:14:22.129 | INFO     |  5666 | msm.skill_entry | Installing system requirements...
2021-10-24 18:14:22.152 | INFO     |  5666 | msm.skill_entry | Installing system requirements...
2021-10-24 18:14:22.187 | INFO     |  5666 | msm.skill_entry | Installing requirements.txt for mycroft-installer
2021-10-24 18:14:22.217 | INFO     |  5666 | msm.skill_entry | Installing requirements.txt for mycroft-npr-news
2021-10-24 18:14:22.246 | INFO     |  5666 | msm.skill_entry | Installing requirements.txt for mycroft-date-time
2021-10-24 18:14:22.553 | INFO     |  5666 | msm.skill_entry | Installing system requirements...
2021-10-24 18:14:22.583 | INFO     |  5666 | msm.skill_entry | Installing requirements.txt for mycroft-alarm
2021-10-24 18:14:22.765 | INFO     |  5666 | msm.skill_entry | Installing system requirements...
2021-10-24 18:14:22.797 | INFO     |  5666 | msm.skill_entry | Successfully installed mycroft-spelling
2021-10-24 18:14:22.798 | INFO     |  5666 | msm.mycroft_skills_manager | invalidating skills cache
2021-10-24 18:14:23.099 | INFO     |  5666 | msm.skill_entry | Installing system requirements...
2021-10-24 18:14:23.153 | INFO     |  5666 | msm.skill_entry | Successfully installed fallback-query
2021-10-24 18:14:23.153 | INFO     |  5666 | msm.mycroft_skills_manager | invalidating skills cache
2021-10-24 18:14:23.200 | ERROR    |  5666 | msm.mycroft_skills_manager | Error running install_or_update on homeassistant: MergeConflict
2021-10-24 18:14:23.377 | INFO     |  5666 | msm.skill_entry | Installing system requirements...
2021-10-24 18:14:23.405 | INFO     |  5666 | msm.skill_entry | Successfully installed mycroft-timer
2021-10-24 18:14:23.406 | INFO     |  5666 | msm.mycroft_skills_manager | invalidating skills cache
2021-10-24 18:14:23.594 | INFO     |  5666 | msm.skill_entry | Installing system requirements...
2021-10-24 18:14:23.662 | INFO     |  5666 | msm.skill_entry | Successfully installed mycroft-singing
2021-10-24 18:14:23.664 | INFO     |  5666 | msm.mycroft_skills_manager | invalidating skills cache
2021-10-24 18:14:23.678 | INFO     |  5666 | msm.skill_entry | Installing system requirements...
2021-10-24 18:14:23.698 | INFO     |  5666 | msm.skill_entry | Installing system requirements...
2021-10-24 18:14:23.710 | INFO     |  5666 | msm.skill_entry | Successfully installed mycroft-stop
2021-10-24 18:14:23.710 | INFO     |  5666 | msm.mycroft_skills_manager | invalidating skills cache
2021-10-24 18:14:23.722 | INFO     |  5666 | msm.skill_entry | Installing requirements.txt for mycroft-support-helper
2021-10-24 18:14:23.817 | INFO     |  5666 | msm.skill_entry | Installing system requirements...
2021-10-24 18:14:23.843 | INFO     |  5666 | msm.skill_entry | Successfully installed mycroft-version-checker
2021-10-24 18:14:23.843 | INFO     |  5666 | msm.mycroft_skills_manager | invalidating skills cache
2021-10-24 18:14:23.995 | INFO     |  5666 | msm.skill_entry | Installing system requirements...
2021-10-24 18:14:24.031 | INFO     |  5666 | msm.skill_entry | Installing requirements.txt for mycroft-wiki
2021-10-24 18:14:24.435 | INFO     |  5666 | msm.skill_entry | Installing system requirements...
2021-10-24 18:14:24.445 | INFO     |  5666 | msm.skill_entry | Installing requirements.txt for mycroft-weather
2021-10-24 18:14:26.339 | INFO     |  5666 | msm.skill_entry | Successfully installed mycroft-configuration
2021-10-24 18:14:26.340 | INFO     |  5666 | msm.mycroft_skills_manager | invalidating skills cache
2021-10-24 18:14:27.174 | INFO     |  5666 | msm.skill_entry | Successfully installed mycroft-audio-record
2021-10-24 18:14:27.174 | INFO     |  5666 | msm.mycroft_skills_manager | invalidating skills cache
2021-10-24 18:14:28.174 | INFO     |  5666 | msm.skill_entry | Successfully installed mycroft-joke
2021-10-24 18:14:28.174 | INFO     |  5666 | msm.mycroft_skills_manager | invalidating skills cache
2021-10-24 18:14:29.014 | INFO     |  5666 | msm.skill_entry | Successfully installed mycroft-ip
2021-10-24 18:14:29.014 | INFO     |  5666 | msm.mycroft_skills_manager | invalidating skills cache
2021-10-24 18:14:30.209 | INFO     |  5666 | msm.skill_entry | Successfully installed mycroft-fallback-duck-duck-go
2021-10-24 18:14:30.209 | INFO     |  5666 | msm.mycroft_skills_manager | invalidating skills cache
2021-10-24 18:14:33.983 | INFO     |  5666 | msm.skill_entry | Successfully installed fallback-wolfram-alpha
2021-10-24 18:14:33.983 | INFO     |  5666 | msm.mycroft_skills_manager | invalidating skills cache
2021-10-24 18:14:34.863 | INFO     |  5666 | msm.skill_entry | Successfully installed mycroft-installer
2021-10-24 18:14:34.864 | INFO     |  5666 | msm.mycroft_skills_manager | invalidating skills cache
2021-10-24 18:14:37.880 | INFO     |  5666 | msm.skill_entry | Successfully installed mycroft-npr-news
2021-10-24 18:14:37.880 | INFO     |  5666 | msm.mycroft_skills_manager | invalidating skills cache
2021-10-24 18:14:48.510 | INFO     |  5666 | PairingSkill | Initiating device pairing sequence...
2021-10-24 18:14:48.510 | INFO     |  5666 | PairingSkill | Retrieving pairing code from device API...
2021-10-24 18:14:48.787 | INFO     |  5666 | PairingSkill | Pairing code obtained: 9KUWCC
2021-10-24 18:14:48.787 | INFO     |  5666 | PairingSkill | Communicating pairing URL to user
2021-10-24 18:14:55.928 | INFO     |  5666 | msm.skill_entry | Successfully installed mycroft-date-time
2021-10-24 18:14:55.928 | INFO     |  5666 | msm.mycroft_skills_manager | invalidating skills cache
2021-10-24 18:14:57.799 | INFO     |  5666 | msm.skill_entry | Successfully installed mycroft-alarm
2021-10-24 18:14:57.800 | INFO     |  5666 | msm.mycroft_skills_manager | invalidating skills cache
2021-10-24 18:15:00.692 | INFO     |  5666 | msm.skill_entry | Successfully installed mycroft-support-helper
2021-10-24 18:15:00.693 | INFO     |  5666 | msm.mycroft_skills_manager | invalidating skills cache
2021-10-24 18:15:04.576 | INFO     |  5666 | msm.skill_entry | Successfully installed mycroft-wiki
2021-10-24 18:15:04.577 | INFO     |  5666 | msm.mycroft_skills_manager | invalidating skills cache
2021-10-24 18:15:06.826 | INFO     |  5666 | msm.skill_entry | Successfully installed mycroft-weather
2021-10-24 18:15:06.826 | INFO     |  5666 | msm.mycroft_skills_manager | invalidating skills cache
2021-10-24 18:15:06.921 | INFO     |  5666 | mycroft.skills.skill_updater:_log_next_download_time:267 | Next scheduled skill update: 2021-10-24 19:15:06.920575
2021-10-24 18:15:06.921 | INFO     |  5666 | mycroft.skills.skill_updater:update_skills:170 | Skill update complete
2021-10-24 18:15:06.922 | INFO     |  5666 | mycroft.skills.skill_manager:_load_on_startup:273 | Loading installed skills...
2021-10-24 18:15:06.923 | INFO     |  5666 | mycroft.skills.skill_loader:load:185 | ATTEMPTING TO LOAD SKILL: mycroft-ip.mycroftai
2021-10-24 18:15:07.085 | INFO     |  5666 | mycroft.skills.settings:get_local_settings:83 | /opt/mycroft/skills/mycroft-ip.mycroftai/settings.json
2021-10-24 18:15:07.110 | INFO     |  5666 | mycroft.skills.skill_loader:_check_for_first_run:324 | First run of mycroft-ip.mycroftai
2021-10-24 18:15:07.111 | INFO     |  5666 | mycroft.skills.settings:save_settings:116 | Skill settings successfully saved to /home/runner/.config/mycroft/skills/mycroft-ip.mycroftai/settings.json
2021-10-24 18:15:07.125 | INFO     |  5666 | mycroft.skills.skill_loader:_communicate_load_status:344 | Skill mycroft-ip.mycroftai loaded successfully
2021-10-24 18:15:07.126 | INFO     |  5666 | mycroft.skills.skill_loader:load:185 | ATTEMPTING TO LOAD SKILL: mycroft-reminder.mycroftai
2021-10-24 18:15:07.179 | INFO     |  5666 | mycroft.skills.settings:get_local_settings:83 | /opt/mycroft/skills/mycroft-reminder.mycroftai/settings.json
2021-10-24 18:15:07.236 | INFO     |  5666 | mycroft.skills.skill_loader:_check_for_first_run:324 | First run of mycroft-reminder.mycroftai
2021-10-24 18:15:07.236 | INFO     |  5666 | mycroft.skills.settings:save_settings:116 | Skill settings successfully saved to /home/runner/.config/mycroft/skills/mycroft-reminder.mycroftai/settings.json
2021-10-24 18:15:07.269 | INFO     |  5666 | mycroft.skills.skill_loader:_communicate_load_status:344 | Skill mycroft-reminder.mycroftai loaded successfully
2021-10-24 18:15:07.270 | INFO     |  5666 | mycroft.skills.skill_loader:load:185 | ATTEMPTING TO LOAD SKILL: mycroft-installer.mycroftai
2021-10-24 18:15:07.278 | INFO     |  5666 | mycroft.skills.settings:get_local_settings:83 | /opt/mycroft/skills/mycroft-installer.mycroftai/settings.json
2021-10-24 18:15:07.313 | INFO     |  5666 | mycroft.skills.skill_loader:_check_for_first_run:324 | First run of mycroft-installer.mycroftai
2021-10-24 18:15:07.314 | INFO     |  5666 | mycroft.skills.settings:save_settings:116 | Skill settings successfully saved to /home/runner/.config/mycroft/skills/mycroft-installer.mycroftai/settings.json
2021-10-24 18:15:07.315 | INFO     |  5666 | mycroft.skills.skill_loader:_communicate_load_status:344 | Skill mycroft-installer.mycroftai loaded successfully
2021-10-24 18:15:07.315 | INFO     |  5666 | mycroft.skills.skill_loader:load:185 | ATTEMPTING TO LOAD SKILL: mycroft-version-checker.mycroftai
2021-10-24 18:15:07.319 | INFO     |  5666 | mycroft.skills.settings:get_local_settings:83 | /opt/mycroft/skills/mycroft-version-checker.mycroftai/settings.json
2021-10-24 18:15:07.351 | INFO     |  5666 | mycroft.skills.skill_loader:_check_for_first_run:324 | First run of mycroft-version-checker.mycroftai
2021-10-24 18:15:07.352 | INFO     |  5666 | mycroft.skills.settings:save_settings:116 | Skill settings successfully saved to /home/runner/.config/mycroft/skills/mycroft-version-checker.mycroftai/settings.json
2021-10-24 18:15:07.368 | INFO     |  5666 | mycroft.skills.skill_loader:_communicate_load_status:344 | Skill mycroft-version-checker.mycroftai loaded successfully
2021-10-24 18:15:07.369 | INFO     |  5666 | mycroft.skills.skill_loader:load:185 | ATTEMPTING TO LOAD SKILL: mycroft-singing.mycroftai
2021-10-24 18:15:07.375 | INFO     |  5666 | mycroft.skills.settings:get_local_settings:83 | /opt/mycroft/skills/mycroft-singing.mycroftai/settings.json
2021-10-24 18:15:07.391 | INFO     |  5666 | mycroft.skills.skill_loader:_check_for_first_run:324 | First run of mycroft-singing.mycroftai
2021-10-24 18:15:07.392 | INFO     |  5666 | mycroft.skills.settings:save_settings:116 | Skill settings successfully saved to /home/runner/.config/mycroft/skills/mycroft-singing.mycroftai/settings.json
2021-10-24 18:15:07.429 | INFO     |  5666 | mycroft.skills.skill_loader:_communicate_load_status:344 | Skill mycroft-singing.mycroftai loaded successfully
2021-10-24 18:15:07.430 | INFO     |  5666 | mycroft.skills.skill_loader:load:185 | ATTEMPTING TO LOAD SKILL: mycroft-joke.mycroftai
2021-10-24 18:15:07.435 | INFO     |  5666 | mycroft.skills.settings:get_local_settings:83 | /opt/mycroft/skills/mycroft-joke.mycroftai/settings.json
2021-10-24 18:15:07.446 | INFO     |  5666 | mycroft.skills.skill_loader:_check_for_first_run:324 | First run of mycroft-joke.mycroftai
2021-10-24 18:15:07.446 | INFO     |  5666 | mycroft.skills.settings:save_settings:116 | Skill settings successfully saved to /home/runner/.config/mycroft/skills/mycroft-joke.mycroftai/settings.json
2021-10-24 18:15:07.447 | INFO     |  5666 | mycroft.skills.skill_loader:_communicate_load_status:344 | Skill mycroft-joke.mycroftai loaded successfully
2021-10-24 18:15:07.447 | INFO     |  5666 | mycroft.skills.skill_loader:load:185 | ATTEMPTING TO LOAD SKILL: mycroft-timer.mycroftai
2021-10-24 18:15:07.480 | INFO     |  5666 | mycroft.skills.settings:get_local_settings:83 | /opt/mycroft/skills/mycroft-timer.mycroftai/settings.json
2021-10-24 18:15:07.531 | INFO     |  5666 | mycroft.skills.skill_loader:_check_for_first_run:324 | First run of mycroft-timer.mycroftai
2021-10-24 18:15:07.532 | INFO     |  5666 | mycroft.skills.settings:save_settings:116 | Skill settings successfully saved to /home/runner/.config/mycroft/skills/mycroft-timer.mycroftai/settings.json
2021-10-24 18:15:07.570 | INFO     |  5666 | mycroft.skills.skill_loader:_communicate_load_status:344 | Skill mycroft-timer.mycroftai loaded successfully
2021-10-24 18:15:07.570 | INFO     |  5666 | mycroft.skills.skill_loader:load:185 | ATTEMPTING TO LOAD SKILL: homeassistant.mycroftai
2021-10-24 18:15:07.919 | INFO     |  5666 | mycroft.skills.settings:get_local_settings:83 | /opt/mycroft/skills/homeassistant.mycroftai/settings.json
2021-10-24 18:15:07.921 | INFO     |  5666 | mycroft.skills.settings:get_local_settings:83 | /opt/mycroft/skills/homeassistant.mycroftai/settings.json
2021-10-24 18:15:07.986 | INFO     |  5666 | mycroft.skills.skill_loader:_communicate_load_status:344 | Skill homeassistant.mycroftai loaded successfully
2021-10-24 18:15:07.987 | INFO     |  5666 | mycroft.skills.skill_loader:load:185 | ATTEMPTING TO LOAD SKILL: mycroft-alarm.mycroftai
2021-10-24 18:15:08.014 | INFO     |  5666 | mycroft.skills.settings:get_local_settings:83 | /opt/mycroft/skills/mycroft-alarm.mycroftai/settings.json
2021-10-24 18:15:08.014 | ERROR    |  5666 | AlarmSkill | Couldn't allocate mixer, ALSAAudioError('No such file or directory [default]')
2021-10-24 18:15:08.098 | INFO     |  5666 | mycroft.skills.skill_loader:_check_for_first_run:324 | First run of mycroft-alarm.mycroftai
2021-10-24 18:15:08.099 | INFO     |  5666 | mycroft.skills.settings:save_settings:116 | Skill settings successfully saved to /home/runner/.config/mycroft/skills/mycroft-alarm.mycroftai/settings.json
2021-10-24 18:15:08.100 | INFO     |  5666 | mycroft.skills.skill_loader:_communicate_load_status:344 | Skill mycroft-alarm.mycroftai loaded successfully
2021-10-24 18:15:08.100 | INFO     |  5666 | mycroft.skills.skill_loader:load:185 | ATTEMPTING TO LOAD SKILL: mycroft-naptime.mycroftai
2021-10-24 18:15:08.123 | INFO     |  5666 | mycroft.skills.settings:get_local_settings:83 | /opt/mycroft/skills/mycroft-naptime.mycroftai/settings.json
2021-10-24 18:15:08.141 | INFO     |  5666 | mycroft.skills.skill_loader:_check_for_first_run:324 | First run of mycroft-naptime.mycroftai
2021-10-24 18:15:08.142 | INFO     |  5666 | mycroft.skills.settings:save_settings:116 | Skill settings successfully saved to /home/runner/.config/mycroft/skills/mycroft-naptime.mycroftai/settings.json
2021-10-24 18:15:08.145 | INFO     |  5666 | mycroft.skills.skill_loader:_communicate_load_status:344 | Skill mycroft-naptime.mycroftai loaded successfully
2021-10-24 18:15:08.147 | INFO     |  5666 | mycroft.skills.skill_loader:load:185 | ATTEMPTING TO LOAD SKILL: mycroft-spelling.mycroftai
2021-10-24 18:15:08.156 | INFO     |  5666 | mycroft.skills.settings:get_local_settings:83 | /opt/mycroft/skills/mycroft-spelling.mycroftai/settings.json
2021-10-24 18:15:08.175 | INFO     |  5666 | mycroft.skills.skill_loader:_check_for_first_run:324 | First run of mycroft-spelling.mycroftai
2021-10-24 18:15:08.175 | INFO     |  5666 | mycroft.skills.settings:save_settings:116 | Skill settings successfully saved to /home/runner/.config/mycroft/skills/mycroft-spelling.mycroftai/settings.json
2021-10-24 18:15:08.176 | INFO     |  5666 | mycroft.skills.skill_loader:_communicate_load_status:344 | Skill mycroft-spelling.mycroftai loaded successfully
2021-10-24 18:15:08.176 | INFO     |  5666 | mycroft.skills.skill_loader:load:185 | ATTEMPTING TO LOAD SKILL: mycroft-fallback-duck-duck-go.mycroftai
2021-10-24 18:15:08.197 | INFO     |  5666 | mycroft.skills.settings:get_local_settings:83 | /opt/mycroft/skills/mycroft-fallback-duck-duck-go.mycroftai/settings.json
2021-10-24 18:15:08.228 | INFO     |  5666 | mycroft.skills.skill_loader:_check_for_first_run:324 | First run of mycroft-fallback-duck-duck-go.mycroftai
2021-10-24 18:15:08.228 | INFO     |  5666 | mycroft.skills.settings:save_settings:116 | Skill settings successfully saved to /home/runner/.config/mycroft/skills/mycroft-fallback-duck-duck-go.mycroftai/settings.json
2021-10-24 18:15:08.236 | INFO     |  5666 | mycroft.skills.skill_loader:_communicate_load_status:344 | Skill mycroft-fallback-duck-duck-go.mycroftai loaded successfully
2021-10-24 18:15:08.236 | INFO     |  5666 | mycroft.skills.skill_loader:load:185 | ATTEMPTING TO LOAD SKILL: mycroft-npr-news.mycroftai
2021-10-24 18:15:08.352 | INFO     |  5666 | mycroft.skills.settings:get_local_settings:83 | /opt/mycroft/skills/mycroft-npr-news.mycroftai/settings.json
2021-10-24 18:15:09.387 | INFO     |  5666 | mycroft.skills.skill_loader:_check_for_first_run:324 | First run of mycroft-npr-news.mycroftai
2021-10-24 18:15:09.390 | INFO     |  5666 | mycroft.skills.settings:save_settings:116 | Skill settings successfully saved to /home/runner/.config/mycroft/skills/mycroft-npr-news.mycroftai/settings.json
2021-10-24 18:15:09.390 | INFO     |  5666 | mycroft.skills.skill_loader:_communicate_load_status:344 | Skill mycroft-npr-news.mycroftai loaded successfully
2021-10-24 18:15:09.391 | INFO     |  5666 | mycroft.skills.skill_loader:load:185 | ATTEMPTING TO LOAD SKILL: mycroft-support-helper.mycroftai
2021-10-24 18:15:09.398 | INFO     |  5666 | mycroft.skills.settings:get_local_settings:83 | /opt/mycroft/skills/mycroft-support-helper.mycroftai/settings.json
2021-10-24 18:15:09.410 | INFO     |  5666 | mycroft.skills.skill_loader:_check_for_first_run:324 | First run of mycroft-support-helper.mycroftai
2021-10-24 18:15:09.410 | INFO     |  5666 | mycroft.skills.settings:save_settings:116 | Skill settings successfully saved to /home/runner/.config/mycroft/skills/mycroft-support-helper.mycroftai/settings.json
2021-10-24 18:15:09.413 | INFO     |  5666 | mycroft.skills.skill_loader:_communicate_load_status:344 | Skill mycroft-support-helper.mycroftai loaded successfully
2021-10-24 18:15:09.413 | INFO     |  5666 | mycroft.skills.skill_loader:load:185 | ATTEMPTING TO LOAD SKILL: mycroft-weather.mycroftai
2021-10-24 18:15:09.434 | INFO     |  5666 | mycroft.skills.settings:get_local_settings:83 | /opt/mycroft/skills/mycroft-weather.mycroftai/settings.json
2021-10-24 18:15:09.499 | INFO     |  5666 | mycroft.skills.skill_loader:_check_for_first_run:324 | First run of mycroft-weather.mycroftai
2021-10-24 18:15:09.501 | INFO     |  5666 | mycroft.skills.settings:save_settings:116 | Skill settings successfully saved to /home/runner/.config/mycroft/skills/mycroft-weather.mycroftai/settings.json
2021-10-24 18:15:09.501 | INFO     |  5666 | mycroft.skills.skill_loader:_communicate_load_status:344 | Skill mycroft-weather.mycroftai loaded successfully
2021-10-24 18:15:09.502 | INFO     |  5666 | mycroft.skills.skill_loader:load:185 | ATTEMPTING TO LOAD SKILL: mycroft-speak.mycroftai
2021-10-24 18:15:09.505 | INFO     |  5666 | mycroft.skills.settings:get_local_settings:83 | /opt/mycroft/skills/mycroft-speak.mycroftai/settings.json
2021-10-24 18:15:09.519 | INFO     |  5666 | mycroft.skills.skill_loader:_check_for_first_run:324 | First run of mycroft-speak.mycroftai
2021-10-24 18:15:09.520 | INFO     |  5666 | mycroft.skills.settings:save_settings:116 | Skill settings successfully saved to /home/runner/.config/mycroft/skills/mycroft-speak.mycroftai/settings.json
2021-10-24 18:15:09.520 | INFO     |  5666 | mycroft.skills.skill_loader:_communicate_load_status:344 | Skill mycroft-speak.mycroftai loaded successfully
2021-10-24 18:15:09.521 | INFO     |  5666 | mycroft.skills.skill_loader:load:185 | ATTEMPTING TO LOAD SKILL: mycroft-audio-record.mycroftai
2021-10-24 18:15:09.526 | INFO     |  5666 | mycroft.skills.settings:get_local_settings:83 | /opt/mycroft/skills/mycroft-audio-record.mycroftai/settings.json
2021-10-24 18:15:09.537 | INFO     |  5666 | mycroft.skills.skill_loader:_check_for_first_run:324 | First run of mycroft-audio-record.mycroftai
2021-10-24 18:15:09.539 | INFO     |  5666 | mycroft.skills.settings:save_settings:116 | Skill settings successfully saved to /home/runner/.config/mycroft/skills/mycroft-audio-record.mycroftai/settings.json
2021-10-24 18:15:09.541 | INFO     |  5666 | mycroft.skills.skill_loader:_communicate_load_status:344 | Skill mycroft-audio-record.mycroftai loaded successfully
2021-10-24 18:15:09.541 | INFO     |  5666 | mycroft.skills.skill_loader:load:185 | ATTEMPTING TO LOAD SKILL: mycroft-stop.mycroftai
2021-10-24 18:15:09.545 | INFO     |  5666 | mycroft.skills.settings:get_local_settings:83 | /opt/mycroft/skills/mycroft-stop.mycroftai/settings.json
2021-10-24 18:15:09.558 | INFO     |  5666 | mycroft.skills.skill_loader:_check_for_first_run:324 | First run of mycroft-stop.mycroftai
2021-10-24 18:15:09.559 | INFO     |  5666 | mycroft.skills.settings:save_settings:116 | Skill settings successfully saved to /home/runner/.config/mycroft/skills/mycroft-stop.mycroftai/settings.json
2021-10-24 18:15:09.560 | INFO     |  5666 | mycroft.skills.skill_loader:_communicate_load_status:344 | Skill mycroft-stop.mycroftai loaded successfully
2021-10-24 18:15:09.561 | INFO     |  5666 | mycroft.skills.skill_loader:load:185 | ATTEMPTING TO LOAD SKILL: mycroft-hello-world.mycroftai
2021-10-24 18:15:09.564 | INFO     |  5666 | mycroft.skills.settings:get_local_settings:83 | /opt/mycroft/skills/mycroft-hello-world.mycroftai/settings.json
2021-10-24 18:15:09.576 | INFO     |  5666 | mycroft.skills.skill_loader:_check_for_first_run:324 | First run of mycroft-hello-world.mycroftai
2021-10-24 18:15:09.577 | INFO     |  5666 | mycroft.skills.settings:save_settings:116 | Skill settings successfully saved to /home/runner/.config/mycroft/skills/mycroft-hello-world.mycroftai/settings.json
2021-10-24 18:15:09.577 | INFO     |  5666 | mycroft.skills.skill_loader:_communicate_load_status:344 | Skill mycroft-hello-world.mycroftai loaded successfully
2021-10-24 18:15:09.578 | INFO     |  5666 | mycroft.skills.skill_loader:load:185 | ATTEMPTING TO LOAD SKILL: mycroft-date-time.mycroftai
2021-10-24 18:15:10.251 | INFO     |  5666 | mycroft.skills.settings:get_local_settings:83 | /opt/mycroft/skills/mycroft-date-time.mycroftai/settings.json
2021-10-24 18:15:10.307 | INFO     |  5666 | TimeSkill | Registering resting screen <bound method TimeSkill.handle_idle of <mycroft-date-time_mycroftai.TimeSkill object at 0x7f4aacc25510>> for Time and Date.
2021-10-24 18:15:10.311 | INFO     |  5666 | TimeSkill | Registering resting screen
2021-10-24 18:15:10.324 | INFO     |  5666 | mycroft.skills.skill_loader:_check_for_first_run:324 | First run of mycroft-date-time.mycroftai
2021-10-24 18:15:10.325 | INFO     |  5666 | mycroft.skills.settings:save_settings:116 | Skill settings successfully saved to /home/runner/.config/mycroft/skills/mycroft-date-time.mycroftai/settings.json
2021-10-24 18:15:10.326 | INFO     |  5666 | mycroft.skills.skill_loader:_communicate_load_status:344 | Skill mycroft-date-time.mycroftai loaded successfully
2021-10-24 18:15:10.327 | INFO     |  5666 | mycroft.skills.skill_loader:load:185 | ATTEMPTING TO LOAD SKILL: mycroft-configuration.mycroftai
2021-10-24 18:15:10.337 | INFO     |  5666 | mycroft.skills.settings:get_local_settings:83 | /opt/mycroft/skills/mycroft-configuration.mycroftai/settings.json
2021-10-24 18:15:10.379 | INFO     |  5666 | mycroft.skills.skill_loader:_check_for_first_run:324 | First run of mycroft-configuration.mycroftai
2021-10-24 18:15:10.380 | INFO     |  5666 | mycroft.skills.settings:save_settings:116 | Skill settings successfully saved to /home/runner/.config/mycroft/skills/mycroft-configuration.mycroftai/settings.json
2021-10-24 18:15:10.432 | INFO     |  5666 | mycroft.skills.skill_loader:_communicate_load_status:344 | Skill mycroft-configuration.mycroftai loaded successfully
2021-10-24 18:15:10.433 | INFO     |  5666 | mycroft.skills.skill_loader:load:185 | ATTEMPTING TO LOAD SKILL: fallback-query.mycroftai
2021-10-24 18:15:10.441 | INFO     |  5666 | mycroft.skills.settings:get_local_settings:83 | /opt/mycroft/skills/fallback-query.mycroftai/settings.json
2021-10-24 18:15:10.452 | INFO     |  5666 | mycroft.skills.skill_loader:_check_for_first_run:324 | First run of fallback-query.mycroftai
2021-10-24 18:15:10.453 | INFO     |  5666 | mycroft.skills.settings:save_settings:116 | Skill settings successfully saved to /home/runner/.config/mycroft/skills/fallback-query.mycroftai/settings.json
2021-10-24 18:15:10.465 | INFO     |  5666 | mycroft.skills.skill_loader:_communicate_load_status:344 | Skill fallback-query.mycroftai loaded successfully
2021-10-24 18:15:10.465 | INFO     |  5666 | mycroft.skills.skill_loader:load:185 | ATTEMPTING TO LOAD SKILL: mycroft-personal.mycroftai
2021-10-24 18:15:10.469 | INFO     |  5666 | mycroft.skills.settings:get_local_settings:83 | /opt/mycroft/skills/mycroft-personal.mycroftai/settings.json
2021-10-24 18:15:10.490 | INFO     |  5666 | mycroft.skills.skill_loader:_check_for_first_run:324 | First run of mycroft-personal.mycroftai
2021-10-24 18:15:10.491 | INFO     |  5666 | mycroft.skills.settings:save_settings:116 | Skill settings successfully saved to /home/runner/.config/mycroft/skills/mycroft-personal.mycroftai/settings.json
2021-10-24 18:15:10.527 | INFO     |  5666 | mycroft.skills.skill_loader:_communicate_load_status:344 | Skill mycroft-personal.mycroftai loaded successfully
2021-10-24 18:15:10.527 | INFO     |  5666 | mycroft.skills.skill_loader:load:185 | ATTEMPTING TO LOAD SKILL: fallback-wolfram-alpha.mycroftai
2021-10-24 18:15:10.553 | INFO     |  5666 | mycroft.skills.settings:get_local_settings:83 | /opt/mycroft/skills/fallback-wolfram-alpha.mycroftai/settings.json
2021-10-24 18:15:10.568 | INFO     |  5666 | mycroft.skills.skill_loader:_check_for_first_run:324 | First run of fallback-wolfram-alpha.mycroftai
2021-10-24 18:15:10.569 | INFO     |  5666 | mycroft.skills.settings:save_settings:116 | Skill settings successfully saved to /home/runner/.config/mycroft/skills/fallback-wolfram-alpha.mycroftai/settings.json
2021-10-24 18:15:10.570 | INFO     |  5666 | mycroft.skills.skill_loader:_communicate_load_status:344 | Skill fallback-wolfram-alpha.mycroftai loaded successfully
2021-10-24 18:15:10.570 | INFO     |  5666 | mycroft.skills.skill_loader:load:185 | ATTEMPTING TO LOAD SKILL: mycroft-wiki.mycroftai
2021-10-24 18:15:10.575 | INFO     |  5666 | mycroft.skills.settings:get_local_settings:83 | /opt/mycroft/skills/mycroft-wiki.mycroftai/settings.json
2021-10-24 18:15:10.592 | INFO     |  5666 | mycroft.skills.skill_loader:_check_for_first_run:324 | First run of mycroft-wiki.mycroftai
2021-10-24 18:15:10.592 | INFO     |  5666 | mycroft.skills.settings:save_settings:116 | Skill settings successfully saved to /home/runner/.config/mycroft/skills/mycroft-wiki.mycroftai/settings.json
2021-10-24 18:15:10.627 | INFO     |  5666 | mycroft.skills.skill_loader:_communicate_load_status:344 | Skill mycroft-wiki.mycroftai loaded successfully
2021-10-24 18:15:10.628 | INFO     |  5666 | mycroft.skills.skill_loader:load:185 | ATTEMPTING TO LOAD SKILL: fallback-unknown.mycroftai
2021-10-24 18:15:10.642 | INFO     |  5666 | mycroft.skills.settings:get_local_settings:83 | /opt/mycroft/skills/fallback-unknown.mycroftai/settings.json
2021-10-24 18:15:10.658 | INFO     |  5666 | mycroft.skills.skill_loader:_check_for_first_run:324 | First run of fallback-unknown.mycroftai
2021-10-24 18:15:10.661 | INFO     |  5666 | mycroft.skills.settings:save_settings:116 | Skill settings successfully saved to /home/runner/.config/mycroft/skills/fallback-unknown.mycroftai/settings.json
2021-10-24 18:15:10.670 | INFO     |  5666 | mycroft.skills.skill_loader:_communicate_load_status:344 | Skill fallback-unknown.mycroftai loaded successfully
2021-10-24 18:15:10.671 | INFO     |  5666 | mycroft.skills.skill_loader:load:185 | ATTEMPTING TO LOAD SKILL: mycroft-playback-control.mycroftai
2021-10-24 18:15:10.680 | INFO     |  5666 | mycroft.skills.settings:get_local_settings:83 | /opt/mycroft/skills/mycroft-playback-control.mycroftai/settings.json
2021-10-24 18:15:10.736 | INFO     |  5666 | mycroft.skills.skill_loader:_check_for_first_run:324 | First run of mycroft-playback-control.mycroftai
2021-10-24 18:15:10.737 | INFO     |  5666 | mycroft.skills.settings:save_settings:116 | Skill settings successfully saved to /home/runner/.config/mycroft/skills/mycroft-playback-control.mycroftai/settings.json
2021-10-24 18:15:10.740 | INFO     |  5666 | mycroft.skills.skill_loader:_communicate_load_status:344 | Skill mycroft-playback-control.mycroftai loaded successfully
2021-10-24 18:15:10.740 | INFO     |  5666 | mycroft.skills.skill_manager:_load_on_startup:275 | Skills all loaded!
2021-10-24 18:15:10.780 | INFO     |  5666 | __main__:on_ready:185 | Skills service is ready.
2021-10-24 18:15:10.786 | INFO     |  5666 | mycroft.skills.intent_services.padatious_service:train:151 | Training... (single_thread=False)
Regenerated mycroft-alarm.mycroftai:{daytype}.
Regenerated mycroft-reminder.mycroftai:Reminder.intent.
Regenerated mycroft-reminder.mycroftai:CancelActiveReminder.intent.
Regenerated mycroft-reminder.mycroftai:ClearReminders.intent.
Regenerated mycroft-reminder.mycroftai:SnoozeReminder.intent.
Regenerated mycroft-reminder.mycroftai:DeleteReminderForDay.intent.
Regenerated mycroft-reminder.mycroftai:ReminderAt.intent.
Regenerated mycroft-reminder.mycroftai:GetRemindersForDay.intent.
Regenerated homeassistant.mycroftai:add.item.shopping.list.intent.
Regenerated homeassistant.mycroftai:set.climate.intent.
Regenerated homeassistant.mycroftai:turn.on.intent.
Regenerated homeassistant.mycroftai:set.light.brightness.intent.
Regenerated homeassistant.mycroftai:tracker.intent.
Regenerated homeassistant.mycroftai:increase.light.brightness.intent.
Regenerated homeassistant.mycroftai:toggle.intent.
Regenerated mycroft-audio-record.mycroftai:PlayRecording.intent.
Regenerated mycroft-stop.mycroftai:shutdown.intent.
Regenerated mycroft-stop.mycroftai:ssh.disable.intent.
Regenerated mycroft-stop.mycroftai:wifi.setup.intent.
Regenerated mycroft-stop.mycroftai:reboot.intent.
Regenerated mycroft-hello-world.mycroftai:HowAreYou.intent.
Regenerated mycroft-date-time.mycroftai:date.future.weekend.intent.
Regenerated mycroft-date-time.mycroftai:what.time.is.it.intent.
Regenerated mycroft-date-time.mycroftai:what.time.will.it.be.intent.
Regenerated mycroft-date-time.mycroftai:date.last.weekend.intent.
Regenerated mycroft-configuration.mycroftai:EnablePreciseDev.intent.
Regenerated mycroft-configuration.mycroftai:DisablePreciseDev.intent.
Regenerated mycroft-configuration.mycroftai:WhereAreYou.intent.
Regenerated mycroft-personal.mycroftai:WhenWereYouBorn.intent.
Regenerated mycroft-reminder.mycroftai:GetNextReminders.intent.
Regenerated mycroft-reminder.mycroftai:UnspecifiedReminderAt.intent.
Regenerated mycroft-installer.mycroftai:install.beta.intent.
Regenerated mycroft-installer.mycroftai:remove.intent.
Regenerated mycroft-installer.mycroftai:install.intent.
Regenerated mycroft-installer.mycroftai:is.installed.intent.
Regenerated mycroft-installer.mycroftai:list.skills.intent.
Regenerated mycroft-installer.mycroftai:install.custom.intent.
Regenerated mycroft-timer.mycroftai:start.timer.intent.
Regenerated mycroft-timer.mycroftai:timer.status.intent.
Regenerated homeassistant.mycroftai:sensor.intent.
Regenerated homeassistant.mycroftai:turn.off.intent.
Regenerated homeassistant.mycroftai:decrease.light.brightness.intent.
Regenerated homeassistant.mycroftai:automation.intent.
Regenerated mycroft-alarm.mycroftai:snooze.intent.
Regenerated mycroft-alarm.mycroftai:change.alarm.sound.intent.
Regenerated mycroft-npr-news.mycroftai:PlayTheNews.intent.
Regenerated mycroft-support-helper.mycroftai:contact.support.intent.
Regenerated mycroft-weather.mycroftai:do-i-need-an-umbrella.intent.
Regenerated mycroft-audio-record.mycroftai:StartRecording.intent.
Regenerated mycroft-stop.mycroftai:ssh.enable.intent.
Regenerated mycroft-personal.mycroftai:WhoMadeYou.intent.
Regenerated mycroft-personal.mycroftai:DoYouDream.intent.
Regenerated mycroft-personal.mycroftai:WhoAreYou.intent.
Regenerated mycroft-personal.mycroftai:DoYouRhyme.intent.
Regenerated mycroft-personal.mycroftai:WhatAreYou.intent.
Regenerated mycroft-personal.mycroftai:WhereWereYouBorn.intent.
Regenerated mycroft-wiki.mycroftai:Random.intent.
2021-10-24 18:15:15.248 | INFO     |  5666 | mycroft.skills.intent_services.padatious_service:train:153 | Training complete.
2021-10-24 18:15:19.125 | INFO     |  5666 | mycroft.skills.settings:save_settings:116 | Skill settings successfully saved to /home/runner/.config/mycroft/skills/mycroft-pairing.mycroftai/settings.json
2021-10-24 18:15:19.428 | INFO     |  5666 | mycroft.skills.settings:save_settings:116 | Skill settings successfully saved to /home/runner/.config/mycroft/skills/mycroft-timer.mycroftai/settings.json
2021-10-24 18:15:50.894 | INFO     |  5666 | __main__:on_stopping:193 | Skills service is shutting down...
2021-10-24 18:15:50.894 | INFO     |  5666 | __main__:shutdown:284 | Shutting down Skills service
2021-10-24 18:15:51.305 | ERROR    |  5666 | VolumeSkill | Couldn't allocate mixer, ALSAAudioError('No such file or directory [default]')
2021-10-24 18:15:51.306 | INFO     |  5666 | mycroft.skills.settings:save_settings:116 | Skill settings successfully saved to /home/runner/.config/mycroft/skills/mycroft-volume.mycroftai/settings.json
2021-10-24 18:15:51.308 | INFO     |  5666 | mycroft.skills.settings:save_settings:116 | Skill settings successfully saved to /home/runner/.config/mycroft/skills/mycroft-ip.mycroftai/settings.json
2021-10-24 18:15:51.323 | INFO     |  5666 | mycroft.skills.settings:save_settings:116 | Skill settings successfully saved to /home/runner/.config/mycroft/skills/mycroft-reminder.mycroftai/settings.json
2021-10-24 18:15:51.328 | INFO     |  5666 | mycroft.skills.settings:save_settings:116 | Skill settings successfully saved to /home/runner/.config/mycroft/skills/mycroft-installer.mycroftai/settings.json
2021-10-24 18:15:51.330 | INFO     |  5666 | mycroft.skills.settings:save_settings:116 | Skill settings successfully saved to /home/runner/.config/mycroft/skills/mycroft-version-checker.mycroftai/settings.json
2021-10-24 18:15:51.331 | INFO     |  5666 | mycroft.skills.settings:save_settings:116 | Skill settings successfully saved to /home/runner/.config/mycroft/skills/mycroft-singing.mycroftai/settings.json
2021-10-24 18:15:51.332 | INFO     |  5666 | mycroft.skills.settings:save_settings:116 | Skill settings successfully saved to /home/runner/.config/mycroft/skills/mycroft-joke.mycroftai/settings.json
2021-10-24 18:15:51.334 | INFO     |  5666 | HomeAssistantSkill | Removing all handlers...
2021-10-24 18:15:51.336 | WARNING  |  5666 | mycroft.skills.fallback_skill:remove_fallback:185 | Could not find matching fallback handler
2021-10-24 18:15:51.340 | INFO     |  5666 | mycroft.skills.settings:save_settings:116 | Skill settings successfully saved to /home/runner/.config/mycroft/skills/mycroft-alarm.mycroftai/settings.json
2021-10-24 18:15:51.351 | INFO     |  5666 | mycroft.skills.settings:save_settings:116 | Skill settings successfully saved to /home/runner/.config/mycroft/skills/mycroft-naptime.mycroftai/settings.json
2021-10-24 18:15:51.360 | INFO     |  5666 | mycroft.skills.settings:save_settings:116 | Skill settings successfully saved to /home/runner/.config/mycroft/skills/mycroft-spelling.mycroftai/settings.json
2021-10-24 18:15:51.364 | INFO     |  5666 | mycroft.skills.settings:save_settings:116 | Skill settings successfully saved to /home/runner/.config/mycroft/skills/mycroft-fallback-duck-duck-go.mycroftai/settings.json
2021-10-24 18:15:51.366 | INFO     |  5666 | mycroft.skills.settings:save_settings:116 | Skill settings successfully saved to /home/runner/.config/mycroft/skills/mycroft-npr-news.mycroftai/settings.json
2021-10-24 18:15:51.367 | INFO     |  5666 | mycroft.skills.settings:save_settings:116 | Skill settings successfully saved to /home/runner/.config/mycroft/skills/mycroft-support-helper.mycroftai/settings.json
2021-10-24 18:15:51.368 | INFO     |  5666 | mycroft.skills.settings:save_settings:116 | Skill settings successfully saved to /home/runner/.config/mycroft/skills/mycroft-weather.mycroftai/settings.json
2021-10-24 18:15:51.373 | INFO     |  5666 | mycroft.skills.settings:save_settings:116 | Skill settings successfully saved to /home/runner/.config/mycroft/skills/mycroft-speak.mycroftai/settings.json
2021-10-24 18:15:51.382 | INFO     |  5666 | mycroft.skills.settings:save_settings:116 | Skill settings successfully saved to /home/runner/.config/mycroft/skills/mycroft-audio-record.mycroftai/settings.json
2021-10-24 18:15:51.384 | INFO     |  5666 | mycroft.skills.settings:save_settings:116 | Skill settings successfully saved to /home/runner/.config/mycroft/skills/mycroft-stop.mycroftai/settings.json
2021-10-24 18:15:51.384 | INFO     |  5666 | mycroft.skills.settings:save_settings:116 | Skill settings successfully saved to /home/runner/.config/mycroft/skills/mycroft-hello-world.mycroftai/settings.json
2021-10-24 18:15:51.393 | INFO     |  5666 | mycroft.skills.settings:save_settings:116 | Skill settings successfully saved to /home/runner/.config/mycroft/skills/mycroft-date-time.mycroftai/settings.json
2021-10-24 18:15:51.395 | INFO     |  5666 | mycroft.skills.settings:save_settings:116 | Skill settings successfully saved to /home/runner/.config/mycroft/skills/mycroft-configuration.mycroftai/settings.json
2021-10-24 18:15:51.396 | INFO     |  5666 | QuestionsAnswersSkill | Removing all handlers...
2021-10-24 18:15:51.400 | INFO     |  5666 | mycroft.skills.settings:save_settings:116 | Skill settings successfully saved to /home/runner/.config/mycroft/skills/fallback-query.mycroftai/settings.json
2021-10-24 18:15:51.401 | INFO     |  5666 | mycroft.skills.settings:save_settings:116 | Skill settings successfully saved to /home/runner/.config/mycroft/skills/mycroft-personal.mycroftai/settings.json
2021-10-24 18:15:51.402 | INFO     |  5666 | mycroft.skills.settings:save_settings:116 | Skill settings successfully saved to /home/runner/.config/mycroft/skills/fallback-wolfram-alpha.mycroftai/settings.json
2021-10-24 18:15:51.403 | INFO     |  5666 | mycroft.skills.settings:save_settings:116 | Skill settings successfully saved to /home/runner/.config/mycroft/skills/mycroft-wiki.mycroftai/settings.json
2021-10-24 18:15:51.404 | INFO     |  5666 | UnknownSkill | Removing all handlers...
2021-10-24 18:15:51.408 | INFO     |  5666 | mycroft.skills.settings:save_settings:116 | Skill settings successfully saved to /home/runner/.config/mycroft/skills/fallback-unknown.mycroftai/settings.json
2021-10-24 18:15:51.409 | INFO     |  5666 | mycroft.skills.settings:save_settings:116 | Skill settings successfully saved to /home/runner/.config/mycroft/skills/mycroft-playback-control.mycroftai/settings.json
2021-10-24 18:15:52.410 | INFO     |  5666 | Playback Control Skill | Audio service status: {}
2021-10-24 18:15:53.411 | WARNING  |  5666 | mycroft.skills.skill_manager:_shutdown_skill:106 | mycroft-playback-control.mycroftai shutdown took 2.0021606720000023 seconds
2021-10-24 18:15:53.412 | INFO     |  5666 | __main__:shutdown:291 | Skills service shutdown complete!
2021-10-24 18:15:55.118 | ERROR    |  5666 | websocket | error from callback <bound method MessageBusClient.on_message of <mycroft.messagebus.client.client.MessageBusClient object at 0x7f4acc4ec5d0>>: cannot schedule new futures after shutdown
2021-10-24 18:15:55.119 | ERROR    |  5666 | websocket | error from callback <bound method MessageBusClient.on_message of <mycroft.messagebus.client.client.MessageBusClient object at 0x7f4acc4ec5d0>>: cannot schedule new futures after shutdown
2021-10-24 18:15:55.121 | ERROR    |  5666 | websocket | error from callback <bound method MessageBusClient.on_message of <mycroft.messagebus.client.client.MessageBusClient object at 0x7f4acc4ec5d0>>: cannot schedule new futures after shutdown
