2021-10-26 09:12:18.222 | INFO     |  5694 | __main__:main:46 | Starting Audio Service
2021-10-26 09:12:18.223 | INFO     |  5694 | mycroft.messagebus.load_config:load_message_bus_config:33 | Loading message bus configs
2021-10-26 09:12:18.228 | INFO     |  5694 | mycroft_bus_client.client.client | Connected
2021-10-26 09:12:18.229 | INFO     |  5694 | mycroft.util.process_utils:start_message_bus_client:155 | Connected to messagebus
2021-10-26 09:12:18.232 | WARNING  |  5694 | mycroft.tts.tts:clear_cache:428 | This method is deprecated, use TextToSpeechCache.clear
2021-10-26 09:12:18.726 | ERROR    |  5694 | mycroft.tts.mimic_tts:validate_connection:226 | Mimic executable not found
2021-10-26 09:12:18.726 | ERROR    |  5694 | mycroft.tts.tts:create:625 | The TTS could not be loaded.
Traceback (most recent call last):
  File "/opt/mycroft-core/mycroft/tts/mimic_tts.py", line 221, in validate_connection
    subprocess.call([mimic_bin, '--version'])
  File "/opt/hostedtoolcache/Python/3.7.12/x64/lib/python3.7/subprocess.py", line 339, in call
    with Popen(*popenargs, **kwargs) as p:
  File "/opt/hostedtoolcache/Python/3.7.12/x64/lib/python3.7/subprocess.py", line 800, in __init__
    restore_signals, start_new_session)
  File "/opt/hostedtoolcache/Python/3.7.12/x64/lib/python3.7/subprocess.py", line 1465, in _execute_child
    executable = os.fsencode(executable)
  File "/opt/hostedtoolcache/Python/3.7.12/x64/lib/python3.7/os.py", line 812, in fsencode
    filename = fspath(filename)  # Does type-checking of `filename`.
TypeError: expected str, bytes or os.PathLike object, not NoneType

The above exception was the direct cause of the following exception:

Traceback (most recent call last):
  File "/opt/mycroft-core/mycroft/tts/tts.py", line 614, in create
    tts.validator.validate()
  File "/opt/mycroft-core/mycroft/tts/tts.py", line 500, in validate
    self.validate_connection()
  File "/opt/mycroft-core/mycroft/tts/mimic_tts.py", line 229, in validate_connection
    from err
Exception: Mimic was not found. Run install-mimic.sh to install it.
2021-10-26 09:12:18.753 | ERROR    |  5694 | __main__:on_error:37 | Audio service failed to launch (Exception('Mimic was not found. Run install-mimic.sh to install it.')).
2021-10-26 09:12:30.493 | ERROR    |  5694 | mycroft.audio.speech:handle_speak:99 | Error in mute_and_speak
Traceback (most recent call last):
  File "/opt/mycroft-core/mycroft/audio/speech.py", line 95, in handle_speak
    mute_and_speak(chunk, ident, listen)
  File "/opt/mycroft-core/mycroft/audio/speech.py", line 120, in mute_and_speak
    tts.playback.stop()
AttributeError: 'NoneType' object has no attribute 'playback'
2021-10-26 09:13:01.333 | ERROR    |  5694 | mycroft.audio.speech:handle_speak:99 | Error in mute_and_speak
Traceback (most recent call last):
  File "/opt/mycroft-core/mycroft/audio/speech.py", line 95, in handle_speak
    mute_and_speak(chunk, ident, listen)
  File "/opt/mycroft-core/mycroft/audio/speech.py", line 120, in mute_and_speak
    tts.playback.stop()
AttributeError: 'NoneType' object has no attribute 'playback'
2021-10-26 09:13:01.333 | ERROR    |  5694 | mycroft.audio.speech:handle_speak:99 | Error in mute_and_speak
Traceback (most recent call last):
  File "/opt/mycroft-core/mycroft/audio/speech.py", line 95, in handle_speak
    mute_and_speak(chunk, ident, listen)
  File "/opt/mycroft-core/mycroft/audio/speech.py", line 120, in mute_and_speak
    tts.playback.stop()
AttributeError: 'NoneType' object has no attribute 'playback'
2021-10-26 09:13:31.662 | ERROR    |  5694 | mycroft.audio.speech:handle_speak:99 | Error in mute_and_speak
Traceback (most recent call last):
  File "/opt/mycroft-core/mycroft/audio/speech.py", line 95, in handle_speak
    mute_and_speak(chunk, ident, listen)
  File "/opt/mycroft-core/mycroft/audio/speech.py", line 120, in mute_and_speak
    tts.playback.stop()
AttributeError: 'NoneType' object has no attribute 'playback'
2021-10-26 09:13:31.663 | ERROR    |  5694 | mycroft.audio.speech:handle_speak:99 | Error in mute_and_speak
Traceback (most recent call last):
  File "/opt/mycroft-core/mycroft/audio/speech.py", line 95, in handle_speak
    mute_and_speak(chunk, ident, listen)
  File "/opt/mycroft-core/mycroft/audio/speech.py", line 120, in mute_and_speak
    tts.playback.stop()
AttributeError: 'NoneType' object has no attribute 'playback'
2021-10-26 09:13:31.663 | ERROR    |  5694 | mycroft.audio.speech:handle_speak:99 | Error in mute_and_speak
Traceback (most recent call last):
  File "/opt/mycroft-core/mycroft/audio/speech.py", line 95, in handle_speak
    mute_and_speak(chunk, ident, listen)
  File "/opt/mycroft-core/mycroft/audio/speech.py", line 120, in mute_and_speak
    tts.playback.stop()
AttributeError: 'NoneType' object has no attribute 'playback'
2021-10-26 09:13:31.664 | ERROR    |  5694 | mycroft.audio.speech:handle_speak:99 | Error in mute_and_speak
Traceback (most recent call last):
  File "/opt/mycroft-core/mycroft/audio/speech.py", line 95, in handle_speak
    mute_and_speak(chunk, ident, listen)
  File "/opt/mycroft-core/mycroft/audio/speech.py", line 120, in mute_and_speak
    tts.playback.stop()
AttributeError: 'NoneType' object has no attribute 'playback'
2021-10-26 09:13:31.664 | ERROR    |  5694 | mycroft.audio.speech:handle_speak:99 | Error in mute_and_speak
Traceback (most recent call last):
  File "/opt/mycroft-core/mycroft/audio/speech.py", line 95, in handle_speak
    mute_and_speak(chunk, ident, listen)
  File "/opt/mycroft-core/mycroft/audio/speech.py", line 120, in mute_and_speak
    tts.playback.stop()
AttributeError: 'NoneType' object has no attribute 'playback'
2021-10-26 09:13:31.665 | ERROR    |  5694 | mycroft.audio.speech:handle_speak:99 | Error in mute_and_speak
Traceback (most recent call last):
  File "/opt/mycroft-core/mycroft/audio/speech.py", line 95, in handle_speak
    mute_and_speak(chunk, ident, listen)
  File "/opt/mycroft-core/mycroft/audio/speech.py", line 120, in mute_and_speak
    tts.playback.stop()
AttributeError: 'NoneType' object has no attribute 'playback'
2021-10-26 09:13:31.666 | ERROR    |  5694 | mycroft.audio.speech:handle_speak:99 | Error in mute_and_speak
Traceback (most recent call last):
  File "/opt/mycroft-core/mycroft/audio/speech.py", line 95, in handle_speak
    mute_and_speak(chunk, ident, listen)
  File "/opt/mycroft-core/mycroft/audio/speech.py", line 120, in mute_and_speak
    tts.playback.stop()
AttributeError: 'NoneType' object has no attribute 'playback'
2021-10-26 09:13:36.257 | ERROR    |  5694 | websocket | error from callback <bound method MessageBusClient.on_message of <mycroft.messagebus.client.client.MessageBusClient object at 0x7f6c608a9290>>: cannot schedule new futures after shutdown
2021-10-26 09:13:36.258 | ERROR    |  5694 | websocket | error from callback <bound method MessageBusClient.on_message of <mycroft.messagebus.client.client.MessageBusClient object at 0x7f6c608a9290>>: cannot schedule new futures after shutdown
2021-10-26 09:13:36.258 | ERROR    |  5694 | websocket | error from callback <bound method MessageBusClient.on_message of <mycroft.messagebus.client.client.MessageBusClient object at 0x7f6c608a9290>>: cannot schedule new futures after shutdown
2021-10-26 09:13:36.258 | ERROR    |  5694 | websocket | error from callback <bound method MessageBusClient.on_message of <mycroft.messagebus.client.client.MessageBusClient object at 0x7f6c608a9290>>: cannot schedule new futures after shutdown
2021-10-26 09:13:36.258 | ERROR    |  5694 | websocket | error from callback <bound method MessageBusClient.on_message of <mycroft.messagebus.client.client.MessageBusClient object at 0x7f6c608a9290>>: cannot schedule new futures after shutdown
2021-10-26 09:13:36.259 | ERROR    |  5694 | websocket | error from callback <bound method MessageBusClient.on_message of <mycroft.messagebus.client.client.MessageBusClient object at 0x7f6c608a9290>>: cannot schedule new futures after shutdown
2021-10-26 09:13:36.259 | ERROR    |  5694 | websocket | error from callback <bound method MessageBusClient.on_message of <mycroft.messagebus.client.client.MessageBusClient object at 0x7f6c608a9290>>: cannot schedule new futures after shutdown
2021-10-26 09:13:36.259 | ERROR    |  5694 | websocket | error from callback <bound method MessageBusClient.on_message of <mycroft.messagebus.client.client.MessageBusClient object at 0x7f6c608a9290>>: cannot schedule new futures after shutdown
2021-10-26 09:13:36.259 | ERROR    |  5694 | websocket | error from callback <bound method MessageBusClient.on_message of <mycroft.messagebus.client.client.MessageBusClient object at 0x7f6c608a9290>>: cannot schedule new futures after shutdown
2021-10-26 09:13:36.259 | ERROR    |  5694 | websocket | error from callback <bound method MessageBusClient.on_message of <mycroft.messagebus.client.client.MessageBusClient object at 0x7f6c608a9290>>: cannot schedule new futures after shutdown
2021-10-26 09:13:36.260 | ERROR    |  5694 | websocket | error from callback <bound method MessageBusClient.on_message of <mycroft.messagebus.client.client.MessageBusClient object at 0x7f6c608a9290>>: cannot schedule new futures after shutdown
2021-10-26 09:13:36.260 | ERROR    |  5694 | websocket | error from callback <bound method MessageBusClient.on_message of <mycroft.messagebus.client.client.MessageBusClient object at 0x7f6c608a9290>>: cannot schedule new futures after shutdown
2021-10-26 09:13:36.260 | ERROR    |  5694 | websocket | error from callback <bound method MessageBusClient.on_message of <mycroft.messagebus.client.client.MessageBusClient object at 0x7f6c608a9290>>: cannot schedule new futures after shutdown
2021-10-26 09:13:36.260 | ERROR    |  5694 | websocket | error from callback <bound method MessageBusClient.on_message of <mycroft.messagebus.client.client.MessageBusClient object at 0x7f6c608a9290>>: cannot schedule new futures after shutdown
2021-10-26 09:13:36.260 | ERROR    |  5694 | websocket | error from callback <bound method MessageBusClient.on_message of <mycroft.messagebus.client.client.MessageBusClient object at 0x7f6c608a9290>>: cannot schedule new futures after shutdown
2021-10-26 09:13:36.261 | ERROR    |  5694 | websocket | error from callback <bound method MessageBusClient.on_message of <mycroft.messagebus.client.client.MessageBusClient object at 0x7f6c608a9290>>: cannot schedule new futures after shutdown
2021-10-26 09:13:36.261 | ERROR    |  5694 | websocket | error from callback <bound method MessageBusClient.on_message of <mycroft.messagebus.client.client.MessageBusClient object at 0x7f6c608a9290>>: cannot schedule new futures after shutdown
2021-10-26 09:13:36.261 | ERROR    |  5694 | websocket | error from callback <bound method MessageBusClient.on_message of <mycroft.messagebus.client.client.MessageBusClient object at 0x7f6c608a9290>>: cannot schedule new futures after shutdown
2021-10-26 09:13:36.261 | ERROR    |  5694 | websocket | error from callback <bound method MessageBusClient.on_message of <mycroft.messagebus.client.client.MessageBusClient object at 0x7f6c608a9290>>: cannot schedule new futures after shutdown
2021-10-26 09:13:36.261 | ERROR    |  5694 | websocket | error from callback <bound method MessageBusClient.on_message of <mycroft.messagebus.client.client.MessageBusClient object at 0x7f6c608a9290>>: cannot schedule new futures after shutdown
2021-10-26 09:13:36.261 | ERROR    |  5694 | websocket | error from callback <bound method MessageBusClient.on_message of <mycroft.messagebus.client.client.MessageBusClient object at 0x7f6c608a9290>>: cannot schedule new futures after shutdown
2021-10-26 09:13:36.262 | ERROR    |  5694 | websocket | error from callback <bound method MessageBusClient.on_message of <mycroft.messagebus.client.client.MessageBusClient object at 0x7f6c608a9290>>: cannot schedule new futures after shutdown
2021-10-26 09:13:36.262 | ERROR    |  5694 | websocket | error from callback <bound method MessageBusClient.on_message of <mycroft.messagebus.client.client.MessageBusClient object at 0x7f6c608a9290>>: cannot schedule new futures after shutdown
2021-10-26 09:13:36.262 | ERROR    |  5694 | websocket | error from callback <bound method MessageBusClient.on_message of <mycroft.messagebus.client.client.MessageBusClient object at 0x7f6c608a9290>>: cannot schedule new futures after shutdown
2021-10-26 09:13:36.262 | ERROR    |  5694 | websocket | error from callback <bound method MessageBusClient.on_message of <mycroft.messagebus.client.client.MessageBusClient object at 0x7f6c608a9290>>: cannot schedule new futures after shutdown
2021-10-26 09:13:36.262 | ERROR    |  5694 | websocket | error from callback <bound method MessageBusClient.on_message of <mycroft.messagebus.client.client.MessageBusClient object at 0x7f6c608a9290>>: cannot schedule new futures after shutdown
2021-10-26 09:13:36.263 | ERROR    |  5694 | websocket | error from callback <bound method MessageBusClient.on_message of <mycroft.messagebus.client.client.MessageBusClient object at 0x7f6c608a9290>>: cannot schedule new futures after shutdown
2021-10-26 09:13:36.263 | ERROR    |  5694 | websocket | error from callback <bound method MessageBusClient.on_message of <mycroft.messagebus.client.client.MessageBusClient object at 0x7f6c608a9290>>: cannot schedule new futures after shutdown
2021-10-26 09:13:36.263 | ERROR    |  5694 | websocket | error from callback <bound method MessageBusClient.on_message of <mycroft.messagebus.client.client.MessageBusClient object at 0x7f6c608a9290>>: cannot schedule new futures after shutdown
2021-10-26 09:13:36.263 | ERROR    |  5694 | websocket | error from callback <bound method MessageBusClient.on_message of <mycroft.messagebus.client.client.MessageBusClient object at 0x7f6c608a9290>>: cannot schedule new futures after shutdown
2021-10-26 09:13:36.263 | ERROR    |  5694 | websocket | error from callback <bound method MessageBusClient.on_message of <mycroft.messagebus.client.client.MessageBusClient object at 0x7f6c608a9290>>: cannot schedule new futures after shutdown
2021-10-26 09:13:36.264 | ERROR    |  5694 | websocket | error from callback <bound method MessageBusClient.on_message of <mycroft.messagebus.client.client.MessageBusClient object at 0x7f6c608a9290>>: cannot schedule new futures after shutdown
2021-10-26 09:13:36.264 | ERROR    |  5694 | websocket | error from callback <bound method MessageBusClient.on_message of <mycroft.messagebus.client.client.MessageBusClient object at 0x7f6c608a9290>>: cannot schedule new futures after shutdown
2021-10-26 09:13:36.264 | ERROR    |  5694 | websocket | error from callback <bound method MessageBusClient.on_message of <mycroft.messagebus.client.client.MessageBusClient object at 0x7f6c608a9290>>: cannot schedule new futures after shutdown
2021-10-26 09:13:36.264 | ERROR    |  5694 | websocket | error from callback <bound method MessageBusClient.on_message of <mycroft.messagebus.client.client.MessageBusClient object at 0x7f6c608a9290>>: cannot schedule new futures after shutdown
2021-10-26 09:13:36.265 | ERROR    |  5694 | websocket | error from callback <bound method MessageBusClient.on_message of <mycroft.messagebus.client.client.MessageBusClient object at 0x7f6c608a9290>>: cannot schedule new futures after shutdown
