2021-10-29 06:40:33.787 | INFO     |  5475 | mycroft.messagebus.load_config:load_message_bus_config:33 | Loading message bus configs
2021-10-29 06:40:33.799 | INFO     |  5475 | mycroft_bus_client.client.client | Connected
2021-10-29 06:40:33.811 | INFO     |  5475 | mycroft.util.process_utils:start_message_bus_client:155 | Connected to messagebus
2021-10-29 06:40:33.821 | INFO     |  5475 | mycroft.skills.msm_wrapper:create_msm:96 | Acquiring lock to instantiate MSM
2021-10-29 06:40:34.876 | INFO     |  5475 | msm.mycroft_skills_manager | building SkillEntry objects for all skills
2021-10-29 06:40:35.224 | INFO     |  5475 | mycroft.skills.msm_wrapper:create_msm:112 | Releasing MSM instantiation lock.
2021-10-29 06:40:35.225 | INFO     |  5475 | mycroft.skills.skill_updater:_log_next_download_time:267 | Next scheduled skill update: 2021-10-29 06:40:34.224929
2021-10-29 06:40:35.225 | INFO     |  5475 | msm.skill_entry | Downloading skill: https://github.com/mycroftai/skill-pairing
2021-10-29 06:40:35.616 | INFO     |  5475 | msm.skill_entry | Installing system requirements...
2021-10-29 06:40:35.646 | INFO     |  5475 | msm.skill_entry | Successfully installed mycroft-pairing
2021-10-29 06:40:35.647 | INFO     |  5475 | msm.mycroft_skills_manager | invalidating skills cache
2021-10-29 06:40:35.649 | INFO     |  5475 | mycroft.skills.skill_loader:load:185 | ATTEMPTING TO LOAD SKILL: mycroft-pairing.mycroftai
2021-10-29 06:40:35.656 | INFO     |  5475 | mycroft.skills.settings:get_local_settings:83 | /opt/mycroft/skills/mycroft-pairing.mycroftai/settings.json
2021-10-29 06:40:35.674 | INFO     |  5475 | mycroft.skills.skill_loader:_check_for_first_run:324 | First run of mycroft-pairing.mycroftai
2021-10-29 06:40:35.675 | INFO     |  5475 | mycroft.skills.settings:save_settings:116 | Skill settings successfully saved to /home/runner/.config/mycroft/skills/mycroft-pairing.mycroftai/settings.json
2021-10-29 06:40:35.692 | INFO     |  5475 | mycroft.skills.skill_loader:_communicate_load_status:344 | Skill mycroft-pairing.mycroftai loaded successfully
2021-10-29 06:40:35.693 | INFO     |  5475 | msm.skill_entry | Downloading skill: https://github.com/mycroftai/skill-volume
2021-10-29 06:40:36.107 | INFO     |  5475 | msm.skill_entry | Installing system requirements...
2021-10-29 06:40:36.137 | INFO     |  5475 | msm.skill_entry | Installing requirements.txt for mycroft-volume
2021-10-29 06:40:37.597 | INFO     |  5475 | msm.skill_entry | Successfully installed mycroft-volume
2021-10-29 06:40:37.597 | INFO     |  5475 | msm.mycroft_skills_manager | invalidating skills cache
2021-10-29 06:40:37.599 | INFO     |  5475 | mycroft.skills.skill_loader:load:185 | ATTEMPTING TO LOAD SKILL: mycroft-volume.mycroftai
2021-10-29 06:40:37.607 | INFO     |  5475 | mycroft.skills.settings:get_local_settings:83 | /opt/mycroft/skills/mycroft-volume.mycroftai/settings.json
2021-10-29 06:40:37.721 | ERROR    |  5475 | VolumeSkill | Couldn't allocate mixer, ALSAAudioError('No such file or directory [default]')
2021-10-29 06:40:40.734 | INFO     |  5475 | mycroft.skills.skill_loader:_check_for_first_run:324 | First run of mycroft-volume.mycroftai
2021-10-29 06:40:40.735 | INFO     |  5475 | mycroft.skills.settings:save_settings:116 | Skill settings successfully saved to /home/runner/.config/mycroft/skills/mycroft-volume.mycroftai/settings.json
2021-10-29 06:40:40.736 | INFO     |  5475 | mycroft.skills.skill_loader:_communicate_load_status:344 | Skill mycroft-volume.mycroftai loaded successfully
2021-10-29 06:40:40.737 | INFO     |  5475 | __main__:on_started:177 | Skills service is starting up.
2021-10-29 06:40:40.793 | INFO     |  5475 | __main__:_update_system:154 | Attempting system update...
2021-10-29 06:40:43.795 | INFO     |  5475 | mycroft.enclosure.display_manager:_write_data:70 | Display Manager is creating /tmp/mycroft/ipc/managers/disp_info
2021-10-29 06:40:43.796 | INFO     |  5475 | __main__:_ensure_device_is_paired:133 | Device not paired, invoking the pairing skill
2021-10-29 06:40:43.824 | INFO     |  5475 | __main__:on_alive:181 | Skills service is alive.
2021-10-29 06:40:43.833 | INFO     |  5475 | msm.mycroft_skills_manager | building SkillEntry objects for all skills
2021-10-29 06:40:44.008 | INFO     |  5475 | PairingSkill | Communicating account URL to user
2021-10-29 06:40:44.356 | WARNING  |  5475 | msm.mycroft_skills_manager | No such default skill: mycroft-pandora
2021-10-29 06:40:44.357 | INFO     |  5475 | mycroft.skills.skill_manager:run:234 | Not all default skills are installed, performing skill update...
2021-10-29 06:40:44.358 | INFO     |  5475 | mycroft.skills.skill_updater:update_skills:149 | Beginning skill update...
2021-10-29 06:40:44.405 | INFO     |  5475 | msm.mycroft_skills_manager | building SkillEntry objects for all skills
2021-10-29 06:40:45.373 | INFO     |  5475 | msm.mycroft_skills_manager | invalidating skills cache
2021-10-29 06:40:45.402 | INFO     |  5475 | msm.skill_entry | Downloading skill: https://github.com/mycroftai/fallback-unknown
2021-10-29 06:40:45.407 | INFO     |  5475 | msm.skill_entry | Downloading skill: https://github.com/mycroftai/fallback-wolfram-alpha
2021-10-29 06:40:45.416 | INFO     |  5475 | msm.skill_entry | Downloading skill: https://github.com/mycroftai/skill-audio-record
2021-10-29 06:40:45.421 | INFO     |  5475 | msm.skill_entry | Downloading skill: https://github.com/mycroftai/skill-configuration
2021-10-29 06:40:45.429 | INFO     |  5475 | msm.skill_entry | Downloading skill: https://github.com/mycroftai/skill-date-time
2021-10-29 06:40:45.437 | INFO     |  5475 | msm.skill_entry | Downloading skill: https://github.com/mycroftai/fallback-duckduckgo
2021-10-29 06:40:45.441 | INFO     |  5475 | msm.skill_entry | Downloading skill: https://github.com/mycroftai/skill-alarm
2021-10-29 06:40:45.447 | INFO     |  5475 | msm.skill_entry | Downloading skill: https://github.com/mycroftai/skill-hello-world
2021-10-29 06:40:45.449 | INFO     |  5475 | msm.skill_entry | Downloading skill: https://github.com/mycroftai/skill-installer
2021-10-29 06:40:45.458 | INFO     |  5475 | msm.skill_entry | Downloading skill: https://github.com/mycroftai/skill-ip
2021-10-29 06:40:45.463 | INFO     |  5475 | msm.skill_entry | Downloading skill: https://github.com/mycroftai/skill-joke
2021-10-29 06:40:45.485 | INFO     |  5475 | msm.skill_entry | Downloading skill: https://github.com/mycroftai/skill-npr-news
2021-10-29 06:40:45.499 | INFO     |  5475 | msm.skill_entry | Downloading skill: https://github.com/mycroftai/skill-personal
2021-10-29 06:40:45.520 | INFO     |  5475 | msm.skill_entry | Downloading skill: https://github.com/mycroftai/skill-reminder
2021-10-29 06:40:45.525 | INFO     |  5475 | msm.skill_entry | Downloading skill: https://github.com/mycroftai/skill-singing
2021-10-29 06:40:45.549 | INFO     |  5475 | msm.skill_entry | Downloading skill: https://github.com/mycroftai/skill-playback-control
2021-10-29 06:40:45.555 | INFO     |  5475 | msm.skill_entry | Downloading skill: https://github.com/mycroftai/skill-naptime
2021-10-29 06:40:46.936 | INFO     |  5475 | msm.skill_entry | Installing system requirements...
2021-10-29 06:40:47.119 | INFO     |  5475 | msm.skill_entry | Installing system requirements...
2021-10-29 06:40:47.291 | INFO     |  5475 | msm.skill_entry | Installing system requirements...
2021-10-29 06:40:47.296 | INFO     |  5475 | msm.skill_entry | Installing system requirements...
2021-10-29 06:40:47.358 | INFO     |  5475 | msm.skill_entry | Installing system requirements...
2021-10-29 06:40:47.365 | INFO     |  5475 | msm.skill_entry | Installing system requirements...
2021-10-29 06:40:47.371 | INFO     |  5475 | msm.skill_entry | Installing system requirements...
2021-10-29 06:40:47.440 | INFO     |  5475 | msm.skill_entry | Installing requirements.txt for mycroft-fallback-duck-duck-go
2021-10-29 06:40:47.446 | INFO     |  5475 | msm.skill_entry | Installing system requirements...
2021-10-29 06:40:47.490 | INFO     |  5475 | msm.skill_entry | Installing requirements.txt for mycroft-ip
2021-10-29 06:40:47.491 | INFO     |  5475 | msm.skill_entry | Installing requirements.txt for mycroft-joke
2021-10-29 06:40:47.496 | INFO     |  5475 | msm.skill_entry | Successfully installed mycroft-hello-world
2021-10-29 06:40:47.496 | INFO     |  5475 | msm.mycroft_skills_manager | invalidating skills cache
2021-10-29 06:40:47.499 | INFO     |  5475 | msm.skill_entry | Downloading skill: https://github.com/mycroftai/skill-speak
2021-10-29 06:40:47.508 | INFO     |  5475 | msm.skill_entry | Installing requirements.txt for fallback-wolfram-alpha
2021-10-29 06:40:47.524 | INFO     |  5475 | msm.skill_entry | Successfully installed fallback-unknown
2021-10-29 06:40:47.525 | INFO     |  5475 | msm.mycroft_skills_manager | invalidating skills cache
2021-10-29 06:40:47.526 | INFO     |  5475 | msm.skill_entry | Downloading skill: https://github.com/mycroftai/skill-spelling
2021-10-29 06:40:47.538 | INFO     |  5475 | msm.skill_entry | Successfully installed mycroft-naptime
2021-10-29 06:40:47.538 | INFO     |  5475 | msm.mycroft_skills_manager | invalidating skills cache
2021-10-29 06:40:47.541 | INFO     |  5475 | msm.skill_entry | Downloading skill: https://github.com/mycroftai/skill-stop
2021-10-29 06:40:47.763 | INFO     |  5475 | msm.skill_entry | Installing system requirements...
2021-10-29 06:40:47.787 | INFO     |  5475 | msm.skill_entry | Installing system requirements...
2021-10-29 06:40:47.789 | INFO     |  5475 | msm.skill_entry | Installing system requirements...
2021-10-29 06:40:47.810 | INFO     |  5475 | msm.skill_entry | Successfully installed mycroft-playback-control
2021-10-29 06:40:47.810 | INFO     |  5475 | msm.mycroft_skills_manager | invalidating skills cache
2021-10-29 06:40:47.813 | INFO     |  5475 | msm.skill_entry | Downloading skill: https://github.com/mycroftai/skill-support
2021-10-29 06:40:47.831 | INFO     |  5475 | msm.skill_entry | Successfully installed mycroft-personal
2021-10-29 06:40:47.834 | INFO     |  5475 | msm.mycroft_skills_manager | invalidating skills cache
2021-10-29 06:40:47.837 | INFO     |  5475 | msm.skill_entry | Downloading skill: https://github.com/mycroftai/mycroft-timer
2021-10-29 06:40:47.848 | INFO     |  5475 | msm.skill_entry | Nothing new for mycroft-pairing
2021-10-29 06:40:47.852 | INFO     |  5475 | msm.skill_entry | Nothing new for mycroft-volume
2021-10-29 06:40:47.873 | INFO     |  5475 | msm.skill_entry | Installing requirements.txt for mycroft-audio-record
2021-10-29 06:40:47.881 | INFO     |  5475 | msm.skill_entry | Successfully installed mycroft-reminder
2021-10-29 06:40:47.882 | INFO     |  5475 | msm.mycroft_skills_manager | invalidating skills cache
2021-10-29 06:40:47.883 | INFO     |  5475 | msm.skill_entry | Downloading skill: https://github.com/mycroftai/skill-weather
2021-10-29 06:40:48.170 | INFO     |  5475 | msm.skill_entry | Installing system requirements...
2021-10-29 06:40:48.186 | INFO     |  5475 | msm.skill_entry | Installing system requirements...
2021-10-29 06:40:48.197 | INFO     |  5475 | msm.skill_entry | Installing system requirements...
2021-10-29 06:40:48.215 | INFO     |  5475 | msm.skill_entry | Installing system requirements...
2021-10-29 06:40:48.280 | INFO     |  5475 | msm.skill_entry | Installing system requirements...
2021-10-29 06:40:48.329 | INFO     |  5475 | msm.skill_entry | Installing requirements.txt for mycroft-volume
2021-10-29 06:40:48.338 | INFO     |  5475 | msm.skill_entry | Installing requirements.txt for mycroft-configuration
2021-10-29 06:40:48.353 | ERROR    |  5475 | msm.mycroft_skills_manager | Error running install_or_update on homeassistant.mycroftai: MergeConflict
2021-10-29 06:40:48.360 | INFO     |  5475 | msm.skill_entry | Installing requirements.txt for mycroft-date-time
2021-10-29 06:40:48.361 | INFO     |  5475 | msm.skill_entry | Downloading skill: https://github.com/mycroftai/skill-version-checker
2021-10-29 06:40:48.411 | INFO     |  5475 | msm.skill_entry | Installing requirements.txt for mycroft-installer
2021-10-29 06:40:48.492 | INFO     |  5475 | msm.skill_entry | Installing system requirements...
2021-10-29 06:40:48.509 | INFO     |  5475 | msm.skill_entry | Downloading skill: https://github.com/mycroftai/skill-wiki
2021-10-29 06:40:48.589 | INFO     |  5475 | msm.skill_entry | Installing requirements.txt for mycroft-npr-news
2021-10-29 06:40:48.813 | INFO     |  5475 | msm.skill_entry | Installing system requirements...
2021-10-29 06:40:48.992 | INFO     |  5475 | msm.skill_entry | Installing system requirements...
2021-10-29 06:40:49.000 | INFO     |  5475 | msm.skill_entry | Installing system requirements...
2021-10-29 06:40:49.009 | INFO     |  5475 | msm.skill_entry | Installing requirements.txt for mycroft-alarm
2021-10-29 06:40:49.010 | INFO     |  5475 | msm.skill_entry | Installing system requirements...
2021-10-29 06:40:49.041 | INFO     |  5475 | msm.skill_entry | Installing system requirements...
2021-10-29 06:40:49.117 | INFO     |  5475 | msm.skill_entry | Installing requirements.txt for mycroft-support-helper
2021-10-29 06:40:49.138 | INFO     |  5475 | msm.skill_entry | Successfully installed mycroft-speak
2021-10-29 06:40:49.138 | INFO     |  5475 | msm.mycroft_skills_manager | invalidating skills cache
2021-10-29 06:40:49.141 | INFO     |  5475 | msm.skill_entry | Successfully installed mycroft-stop
2021-10-29 06:40:49.141 | INFO     |  5475 | msm.mycroft_skills_manager | invalidating skills cache
2021-10-29 06:40:49.146 | INFO     |  5475 | msm.skill_entry | Downloading skill: https://github.com/MycroftAI/skill-query
2021-10-29 06:40:49.164 | INFO     |  5475 | msm.skill_entry | Successfully installed mycroft-spelling
2021-10-29 06:40:49.165 | INFO     |  5475 | msm.mycroft_skills_manager | invalidating skills cache
2021-10-29 06:40:49.569 | INFO     |  5475 | msm.skill_entry | Installing system requirements...
2021-10-29 06:40:49.586 | INFO     |  5475 | msm.skill_entry | Installing system requirements...
2021-10-29 06:40:49.602 | INFO     |  5475 | msm.skill_entry | Installing requirements.txt for mycroft-wiki
2021-10-29 06:40:49.633 | INFO     |  5475 | msm.skill_entry | Successfully installed mycroft-version-checker
2021-10-29 06:40:49.634 | INFO     |  5475 | msm.mycroft_skills_manager | invalidating skills cache
2021-10-29 06:40:49.690 | INFO     |  5475 | msm.skill_entry | Installing system requirements...
2021-10-29 06:40:49.726 | INFO     |  5475 | msm.skill_entry | Successfully installed mycroft-timer
2021-10-29 06:40:49.726 | INFO     |  5475 | msm.mycroft_skills_manager | invalidating skills cache
2021-10-29 06:40:49.905 | INFO     |  5475 | msm.skill_entry | Installing system requirements...
2021-10-29 06:40:49.953 | INFO     |  5475 | msm.skill_entry | Successfully installed fallback-query
2021-10-29 06:40:49.953 | INFO     |  5475 | msm.mycroft_skills_manager | invalidating skills cache
2021-10-29 06:40:50.070 | ERROR    |  5475 | msm.mycroft_skills_manager | Error running install_or_update on homeassistant: MergeConflict
2021-10-29 06:40:50.132 | INFO     |  5475 | msm.skill_entry | Installing system requirements...
2021-10-29 06:40:50.184 | INFO     |  5475 | msm.skill_entry | Installing requirements.txt for mycroft-weather
2021-10-29 06:40:50.319 | INFO     |  5475 | msm.skill_entry | Installing system requirements...
2021-10-29 06:40:50.342 | INFO     |  5475 | msm.skill_entry | Successfully installed mycroft-singing
2021-10-29 06:40:50.346 | INFO     |  5475 | msm.mycroft_skills_manager | invalidating skills cache
2021-10-29 06:40:50.977 | INFO     |  5475 | msm.skill_entry | Successfully installed mycroft-fallback-duck-duck-go
2021-10-29 06:40:50.977 | INFO     |  5475 | msm.mycroft_skills_manager | invalidating skills cache
2021-10-29 06:40:52.056 | INFO     |  5475 | msm.skill_entry | Successfully installed mycroft-ip
2021-10-29 06:40:52.058 | INFO     |  5475 | msm.mycroft_skills_manager | invalidating skills cache
2021-10-29 06:40:53.343 | INFO     |  5475 | msm.skill_entry | Successfully installed mycroft-joke
2021-10-29 06:40:53.344 | INFO     |  5475 | msm.mycroft_skills_manager | invalidating skills cache
2021-10-29 06:40:58.063 | INFO     |  5475 | msm.skill_entry | Successfully installed fallback-wolfram-alpha
2021-10-29 06:40:58.063 | INFO     |  5475 | msm.mycroft_skills_manager | invalidating skills cache
2021-10-29 06:40:59.195 | INFO     |  5475 | msm.skill_entry | Successfully installed mycroft-audio-record
2021-10-29 06:40:59.196 | INFO     |  5475 | msm.mycroft_skills_manager | invalidating skills cache
2021-10-29 06:41:03.504 | INFO     |  5475 | msm.skill_entry | Successfully installed mycroft-configuration
2021-10-29 06:41:03.505 | INFO     |  5475 | msm.mycroft_skills_manager | invalidating skills cache
2021-10-29 06:41:14.404 | INFO     |  5475 | PairingSkill | Initiating device pairing sequence...
2021-10-29 06:41:14.404 | INFO     |  5475 | PairingSkill | Retrieving pairing code from device API...
2021-10-29 06:41:14.651 | INFO     |  5475 | PairingSkill | Pairing code obtained: JWCXYA
2021-10-29 06:41:14.652 | INFO     |  5475 | PairingSkill | Communicating pairing URL to user
2021-10-29 06:41:23.074 | INFO     |  5475 | msm.skill_entry | Successfully installed mycroft-date-time
2021-10-29 06:41:23.074 | INFO     |  5475 | msm.mycroft_skills_manager | invalidating skills cache
2021-10-29 06:41:24.174 | INFO     |  5475 | msm.skill_entry | Successfully installed mycroft-installer
2021-10-29 06:41:24.175 | INFO     |  5475 | msm.mycroft_skills_manager | invalidating skills cache
2021-10-29 06:41:27.965 | INFO     |  5475 | msm.skill_entry | Successfully installed mycroft-npr-news
2021-10-29 06:41:27.965 | INFO     |  5475 | msm.mycroft_skills_manager | invalidating skills cache
2021-10-29 06:41:29.132 | INFO     |  5475 | msm.skill_entry | Successfully installed mycroft-alarm
2021-10-29 06:41:29.133 | INFO     |  5475 | msm.mycroft_skills_manager | invalidating skills cache
2021-10-29 06:41:31.620 | INFO     |  5475 | msm.skill_entry | Successfully installed mycroft-support-helper
2021-10-29 06:41:31.620 | INFO     |  5475 | msm.mycroft_skills_manager | invalidating skills cache
2021-10-29 06:41:33.916 | INFO     |  5475 | msm.skill_entry | Successfully installed mycroft-wiki
2021-10-29 06:41:33.916 | INFO     |  5475 | msm.mycroft_skills_manager | invalidating skills cache
2021-10-29 06:41:35.155 | INFO     |  5475 | msm.skill_entry | Successfully installed mycroft-weather
2021-10-29 06:41:35.156 | INFO     |  5475 | msm.mycroft_skills_manager | invalidating skills cache
2021-10-29 06:41:35.239 | INFO     |  5475 | mycroft.skills.skill_updater:_log_next_download_time:267 | Next scheduled skill update: 2021-10-29 07:41:35.238607
2021-10-29 06:41:35.239 | INFO     |  5475 | mycroft.skills.skill_updater:update_skills:170 | Skill update complete
2021-10-29 06:41:35.240 | INFO     |  5475 | mycroft.skills.skill_manager:_load_on_startup:273 | Loading installed skills...
2021-10-29 06:41:35.241 | INFO     |  5475 | mycroft.skills.skill_loader:load:185 | ATTEMPTING TO LOAD SKILL: mycroft-ip.mycroftai
2021-10-29 06:41:35.295 | INFO     |  5475 | mycroft.skills.settings:get_local_settings:83 | /opt/mycroft/skills/mycroft-ip.mycroftai/settings.json
2021-10-29 06:41:35.307 | INFO     |  5475 | mycroft.skills.skill_loader:_check_for_first_run:324 | First run of mycroft-ip.mycroftai
2021-10-29 06:41:35.308 | INFO     |  5475 | mycroft.skills.settings:save_settings:116 | Skill settings successfully saved to /home/runner/.config/mycroft/skills/mycroft-ip.mycroftai/settings.json
2021-10-29 06:41:35.309 | INFO     |  5475 | mycroft.skills.skill_loader:_communicate_load_status:344 | Skill mycroft-ip.mycroftai loaded successfully
2021-10-29 06:41:35.309 | INFO     |  5475 | mycroft.skills.skill_loader:load:185 | ATTEMPTING TO LOAD SKILL: mycroft-reminder.mycroftai
2021-10-29 06:41:35.327 | INFO     |  5475 | mycroft.skills.settings:get_local_settings:83 | /opt/mycroft/skills/mycroft-reminder.mycroftai/settings.json
2021-10-29 06:41:35.366 | INFO     |  5475 | mycroft.skills.skill_loader:_check_for_first_run:324 | First run of mycroft-reminder.mycroftai
2021-10-29 06:41:35.376 | INFO     |  5475 | mycroft.skills.settings:save_settings:116 | Skill settings successfully saved to /home/runner/.config/mycroft/skills/mycroft-reminder.mycroftai/settings.json
2021-10-29 06:41:35.380 | INFO     |  5475 | mycroft.skills.skill_loader:_communicate_load_status:344 | Skill mycroft-reminder.mycroftai loaded successfully
2021-10-29 06:41:35.380 | INFO     |  5475 | mycroft.skills.skill_loader:load:185 | ATTEMPTING TO LOAD SKILL: mycroft-installer.mycroftai
2021-10-29 06:41:35.392 | INFO     |  5475 | mycroft.skills.settings:get_local_settings:83 | /opt/mycroft/skills/mycroft-installer.mycroftai/settings.json
2021-10-29 06:41:35.457 | INFO     |  5475 | mycroft.skills.skill_loader:_check_for_first_run:324 | First run of mycroft-installer.mycroftai
2021-10-29 06:41:35.458 | INFO     |  5475 | mycroft.skills.settings:save_settings:116 | Skill settings successfully saved to /home/runner/.config/mycroft/skills/mycroft-installer.mycroftai/settings.json
2021-10-29 06:41:35.458 | INFO     |  5475 | mycroft.skills.skill_loader:_communicate_load_status:344 | Skill mycroft-installer.mycroftai loaded successfully
2021-10-29 06:41:35.459 | INFO     |  5475 | mycroft.skills.skill_loader:load:185 | ATTEMPTING TO LOAD SKILL: mycroft-version-checker.mycroftai
2021-10-29 06:41:35.465 | INFO     |  5475 | mycroft.skills.settings:get_local_settings:83 | /opt/mycroft/skills/mycroft-version-checker.mycroftai/settings.json
2021-10-29 06:41:35.557 | INFO     |  5475 | mycroft.skills.skill_loader:_check_for_first_run:324 | First run of mycroft-version-checker.mycroftai
2021-10-29 06:41:35.558 | INFO     |  5475 | mycroft.skills.settings:save_settings:116 | Skill settings successfully saved to /home/runner/.config/mycroft/skills/mycroft-version-checker.mycroftai/settings.json
2021-10-29 06:41:35.560 | INFO     |  5475 | mycroft.skills.skill_loader:_communicate_load_status:344 | Skill mycroft-version-checker.mycroftai loaded successfully
2021-10-29 06:41:35.560 | INFO     |  5475 | mycroft.skills.skill_loader:load:185 | ATTEMPTING TO LOAD SKILL: mycroft-singing.mycroftai
2021-10-29 06:41:35.573 | INFO     |  5475 | mycroft.skills.settings:get_local_settings:83 | /opt/mycroft/skills/mycroft-singing.mycroftai/settings.json
2021-10-29 06:41:35.594 | INFO     |  5475 | mycroft.skills.skill_loader:_check_for_first_run:324 | First run of mycroft-singing.mycroftai
2021-10-29 06:41:35.598 | INFO     |  5475 | mycroft.skills.settings:save_settings:116 | Skill settings successfully saved to /home/runner/.config/mycroft/skills/mycroft-singing.mycroftai/settings.json
2021-10-29 06:41:35.603 | INFO     |  5475 | mycroft.skills.skill_loader:_communicate_load_status:344 | Skill mycroft-singing.mycroftai loaded successfully
2021-10-29 06:41:35.603 | INFO     |  5475 | mycroft.skills.skill_loader:load:185 | ATTEMPTING TO LOAD SKILL: mycroft-joke.mycroftai
2021-10-29 06:41:35.610 | INFO     |  5475 | mycroft.skills.settings:get_local_settings:83 | /opt/mycroft/skills/mycroft-joke.mycroftai/settings.json
2021-10-29 06:41:35.649 | INFO     |  5475 | mycroft.skills.skill_loader:_check_for_first_run:324 | First run of mycroft-joke.mycroftai
2021-10-29 06:41:35.652 | INFO     |  5475 | mycroft.skills.settings:save_settings:116 | Skill settings successfully saved to /home/runner/.config/mycroft/skills/mycroft-joke.mycroftai/settings.json
2021-10-29 06:41:35.655 | INFO     |  5475 | mycroft.skills.skill_loader:_communicate_load_status:344 | Skill mycroft-joke.mycroftai loaded successfully
2021-10-29 06:41:35.658 | INFO     |  5475 | mycroft.skills.skill_loader:load:185 | ATTEMPTING TO LOAD SKILL: mycroft-timer.mycroftai
2021-10-29 06:41:35.687 | INFO     |  5475 | mycroft.skills.settings:get_local_settings:83 | /opt/mycroft/skills/mycroft-timer.mycroftai/settings.json
2021-10-29 06:41:35.795 | INFO     |  5475 | mycroft.skills.skill_loader:_check_for_first_run:324 | First run of mycroft-timer.mycroftai
2021-10-29 06:41:35.796 | INFO     |  5475 | mycroft.skills.settings:save_settings:116 | Skill settings successfully saved to /home/runner/.config/mycroft/skills/mycroft-timer.mycroftai/settings.json
2021-10-29 06:41:35.810 | INFO     |  5475 | mycroft.skills.skill_loader:_communicate_load_status:344 | Skill mycroft-timer.mycroftai loaded successfully
2021-10-29 06:41:35.814 | INFO     |  5475 | mycroft.skills.skill_loader:load:185 | ATTEMPTING TO LOAD SKILL: homeassistant.mycroftai
2021-10-29 06:41:36.295 | INFO     |  5475 | mycroft.skills.settings:get_local_settings:83 | /opt/mycroft/skills/homeassistant.mycroftai/settings.json
2021-10-29 06:41:36.296 | INFO     |  5475 | mycroft.skills.settings:get_local_settings:83 | /opt/mycroft/skills/homeassistant.mycroftai/settings.json
2021-10-29 06:41:36.356 | INFO     |  5475 | mycroft.skills.skill_loader:_communicate_load_status:344 | Skill homeassistant.mycroftai loaded successfully
2021-10-29 06:41:36.358 | INFO     |  5475 | mycroft.skills.skill_loader:load:185 | ATTEMPTING TO LOAD SKILL: mycroft-alarm.mycroftai
2021-10-29 06:41:36.397 | INFO     |  5475 | mycroft.skills.settings:get_local_settings:83 | /opt/mycroft/skills/mycroft-alarm.mycroftai/settings.json
2021-10-29 06:41:36.397 | ERROR    |  5475 | AlarmSkill | Couldn't allocate mixer, ALSAAudioError('No such file or directory [default]')
2021-10-29 06:41:36.521 | INFO     |  5475 | mycroft.skills.skill_loader:_check_for_first_run:324 | First run of mycroft-alarm.mycroftai
2021-10-29 06:41:36.523 | INFO     |  5475 | mycroft.skills.settings:save_settings:116 | Skill settings successfully saved to /home/runner/.config/mycroft/skills/mycroft-alarm.mycroftai/settings.json
2021-10-29 06:41:36.526 | INFO     |  5475 | mycroft.skills.skill_loader:_communicate_load_status:344 | Skill mycroft-alarm.mycroftai loaded successfully
2021-10-29 06:41:36.527 | INFO     |  5475 | mycroft.skills.skill_loader:load:185 | ATTEMPTING TO LOAD SKILL: mycroft-naptime.mycroftai
2021-10-29 06:41:36.535 | INFO     |  5475 | mycroft.skills.settings:get_local_settings:83 | /opt/mycroft/skills/mycroft-naptime.mycroftai/settings.json
2021-10-29 06:41:36.547 | INFO     |  5475 | mycroft.skills.skill_loader:_check_for_first_run:324 | First run of mycroft-naptime.mycroftai
2021-10-29 06:41:36.548 | INFO     |  5475 | mycroft.skills.settings:save_settings:116 | Skill settings successfully saved to /home/runner/.config/mycroft/skills/mycroft-naptime.mycroftai/settings.json
2021-10-29 06:41:36.550 | INFO     |  5475 | mycroft.skills.skill_loader:_communicate_load_status:344 | Skill mycroft-naptime.mycroftai loaded successfully
2021-10-29 06:41:36.550 | INFO     |  5475 | mycroft.skills.skill_loader:load:185 | ATTEMPTING TO LOAD SKILL: mycroft-spelling.mycroftai
2021-10-29 06:41:36.557 | INFO     |  5475 | mycroft.skills.settings:get_local_settings:83 | /opt/mycroft/skills/mycroft-spelling.mycroftai/settings.json
2021-10-29 06:41:36.617 | INFO     |  5475 | mycroft.skills.skill_loader:_check_for_first_run:324 | First run of mycroft-spelling.mycroftai
2021-10-29 06:41:36.619 | INFO     |  5475 | mycroft.skills.settings:save_settings:116 | Skill settings successfully saved to /home/runner/.config/mycroft/skills/mycroft-spelling.mycroftai/settings.json
2021-10-29 06:41:36.690 | INFO     |  5475 | mycroft.skills.skill_loader:_communicate_load_status:344 | Skill mycroft-spelling.mycroftai loaded successfully
2021-10-29 06:41:36.691 | INFO     |  5475 | mycroft.skills.skill_loader:load:185 | ATTEMPTING TO LOAD SKILL: mycroft-fallback-duck-duck-go.mycroftai
2021-10-29 06:41:36.773 | INFO     |  5475 | mycroft.skills.settings:get_local_settings:83 | /opt/mycroft/skills/mycroft-fallback-duck-duck-go.mycroftai/settings.json
2021-10-29 06:41:36.831 | INFO     |  5475 | mycroft.skills.skill_loader:_check_for_first_run:324 | First run of mycroft-fallback-duck-duck-go.mycroftai
2021-10-29 06:41:36.840 | INFO     |  5475 | mycroft.skills.settings:save_settings:116 | Skill settings successfully saved to /home/runner/.config/mycroft/skills/mycroft-fallback-duck-duck-go.mycroftai/settings.json
2021-10-29 06:41:36.841 | INFO     |  5475 | mycroft.skills.skill_loader:_communicate_load_status:344 | Skill mycroft-fallback-duck-duck-go.mycroftai loaded successfully
2021-10-29 06:41:36.842 | INFO     |  5475 | mycroft.skills.skill_loader:load:185 | ATTEMPTING TO LOAD SKILL: mycroft-npr-news.mycroftai
2021-10-29 06:41:36.975 | INFO     |  5475 | mycroft.skills.settings:get_local_settings:83 | /opt/mycroft/skills/mycroft-npr-news.mycroftai/settings.json
2021-10-29 06:41:38.001 | INFO     |  5475 | mycroft.skills.skill_loader:_check_for_first_run:324 | First run of mycroft-npr-news.mycroftai
2021-10-29 06:41:38.003 | INFO     |  5475 | mycroft.skills.settings:save_settings:116 | Skill settings successfully saved to /home/runner/.config/mycroft/skills/mycroft-npr-news.mycroftai/settings.json
2021-10-29 06:41:38.021 | INFO     |  5475 | mycroft.skills.skill_loader:_communicate_load_status:344 | Skill mycroft-npr-news.mycroftai loaded successfully
2021-10-29 06:41:38.022 | INFO     |  5475 | mycroft.skills.skill_loader:load:185 | ATTEMPTING TO LOAD SKILL: mycroft-support-helper.mycroftai
2021-10-29 06:41:38.031 | INFO     |  5475 | mycroft.skills.settings:get_local_settings:83 | /opt/mycroft/skills/mycroft-support-helper.mycroftai/settings.json
2021-10-29 06:41:38.046 | INFO     |  5475 | mycroft.skills.skill_loader:_check_for_first_run:324 | First run of mycroft-support-helper.mycroftai
2021-10-29 06:41:38.047 | INFO     |  5475 | mycroft.skills.settings:save_settings:116 | Skill settings successfully saved to /home/runner/.config/mycroft/skills/mycroft-support-helper.mycroftai/settings.json
2021-10-29 06:41:38.156 | INFO     |  5475 | mycroft.skills.skill_loader:_communicate_load_status:344 | Skill mycroft-support-helper.mycroftai loaded successfully
2021-10-29 06:41:38.165 | INFO     |  5475 | mycroft.skills.skill_loader:load:185 | ATTEMPTING TO LOAD SKILL: mycroft-weather.mycroftai
2021-10-29 06:41:38.210 | INFO     |  5475 | mycroft.skills.settings:get_local_settings:83 | /opt/mycroft/skills/mycroft-weather.mycroftai/settings.json
2021-10-29 06:41:38.344 | INFO     |  5475 | mycroft.skills.skill_loader:_check_for_first_run:324 | First run of mycroft-weather.mycroftai
2021-10-29 06:41:38.345 | INFO     |  5475 | mycroft.skills.settings:save_settings:116 | Skill settings successfully saved to /home/runner/.config/mycroft/skills/mycroft-weather.mycroftai/settings.json
2021-10-29 06:41:38.372 | INFO     |  5475 | mycroft.skills.skill_loader:_communicate_load_status:344 | Skill mycroft-weather.mycroftai loaded successfully
2021-10-29 06:41:38.373 | INFO     |  5475 | mycroft.skills.skill_loader:load:185 | ATTEMPTING TO LOAD SKILL: mycroft-speak.mycroftai
2021-10-29 06:41:38.387 | INFO     |  5475 | mycroft.skills.settings:get_local_settings:83 | /opt/mycroft/skills/mycroft-speak.mycroftai/settings.json
2021-10-29 06:41:38.432 | INFO     |  5475 | mycroft.skills.skill_loader:_check_for_first_run:324 | First run of mycroft-speak.mycroftai
2021-10-29 06:41:38.437 | INFO     |  5475 | mycroft.skills.settings:save_settings:116 | Skill settings successfully saved to /home/runner/.config/mycroft/skills/mycroft-speak.mycroftai/settings.json
2021-10-29 06:41:38.439 | INFO     |  5475 | mycroft.skills.skill_loader:_communicate_load_status:344 | Skill mycroft-speak.mycroftai loaded successfully
2021-10-29 06:41:38.439 | INFO     |  5475 | mycroft.skills.skill_loader:load:185 | ATTEMPTING TO LOAD SKILL: mycroft-audio-record.mycroftai
2021-10-29 06:41:38.475 | INFO     |  5475 | mycroft.skills.settings:get_local_settings:83 | /opt/mycroft/skills/mycroft-audio-record.mycroftai/settings.json
2021-10-29 06:41:38.507 | INFO     |  5475 | mycroft.skills.skill_loader:_check_for_first_run:324 | First run of mycroft-audio-record.mycroftai
2021-10-29 06:41:38.508 | INFO     |  5475 | mycroft.skills.settings:save_settings:116 | Skill settings successfully saved to /home/runner/.config/mycroft/skills/mycroft-audio-record.mycroftai/settings.json
2021-10-29 06:41:38.618 | INFO     |  5475 | mycroft.skills.skill_loader:_communicate_load_status:344 | Skill mycroft-audio-record.mycroftai loaded successfully
2021-10-29 06:41:38.619 | INFO     |  5475 | mycroft.skills.skill_loader:load:185 | ATTEMPTING TO LOAD SKILL: mycroft-stop.mycroftai
2021-10-29 06:41:38.651 | INFO     |  5475 | mycroft.skills.settings:get_local_settings:83 | /opt/mycroft/skills/mycroft-stop.mycroftai/settings.json
2021-10-29 06:41:38.718 | INFO     |  5475 | mycroft.skills.skill_loader:_check_for_first_run:324 | First run of mycroft-stop.mycroftai
2021-10-29 06:41:38.719 | INFO     |  5475 | mycroft.skills.settings:save_settings:116 | Skill settings successfully saved to /home/runner/.config/mycroft/skills/mycroft-stop.mycroftai/settings.json
2021-10-29 06:41:38.729 | INFO     |  5475 | mycroft.skills.skill_loader:_communicate_load_status:344 | Skill mycroft-stop.mycroftai loaded successfully
2021-10-29 06:41:38.730 | INFO     |  5475 | mycroft.skills.skill_loader:load:185 | ATTEMPTING TO LOAD SKILL: mycroft-hello-world.mycroftai
2021-10-29 06:41:38.734 | INFO     |  5475 | mycroft.skills.settings:get_local_settings:83 | /opt/mycroft/skills/mycroft-hello-world.mycroftai/settings.json
2021-10-29 06:41:38.763 | INFO     |  5475 | mycroft.skills.skill_loader:_check_for_first_run:324 | First run of mycroft-hello-world.mycroftai
2021-10-29 06:41:38.791 | INFO     |  5475 | mycroft.skills.settings:save_settings:116 | Skill settings successfully saved to /home/runner/.config/mycroft/skills/mycroft-hello-world.mycroftai/settings.json
2021-10-29 06:41:38.808 | INFO     |  5475 | mycroft.skills.skill_loader:_communicate_load_status:344 | Skill mycroft-hello-world.mycroftai loaded successfully
2021-10-29 06:41:38.808 | INFO     |  5475 | mycroft.skills.skill_loader:load:185 | ATTEMPTING TO LOAD SKILL: mycroft-date-time.mycroftai
2021-10-29 06:41:39.665 | INFO     |  5475 | mycroft.skills.settings:get_local_settings:83 | /opt/mycroft/skills/mycroft-date-time.mycroftai/settings.json
2021-10-29 06:41:39.710 | INFO     |  5475 | TimeSkill | Registering resting screen <bound method TimeSkill.handle_idle of <mycroft-date-time_mycroftai.TimeSkill object at 0x7f57c081ff10>> for Time and Date.
2021-10-29 06:41:39.711 | INFO     |  5475 | TimeSkill | Registering resting screen
2021-10-29 06:41:39.733 | INFO     |  5475 | mycroft.skills.skill_loader:_check_for_first_run:324 | First run of mycroft-date-time.mycroftai
2021-10-29 06:41:39.734 | INFO     |  5475 | mycroft.skills.settings:save_settings:116 | Skill settings successfully saved to /home/runner/.config/mycroft/skills/mycroft-date-time.mycroftai/settings.json
2021-10-29 06:41:39.739 | INFO     |  5475 | mycroft.skills.skill_loader:_communicate_load_status:344 | Skill mycroft-date-time.mycroftai loaded successfully
2021-10-29 06:41:39.739 | INFO     |  5475 | mycroft.skills.skill_loader:load:185 | ATTEMPTING TO LOAD SKILL: mycroft-configuration.mycroftai
2021-10-29 06:41:39.769 | INFO     |  5475 | mycroft.skills.settings:get_local_settings:83 | /opt/mycroft/skills/mycroft-configuration.mycroftai/settings.json
2021-10-29 06:41:39.848 | INFO     |  5475 | mycroft.skills.skill_loader:_check_for_first_run:324 | First run of mycroft-configuration.mycroftai
2021-10-29 06:41:39.849 | INFO     |  5475 | mycroft.skills.settings:save_settings:116 | Skill settings successfully saved to /home/runner/.config/mycroft/skills/mycroft-configuration.mycroftai/settings.json
2021-10-29 06:41:39.852 | INFO     |  5475 | mycroft.skills.skill_loader:_communicate_load_status:344 | Skill mycroft-configuration.mycroftai loaded successfully
2021-10-29 06:41:39.856 | INFO     |  5475 | mycroft.skills.skill_loader:load:185 | ATTEMPTING TO LOAD SKILL: fallback-query.mycroftai
2021-10-29 06:41:39.865 | INFO     |  5475 | mycroft.skills.settings:get_local_settings:83 | /opt/mycroft/skills/fallback-query.mycroftai/settings.json
2021-10-29 06:41:39.886 | INFO     |  5475 | mycroft.skills.skill_loader:_check_for_first_run:324 | First run of fallback-query.mycroftai
2021-10-29 06:41:39.891 | INFO     |  5475 | mycroft.skills.settings:save_settings:116 | Skill settings successfully saved to /home/runner/.config/mycroft/skills/fallback-query.mycroftai/settings.json
2021-10-29 06:41:39.898 | INFO     |  5475 | mycroft.skills.skill_loader:_communicate_load_status:344 | Skill fallback-query.mycroftai loaded successfully
2021-10-29 06:41:39.900 | INFO     |  5475 | mycroft.skills.skill_loader:load:185 | ATTEMPTING TO LOAD SKILL: mycroft-personal.mycroftai
2021-10-29 06:41:39.910 | INFO     |  5475 | mycroft.skills.settings:get_local_settings:83 | /opt/mycroft/skills/mycroft-personal.mycroftai/settings.json
2021-10-29 06:41:39.963 | INFO     |  5475 | mycroft.skills.skill_loader:_check_for_first_run:324 | First run of mycroft-personal.mycroftai
2021-10-29 06:41:39.965 | INFO     |  5475 | mycroft.skills.settings:save_settings:116 | Skill settings successfully saved to /home/runner/.config/mycroft/skills/mycroft-personal.mycroftai/settings.json
2021-10-29 06:41:39.969 | INFO     |  5475 | mycroft.skills.skill_loader:_communicate_load_status:344 | Skill mycroft-personal.mycroftai loaded successfully
2021-10-29 06:41:39.971 | INFO     |  5475 | mycroft.skills.skill_loader:load:185 | ATTEMPTING TO LOAD SKILL: fallback-wolfram-alpha.mycroftai
2021-10-29 06:41:40.072 | INFO     |  5475 | mycroft.skills.settings:get_local_settings:83 | /opt/mycroft/skills/fallback-wolfram-alpha.mycroftai/settings.json
2021-10-29 06:41:40.109 | INFO     |  5475 | mycroft.skills.skill_loader:_check_for_first_run:324 | First run of fallback-wolfram-alpha.mycroftai
2021-10-29 06:41:40.113 | INFO     |  5475 | mycroft.skills.settings:save_settings:116 | Skill settings successfully saved to /home/runner/.config/mycroft/skills/fallback-wolfram-alpha.mycroftai/settings.json
2021-10-29 06:41:40.114 | INFO     |  5475 | mycroft.skills.skill_loader:_communicate_load_status:344 | Skill fallback-wolfram-alpha.mycroftai loaded successfully
2021-10-29 06:41:40.116 | INFO     |  5475 | mycroft.skills.skill_loader:load:185 | ATTEMPTING TO LOAD SKILL: mycroft-wiki.mycroftai
2021-10-29 06:41:40.131 | INFO     |  5475 | mycroft.skills.settings:get_local_settings:83 | /opt/mycroft/skills/mycroft-wiki.mycroftai/settings.json
2021-10-29 06:41:40.182 | INFO     |  5475 | mycroft.skills.skill_loader:_check_for_first_run:324 | First run of mycroft-wiki.mycroftai
2021-10-29 06:41:40.185 | INFO     |  5475 | mycroft.skills.settings:save_settings:116 | Skill settings successfully saved to /home/runner/.config/mycroft/skills/mycroft-wiki.mycroftai/settings.json
2021-10-29 06:41:40.188 | INFO     |  5475 | mycroft.skills.skill_loader:_communicate_load_status:344 | Skill mycroft-wiki.mycroftai loaded successfully
2021-10-29 06:41:40.192 | INFO     |  5475 | mycroft.skills.skill_loader:load:185 | ATTEMPTING TO LOAD SKILL: fallback-unknown.mycroftai
2021-10-29 06:41:40.202 | INFO     |  5475 | mycroft.skills.settings:get_local_settings:83 | /opt/mycroft/skills/fallback-unknown.mycroftai/settings.json
2021-10-29 06:41:40.230 | INFO     |  5475 | mycroft.skills.skill_loader:_check_for_first_run:324 | First run of fallback-unknown.mycroftai
2021-10-29 06:41:40.231 | INFO     |  5475 | mycroft.skills.settings:save_settings:116 | Skill settings successfully saved to /home/runner/.config/mycroft/skills/fallback-unknown.mycroftai/settings.json
2021-10-29 06:41:40.252 | INFO     |  5475 | mycroft.skills.skill_loader:_communicate_load_status:344 | Skill fallback-unknown.mycroftai loaded successfully
2021-10-29 06:41:40.252 | INFO     |  5475 | mycroft.skills.skill_loader:load:185 | ATTEMPTING TO LOAD SKILL: mycroft-playback-control.mycroftai
2021-10-29 06:41:40.266 | INFO     |  5475 | mycroft.skills.settings:get_local_settings:83 | /opt/mycroft/skills/mycroft-playback-control.mycroftai/settings.json
2021-10-29 06:41:40.333 | INFO     |  5475 | mycroft.skills.skill_loader:_check_for_first_run:324 | First run of mycroft-playback-control.mycroftai
2021-10-29 06:41:40.335 | INFO     |  5475 | mycroft.skills.settings:save_settings:116 | Skill settings successfully saved to /home/runner/.config/mycroft/skills/mycroft-playback-control.mycroftai/settings.json
2021-10-29 06:41:40.338 | INFO     |  5475 | mycroft.skills.skill_loader:_communicate_load_status:344 | Skill mycroft-playback-control.mycroftai loaded successfully
2021-10-29 06:41:40.339 | INFO     |  5475 | mycroft.skills.skill_manager:_load_on_startup:275 | Skills all loaded!
2021-10-29 06:41:40.402 | INFO     |  5475 | __main__:on_ready:185 | Skills service is ready.
2021-10-29 06:41:40.655 | INFO     |  5475 | mycroft.skills.intent_services.padatious_service:train:151 | Training... (single_thread=False)
Regenerated mycroft-alarm.mycroftai:{daytype}.
Regenerated mycroft-reminder.mycroftai:GetRemindersForDay.intent.
Regenerated mycroft-installer.mycroftai:install.beta.intent.
Regenerated mycroft-installer.mycroftai:install.custom.intent.
Regenerated mycroft-installer.mycroftai:list.skills.intent.
Regenerated mycroft-installer.mycroftai:is.installed.intent.
Regenerated mycroft-installer.mycroftai:remove.intent.
Regenerated mycroft-installer.mycroftai:install.intent.
Regenerated mycroft-timer.mycroftai:timer.status.intent.
Regenerated mycroft-timer.mycroftai:start.timer.intent.
Regenerated homeassistant.mycroftai:turn.on.intent.
Regenerated homeassistant.mycroftai:toggle.intent.
Regenerated homeassistant.mycroftai:cover.close.intent.
Regenerated homeassistant.mycroftai:increase.light.brightness.intent.
Regenerated homeassistant.mycroftai:cover.stop.intent.
Regenerated homeassistant.mycroftai:add.item.shopping.list.intent.
Regenerated homeassistant.mycroftai:cover.open.intent.
Regenerated mycroft-alarm.mycroftai:snooze.intent.
Regenerated mycroft-npr-news.mycroftai:PlayTheNews.intent.
Regenerated mycroft-support-helper.mycroftai:contact.support.intent.
Regenerated mycroft-weather.mycroftai:do-i-need-an-umbrella.intent.
Regenerated mycroft-audio-record.mycroftai:StartRecording.intent.
Regenerated mycroft-audio-record.mycroftai:PlayRecording.intent.
Regenerated mycroft-stop.mycroftai:ssh.disable.intent.
Regenerated mycroft-stop.mycroftai:wifi.setup.intent.
Regenerated mycroft-stop.mycroftai:ssh.enable.intent.
Regenerated mycroft-stop.mycroftai:shutdown.intent.
Regenerated mycroft-stop.mycroftai:reboot.intent.
Regenerated mycroft-hello-world.mycroftai:HowAreYou.intent.
Regenerated mycroft-date-time.mycroftai:what.time.will.it.be.intent.
Regenerated mycroft-date-time.mycroftai:date.last.weekend.intent.
Regenerated mycroft-date-time.mycroftai:what.time.is.it.intent.
Regenerated mycroft-date-time.mycroftai:date.future.weekend.intent.
Regenerated mycroft-configuration.mycroftai:DisablePreciseDev.intent.
Regenerated mycroft-configuration.mycroftai:WhereAreYou.intent.
Regenerated mycroft-configuration.mycroftai:EnablePreciseDev.intent.
Regenerated mycroft-personal.mycroftai:DoYouDream.intent.
Regenerated mycroft-personal.mycroftai:WhereWereYouBorn.intent.
Regenerated mycroft-personal.mycroftai:WhenWereYouBorn.intent.
Regenerated mycroft-personal.mycroftai:WhoMadeYou.intent.
Regenerated mycroft-personal.mycroftai:WhoAreYou.intent.
Regenerated mycroft-personal.mycroftai:DoYouRhyme.intent.
Regenerated mycroft-personal.mycroftai:WhatAreYou.intent.
Regenerated mycroft-wiki.mycroftai:Random.intent.
Regenerated mycroft-reminder.mycroftai:Reminder.intent.
Regenerated mycroft-reminder.mycroftai:ReminderAt.intent.
Regenerated mycroft-reminder.mycroftai:CancelActiveReminder.intent.
Regenerated mycroft-reminder.mycroftai:UnspecifiedReminderAt.intent.
Regenerated mycroft-reminder.mycroftai:ClearReminders.intent.
Regenerated mycroft-reminder.mycroftai:GetNextReminders.intent.
Regenerated mycroft-reminder.mycroftai:DeleteReminderForDay.intent.
Regenerated mycroft-reminder.mycroftai:SnoozeReminder.intent.
Regenerated homeassistant.mycroftai:set.climate.intent.
Regenerated homeassistant.mycroftai:decrease.light.brightness.intent.
Regenerated homeassistant.mycroftai:tracker.intent.
Regenerated homeassistant.mycroftai:turn.off.intent.
Regenerated homeassistant.mycroftai:set.light.brightness.intent.
Regenerated homeassistant.mycroftai:sensor.intent.
Regenerated homeassistant.mycroftai:automation.intent.
Regenerated mycroft-alarm.mycroftai:change.alarm.sound.intent.
2021-10-29 06:41:44.332 | INFO     |  5475 | mycroft.skills.intent_services.padatious_service:train:153 | Training complete.
2021-10-29 06:41:45.078 | INFO     |  5475 | mycroft.skills.settings:save_settings:116 | Skill settings successfully saved to /home/runner/.config/mycroft/skills/mycroft-pairing.mycroftai/settings.json
2021-10-29 06:41:45.386 | INFO     |  5475 | mycroft.skills.settings:save_settings:116 | Skill settings successfully saved to /home/runner/.config/mycroft/skills/mycroft-timer.mycroftai/settings.json
2021-10-29 06:42:26.240 | INFO     |  5475 | __main__:on_stopping:193 | Skills service is shutting down...
2021-10-29 06:42:26.241 | INFO     |  5475 | __main__:shutdown:284 | Shutting down Skills service
2021-10-29 06:42:26.630 | ERROR    |  5475 | VolumeSkill | Couldn't allocate mixer, ALSAAudioError('No such file or directory [default]')
2021-10-29 06:42:26.633 | INFO     |  5475 | mycroft.skills.settings:save_settings:116 | Skill settings successfully saved to /home/runner/.config/mycroft/skills/mycroft-volume.mycroftai/settings.json
2021-10-29 06:42:26.644 | INFO     |  5475 | mycroft.skills.settings:save_settings:116 | Skill settings successfully saved to /home/runner/.config/mycroft/skills/mycroft-ip.mycroftai/settings.json
2021-10-29 06:42:26.653 | INFO     |  5475 | mycroft.skills.settings:save_settings:116 | Skill settings successfully saved to /home/runner/.config/mycroft/skills/mycroft-reminder.mycroftai/settings.json
2021-10-29 06:42:26.661 | INFO     |  5475 | mycroft.skills.settings:save_settings:116 | Skill settings successfully saved to /home/runner/.config/mycroft/skills/mycroft-installer.mycroftai/settings.json
2021-10-29 06:42:26.671 | INFO     |  5475 | mycroft.skills.settings:save_settings:116 | Skill settings successfully saved to /home/runner/.config/mycroft/skills/mycroft-version-checker.mycroftai/settings.json
2021-10-29 06:42:26.679 | INFO     |  5475 | mycroft.skills.settings:save_settings:116 | Skill settings successfully saved to /home/runner/.config/mycroft/skills/mycroft-singing.mycroftai/settings.json
2021-10-29 06:42:26.681 | INFO     |  5475 | mycroft.skills.settings:save_settings:116 | Skill settings successfully saved to /home/runner/.config/mycroft/skills/mycroft-joke.mycroftai/settings.json
2021-10-29 06:42:26.684 | INFO     |  5475 | HomeAssistantSkill | Removing all handlers...
2021-10-29 06:42:26.688 | WARNING  |  5475 | mycroft.skills.fallback_skill:remove_fallback:185 | Could not find matching fallback handler
2021-10-29 06:42:26.690 | INFO     |  5475 | mycroft.skills.settings:save_settings:116 | Skill settings successfully saved to /home/runner/.config/mycroft/skills/mycroft-alarm.mycroftai/settings.json
2021-10-29 06:42:26.699 | INFO     |  5475 | mycroft.skills.settings:save_settings:116 | Skill settings successfully saved to /home/runner/.config/mycroft/skills/mycroft-naptime.mycroftai/settings.json
2021-10-29 06:42:26.703 | INFO     |  5475 | mycroft.skills.settings:save_settings:116 | Skill settings successfully saved to /home/runner/.config/mycroft/skills/mycroft-spelling.mycroftai/settings.json
2021-10-29 06:42:26.713 | INFO     |  5475 | mycroft.skills.settings:save_settings:116 | Skill settings successfully saved to /home/runner/.config/mycroft/skills/mycroft-fallback-duck-duck-go.mycroftai/settings.json
2021-10-29 06:42:26.720 | INFO     |  5475 | mycroft.skills.settings:save_settings:116 | Skill settings successfully saved to /home/runner/.config/mycroft/skills/mycroft-npr-news.mycroftai/settings.json
2021-10-29 06:42:26.722 | INFO     |  5475 | mycroft.skills.settings:save_settings:116 | Skill settings successfully saved to /home/runner/.config/mycroft/skills/mycroft-support-helper.mycroftai/settings.json
2021-10-29 06:42:26.723 | INFO     |  5475 | mycroft.skills.settings:save_settings:116 | Skill settings successfully saved to /home/runner/.config/mycroft/skills/mycroft-weather.mycroftai/settings.json
2021-10-29 06:42:26.734 | INFO     |  5475 | mycroft.skills.settings:save_settings:116 | Skill settings successfully saved to /home/runner/.config/mycroft/skills/mycroft-speak.mycroftai/settings.json
2021-10-29 06:42:26.736 | INFO     |  5475 | mycroft.skills.settings:save_settings:116 | Skill settings successfully saved to /home/runner/.config/mycroft/skills/mycroft-audio-record.mycroftai/settings.json
2021-10-29 06:42:26.737 | INFO     |  5475 | mycroft.skills.settings:save_settings:116 | Skill settings successfully saved to /home/runner/.config/mycroft/skills/mycroft-stop.mycroftai/settings.json
2021-10-29 06:42:26.739 | INFO     |  5475 | mycroft.skills.settings:save_settings:116 | Skill settings successfully saved to /home/runner/.config/mycroft/skills/mycroft-hello-world.mycroftai/settings.json
2021-10-29 06:42:26.757 | INFO     |  5475 | mycroft.skills.settings:save_settings:116 | Skill settings successfully saved to /home/runner/.config/mycroft/skills/mycroft-date-time.mycroftai/settings.json
2021-10-29 06:42:26.759 | INFO     |  5475 | mycroft.skills.settings:save_settings:116 | Skill settings successfully saved to /home/runner/.config/mycroft/skills/mycroft-configuration.mycroftai/settings.json
2021-10-29 06:42:26.765 | INFO     |  5475 | QuestionsAnswersSkill | Removing all handlers...
2021-10-29 06:42:26.766 | INFO     |  5475 | mycroft.skills.settings:save_settings:116 | Skill settings successfully saved to /home/runner/.config/mycroft/skills/fallback-query.mycroftai/settings.json
2021-10-29 06:42:26.767 | INFO     |  5475 | mycroft.skills.settings:save_settings:116 | Skill settings successfully saved to /home/runner/.config/mycroft/skills/mycroft-personal.mycroftai/settings.json
2021-10-29 06:42:26.768 | INFO     |  5475 | mycroft.skills.settings:save_settings:116 | Skill settings successfully saved to /home/runner/.config/mycroft/skills/fallback-wolfram-alpha.mycroftai/settings.json
2021-10-29 06:42:26.769 | INFO     |  5475 | mycroft.skills.settings:save_settings:116 | Skill settings successfully saved to /home/runner/.config/mycroft/skills/mycroft-wiki.mycroftai/settings.json
2021-10-29 06:42:26.770 | INFO     |  5475 | UnknownSkill | Removing all handlers...
2021-10-29 06:42:26.776 | INFO     |  5475 | mycroft.skills.settings:save_settings:116 | Skill settings successfully saved to /home/runner/.config/mycroft/skills/fallback-unknown.mycroftai/settings.json
2021-10-29 06:42:26.778 | INFO     |  5475 | mycroft.skills.settings:save_settings:116 | Skill settings successfully saved to /home/runner/.config/mycroft/skills/mycroft-playback-control.mycroftai/settings.json
2021-10-29 06:42:27.779 | INFO     |  5475 | Playback Control Skill | Audio service status: {}
2021-10-29 06:42:28.780 | WARNING  |  5475 | mycroft.skills.skill_manager:_shutdown_skill:106 | mycroft-playback-control.mycroftai shutdown took 2.0027279829999998 seconds
2021-10-29 06:42:28.781 | INFO     |  5475 | __main__:shutdown:291 | Skills service shutdown complete!
2021-10-29 06:42:30.408 | ERROR    |  5475 | websocket | error from callback <bound method MessageBusClient.on_message of <mycroft.messagebus.client.client.MessageBusClient object at 0x7f57d2e7f990>>: cannot schedule new futures after shutdown
2021-10-29 06:42:30.408 | ERROR    |  5475 | mycroft_bus_client.client.client | === RuntimeError('cannot schedule new futures after shutdown') ===
Traceback (most recent call last):
  File "/opt/mycroft-core/.venv/lib/python3.7/site-packages/websocket/_app.py", line 407, in _callback
    callback(self, *args)
  File "/opt/mycroft-core/.venv/lib/python3.7/site-packages/mycroft_bus_client/client/client.py", line 182, in on_message
    self.emitter.emit('message', message)
  File "/opt/mycroft-core/.venv/lib/python3.7/site-packages/pyee/_base.py", line 113, in emit
    handled = self._call_handlers(event, args, kwargs)
  File "/opt/mycroft-core/.venv/lib/python3.7/site-packages/pyee/_base.py", line 96, in _call_handlers
    self._emit_run(f, args, kwargs)
  File "/opt/mycroft-core/.venv/lib/python3.7/site-packages/pyee/_executor.py", line 50, in _emit_run
    future = self._executor.submit(f, *args, **kwargs)
  File "/opt/hostedtoolcache/Python/3.7.12/x64/lib/python3.7/concurrent/futures/thread.py", line 163, in submit
    raise RuntimeError('cannot schedule new futures after shutdown')
RuntimeError: cannot schedule new futures after shutdown
2021-10-29 06:42:30.409 | ERROR    |  5475 | mycroft_bus_client.client.client | Exception closing websocket: RuntimeError('cannot schedule new futures after shutdown')
2021-10-29 06:42:30.410 | WARNING  |  5475 | mycroft_bus_client.client.client | Message Bus Client will reconnect in 5.0 seconds.
