2021-12-07 22:42:18.484 | INFO     |  5111 | mycroft.messagebus.load_config:load_message_bus_config:33 | Loading message bus configs
2021-12-07 22:42:18.484 | ERROR    |  5111 | mycroft_bus_client.client.client | === ConnectionRefusedError(111, 'Connection refused') ===
Traceback (most recent call last):
  File "/opt/mycroft-core/.venv/lib/python3.7/site-packages/websocket/_app.py", line 318, in run_forever
    proxy_type=proxy_type)
  File "/opt/mycroft-core/.venv/lib/python3.7/site-packages/websocket/_core.py", line 250, in connect
    options.pop('socket', None))
  File "/opt/mycroft-core/.venv/lib/python3.7/site-packages/websocket/_http.py", line 130, in connect
    sock = _open_socket(addrinfo_list, options.sockopt, options.timeout)
  File "/opt/mycroft-core/.venv/lib/python3.7/site-packages/websocket/_http.py", line 208, in _open_socket
    raise err
  File "/opt/mycroft-core/.venv/lib/python3.7/site-packages/websocket/_http.py", line 185, in _open_socket
    sock.connect(address)
ConnectionRefusedError: [Errno 111] Connection refused
2021-12-07 22:42:18.485 | ERROR    |  5111 | mycroft_bus_client.client.client | Exception closing websocket: ConnectionRefusedError(111, 'Connection refused')
2021-12-07 22:42:18.485 | WARNING  |  5111 | mycroft_bus_client.client.client | Message Bus Client will reconnect in 5.0 seconds.
2021-12-07 22:42:23.489 | INFO     |  5111 | mycroft_bus_client.client.client | Connected
2021-12-07 22:42:23.499 | INFO     |  5111 | mycroft.util.process_utils:start_message_bus_client:155 | Connected to messagebus
2021-12-07 22:42:23.508 | INFO     |  5111 | mycroft.skills.msm_wrapper:create_msm:96 | Acquiring lock to instantiate MSM
2021-12-07 22:42:23.508 | INFO     |  5111 | msm.mycroft_skills_manager | building SkillEntry objects for all skills
2021-12-07 22:42:24.062 | INFO     |  5111 | mycroft.skills.msm_wrapper:create_msm:112 | Releasing MSM instantiation lock.
2021-12-07 22:42:24.063 | INFO     |  5111 | mycroft.skills.skill_updater:_log_next_download_time:267 | Next scheduled skill update: 2021-12-07 22:42:23.062618
2021-12-07 22:42:24.063 | INFO     |  5111 | msm.skill_entry | Downloading skill: https://github.com/mycroftai/skill-pairing
2021-12-07 22:42:24.964 | INFO     |  5111 | msm.skill_entry | Installing system requirements...
2021-12-07 22:42:25.004 | INFO     |  5111 | msm.skill_entry | Successfully installed mycroft-pairing
2021-12-07 22:42:25.005 | INFO     |  5111 | msm.mycroft_skills_manager | invalidating skills cache
2021-12-07 22:42:25.006 | INFO     |  5111 | mycroft.skills.skill_loader:load:185 | ATTEMPTING TO LOAD SKILL: mycroft-pairing.mycroftai
2021-12-07 22:42:25.021 | INFO     |  5111 | mycroft.skills.settings:get_local_settings:83 | /opt/mycroft/skills/mycroft-pairing.mycroftai/settings.json
2021-12-07 22:42:25.044 | INFO     |  5111 | mycroft.skills.skill_loader:_check_for_first_run:324 | First run of mycroft-pairing.mycroftai
2021-12-07 22:42:25.045 | INFO     |  5111 | mycroft.skills.settings:save_settings:116 | Skill settings successfully saved to /home/runner/.config/mycroft/skills/mycroft-pairing.mycroftai/settings.json
2021-12-07 22:42:25.045 | INFO     |  5111 | mycroft.skills.skill_loader:_communicate_load_status:344 | Skill mycroft-pairing.mycroftai loaded successfully
2021-12-07 22:42:25.045 | INFO     |  5111 | msm.skill_entry | Downloading skill: https://github.com/mycroftai/skill-volume
2021-12-07 22:42:25.968 | INFO     |  5111 | msm.skill_entry | Installing system requirements...
2021-12-07 22:42:25.977 | INFO     |  5111 | msm.skill_entry | Installing requirements.txt for mycroft-volume
2021-12-07 22:42:26.817 | INFO     |  5111 | msm.skill_entry | Successfully installed mycroft-volume
2021-12-07 22:42:26.817 | INFO     |  5111 | msm.mycroft_skills_manager | invalidating skills cache
2021-12-07 22:42:26.818 | INFO     |  5111 | mycroft.skills.skill_loader:load:185 | ATTEMPTING TO LOAD SKILL: mycroft-volume.mycroftai
2021-12-07 22:42:26.826 | INFO     |  5111 | mycroft.skills.settings:get_local_settings:83 | /opt/mycroft/skills/mycroft-volume.mycroftai/settings.json
2021-12-07 22:42:26.871 | ERROR    |  5111 | VolumeSkill | Couldn't allocate mixer, ALSAAudioError('No such file or directory [default]')
2021-12-07 22:42:29.874 | INFO     |  5111 | mycroft.skills.skill_loader:_check_for_first_run:324 | First run of mycroft-volume.mycroftai
2021-12-07 22:42:29.875 | INFO     |  5111 | mycroft.skills.settings:save_settings:116 | Skill settings successfully saved to /home/runner/.config/mycroft/skills/mycroft-volume.mycroftai/settings.json
2021-12-07 22:42:29.907 | INFO     |  5111 | mycroft.skills.skill_loader:_communicate_load_status:344 | Skill mycroft-volume.mycroftai loaded successfully
2021-12-07 22:42:29.908 | INFO     |  5111 | __main__:on_started:177 | Skills service is starting up.
2021-12-07 22:42:30.153 | INFO     |  5111 | __main__:_update_system:154 | Attempting system update...
2021-12-07 22:42:33.217 | INFO     |  5111 | mycroft.enclosure.display_manager:_write_data:70 | Display Manager is creating /tmp/mycroft/ipc/managers/disp_info
2021-12-07 22:42:33.218 | INFO     |  5111 | __main__:_ensure_device_is_paired:133 | Device not paired, invoking the pairing skill
2021-12-07 22:42:33.220 | INFO     |  5111 | msm.mycroft_skills_manager | building SkillEntry objects for all skills
2021-12-07 22:42:33.225 | INFO     |  5111 | __main__:on_alive:181 | Skills service is alive.
2021-12-07 22:42:33.519 | INFO     |  5111 | PairingSkill | Communicating account URL to user
2021-12-07 22:42:33.681 | WARNING  |  5111 | msm.mycroft_skills_manager | No such default skill: mycroft-pandora
2021-12-07 22:42:33.682 | INFO     |  5111 | mycroft.skills.skill_manager:run:234 | Not all default skills are installed, performing skill update...
2021-12-07 22:42:33.682 | INFO     |  5111 | mycroft.skills.skill_updater:update_skills:149 | Beginning skill update...
2021-12-07 22:42:33.932 | INFO     |  5111 | msm.mycroft_skills_manager | building SkillEntry objects for all skills
2021-12-07 22:42:34.641 | INFO     |  5111 | msm.mycroft_skills_manager | invalidating skills cache
2021-12-07 22:42:34.840 | INFO     |  5111 | msm.skill_entry | Downloading skill: https://github.com/mycroftai/fallback-unknown
2021-12-07 22:42:34.851 | INFO     |  5111 | msm.skill_entry | Downloading skill: https://github.com/mycroftai/fallback-wolfram-alpha
2021-12-07 22:42:34.852 | INFO     |  5111 | msm.skill_entry | Downloading skill: https://github.com/mycroftai/skill-alarm
2021-12-07 22:42:34.863 | INFO     |  5111 | msm.skill_entry | Downloading skill: https://github.com/mycroftai/skill-audio-record
2021-12-07 22:42:34.866 | INFO     |  5111 | msm.skill_entry | Downloading skill: https://github.com/mycroftai/skill-configuration
2021-12-07 22:42:34.870 | INFO     |  5111 | msm.skill_entry | Downloading skill: https://github.com/mycroftai/skill-date-time
2021-12-07 22:42:34.877 | INFO     |  5111 | msm.skill_entry | Downloading skill: https://github.com/mycroftai/fallback-duckduckgo
2021-12-07 22:42:34.894 | INFO     |  5111 | msm.skill_entry | Downloading skill: https://github.com/mycroftai/skill-hello-world
2021-12-07 22:42:34.902 | INFO     |  5111 | msm.skill_entry | Downloading skill: https://github.com/mycroftai/skill-installer
2021-12-07 22:42:34.915 | INFO     |  5111 | msm.skill_entry | Downloading skill: https://github.com/mycroftai/skill-joke
2021-12-07 22:42:34.938 | INFO     |  5111 | msm.skill_entry | Downloading skill: https://github.com/mycroftai/skill-npr-news
2021-12-07 22:42:34.939 | INFO     |  5111 | msm.skill_entry | Downloading skill: https://github.com/mycroftai/skill-naptime
2021-12-07 22:42:34.943 | INFO     |  5111 | msm.skill_entry | Downloading skill: https://github.com/mycroftai/skill-personal
2021-12-07 22:42:34.947 | INFO     |  5111 | msm.skill_entry | Downloading skill: https://github.com/mycroftai/skill-playback-control
2021-12-07 22:42:34.952 | INFO     |  5111 | msm.skill_entry | Downloading skill: https://github.com/mycroftai/skill-reminder
2021-12-07 22:42:34.956 | INFO     |  5111 | msm.skill_entry | Downloading skill: https://github.com/mycroftai/skill-singing
2021-12-07 22:42:34.971 | INFO     |  5111 | msm.skill_entry | Downloading skill: https://github.com/mycroftai/skill-ip
2021-12-07 22:42:35.684 | ERROR    |  5111 | msm.mycroft_skills_manager | Error running install_or_update on homeassistant.mycroftai: MergeConflict
2021-12-07 22:42:35.686 | INFO     |  5111 | msm.skill_entry | Downloading skill: https://github.com/mycroftai/skill-speak
2021-12-07 22:42:36.025 | INFO     |  5111 | msm.skill_entry | Installing system requirements...
2021-12-07 22:42:36.039 | INFO     |  5111 | msm.skill_entry | Installing requirements.txt for mycroft-fallback-duck-duck-go
2021-12-07 22:42:36.154 | INFO     |  5111 | msm.skill_entry | Nothing new for mycroft-volume
2021-12-07 22:42:36.209 | INFO     |  5111 | msm.skill_entry | Installing system requirements...
2021-12-07 22:42:36.303 | INFO     |  5111 | msm.skill_entry | Nothing new for mycroft-pairing
2021-12-07 22:42:36.340 | INFO     |  5111 | msm.skill_entry | Installing requirements.txt for mycroft-volume
2021-12-07 22:42:36.354 | INFO     |  5111 | msm.skill_entry | Installing system requirements...
2021-12-07 22:42:36.413 | INFO     |  5111 | msm.skill_entry | Installing system requirements...
2021-12-07 22:42:36.511 | INFO     |  5111 | msm.skill_entry | Downloading skill: https://github.com/mycroftai/skill-spelling
2021-12-07 22:42:36.568 | INFO     |  5111 | msm.skill_entry | Successfully installed mycroft-playback-control
2021-12-07 22:42:36.568 | INFO     |  5111 | msm.mycroft_skills_manager | invalidating skills cache
2021-12-07 22:42:36.569 | INFO     |  5111 | msm.skill_entry | Downloading skill: https://github.com/mycroftai/skill-stop
2021-12-07 22:42:36.678 | INFO     |  5111 | msm.skill_entry | Installing system requirements...
2021-12-07 22:42:36.678 | INFO     |  5111 | msm.skill_entry | Installing system requirements...
2021-12-07 22:42:36.741 | INFO     |  5111 | msm.skill_entry | Successfully installed mycroft-personal
2021-12-07 22:42:36.741 | INFO     |  5111 | msm.mycroft_skills_manager | invalidating skills cache
2021-12-07 22:42:36.742 | INFO     |  5111 | msm.skill_entry | Downloading skill: https://github.com/mycroftai/skill-support
2021-12-07 22:42:36.743 | INFO     |  5111 | msm.skill_entry | Installing requirements.txt for fallback-wolfram-alpha
2021-12-07 22:42:36.808 | INFO     |  5111 | msm.skill_entry | Installing system requirements...
2021-12-07 22:42:36.811 | INFO     |  5111 | msm.skill_entry | Installing system requirements...
2021-12-07 22:42:36.823 | INFO     |  5111 | msm.skill_entry | Installing system requirements...
2021-12-07 22:42:36.928 | INFO     |  5111 | msm.skill_entry | Successfully installed fallback-unknown
2021-12-07 22:42:36.928 | INFO     |  5111 | msm.mycroft_skills_manager | invalidating skills cache
2021-12-07 22:42:36.929 | INFO     |  5111 | msm.skill_entry | Downloading skill: https://github.com/mycroftai/mycroft-timer
2021-12-07 22:42:36.935 | INFO     |  5111 | msm.skill_entry | Successfully installed mycroft-hello-world
2021-12-07 22:42:36.935 | INFO     |  5111 | msm.mycroft_skills_manager | invalidating skills cache
2021-12-07 22:42:36.936 | INFO     |  5111 | msm.skill_entry | Downloading skill: https://github.com/mycroftai/skill-weather
2021-12-07 22:42:36.973 | INFO     |  5111 | msm.skill_entry | Installing system requirements...
2021-12-07 22:42:36.990 | INFO     |  5111 | msm.skill_entry | Installing system requirements...
2021-12-07 22:42:37.020 | INFO     |  5111 | msm.skill_entry | Installing system requirements...
2021-12-07 22:42:37.042 | INFO     |  5111 | msm.skill_entry | Installing system requirements...
2021-12-07 22:42:37.073 | INFO     |  5111 | msm.skill_entry | Installing requirements.txt for mycroft-date-time
2021-12-07 22:42:37.119 | INFO     |  5111 | msm.skill_entry | Installing system requirements...
2021-12-07 22:42:37.131 | INFO     |  5111 | msm.skill_entry | Installing system requirements...
2021-12-07 22:42:37.140 | INFO     |  5111 | msm.skill_entry | Installing requirements.txt for mycroft-joke
2021-12-07 22:42:37.147 | INFO     |  5111 | msm.skill_entry | Installing requirements.txt for mycroft-npr-news
2021-12-07 22:42:37.176 | INFO     |  5111 | msm.skill_entry | Installing requirements.txt for mycroft-ip
2021-12-07 22:42:37.184 | INFO     |  5111 | msm.skill_entry | Installing system requirements...
2021-12-07 22:42:37.198 | INFO     |  5111 | msm.skill_entry | Successfully installed mycroft-reminder
2021-12-07 22:42:37.198 | INFO     |  5111 | msm.mycroft_skills_manager | invalidating skills cache
2021-12-07 22:42:37.199 | INFO     |  5111 | msm.skill_entry | Successfully installed mycroft-naptime
2021-12-07 22:42:37.199 | INFO     |  5111 | msm.mycroft_skills_manager | invalidating skills cache
2021-12-07 22:42:37.200 | INFO     |  5111 | msm.skill_entry | Downloading skill: https://github.com/mycroftai/skill-wiki
2021-12-07 22:42:37.203 | INFO     |  5111 | msm.skill_entry | Downloading skill: https://github.com/mycroftai/skill-version-checker
2021-12-07 22:42:37.255 | INFO     |  5111 | msm.skill_entry | Installing requirements.txt for mycroft-installer
2021-12-07 22:42:37.291 | INFO     |  5111 | msm.skill_entry | Installing requirements.txt for mycroft-audio-record
2021-12-07 22:42:37.364 | INFO     |  5111 | msm.skill_entry | Installing system requirements...
2021-12-07 22:42:37.408 | INFO     |  5111 | msm.skill_entry | Successfully installed mycroft-speak
2021-12-07 22:42:37.409 | INFO     |  5111 | msm.mycroft_skills_manager | invalidating skills cache
2021-12-07 22:42:37.410 | INFO     |  5111 | msm.skill_entry | Downloading skill: https://github.com/MycroftAI/skill-query
2021-12-07 22:42:37.553 | INFO     |  5111 | msm.skill_entry | Installing system requirements...
2021-12-07 22:42:37.596 | INFO     |  5111 | msm.skill_entry | Installing requirements.txt for mycroft-alarm
2021-12-07 22:42:37.765 | INFO     |  5111 | msm.skill_entry | Installing system requirements...
2021-12-07 22:42:37.792 | INFO     |  5111 | msm.skill_entry | Installing requirements.txt for mycroft-configuration
2021-12-07 22:42:37.927 | INFO     |  5111 | msm.skill_entry | Installing system requirements...
2021-12-07 22:42:37.982 | INFO     |  5111 | msm.skill_entry | Installing system requirements...
2021-12-07 22:42:38.002 | INFO     |  5111 | msm.skill_entry | Successfully installed mycroft-spelling
2021-12-07 22:42:38.002 | INFO     |  5111 | msm.mycroft_skills_manager | invalidating skills cache
2021-12-07 22:42:38.072 | INFO     |  5111 | msm.skill_entry | Installing system requirements...
2021-12-07 22:42:38.076 | INFO     |  5111 | msm.skill_entry | Successfully installed mycroft-stop
2021-12-07 22:42:38.076 | INFO     |  5111 | msm.mycroft_skills_manager | invalidating skills cache
2021-12-07 22:42:38.126 | INFO     |  5111 | msm.skill_entry | Installing requirements.txt for mycroft-support-helper
2021-12-07 22:42:38.285 | INFO     |  5111 | msm.skill_entry | Installing system requirements...
2021-12-07 22:42:38.295 | INFO     |  5111 | msm.skill_entry | Installing system requirements...
2021-12-07 22:42:38.365 | INFO     |  5111 | msm.skill_entry | Successfully installed mycroft-version-checker
2021-12-07 22:42:38.365 | INFO     |  5111 | msm.mycroft_skills_manager | invalidating skills cache
2021-12-07 22:42:38.368 | INFO     |  5111 | msm.skill_entry | Successfully installed fallback-query
2021-12-07 22:42:38.370 | INFO     |  5111 | msm.mycroft_skills_manager | invalidating skills cache
2021-12-07 22:42:38.478 | ERROR    |  5111 | msm.mycroft_skills_manager | Error running install_or_update on homeassistant: MergeConflict
2021-12-07 22:42:38.523 | INFO     |  5111 | msm.skill_entry | Installing system requirements...
2021-12-07 22:42:38.546 | INFO     |  5111 | msm.skill_entry | Successfully installed mycroft-timer
2021-12-07 22:42:38.546 | INFO     |  5111 | msm.mycroft_skills_manager | invalidating skills cache
2021-12-07 22:42:38.691 | INFO     |  5111 | msm.skill_entry | Installing system requirements...
2021-12-07 22:42:38.716 | INFO     |  5111 | msm.skill_entry | Installing requirements.txt for mycroft-wiki
2021-12-07 22:42:38.805 | INFO     |  5111 | msm.skill_entry | Installing system requirements...
2021-12-07 22:42:38.832 | INFO     |  5111 | msm.skill_entry | Successfully installed mycroft-singing
2021-12-07 22:42:38.832 | INFO     |  5111 | msm.mycroft_skills_manager | invalidating skills cache
2021-12-07 22:42:39.164 | INFO     |  5111 | msm.skill_entry | Successfully installed mycroft-fallback-duck-duck-go
2021-12-07 22:42:39.164 | INFO     |  5111 | msm.mycroft_skills_manager | invalidating skills cache
2021-12-07 22:42:39.747 | INFO     |  5111 | msm.skill_entry | Installing system requirements...
2021-12-07 22:42:39.758 | INFO     |  5111 | msm.skill_entry | Installing requirements.txt for mycroft-weather
2021-12-07 22:42:42.361 | INFO     |  5111 | msm.skill_entry | Successfully installed fallback-wolfram-alpha
2021-12-07 22:42:42.362 | INFO     |  5111 | msm.mycroft_skills_manager | invalidating skills cache
2021-12-07 22:42:57.806 | INFO     |  5111 | msm.skill_entry | Successfully installed mycroft-date-time
2021-12-07 22:42:57.806 | INFO     |  5111 | msm.mycroft_skills_manager | invalidating skills cache
2021-12-07 22:42:58.856 | INFO     |  5111 | msm.skill_entry | Successfully installed mycroft-joke
2021-12-07 22:42:58.856 | INFO     |  5111 | msm.mycroft_skills_manager | invalidating skills cache
2021-12-07 22:43:01.793 | INFO     |  5111 | msm.skill_entry | Successfully installed mycroft-npr-news
2021-12-07 22:43:01.793 | INFO     |  5111 | msm.mycroft_skills_manager | invalidating skills cache
2021-12-07 22:43:02.609 | INFO     |  5111 | msm.skill_entry | Successfully installed mycroft-ip
2021-12-07 22:43:02.609 | INFO     |  5111 | msm.mycroft_skills_manager | invalidating skills cache
2021-12-07 22:43:03.453 | INFO     |  5111 | msm.skill_entry | Successfully installed mycroft-installer
2021-12-07 22:43:03.453 | INFO     |  5111 | msm.mycroft_skills_manager | invalidating skills cache
2021-12-07 22:43:03.858 | INFO     |  5111 | PairingSkill | Initiating device pairing sequence...
2021-12-07 22:43:03.859 | INFO     |  5111 | PairingSkill | Retrieving pairing code from device API...
2021-12-07 22:43:04.221 | INFO     |  5111 | PairingSkill | Pairing code obtained: 3TCNUU
2021-12-07 22:43:04.221 | INFO     |  5111 | PairingSkill | Communicating pairing URL to user
2021-12-07 22:43:04.293 | INFO     |  5111 | msm.skill_entry | Successfully installed mycroft-audio-record
2021-12-07 22:43:04.293 | INFO     |  5111 | msm.mycroft_skills_manager | invalidating skills cache
2021-12-07 22:43:05.182 | INFO     |  5111 | msm.skill_entry | Successfully installed mycroft-alarm
2021-12-07 22:43:05.183 | INFO     |  5111 | msm.mycroft_skills_manager | invalidating skills cache
2021-12-07 22:43:07.673 | INFO     |  5111 | msm.skill_entry | Successfully installed mycroft-configuration
2021-12-07 22:43:07.673 | INFO     |  5111 | msm.mycroft_skills_manager | invalidating skills cache
2021-12-07 22:43:10.124 | INFO     |  5111 | msm.skill_entry | Successfully installed mycroft-support-helper
2021-12-07 22:43:10.125 | INFO     |  5111 | msm.mycroft_skills_manager | invalidating skills cache
2021-12-07 22:43:11.932 | INFO     |  5111 | msm.skill_entry | Successfully installed mycroft-wiki
2021-12-07 22:43:11.933 | INFO     |  5111 | msm.mycroft_skills_manager | invalidating skills cache
2021-12-07 22:43:13.130 | INFO     |  5111 | msm.skill_entry | Successfully installed mycroft-weather
2021-12-07 22:43:13.131 | INFO     |  5111 | msm.mycroft_skills_manager | invalidating skills cache
2021-12-07 22:43:13.210 | INFO     |  5111 | mycroft.skills.skill_updater:_log_next_download_time:267 | Next scheduled skill update: 2021-12-07 23:43:13.209332
2021-12-07 22:43:13.210 | INFO     |  5111 | mycroft.skills.skill_updater:update_skills:170 | Skill update complete
2021-12-07 22:43:13.210 | INFO     |  5111 | mycroft.skills.skill_manager:_load_on_startup:273 | Loading installed skills...
2021-12-07 22:43:13.212 | INFO     |  5111 | mycroft.skills.skill_loader:load:185 | ATTEMPTING TO LOAD SKILL: mycroft-playback-control.mycroftai
2021-12-07 22:43:13.223 | INFO     |  5111 | mycroft.skills.settings:get_local_settings:83 | /opt/mycroft/skills/mycroft-playback-control.mycroftai/settings.json
2021-12-07 22:43:13.270 | INFO     |  5111 | mycroft.skills.skill_loader:_check_for_first_run:324 | First run of mycroft-playback-control.mycroftai
2021-12-07 22:43:13.270 | INFO     |  5111 | mycroft.skills.settings:save_settings:116 | Skill settings successfully saved to /home/runner/.config/mycroft/skills/mycroft-playback-control.mycroftai/settings.json
2021-12-07 22:43:13.280 | INFO     |  5111 | mycroft.skills.skill_loader:_communicate_load_status:344 | Skill mycroft-playback-control.mycroftai loaded successfully
2021-12-07 22:43:13.287 | INFO     |  5111 | mycroft.skills.skill_loader:load:185 | ATTEMPTING TO LOAD SKILL: mycroft-configuration.mycroftai
2021-12-07 22:43:13.301 | INFO     |  5111 | mycroft.skills.settings:get_local_settings:83 | /opt/mycroft/skills/mycroft-configuration.mycroftai/settings.json
2021-12-07 22:43:13.363 | INFO     |  5111 | mycroft.skills.skill_loader:_check_for_first_run:324 | First run of mycroft-configuration.mycroftai
2021-12-07 22:43:13.368 | INFO     |  5111 | mycroft.skills.settings:save_settings:116 | Skill settings successfully saved to /home/runner/.config/mycroft/skills/mycroft-configuration.mycroftai/settings.json
2021-12-07 22:43:13.370 | INFO     |  5111 | mycroft.skills.skill_loader:_communicate_load_status:344 | Skill mycroft-configuration.mycroftai loaded successfully
2021-12-07 22:43:13.371 | INFO     |  5111 | mycroft.skills.skill_loader:load:185 | ATTEMPTING TO LOAD SKILL: mycroft-speak.mycroftai
2021-12-07 22:43:13.388 | INFO     |  5111 | mycroft.skills.settings:get_local_settings:83 | /opt/mycroft/skills/mycroft-speak.mycroftai/settings.json
2021-12-07 22:43:13.423 | INFO     |  5111 | mycroft.skills.skill_loader:_check_for_first_run:324 | First run of mycroft-speak.mycroftai
2021-12-07 22:43:13.426 | INFO     |  5111 | mycroft.skills.settings:save_settings:116 | Skill settings successfully saved to /home/runner/.config/mycroft/skills/mycroft-speak.mycroftai/settings.json
2021-12-07 22:43:13.428 | INFO     |  5111 | mycroft.skills.skill_loader:_communicate_load_status:344 | Skill mycroft-speak.mycroftai loaded successfully
2021-12-07 22:43:13.431 | INFO     |  5111 | mycroft.skills.skill_loader:load:185 | ATTEMPTING TO LOAD SKILL: mycroft-spelling.mycroftai
2021-12-07 22:43:13.440 | INFO     |  5111 | mycroft.skills.settings:get_local_settings:83 | /opt/mycroft/skills/mycroft-spelling.mycroftai/settings.json
2021-12-07 22:43:13.472 | INFO     |  5111 | mycroft.skills.skill_loader:_check_for_first_run:324 | First run of mycroft-spelling.mycroftai
2021-12-07 22:43:13.473 | INFO     |  5111 | mycroft.skills.settings:save_settings:116 | Skill settings successfully saved to /home/runner/.config/mycroft/skills/mycroft-spelling.mycroftai/settings.json
2021-12-07 22:43:13.477 | INFO     |  5111 | mycroft.skills.skill_loader:_communicate_load_status:344 | Skill mycroft-spelling.mycroftai loaded successfully
2021-12-07 22:43:13.478 | INFO     |  5111 | mycroft.skills.skill_loader:load:185 | ATTEMPTING TO LOAD SKILL: mycroft-date-time.mycroftai
2021-12-07 22:43:13.984 | INFO     |  5111 | mycroft.skills.settings:get_local_settings:83 | /opt/mycroft/skills/mycroft-date-time.mycroftai/settings.json
2021-12-07 22:43:14.056 | INFO     |  5111 | TimeSkill | Registering resting screen <bound method TimeSkill.handle_idle of <mycroft-date-time_mycroftai.TimeSkill object at 0x7f9398615990>> for Time and Date.
2021-12-07 22:43:14.061 | INFO     |  5111 | TimeSkill | Registering resting screen
2021-12-07 22:43:14.071 | INFO     |  5111 | mycroft.skills.skill_loader:_check_for_first_run:324 | First run of mycroft-date-time.mycroftai
2021-12-07 22:43:14.074 | INFO     |  5111 | mycroft.skills.settings:save_settings:116 | Skill settings successfully saved to /home/runner/.config/mycroft/skills/mycroft-date-time.mycroftai/settings.json
2021-12-07 22:43:14.077 | INFO     |  5111 | mycroft.skills.skill_loader:_communicate_load_status:344 | Skill mycroft-date-time.mycroftai loaded successfully
2021-12-07 22:43:14.080 | INFO     |  5111 | mycroft.skills.skill_loader:load:185 | ATTEMPTING TO LOAD SKILL: mycroft-singing.mycroftai
2021-12-07 22:43:14.093 | INFO     |  5111 | mycroft.skills.settings:get_local_settings:83 | /opt/mycroft/skills/mycroft-singing.mycroftai/settings.json
2021-12-07 22:43:14.119 | INFO     |  5111 | mycroft.skills.skill_loader:_check_for_first_run:324 | First run of mycroft-singing.mycroftai
2021-12-07 22:43:14.124 | INFO     |  5111 | mycroft.skills.settings:save_settings:116 | Skill settings successfully saved to /home/runner/.config/mycroft/skills/mycroft-singing.mycroftai/settings.json
2021-12-07 22:43:14.126 | INFO     |  5111 | mycroft.skills.skill_loader:_communicate_load_status:344 | Skill mycroft-singing.mycroftai loaded successfully
2021-12-07 22:43:14.127 | INFO     |  5111 | mycroft.skills.skill_loader:load:185 | ATTEMPTING TO LOAD SKILL: homeassistant.mycroftai
2021-12-07 22:43:14.480 | ERROR    |  5111 | mycroft.skills.skill_loader:_load_skill_source:279 | Failed to load skill: homeassistant.mycroftai (TypeError("'type' object is not iterable"))
Traceback (most recent call last):
  File "/opt/mycroft-core/mycroft/skills/skill_loader.py", line 276, in _load_skill_source
    skill_module = load_skill_module(main_file_path, self.skill_id)
  File "/opt/mycroft-core/mycroft/skills/skill_loader.py", line 72, in load_skill_module
    spec.loader.exec_module(mod)
  File "<frozen importlib._bootstrap_external>", line 728, in exec_module
  File "<frozen importlib._bootstrap>", line 219, in _call_with_frames_removed
  File "/opt/mycroft/skills/homeassistant.mycroftai/__init__.py", line 17, in <module>
    from .ha_client import HomeAssistantClient, check_url
  File "/opt/mycroft/skills/homeassistant.mycroftai/ha_client.py", line 86, in <module>
    class HomeAssistantClient:
  File "/opt/mycroft/skills/homeassistant.mycroftai/ha_client.py", line 137, in HomeAssistantClient
    def find_entity(self, entity: str, types: list(str)) -> dict:
TypeError: 'type' object is not iterable
2021-12-07 22:43:14.485 | ERROR    |  5111 | mycroft.skills.skill_loader:_communicate_load_status:351 | Skill homeassistant.mycroftai failed to load
2021-12-07 22:43:14.485 | INFO     |  5111 | mycroft.skills.skill_loader:load:185 | ATTEMPTING TO LOAD SKILL: mycroft-wiki.mycroftai
2021-12-07 22:43:14.505 | INFO     |  5111 | mycroft.skills.settings:get_local_settings:83 | /opt/mycroft/skills/mycroft-wiki.mycroftai/settings.json
2021-12-07 22:43:14.539 | INFO     |  5111 | mycroft.skills.skill_loader:_check_for_first_run:324 | First run of mycroft-wiki.mycroftai
2021-12-07 22:43:14.541 | INFO     |  5111 | mycroft.skills.settings:save_settings:116 | Skill settings successfully saved to /home/runner/.config/mycroft/skills/mycroft-wiki.mycroftai/settings.json
2021-12-07 22:43:14.545 | INFO     |  5111 | mycroft.skills.skill_loader:_communicate_load_status:344 | Skill mycroft-wiki.mycroftai loaded successfully
2021-12-07 22:43:14.547 | INFO     |  5111 | mycroft.skills.skill_loader:load:185 | ATTEMPTING TO LOAD SKILL: mycroft-reminder.mycroftai
2021-12-07 22:43:14.572 | INFO     |  5111 | mycroft.skills.settings:get_local_settings:83 | /opt/mycroft/skills/mycroft-reminder.mycroftai/settings.json
2021-12-07 22:43:14.627 | INFO     |  5111 | mycroft.skills.skill_loader:_check_for_first_run:324 | First run of mycroft-reminder.mycroftai
2021-12-07 22:43:14.627 | INFO     |  5111 | mycroft.skills.settings:save_settings:116 | Skill settings successfully saved to /home/runner/.config/mycroft/skills/mycroft-reminder.mycroftai/settings.json
2021-12-07 22:43:14.631 | INFO     |  5111 | mycroft.skills.skill_loader:_communicate_load_status:344 | Skill mycroft-reminder.mycroftai loaded successfully
2021-12-07 22:43:14.632 | INFO     |  5111 | mycroft.skills.skill_loader:load:185 | ATTEMPTING TO LOAD SKILL: mycroft-ip.mycroftai
2021-12-07 22:43:14.673 | INFO     |  5111 | mycroft.skills.settings:get_local_settings:83 | /opt/mycroft/skills/mycroft-ip.mycroftai/settings.json
2021-12-07 22:43:14.702 | INFO     |  5111 | mycroft.skills.skill_loader:_check_for_first_run:324 | First run of mycroft-ip.mycroftai
2021-12-07 22:43:14.703 | INFO     |  5111 | mycroft.skills.settings:save_settings:116 | Skill settings successfully saved to /home/runner/.config/mycroft/skills/mycroft-ip.mycroftai/settings.json
2021-12-07 22:43:14.706 | INFO     |  5111 | mycroft.skills.skill_loader:_communicate_load_status:344 | Skill mycroft-ip.mycroftai loaded successfully
2021-12-07 22:43:14.707 | INFO     |  5111 | mycroft.skills.skill_loader:load:185 | ATTEMPTING TO LOAD SKILL: fallback-query.mycroftai
2021-12-07 22:43:14.719 | INFO     |  5111 | mycroft.skills.settings:get_local_settings:83 | /opt/mycroft/skills/fallback-query.mycroftai/settings.json
2021-12-07 22:43:14.735 | INFO     |  5111 | mycroft.skills.skill_loader:_check_for_first_run:324 | First run of fallback-query.mycroftai
2021-12-07 22:43:14.736 | INFO     |  5111 | mycroft.skills.settings:save_settings:116 | Skill settings successfully saved to /home/runner/.config/mycroft/skills/fallback-query.mycroftai/settings.json
2021-12-07 22:43:14.740 | INFO     |  5111 | mycroft.skills.skill_loader:_communicate_load_status:344 | Skill fallback-query.mycroftai loaded successfully
2021-12-07 22:43:14.740 | INFO     |  5111 | mycroft.skills.skill_loader:load:185 | ATTEMPTING TO LOAD SKILL: mycroft-joke.mycroftai
2021-12-07 22:43:14.749 | INFO     |  5111 | mycroft.skills.settings:get_local_settings:83 | /opt/mycroft/skills/mycroft-joke.mycroftai/settings.json
2021-12-07 22:43:14.784 | INFO     |  5111 | mycroft.skills.skill_loader:_check_for_first_run:324 | First run of mycroft-joke.mycroftai
2021-12-07 22:43:14.790 | INFO     |  5111 | mycroft.skills.settings:save_settings:116 | Skill settings successfully saved to /home/runner/.config/mycroft/skills/mycroft-joke.mycroftai/settings.json
2021-12-07 22:43:14.793 | INFO     |  5111 | mycroft.skills.skill_loader:_communicate_load_status:344 | Skill mycroft-joke.mycroftai loaded successfully
2021-12-07 22:43:14.793 | INFO     |  5111 | mycroft.skills.skill_loader:load:185 | ATTEMPTING TO LOAD SKILL: mycroft-installer.mycroftai
2021-12-07 22:43:14.812 | INFO     |  5111 | mycroft.skills.settings:get_local_settings:83 | /opt/mycroft/skills/mycroft-installer.mycroftai/settings.json
2021-12-07 22:43:14.850 | INFO     |  5111 | mycroft.skills.skill_loader:_check_for_first_run:324 | First run of mycroft-installer.mycroftai
2021-12-07 22:43:14.851 | INFO     |  5111 | mycroft.skills.settings:save_settings:116 | Skill settings successfully saved to /home/runner/.config/mycroft/skills/mycroft-installer.mycroftai/settings.json
2021-12-07 22:43:14.856 | INFO     |  5111 | mycroft.skills.skill_loader:_communicate_load_status:344 | Skill mycroft-installer.mycroftai loaded successfully
2021-12-07 22:43:14.857 | INFO     |  5111 | mycroft.skills.skill_loader:load:185 | ATTEMPTING TO LOAD SKILL: mycroft-audio-record.mycroftai
2021-12-07 22:43:14.906 | INFO     |  5111 | mycroft.skills.settings:get_local_settings:83 | /opt/mycroft/skills/mycroft-audio-record.mycroftai/settings.json
2021-12-07 22:43:14.944 | INFO     |  5111 | mycroft.skills.skill_loader:_check_for_first_run:324 | First run of mycroft-audio-record.mycroftai
2021-12-07 22:43:14.946 | INFO     |  5111 | mycroft.skills.settings:save_settings:116 | Skill settings successfully saved to /home/runner/.config/mycroft/skills/mycroft-audio-record.mycroftai/settings.json
2021-12-07 22:43:14.948 | INFO     |  5111 | mycroft.skills.skill_loader:_communicate_load_status:344 | Skill mycroft-audio-record.mycroftai loaded successfully
2021-12-07 22:43:14.948 | INFO     |  5111 | mycroft.skills.skill_loader:load:185 | ATTEMPTING TO LOAD SKILL: mycroft-hello-world.mycroftai
2021-12-07 22:43:14.963 | INFO     |  5111 | mycroft.skills.settings:get_local_settings:83 | /opt/mycroft/skills/mycroft-hello-world.mycroftai/settings.json
2021-12-07 22:43:14.997 | INFO     |  5111 | mycroft.skills.skill_loader:_check_for_first_run:324 | First run of mycroft-hello-world.mycroftai
2021-12-07 22:43:15.000 | INFO     |  5111 | mycroft.skills.settings:save_settings:116 | Skill settings successfully saved to /home/runner/.config/mycroft/skills/mycroft-hello-world.mycroftai/settings.json
2021-12-07 22:43:15.005 | INFO     |  5111 | mycroft.skills.skill_loader:_communicate_load_status:344 | Skill mycroft-hello-world.mycroftai loaded successfully
2021-12-07 22:43:15.005 | INFO     |  5111 | mycroft.skills.skill_loader:load:185 | ATTEMPTING TO LOAD SKILL: mycroft-naptime.mycroftai
2021-12-07 22:43:15.021 | INFO     |  5111 | mycroft.skills.settings:get_local_settings:83 | /opt/mycroft/skills/mycroft-naptime.mycroftai/settings.json
2021-12-07 22:43:15.039 | INFO     |  5111 | mycroft.skills.skill_loader:_check_for_first_run:324 | First run of mycroft-naptime.mycroftai
2021-12-07 22:43:15.043 | INFO     |  5111 | mycroft.skills.settings:save_settings:116 | Skill settings successfully saved to /home/runner/.config/mycroft/skills/mycroft-naptime.mycroftai/settings.json
2021-12-07 22:43:15.046 | INFO     |  5111 | mycroft.skills.skill_loader:_communicate_load_status:344 | Skill mycroft-naptime.mycroftai loaded successfully
2021-12-07 22:43:15.048 | INFO     |  5111 | mycroft.skills.skill_loader:load:185 | ATTEMPTING TO LOAD SKILL: mycroft-version-checker.mycroftai
2021-12-07 22:43:15.057 | INFO     |  5111 | mycroft.skills.settings:get_local_settings:83 | /opt/mycroft/skills/mycroft-version-checker.mycroftai/settings.json
2021-12-07 22:43:15.096 | INFO     |  5111 | mycroft.skills.skill_loader:_check_for_first_run:324 | First run of mycroft-version-checker.mycroftai
2021-12-07 22:43:15.098 | INFO     |  5111 | mycroft.skills.settings:save_settings:116 | Skill settings successfully saved to /home/runner/.config/mycroft/skills/mycroft-version-checker.mycroftai/settings.json
2021-12-07 22:43:15.101 | INFO     |  5111 | mycroft.skills.skill_loader:_communicate_load_status:344 | Skill mycroft-version-checker.mycroftai loaded successfully
2021-12-07 22:43:15.104 | INFO     |  5111 | mycroft.skills.skill_loader:load:185 | ATTEMPTING TO LOAD SKILL: fallback-unknown.mycroftai
2021-12-07 22:43:15.116 | INFO     |  5111 | mycroft.skills.settings:get_local_settings:83 | /opt/mycroft/skills/fallback-unknown.mycroftai/settings.json
2021-12-07 22:43:15.146 | INFO     |  5111 | mycroft.skills.skill_loader:_check_for_first_run:324 | First run of fallback-unknown.mycroftai
2021-12-07 22:43:15.146 | INFO     |  5111 | mycroft.skills.settings:save_settings:116 | Skill settings successfully saved to /home/runner/.config/mycroft/skills/fallback-unknown.mycroftai/settings.json
2021-12-07 22:43:15.150 | INFO     |  5111 | mycroft.skills.skill_loader:_communicate_load_status:344 | Skill fallback-unknown.mycroftai loaded successfully
2021-12-07 22:43:15.152 | INFO     |  5111 | mycroft.skills.skill_loader:load:185 | ATTEMPTING TO LOAD SKILL: mycroft-personal.mycroftai
2021-12-07 22:43:15.165 | INFO     |  5111 | mycroft.skills.settings:get_local_settings:83 | /opt/mycroft/skills/mycroft-personal.mycroftai/settings.json
2021-12-07 22:43:15.201 | INFO     |  5111 | mycroft.skills.skill_loader:_check_for_first_run:324 | First run of mycroft-personal.mycroftai
2021-12-07 22:43:15.202 | INFO     |  5111 | mycroft.skills.settings:save_settings:116 | Skill settings successfully saved to /home/runner/.config/mycroft/skills/mycroft-personal.mycroftai/settings.json
2021-12-07 22:43:15.205 | INFO     |  5111 | mycroft.skills.skill_loader:_communicate_load_status:344 | Skill mycroft-personal.mycroftai loaded successfully
2021-12-07 22:43:15.206 | INFO     |  5111 | mycroft.skills.skill_loader:load:185 | ATTEMPTING TO LOAD SKILL: mycroft-fallback-duck-duck-go.mycroftai
2021-12-07 22:43:15.239 | INFO     |  5111 | mycroft.skills.settings:get_local_settings:83 | /opt/mycroft/skills/mycroft-fallback-duck-duck-go.mycroftai/settings.json
2021-12-07 22:43:15.275 | INFO     |  5111 | mycroft.skills.skill_loader:_check_for_first_run:324 | First run of mycroft-fallback-duck-duck-go.mycroftai
2021-12-07 22:43:15.279 | INFO     |  5111 | mycroft.skills.settings:save_settings:116 | Skill settings successfully saved to /home/runner/.config/mycroft/skills/mycroft-fallback-duck-duck-go.mycroftai/settings.json
2021-12-07 22:43:15.283 | INFO     |  5111 | mycroft.skills.skill_loader:_communicate_load_status:344 | Skill mycroft-fallback-duck-duck-go.mycroftai loaded successfully
2021-12-07 22:43:15.285 | INFO     |  5111 | mycroft.skills.skill_loader:load:185 | ATTEMPTING TO LOAD SKILL: fallback-wolfram-alpha.mycroftai
2021-12-07 22:43:15.331 | INFO     |  5111 | mycroft.skills.settings:get_local_settings:83 | /opt/mycroft/skills/fallback-wolfram-alpha.mycroftai/settings.json
2021-12-07 22:43:15.366 | INFO     |  5111 | mycroft.skills.skill_loader:_check_for_first_run:324 | First run of fallback-wolfram-alpha.mycroftai
2021-12-07 22:43:15.372 | INFO     |  5111 | mycroft.skills.settings:save_settings:116 | Skill settings successfully saved to /home/runner/.config/mycroft/skills/fallback-wolfram-alpha.mycroftai/settings.json
2021-12-07 22:43:15.373 | INFO     |  5111 | mycroft.skills.skill_loader:_communicate_load_status:344 | Skill fallback-wolfram-alpha.mycroftai loaded successfully
2021-12-07 22:43:15.374 | INFO     |  5111 | mycroft.skills.skill_loader:load:185 | ATTEMPTING TO LOAD SKILL: mycroft-weather.mycroftai
2021-12-07 22:43:15.411 | INFO     |  5111 | mycroft.skills.settings:get_local_settings:83 | /opt/mycroft/skills/mycroft-weather.mycroftai/settings.json
2021-12-07 22:43:15.562 | INFO     |  5111 | mycroft.skills.skill_loader:_check_for_first_run:324 | First run of mycroft-weather.mycroftai
2021-12-07 22:43:15.563 | INFO     |  5111 | mycroft.skills.settings:save_settings:116 | Skill settings successfully saved to /home/runner/.config/mycroft/skills/mycroft-weather.mycroftai/settings.json
2021-12-07 22:43:15.567 | INFO     |  5111 | mycroft.skills.skill_loader:_communicate_load_status:344 | Skill mycroft-weather.mycroftai loaded successfully
2021-12-07 22:43:15.567 | INFO     |  5111 | mycroft.skills.skill_loader:load:185 | ATTEMPTING TO LOAD SKILL: mycroft-stop.mycroftai
2021-12-07 22:43:15.583 | INFO     |  5111 | mycroft.skills.settings:get_local_settings:83 | /opt/mycroft/skills/mycroft-stop.mycroftai/settings.json
2021-12-07 22:43:15.603 | INFO     |  5111 | mycroft.skills.skill_loader:_check_for_first_run:324 | First run of mycroft-stop.mycroftai
2021-12-07 22:43:15.604 | INFO     |  5111 | mycroft.skills.settings:save_settings:116 | Skill settings successfully saved to /home/runner/.config/mycroft/skills/mycroft-stop.mycroftai/settings.json
2021-12-07 22:43:15.605 | INFO     |  5111 | mycroft.skills.skill_loader:_communicate_load_status:344 | Skill mycroft-stop.mycroftai loaded successfully
2021-12-07 22:43:15.625 | INFO     |  5111 | mycroft.skills.skill_loader:load:185 | ATTEMPTING TO LOAD SKILL: mycroft-alarm.mycroftai
2021-12-07 22:43:15.662 | INFO     |  5111 | mycroft.skills.settings:get_local_settings:83 | /opt/mycroft/skills/mycroft-alarm.mycroftai/settings.json
2021-12-07 22:43:15.662 | ERROR    |  5111 | AlarmSkill | Couldn't allocate mixer, ALSAAudioError('No such file or directory [default]')
2021-12-07 22:43:15.771 | INFO     |  5111 | mycroft.skills.skill_loader:_check_for_first_run:324 | First run of mycroft-alarm.mycroftai
2021-12-07 22:43:15.771 | INFO     |  5111 | mycroft.skills.settings:save_settings:116 | Skill settings successfully saved to /home/runner/.config/mycroft/skills/mycroft-alarm.mycroftai/settings.json
2021-12-07 22:43:15.782 | INFO     |  5111 | mycroft.skills.skill_loader:_communicate_load_status:344 | Skill mycroft-alarm.mycroftai loaded successfully
2021-12-07 22:43:15.783 | INFO     |  5111 | mycroft.skills.skill_loader:load:185 | ATTEMPTING TO LOAD SKILL: mycroft-support-helper.mycroftai
2021-12-07 22:43:15.800 | INFO     |  5111 | mycroft.skills.settings:get_local_settings:83 | /opt/mycroft/skills/mycroft-support-helper.mycroftai/settings.json
2021-12-07 22:43:15.824 | INFO     |  5111 | mycroft.skills.skill_loader:_check_for_first_run:324 | First run of mycroft-support-helper.mycroftai
2021-12-07 22:43:15.824 | INFO     |  5111 | mycroft.skills.settings:save_settings:116 | Skill settings successfully saved to /home/runner/.config/mycroft/skills/mycroft-support-helper.mycroftai/settings.json
2021-12-07 22:43:15.825 | INFO     |  5111 | mycroft.skills.skill_loader:_communicate_load_status:344 | Skill mycroft-support-helper.mycroftai loaded successfully
2021-12-07 22:43:15.825 | INFO     |  5111 | mycroft.skills.skill_loader:load:185 | ATTEMPTING TO LOAD SKILL: mycroft-timer.mycroftai
2021-12-07 22:43:15.881 | INFO     |  5111 | mycroft.skills.settings:get_local_settings:83 | /opt/mycroft/skills/mycroft-timer.mycroftai/settings.json
2021-12-07 22:43:15.981 | INFO     |  5111 | mycroft.skills.skill_loader:_check_for_first_run:324 | First run of mycroft-timer.mycroftai
2021-12-07 22:43:15.981 | INFO     |  5111 | mycroft.skills.settings:save_settings:116 | Skill settings successfully saved to /home/runner/.config/mycroft/skills/mycroft-timer.mycroftai/settings.json
2021-12-07 22:43:15.992 | INFO     |  5111 | mycroft.skills.skill_loader:_communicate_load_status:344 | Skill mycroft-timer.mycroftai loaded successfully
2021-12-07 22:43:15.992 | INFO     |  5111 | mycroft.skills.skill_loader:load:185 | ATTEMPTING TO LOAD SKILL: mycroft-npr-news.mycroftai
2021-12-07 22:43:16.120 | INFO     |  5111 | mycroft.skills.settings:get_local_settings:83 | /opt/mycroft/skills/mycroft-npr-news.mycroftai/settings.json
2021-12-07 22:43:17.169 | INFO     |  5111 | mycroft.skills.skill_loader:_check_for_first_run:324 | First run of mycroft-npr-news.mycroftai
2021-12-07 22:43:17.170 | INFO     |  5111 | mycroft.skills.settings:save_settings:116 | Skill settings successfully saved to /home/runner/.config/mycroft/skills/mycroft-npr-news.mycroftai/settings.json
2021-12-07 22:43:17.170 | INFO     |  5111 | mycroft.skills.skill_loader:_communicate_load_status:344 | Skill mycroft-npr-news.mycroftai loaded successfully
2021-12-07 22:43:17.171 | INFO     |  5111 | mycroft.skills.skill_manager:_load_on_startup:275 | Skills all loaded!
2021-12-07 22:43:17.187 | INFO     |  5111 | __main__:on_ready:185 | Skills service is ready.
2021-12-07 22:43:17.197 | INFO     |  5111 | mycroft.skills.intent_services.padatious_service:train:151 | Training... (single_thread=False)
Regenerated mycroft-alarm.mycroftai:{daytype}.
Regenerated mycroft-configuration.mycroftai:DisablePreciseDev.intent.
Regenerated mycroft-configuration.mycroftai:WhereAreYou.intent.
Regenerated mycroft-configuration.mycroftai:EnablePreciseDev.intent.
Regenerated mycroft-date-time.mycroftai:date.future.weekend.intent.
Regenerated mycroft-date-time.mycroftai:what.time.will.it.be.intent.
Regenerated mycroft-date-time.mycroftai:what.time.is.it.intent.
Regenerated mycroft-reminder.mycroftai:GetNextReminders.intent.
Regenerated mycroft-reminder.mycroftai:ClearReminders.intent.
Regenerated mycroft-reminder.mycroftai:SnoozeReminder.intent.
Regenerated mycroft-reminder.mycroftai:GetRemindersForDay.intent.
Regenerated mycroft-reminder.mycroftai:Reminder.intent.
Regenerated mycroft-installer.mycroftai:is.installed.intent.
Regenerated mycroft-audio-record.mycroftai:PlayRecording.intent.
Regenerated mycroft-hello-world.mycroftai:HowAreYou.intent.
Regenerated mycroft-personal.mycroftai:WhoAreYou.intent.
Regenerated mycroft-personal.mycroftai:WhatAreYou.intent.
Regenerated mycroft-personal.mycroftai:DoYouDream.intent.
Regenerated mycroft-personal.mycroftai:WhenWereYouBorn.intent.
Regenerated mycroft-stop.mycroftai:shutdown.intent.
Regenerated mycroft-stop.mycroftai:ssh.enable.intent.
Regenerated mycroft-stop.mycroftai:ssh.disable.intent.
Regenerated mycroft-alarm.mycroftai:change.alarm.sound.intent.
Regenerated mycroft-alarm.mycroftai:snooze.intent.
Regenerated mycroft-support-helper.mycroftai:contact.support.intent.
Regenerated mycroft-date-time.mycroftai:date.last.weekend.intent.
Regenerated mycroft-wiki.mycroftai:Random.intent.
Regenerated mycroft-reminder.mycroftai:UnspecifiedReminderAt.intent.
Regenerated mycroft-reminder.mycroftai:CancelActiveReminder.intent.
Regenerated mycroft-reminder.mycroftai:DeleteReminderForDay.intent.
Regenerated mycroft-reminder.mycroftai:ReminderAt.intent.
Regenerated mycroft-installer.mycroftai:install.intent.
Regenerated mycroft-installer.mycroftai:install.beta.intent.
Regenerated mycroft-installer.mycroftai:install.custom.intent.
Regenerated mycroft-installer.mycroftai:remove.intent.
Regenerated mycroft-installer.mycroftai:list.skills.intent.
Regenerated mycroft-audio-record.mycroftai:StartRecording.intent.
Regenerated mycroft-personal.mycroftai:DoYouRhyme.intent.
Regenerated mycroft-personal.mycroftai:WhoMadeYou.intent.
Regenerated mycroft-personal.mycroftai:WhereWereYouBorn.intent.
Regenerated mycroft-weather.mycroftai:do-i-need-an-umbrella.intent.
Regenerated mycroft-stop.mycroftai:wifi.setup.intent.
Regenerated mycroft-stop.mycroftai:reboot.intent.
Regenerated mycroft-timer.mycroftai:timer.status.intent.
Regenerated mycroft-timer.mycroftai:start.timer.intent.
Regenerated mycroft-npr-news.mycroftai:PlayTheNews.intent.
2021-12-07 22:43:18.385 | INFO     |  5111 | mycroft.skills.intent_services.padatious_service:train:153 | Training complete.
2021-12-07 22:43:28.602 | INFO     |  5111 | QuestionsAnswersSkill | Searching for give me the value of Mycroft sensor please
2021-12-07 22:43:28.648 | INFO     |  5111 | mycroft.skills.settings:save_settings:116 | Skill settings successfully saved to /home/runner/.config/mycroft/skills/mycroft-fallback-duck-duck-go.mycroftai/settings.json
2021-12-07 22:43:28.648 | INFO     |  5111 | WolframAlphaSkill | WolframAlpha query: give me the value of Mycroft sensor please
2021-12-07 22:43:28.649 | INFO     |  5111 | WolframAlphaSkill | Non-question, ignoring: give me the value of Mycroft sensor please
2021-12-07 22:43:28.649 | INFO     |  5111 | mycroft.skills.settings:save_settings:116 | Skill settings successfully saved to /home/runner/.config/mycroft/skills/fallback-wolfram-alpha.mycroftai/settings.json
2021-12-07 22:43:28.669 | INFO     |  5111 | mycroft.skills.settings:save_settings:116 | Skill settings successfully saved to /home/runner/.config/mycroft/skills/fallback-query.mycroftai/settings.json
2021-12-07 22:43:28.669 | INFO     |  5111 | mycroft.skills.settings:save_settings:116 | Skill settings successfully saved to /home/runner/.config/mycroft/skills/fallback-query.mycroftai/settings.json
2021-12-07 22:43:28.670 | INFO     |  5111 | mycroft.skills.settings:save_settings:116 | Skill settings successfully saved to /home/runner/.config/mycroft/skills/fallback-query.mycroftai/settings.json
2021-12-07 22:43:28.671 | INFO     |  5111 | mycroft.skills.settings:save_settings:116 | Skill settings successfully saved to /home/runner/.config/mycroft/skills/fallback-query.mycroftai/settings.json
2021-12-07 22:43:29.102 | INFO     |  5111 | QuestionsAnswersSkill | Timeout occured check responses
2021-12-07 22:43:29.916 | INFO     |  5111 | mycroft.skills.settings:save_settings:116 | Skill settings successfully saved to /home/runner/.config/mycroft/skills/mycroft-timer.mycroftai/settings.json
2021-12-07 22:43:34.241 | INFO     |  5111 | mycroft.skills.settings:save_settings:116 | Skill settings successfully saved to /home/runner/.config/mycroft/skills/mycroft-pairing.mycroftai/settings.json
2021-12-07 22:43:38.946 | INFO     |  5111 | QuestionsAnswersSkill | Searching for give me the value of Mycroft sensor please
2021-12-07 22:43:38.950 | INFO     |  5111 | WolframAlphaSkill | WolframAlpha query: give me the value of Mycroft sensor please
2021-12-07 22:43:38.951 | INFO     |  5111 | WolframAlphaSkill | Non-question, ignoring: give me the value of Mycroft sensor please
2021-12-07 22:43:39.113 | INFO     |  5111 | QuestionsAnswersSkill | Timeout occured check responses
2021-12-07 22:43:49.245 | INFO     |  5111 | QuestionsAnswersSkill | Searching for can you turn on blue switch please
2021-12-07 22:43:49.250 | INFO     |  5111 | WolframAlphaSkill | WolframAlpha query: can you turn on blue switch please
2021-12-07 22:43:49.250 | INFO     |  5111 | WolframAlphaSkill | Non-question, ignoring: can you turn on blue switch please
2021-12-07 22:43:50.127 | INFO     |  5111 | QuestionsAnswersSkill | Timeout occured check responses
2021-12-07 22:43:59.546 | INFO     |  5111 | QuestionsAnswersSkill | Searching for can you turn on blue switch please
2021-12-07 22:43:59.552 | INFO     |  5111 | WolframAlphaSkill | WolframAlpha query: can you turn on blue switch please
2021-12-07 22:43:59.552 | INFO     |  5111 | WolframAlphaSkill | Non-question, ignoring: can you turn on blue switch please
2021-12-07 22:44:00.140 | INFO     |  5111 | QuestionsAnswersSkill | Timeout occured check responses
2021-12-07 22:44:09.845 | INFO     |  5111 | QuestionsAnswersSkill | Searching for can you toggle green switch
2021-12-07 22:44:09.850 | INFO     |  5111 | WolframAlphaSkill | WolframAlpha query: can you toggle green switch
2021-12-07 22:44:09.850 | INFO     |  5111 | WolframAlphaSkill | Non-question, ignoring: can you toggle green switch
2021-12-07 22:44:10.151 | INFO     |  5111 | QuestionsAnswersSkill | Timeout occured check responses
2021-12-07 22:44:13.425 | WARNING  |  5111 | ConfigurationSkill | Impossible to update configuration because device isn't paired
2021-12-07 22:44:20.115 | INFO     |  5111 | QuestionsAnswersSkill | Searching for can you toggle green switch
2021-12-07 22:44:20.160 | INFO     |  5111 | WolframAlphaSkill | WolframAlpha query: can you toggle green switch
2021-12-07 22:44:20.160 | INFO     |  5111 | WolframAlphaSkill | Non-question, ignoring: can you toggle green switch
2021-12-07 22:44:21.163 | INFO     |  5111 | QuestionsAnswersSkill | Timeout occured check responses
2021-12-07 22:44:30.453 | INFO     |  5111 | QuestionsAnswersSkill | Searching for can you toggle pink switch
2021-12-07 22:44:30.460 | INFO     |  5111 | WolframAlphaSkill | WolframAlpha query: can you toggle pink switch
2021-12-07 22:44:30.461 | INFO     |  5111 | WolframAlphaSkill | Non-question, ignoring: can you toggle pink switch
2021-12-07 22:44:31.176 | INFO     |  5111 | QuestionsAnswersSkill | Timeout occured check responses
2021-12-07 22:44:40.715 | INFO     |  5111 | QuestionsAnswersSkill | Searching for can you toggle pink switch
2021-12-07 22:44:40.760 | INFO     |  5111 | WolframAlphaSkill | WolframAlpha query: can you toggle pink switch
2021-12-07 22:44:40.760 | INFO     |  5111 | WolframAlphaSkill | Non-question, ignoring: can you toggle pink switch
2021-12-07 22:44:41.188 | INFO     |  5111 | QuestionsAnswersSkill | Timeout occured check responses
2021-12-07 22:44:51.062 | INFO     |  5111 | QuestionsAnswersSkill | Searching for can you turn off red switch please
2021-12-07 22:44:51.066 | INFO     |  5111 | WolframAlphaSkill | WolframAlpha query: can you turn off red switch please
2021-12-07 22:44:51.067 | INFO     |  5111 | WolframAlphaSkill | Non-question, ignoring: can you turn off red switch please
2021-12-07 22:44:52.201 | INFO     |  5111 | QuestionsAnswersSkill | Timeout occured check responses
2021-12-07 22:45:01.361 | INFO     |  5111 | QuestionsAnswersSkill | Searching for can you turn off red switch please
2021-12-07 22:45:01.367 | INFO     |  5111 | WolframAlphaSkill | WolframAlpha query: can you turn off red switch please
2021-12-07 22:45:01.367 | INFO     |  5111 | WolframAlphaSkill | Non-question, ignoring: can you turn off red switch please
2021-12-07 22:45:02.212 | INFO     |  5111 | QuestionsAnswersSkill | Timeout occured check responses
2021-12-07 22:45:11.631 | INFO     |  5111 | QuestionsAnswersSkill | Searching for can you turn on Mycroft light please
2021-12-07 22:45:11.675 | INFO     |  5111 | WolframAlphaSkill | WolframAlpha query: can you turn on Mycroft light please
2021-12-07 22:45:11.676 | INFO     |  5111 | WolframAlphaSkill | Non-question, ignoring: can you turn on Mycroft light please
2021-12-07 22:45:12.224 | INFO     |  5111 | QuestionsAnswersSkill | Timeout occured check responses
2021-12-07 22:45:13.496 | WARNING  |  5111 | ConfigurationSkill | Impossible to update configuration because device isn't paired
2021-12-07 22:45:21.974 | INFO     |  5111 | QuestionsAnswersSkill | Searching for can you turn on Mycroft light please
2021-12-07 22:45:21.979 | INFO     |  5111 | WolframAlphaSkill | WolframAlpha query: can you turn on Mycroft light please
2021-12-07 22:45:21.980 | INFO     |  5111 | WolframAlphaSkill | Non-question, ignoring: can you turn on Mycroft light please
2021-12-07 22:45:23.238 | INFO     |  5111 | QuestionsAnswersSkill | Timeout occured check responses
2021-12-07 22:45:32.282 | INFO     |  5111 | QuestionsAnswersSkill | Searching for set the brightness of bathroom light to 20%
2021-12-07 22:45:32.287 | INFO     |  5111 | WolframAlphaSkill | WolframAlpha query: set the brightness of bathroom light to 20%
2021-12-07 22:45:32.288 | INFO     |  5111 | WolframAlphaSkill | Non-question, ignoring: set the brightness of bathroom light to 20 %
2021-12-07 22:45:33.249 | INFO     |  5111 | QuestionsAnswersSkill | Timeout occured check responses
2021-12-07 22:45:42.582 | INFO     |  5111 | QuestionsAnswersSkill | Searching for set the brightness of bathroom light to 20%
2021-12-07 22:45:42.587 | INFO     |  5111 | WolframAlphaSkill | WolframAlpha query: set the brightness of bathroom light to 20%
2021-12-07 22:45:42.588 | INFO     |  5111 | WolframAlphaSkill | Non-question, ignoring: set the brightness of bathroom light to 20 %
2021-12-07 22:45:43.261 | INFO     |  5111 | QuestionsAnswersSkill | Timeout occured check responses
2021-12-07 22:45:52.838 | INFO     |  5111 | QuestionsAnswersSkill | Searching for increase the brightness of table light please
2021-12-07 22:45:52.883 | INFO     |  5111 | WolframAlphaSkill | WolframAlpha query: increase the brightness of table light please
2021-12-07 22:45:52.884 | INFO     |  5111 | WolframAlphaSkill | Non-question, ignoring: increase the brightness of table light please
2021-12-07 22:45:53.273 | INFO     |  5111 | QuestionsAnswersSkill | Timeout occured check responses
2021-12-07 22:46:03.177 | INFO     |  5111 | QuestionsAnswersSkill | Searching for increase the brightness of table light please
2021-12-07 22:46:03.183 | INFO     |  5111 | WolframAlphaSkill | WolframAlpha query: increase the brightness of table light please
2021-12-07 22:46:03.183 | INFO     |  5111 | WolframAlphaSkill | Non-question, ignoring: increase the brightness of table light please
2021-12-07 22:46:04.285 | INFO     |  5111 | QuestionsAnswersSkill | Timeout occured check responses
2021-12-07 22:46:13.481 | INFO     |  5111 | QuestionsAnswersSkill | Searching for decrease the brightness of bathroom light please
2021-12-07 22:46:13.487 | INFO     |  5111 | WolframAlphaSkill | WolframAlpha query: decrease the brightness of bathroom light please
2021-12-07 22:46:13.487 | INFO     |  5111 | WolframAlphaSkill | Non-question, ignoring: decrease the brightness of bathroom light please
2021-12-07 22:46:13.566 | WARNING  |  5111 | ConfigurationSkill | Impossible to update configuration because device isn't paired
2021-12-07 22:46:14.298 | INFO     |  5111 | QuestionsAnswersSkill | Timeout occured check responses
2021-12-07 22:46:23.785 | INFO     |  5111 | QuestionsAnswersSkill | Searching for decrease the brightness of bathroom light please
2021-12-07 22:46:23.790 | INFO     |  5111 | WolframAlphaSkill | WolframAlpha query: decrease the brightness of bathroom light please
2021-12-07 22:46:23.791 | INFO     |  5111 | WolframAlphaSkill | Non-question, ignoring: decrease the brightness of bathroom light please
2021-12-07 22:46:24.308 | INFO     |  5111 | QuestionsAnswersSkill | Timeout occured check responses
2021-12-07 22:46:34.090 | INFO     |  5111 | QuestionsAnswersSkill | Searching for can you turn off stairs light please
2021-12-07 22:46:34.094 | INFO     |  5111 | WolframAlphaSkill | WolframAlpha query: can you turn off stairs light please
2021-12-07 22:46:34.095 | INFO     |  5111 | WolframAlphaSkill | Non-question, ignoring: can you turn off stairs light please
2021-12-07 22:46:35.321 | INFO     |  5111 | QuestionsAnswersSkill | Timeout occured check responses
2021-12-07 22:46:44.394 | INFO     |  5111 | QuestionsAnswersSkill | Searching for can you turn off stairs light please
2021-12-07 22:46:44.400 | INFO     |  5111 | WolframAlphaSkill | WolframAlpha query: can you turn off stairs light please
2021-12-07 22:46:44.401 | INFO     |  5111 | WolframAlphaSkill | Non-question, ignoring: can you turn off stairs light please
2021-12-07 22:46:45.334 | INFO     |  5111 | QuestionsAnswersSkill | Timeout occured check responses
2021-12-07 22:46:54.694 | INFO     |  5111 | QuestionsAnswersSkill | Searching for activate the automation mycroft tracker automation
2021-12-07 22:46:54.699 | INFO     |  5111 | WolframAlphaSkill | WolframAlpha query: activate the automation mycroft tracker automation
2021-12-07 22:46:54.700 | INFO     |  5111 | WolframAlphaSkill | Non-question, ignoring: activate the automation mycroft tracker automation
2021-12-07 22:46:55.346 | INFO     |  5111 | QuestionsAnswersSkill | Timeout occured check responses
2021-12-07 22:47:04.998 | INFO     |  5111 | QuestionsAnswersSkill | Searching for activate the automation mycroft tracker automation
2021-12-07 22:47:05.002 | INFO     |  5111 | WolframAlphaSkill | WolframAlpha query: activate the automation mycroft tracker automation
2021-12-07 22:47:05.003 | INFO     |  5111 | WolframAlphaSkill | Non-question, ignoring: activate the automation mycroft tracker automation
2021-12-07 22:47:06.358 | INFO     |  5111 | QuestionsAnswersSkill | Timeout occured check responses
2021-12-07 22:47:13.835 | WARNING  |  5111 | ConfigurationSkill | Impossible to update configuration because device isn't paired
2021-12-07 22:47:15.297 | INFO     |  5111 | QuestionsAnswersSkill | Searching for give me location of the mark
2021-12-07 22:47:15.302 | INFO     |  5111 | WolframAlphaSkill | WolframAlpha query: give me location of the mark
2021-12-07 22:47:15.303 | INFO     |  5111 | WolframAlphaSkill | Non-question, ignoring: give me location of the mark
2021-12-07 22:47:16.370 | INFO     |  5111 | QuestionsAnswersSkill | Timeout occured check responses
2021-12-07 22:47:17.307 | INFO     |  5111 | mycroft.skills.settings:save_settings:116 | Skill settings successfully saved to /home/runner/.config/mycroft/skills/mycroft-configuration.mycroftai/settings.json
2021-12-07 22:47:25.606 | INFO     |  5111 | QuestionsAnswersSkill | Searching for give me location of the mark
2021-12-07 22:47:25.611 | INFO     |  5111 | WolframAlphaSkill | WolframAlpha query: give me location of the mark
2021-12-07 22:47:25.612 | INFO     |  5111 | WolframAlphaSkill | Non-question, ignoring: give me location of the mark
2021-12-07 22:47:26.382 | INFO     |  5111 | QuestionsAnswersSkill | Timeout occured check responses
2021-12-07 22:47:38.016 | ERROR    |  5111 | WeatherSkill | Weather API failure
Traceback (most recent call last):
  File "/opt/mycroft/skills/mycroft-weather.mycroftai/__init__.py", line 1129, in _get_weather
    self.config_core.get("system_unit"), latitude, longitude
  File "/opt/mycroft/skills/mycroft-weather.mycroftai/skill/api.py", line 105, in get_weather_for_coordinates
    response = self.request(api_request)
  File "/opt/mycroft-core/mycroft/api/__init__.py", line 64, in request
    return self.send(params)
  File "/opt/mycroft-core/mycroft/api/__init__.py", line 147, in send
    return self.get_response(response, no_refresh)
  File "/opt/mycroft-core/mycroft/api/__init__.py", line 170, in get_response
    raise HTTPError(data, response=response)
requests.exceptions.HTTPError: {'error': 'device not authorized'}
2021-12-07 22:47:38.017 | INFO     |  5111 | mycroft.skills.settings:save_settings:116 | Skill settings successfully saved to /home/runner/.config/mycroft/skills/mycroft-weather.mycroftai/settings.json
2021-12-07 22:47:38.020 | ERROR    |  5111 | mycroft.skills.mycroft_skill.mycroft_skill:on_error:923 | An error occurred while processing a request in Pairing Skill
Traceback (most recent call last):
  File "/opt/mycroft-core/mycroft/skills/mycroft_skill/event_container.py", line 73, in wrapper
    handler(message)
  File "/opt/mycroft/skills/mycroft-pairing.mycroftai/__init__.py", line 108, in not_paired
    self.handle_pairing()
TypeError: handle_pairing() missing 1 required positional argument: '_'
2021-12-07 22:47:48.246 | ERROR    |  5111 | WeatherSkill | Weather API failure
Traceback (most recent call last):
  File "/opt/mycroft/skills/mycroft-weather.mycroftai/__init__.py", line 1129, in _get_weather
    self.config_core.get("system_unit"), latitude, longitude
  File "/opt/mycroft/skills/mycroft-weather.mycroftai/skill/api.py", line 105, in get_weather_for_coordinates
    response = self.request(api_request)
  File "/opt/mycroft-core/mycroft/api/__init__.py", line 64, in request
    return self.send(params)
  File "/opt/mycroft-core/mycroft/api/__init__.py", line 147, in send
    return self.get_response(response, no_refresh)
  File "/opt/mycroft-core/mycroft/api/__init__.py", line 170, in get_response
    raise HTTPError(data, response=response)
requests.exceptions.HTTPError: {'error': 'device not authorized'}
2021-12-07 22:47:48.249 | ERROR    |  5111 | mycroft.skills.mycroft_skill.mycroft_skill:on_error:923 | An error occurred while processing a request in Pairing Skill
Traceback (most recent call last):
  File "/opt/mycroft-core/mycroft/skills/mycroft_skill/event_container.py", line 73, in wrapper
    handler(message)
  File "/opt/mycroft/skills/mycroft-pairing.mycroftai/__init__.py", line 108, in not_paired
    self.handle_pairing()
TypeError: handle_pairing() missing 1 required positional argument: '_'
2021-12-07 22:47:58.325 | INFO     |  5111 | QuestionsAnswersSkill | Searching for add bread to the shopping list
2021-12-07 22:47:58.329 | INFO     |  5111 | WolframAlphaSkill | WolframAlpha query: add bread to the shopping list
2021-12-07 22:47:58.330 | INFO     |  5111 | WolframAlphaSkill | Non-question, ignoring: add bread to the shopping list
2021-12-07 22:47:59.420 | INFO     |  5111 | QuestionsAnswersSkill | Timeout occured check responses
2021-12-07 22:48:08.625 | INFO     |  5111 | QuestionsAnswersSkill | Searching for add bread to the shopping list
2021-12-07 22:48:08.631 | INFO     |  5111 | WolframAlphaSkill | WolframAlpha query: add bread to the shopping list
2021-12-07 22:48:08.632 | INFO     |  5111 | WolframAlphaSkill | Non-question, ignoring: add bread to the shopping list
2021-12-07 22:48:09.432 | INFO     |  5111 | QuestionsAnswersSkill | Timeout occured check responses
2021-12-07 22:48:13.715 | WARNING  |  5111 | ConfigurationSkill | Impossible to update configuration because device isn't paired
2021-12-07 22:48:18.924 | INFO     |  5111 | __main__:on_stopping:193 | Skills service is shutting down...
2021-12-07 22:48:18.924 | INFO     |  5111 | __main__:shutdown:284 | Shutting down Skills service
2021-12-07 22:48:18.941 | ERROR    |  5111 | VolumeSkill | Couldn't allocate mixer, ALSAAudioError('No such file or directory [default]')
2021-12-07 22:48:18.942 | INFO     |  5111 | mycroft.skills.settings:save_settings:116 | Skill settings successfully saved to /home/runner/.config/mycroft/skills/mycroft-volume.mycroftai/settings.json
2021-12-07 22:48:18.943 | INFO     |  5111 | mycroft.skills.settings:save_settings:116 | Skill settings successfully saved to /home/runner/.config/mycroft/skills/mycroft-playback-control.mycroftai/settings.json
2021-12-07 22:48:19.952 | INFO     |  5111 | Playback Control Skill | Audio service status: {}
2021-12-07 22:48:20.953 | WARNING  |  5111 | mycroft.skills.skill_manager:_shutdown_skill:106 | mycroft-playback-control.mycroftai shutdown took 2.009932056000025 seconds
2021-12-07 22:48:20.955 | INFO     |  5111 | mycroft.skills.settings:save_settings:116 | Skill settings successfully saved to /home/runner/.config/mycroft/skills/mycroft-speak.mycroftai/settings.json
2021-12-07 22:48:20.956 | INFO     |  5111 | mycroft.skills.settings:save_settings:116 | Skill settings successfully saved to /home/runner/.config/mycroft/skills/mycroft-spelling.mycroftai/settings.json
2021-12-07 22:48:20.956 | INFO     |  5111 | mycroft.skills.settings:save_settings:116 | Skill settings successfully saved to /home/runner/.config/mycroft/skills/mycroft-date-time.mycroftai/settings.json
2021-12-07 22:48:20.958 | INFO     |  5111 | mycroft.skills.settings:save_settings:116 | Skill settings successfully saved to /home/runner/.config/mycroft/skills/mycroft-singing.mycroftai/settings.json
2021-12-07 22:48:20.958 | INFO     |  5111 | mycroft.skills.settings:save_settings:116 | Skill settings successfully saved to /home/runner/.config/mycroft/skills/mycroft-wiki.mycroftai/settings.json
2021-12-07 22:48:20.961 | INFO     |  5111 | mycroft.skills.settings:save_settings:116 | Skill settings successfully saved to /home/runner/.config/mycroft/skills/mycroft-reminder.mycroftai/settings.json
2021-12-07 22:48:21.002 | INFO     |  5111 | mycroft.skills.settings:save_settings:116 | Skill settings successfully saved to /home/runner/.config/mycroft/skills/mycroft-ip.mycroftai/settings.json
2021-12-07 22:48:21.002 | INFO     |  5111 | QuestionsAnswersSkill | Removing all handlers...
2021-12-07 22:48:21.003 | INFO     |  5111 | mycroft.skills.settings:save_settings:116 | Skill settings successfully saved to /home/runner/.config/mycroft/skills/mycroft-joke.mycroftai/settings.json
2021-12-07 22:48:21.004 | INFO     |  5111 | mycroft.skills.settings:save_settings:116 | Skill settings successfully saved to /home/runner/.config/mycroft/skills/mycroft-installer.mycroftai/settings.json
2021-12-07 22:48:21.006 | INFO     |  5111 | mycroft.skills.settings:save_settings:116 | Skill settings successfully saved to /home/runner/.config/mycroft/skills/mycroft-audio-record.mycroftai/settings.json
2021-12-07 22:48:21.007 | INFO     |  5111 | mycroft.skills.settings:save_settings:116 | Skill settings successfully saved to /home/runner/.config/mycroft/skills/mycroft-hello-world.mycroftai/settings.json
2021-12-07 22:48:21.021 | INFO     |  5111 | mycroft.skills.settings:save_settings:116 | Skill settings successfully saved to /home/runner/.config/mycroft/skills/mycroft-naptime.mycroftai/settings.json
2021-12-07 22:48:21.031 | INFO     |  5111 | mycroft.skills.settings:save_settings:116 | Skill settings successfully saved to /home/runner/.config/mycroft/skills/mycroft-version-checker.mycroftai/settings.json
2021-12-07 22:48:21.041 | INFO     |  5111 | UnknownSkill | Removing all handlers...
2021-12-07 22:48:21.042 | INFO     |  5111 | mycroft.skills.settings:save_settings:116 | Skill settings successfully saved to /home/runner/.config/mycroft/skills/fallback-unknown.mycroftai/settings.json
2021-12-07 22:48:21.043 | INFO     |  5111 | mycroft.skills.settings:save_settings:116 | Skill settings successfully saved to /home/runner/.config/mycroft/skills/mycroft-personal.mycroftai/settings.json
2021-12-07 22:48:21.058 | INFO     |  5111 | mycroft.skills.settings:save_settings:116 | Skill settings successfully saved to /home/runner/.config/mycroft/skills/mycroft-stop.mycroftai/settings.json
2021-12-07 22:48:21.060 | INFO     |  5111 | mycroft.skills.settings:save_settings:116 | Skill settings successfully saved to /home/runner/.config/mycroft/skills/mycroft-alarm.mycroftai/settings.json
2021-12-07 22:48:21.061 | INFO     |  5111 | mycroft.skills.settings:save_settings:116 | Skill settings successfully saved to /home/runner/.config/mycroft/skills/mycroft-support-helper.mycroftai/settings.json
2021-12-07 22:48:21.072 | INFO     |  5111 | mycroft.skills.settings:save_settings:116 | Skill settings successfully saved to /home/runner/.config/mycroft/skills/mycroft-npr-news.mycroftai/settings.json
2021-12-07 22:48:21.072 | INFO     |  5111 | __main__:shutdown:291 | Skills service shutdown complete!
2021-12-07 22:48:21.073 | ERROR    |  5111 | websocket | error from callback <bound method MessageBusClient.on_message of <mycroft.messagebus.client.client.MessageBusClient object at 0x7f93a1102350>>: cannot schedule new futures after shutdown
2021-12-07 22:48:21.073 | ERROR    |  5111 | mycroft_bus_client.client.client | === RuntimeError('cannot schedule new futures after shutdown') ===
Traceback (most recent call last):
  File "/opt/mycroft-core/.venv/lib/python3.7/site-packages/mycroft_bus_client/client/client.py", line 154, in on_error
    self.emitter.emit('error', error)
  File "/opt/mycroft-core/.venv/lib/python3.7/site-packages/pyee/_base.py", line 116, in emit
    self._emit_handle_potential_error(event, args[0] if args else None)
  File "/opt/mycroft-core/.venv/lib/python3.7/site-packages/pyee/_base.py", line 86, in _emit_handle_potential_error
    raise error
  File "/opt/mycroft-core/.venv/lib/python3.7/site-packages/websocket/_app.py", line 318, in run_forever
    proxy_type=proxy_type)
  File "/opt/mycroft-core/.venv/lib/python3.7/site-packages/websocket/_core.py", line 250, in connect
    options.pop('socket', None))
  File "/opt/mycroft-core/.venv/lib/python3.7/site-packages/websocket/_http.py", line 130, in connect
    sock = _open_socket(addrinfo_list, options.sockopt, options.timeout)
  File "/opt/mycroft-core/.venv/lib/python3.7/site-packages/websocket/_http.py", line 208, in _open_socket
    raise err
  File "/opt/mycroft-core/.venv/lib/python3.7/site-packages/websocket/_http.py", line 185, in _open_socket
    sock.connect(address)
ConnectionRefusedError: [Errno 111] Connection refused

During handling of the above exception, another exception occurred:

Traceback (most recent call last):
  File "/opt/mycroft-core/.venv/lib/python3.7/site-packages/websocket/_app.py", line 407, in _callback
    callback(self, *args)
  File "/opt/mycroft-core/.venv/lib/python3.7/site-packages/mycroft_bus_client/client/client.py", line 182, in on_message
    self.emitter.emit('message', message)
  File "/opt/mycroft-core/.venv/lib/python3.7/site-packages/pyee/_base.py", line 113, in emit
    handled = self._call_handlers(event, args, kwargs)
  File "/opt/mycroft-core/.venv/lib/python3.7/site-packages/pyee/_base.py", line 96, in _call_handlers
    self._emit_run(f, args, kwargs)
  File "/opt/mycroft-core/.venv/lib/python3.7/site-packages/pyee/_executor.py", line 50, in _emit_run
    future = self._executor.submit(f, *args, **kwargs)
  File "/opt/hostedtoolcache/Python/3.7.12/x64/lib/python3.7/concurrent/futures/thread.py", line 163, in submit
    raise RuntimeError('cannot schedule new futures after shutdown')
RuntimeError: cannot schedule new futures after shutdown
2021-12-07 22:48:21.074 | ERROR    |  5111 | mycroft_bus_client.client.client | Exception closing websocket: RuntimeError('cannot schedule new futures after shutdown')
2021-12-07 22:48:21.074 | WARNING  |  5111 | mycroft_bus_client.client.client | Message Bus Client will reconnect in 5.0 seconds.
