2021-10-23 10:00:40.132 | INFO     |  5665 | mycroft.messagebus.load_config:load_message_bus_config:33 | Loading message bus configs
2021-10-23 10:00:40.140 | INFO     |  5665 | mycroft_bus_client.client.client | Connected
2021-10-23 10:00:40.142 | INFO     |  5665 | mycroft.util.process_utils:start_message_bus_client:155 | Connected to messagebus
2021-10-23 10:00:40.145 | INFO     |  5665 | mycroft.skills.msm_wrapper:create_msm:96 | Acquiring lock to instantiate MSM
2021-10-23 10:00:43.204 | INFO     |  5665 | msm.mycroft_skills_manager | building SkillEntry objects for all skills
2021-10-23 10:00:43.708 | INFO     |  5665 | mycroft.skills.msm_wrapper:create_msm:112 | Releasing MSM instantiation lock.
2021-10-23 10:00:43.708 | INFO     |  5665 | mycroft.skills.skill_updater:_log_next_download_time:267 | Next scheduled skill update: 2021-10-23 10:00:42.708523
2021-10-23 10:00:43.709 | INFO     |  5665 | msm.skill_entry | Downloading skill: https://github.com/mycroftai/skill-pairing
2021-10-23 10:00:45.530 | INFO     |  5665 | msm.skill_entry | Installing system requirements...
2021-10-23 10:00:45.550 | INFO     |  5665 | msm.skill_entry | Successfully installed mycroft-pairing
2021-10-23 10:00:45.550 | INFO     |  5665 | msm.mycroft_skills_manager | invalidating skills cache
2021-10-23 10:00:45.551 | INFO     |  5665 | mycroft.skills.skill_loader:load:185 | ATTEMPTING TO LOAD SKILL: mycroft-pairing.mycroftai
2021-10-23 10:00:45.558 | INFO     |  5665 | mycroft.skills.settings:get_local_settings:83 | /opt/mycroft/skills/mycroft-pairing.mycroftai/settings.json
2021-10-23 10:00:45.585 | INFO     |  5665 | mycroft.skills.skill_loader:_check_for_first_run:324 | First run of mycroft-pairing.mycroftai
2021-10-23 10:00:45.590 | INFO     |  5665 | mycroft.skills.settings:save_settings:116 | Skill settings successfully saved to /home/runner/.config/mycroft/skills/mycroft-pairing.mycroftai/settings.json
2021-10-23 10:00:45.593 | INFO     |  5665 | mycroft.skills.skill_loader:_communicate_load_status:344 | Skill mycroft-pairing.mycroftai loaded successfully
2021-10-23 10:00:45.593 | INFO     |  5665 | msm.skill_entry | Downloading skill: https://github.com/mycroftai/skill-volume
2021-10-23 10:00:46.207 | INFO     |  5665 | msm.skill_entry | Installing system requirements...
2021-10-23 10:00:46.217 | INFO     |  5665 | msm.skill_entry | Installing requirements.txt for mycroft-volume
2021-10-23 10:00:46.995 | INFO     |  5665 | msm.skill_entry | Successfully installed mycroft-volume
2021-10-23 10:00:46.995 | INFO     |  5665 | msm.mycroft_skills_manager | invalidating skills cache
2021-10-23 10:00:46.997 | INFO     |  5665 | mycroft.skills.skill_loader:load:185 | ATTEMPTING TO LOAD SKILL: mycroft-volume.mycroftai
2021-10-23 10:00:47.005 | INFO     |  5665 | mycroft.skills.settings:get_local_settings:83 | /opt/mycroft/skills/mycroft-volume.mycroftai/settings.json
2021-10-23 10:00:47.105 | ERROR    |  5665 | VolumeSkill | Couldn't allocate mixer, ALSAAudioError('No such file or directory [default]')
2021-10-23 10:00:50.106 | INFO     |  5665 | mycroft.skills.skill_loader:_check_for_first_run:324 | First run of mycroft-volume.mycroftai
2021-10-23 10:00:50.107 | INFO     |  5665 | mycroft.skills.settings:save_settings:116 | Skill settings successfully saved to /home/runner/.config/mycroft/skills/mycroft-volume.mycroftai/settings.json
2021-10-23 10:00:50.151 | INFO     |  5665 | mycroft.skills.skill_loader:_communicate_load_status:344 | Skill mycroft-volume.mycroftai loaded successfully
2021-10-23 10:00:50.151 | INFO     |  5665 | __main__:on_started:177 | Skills service is starting up.
2021-10-23 10:00:50.238 | INFO     |  5665 | __main__:_update_system:154 | Attempting system update...
2021-10-23 10:00:53.240 | INFO     |  5665 | mycroft.enclosure.display_manager:_write_data:70 | Display Manager is creating /tmp/mycroft/ipc/managers/disp_info
2021-10-23 10:00:53.241 | INFO     |  5665 | __main__:_ensure_device_is_paired:133 | Device not paired, invoking the pairing skill
2021-10-23 10:00:53.242 | INFO     |  5665 | __main__:on_alive:181 | Skills service is alive.
2021-10-23 10:00:53.244 | INFO     |  5665 | msm.mycroft_skills_manager | building SkillEntry objects for all skills
2021-10-23 10:00:53.670 | WARNING  |  5665 | msm.mycroft_skills_manager | No such default skill: mycroft-pandora
2021-10-23 10:00:53.671 | INFO     |  5665 | mycroft.skills.skill_manager:run:234 | Not all default skills are installed, performing skill update...
2021-10-23 10:00:53.671 | INFO     |  5665 | mycroft.skills.skill_updater:update_skills:149 | Beginning skill update...
2021-10-23 10:00:53.751 | INFO     |  5665 | msm.mycroft_skills_manager | building SkillEntry objects for all skills
2021-10-23 10:00:53.841 | INFO     |  5665 | PairingSkill | Communicating account URL to user
2021-10-23 10:00:54.856 | INFO     |  5665 | msm.mycroft_skills_manager | invalidating skills cache
2021-10-23 10:00:55.156 | INFO     |  5665 | msm.skill_entry | Downloading skill: https://github.com/mycroftai/fallback-unknown
2021-10-23 10:00:55.166 | INFO     |  5665 | msm.skill_entry | Downloading skill: https://github.com/mycroftai/skill-alarm
2021-10-23 10:00:55.171 | INFO     |  5665 | msm.skill_entry | Downloading skill: https://github.com/mycroftai/skill-audio-record
2021-10-23 10:00:55.174 | INFO     |  5665 | msm.skill_entry | Downloading skill: https://github.com/mycroftai/skill-configuration
2021-10-23 10:00:55.182 | INFO     |  5665 | msm.skill_entry | Downloading skill: https://github.com/mycroftai/skill-date-time
2021-10-23 10:00:55.184 | INFO     |  5665 | msm.skill_entry | Downloading skill: https://github.com/mycroftai/fallback-wolfram-alpha
2021-10-23 10:00:55.192 | INFO     |  5665 | msm.skill_entry | Downloading skill: https://github.com/mycroftai/fallback-duckduckgo
2021-10-23 10:00:55.193 | INFO     |  5665 | msm.skill_entry | Downloading skill: https://github.com/mycroftai/skill-installer
2021-10-23 10:00:55.194 | INFO     |  5665 | msm.skill_entry | Downloading skill: https://github.com/mycroftai/skill-ip
2021-10-23 10:00:55.194 | INFO     |  5665 | msm.skill_entry | Downloading skill: https://github.com/mycroftai/skill-hello-world
2021-10-23 10:00:55.204 | INFO     |  5665 | msm.skill_entry | Downloading skill: https://github.com/mycroftai/skill-joke
2021-10-23 10:00:55.227 | INFO     |  5665 | msm.skill_entry | Downloading skill: https://github.com/mycroftai/skill-npr-news
2021-10-23 10:00:55.228 | INFO     |  5665 | msm.skill_entry | Downloading skill: https://github.com/mycroftai/skill-personal
2021-10-23 10:00:55.233 | INFO     |  5665 | msm.skill_entry | Downloading skill: https://github.com/mycroftai/skill-playback-control
2021-10-23 10:00:55.234 | INFO     |  5665 | msm.skill_entry | Downloading skill: https://github.com/mycroftai/skill-reminder
2021-10-23 10:00:55.236 | INFO     |  5665 | msm.skill_entry | Downloading skill: https://github.com/mycroftai/skill-singing
2021-10-23 10:00:55.269 | INFO     |  5665 | msm.skill_entry | Downloading skill: https://github.com/mycroftai/skill-naptime
2021-10-23 10:00:56.271 | INFO     |  5665 | msm.skill_entry | Installing system requirements...
2021-10-23 10:00:56.287 | ERROR    |  5665 | msm.mycroft_skills_manager | Error running install_or_update on homeassistant.mycroftai: MergeConflict
2021-10-23 10:00:56.301 | INFO     |  5665 | msm.skill_entry | Downloading skill: https://github.com/mycroftai/skill-speak
2021-10-23 10:00:56.447 | INFO     |  5665 | msm.skill_entry | Installing requirements.txt for mycroft-joke
2021-10-23 10:00:56.548 | INFO     |  5665 | msm.skill_entry | Installing system requirements...
2021-10-23 10:00:56.646 | INFO     |  5665 | msm.skill_entry | Installing system requirements...
2021-10-23 10:00:56.715 | INFO     |  5665 | msm.skill_entry | Installing system requirements...
2021-10-23 10:00:56.735 | INFO     |  5665 | msm.skill_entry | Installing system requirements...
2021-10-23 10:00:56.800 | INFO     |  5665 | msm.skill_entry | Installing requirements.txt for mycroft-date-time
2021-10-23 10:00:56.829 | INFO     |  5665 | msm.skill_entry | Installing system requirements...
2021-10-23 10:00:56.863 | INFO     |  5665 | msm.skill_entry | Successfully installed fallback-unknown
2021-10-23 10:00:56.863 | INFO     |  5665 | msm.mycroft_skills_manager | invalidating skills cache
2021-10-23 10:00:56.864 | INFO     |  5665 | msm.skill_entry | Downloading skill: https://github.com/mycroftai/skill-spelling
2021-10-23 10:00:56.887 | INFO     |  5665 | msm.skill_entry | Installing system requirements...
2021-10-23 10:00:56.898 | INFO     |  5665 | msm.skill_entry | Installing system requirements...
2021-10-23 10:00:56.905 | INFO     |  5665 | msm.skill_entry | Installing system requirements...
2021-10-23 10:00:56.929 | INFO     |  5665 | msm.skill_entry | Successfully installed mycroft-personal
2021-10-23 10:00:56.930 | INFO     |  5665 | msm.mycroft_skills_manager | invalidating skills cache
2021-10-23 10:00:56.938 | INFO     |  5665 | msm.skill_entry | Downloading skill: https://github.com/mycroftai/skill-stop
2021-10-23 10:00:57.007 | INFO     |  5665 | msm.skill_entry | Installing system requirements...
2021-10-23 10:00:57.013 | INFO     |  5665 | msm.skill_entry | Installing requirements.txt for mycroft-fallback-duck-duck-go
2021-10-23 10:00:57.014 | INFO     |  5665 | msm.skill_entry | Successfully installed mycroft-hello-world
2021-10-23 10:00:57.015 | INFO     |  5665 | msm.mycroft_skills_manager | invalidating skills cache
2021-10-23 10:00:57.016 | INFO     |  5665 | msm.skill_entry | Downloading skill: https://github.com/mycroftai/skill-support
2021-10-23 10:00:57.025 | INFO     |  5665 | msm.skill_entry | Installing system requirements...
2021-10-23 10:00:57.056 | INFO     |  5665 | msm.skill_entry | Successfully installed mycroft-naptime
2021-10-23 10:00:57.057 | INFO     |  5665 | msm.mycroft_skills_manager | invalidating skills cache
2021-10-23 10:00:57.058 | INFO     |  5665 | msm.skill_entry | Downloading skill: https://github.com/mycroftai/mycroft-timer
2021-10-23 10:00:57.073 | INFO     |  5665 | msm.skill_entry | Installing requirements.txt for mycroft-audio-record
2021-10-23 10:00:57.085 | INFO     |  5665 | msm.skill_entry | Installing requirements.txt for fallback-wolfram-alpha
2021-10-23 10:00:57.150 | INFO     |  5665 | msm.skill_entry | Installing requirements.txt for mycroft-ip
2021-10-23 10:00:57.151 | INFO     |  5665 | msm.skill_entry | Installing system requirements...
2021-10-23 10:00:57.155 | INFO     |  5665 | msm.skill_entry | Successfully installed mycroft-playback-control
2021-10-23 10:00:57.156 | INFO     |  5665 | msm.mycroft_skills_manager | invalidating skills cache
2021-10-23 10:00:57.158 | INFO     |  5665 | msm.skill_entry | Downloading skill: https://github.com/mycroftai/skill-weather
2021-10-23 10:00:57.238 | INFO     |  5665 | msm.skill_entry | Installing system requirements...
2021-10-23 10:00:57.259 | INFO     |  5665 | msm.skill_entry | Installing system requirements...
2021-10-23 10:00:57.319 | INFO     |  5665 | msm.skill_entry | Successfully installed mycroft-reminder
2021-10-23 10:00:57.320 | INFO     |  5665 | msm.mycroft_skills_manager | invalidating skills cache
2021-10-23 10:00:57.322 | INFO     |  5665 | msm.skill_entry | Downloading skill: https://github.com/mycroftai/skill-version-checker
2021-10-23 10:00:57.329 | INFO     |  5665 | msm.skill_entry | Installing requirements.txt for mycroft-npr-news
2021-10-23 10:00:57.390 | INFO     |  5665 | msm.skill_entry | Nothing new for mycroft-pairing
2021-10-23 10:00:57.414 | INFO     |  5665 | msm.skill_entry | Installing requirements.txt for mycroft-installer
2021-10-23 10:00:57.424 | INFO     |  5665 | msm.skill_entry | Installing system requirements...
2021-10-23 10:00:57.494 | INFO     |  5665 | msm.skill_entry | Nothing new for mycroft-volume
2021-10-23 10:00:57.506 | INFO     |  5665 | msm.skill_entry | Installing system requirements...
2021-10-23 10:00:57.516 | INFO     |  5665 | msm.skill_entry | Installing system requirements...
2021-10-23 10:00:57.551 | INFO     |  5665 | msm.skill_entry | Installing requirements.txt for mycroft-volume
2021-10-23 10:00:57.566 | INFO     |  5665 | msm.skill_entry | Installing requirements.txt for mycroft-configuration
2021-10-23 10:00:57.569 | INFO     |  5665 | msm.skill_entry | Downloading skill: https://github.com/mycroftai/skill-wiki
2021-10-23 10:00:57.794 | INFO     |  5665 | msm.skill_entry | Installing system requirements...
2021-10-23 10:00:57.813 | INFO     |  5665 | msm.skill_entry | Installing system requirements...
2021-10-23 10:00:57.839 | INFO     |  5665 | msm.skill_entry | Successfully installed mycroft-speak
2021-10-23 10:00:57.840 | INFO     |  5665 | msm.mycroft_skills_manager | invalidating skills cache
2021-10-23 10:00:57.842 | INFO     |  5665 | msm.skill_entry | Downloading skill: https://github.com/MycroftAI/skill-query
2021-10-23 10:00:57.879 | INFO     |  5665 | msm.skill_entry | Installing requirements.txt for mycroft-alarm
2021-10-23 10:00:58.063 | INFO     |  5665 | msm.skill_entry | Installing system requirements...
2021-10-23 10:00:58.171 | INFO     |  5665 | msm.skill_entry | Installing system requirements...
2021-10-23 10:00:58.185 | INFO     |  5665 | msm.skill_entry | Successfully installed mycroft-spelling
2021-10-23 10:00:58.186 | INFO     |  5665 | msm.mycroft_skills_manager | invalidating skills cache
2021-10-23 10:00:58.242 | INFO     |  5665 | msm.skill_entry | Installing system requirements...
2021-10-23 10:00:58.254 | INFO     |  5665 | msm.skill_entry | Successfully installed mycroft-stop
2021-10-23 10:00:58.255 | INFO     |  5665 | msm.mycroft_skills_manager | invalidating skills cache
2021-10-23 10:00:58.380 | INFO     |  5665 | msm.skill_entry | Installing requirements.txt for mycroft-support-helper
2021-10-23 10:00:58.481 | ERROR    |  5665 | msm.mycroft_skills_manager | Error running install_or_update on homeassistant: MergeConflict
2021-10-23 10:00:58.980 | INFO     |  5665 | msm.skill_entry | Installing system requirements...
2021-10-23 10:00:58.998 | INFO     |  5665 | msm.skill_entry | Installing requirements.txt for mycroft-wiki
2021-10-23 10:00:59.149 | INFO     |  5665 | msm.skill_entry | Installing system requirements...
2021-10-23 10:00:59.164 | INFO     |  5665 | msm.skill_entry | Successfully installed mycroft-timer
2021-10-23 10:00:59.165 | INFO     |  5665 | msm.mycroft_skills_manager | invalidating skills cache
2021-10-23 10:00:59.177 | INFO     |  5665 | msm.skill_entry | Installing system requirements...
2021-10-23 10:00:59.210 | INFO     |  5665 | msm.skill_entry | Installing requirements.txt for mycroft-weather
2021-10-23 10:00:59.236 | INFO     |  5665 | msm.skill_entry | Installing system requirements...
2021-10-23 10:00:59.279 | INFO     |  5665 | msm.skill_entry | Successfully installed mycroft-version-checker
2021-10-23 10:00:59.279 | INFO     |  5665 | msm.mycroft_skills_manager | invalidating skills cache
2021-10-23 10:00:59.308 | INFO     |  5665 | msm.skill_entry | Installing system requirements...
2021-10-23 10:00:59.309 | INFO     |  5665 | msm.skill_entry | Installing system requirements...
2021-10-23 10:00:59.343 | INFO     |  5665 | msm.skill_entry | Successfully installed fallback-query
2021-10-23 10:00:59.343 | INFO     |  5665 | msm.mycroft_skills_manager | invalidating skills cache
2021-10-23 10:00:59.345 | INFO     |  5665 | msm.skill_entry | Successfully installed mycroft-singing
2021-10-23 10:00:59.345 | INFO     |  5665 | msm.mycroft_skills_manager | invalidating skills cache
2021-10-23 10:00:59.517 | INFO     |  5665 | msm.skill_entry | Successfully installed mycroft-joke
2021-10-23 10:00:59.517 | INFO     |  5665 | msm.mycroft_skills_manager | invalidating skills cache
2021-10-23 10:01:15.515 | INFO     |  5665 | msm.skill_entry | Successfully installed mycroft-date-time
2021-10-23 10:01:15.516 | INFO     |  5665 | msm.mycroft_skills_manager | invalidating skills cache
2021-10-23 10:01:16.470 | INFO     |  5665 | msm.skill_entry | Successfully installed mycroft-fallback-duck-duck-go
2021-10-23 10:01:16.470 | INFO     |  5665 | msm.mycroft_skills_manager | invalidating skills cache
2021-10-23 10:01:17.326 | INFO     |  5665 | msm.skill_entry | Successfully installed mycroft-audio-record
2021-10-23 10:01:17.326 | INFO     |  5665 | msm.mycroft_skills_manager | invalidating skills cache
2021-10-23 10:01:21.052 | INFO     |  5665 | msm.skill_entry | Successfully installed fallback-wolfram-alpha
2021-10-23 10:01:21.053 | INFO     |  5665 | msm.mycroft_skills_manager | invalidating skills cache
2021-10-23 10:01:21.905 | INFO     |  5665 | msm.skill_entry | Successfully installed mycroft-ip
2021-10-23 10:01:21.905 | INFO     |  5665 | msm.mycroft_skills_manager | invalidating skills cache
2021-10-23 10:01:24.177 | INFO     |  5665 | PairingSkill | Initiating device pairing sequence...
2021-10-23 10:01:24.177 | INFO     |  5665 | PairingSkill | Retrieving pairing code from device API...
2021-10-23 10:01:24.833 | INFO     |  5665 | PairingSkill | Pairing code obtained: JUC9MP
2021-10-23 10:01:24.833 | INFO     |  5665 | PairingSkill | Communicating pairing URL to user
2021-10-23 10:01:24.926 | INFO     |  5665 | msm.skill_entry | Successfully installed mycroft-npr-news
2021-10-23 10:01:24.927 | INFO     |  5665 | msm.mycroft_skills_manager | invalidating skills cache
2021-10-23 10:01:25.811 | INFO     |  5665 | msm.skill_entry | Successfully installed mycroft-installer
2021-10-23 10:01:25.812 | INFO     |  5665 | msm.mycroft_skills_manager | invalidating skills cache
2021-10-23 10:01:29.175 | INFO     |  5665 | msm.skill_entry | Successfully installed mycroft-configuration
2021-10-23 10:01:29.176 | INFO     |  5665 | msm.mycroft_skills_manager | invalidating skills cache
2021-10-23 10:01:30.037 | INFO     |  5665 | msm.skill_entry | Successfully installed mycroft-alarm
2021-10-23 10:01:30.038 | INFO     |  5665 | msm.mycroft_skills_manager | invalidating skills cache
2021-10-23 10:01:32.053 | INFO     |  5665 | msm.skill_entry | Successfully installed mycroft-support-helper
2021-10-23 10:01:32.054 | INFO     |  5665 | msm.mycroft_skills_manager | invalidating skills cache
2021-10-23 10:01:33.759 | INFO     |  5665 | msm.skill_entry | Successfully installed mycroft-wiki
2021-10-23 10:01:33.760 | INFO     |  5665 | msm.mycroft_skills_manager | invalidating skills cache
2021-10-23 10:01:34.715 | INFO     |  5665 | msm.skill_entry | Successfully installed mycroft-weather
2021-10-23 10:01:34.715 | INFO     |  5665 | msm.mycroft_skills_manager | invalidating skills cache
2021-10-23 10:01:34.817 | INFO     |  5665 | mycroft.skills.skill_updater:_log_next_download_time:267 | Next scheduled skill update: 2021-10-23 11:01:34.817320
2021-10-23 10:01:34.818 | INFO     |  5665 | mycroft.skills.skill_updater:update_skills:170 | Skill update complete
2021-10-23 10:01:34.818 | INFO     |  5665 | mycroft.skills.skill_manager:_load_on_startup:273 | Loading installed skills...
2021-10-23 10:01:34.819 | INFO     |  5665 | mycroft.skills.skill_loader:load:185 | ATTEMPTING TO LOAD SKILL: mycroft-ip.mycroftai
2021-10-23 10:01:34.874 | INFO     |  5665 | mycroft.skills.settings:get_local_settings:83 | /opt/mycroft/skills/mycroft-ip.mycroftai/settings.json
2021-10-23 10:01:34.893 | INFO     |  5665 | mycroft.skills.skill_loader:_check_for_first_run:324 | First run of mycroft-ip.mycroftai
2021-10-23 10:01:34.894 | INFO     |  5665 | mycroft.skills.settings:save_settings:116 | Skill settings successfully saved to /home/runner/.config/mycroft/skills/mycroft-ip.mycroftai/settings.json
2021-10-23 10:01:34.895 | INFO     |  5665 | mycroft.skills.skill_loader:_communicate_load_status:344 | Skill mycroft-ip.mycroftai loaded successfully
2021-10-23 10:01:34.895 | INFO     |  5665 | mycroft.skills.skill_loader:load:185 | ATTEMPTING TO LOAD SKILL: mycroft-reminder.mycroftai
2021-10-23 10:01:34.952 | INFO     |  5665 | mycroft.skills.settings:get_local_settings:83 | /opt/mycroft/skills/mycroft-reminder.mycroftai/settings.json
2021-10-23 10:01:34.992 | INFO     |  5665 | mycroft.skills.skill_loader:_check_for_first_run:324 | First run of mycroft-reminder.mycroftai
2021-10-23 10:01:34.993 | INFO     |  5665 | mycroft.skills.settings:save_settings:116 | Skill settings successfully saved to /home/runner/.config/mycroft/skills/mycroft-reminder.mycroftai/settings.json
2021-10-23 10:01:34.994 | INFO     |  5665 | mycroft.skills.skill_loader:_communicate_load_status:344 | Skill mycroft-reminder.mycroftai loaded successfully
2021-10-23 10:01:34.995 | INFO     |  5665 | mycroft.skills.skill_loader:load:185 | ATTEMPTING TO LOAD SKILL: mycroft-installer.mycroftai
2021-10-23 10:01:35.004 | INFO     |  5665 | mycroft.skills.settings:get_local_settings:83 | /opt/mycroft/skills/mycroft-installer.mycroftai/settings.json
2021-10-23 10:01:35.023 | INFO     |  5665 | mycroft.skills.skill_loader:_check_for_first_run:324 | First run of mycroft-installer.mycroftai
2021-10-23 10:01:35.025 | INFO     |  5665 | mycroft.skills.settings:save_settings:116 | Skill settings successfully saved to /home/runner/.config/mycroft/skills/mycroft-installer.mycroftai/settings.json
2021-10-23 10:01:35.026 | INFO     |  5665 | mycroft.skills.skill_loader:_communicate_load_status:344 | Skill mycroft-installer.mycroftai loaded successfully
2021-10-23 10:01:35.027 | INFO     |  5665 | mycroft.skills.skill_loader:load:185 | ATTEMPTING TO LOAD SKILL: mycroft-version-checker.mycroftai
2021-10-23 10:01:35.033 | INFO     |  5665 | mycroft.skills.settings:get_local_settings:83 | /opt/mycroft/skills/mycroft-version-checker.mycroftai/settings.json
2021-10-23 10:01:35.050 | INFO     |  5665 | mycroft.skills.skill_loader:_check_for_first_run:324 | First run of mycroft-version-checker.mycroftai
2021-10-23 10:01:35.053 | INFO     |  5665 | mycroft.skills.settings:save_settings:116 | Skill settings successfully saved to /home/runner/.config/mycroft/skills/mycroft-version-checker.mycroftai/settings.json
2021-10-23 10:01:35.054 | INFO     |  5665 | mycroft.skills.skill_loader:_communicate_load_status:344 | Skill mycroft-version-checker.mycroftai loaded successfully
2021-10-23 10:01:35.056 | INFO     |  5665 | mycroft.skills.skill_loader:load:185 | ATTEMPTING TO LOAD SKILL: mycroft-singing.mycroftai
2021-10-23 10:01:35.060 | INFO     |  5665 | mycroft.skills.settings:get_local_settings:83 | /opt/mycroft/skills/mycroft-singing.mycroftai/settings.json
2021-10-23 10:01:35.072 | INFO     |  5665 | mycroft.skills.skill_loader:_check_for_first_run:324 | First run of mycroft-singing.mycroftai
2021-10-23 10:01:35.074 | INFO     |  5665 | mycroft.skills.settings:save_settings:116 | Skill settings successfully saved to /home/runner/.config/mycroft/skills/mycroft-singing.mycroftai/settings.json
2021-10-23 10:01:35.075 | INFO     |  5665 | mycroft.skills.skill_loader:_communicate_load_status:344 | Skill mycroft-singing.mycroftai loaded successfully
2021-10-23 10:01:35.076 | INFO     |  5665 | mycroft.skills.skill_loader:load:185 | ATTEMPTING TO LOAD SKILL: mycroft-joke.mycroftai
2021-10-23 10:01:35.082 | INFO     |  5665 | mycroft.skills.settings:get_local_settings:83 | /opt/mycroft/skills/mycroft-joke.mycroftai/settings.json
2021-10-23 10:01:35.096 | INFO     |  5665 | mycroft.skills.skill_loader:_check_for_first_run:324 | First run of mycroft-joke.mycroftai
2021-10-23 10:01:35.096 | INFO     |  5665 | mycroft.skills.settings:save_settings:116 | Skill settings successfully saved to /home/runner/.config/mycroft/skills/mycroft-joke.mycroftai/settings.json
2021-10-23 10:01:35.097 | INFO     |  5665 | mycroft.skills.skill_loader:_communicate_load_status:344 | Skill mycroft-joke.mycroftai loaded successfully
2021-10-23 10:01:35.097 | INFO     |  5665 | mycroft.skills.skill_loader:load:185 | ATTEMPTING TO LOAD SKILL: mycroft-timer.mycroftai
2021-10-23 10:01:35.119 | INFO     |  5665 | mycroft.skills.settings:get_local_settings:83 | /opt/mycroft/skills/mycroft-timer.mycroftai/settings.json
2021-10-23 10:01:35.152 | INFO     |  5665 | mycroft.skills.skill_loader:_check_for_first_run:324 | First run of mycroft-timer.mycroftai
2021-10-23 10:01:35.153 | INFO     |  5665 | mycroft.skills.settings:save_settings:116 | Skill settings successfully saved to /home/runner/.config/mycroft/skills/mycroft-timer.mycroftai/settings.json
2021-10-23 10:01:35.153 | INFO     |  5665 | mycroft.skills.skill_loader:_communicate_load_status:344 | Skill mycroft-timer.mycroftai loaded successfully
2021-10-23 10:01:35.154 | INFO     |  5665 | mycroft.skills.skill_loader:load:185 | ATTEMPTING TO LOAD SKILL: homeassistant.mycroftai
2021-10-23 10:01:35.534 | INFO     |  5665 | mycroft.skills.settings:get_local_settings:83 | /opt/mycroft/skills/homeassistant.mycroftai/settings.json
2021-10-23 10:01:35.535 | INFO     |  5665 | mycroft.skills.settings:get_local_settings:83 | /opt/mycroft/skills/homeassistant.mycroftai/settings.json
2021-10-23 10:01:35.598 | INFO     |  5665 | mycroft.skills.skill_loader:_communicate_load_status:344 | Skill homeassistant.mycroftai loaded successfully
2021-10-23 10:01:35.599 | INFO     |  5665 | mycroft.skills.skill_loader:load:185 | ATTEMPTING TO LOAD SKILL: mycroft-alarm.mycroftai
2021-10-23 10:01:35.628 | INFO     |  5665 | mycroft.skills.settings:get_local_settings:83 | /opt/mycroft/skills/mycroft-alarm.mycroftai/settings.json
2021-10-23 10:01:35.628 | ERROR    |  5665 | AlarmSkill | Couldn't allocate mixer, ALSAAudioError('No such file or directory [default]')
2021-10-23 10:01:35.715 | INFO     |  5665 | mycroft.skills.skill_loader:_check_for_first_run:324 | First run of mycroft-alarm.mycroftai
2021-10-23 10:01:35.716 | INFO     |  5665 | mycroft.skills.settings:save_settings:116 | Skill settings successfully saved to /home/runner/.config/mycroft/skills/mycroft-alarm.mycroftai/settings.json
2021-10-23 10:01:35.721 | INFO     |  5665 | mycroft.skills.skill_loader:_communicate_load_status:344 | Skill mycroft-alarm.mycroftai loaded successfully
2021-10-23 10:01:35.722 | INFO     |  5665 | mycroft.skills.skill_loader:load:185 | ATTEMPTING TO LOAD SKILL: mycroft-naptime.mycroftai
2021-10-23 10:01:35.731 | INFO     |  5665 | mycroft.skills.settings:get_local_settings:83 | /opt/mycroft/skills/mycroft-naptime.mycroftai/settings.json
2021-10-23 10:01:35.744 | INFO     |  5665 | mycroft.skills.skill_loader:_check_for_first_run:324 | First run of mycroft-naptime.mycroftai
2021-10-23 10:01:35.749 | INFO     |  5665 | mycroft.skills.settings:save_settings:116 | Skill settings successfully saved to /home/runner/.config/mycroft/skills/mycroft-naptime.mycroftai/settings.json
2021-10-23 10:01:35.751 | INFO     |  5665 | mycroft.skills.skill_loader:_communicate_load_status:344 | Skill mycroft-naptime.mycroftai loaded successfully
2021-10-23 10:01:35.752 | INFO     |  5665 | mycroft.skills.skill_loader:load:185 | ATTEMPTING TO LOAD SKILL: mycroft-spelling.mycroftai
2021-10-23 10:01:35.760 | INFO     |  5665 | mycroft.skills.settings:get_local_settings:83 | /opt/mycroft/skills/mycroft-spelling.mycroftai/settings.json
2021-10-23 10:01:35.777 | INFO     |  5665 | mycroft.skills.skill_loader:_check_for_first_run:324 | First run of mycroft-spelling.mycroftai
2021-10-23 10:01:35.783 | INFO     |  5665 | mycroft.skills.settings:save_settings:116 | Skill settings successfully saved to /home/runner/.config/mycroft/skills/mycroft-spelling.mycroftai/settings.json
2021-10-23 10:01:35.785 | INFO     |  5665 | mycroft.skills.skill_loader:_communicate_load_status:344 | Skill mycroft-spelling.mycroftai loaded successfully
2021-10-23 10:01:35.787 | INFO     |  5665 | mycroft.skills.skill_loader:load:185 | ATTEMPTING TO LOAD SKILL: mycroft-fallback-duck-duck-go.mycroftai
2021-10-23 10:01:35.804 | INFO     |  5665 | mycroft.skills.settings:get_local_settings:83 | /opt/mycroft/skills/mycroft-fallback-duck-duck-go.mycroftai/settings.json
2021-10-23 10:01:35.833 | INFO     |  5665 | mycroft.skills.skill_loader:_check_for_first_run:324 | First run of mycroft-fallback-duck-duck-go.mycroftai
2021-10-23 10:01:35.833 | INFO     |  5665 | mycroft.skills.settings:save_settings:116 | Skill settings successfully saved to /home/runner/.config/mycroft/skills/mycroft-fallback-duck-duck-go.mycroftai/settings.json
2021-10-23 10:01:35.838 | INFO     |  5665 | mycroft.skills.skill_loader:_communicate_load_status:344 | Skill mycroft-fallback-duck-duck-go.mycroftai loaded successfully
2021-10-23 10:01:35.838 | INFO     |  5665 | mycroft.skills.skill_loader:load:185 | ATTEMPTING TO LOAD SKILL: mycroft-npr-news.mycroftai
2021-10-23 10:01:35.899 | INFO     |  5665 | mycroft.skills.settings:get_local_settings:83 | /opt/mycroft/skills/mycroft-npr-news.mycroftai/settings.json
2021-10-23 10:01:36.918 | INFO     |  5665 | mycroft.skills.skill_loader:_check_for_first_run:324 | First run of mycroft-npr-news.mycroftai
2021-10-23 10:01:36.919 | INFO     |  5665 | mycroft.skills.settings:save_settings:116 | Skill settings successfully saved to /home/runner/.config/mycroft/skills/mycroft-npr-news.mycroftai/settings.json
2021-10-23 10:01:36.929 | INFO     |  5665 | mycroft.skills.skill_loader:_communicate_load_status:344 | Skill mycroft-npr-news.mycroftai loaded successfully
2021-10-23 10:01:36.929 | INFO     |  5665 | mycroft.skills.skill_loader:load:185 | ATTEMPTING TO LOAD SKILL: mycroft-support-helper.mycroftai
2021-10-23 10:01:36.938 | INFO     |  5665 | mycroft.skills.settings:get_local_settings:83 | /opt/mycroft/skills/mycroft-support-helper.mycroftai/settings.json
2021-10-23 10:01:36.944 | INFO     |  5665 | mycroft.skills.skill_loader:_check_for_first_run:324 | First run of mycroft-support-helper.mycroftai
2021-10-23 10:01:36.944 | INFO     |  5665 | mycroft.skills.settings:save_settings:116 | Skill settings successfully saved to /home/runner/.config/mycroft/skills/mycroft-support-helper.mycroftai/settings.json
2021-10-23 10:01:36.989 | INFO     |  5665 | mycroft.skills.skill_loader:_communicate_load_status:344 | Skill mycroft-support-helper.mycroftai loaded successfully
2021-10-23 10:01:36.991 | INFO     |  5665 | mycroft.skills.skill_loader:load:185 | ATTEMPTING TO LOAD SKILL: mycroft-weather.mycroftai
2021-10-23 10:01:37.008 | INFO     |  5665 | mycroft.skills.settings:get_local_settings:83 | /opt/mycroft/skills/mycroft-weather.mycroftai/settings.json
2021-10-23 10:01:37.141 | INFO     |  5665 | mycroft.skills.skill_loader:_check_for_first_run:324 | First run of mycroft-weather.mycroftai
2021-10-23 10:01:37.142 | INFO     |  5665 | mycroft.skills.settings:save_settings:116 | Skill settings successfully saved to /home/runner/.config/mycroft/skills/mycroft-weather.mycroftai/settings.json
2021-10-23 10:01:37.143 | INFO     |  5665 | mycroft.skills.skill_loader:_communicate_load_status:344 | Skill mycroft-weather.mycroftai loaded successfully
2021-10-23 10:01:37.143 | INFO     |  5665 | mycroft.skills.skill_loader:load:185 | ATTEMPTING TO LOAD SKILL: mycroft-speak.mycroftai
2021-10-23 10:01:37.150 | INFO     |  5665 | mycroft.skills.settings:get_local_settings:83 | /opt/mycroft/skills/mycroft-speak.mycroftai/settings.json
2021-10-23 10:01:37.174 | INFO     |  5665 | mycroft.skills.skill_loader:_check_for_first_run:324 | First run of mycroft-speak.mycroftai
2021-10-23 10:01:37.175 | INFO     |  5665 | mycroft.skills.settings:save_settings:116 | Skill settings successfully saved to /home/runner/.config/mycroft/skills/mycroft-speak.mycroftai/settings.json
2021-10-23 10:01:37.175 | INFO     |  5665 | mycroft.skills.skill_loader:_communicate_load_status:344 | Skill mycroft-speak.mycroftai loaded successfully
2021-10-23 10:01:37.175 | INFO     |  5665 | mycroft.skills.skill_loader:load:185 | ATTEMPTING TO LOAD SKILL: mycroft-audio-record.mycroftai
2021-10-23 10:01:37.183 | INFO     |  5665 | mycroft.skills.settings:get_local_settings:83 | /opt/mycroft/skills/mycroft-audio-record.mycroftai/settings.json
2021-10-23 10:01:37.203 | INFO     |  5665 | mycroft.skills.skill_loader:_check_for_first_run:324 | First run of mycroft-audio-record.mycroftai
2021-10-23 10:01:37.204 | INFO     |  5665 | mycroft.skills.settings:save_settings:116 | Skill settings successfully saved to /home/runner/.config/mycroft/skills/mycroft-audio-record.mycroftai/settings.json
2021-10-23 10:01:37.241 | INFO     |  5665 | mycroft.skills.skill_loader:_communicate_load_status:344 | Skill mycroft-audio-record.mycroftai loaded successfully
2021-10-23 10:01:37.241 | INFO     |  5665 | mycroft.skills.skill_loader:load:185 | ATTEMPTING TO LOAD SKILL: mycroft-stop.mycroftai
2021-10-23 10:01:37.245 | INFO     |  5665 | mycroft.skills.settings:get_local_settings:83 | /opt/mycroft/skills/mycroft-stop.mycroftai/settings.json
2021-10-23 10:01:37.262 | INFO     |  5665 | mycroft.skills.skill_loader:_check_for_first_run:324 | First run of mycroft-stop.mycroftai
2021-10-23 10:01:37.262 | INFO     |  5665 | mycroft.skills.settings:save_settings:116 | Skill settings successfully saved to /home/runner/.config/mycroft/skills/mycroft-stop.mycroftai/settings.json
2021-10-23 10:01:37.272 | INFO     |  5665 | mycroft.skills.skill_loader:_communicate_load_status:344 | Skill mycroft-stop.mycroftai loaded successfully
2021-10-23 10:01:37.272 | INFO     |  5665 | mycroft.skills.skill_loader:load:185 | ATTEMPTING TO LOAD SKILL: mycroft-hello-world.mycroftai
2021-10-23 10:01:37.275 | INFO     |  5665 | mycroft.skills.settings:get_local_settings:83 | /opt/mycroft/skills/mycroft-hello-world.mycroftai/settings.json
2021-10-23 10:01:37.298 | INFO     |  5665 | mycroft.skills.skill_loader:_check_for_first_run:324 | First run of mycroft-hello-world.mycroftai
2021-10-23 10:01:37.300 | INFO     |  5665 | mycroft.skills.settings:save_settings:116 | Skill settings successfully saved to /home/runner/.config/mycroft/skills/mycroft-hello-world.mycroftai/settings.json
2021-10-23 10:01:37.477 | INFO     |  5665 | mycroft.skills.skill_loader:_communicate_load_status:344 | Skill mycroft-hello-world.mycroftai loaded successfully
2021-10-23 10:01:37.478 | INFO     |  5665 | mycroft.skills.skill_loader:load:185 | ATTEMPTING TO LOAD SKILL: mycroft-date-time.mycroftai
2021-10-23 10:01:37.840 | INFO     |  5665 | mycroft.skills.settings:get_local_settings:83 | /opt/mycroft/skills/mycroft-date-time.mycroftai/settings.json
2021-10-23 10:01:37.882 | INFO     |  5665 | TimeSkill | Registering resting screen <bound method TimeSkill.handle_idle of <mycroft-date-time_mycroftai.TimeSkill object at 0x7fc030b85390>> for Time and Date.
2021-10-23 10:01:37.883 | INFO     |  5665 | TimeSkill | Registering resting screen
2021-10-23 10:01:37.885 | INFO     |  5665 | mycroft.skills.skill_loader:_check_for_first_run:324 | First run of mycroft-date-time.mycroftai
2021-10-23 10:01:37.886 | INFO     |  5665 | mycroft.skills.settings:save_settings:116 | Skill settings successfully saved to /home/runner/.config/mycroft/skills/mycroft-date-time.mycroftai/settings.json
2021-10-23 10:01:37.886 | INFO     |  5665 | mycroft.skills.skill_loader:_communicate_load_status:344 | Skill mycroft-date-time.mycroftai loaded successfully
2021-10-23 10:01:37.887 | INFO     |  5665 | mycroft.skills.skill_loader:load:185 | ATTEMPTING TO LOAD SKILL: mycroft-configuration.mycroftai
2021-10-23 10:01:37.894 | INFO     |  5665 | mycroft.skills.settings:get_local_settings:83 | /opt/mycroft/skills/mycroft-configuration.mycroftai/settings.json
2021-10-23 10:01:37.920 | INFO     |  5665 | mycroft.skills.skill_loader:_check_for_first_run:324 | First run of mycroft-configuration.mycroftai
2021-10-23 10:01:37.921 | INFO     |  5665 | mycroft.skills.settings:save_settings:116 | Skill settings successfully saved to /home/runner/.config/mycroft/skills/mycroft-configuration.mycroftai/settings.json
2021-10-23 10:01:37.922 | INFO     |  5665 | mycroft.skills.skill_loader:_communicate_load_status:344 | Skill mycroft-configuration.mycroftai loaded successfully
2021-10-23 10:01:37.922 | INFO     |  5665 | mycroft.skills.skill_loader:load:185 | ATTEMPTING TO LOAD SKILL: fallback-query.mycroftai
2021-10-23 10:01:37.926 | INFO     |  5665 | mycroft.skills.settings:get_local_settings:83 | /opt/mycroft/skills/fallback-query.mycroftai/settings.json
2021-10-23 10:01:37.933 | INFO     |  5665 | mycroft.skills.skill_loader:_check_for_first_run:324 | First run of fallback-query.mycroftai
2021-10-23 10:01:37.933 | INFO     |  5665 | mycroft.skills.settings:save_settings:116 | Skill settings successfully saved to /home/runner/.config/mycroft/skills/fallback-query.mycroftai/settings.json
2021-10-23 10:01:37.934 | INFO     |  5665 | mycroft.skills.skill_loader:_communicate_load_status:344 | Skill fallback-query.mycroftai loaded successfully
2021-10-23 10:01:37.936 | INFO     |  5665 | mycroft.skills.skill_loader:load:185 | ATTEMPTING TO LOAD SKILL: mycroft-personal.mycroftai
2021-10-23 10:01:37.939 | INFO     |  5665 | mycroft.skills.settings:get_local_settings:83 | /opt/mycroft/skills/mycroft-personal.mycroftai/settings.json
2021-10-23 10:01:37.979 | INFO     |  5665 | mycroft.skills.skill_loader:_check_for_first_run:324 | First run of mycroft-personal.mycroftai
2021-10-23 10:01:37.981 | INFO     |  5665 | mycroft.skills.settings:save_settings:116 | Skill settings successfully saved to /home/runner/.config/mycroft/skills/mycroft-personal.mycroftai/settings.json
2021-10-23 10:01:37.983 | INFO     |  5665 | mycroft.skills.skill_loader:_communicate_load_status:344 | Skill mycroft-personal.mycroftai loaded successfully
2021-10-23 10:01:37.983 | INFO     |  5665 | mycroft.skills.skill_loader:load:185 | ATTEMPTING TO LOAD SKILL: fallback-wolfram-alpha.mycroftai
2021-10-23 10:01:38.030 | INFO     |  5665 | mycroft.skills.settings:get_local_settings:83 | /opt/mycroft/skills/fallback-wolfram-alpha.mycroftai/settings.json
2021-10-23 10:01:38.074 | INFO     |  5665 | mycroft.skills.skill_loader:_check_for_first_run:324 | First run of fallback-wolfram-alpha.mycroftai
2021-10-23 10:01:38.074 | INFO     |  5665 | mycroft.skills.settings:save_settings:116 | Skill settings successfully saved to /home/runner/.config/mycroft/skills/fallback-wolfram-alpha.mycroftai/settings.json
2021-10-23 10:01:38.085 | INFO     |  5665 | mycroft.skills.skill_loader:_communicate_load_status:344 | Skill fallback-wolfram-alpha.mycroftai loaded successfully
2021-10-23 10:01:38.086 | INFO     |  5665 | mycroft.skills.skill_loader:load:185 | ATTEMPTING TO LOAD SKILL: mycroft-wiki.mycroftai
2021-10-23 10:01:38.092 | INFO     |  5665 | mycroft.skills.settings:get_local_settings:83 | /opt/mycroft/skills/mycroft-wiki.mycroftai/settings.json
2021-10-23 10:01:38.189 | INFO     |  5665 | mycroft.skills.skill_loader:_check_for_first_run:324 | First run of mycroft-wiki.mycroftai
2021-10-23 10:01:38.190 | INFO     |  5665 | mycroft.skills.settings:save_settings:116 | Skill settings successfully saved to /home/runner/.config/mycroft/skills/mycroft-wiki.mycroftai/settings.json
2021-10-23 10:01:38.191 | INFO     |  5665 | mycroft.skills.skill_loader:_communicate_load_status:344 | Skill mycroft-wiki.mycroftai loaded successfully
2021-10-23 10:01:38.191 | INFO     |  5665 | mycroft.skills.skill_loader:load:185 | ATTEMPTING TO LOAD SKILL: fallback-unknown.mycroftai
2021-10-23 10:01:38.197 | INFO     |  5665 | mycroft.skills.settings:get_local_settings:83 | /opt/mycroft/skills/fallback-unknown.mycroftai/settings.json
2021-10-23 10:01:38.220 | INFO     |  5665 | mycroft.skills.skill_loader:_check_for_first_run:324 | First run of fallback-unknown.mycroftai
2021-10-23 10:01:38.221 | INFO     |  5665 | mycroft.skills.settings:save_settings:116 | Skill settings successfully saved to /home/runner/.config/mycroft/skills/fallback-unknown.mycroftai/settings.json
2021-10-23 10:01:38.286 | INFO     |  5665 | mycroft.skills.skill_loader:_communicate_load_status:344 | Skill fallback-unknown.mycroftai loaded successfully
2021-10-23 10:01:38.286 | INFO     |  5665 | mycroft.skills.skill_loader:load:185 | ATTEMPTING TO LOAD SKILL: mycroft-playback-control.mycroftai
2021-10-23 10:01:38.295 | INFO     |  5665 | mycroft.skills.settings:get_local_settings:83 | /opt/mycroft/skills/mycroft-playback-control.mycroftai/settings.json
2021-10-23 10:01:38.333 | INFO     |  5665 | mycroft.skills.skill_loader:_check_for_first_run:324 | First run of mycroft-playback-control.mycroftai
2021-10-23 10:01:38.333 | INFO     |  5665 | mycroft.skills.settings:save_settings:116 | Skill settings successfully saved to /home/runner/.config/mycroft/skills/mycroft-playback-control.mycroftai/settings.json
2021-10-23 10:01:38.334 | INFO     |  5665 | mycroft.skills.skill_loader:_communicate_load_status:344 | Skill mycroft-playback-control.mycroftai loaded successfully
2021-10-23 10:01:38.334 | INFO     |  5665 | mycroft.skills.skill_manager:_load_on_startup:275 | Skills all loaded!
2021-10-23 10:01:38.351 | INFO     |  5665 | __main__:on_ready:185 | Skills service is ready.
2021-10-23 10:01:38.381 | INFO     |  5665 | mycroft.skills.intent_services.padatious_service:train:151 | Training... (single_thread=False)
Regenerated mycroft-alarm.mycroftai:{daytype}.
Regenerated mycroft-reminder.mycroftai:Reminder.intent.
Regenerated mycroft-reminder.mycroftai:CancelActiveReminder.intent.
Regenerated mycroft-reminder.mycroftai:GetRemindersForDay.intent.
Regenerated mycroft-reminder.mycroftai:GetNextReminders.intent.
Regenerated mycroft-reminder.mycroftai:ReminderAt.intent.
Regenerated mycroft-reminder.mycroftai:SnoozeReminder.intent.
Regenerated mycroft-reminder.mycroftai:ClearReminders.intent.
Regenerated homeassistant.mycroftai:add.item.shopping.list.intent.
Regenerated homeassistant.mycroftai:tracker.intent.
Regenerated homeassistant.mycroftai:decrease.light.brightness.intent.
Regenerated homeassistant.mycroftai:set.light.brightness.intent.
Regenerated homeassistant.mycroftai:turn.on.intent.
Regenerated homeassistant.mycroftai:set.climate.intent.
Regenerated homeassistant.mycroftai:automation.intent.
Regenerated mycroft-stop.mycroftai:shutdown.intent.
Regenerated mycroft-stop.mycroftai:wifi.setup.intent.
Regenerated mycroft-stop.mycroftai:ssh.enable.intent.
Regenerated mycroft-hello-world.mycroftai:HowAreYou.intent.
Regenerated mycroft-stop.mycroftai:reboot.intent.
Regenerated mycroft-stop.mycroftai:ssh.disable.intent.
Regenerated mycroft-date-time.mycroftai:date.last.weekend.intent.
Regenerated mycroft-personal.mycroftai:WhereWereYouBorn.intent.
Regenerated mycroft-personal.mycroftai:WhatAreYou.intent.
Regenerated mycroft-personal.mycroftai:WhoMadeYou.intent.
Regenerated mycroft-personal.mycroftai:DoYouDream.intent.
Regenerated mycroft-personal.mycroftai:WhoAreYou.intent.
Regenerated mycroft-personal.mycroftai:WhenWereYouBorn.intent.
Regenerated mycroft-wiki.mycroftai:Random.intent.
Regenerated mycroft-reminder.mycroftai:DeleteReminderForDay.intent.
Regenerated mycroft-reminder.mycroftai:UnspecifiedReminderAt.intent.
Regenerated mycroft-installer.mycroftai:is.installed.intent.
Regenerated mycroft-installer.mycroftai:list.skills.intent.
Regenerated mycroft-installer.mycroftai:install.custom.intent.
Regenerated mycroft-installer.mycroftai:install.beta.intent.
Regenerated mycroft-installer.mycroftai:remove.intent.
Regenerated mycroft-installer.mycroftai:install.intent.
Regenerated mycroft-timer.mycroftai:timer.status.intent.
Regenerated mycroft-timer.mycroftai:start.timer.intent.
Regenerated homeassistant.mycroftai:sensor.intent.
Regenerated homeassistant.mycroftai:toggle.intent.
Regenerated homeassistant.mycroftai:turn.off.intent.
Regenerated homeassistant.mycroftai:increase.light.brightness.intent.
Regenerated mycroft-alarm.mycroftai:snooze.intent.
Regenerated mycroft-alarm.mycroftai:change.alarm.sound.intent.
Regenerated mycroft-npr-news.mycroftai:PlayTheNews.intent.
Regenerated mycroft-support-helper.mycroftai:contact.support.intent.
Regenerated mycroft-weather.mycroftai:do-i-need-an-umbrella.intent.
Regenerated mycroft-audio-record.mycroftai:PlayRecording.intent.
Regenerated mycroft-audio-record.mycroftai:StartRecording.intent.
Regenerated mycroft-date-time.mycroftai:what.time.will.it.be.intent.
Regenerated mycroft-date-time.mycroftai:what.time.is.it.intent.
Regenerated mycroft-date-time.mycroftai:date.future.weekend.intent.
Regenerated mycroft-configuration.mycroftai:EnablePreciseDev.intent.
Regenerated mycroft-configuration.mycroftai:DisablePreciseDev.intent.
Regenerated mycroft-configuration.mycroftai:WhereAreYou.intent.
Regenerated mycroft-personal.mycroftai:DoYouRhyme.intent.
2021-10-23 10:01:42.358 | INFO     |  5665 | mycroft.skills.intent_services.padatious_service:train:153 | Training complete.
2021-10-23 10:01:55.178 | INFO     |  5665 | mycroft.skills.settings:save_settings:116 | Skill settings successfully saved to /home/runner/.config/mycroft/skills/mycroft-pairing.mycroftai/settings.json
2021-10-23 10:01:55.245 | INFO     |  5665 | mycroft.skills.settings:save_settings:116 | Skill settings successfully saved to /home/runner/.config/mycroft/skills/mycroft-timer.mycroftai/settings.json
2021-10-23 10:02:16.787 | INFO     |  5665 | __main__:on_stopping:193 | Skills service is shutting down...
2021-10-23 10:02:16.787 | INFO     |  5665 | __main__:shutdown:284 | Shutting down Skills service
2021-10-23 10:02:16.865 | ERROR    |  5665 | VolumeSkill | Couldn't allocate mixer, ALSAAudioError('No such file or directory [default]')
2021-10-23 10:02:16.867 | INFO     |  5665 | mycroft.skills.settings:save_settings:116 | Skill settings successfully saved to /home/runner/.config/mycroft/skills/mycroft-volume.mycroftai/settings.json
2021-10-23 10:02:16.868 | INFO     |  5665 | mycroft.skills.settings:save_settings:116 | Skill settings successfully saved to /home/runner/.config/mycroft/skills/mycroft-ip.mycroftai/settings.json
2021-10-23 10:02:16.870 | INFO     |  5665 | mycroft.skills.settings:save_settings:116 | Skill settings successfully saved to /home/runner/.config/mycroft/skills/mycroft-reminder.mycroftai/settings.json
2021-10-23 10:02:16.871 | INFO     |  5665 | mycroft.skills.settings:save_settings:116 | Skill settings successfully saved to /home/runner/.config/mycroft/skills/mycroft-installer.mycroftai/settings.json
2021-10-23 10:02:16.873 | INFO     |  5665 | mycroft.skills.settings:save_settings:116 | Skill settings successfully saved to /home/runner/.config/mycroft/skills/mycroft-version-checker.mycroftai/settings.json
2021-10-23 10:02:16.875 | INFO     |  5665 | mycroft.skills.settings:save_settings:116 | Skill settings successfully saved to /home/runner/.config/mycroft/skills/mycroft-singing.mycroftai/settings.json
2021-10-23 10:02:16.876 | INFO     |  5665 | mycroft.skills.settings:save_settings:116 | Skill settings successfully saved to /home/runner/.config/mycroft/skills/mycroft-joke.mycroftai/settings.json
2021-10-23 10:02:16.878 | INFO     |  5665 | HomeAssistantSkill | Removing all handlers...
2021-10-23 10:02:16.879 | WARNING  |  5665 | mycroft.skills.fallback_skill:remove_fallback:185 | Could not find matching fallback handler
2021-10-23 10:02:16.879 | INFO     |  5665 | mycroft.skills.settings:save_settings:116 | Skill settings successfully saved to /home/runner/.config/mycroft/skills/mycroft-alarm.mycroftai/settings.json
2021-10-23 10:02:16.880 | INFO     |  5665 | mycroft.skills.settings:save_settings:116 | Skill settings successfully saved to /home/runner/.config/mycroft/skills/mycroft-naptime.mycroftai/settings.json
2021-10-23 10:02:16.881 | INFO     |  5665 | mycroft.skills.settings:save_settings:116 | Skill settings successfully saved to /home/runner/.config/mycroft/skills/mycroft-spelling.mycroftai/settings.json
2021-10-23 10:02:16.882 | INFO     |  5665 | mycroft.skills.settings:save_settings:116 | Skill settings successfully saved to /home/runner/.config/mycroft/skills/mycroft-fallback-duck-duck-go.mycroftai/settings.json
2021-10-23 10:02:16.883 | INFO     |  5665 | mycroft.skills.settings:save_settings:116 | Skill settings successfully saved to /home/runner/.config/mycroft/skills/mycroft-npr-news.mycroftai/settings.json
2021-10-23 10:02:16.884 | INFO     |  5665 | mycroft.skills.settings:save_settings:116 | Skill settings successfully saved to /home/runner/.config/mycroft/skills/mycroft-support-helper.mycroftai/settings.json
2021-10-23 10:02:16.885 | INFO     |  5665 | mycroft.skills.settings:save_settings:116 | Skill settings successfully saved to /home/runner/.config/mycroft/skills/mycroft-weather.mycroftai/settings.json
2021-10-23 10:02:16.886 | INFO     |  5665 | mycroft.skills.settings:save_settings:116 | Skill settings successfully saved to /home/runner/.config/mycroft/skills/mycroft-speak.mycroftai/settings.json
2021-10-23 10:02:16.887 | INFO     |  5665 | mycroft.skills.settings:save_settings:116 | Skill settings successfully saved to /home/runner/.config/mycroft/skills/mycroft-audio-record.mycroftai/settings.json
2021-10-23 10:02:16.888 | INFO     |  5665 | mycroft.skills.settings:save_settings:116 | Skill settings successfully saved to /home/runner/.config/mycroft/skills/mycroft-stop.mycroftai/settings.json
2021-10-23 10:02:16.889 | INFO     |  5665 | mycroft.skills.settings:save_settings:116 | Skill settings successfully saved to /home/runner/.config/mycroft/skills/mycroft-hello-world.mycroftai/settings.json
2021-10-23 10:02:16.890 | INFO     |  5665 | mycroft.skills.settings:save_settings:116 | Skill settings successfully saved to /home/runner/.config/mycroft/skills/mycroft-date-time.mycroftai/settings.json
2021-10-23 10:02:16.893 | INFO     |  5665 | mycroft.skills.settings:save_settings:116 | Skill settings successfully saved to /home/runner/.config/mycroft/skills/mycroft-configuration.mycroftai/settings.json
2021-10-23 10:02:16.894 | INFO     |  5665 | QuestionsAnswersSkill | Removing all handlers...
2021-10-23 10:02:16.895 | INFO     |  5665 | mycroft.skills.settings:save_settings:116 | Skill settings successfully saved to /home/runner/.config/mycroft/skills/fallback-query.mycroftai/settings.json
2021-10-23 10:02:16.896 | INFO     |  5665 | mycroft.skills.settings:save_settings:116 | Skill settings successfully saved to /home/runner/.config/mycroft/skills/mycroft-personal.mycroftai/settings.json
2021-10-23 10:02:16.897 | INFO     |  5665 | mycroft.skills.settings:save_settings:116 | Skill settings successfully saved to /home/runner/.config/mycroft/skills/fallback-wolfram-alpha.mycroftai/settings.json
2021-10-23 10:02:16.897 | INFO     |  5665 | mycroft.skills.settings:save_settings:116 | Skill settings successfully saved to /home/runner/.config/mycroft/skills/mycroft-wiki.mycroftai/settings.json
2021-10-23 10:02:16.898 | INFO     |  5665 | UnknownSkill | Removing all handlers...
2021-10-23 10:02:16.899 | INFO     |  5665 | mycroft.skills.settings:save_settings:116 | Skill settings successfully saved to /home/runner/.config/mycroft/skills/fallback-unknown.mycroftai/settings.json
2021-10-23 10:02:16.900 | INFO     |  5665 | mycroft.skills.settings:save_settings:116 | Skill settings successfully saved to /home/runner/.config/mycroft/skills/mycroft-playback-control.mycroftai/settings.json
2021-10-23 10:02:17.907 | INFO     |  5665 | Playback Control Skill | Audio service status: {}
2021-10-23 10:02:18.909 | WARNING  |  5665 | mycroft.skills.skill_manager:_shutdown_skill:106 | mycroft-playback-control.mycroftai shutdown took 2.008348410999986 seconds
2021-10-23 10:02:18.909 | INFO     |  5665 | __main__:shutdown:291 | Skills service shutdown complete!
2021-10-23 10:02:21.627 | ERROR    |  5665 | websocket | error from callback <bound method MessageBusClient.on_message of <mycroft.messagebus.client.client.MessageBusClient object at 0x7fc0522c0b50>>: cannot schedule new futures after shutdown
