2021-10-29 13:58:20.547 | INFO     |  5335 | mycroft.messagebus.load_config:load_message_bus_config:33 | Loading message bus configs
2021-10-29 13:58:20.551 | INFO     |  5335 | mycroft_bus_client.client.client | Connected
2021-10-29 13:58:20.552 | INFO     |  5335 | mycroft.util.process_utils:start_message_bus_client:155 | Connected to messagebus
2021-10-29 13:58:20.565 | INFO     |  5335 | mycroft.skills.msm_wrapper:create_msm:96 | Acquiring lock to instantiate MSM
2021-10-29 13:58:21.620 | INFO     |  5335 | msm.mycroft_skills_manager | building SkillEntry objects for all skills
2021-10-29 13:58:21.895 | INFO     |  5335 | mycroft.skills.msm_wrapper:create_msm:112 | Releasing MSM instantiation lock.
2021-10-29 13:58:21.896 | INFO     |  5335 | mycroft.skills.skill_updater:_log_next_download_time:267 | Next scheduled skill update: 2021-10-29 13:58:20.896230
2021-10-29 13:58:21.897 | INFO     |  5335 | msm.skill_entry | Downloading skill: https://github.com/mycroftai/skill-pairing
2021-10-29 13:58:22.201 | INFO     |  5335 | msm.skill_entry | Installing system requirements...
2021-10-29 13:58:22.236 | INFO     |  5335 | msm.skill_entry | Successfully installed mycroft-pairing
2021-10-29 13:58:22.236 | INFO     |  5335 | msm.mycroft_skills_manager | invalidating skills cache
2021-10-29 13:58:22.239 | INFO     |  5335 | mycroft.skills.skill_loader:load:185 | ATTEMPTING TO LOAD SKILL: mycroft-pairing.mycroftai
2021-10-29 13:58:22.253 | INFO     |  5335 | mycroft.skills.settings:get_local_settings:83 | /opt/mycroft/skills/mycroft-pairing.mycroftai/settings.json
2021-10-29 13:58:22.304 | INFO     |  5335 | mycroft.skills.skill_loader:_check_for_first_run:324 | First run of mycroft-pairing.mycroftai
2021-10-29 13:58:22.305 | INFO     |  5335 | mycroft.skills.settings:save_settings:116 | Skill settings successfully saved to /home/runner/.config/mycroft/skills/mycroft-pairing.mycroftai/settings.json
2021-10-29 13:58:22.319 | INFO     |  5335 | mycroft.skills.skill_loader:_communicate_load_status:344 | Skill mycroft-pairing.mycroftai loaded successfully
2021-10-29 13:58:22.319 | INFO     |  5335 | msm.skill_entry | Downloading skill: https://github.com/mycroftai/skill-volume
2021-10-29 13:58:22.728 | INFO     |  5335 | msm.skill_entry | Installing system requirements...
2021-10-29 13:58:22.757 | INFO     |  5335 | msm.skill_entry | Installing requirements.txt for mycroft-volume
2021-10-29 13:58:24.265 | INFO     |  5335 | msm.skill_entry | Successfully installed mycroft-volume
2021-10-29 13:58:24.265 | INFO     |  5335 | msm.mycroft_skills_manager | invalidating skills cache
2021-10-29 13:58:24.267 | INFO     |  5335 | mycroft.skills.skill_loader:load:185 | ATTEMPTING TO LOAD SKILL: mycroft-volume.mycroftai
2021-10-29 13:58:24.280 | INFO     |  5335 | mycroft.skills.settings:get_local_settings:83 | /opt/mycroft/skills/mycroft-volume.mycroftai/settings.json
2021-10-29 13:58:24.404 | ERROR    |  5335 | VolumeSkill | Couldn't allocate mixer, ALSAAudioError('No such file or directory [default]')
2021-10-29 13:58:27.442 | INFO     |  5335 | mycroft.skills.skill_loader:_check_for_first_run:324 | First run of mycroft-volume.mycroftai
2021-10-29 13:58:27.443 | INFO     |  5335 | mycroft.skills.settings:save_settings:116 | Skill settings successfully saved to /home/runner/.config/mycroft/skills/mycroft-volume.mycroftai/settings.json
2021-10-29 13:58:27.449 | INFO     |  5335 | mycroft.skills.skill_loader:_communicate_load_status:344 | Skill mycroft-volume.mycroftai loaded successfully
2021-10-29 13:58:27.449 | INFO     |  5335 | __main__:on_started:177 | Skills service is starting up.
2021-10-29 13:58:27.499 | INFO     |  5335 | __main__:_update_system:154 | Attempting system update...
2021-10-29 13:58:30.504 | INFO     |  5335 | mycroft.enclosure.display_manager:_write_data:70 | Display Manager is creating /tmp/mycroft/ipc/managers/disp_info
2021-10-29 13:58:30.504 | INFO     |  5335 | __main__:_ensure_device_is_paired:133 | Device not paired, invoking the pairing skill
2021-10-29 13:58:30.509 | INFO     |  5335 | __main__:on_alive:181 | Skills service is alive.
2021-10-29 13:58:30.520 | INFO     |  5335 | msm.mycroft_skills_manager | building SkillEntry objects for all skills
2021-10-29 13:58:30.793 | INFO     |  5335 | PairingSkill | Communicating account URL to user
2021-10-29 13:58:31.315 | WARNING  |  5335 | msm.mycroft_skills_manager | No such default skill: mycroft-pandora
2021-10-29 13:58:31.316 | INFO     |  5335 | mycroft.skills.skill_manager:run:234 | Not all default skills are installed, performing skill update...
2021-10-29 13:58:31.316 | INFO     |  5335 | mycroft.skills.skill_updater:update_skills:149 | Beginning skill update...
2021-10-29 13:58:31.381 | INFO     |  5335 | msm.mycroft_skills_manager | building SkillEntry objects for all skills
2021-10-29 13:58:32.116 | INFO     |  5335 | msm.mycroft_skills_manager | invalidating skills cache
2021-10-29 13:58:32.293 | INFO     |  5335 | msm.skill_entry | Downloading skill: https://github.com/mycroftai/fallback-wolfram-alpha
2021-10-29 13:58:32.296 | INFO     |  5335 | msm.skill_entry | Downloading skill: https://github.com/mycroftai/skill-alarm
2021-10-29 13:58:32.301 | INFO     |  5335 | msm.skill_entry | Downloading skill: https://github.com/mycroftai/skill-audio-record
2021-10-29 13:58:32.307 | INFO     |  5335 | msm.skill_entry | Downloading skill: https://github.com/mycroftai/skill-configuration
2021-10-29 13:58:32.309 | INFO     |  5335 | msm.skill_entry | Downloading skill: https://github.com/mycroftai/skill-date-time
2021-10-29 13:58:32.319 | INFO     |  5335 | msm.skill_entry | Downloading skill: https://github.com/mycroftai/fallback-duckduckgo
2021-10-29 13:58:32.322 | INFO     |  5335 | msm.skill_entry | Downloading skill: https://github.com/mycroftai/skill-hello-world
2021-10-29 13:58:32.335 | INFO     |  5335 | msm.skill_entry | Downloading skill: https://github.com/mycroftai/skill-installer
2021-10-29 13:58:32.341 | INFO     |  5335 | msm.skill_entry | Downloading skill: https://github.com/mycroftai/fallback-unknown
2021-10-29 13:58:32.379 | INFO     |  5335 | msm.skill_entry | Downloading skill: https://github.com/mycroftai/skill-joke
2021-10-29 13:58:32.391 | INFO     |  5335 | msm.skill_entry | Downloading skill: https://github.com/mycroftai/skill-naptime
2021-10-29 13:58:32.395 | INFO     |  5335 | msm.skill_entry | Downloading skill: https://github.com/mycroftai/skill-personal
2021-10-29 13:58:32.395 | INFO     |  5335 | msm.skill_entry | Downloading skill: https://github.com/mycroftai/skill-npr-news
2021-10-29 13:58:32.397 | INFO     |  5335 | msm.skill_entry | Downloading skill: https://github.com/mycroftai/skill-reminder
2021-10-29 13:58:32.398 | INFO     |  5335 | msm.skill_entry | Downloading skill: https://github.com/mycroftai/skill-singing
2021-10-29 13:58:32.398 | INFO     |  5335 | msm.skill_entry | Downloading skill: https://github.com/mycroftai/skill-playback-control
2021-10-29 13:58:32.440 | INFO     |  5335 | msm.skill_entry | Downloading skill: https://github.com/mycroftai/skill-ip
2021-10-29 13:58:33.858 | INFO     |  5335 | msm.skill_entry | Installing system requirements...
2021-10-29 13:58:33.951 | INFO     |  5335 | msm.skill_entry | Installing system requirements...
2021-10-29 13:58:33.961 | INFO     |  5335 | msm.skill_entry | Installing system requirements...
2021-10-29 13:58:34.010 | INFO     |  5335 | msm.skill_entry | Installing system requirements...
2021-10-29 13:58:34.020 | INFO     |  5335 | msm.skill_entry | Installing system requirements...
2021-10-29 13:58:34.076 | INFO     |  5335 | msm.skill_entry | Successfully installed mycroft-naptime
2021-10-29 13:58:34.077 | INFO     |  5335 | msm.mycroft_skills_manager | invalidating skills cache
2021-10-29 13:58:34.078 | INFO     |  5335 | msm.skill_entry | Downloading skill: https://github.com/mycroftai/skill-speak
2021-10-29 13:58:34.165 | INFO     |  5335 | msm.skill_entry | Installing system requirements...
2021-10-29 13:58:34.216 | INFO     |  5335 | msm.skill_entry | Installing requirements.txt for mycroft-fallback-duck-duck-go
2021-10-29 13:58:34.236 | INFO     |  5335 | msm.skill_entry | Installing requirements.txt for mycroft-joke
2021-10-29 13:58:34.239 | INFO     |  5335 | msm.skill_entry | Installing system requirements...
2021-10-29 13:58:34.284 | INFO     |  5335 | msm.skill_entry | Installing requirements.txt for mycroft-audio-record
2021-10-29 13:58:34.285 | INFO     |  5335 | msm.skill_entry | Successfully installed fallback-unknown
2021-10-29 13:58:34.286 | INFO     |  5335 | msm.mycroft_skills_manager | invalidating skills cache
2021-10-29 13:58:34.288 | INFO     |  5335 | msm.skill_entry | Downloading skill: https://github.com/mycroftai/skill-spelling
2021-10-29 13:58:34.325 | INFO     |  5335 | msm.skill_entry | Installing system requirements...
2021-10-29 13:58:34.340 | INFO     |  5335 | msm.skill_entry | Installing system requirements...
2021-10-29 13:58:34.388 | INFO     |  5335 | msm.skill_entry | Installing system requirements...
2021-10-29 13:58:34.447 | INFO     |  5335 | msm.skill_entry | Successfully installed mycroft-hello-world
2021-10-29 13:58:34.448 | INFO     |  5335 | msm.mycroft_skills_manager | invalidating skills cache
2021-10-29 13:58:34.462 | INFO     |  5335 | msm.skill_entry | Downloading skill: https://github.com/mycroftai/skill-stop
2021-10-29 13:58:34.529 | INFO     |  5335 | msm.skill_entry | Installing system requirements...
2021-10-29 13:58:34.532 | INFO     |  5335 | msm.skill_entry | Installing system requirements...
2021-10-29 13:58:34.543 | INFO     |  5335 | msm.skill_entry | Installing requirements.txt for mycroft-npr-news
2021-10-29 13:58:34.595 | INFO     |  5335 | msm.skill_entry | Installing requirements.txt for fallback-wolfram-alpha
2021-10-29 13:58:34.597 | INFO     |  5335 | msm.skill_entry | Installing requirements.txt for mycroft-date-time
2021-10-29 13:58:34.645 | INFO     |  5335 | msm.skill_entry | Successfully installed mycroft-personal
2021-10-29 13:58:34.645 | INFO     |  5335 | msm.mycroft_skills_manager | invalidating skills cache
2021-10-29 13:58:34.646 | INFO     |  5335 | msm.skill_entry | Downloading skill: https://github.com/mycroftai/skill-support
2021-10-29 13:58:34.660 | INFO     |  5335 | msm.skill_entry | Installing requirements.txt for mycroft-ip
2021-10-29 13:58:34.681 | INFO     |  5335 | msm.skill_entry | Successfully installed mycroft-playback-control
2021-10-29 13:58:34.682 | INFO     |  5335 | msm.mycroft_skills_manager | invalidating skills cache
2021-10-29 13:58:34.683 | INFO     |  5335 | msm.skill_entry | Downloading skill: https://github.com/mycroftai/mycroft-timer
2021-10-29 13:58:34.828 | INFO     |  5335 | msm.skill_entry | Installing system requirements...
2021-10-29 13:58:34.828 | INFO     |  5335 | msm.skill_entry | Installing system requirements...
2021-10-29 13:58:34.881 | INFO     |  5335 | msm.skill_entry | Successfully installed mycroft-reminder
2021-10-29 13:58:34.882 | INFO     |  5335 | msm.mycroft_skills_manager | invalidating skills cache
2021-10-29 13:58:34.883 | INFO     |  5335 | msm.skill_entry | Downloading skill: https://github.com/mycroftai/skill-weather
2021-10-29 13:58:34.889 | INFO     |  5335 | msm.skill_entry | Installing requirements.txt for mycroft-configuration
2021-10-29 13:58:34.984 | INFO     |  5335 | msm.skill_entry | Installing system requirements...
2021-10-29 13:58:35.049 | INFO     |  5335 | msm.skill_entry | Nothing new for mycroft-pairing
2021-10-29 13:58:35.055 | INFO     |  5335 | msm.skill_entry | Nothing new for mycroft-volume
2021-10-29 13:58:35.062 | ERROR    |  5335 | msm.mycroft_skills_manager | Error running install_or_update on homeassistant.mycroftai: MergeConflict
2021-10-29 13:58:35.094 | INFO     |  5335 | msm.skill_entry | Installing system requirements...
2021-10-29 13:58:35.100 | INFO     |  5335 | msm.skill_entry | Installing requirements.txt for mycroft-installer
2021-10-29 13:58:35.102 | INFO     |  5335 | msm.skill_entry | Downloading skill: https://github.com/mycroftai/skill-version-checker
2021-10-29 13:58:35.110 | INFO     |  5335 | msm.skill_entry | Installing system requirements...
2021-10-29 13:58:35.178 | INFO     |  5335 | msm.skill_entry | Installing requirements.txt for mycroft-volume
2021-10-29 13:58:35.185 | INFO     |  5335 | msm.skill_entry | Downloading skill: https://github.com/mycroftai/skill-wiki
2021-10-29 13:58:35.478 | INFO     |  5335 | msm.skill_entry | Installing system requirements...
2021-10-29 13:58:35.494 | INFO     |  5335 | msm.skill_entry | Installing system requirements...
2021-10-29 13:58:35.565 | INFO     |  5335 | msm.skill_entry | Installing system requirements...
2021-10-29 13:58:35.572 | INFO     |  5335 | msm.skill_entry | Successfully installed mycroft-spelling
2021-10-29 13:58:35.573 | INFO     |  5335 | msm.mycroft_skills_manager | invalidating skills cache
2021-10-29 13:58:35.576 | INFO     |  5335 | msm.skill_entry | Downloading skill: https://github.com/MycroftAI/skill-query
2021-10-29 13:58:35.621 | INFO     |  5335 | msm.skill_entry | Successfully installed mycroft-speak
2021-10-29 13:58:35.622 | INFO     |  5335 | msm.mycroft_skills_manager | invalidating skills cache
2021-10-29 13:58:35.696 | INFO     |  5335 | msm.skill_entry | Installing requirements.txt for mycroft-alarm
2021-10-29 13:58:35.740 | INFO     |  5335 | msm.skill_entry | Installing system requirements...
2021-10-29 13:58:35.760 | INFO     |  5335 | msm.skill_entry | Installing system requirements...
2021-10-29 13:58:35.806 | INFO     |  5335 | msm.skill_entry | Installing requirements.txt for mycroft-support-helper
2021-10-29 13:58:35.844 | INFO     |  5335 | msm.skill_entry | Successfully installed mycroft-stop
2021-10-29 13:58:35.844 | INFO     |  5335 | msm.mycroft_skills_manager | invalidating skills cache
2021-10-29 13:58:36.130 | INFO     |  5335 | msm.skill_entry | Installing system requirements...
2021-10-29 13:58:36.159 | INFO     |  5335 | msm.skill_entry | Installing system requirements...
2021-10-29 13:58:36.216 | INFO     |  5335 | msm.skill_entry | Successfully installed mycroft-version-checker
2021-10-29 13:58:36.217 | INFO     |  5335 | msm.mycroft_skills_manager | invalidating skills cache
2021-10-29 13:58:36.244 | INFO     |  5335 | msm.skill_entry | Installing requirements.txt for mycroft-wiki
2021-10-29 13:58:36.418 | INFO     |  5335 | msm.skill_entry | Installing system requirements...
2021-10-29 13:58:36.500 | INFO     |  5335 | msm.skill_entry | Installing system requirements...
2021-10-29 13:58:36.509 | INFO     |  5335 | msm.skill_entry | Successfully installed mycroft-timer
2021-10-29 13:58:36.510 | INFO     |  5335 | msm.mycroft_skills_manager | invalidating skills cache
2021-10-29 13:58:36.558 | INFO     |  5335 | msm.skill_entry | Successfully installed fallback-query
2021-10-29 13:58:36.559 | INFO     |  5335 | msm.mycroft_skills_manager | invalidating skills cache
2021-10-29 13:58:36.640 | INFO     |  5335 | msm.skill_entry | Installing system requirements...
2021-10-29 13:58:36.689 | INFO     |  5335 | msm.skill_entry | Installing requirements.txt for mycroft-weather
2021-10-29 13:58:36.712 | ERROR    |  5335 | msm.mycroft_skills_manager | Error running install_or_update on homeassistant: MergeConflict
2021-10-29 13:58:36.968 | INFO     |  5335 | msm.skill_entry | Installing system requirements...
2021-10-29 13:58:37.000 | INFO     |  5335 | msm.skill_entry | Successfully installed mycroft-singing
2021-10-29 13:58:37.001 | INFO     |  5335 | msm.mycroft_skills_manager | invalidating skills cache
2021-10-29 13:58:37.598 | INFO     |  5335 | msm.skill_entry | Successfully installed mycroft-fallback-duck-duck-go
2021-10-29 13:58:37.598 | INFO     |  5335 | msm.mycroft_skills_manager | invalidating skills cache
2021-10-29 13:58:38.886 | INFO     |  5335 | msm.skill_entry | Successfully installed mycroft-joke
2021-10-29 13:58:38.886 | INFO     |  5335 | msm.mycroft_skills_manager | invalidating skills cache
2021-10-29 13:58:40.209 | INFO     |  5335 | msm.skill_entry | Successfully installed mycroft-audio-record
2021-10-29 13:58:40.209 | INFO     |  5335 | msm.mycroft_skills_manager | invalidating skills cache
2021-10-29 13:58:44.254 | INFO     |  5335 | msm.skill_entry | Successfully installed mycroft-npr-news
2021-10-29 13:58:44.254 | INFO     |  5335 | msm.mycroft_skills_manager | invalidating skills cache
2021-10-29 13:58:49.010 | INFO     |  5335 | msm.skill_entry | Successfully installed fallback-wolfram-alpha
2021-10-29 13:58:49.011 | INFO     |  5335 | msm.mycroft_skills_manager | invalidating skills cache
2021-10-29 13:59:01.135 | INFO     |  5335 | PairingSkill | Initiating device pairing sequence...
2021-10-29 13:59:01.135 | INFO     |  5335 | PairingSkill | Retrieving pairing code from device API...
2021-10-29 13:59:01.346 | INFO     |  5335 | PairingSkill | Pairing code obtained: K7YYL9
2021-10-29 13:59:01.346 | INFO     |  5335 | PairingSkill | Communicating pairing URL to user
2021-10-29 13:59:08.743 | INFO     |  5335 | msm.skill_entry | Successfully installed mycroft-date-time
2021-10-29 13:59:08.743 | INFO     |  5335 | msm.mycroft_skills_manager | invalidating skills cache
2021-10-29 13:59:09.861 | INFO     |  5335 | msm.skill_entry | Successfully installed mycroft-ip
2021-10-29 13:59:09.861 | INFO     |  5335 | msm.mycroft_skills_manager | invalidating skills cache
2021-10-29 13:59:13.510 | INFO     |  5335 | msm.skill_entry | Successfully installed mycroft-configuration
2021-10-29 13:59:13.511 | INFO     |  5335 | msm.mycroft_skills_manager | invalidating skills cache
2021-10-29 13:59:14.677 | INFO     |  5335 | msm.skill_entry | Successfully installed mycroft-installer
2021-10-29 13:59:14.677 | INFO     |  5335 | msm.mycroft_skills_manager | invalidating skills cache
2021-10-29 13:59:17.053 | INFO     |  5335 | msm.skill_entry | Successfully installed mycroft-alarm
2021-10-29 13:59:17.053 | INFO     |  5335 | msm.mycroft_skills_manager | invalidating skills cache
2021-10-29 13:59:19.582 | INFO     |  5335 | msm.skill_entry | Successfully installed mycroft-support-helper
2021-10-29 13:59:19.582 | INFO     |  5335 | msm.mycroft_skills_manager | invalidating skills cache
2021-10-29 13:59:21.930 | INFO     |  5335 | msm.skill_entry | Successfully installed mycroft-wiki
2021-10-29 13:59:21.931 | INFO     |  5335 | msm.mycroft_skills_manager | invalidating skills cache
2021-10-29 13:59:23.201 | INFO     |  5335 | msm.skill_entry | Successfully installed mycroft-weather
2021-10-29 13:59:23.201 | INFO     |  5335 | msm.mycroft_skills_manager | invalidating skills cache
2021-10-29 13:59:23.292 | INFO     |  5335 | mycroft.skills.skill_updater:_log_next_download_time:267 | Next scheduled skill update: 2021-10-29 14:59:23.292356
2021-10-29 13:59:23.293 | INFO     |  5335 | mycroft.skills.skill_updater:update_skills:170 | Skill update complete
2021-10-29 13:59:23.293 | INFO     |  5335 | mycroft.skills.skill_manager:_load_on_startup:273 | Loading installed skills...
2021-10-29 13:59:23.295 | INFO     |  5335 | mycroft.skills.skill_loader:load:185 | ATTEMPTING TO LOAD SKILL: mycroft-ip.mycroftai
2021-10-29 13:59:23.346 | INFO     |  5335 | mycroft.skills.settings:get_local_settings:83 | /opt/mycroft/skills/mycroft-ip.mycroftai/settings.json
2021-10-29 13:59:23.369 | INFO     |  5335 | mycroft.skills.skill_loader:_check_for_first_run:324 | First run of mycroft-ip.mycroftai
2021-10-29 13:59:23.370 | INFO     |  5335 | mycroft.skills.settings:save_settings:116 | Skill settings successfully saved to /home/runner/.config/mycroft/skills/mycroft-ip.mycroftai/settings.json
2021-10-29 13:59:23.375 | INFO     |  5335 | mycroft.skills.skill_loader:_communicate_load_status:344 | Skill mycroft-ip.mycroftai loaded successfully
2021-10-29 13:59:23.376 | INFO     |  5335 | mycroft.skills.skill_loader:load:185 | ATTEMPTING TO LOAD SKILL: mycroft-reminder.mycroftai
2021-10-29 13:59:23.429 | INFO     |  5335 | mycroft.skills.settings:get_local_settings:83 | /opt/mycroft/skills/mycroft-reminder.mycroftai/settings.json
2021-10-29 13:59:23.485 | INFO     |  5335 | mycroft.skills.skill_loader:_check_for_first_run:324 | First run of mycroft-reminder.mycroftai
2021-10-29 13:59:23.486 | INFO     |  5335 | mycroft.skills.settings:save_settings:116 | Skill settings successfully saved to /home/runner/.config/mycroft/skills/mycroft-reminder.mycroftai/settings.json
2021-10-29 13:59:23.496 | INFO     |  5335 | mycroft.skills.skill_loader:_communicate_load_status:344 | Skill mycroft-reminder.mycroftai loaded successfully
2021-10-29 13:59:23.496 | INFO     |  5335 | mycroft.skills.skill_loader:load:185 | ATTEMPTING TO LOAD SKILL: mycroft-installer.mycroftai
2021-10-29 13:59:23.507 | INFO     |  5335 | mycroft.skills.settings:get_local_settings:83 | /opt/mycroft/skills/mycroft-installer.mycroftai/settings.json
2021-10-29 13:59:23.538 | INFO     |  5335 | mycroft.skills.skill_loader:_check_for_first_run:324 | First run of mycroft-installer.mycroftai
2021-10-29 13:59:23.544 | INFO     |  5335 | mycroft.skills.settings:save_settings:116 | Skill settings successfully saved to /home/runner/.config/mycroft/skills/mycroft-installer.mycroftai/settings.json
2021-10-29 13:59:23.545 | INFO     |  5335 | mycroft.skills.skill_loader:_communicate_load_status:344 | Skill mycroft-installer.mycroftai loaded successfully
2021-10-29 13:59:23.546 | INFO     |  5335 | mycroft.skills.skill_loader:load:185 | ATTEMPTING TO LOAD SKILL: mycroft-version-checker.mycroftai
2021-10-29 13:59:23.568 | INFO     |  5335 | mycroft.skills.settings:get_local_settings:83 | /opt/mycroft/skills/mycroft-version-checker.mycroftai/settings.json
2021-10-29 13:59:23.593 | INFO     |  5335 | mycroft.skills.skill_loader:_check_for_first_run:324 | First run of mycroft-version-checker.mycroftai
2021-10-29 13:59:23.594 | INFO     |  5335 | mycroft.skills.settings:save_settings:116 | Skill settings successfully saved to /home/runner/.config/mycroft/skills/mycroft-version-checker.mycroftai/settings.json
2021-10-29 13:59:23.595 | INFO     |  5335 | mycroft.skills.skill_loader:_communicate_load_status:344 | Skill mycroft-version-checker.mycroftai loaded successfully
2021-10-29 13:59:23.598 | INFO     |  5335 | mycroft.skills.skill_loader:load:185 | ATTEMPTING TO LOAD SKILL: mycroft-singing.mycroftai
2021-10-29 13:59:23.602 | INFO     |  5335 | mycroft.skills.settings:get_local_settings:83 | /opt/mycroft/skills/mycroft-singing.mycroftai/settings.json
2021-10-29 13:59:23.620 | INFO     |  5335 | mycroft.skills.skill_loader:_check_for_first_run:324 | First run of mycroft-singing.mycroftai
2021-10-29 13:59:23.620 | INFO     |  5335 | mycroft.skills.settings:save_settings:116 | Skill settings successfully saved to /home/runner/.config/mycroft/skills/mycroft-singing.mycroftai/settings.json
2021-10-29 13:59:23.623 | INFO     |  5335 | mycroft.skills.skill_loader:_communicate_load_status:344 | Skill mycroft-singing.mycroftai loaded successfully
2021-10-29 13:59:23.626 | INFO     |  5335 | mycroft.skills.skill_loader:load:185 | ATTEMPTING TO LOAD SKILL: mycroft-joke.mycroftai
2021-10-29 13:59:23.644 | INFO     |  5335 | mycroft.skills.settings:get_local_settings:83 | /opt/mycroft/skills/mycroft-joke.mycroftai/settings.json
2021-10-29 13:59:23.667 | INFO     |  5335 | mycroft.skills.skill_loader:_check_for_first_run:324 | First run of mycroft-joke.mycroftai
2021-10-29 13:59:23.673 | INFO     |  5335 | mycroft.skills.settings:save_settings:116 | Skill settings successfully saved to /home/runner/.config/mycroft/skills/mycroft-joke.mycroftai/settings.json
2021-10-29 13:59:23.674 | INFO     |  5335 | mycroft.skills.skill_loader:_communicate_load_status:344 | Skill mycroft-joke.mycroftai loaded successfully
2021-10-29 13:59:23.674 | INFO     |  5335 | mycroft.skills.skill_loader:load:185 | ATTEMPTING TO LOAD SKILL: mycroft-timer.mycroftai
2021-10-29 13:59:23.744 | INFO     |  5335 | mycroft.skills.settings:get_local_settings:83 | /opt/mycroft/skills/mycroft-timer.mycroftai/settings.json
2021-10-29 13:59:23.841 | INFO     |  5335 | mycroft.skills.skill_loader:_check_for_first_run:324 | First run of mycroft-timer.mycroftai
2021-10-29 13:59:23.842 | INFO     |  5335 | mycroft.skills.settings:save_settings:116 | Skill settings successfully saved to /home/runner/.config/mycroft/skills/mycroft-timer.mycroftai/settings.json
2021-10-29 13:59:23.853 | INFO     |  5335 | mycroft.skills.skill_loader:_communicate_load_status:344 | Skill mycroft-timer.mycroftai loaded successfully
2021-10-29 13:59:23.853 | INFO     |  5335 | mycroft.skills.skill_loader:load:185 | ATTEMPTING TO LOAD SKILL: homeassistant.mycroftai
2021-10-29 13:59:24.314 | INFO     |  5335 | mycroft.skills.settings:get_local_settings:83 | /opt/mycroft/skills/homeassistant.mycroftai/settings.json
2021-10-29 13:59:24.315 | INFO     |  5335 | mycroft.skills.settings:get_local_settings:83 | /opt/mycroft/skills/homeassistant.mycroftai/settings.json
2021-10-29 13:59:24.346 | ERROR    |  5335 | HomeAssistantSkill | type: <class 'str'>
2021-10-29 13:59:24.346 | ERROR    |  5335 | HomeAssistantSkill | content: 127.0.0.1
2021-10-29 13:59:24.371 | INFO     |  5335 | mycroft.skills.skill_loader:_communicate_load_status:344 | Skill homeassistant.mycroftai loaded successfully
2021-10-29 13:59:24.371 | INFO     |  5335 | mycroft.skills.skill_loader:load:185 | ATTEMPTING TO LOAD SKILL: mycroft-alarm.mycroftai
2021-10-29 13:59:24.430 | INFO     |  5335 | mycroft.skills.settings:get_local_settings:83 | /opt/mycroft/skills/mycroft-alarm.mycroftai/settings.json
2021-10-29 13:59:24.431 | ERROR    |  5335 | AlarmSkill | Couldn't allocate mixer, ALSAAudioError('No such file or directory [default]')
2021-10-29 13:59:24.569 | INFO     |  5335 | mycroft.skills.skill_loader:_check_for_first_run:324 | First run of mycroft-alarm.mycroftai
2021-10-29 13:59:24.570 | INFO     |  5335 | mycroft.skills.settings:save_settings:116 | Skill settings successfully saved to /home/runner/.config/mycroft/skills/mycroft-alarm.mycroftai/settings.json
2021-10-29 13:59:24.571 | INFO     |  5335 | mycroft.skills.skill_loader:_communicate_load_status:344 | Skill mycroft-alarm.mycroftai loaded successfully
2021-10-29 13:59:24.571 | INFO     |  5335 | mycroft.skills.skill_loader:load:185 | ATTEMPTING TO LOAD SKILL: mycroft-naptime.mycroftai
2021-10-29 13:59:24.593 | INFO     |  5335 | mycroft.skills.settings:get_local_settings:83 | /opt/mycroft/skills/mycroft-naptime.mycroftai/settings.json
2021-10-29 13:59:24.617 | INFO     |  5335 | mycroft.skills.skill_loader:_check_for_first_run:324 | First run of mycroft-naptime.mycroftai
2021-10-29 13:59:24.618 | INFO     |  5335 | mycroft.skills.settings:save_settings:116 | Skill settings successfully saved to /home/runner/.config/mycroft/skills/mycroft-naptime.mycroftai/settings.json
2021-10-29 13:59:24.626 | INFO     |  5335 | mycroft.skills.skill_loader:_communicate_load_status:344 | Skill mycroft-naptime.mycroftai loaded successfully
2021-10-29 13:59:24.627 | INFO     |  5335 | mycroft.skills.skill_loader:load:185 | ATTEMPTING TO LOAD SKILL: mycroft-spelling.mycroftai
2021-10-29 13:59:24.631 | INFO     |  5335 | mycroft.skills.settings:get_local_settings:83 | /opt/mycroft/skills/mycroft-spelling.mycroftai/settings.json
2021-10-29 13:59:24.662 | INFO     |  5335 | mycroft.skills.skill_loader:_check_for_first_run:324 | First run of mycroft-spelling.mycroftai
2021-10-29 13:59:24.663 | INFO     |  5335 | mycroft.skills.settings:save_settings:116 | Skill settings successfully saved to /home/runner/.config/mycroft/skills/mycroft-spelling.mycroftai/settings.json
2021-10-29 13:59:24.664 | INFO     |  5335 | mycroft.skills.skill_loader:_communicate_load_status:344 | Skill mycroft-spelling.mycroftai loaded successfully
2021-10-29 13:59:24.664 | INFO     |  5335 | mycroft.skills.skill_loader:load:185 | ATTEMPTING TO LOAD SKILL: mycroft-fallback-duck-duck-go.mycroftai
2021-10-29 13:59:24.695 | INFO     |  5335 | mycroft.skills.settings:get_local_settings:83 | /opt/mycroft/skills/mycroft-fallback-duck-duck-go.mycroftai/settings.json
2021-10-29 13:59:24.731 | INFO     |  5335 | mycroft.skills.skill_loader:_check_for_first_run:324 | First run of mycroft-fallback-duck-duck-go.mycroftai
2021-10-29 13:59:24.732 | INFO     |  5335 | mycroft.skills.settings:save_settings:116 | Skill settings successfully saved to /home/runner/.config/mycroft/skills/mycroft-fallback-duck-duck-go.mycroftai/settings.json
2021-10-29 13:59:24.732 | INFO     |  5335 | mycroft.skills.skill_loader:_communicate_load_status:344 | Skill mycroft-fallback-duck-duck-go.mycroftai loaded successfully
2021-10-29 13:59:24.733 | INFO     |  5335 | mycroft.skills.skill_loader:load:185 | ATTEMPTING TO LOAD SKILL: mycroft-npr-news.mycroftai
2021-10-29 13:59:24.895 | INFO     |  5335 | mycroft.skills.settings:get_local_settings:83 | /opt/mycroft/skills/mycroft-npr-news.mycroftai/settings.json
2021-10-29 13:59:25.936 | INFO     |  5335 | mycroft.skills.skill_loader:_check_for_first_run:324 | First run of mycroft-npr-news.mycroftai
2021-10-29 13:59:26.087 | INFO     |  5335 | mycroft.skills.settings:save_settings:116 | Skill settings successfully saved to /home/runner/.config/mycroft/skills/mycroft-npr-news.mycroftai/settings.json
2021-10-29 13:59:26.089 | INFO     |  5335 | mycroft.skills.skill_loader:_communicate_load_status:344 | Skill mycroft-npr-news.mycroftai loaded successfully
2021-10-29 13:59:26.091 | INFO     |  5335 | mycroft.skills.skill_loader:load:185 | ATTEMPTING TO LOAD SKILL: mycroft-support-helper.mycroftai
2021-10-29 13:59:26.100 | INFO     |  5335 | mycroft.skills.settings:get_local_settings:83 | /opt/mycroft/skills/mycroft-support-helper.mycroftai/settings.json
2021-10-29 13:59:26.111 | INFO     |  5335 | mycroft.skills.skill_loader:_check_for_first_run:324 | First run of mycroft-support-helper.mycroftai
2021-10-29 13:59:26.112 | INFO     |  5335 | mycroft.skills.settings:save_settings:116 | Skill settings successfully saved to /home/runner/.config/mycroft/skills/mycroft-support-helper.mycroftai/settings.json
2021-10-29 13:59:26.119 | INFO     |  5335 | mycroft.skills.skill_loader:_communicate_load_status:344 | Skill mycroft-support-helper.mycroftai loaded successfully
2021-10-29 13:59:26.121 | INFO     |  5335 | mycroft.skills.skill_loader:load:185 | ATTEMPTING TO LOAD SKILL: mycroft-weather.mycroftai
2021-10-29 13:59:26.149 | INFO     |  5335 | mycroft.skills.settings:get_local_settings:83 | /opt/mycroft/skills/mycroft-weather.mycroftai/settings.json
2021-10-29 13:59:26.285 | INFO     |  5335 | mycroft.skills.skill_loader:_check_for_first_run:324 | First run of mycroft-weather.mycroftai
2021-10-29 13:59:26.289 | INFO     |  5335 | mycroft.skills.settings:save_settings:116 | Skill settings successfully saved to /home/runner/.config/mycroft/skills/mycroft-weather.mycroftai/settings.json
2021-10-29 13:59:26.298 | INFO     |  5335 | mycroft.skills.skill_loader:_communicate_load_status:344 | Skill mycroft-weather.mycroftai loaded successfully
2021-10-29 13:59:26.298 | INFO     |  5335 | mycroft.skills.skill_loader:load:185 | ATTEMPTING TO LOAD SKILL: mycroft-speak.mycroftai
2021-10-29 13:59:26.309 | INFO     |  5335 | mycroft.skills.settings:get_local_settings:83 | /opt/mycroft/skills/mycroft-speak.mycroftai/settings.json
2021-10-29 13:59:26.369 | INFO     |  5335 | mycroft.skills.skill_loader:_check_for_first_run:324 | First run of mycroft-speak.mycroftai
2021-10-29 13:59:26.370 | INFO     |  5335 | mycroft.skills.settings:save_settings:116 | Skill settings successfully saved to /home/runner/.config/mycroft/skills/mycroft-speak.mycroftai/settings.json
2021-10-29 13:59:26.375 | INFO     |  5335 | mycroft.skills.skill_loader:_communicate_load_status:344 | Skill mycroft-speak.mycroftai loaded successfully
2021-10-29 13:59:26.376 | INFO     |  5335 | mycroft.skills.skill_loader:load:185 | ATTEMPTING TO LOAD SKILL: mycroft-audio-record.mycroftai
2021-10-29 13:59:26.387 | INFO     |  5335 | mycroft.skills.settings:get_local_settings:83 | /opt/mycroft/skills/mycroft-audio-record.mycroftai/settings.json
2021-10-29 13:59:26.424 | INFO     |  5335 | mycroft.skills.skill_loader:_check_for_first_run:324 | First run of mycroft-audio-record.mycroftai
2021-10-29 13:59:26.424 | INFO     |  5335 | mycroft.skills.settings:save_settings:116 | Skill settings successfully saved to /home/runner/.config/mycroft/skills/mycroft-audio-record.mycroftai/settings.json
2021-10-29 13:59:26.425 | INFO     |  5335 | mycroft.skills.skill_loader:_communicate_load_status:344 | Skill mycroft-audio-record.mycroftai loaded successfully
2021-10-29 13:59:26.426 | INFO     |  5335 | mycroft.skills.skill_loader:load:185 | ATTEMPTING TO LOAD SKILL: mycroft-stop.mycroftai
2021-10-29 13:59:26.430 | INFO     |  5335 | mycroft.skills.settings:get_local_settings:83 | /opt/mycroft/skills/mycroft-stop.mycroftai/settings.json
2021-10-29 13:59:26.469 | INFO     |  5335 | mycroft.skills.skill_loader:_check_for_first_run:324 | First run of mycroft-stop.mycroftai
2021-10-29 13:59:26.469 | INFO     |  5335 | mycroft.skills.settings:save_settings:116 | Skill settings successfully saved to /home/runner/.config/mycroft/skills/mycroft-stop.mycroftai/settings.json
2021-10-29 13:59:26.472 | INFO     |  5335 | mycroft.skills.skill_loader:_communicate_load_status:344 | Skill mycroft-stop.mycroftai loaded successfully
2021-10-29 13:59:26.473 | INFO     |  5335 | mycroft.skills.skill_loader:load:185 | ATTEMPTING TO LOAD SKILL: mycroft-hello-world.mycroftai
2021-10-29 13:59:26.482 | INFO     |  5335 | mycroft.skills.settings:get_local_settings:83 | /opt/mycroft/skills/mycroft-hello-world.mycroftai/settings.json
2021-10-29 13:59:26.525 | INFO     |  5335 | mycroft.skills.skill_loader:_check_for_first_run:324 | First run of mycroft-hello-world.mycroftai
2021-10-29 13:59:26.526 | INFO     |  5335 | mycroft.skills.settings:save_settings:116 | Skill settings successfully saved to /home/runner/.config/mycroft/skills/mycroft-hello-world.mycroftai/settings.json
2021-10-29 13:59:26.529 | INFO     |  5335 | mycroft.skills.skill_loader:_communicate_load_status:344 | Skill mycroft-hello-world.mycroftai loaded successfully
2021-10-29 13:59:26.530 | INFO     |  5335 | mycroft.skills.skill_loader:load:185 | ATTEMPTING TO LOAD SKILL: mycroft-date-time.mycroftai
2021-10-29 13:59:27.305 | INFO     |  5335 | mycroft.skills.settings:get_local_settings:83 | /opt/mycroft/skills/mycroft-date-time.mycroftai/settings.json
2021-10-29 13:59:27.369 | INFO     |  5335 | TimeSkill | Registering resting screen <bound method TimeSkill.handle_idle of <mycroft-date-time_mycroftai.TimeSkill object at 0x7f6cec2bda90>> for Time and Date.
2021-10-29 13:59:27.374 | INFO     |  5335 | TimeSkill | Registering resting screen
2021-10-29 13:59:27.385 | INFO     |  5335 | mycroft.skills.skill_loader:_check_for_first_run:324 | First run of mycroft-date-time.mycroftai
2021-10-29 13:59:27.386 | INFO     |  5335 | mycroft.skills.settings:save_settings:116 | Skill settings successfully saved to /home/runner/.config/mycroft/skills/mycroft-date-time.mycroftai/settings.json
2021-10-29 13:59:27.389 | INFO     |  5335 | mycroft.skills.skill_loader:_communicate_load_status:344 | Skill mycroft-date-time.mycroftai loaded successfully
2021-10-29 13:59:27.390 | INFO     |  5335 | mycroft.skills.skill_loader:load:185 | ATTEMPTING TO LOAD SKILL: mycroft-configuration.mycroftai
2021-10-29 13:59:27.405 | INFO     |  5335 | mycroft.skills.settings:get_local_settings:83 | /opt/mycroft/skills/mycroft-configuration.mycroftai/settings.json
2021-10-29 13:59:27.464 | INFO     |  5335 | mycroft.skills.skill_loader:_check_for_first_run:324 | First run of mycroft-configuration.mycroftai
2021-10-29 13:59:27.465 | INFO     |  5335 | mycroft.skills.settings:save_settings:116 | Skill settings successfully saved to /home/runner/.config/mycroft/skills/mycroft-configuration.mycroftai/settings.json
2021-10-29 13:59:27.476 | INFO     |  5335 | mycroft.skills.skill_loader:_communicate_load_status:344 | Skill mycroft-configuration.mycroftai loaded successfully
2021-10-29 13:59:27.478 | INFO     |  5335 | mycroft.skills.skill_loader:load:185 | ATTEMPTING TO LOAD SKILL: fallback-query.mycroftai
2021-10-29 13:59:27.490 | INFO     |  5335 | mycroft.skills.settings:get_local_settings:83 | /opt/mycroft/skills/fallback-query.mycroftai/settings.json
2021-10-29 13:59:27.521 | INFO     |  5335 | mycroft.skills.skill_loader:_check_for_first_run:324 | First run of fallback-query.mycroftai
2021-10-29 13:59:27.522 | INFO     |  5335 | mycroft.skills.settings:save_settings:116 | Skill settings successfully saved to /home/runner/.config/mycroft/skills/fallback-query.mycroftai/settings.json
2021-10-29 13:59:27.528 | INFO     |  5335 | mycroft.skills.skill_loader:_communicate_load_status:344 | Skill fallback-query.mycroftai loaded successfully
2021-10-29 13:59:27.529 | INFO     |  5335 | mycroft.skills.skill_loader:load:185 | ATTEMPTING TO LOAD SKILL: mycroft-personal.mycroftai
2021-10-29 13:59:27.533 | INFO     |  5335 | mycroft.skills.settings:get_local_settings:83 | /opt/mycroft/skills/mycroft-personal.mycroftai/settings.json
2021-10-29 13:59:27.578 | INFO     |  5335 | mycroft.skills.skill_loader:_check_for_first_run:324 | First run of mycroft-personal.mycroftai
2021-10-29 13:59:27.579 | INFO     |  5335 | mycroft.skills.settings:save_settings:116 | Skill settings successfully saved to /home/runner/.config/mycroft/skills/mycroft-personal.mycroftai/settings.json
2021-10-29 13:59:27.580 | INFO     |  5335 | mycroft.skills.skill_loader:_communicate_load_status:344 | Skill mycroft-personal.mycroftai loaded successfully
2021-10-29 13:59:27.580 | INFO     |  5335 | mycroft.skills.skill_loader:load:185 | ATTEMPTING TO LOAD SKILL: fallback-wolfram-alpha.mycroftai
2021-10-29 13:59:27.649 | INFO     |  5335 | mycroft.skills.settings:get_local_settings:83 | /opt/mycroft/skills/fallback-wolfram-alpha.mycroftai/settings.json
2021-10-29 13:59:27.662 | INFO     |  5335 | mycroft.skills.skill_loader:_check_for_first_run:324 | First run of fallback-wolfram-alpha.mycroftai
2021-10-29 13:59:27.663 | INFO     |  5335 | mycroft.skills.settings:save_settings:116 | Skill settings successfully saved to /home/runner/.config/mycroft/skills/fallback-wolfram-alpha.mycroftai/settings.json
2021-10-29 13:59:27.689 | INFO     |  5335 | mycroft.skills.skill_loader:_communicate_load_status:344 | Skill fallback-wolfram-alpha.mycroftai loaded successfully
2021-10-29 13:59:27.690 | INFO     |  5335 | mycroft.skills.skill_loader:load:185 | ATTEMPTING TO LOAD SKILL: mycroft-wiki.mycroftai
2021-10-29 13:59:27.700 | INFO     |  5335 | mycroft.skills.settings:get_local_settings:83 | /opt/mycroft/skills/mycroft-wiki.mycroftai/settings.json
2021-10-29 13:59:27.737 | INFO     |  5335 | mycroft.skills.skill_loader:_check_for_first_run:324 | First run of mycroft-wiki.mycroftai
2021-10-29 13:59:27.738 | INFO     |  5335 | mycroft.skills.settings:save_settings:116 | Skill settings successfully saved to /home/runner/.config/mycroft/skills/mycroft-wiki.mycroftai/settings.json
2021-10-29 13:59:27.739 | INFO     |  5335 | mycroft.skills.skill_loader:_communicate_load_status:344 | Skill mycroft-wiki.mycroftai loaded successfully
2021-10-29 13:59:27.752 | INFO     |  5335 | mycroft.skills.skill_loader:load:185 | ATTEMPTING TO LOAD SKILL: fallback-unknown.mycroftai
2021-10-29 13:59:27.777 | INFO     |  5335 | mycroft.skills.settings:get_local_settings:83 | /opt/mycroft/skills/fallback-unknown.mycroftai/settings.json
2021-10-29 13:59:27.860 | INFO     |  5335 | mycroft.skills.skill_loader:_check_for_first_run:324 | First run of fallback-unknown.mycroftai
2021-10-29 13:59:27.874 | INFO     |  5335 | mycroft.skills.settings:save_settings:116 | Skill settings successfully saved to /home/runner/.config/mycroft/skills/fallback-unknown.mycroftai/settings.json
2021-10-29 13:59:27.875 | INFO     |  5335 | mycroft.skills.skill_loader:_communicate_load_status:344 | Skill fallback-unknown.mycroftai loaded successfully
2021-10-29 13:59:27.880 | INFO     |  5335 | mycroft.skills.skill_loader:load:185 | ATTEMPTING TO LOAD SKILL: mycroft-playback-control.mycroftai
2021-10-29 13:59:27.902 | INFO     |  5335 | mycroft.skills.settings:get_local_settings:83 | /opt/mycroft/skills/mycroft-playback-control.mycroftai/settings.json
2021-10-29 13:59:27.973 | INFO     |  5335 | mycroft.skills.skill_loader:_check_for_first_run:324 | First run of mycroft-playback-control.mycroftai
2021-10-29 13:59:27.974 | INFO     |  5335 | mycroft.skills.settings:save_settings:116 | Skill settings successfully saved to /home/runner/.config/mycroft/skills/mycroft-playback-control.mycroftai/settings.json
2021-10-29 13:59:27.982 | INFO     |  5335 | mycroft.skills.skill_loader:_communicate_load_status:344 | Skill mycroft-playback-control.mycroftai loaded successfully
2021-10-29 13:59:27.983 | INFO     |  5335 | mycroft.skills.skill_manager:_load_on_startup:275 | Skills all loaded!
2021-10-29 13:59:28.049 | INFO     |  5335 | __main__:on_ready:185 | Skills service is ready.
2021-10-29 13:59:28.377 | INFO     |  5335 | mycroft.skills.intent_services.padatious_service:train:151 | Training... (single_thread=False)
Regenerated mycroft-alarm.mycroftai:{daytype}.
2021-10-29 13:59:31.744 | INFO     |  5335 | mycroft.skills.settings:save_settings:116 | Skill settings successfully saved to /home/runner/.config/mycroft/skills/mycroft-pairing.mycroftai/settings.json
2021-10-29 13:59:32.035 | INFO     |  5335 | mycroft.skills.settings:save_settings:116 | Skill settings successfully saved to /home/runner/.config/mycroft/skills/mycroft-timer.mycroftai/settings.json
Regenerated mycroft-reminder.mycroftai:ReminderAt.intent.
Regenerated mycroft-reminder.mycroftai:GetRemindersForDay.intent.
Regenerated mycroft-reminder.mycroftai:GetNextReminders.intent.
Regenerated mycroft-reminder.mycroftai:CancelActiveReminder.intent.
Regenerated mycroft-reminder.mycroftai:DeleteReminderForDay.intent.
Regenerated mycroft-reminder.mycroftai:Reminder.intent.
Regenerated mycroft-reminder.mycroftai:ClearReminders.intent.
Regenerated mycroft-reminder.mycroftai:UnspecifiedReminderAt.intent.
Regenerated homeassistant.mycroftai:toggle.intent.
Regenerated homeassistant.mycroftai:set.climate.intent.
Regenerated homeassistant.mycroftai:sensor.intent.
Regenerated homeassistant.mycroftai:turn.off.intent.
Regenerated homeassistant.mycroftai:turn.on.intent.
Regenerated homeassistant.mycroftai:cover.open.intent.
Regenerated homeassistant.mycroftai:automation.intent.
Regenerated mycroft-alarm.mycroftai:change.alarm.sound.intent.
Regenerated mycroft-personal.mycroftai:WhereWereYouBorn.intent.
Regenerated mycroft-personal.mycroftai:DoYouDream.intent.
Regenerated mycroft-wiki.mycroftai:Random.intent.
Regenerated mycroft-reminder.mycroftai:SnoozeReminder.intent.
Regenerated mycroft-installer.mycroftai:install.custom.intent.
Regenerated mycroft-installer.mycroftai:install.beta.intent.
Regenerated mycroft-installer.mycroftai:list.skills.intent.
Regenerated mycroft-installer.mycroftai:remove.intent.
Regenerated mycroft-installer.mycroftai:install.intent.
Regenerated mycroft-installer.mycroftai:is.installed.intent.
Regenerated mycroft-timer.mycroftai:start.timer.intent.
Regenerated mycroft-timer.mycroftai:timer.status.intent.
Regenerated homeassistant.mycroftai:cover.close.intent.
Regenerated homeassistant.mycroftai:increase.light.brightness.intent.
Regenerated homeassistant.mycroftai:cover.stop.intent.
Regenerated homeassistant.mycroftai:decrease.light.brightness.intent.
Regenerated homeassistant.mycroftai:set.light.brightness.intent.
Regenerated homeassistant.mycroftai:tracker.intent.
Regenerated homeassistant.mycroftai:add.item.shopping.list.intent.
Regenerated mycroft-alarm.mycroftai:snooze.intent.
Regenerated mycroft-npr-news.mycroftai:PlayTheNews.intent.
Regenerated mycroft-support-helper.mycroftai:contact.support.intent.
Regenerated mycroft-weather.mycroftai:do-i-need-an-umbrella.intent.
Regenerated mycroft-audio-record.mycroftai:PlayRecording.intent.
Regenerated mycroft-audio-record.mycroftai:StartRecording.intent.
Regenerated mycroft-stop.mycroftai:wifi.setup.intent.
Regenerated mycroft-stop.mycroftai:reboot.intent.
Regenerated mycroft-stop.mycroftai:ssh.disable.intent.
Regenerated mycroft-stop.mycroftai:ssh.enable.intent.
Regenerated mycroft-stop.mycroftai:shutdown.intent.
Regenerated mycroft-hello-world.mycroftai:HowAreYou.intent.
Regenerated mycroft-date-time.mycroftai:date.last.weekend.intent.
Regenerated mycroft-date-time.mycroftai:what.time.will.it.be.intent.
Regenerated mycroft-date-time.mycroftai:what.time.is.it.intent.
Regenerated mycroft-date-time.mycroftai:date.future.weekend.intent.
Regenerated mycroft-configuration.mycroftai:DisablePreciseDev.intent.
Regenerated mycroft-configuration.mycroftai:EnablePreciseDev.intent.
Regenerated mycroft-configuration.mycroftai:WhereAreYou.intent.
Regenerated mycroft-personal.mycroftai:WhatAreYou.intent.
Regenerated mycroft-personal.mycroftai:WhenWereYouBorn.intent.
Regenerated mycroft-personal.mycroftai:WhoMadeYou.intent.
Regenerated mycroft-personal.mycroftai:WhoAreYou.intent.
Regenerated mycroft-personal.mycroftai:DoYouRhyme.intent.
2021-10-29 13:59:32.253 | INFO     |  5335 | mycroft.skills.intent_services.padatious_service:train:153 | Training complete.
2021-10-29 14:00:12.024 | INFO     |  5335 | __main__:on_stopping:193 | Skills service is shutting down...
2021-10-29 14:00:12.025 | INFO     |  5335 | __main__:shutdown:284 | Shutting down Skills service
2021-10-29 14:00:12.391 | ERROR    |  5335 | VolumeSkill | Couldn't allocate mixer, ALSAAudioError('No such file or directory [default]')
2021-10-29 14:00:12.394 | INFO     |  5335 | mycroft.skills.settings:save_settings:116 | Skill settings successfully saved to /home/runner/.config/mycroft/skills/mycroft-volume.mycroftai/settings.json
2021-10-29 14:00:12.396 | INFO     |  5335 | mycroft.skills.settings:save_settings:116 | Skill settings successfully saved to /home/runner/.config/mycroft/skills/mycroft-ip.mycroftai/settings.json
2021-10-29 14:00:12.410 | INFO     |  5335 | mycroft.skills.settings:save_settings:116 | Skill settings successfully saved to /home/runner/.config/mycroft/skills/mycroft-reminder.mycroftai/settings.json
2021-10-29 14:00:12.437 | INFO     |  5335 | mycroft.skills.settings:save_settings:116 | Skill settings successfully saved to /home/runner/.config/mycroft/skills/mycroft-installer.mycroftai/settings.json
2021-10-29 14:00:12.442 | INFO     |  5335 | mycroft.skills.settings:save_settings:116 | Skill settings successfully saved to /home/runner/.config/mycroft/skills/mycroft-version-checker.mycroftai/settings.json
2021-10-29 14:00:12.445 | INFO     |  5335 | mycroft.skills.settings:save_settings:116 | Skill settings successfully saved to /home/runner/.config/mycroft/skills/mycroft-singing.mycroftai/settings.json
2021-10-29 14:00:12.446 | INFO     |  5335 | mycroft.skills.settings:save_settings:116 | Skill settings successfully saved to /home/runner/.config/mycroft/skills/mycroft-joke.mycroftai/settings.json
2021-10-29 14:00:12.470 | INFO     |  5335 | HomeAssistantSkill | Removing all handlers...
2021-10-29 14:00:12.480 | WARNING  |  5335 | mycroft.skills.fallback_skill:remove_fallback:185 | Could not find matching fallback handler
2021-10-29 14:00:12.482 | INFO     |  5335 | mycroft.skills.settings:save_settings:116 | Skill settings successfully saved to /home/runner/.config/mycroft/skills/mycroft-alarm.mycroftai/settings.json
2021-10-29 14:00:12.484 | INFO     |  5335 | mycroft.skills.settings:save_settings:116 | Skill settings successfully saved to /home/runner/.config/mycroft/skills/mycroft-naptime.mycroftai/settings.json
2021-10-29 14:00:12.498 | INFO     |  5335 | mycroft.skills.settings:save_settings:116 | Skill settings successfully saved to /home/runner/.config/mycroft/skills/mycroft-spelling.mycroftai/settings.json
2021-10-29 14:00:12.500 | INFO     |  5335 | mycroft.skills.settings:save_settings:116 | Skill settings successfully saved to /home/runner/.config/mycroft/skills/mycroft-fallback-duck-duck-go.mycroftai/settings.json
2021-10-29 14:00:12.501 | INFO     |  5335 | mycroft.skills.settings:save_settings:116 | Skill settings successfully saved to /home/runner/.config/mycroft/skills/mycroft-npr-news.mycroftai/settings.json
2021-10-29 14:00:12.502 | INFO     |  5335 | mycroft.skills.settings:save_settings:116 | Skill settings successfully saved to /home/runner/.config/mycroft/skills/mycroft-support-helper.mycroftai/settings.json
2021-10-29 14:00:12.503 | INFO     |  5335 | mycroft.skills.settings:save_settings:116 | Skill settings successfully saved to /home/runner/.config/mycroft/skills/mycroft-weather.mycroftai/settings.json
2021-10-29 14:00:12.508 | INFO     |  5335 | mycroft.skills.settings:save_settings:116 | Skill settings successfully saved to /home/runner/.config/mycroft/skills/mycroft-speak.mycroftai/settings.json
2021-10-29 14:00:12.525 | INFO     |  5335 | mycroft.skills.settings:save_settings:116 | Skill settings successfully saved to /home/runner/.config/mycroft/skills/mycroft-audio-record.mycroftai/settings.json
2021-10-29 14:00:12.543 | INFO     |  5335 | mycroft.skills.settings:save_settings:116 | Skill settings successfully saved to /home/runner/.config/mycroft/skills/mycroft-stop.mycroftai/settings.json
2021-10-29 14:00:12.563 | INFO     |  5335 | mycroft.skills.settings:save_settings:116 | Skill settings successfully saved to /home/runner/.config/mycroft/skills/mycroft-hello-world.mycroftai/settings.json
2021-10-29 14:00:12.591 | INFO     |  5335 | mycroft.skills.settings:save_settings:116 | Skill settings successfully saved to /home/runner/.config/mycroft/skills/mycroft-date-time.mycroftai/settings.json
2021-10-29 14:00:12.620 | INFO     |  5335 | mycroft.skills.settings:save_settings:116 | Skill settings successfully saved to /home/runner/.config/mycroft/skills/mycroft-configuration.mycroftai/settings.json
2021-10-29 14:00:12.621 | INFO     |  5335 | QuestionsAnswersSkill | Removing all handlers...
2021-10-29 14:00:12.622 | INFO     |  5335 | mycroft.skills.settings:save_settings:116 | Skill settings successfully saved to /home/runner/.config/mycroft/skills/fallback-query.mycroftai/settings.json
2021-10-29 14:00:12.632 | INFO     |  5335 | mycroft.skills.settings:save_settings:116 | Skill settings successfully saved to /home/runner/.config/mycroft/skills/mycroft-personal.mycroftai/settings.json
2021-10-29 14:00:12.640 | INFO     |  5335 | mycroft.skills.settings:save_settings:116 | Skill settings successfully saved to /home/runner/.config/mycroft/skills/fallback-wolfram-alpha.mycroftai/settings.json
2021-10-29 14:00:12.647 | INFO     |  5335 | mycroft.skills.settings:save_settings:116 | Skill settings successfully saved to /home/runner/.config/mycroft/skills/mycroft-wiki.mycroftai/settings.json
2021-10-29 14:00:12.649 | INFO     |  5335 | UnknownSkill | Removing all handlers...
2021-10-29 14:00:12.650 | INFO     |  5335 | mycroft.skills.settings:save_settings:116 | Skill settings successfully saved to /home/runner/.config/mycroft/skills/fallback-unknown.mycroftai/settings.json
2021-10-29 14:00:12.672 | INFO     |  5335 | mycroft.skills.settings:save_settings:116 | Skill settings successfully saved to /home/runner/.config/mycroft/skills/mycroft-playback-control.mycroftai/settings.json
2021-10-29 14:00:13.689 | INFO     |  5335 | Playback Control Skill | Audio service status: {}
2021-10-29 14:00:14.691 | WARNING  |  5335 | mycroft.skills.skill_manager:_shutdown_skill:106 | mycroft-playback-control.mycroftai shutdown took 2.032108562000019 seconds
2021-10-29 14:00:14.691 | INFO     |  5335 | __main__:shutdown:291 | Skills service shutdown complete!
2021-10-29 14:00:15.459 | ERROR    |  5335 | websocket | error from callback <bound method MessageBusClient.on_message of <mycroft.messagebus.client.client.MessageBusClient object at 0x7f6cf49659d0>>: cannot schedule new futures after shutdown
2021-10-29 14:00:15.459 | ERROR    |  5335 | mycroft_bus_client.client.client | === RuntimeError('cannot schedule new futures after shutdown') ===
Traceback (most recent call last):
  File "/opt/mycroft-core/.venv/lib/python3.7/site-packages/websocket/_app.py", line 407, in _callback
    callback(self, *args)
  File "/opt/mycroft-core/.venv/lib/python3.7/site-packages/mycroft_bus_client/client/client.py", line 182, in on_message
    self.emitter.emit('message', message)
  File "/opt/mycroft-core/.venv/lib/python3.7/site-packages/pyee/_base.py", line 113, in emit
    handled = self._call_handlers(event, args, kwargs)
  File "/opt/mycroft-core/.venv/lib/python3.7/site-packages/pyee/_base.py", line 96, in _call_handlers
    self._emit_run(f, args, kwargs)
  File "/opt/mycroft-core/.venv/lib/python3.7/site-packages/pyee/_executor.py", line 50, in _emit_run
    future = self._executor.submit(f, *args, **kwargs)
  File "/opt/hostedtoolcache/Python/3.7.12/x64/lib/python3.7/concurrent/futures/thread.py", line 163, in submit
    raise RuntimeError('cannot schedule new futures after shutdown')
RuntimeError: cannot schedule new futures after shutdown
2021-10-29 14:00:15.463 | ERROR    |  5335 | mycroft_bus_client.client.client | Exception closing websocket: RuntimeError('cannot schedule new futures after shutdown')
2021-10-29 14:00:15.463 | WARNING  |  5335 | mycroft_bus_client.client.client | Message Bus Client will reconnect in 5.0 seconds.
