2021-11-04 07:42:05.810 | INFO     |  5343 | mycroft.messagebus.load_config:load_message_bus_config:33 | Loading message bus configs
2021-11-04 07:42:05.819 | INFO     |  5343 | mycroft_bus_client.client.client | Connected
2021-11-04 07:42:05.820 | INFO     |  5343 | mycroft.util.process_utils:start_message_bus_client:155 | Connected to messagebus
2021-11-04 07:42:05.823 | INFO     |  5343 | mycroft.skills.msm_wrapper:create_msm:96 | Acquiring lock to instantiate MSM
2021-11-04 07:42:07.679 | INFO     |  5343 | msm.mycroft_skills_manager | building SkillEntry objects for all skills
2021-11-04 07:42:08.472 | INFO     |  5343 | mycroft.skills.msm_wrapper:create_msm:112 | Releasing MSM instantiation lock.
2021-11-04 07:42:08.473 | INFO     |  5343 | mycroft.skills.skill_updater:_log_next_download_time:267 | Next scheduled skill update: 2021-11-04 07:42:07.473083
2021-11-04 07:42:08.473 | INFO     |  5343 | msm.skill_entry | Downloading skill: https://github.com/mycroftai/skill-pairing
2021-11-04 07:42:09.282 | INFO     |  5343 | msm.skill_entry | Installing system requirements...
2021-11-04 07:42:09.292 | INFO     |  5343 | msm.skill_entry | Successfully installed mycroft-pairing
2021-11-04 07:42:09.296 | INFO     |  5343 | msm.mycroft_skills_manager | invalidating skills cache
2021-11-04 07:42:09.298 | INFO     |  5343 | mycroft.skills.skill_loader:load:185 | ATTEMPTING TO LOAD SKILL: mycroft-pairing.mycroftai
2021-11-04 07:42:09.305 | INFO     |  5343 | mycroft.skills.settings:get_local_settings:83 | /opt/mycroft/skills/mycroft-pairing.mycroftai/settings.json
2021-11-04 07:42:09.324 | INFO     |  5343 | mycroft.skills.skill_loader:_check_for_first_run:324 | First run of mycroft-pairing.mycroftai
2021-11-04 07:42:09.324 | INFO     |  5343 | mycroft.skills.settings:save_settings:116 | Skill settings successfully saved to /home/runner/.config/mycroft/skills/mycroft-pairing.mycroftai/settings.json
2021-11-04 07:42:09.329 | INFO     |  5343 | mycroft.skills.skill_loader:_communicate_load_status:344 | Skill mycroft-pairing.mycroftai loaded successfully
2021-11-04 07:42:09.329 | INFO     |  5343 | msm.skill_entry | Downloading skill: https://github.com/mycroftai/skill-volume
2021-11-04 07:42:10.797 | INFO     |  5343 | msm.skill_entry | Installing system requirements...
2021-11-04 07:42:10.835 | INFO     |  5343 | msm.skill_entry | Installing requirements.txt for mycroft-volume
2021-11-04 07:42:11.671 | INFO     |  5343 | msm.skill_entry | Successfully installed mycroft-volume
2021-11-04 07:42:11.671 | INFO     |  5343 | msm.mycroft_skills_manager | invalidating skills cache
2021-11-04 07:42:11.673 | INFO     |  5343 | mycroft.skills.skill_loader:load:185 | ATTEMPTING TO LOAD SKILL: mycroft-volume.mycroftai
2021-11-04 07:42:11.681 | INFO     |  5343 | mycroft.skills.settings:get_local_settings:83 | /opt/mycroft/skills/mycroft-volume.mycroftai/settings.json
2021-11-04 07:42:11.833 | ERROR    |  5343 | VolumeSkill | Couldn't allocate mixer, ALSAAudioError('No such file or directory [default]')
2021-11-04 07:42:14.839 | INFO     |  5343 | mycroft.skills.skill_loader:_check_for_first_run:324 | First run of mycroft-volume.mycroftai
2021-11-04 07:42:14.840 | INFO     |  5343 | mycroft.skills.settings:save_settings:116 | Skill settings successfully saved to /home/runner/.config/mycroft/skills/mycroft-volume.mycroftai/settings.json
2021-11-04 07:42:14.841 | INFO     |  5343 | mycroft.skills.skill_loader:_communicate_load_status:344 | Skill mycroft-volume.mycroftai loaded successfully
2021-11-04 07:42:14.841 | INFO     |  5343 | __main__:on_started:177 | Skills service is starting up.
2021-11-04 07:42:14.950 | INFO     |  5343 | __main__:_update_system:154 | Attempting system update...
2021-11-04 07:42:17.952 | INFO     |  5343 | mycroft.enclosure.display_manager:_write_data:70 | Display Manager is creating /tmp/mycroft/ipc/managers/disp_info
2021-11-04 07:42:17.953 | INFO     |  5343 | __main__:_ensure_device_is_paired:133 | Device not paired, invoking the pairing skill
2021-11-04 07:42:17.953 | INFO     |  5343 | __main__:on_alive:181 | Skills service is alive.
2021-11-04 07:42:17.957 | INFO     |  5343 | msm.mycroft_skills_manager | building SkillEntry objects for all skills
2021-11-04 07:42:18.337 | INFO     |  5343 | PairingSkill | Communicating account URL to user
2021-11-04 07:42:18.444 | WARNING  |  5343 | msm.mycroft_skills_manager | No such default skill: mycroft-pandora
2021-11-04 07:42:18.445 | INFO     |  5343 | mycroft.skills.skill_manager:run:234 | Not all default skills are installed, performing skill update...
2021-11-04 07:42:18.445 | INFO     |  5343 | mycroft.skills.skill_updater:update_skills:149 | Beginning skill update...
2021-11-04 07:42:18.552 | INFO     |  5343 | msm.mycroft_skills_manager | building SkillEntry objects for all skills
2021-11-04 07:42:19.351 | INFO     |  5343 | msm.mycroft_skills_manager | invalidating skills cache
2021-11-04 07:42:19.631 | INFO     |  5343 | msm.skill_entry | Downloading skill: https://github.com/mycroftai/skill-configuration
2021-11-04 07:42:19.631 | INFO     |  5343 | msm.skill_entry | Downloading skill: https://github.com/mycroftai/skill-alarm
2021-11-04 07:42:19.648 | INFO     |  5343 | msm.skill_entry | Downloading skill: https://github.com/mycroftai/skill-date-time
2021-11-04 07:42:19.650 | INFO     |  5343 | msm.skill_entry | Downloading skill: https://github.com/mycroftai/skill-audio-record
2021-11-04 07:42:19.651 | INFO     |  5343 | msm.skill_entry | Downloading skill: https://github.com/mycroftai/fallback-wolfram-alpha
2021-11-04 07:42:19.655 | INFO     |  5343 | msm.skill_entry | Downloading skill: https://github.com/mycroftai/skill-installer
2021-11-04 07:42:19.683 | INFO     |  5343 | msm.skill_entry | Downloading skill: https://github.com/mycroftai/fallback-duckduckgo
2021-11-04 07:42:19.713 | INFO     |  5343 | msm.skill_entry | Downloading skill: https://github.com/mycroftai/skill-joke
2021-11-04 07:42:19.719 | INFO     |  5343 | msm.skill_entry | Downloading skill: https://github.com/mycroftai/skill-personal
2021-11-04 07:42:19.726 | INFO     |  5343 | msm.skill_entry | Downloading skill: https://github.com/mycroftai/skill-hello-world
2021-11-04 07:42:19.762 | INFO     |  5343 | msm.skill_entry | Downloading skill: https://github.com/mycroftai/skill-naptime
2021-11-04 07:42:19.742 | INFO     |  5343 | msm.skill_entry | Downloading skill: https://github.com/mycroftai/skill-reminder
2021-11-04 07:42:19.756 | INFO     |  5343 | msm.skill_entry | Downloading skill: https://github.com/mycroftai/skill-singing
2021-11-04 07:42:19.756 | INFO     |  5343 | msm.skill_entry | Downloading skill: https://github.com/mycroftai/skill-npr-news
2021-11-04 07:42:19.757 | INFO     |  5343 | msm.skill_entry | Downloading skill: https://github.com/mycroftai/skill-ip
2021-11-04 07:42:19.733 | INFO     |  5343 | msm.skill_entry | Downloading skill: https://github.com/mycroftai/skill-playback-control
2021-11-04 07:42:20.204 | INFO     |  5343 | msm.skill_entry | Downloading skill: https://github.com/mycroftai/fallback-unknown
2021-11-04 07:42:20.971 | INFO     |  5343 | msm.skill_entry | Installing system requirements...
2021-11-04 07:42:21.038 | INFO     |  5343 | msm.skill_entry | Installing system requirements...
2021-11-04 07:42:21.045 | INFO     |  5343 | msm.skill_entry | Installing system requirements...
2021-11-04 07:42:21.134 | INFO     |  5343 | msm.skill_entry | Installing system requirements...
2021-11-04 07:42:21.177 | INFO     |  5343 | msm.skill_entry | Installing system requirements...
2021-11-04 07:42:21.227 | INFO     |  5343 | msm.skill_entry | Installing requirements.txt for mycroft-audio-record
2021-11-04 07:42:21.233 | INFO     |  5343 | msm.skill_entry | Installing system requirements...
2021-11-04 07:42:21.243 | INFO     |  5343 | msm.skill_entry | Installing requirements.txt for mycroft-configuration
2021-11-04 07:42:21.350 | INFO     |  5343 | msm.skill_entry | Successfully installed mycroft-hello-world
2021-11-04 07:42:21.351 | INFO     |  5343 | msm.mycroft_skills_manager | invalidating skills cache
2021-11-04 07:42:21.352 | INFO     |  5343 | msm.skill_entry | Downloading skill: https://github.com/mycroftai/skill-speak
2021-11-04 07:42:21.430 | INFO     |  5343 | msm.skill_entry | Installing requirements.txt for mycroft-fallback-duck-duck-go
2021-11-04 07:42:21.431 | INFO     |  5343 | msm.skill_entry | Installing system requirements...
2021-11-04 07:42:21.513 | INFO     |  5343 | msm.skill_entry | Successfully installed mycroft-naptime
2021-11-04 07:42:21.514 | INFO     |  5343 | msm.mycroft_skills_manager | invalidating skills cache
2021-11-04 07:42:21.515 | INFO     |  5343 | msm.skill_entry | Downloading skill: https://github.com/mycroftai/skill-spelling
2021-11-04 07:42:21.523 | INFO     |  5343 | msm.skill_entry | Successfully installed mycroft-personal
2021-11-04 07:42:21.524 | INFO     |  5343 | msm.mycroft_skills_manager | invalidating skills cache
2021-11-04 07:42:21.529 | INFO     |  5343 | msm.skill_entry | Installing requirements.txt for mycroft-joke
2021-11-04 07:42:21.538 | INFO     |  5343 | msm.skill_entry | Downloading skill: https://github.com/mycroftai/skill-stop
2021-11-04 07:42:21.571 | INFO     |  5343 | msm.skill_entry | Installing system requirements...
2021-11-04 07:42:21.639 | INFO     |  5343 | msm.skill_entry | Installing system requirements...
2021-11-04 07:42:21.649 | INFO     |  5343 | msm.skill_entry | Installing system requirements...
2021-11-04 07:42:21.718 | INFO     |  5343 | msm.skill_entry | Installing system requirements...
2021-11-04 07:42:21.725 | INFO     |  5343 | msm.skill_entry | Installing system requirements...
2021-11-04 07:42:21.794 | INFO     |  5343 | msm.skill_entry | Installing requirements.txt for fallback-wolfram-alpha
2021-11-04 07:42:21.833 | INFO     |  5343 | msm.skill_entry | Successfully installed fallback-unknown
2021-11-04 07:42:21.834 | INFO     |  5343 | msm.mycroft_skills_manager | invalidating skills cache
2021-11-04 07:42:21.835 | INFO     |  5343 | msm.skill_entry | Downloading skill: https://github.com/mycroftai/skill-support
2021-11-04 07:42:21.846 | INFO     |  5343 | msm.skill_entry | Successfully installed mycroft-playback-control
2021-11-04 07:42:21.846 | INFO     |  5343 | msm.mycroft_skills_manager | invalidating skills cache
2021-11-04 07:42:21.847 | INFO     |  5343 | msm.skill_entry | Downloading skill: https://github.com/mycroftai/mycroft-timer
2021-11-04 07:42:21.889 | INFO     |  5343 | msm.skill_entry | Successfully installed mycroft-reminder
2021-11-04 07:42:21.890 | INFO     |  5343 | msm.mycroft_skills_manager | invalidating skills cache
2021-11-04 07:42:21.891 | INFO     |  5343 | msm.skill_entry | Downloading skill: https://github.com/mycroftai/skill-weather
2021-11-04 07:42:21.893 | INFO     |  5343 | msm.skill_entry | Installing requirements.txt for mycroft-ip
2021-11-04 07:42:21.934 | INFO     |  5343 | msm.skill_entry | Installing system requirements...
2021-11-04 07:42:21.983 | INFO     |  5343 | msm.skill_entry | Installing system requirements...
2021-11-04 07:42:22.005 | INFO     |  5343 | msm.skill_entry | Installing system requirements...
2021-11-04 07:42:22.019 | INFO     |  5343 | msm.skill_entry | Installing requirements.txt for mycroft-npr-news
2021-11-04 07:42:22.040 | ERROR    |  5343 | msm.mycroft_skills_manager | Error running install_or_update on homeassistant.mycroftai: MergeConflict
2021-11-04 07:42:22.081 | INFO     |  5343 | msm.skill_entry | Nothing new for mycroft-pairing
2021-11-04 07:42:22.087 | INFO     |  5343 | msm.skill_entry | Downloading skill: https://github.com/mycroftai/skill-version-checker
2021-11-04 07:42:22.106 | INFO     |  5343 | msm.skill_entry | Installing system requirements...
2021-11-04 07:42:22.125 | INFO     |  5343 | msm.skill_entry | Installing requirements.txt for mycroft-date-time
2021-11-04 07:42:22.126 | INFO     |  5343 | msm.skill_entry | Installing requirements.txt for mycroft-installer
2021-11-04 07:42:22.280 | INFO     |  5343 | msm.skill_entry | Downloading skill: https://github.com/mycroftai/skill-wiki
2021-11-04 07:42:22.388 | INFO     |  5343 | msm.skill_entry | Installing system requirements...
2021-11-04 07:42:22.442 | INFO     |  5343 | msm.skill_entry | Installing requirements.txt for mycroft-alarm
2021-11-04 07:42:22.526 | INFO     |  5343 | msm.skill_entry | Nothing new for mycroft-volume
2021-11-04 07:42:22.616 | INFO     |  5343 | msm.skill_entry | Installing system requirements...
2021-11-04 07:42:22.640 | INFO     |  5343 | msm.skill_entry | Installing system requirements...
2021-11-04 07:42:22.679 | INFO     |  5343 | msm.skill_entry | Installing requirements.txt for mycroft-volume
2021-11-04 07:42:22.695 | INFO     |  5343 | msm.skill_entry | Successfully installed mycroft-speak
2021-11-04 07:42:22.695 | INFO     |  5343 | msm.mycroft_skills_manager | invalidating skills cache
2021-11-04 07:42:22.697 | INFO     |  5343 | msm.skill_entry | Downloading skill: https://github.com/MycroftAI/skill-query
2021-11-04 07:42:22.779 | INFO     |  5343 | msm.skill_entry | Installing system requirements...
2021-11-04 07:42:22.839 | INFO     |  5343 | msm.skill_entry | Successfully installed mycroft-spelling
2021-11-04 07:42:22.839 | INFO     |  5343 | msm.mycroft_skills_manager | invalidating skills cache
2021-11-04 07:42:23.006 | INFO     |  5343 | msm.skill_entry | Installing system requirements...
2021-11-04 07:42:23.072 | INFO     |  5343 | msm.skill_entry | Installing system requirements...
2021-11-04 07:42:23.164 | INFO     |  5343 | msm.skill_entry | Successfully installed mycroft-stop
2021-11-04 07:42:23.164 | INFO     |  5343 | msm.mycroft_skills_manager | invalidating skills cache
2021-11-04 07:42:23.237 | INFO     |  5343 | msm.skill_entry | Installing requirements.txt for mycroft-support-helper
2021-11-04 07:42:23.311 | INFO     |  5343 | msm.skill_entry | Installing system requirements...
2021-11-04 07:42:23.384 | INFO     |  5343 | msm.skill_entry | Successfully installed mycroft-version-checker
2021-11-04 07:42:23.384 | INFO     |  5343 | msm.mycroft_skills_manager | invalidating skills cache
2021-11-04 07:42:23.453 | INFO     |  5343 | msm.skill_entry | Installing system requirements...
2021-11-04 07:42:23.536 | INFO     |  5343 | msm.skill_entry | Installing requirements.txt for mycroft-wiki
2021-11-04 07:42:23.599 | ERROR    |  5343 | msm.mycroft_skills_manager | Error running install_or_update on homeassistant: MergeConflict
2021-11-04 07:42:23.619 | INFO     |  5343 | msm.skill_entry | Installing system requirements...
2021-11-04 07:42:23.634 | INFO     |  5343 | msm.skill_entry | Successfully installed mycroft-timer
2021-11-04 07:42:23.634 | INFO     |  5343 | msm.mycroft_skills_manager | invalidating skills cache
2021-11-04 07:42:24.079 | INFO     |  5343 | msm.skill_entry | Installing system requirements...
2021-11-04 07:42:24.109 | INFO     |  5343 | msm.skill_entry | Installing requirements.txt for mycroft-weather
2021-11-04 07:42:24.172 | INFO     |  5343 | msm.skill_entry | Installing system requirements...
2021-11-04 07:42:24.183 | INFO     |  5343 | msm.skill_entry | Successfully installed fallback-query
2021-11-04 07:42:24.183 | INFO     |  5343 | msm.mycroft_skills_manager | invalidating skills cache
2021-11-04 07:42:24.230 | INFO     |  5343 | msm.skill_entry | Successfully installed mycroft-audio-record
2021-11-04 07:42:24.231 | INFO     |  5343 | msm.mycroft_skills_manager | invalidating skills cache
2021-11-04 07:42:24.383 | INFO     |  5343 | msm.skill_entry | Installing system requirements...
2021-11-04 07:42:24.395 | INFO     |  5343 | msm.skill_entry | Successfully installed mycroft-singing
2021-11-04 07:42:24.396 | INFO     |  5343 | msm.mycroft_skills_manager | invalidating skills cache
2021-11-04 07:42:26.776 | INFO     |  5343 | msm.skill_entry | Successfully installed mycroft-configuration
2021-11-04 07:42:26.777 | INFO     |  5343 | msm.mycroft_skills_manager | invalidating skills cache
2021-11-04 07:42:28.282 | INFO     |  5343 | msm.skill_entry | Successfully installed mycroft-fallback-duck-duck-go
2021-11-04 07:42:28.282 | INFO     |  5343 | msm.mycroft_skills_manager | invalidating skills cache
2021-11-04 07:42:29.421 | INFO     |  5343 | msm.skill_entry | Successfully installed mycroft-joke
2021-11-04 07:42:29.421 | INFO     |  5343 | msm.mycroft_skills_manager | invalidating skills cache
2021-11-04 07:42:33.451 | INFO     |  5343 | msm.skill_entry | Successfully installed fallback-wolfram-alpha
2021-11-04 07:42:33.452 | INFO     |  5343 | msm.mycroft_skills_manager | invalidating skills cache
2021-11-04 07:42:34.341 | INFO     |  5343 | msm.skill_entry | Successfully installed mycroft-ip
2021-11-04 07:42:34.342 | INFO     |  5343 | msm.mycroft_skills_manager | invalidating skills cache
2021-11-04 07:42:37.493 | INFO     |  5343 | msm.skill_entry | Successfully installed mycroft-npr-news
2021-11-04 07:42:37.493 | INFO     |  5343 | msm.mycroft_skills_manager | invalidating skills cache
2021-11-04 07:42:48.681 | INFO     |  5343 | PairingSkill | Initiating device pairing sequence...
2021-11-04 07:42:48.681 | INFO     |  5343 | PairingSkill | Retrieving pairing code from device API...
2021-11-04 07:42:48.943 | INFO     |  5343 | PairingSkill | Pairing code obtained: CHPC7X
2021-11-04 07:42:48.943 | INFO     |  5343 | PairingSkill | Communicating pairing URL to user
2021-11-04 07:42:53.930 | INFO     |  5343 | msm.skill_entry | Successfully installed mycroft-date-time
2021-11-04 07:42:53.931 | INFO     |  5343 | msm.mycroft_skills_manager | invalidating skills cache
2021-11-04 07:42:54.883 | INFO     |  5343 | msm.skill_entry | Successfully installed mycroft-installer
2021-11-04 07:42:54.883 | INFO     |  5343 | msm.mycroft_skills_manager | invalidating skills cache
2021-11-04 07:42:55.804 | INFO     |  5343 | msm.skill_entry | Successfully installed mycroft-alarm
2021-11-04 07:42:55.804 | INFO     |  5343 | msm.mycroft_skills_manager | invalidating skills cache
2021-11-04 07:42:59.332 | INFO     |  5343 | msm.skill_entry | Successfully installed mycroft-support-helper
2021-11-04 07:42:59.333 | INFO     |  5343 | msm.mycroft_skills_manager | invalidating skills cache
2021-11-04 07:43:01.154 | INFO     |  5343 | msm.skill_entry | Successfully installed mycroft-wiki
2021-11-04 07:43:01.155 | INFO     |  5343 | msm.mycroft_skills_manager | invalidating skills cache
2021-11-04 07:43:02.152 | INFO     |  5343 | msm.skill_entry | Successfully installed mycroft-weather
2021-11-04 07:43:02.152 | INFO     |  5343 | msm.mycroft_skills_manager | invalidating skills cache
2021-11-04 07:43:02.164 | INFO     |  5343 | mycroft.skills.skill_updater:_log_next_download_time:267 | Next scheduled skill update: 2021-11-04 08:43:02.163834
2021-11-04 07:43:02.164 | INFO     |  5343 | mycroft.skills.skill_updater:update_skills:170 | Skill update complete
2021-11-04 07:43:02.164 | INFO     |  5343 | mycroft.skills.skill_manager:_load_on_startup:273 | Loading installed skills...
2021-11-04 07:43:02.166 | INFO     |  5343 | mycroft.skills.skill_loader:load:185 | ATTEMPTING TO LOAD SKILL: mycroft-fallback-duck-duck-go.mycroftai
2021-11-04 07:43:02.272 | INFO     |  5343 | mycroft.skills.settings:get_local_settings:83 | /opt/mycroft/skills/mycroft-fallback-duck-duck-go.mycroftai/settings.json
2021-11-04 07:43:02.282 | INFO     |  5343 | mycroft.skills.skill_loader:_check_for_first_run:324 | First run of mycroft-fallback-duck-duck-go.mycroftai
2021-11-04 07:43:02.283 | INFO     |  5343 | mycroft.skills.settings:save_settings:116 | Skill settings successfully saved to /home/runner/.config/mycroft/skills/mycroft-fallback-duck-duck-go.mycroftai/settings.json
2021-11-04 07:43:02.284 | INFO     |  5343 | mycroft.skills.skill_loader:_communicate_load_status:344 | Skill mycroft-fallback-duck-duck-go.mycroftai loaded successfully
2021-11-04 07:43:02.285 | INFO     |  5343 | mycroft.skills.skill_loader:load:185 | ATTEMPTING TO LOAD SKILL: mycroft-timer.mycroftai
2021-11-04 07:43:02.300 | INFO     |  5343 | mycroft.skills.settings:get_local_settings:83 | /opt/mycroft/skills/mycroft-timer.mycroftai/settings.json
2021-11-04 07:43:02.332 | INFO     |  5343 | mycroft.skills.skill_loader:_check_for_first_run:324 | First run of mycroft-timer.mycroftai
2021-11-04 07:43:02.333 | INFO     |  5343 | mycroft.skills.settings:save_settings:116 | Skill settings successfully saved to /home/runner/.config/mycroft/skills/mycroft-timer.mycroftai/settings.json
2021-11-04 07:43:02.351 | INFO     |  5343 | mycroft.skills.skill_loader:_communicate_load_status:344 | Skill mycroft-timer.mycroftai loaded successfully
2021-11-04 07:43:02.370 | INFO     |  5343 | mycroft.skills.skill_loader:load:185 | ATTEMPTING TO LOAD SKILL: fallback-unknown.mycroftai
2021-11-04 07:43:02.373 | INFO     |  5343 | mycroft.skills.settings:get_local_settings:83 | /opt/mycroft/skills/fallback-unknown.mycroftai/settings.json
2021-11-04 07:43:02.396 | INFO     |  5343 | mycroft.skills.skill_loader:_check_for_first_run:324 | First run of fallback-unknown.mycroftai
2021-11-04 07:43:02.397 | INFO     |  5343 | mycroft.skills.settings:save_settings:116 | Skill settings successfully saved to /home/runner/.config/mycroft/skills/fallback-unknown.mycroftai/settings.json
2021-11-04 07:43:02.398 | INFO     |  5343 | mycroft.skills.skill_loader:_communicate_load_status:344 | Skill fallback-unknown.mycroftai loaded successfully
2021-11-04 07:43:02.398 | INFO     |  5343 | mycroft.skills.skill_loader:load:185 | ATTEMPTING TO LOAD SKILL: mycroft-date-time.mycroftai
2021-11-04 07:43:03.026 | INFO     |  5343 | mycroft.skills.settings:get_local_settings:83 | /opt/mycroft/skills/mycroft-date-time.mycroftai/settings.json
2021-11-04 07:43:03.055 | INFO     |  5343 | TimeSkill | Registering resting screen <bound method TimeSkill.handle_idle of <mycroft-date-time_mycroftai.TimeSkill object at 0x7f2fa8489910>> for Time and Date.
2021-11-04 07:43:03.064 | INFO     |  5343 | TimeSkill | Registering resting screen
2021-11-04 07:43:03.074 | INFO     |  5343 | mycroft.skills.skill_loader:_check_for_first_run:324 | First run of mycroft-date-time.mycroftai
2021-11-04 07:43:03.076 | INFO     |  5343 | mycroft.skills.settings:save_settings:116 | Skill settings successfully saved to /home/runner/.config/mycroft/skills/mycroft-date-time.mycroftai/settings.json
2021-11-04 07:43:03.176 | INFO     |  5343 | mycroft.skills.skill_loader:_communicate_load_status:344 | Skill mycroft-date-time.mycroftai loaded successfully
2021-11-04 07:43:03.177 | INFO     |  5343 | mycroft.skills.skill_loader:load:185 | ATTEMPTING TO LOAD SKILL: mycroft-playback-control.mycroftai
2021-11-04 07:43:03.183 | INFO     |  5343 | mycroft.skills.settings:get_local_settings:83 | /opt/mycroft/skills/mycroft-playback-control.mycroftai/settings.json
2021-11-04 07:43:03.227 | INFO     |  5343 | mycroft.skills.skill_loader:_check_for_first_run:324 | First run of mycroft-playback-control.mycroftai
2021-11-04 07:43:03.227 | INFO     |  5343 | mycroft.skills.settings:save_settings:116 | Skill settings successfully saved to /home/runner/.config/mycroft/skills/mycroft-playback-control.mycroftai/settings.json
2021-11-04 07:43:03.269 | INFO     |  5343 | mycroft.skills.skill_loader:_communicate_load_status:344 | Skill mycroft-playback-control.mycroftai loaded successfully
2021-11-04 07:43:03.269 | INFO     |  5343 | mycroft.skills.skill_loader:load:185 | ATTEMPTING TO LOAD SKILL: mycroft-speak.mycroftai
2021-11-04 07:43:03.273 | INFO     |  5343 | mycroft.skills.settings:get_local_settings:83 | /opt/mycroft/skills/mycroft-speak.mycroftai/settings.json
2021-11-04 07:43:03.289 | INFO     |  5343 | mycroft.skills.skill_loader:_check_for_first_run:324 | First run of mycroft-speak.mycroftai
2021-11-04 07:43:03.290 | INFO     |  5343 | mycroft.skills.settings:save_settings:116 | Skill settings successfully saved to /home/runner/.config/mycroft/skills/mycroft-speak.mycroftai/settings.json
2021-11-04 07:43:03.311 | INFO     |  5343 | mycroft.skills.skill_loader:_communicate_load_status:344 | Skill mycroft-speak.mycroftai loaded successfully
2021-11-04 07:43:03.311 | INFO     |  5343 | mycroft.skills.skill_loader:load:185 | ATTEMPTING TO LOAD SKILL: mycroft-stop.mycroftai
2021-11-04 07:43:03.315 | INFO     |  5343 | mycroft.skills.settings:get_local_settings:83 | /opt/mycroft/skills/mycroft-stop.mycroftai/settings.json
2021-11-04 07:43:03.343 | INFO     |  5343 | mycroft.skills.skill_loader:_check_for_first_run:324 | First run of mycroft-stop.mycroftai
2021-11-04 07:43:03.343 | INFO     |  5343 | mycroft.skills.settings:save_settings:116 | Skill settings successfully saved to /home/runner/.config/mycroft/skills/mycroft-stop.mycroftai/settings.json
2021-11-04 07:43:03.358 | INFO     |  5343 | mycroft.skills.skill_loader:_communicate_load_status:344 | Skill mycroft-stop.mycroftai loaded successfully
2021-11-04 07:43:03.359 | INFO     |  5343 | mycroft.skills.skill_loader:load:185 | ATTEMPTING TO LOAD SKILL: mycroft-installer.mycroftai
2021-11-04 07:43:03.365 | INFO     |  5343 | mycroft.skills.settings:get_local_settings:83 | /opt/mycroft/skills/mycroft-installer.mycroftai/settings.json
2021-11-04 07:43:03.384 | INFO     |  5343 | mycroft.skills.skill_loader:_check_for_first_run:324 | First run of mycroft-installer.mycroftai
2021-11-04 07:43:03.385 | INFO     |  5343 | mycroft.skills.settings:save_settings:116 | Skill settings successfully saved to /home/runner/.config/mycroft/skills/mycroft-installer.mycroftai/settings.json
2021-11-04 07:43:03.410 | INFO     |  5343 | mycroft.skills.skill_loader:_communicate_load_status:344 | Skill mycroft-installer.mycroftai loaded successfully
2021-11-04 07:43:03.411 | INFO     |  5343 | mycroft.skills.skill_loader:load:185 | ATTEMPTING TO LOAD SKILL: mycroft-ip.mycroftai
2021-11-04 07:43:03.437 | INFO     |  5343 | mycroft.skills.settings:get_local_settings:83 | /opt/mycroft/skills/mycroft-ip.mycroftai/settings.json
2021-11-04 07:43:03.446 | INFO     |  5343 | mycroft.skills.skill_loader:_check_for_first_run:324 | First run of mycroft-ip.mycroftai
2021-11-04 07:43:03.448 | INFO     |  5343 | mycroft.skills.settings:save_settings:116 | Skill settings successfully saved to /home/runner/.config/mycroft/skills/mycroft-ip.mycroftai/settings.json
2021-11-04 07:43:03.473 | INFO     |  5343 | mycroft.skills.skill_loader:_communicate_load_status:344 | Skill mycroft-ip.mycroftai loaded successfully
2021-11-04 07:43:03.475 | INFO     |  5343 | mycroft.skills.skill_loader:load:185 | ATTEMPTING TO LOAD SKILL: mycroft-npr-news.mycroftai
2021-11-04 07:43:03.718 | INFO     |  5343 | mycroft.skills.settings:get_local_settings:83 | /opt/mycroft/skills/mycroft-npr-news.mycroftai/settings.json
2021-11-04 07:43:04.766 | INFO     |  5343 | mycroft.skills.skill_loader:_check_for_first_run:324 | First run of mycroft-npr-news.mycroftai
2021-11-04 07:43:04.767 | INFO     |  5343 | mycroft.skills.settings:save_settings:116 | Skill settings successfully saved to /home/runner/.config/mycroft/skills/mycroft-npr-news.mycroftai/settings.json
2021-11-04 07:43:04.767 | INFO     |  5343 | mycroft.skills.skill_loader:_communicate_load_status:344 | Skill mycroft-npr-news.mycroftai loaded successfully
2021-11-04 07:43:04.795 | INFO     |  5343 | mycroft.skills.skill_loader:load:185 | ATTEMPTING TO LOAD SKILL: mycroft-alarm.mycroftai
2021-11-04 07:43:04.842 | INFO     |  5343 | mycroft.skills.settings:get_local_settings:83 | /opt/mycroft/skills/mycroft-alarm.mycroftai/settings.json
2021-11-04 07:43:04.865 | ERROR    |  5343 | AlarmSkill | Couldn't allocate mixer, ALSAAudioError('No such file or directory [default]')
2021-11-04 07:43:05.103 | INFO     |  5343 | mycroft.skills.skill_loader:_check_for_first_run:324 | First run of mycroft-alarm.mycroftai
2021-11-04 07:43:05.103 | INFO     |  5343 | mycroft.skills.settings:save_settings:116 | Skill settings successfully saved to /home/runner/.config/mycroft/skills/mycroft-alarm.mycroftai/settings.json
2021-11-04 07:43:05.118 | INFO     |  5343 | mycroft.skills.skill_loader:_communicate_load_status:344 | Skill mycroft-alarm.mycroftai loaded successfully
2021-11-04 07:43:05.123 | INFO     |  5343 | mycroft.skills.skill_loader:load:185 | ATTEMPTING TO LOAD SKILL: mycroft-reminder.mycroftai
2021-11-04 07:43:05.207 | INFO     |  5343 | mycroft.skills.settings:get_local_settings:83 | /opt/mycroft/skills/mycroft-reminder.mycroftai/settings.json
2021-11-04 07:43:05.362 | INFO     |  5343 | mycroft.skills.skill_loader:_check_for_first_run:324 | First run of mycroft-reminder.mycroftai
2021-11-04 07:43:05.368 | INFO     |  5343 | mycroft.skills.settings:save_settings:116 | Skill settings successfully saved to /home/runner/.config/mycroft/skills/mycroft-reminder.mycroftai/settings.json
2021-11-04 07:43:05.374 | INFO     |  5343 | mycroft.skills.skill_loader:_communicate_load_status:344 | Skill mycroft-reminder.mycroftai loaded successfully
2021-11-04 07:43:05.383 | INFO     |  5343 | mycroft.skills.skill_loader:load:185 | ATTEMPTING TO LOAD SKILL: mycroft-naptime.mycroftai
2021-11-04 07:43:05.427 | INFO     |  5343 | mycroft.skills.settings:get_local_settings:83 | /opt/mycroft/skills/mycroft-naptime.mycroftai/settings.json
2021-11-04 07:43:05.499 | INFO     |  5343 | mycroft.skills.skill_loader:_check_for_first_run:324 | First run of mycroft-naptime.mycroftai
2021-11-04 07:43:05.500 | INFO     |  5343 | mycroft.skills.settings:save_settings:116 | Skill settings successfully saved to /home/runner/.config/mycroft/skills/mycroft-naptime.mycroftai/settings.json
2021-11-04 07:43:05.514 | INFO     |  5343 | mycroft.skills.skill_loader:_communicate_load_status:344 | Skill mycroft-naptime.mycroftai loaded successfully
2021-11-04 07:43:05.514 | INFO     |  5343 | mycroft.skills.skill_loader:load:185 | ATTEMPTING TO LOAD SKILL: mycroft-joke.mycroftai
2021-11-04 07:43:05.581 | INFO     |  5343 | mycroft.skills.settings:get_local_settings:83 | /opt/mycroft/skills/mycroft-joke.mycroftai/settings.json
2021-11-04 07:43:05.666 | INFO     |  5343 | mycroft.skills.skill_loader:_check_for_first_run:324 | First run of mycroft-joke.mycroftai
2021-11-04 07:43:05.666 | INFO     |  5343 | mycroft.skills.settings:save_settings:116 | Skill settings successfully saved to /home/runner/.config/mycroft/skills/mycroft-joke.mycroftai/settings.json
2021-11-04 07:43:05.675 | INFO     |  5343 | mycroft.skills.skill_loader:_communicate_load_status:344 | Skill mycroft-joke.mycroftai loaded successfully
2021-11-04 07:43:05.680 | INFO     |  5343 | mycroft.skills.skill_loader:load:185 | ATTEMPTING TO LOAD SKILL: mycroft-personal.mycroftai
2021-11-04 07:43:05.713 | INFO     |  5343 | mycroft.skills.settings:get_local_settings:83 | /opt/mycroft/skills/mycroft-personal.mycroftai/settings.json
2021-11-04 07:43:05.805 | INFO     |  5343 | mycroft.skills.skill_loader:_check_for_first_run:324 | First run of mycroft-personal.mycroftai
2021-11-04 07:43:05.809 | INFO     |  5343 | mycroft.skills.settings:save_settings:116 | Skill settings successfully saved to /home/runner/.config/mycroft/skills/mycroft-personal.mycroftai/settings.json
2021-11-04 07:43:05.812 | INFO     |  5343 | mycroft.skills.skill_loader:_communicate_load_status:344 | Skill mycroft-personal.mycroftai loaded successfully
2021-11-04 07:43:05.812 | INFO     |  5343 | mycroft.skills.skill_loader:load:185 | ATTEMPTING TO LOAD SKILL: mycroft-support-helper.mycroftai
2021-11-04 07:43:05.842 | INFO     |  5343 | mycroft.skills.settings:get_local_settings:83 | /opt/mycroft/skills/mycroft-support-helper.mycroftai/settings.json
2021-11-04 07:43:05.870 | INFO     |  5343 | mycroft.skills.skill_loader:_check_for_first_run:324 | First run of mycroft-support-helper.mycroftai
2021-11-04 07:43:05.871 | INFO     |  5343 | mycroft.skills.settings:save_settings:116 | Skill settings successfully saved to /home/runner/.config/mycroft/skills/mycroft-support-helper.mycroftai/settings.json
2021-11-04 07:43:05.876 | INFO     |  5343 | mycroft.skills.skill_loader:_communicate_load_status:344 | Skill mycroft-support-helper.mycroftai loaded successfully
2021-11-04 07:43:05.877 | INFO     |  5343 | mycroft.skills.skill_loader:load:185 | ATTEMPTING TO LOAD SKILL: mycroft-wiki.mycroftai
2021-11-04 07:43:05.908 | INFO     |  5343 | mycroft.skills.settings:get_local_settings:83 | /opt/mycroft/skills/mycroft-wiki.mycroftai/settings.json
2021-11-04 07:43:05.952 | INFO     |  5343 | mycroft.skills.skill_loader:_check_for_first_run:324 | First run of mycroft-wiki.mycroftai
2021-11-04 07:43:05.955 | INFO     |  5343 | mycroft.skills.settings:save_settings:116 | Skill settings successfully saved to /home/runner/.config/mycroft/skills/mycroft-wiki.mycroftai/settings.json
2021-11-04 07:43:05.960 | INFO     |  5343 | mycroft.skills.skill_loader:_communicate_load_status:344 | Skill mycroft-wiki.mycroftai loaded successfully
2021-11-04 07:43:05.961 | INFO     |  5343 | mycroft.skills.skill_loader:load:185 | ATTEMPTING TO LOAD SKILL: mycroft-hello-world.mycroftai
2021-11-04 07:43:05.977 | INFO     |  5343 | mycroft.skills.settings:get_local_settings:83 | /opt/mycroft/skills/mycroft-hello-world.mycroftai/settings.json
2021-11-04 07:43:06.020 | INFO     |  5343 | mycroft.skills.skill_loader:_check_for_first_run:324 | First run of mycroft-hello-world.mycroftai
2021-11-04 07:43:06.024 | INFO     |  5343 | mycroft.skills.settings:save_settings:116 | Skill settings successfully saved to /home/runner/.config/mycroft/skills/mycroft-hello-world.mycroftai/settings.json
2021-11-04 07:43:06.025 | INFO     |  5343 | mycroft.skills.skill_loader:_communicate_load_status:344 | Skill mycroft-hello-world.mycroftai loaded successfully
2021-11-04 07:43:06.029 | INFO     |  5343 | mycroft.skills.skill_loader:load:185 | ATTEMPTING TO LOAD SKILL: mycroft-weather.mycroftai
2021-11-04 07:43:06.108 | INFO     |  5343 | mycroft.skills.settings:get_local_settings:83 | /opt/mycroft/skills/mycroft-weather.mycroftai/settings.json
2021-11-04 07:43:06.468 | INFO     |  5343 | mycroft.skills.skill_loader:_check_for_first_run:324 | First run of mycroft-weather.mycroftai
2021-11-04 07:43:06.469 | INFO     |  5343 | mycroft.skills.settings:save_settings:116 | Skill settings successfully saved to /home/runner/.config/mycroft/skills/mycroft-weather.mycroftai/settings.json
2021-11-04 07:43:06.470 | INFO     |  5343 | mycroft.skills.skill_loader:_communicate_load_status:344 | Skill mycroft-weather.mycroftai loaded successfully
2021-11-04 07:43:06.470 | INFO     |  5343 | mycroft.skills.skill_loader:load:185 | ATTEMPTING TO LOAD SKILL: mycroft-configuration.mycroftai
2021-11-04 07:43:06.480 | INFO     |  5343 | mycroft.skills.settings:get_local_settings:83 | /opt/mycroft/skills/mycroft-configuration.mycroftai/settings.json
2021-11-04 07:43:06.556 | INFO     |  5343 | mycroft.skills.skill_loader:_check_for_first_run:324 | First run of mycroft-configuration.mycroftai
2021-11-04 07:43:06.556 | INFO     |  5343 | mycroft.skills.settings:save_settings:116 | Skill settings successfully saved to /home/runner/.config/mycroft/skills/mycroft-configuration.mycroftai/settings.json
2021-11-04 07:43:06.565 | INFO     |  5343 | mycroft.skills.skill_loader:_communicate_load_status:344 | Skill mycroft-configuration.mycroftai loaded successfully
2021-11-04 07:43:06.569 | INFO     |  5343 | mycroft.skills.skill_loader:load:185 | ATTEMPTING TO LOAD SKILL: homeassistant.mycroftai
2021-11-04 07:43:07.152 | INFO     |  5343 | mycroft.skills.settings:get_local_settings:83 | /opt/mycroft/skills/homeassistant.mycroftai/settings.json
2021-11-04 07:43:07.156 | INFO     |  5343 | mycroft.skills.settings:get_local_settings:83 | /opt/mycroft/skills/homeassistant.mycroftai/settings.json
2021-11-04 07:43:07.254 | INFO     |  5343 | mycroft.skills.skill_loader:_communicate_load_status:344 | Skill homeassistant.mycroftai loaded successfully
2021-11-04 07:43:07.254 | INFO     |  5343 | mycroft.skills.skill_loader:load:185 | ATTEMPTING TO LOAD SKILL: mycroft-audio-record.mycroftai
2021-11-04 07:43:07.259 | INFO     |  5343 | mycroft.skills.settings:get_local_settings:83 | /opt/mycroft/skills/mycroft-audio-record.mycroftai/settings.json
2021-11-04 07:43:07.320 | INFO     |  5343 | mycroft.skills.skill_loader:_check_for_first_run:324 | First run of mycroft-audio-record.mycroftai
2021-11-04 07:43:07.320 | INFO     |  5343 | mycroft.skills.settings:save_settings:116 | Skill settings successfully saved to /home/runner/.config/mycroft/skills/mycroft-audio-record.mycroftai/settings.json
2021-11-04 07:43:07.327 | INFO     |  5343 | mycroft.skills.skill_loader:_communicate_load_status:344 | Skill mycroft-audio-record.mycroftai loaded successfully
2021-11-04 07:43:07.327 | INFO     |  5343 | mycroft.skills.skill_loader:load:185 | ATTEMPTING TO LOAD SKILL: mycroft-version-checker.mycroftai
2021-11-04 07:43:07.360 | INFO     |  5343 | mycroft.skills.settings:get_local_settings:83 | /opt/mycroft/skills/mycroft-version-checker.mycroftai/settings.json
2021-11-04 07:43:07.390 | INFO     |  5343 | mycroft.skills.skill_loader:_check_for_first_run:324 | First run of mycroft-version-checker.mycroftai
2021-11-04 07:43:07.391 | INFO     |  5343 | mycroft.skills.settings:save_settings:116 | Skill settings successfully saved to /home/runner/.config/mycroft/skills/mycroft-version-checker.mycroftai/settings.json
2021-11-04 07:43:07.391 | INFO     |  5343 | mycroft.skills.skill_loader:_communicate_load_status:344 | Skill mycroft-version-checker.mycroftai loaded successfully
2021-11-04 07:43:07.413 | INFO     |  5343 | mycroft.skills.skill_loader:load:185 | ATTEMPTING TO LOAD SKILL: fallback-wolfram-alpha.mycroftai
2021-11-04 07:43:07.533 | INFO     |  5343 | mycroft.skills.settings:get_local_settings:83 | /opt/mycroft/skills/fallback-wolfram-alpha.mycroftai/settings.json
2021-11-04 07:43:07.574 | INFO     |  5343 | mycroft.skills.skill_loader:_check_for_first_run:324 | First run of fallback-wolfram-alpha.mycroftai
2021-11-04 07:43:07.574 | INFO     |  5343 | mycroft.skills.settings:save_settings:116 | Skill settings successfully saved to /home/runner/.config/mycroft/skills/fallback-wolfram-alpha.mycroftai/settings.json
2021-11-04 07:43:07.589 | INFO     |  5343 | mycroft.skills.skill_loader:_communicate_load_status:344 | Skill fallback-wolfram-alpha.mycroftai loaded successfully
2021-11-04 07:43:07.589 | INFO     |  5343 | mycroft.skills.skill_loader:load:185 | ATTEMPTING TO LOAD SKILL: mycroft-spelling.mycroftai
2021-11-04 07:43:07.614 | INFO     |  5343 | mycroft.skills.settings:get_local_settings:83 | /opt/mycroft/skills/mycroft-spelling.mycroftai/settings.json
2021-11-04 07:43:07.629 | INFO     |  5343 | mycroft.skills.skill_loader:_check_for_first_run:324 | First run of mycroft-spelling.mycroftai
2021-11-04 07:43:07.630 | INFO     |  5343 | mycroft.skills.settings:save_settings:116 | Skill settings successfully saved to /home/runner/.config/mycroft/skills/mycroft-spelling.mycroftai/settings.json
2021-11-04 07:43:07.647 | INFO     |  5343 | mycroft.skills.skill_loader:_communicate_load_status:344 | Skill mycroft-spelling.mycroftai loaded successfully
2021-11-04 07:43:07.648 | INFO     |  5343 | mycroft.skills.skill_loader:load:185 | ATTEMPTING TO LOAD SKILL: fallback-query.mycroftai
2021-11-04 07:43:07.663 | INFO     |  5343 | mycroft.skills.settings:get_local_settings:83 | /opt/mycroft/skills/fallback-query.mycroftai/settings.json
2021-11-04 07:43:07.699 | INFO     |  5343 | mycroft.skills.skill_loader:_check_for_first_run:324 | First run of fallback-query.mycroftai
2021-11-04 07:43:07.700 | INFO     |  5343 | mycroft.skills.settings:save_settings:116 | Skill settings successfully saved to /home/runner/.config/mycroft/skills/fallback-query.mycroftai/settings.json
2021-11-04 07:43:07.708 | INFO     |  5343 | mycroft.skills.skill_loader:_communicate_load_status:344 | Skill fallback-query.mycroftai loaded successfully
2021-11-04 07:43:07.711 | INFO     |  5343 | mycroft.skills.skill_loader:load:185 | ATTEMPTING TO LOAD SKILL: mycroft-singing.mycroftai
2021-11-04 07:43:07.720 | INFO     |  5343 | mycroft.skills.settings:get_local_settings:83 | /opt/mycroft/skills/mycroft-singing.mycroftai/settings.json
2021-11-04 07:43:07.762 | INFO     |  5343 | mycroft.skills.skill_loader:_check_for_first_run:324 | First run of mycroft-singing.mycroftai
2021-11-04 07:43:07.763 | INFO     |  5343 | mycroft.skills.settings:save_settings:116 | Skill settings successfully saved to /home/runner/.config/mycroft/skills/mycroft-singing.mycroftai/settings.json
2021-11-04 07:43:07.774 | INFO     |  5343 | mycroft.skills.skill_loader:_communicate_load_status:344 | Skill mycroft-singing.mycroftai loaded successfully
2021-11-04 07:43:07.775 | INFO     |  5343 | mycroft.skills.skill_manager:_load_on_startup:275 | Skills all loaded!
2021-11-04 07:43:07.819 | INFO     |  5343 | __main__:on_ready:185 | Skills service is ready.
2021-11-04 07:43:08.136 | INFO     |  5343 | mycroft.skills.intent_services.padatious_service:train:151 | Training... (single_thread=False)
Regenerated mycroft-alarm.mycroftai:{daytype}.
Regenerated mycroft-stop.mycroftai:wifi.setup.intent.
Regenerated mycroft-stop.mycroftai:ssh.disable.intent.
Regenerated mycroft-stop.mycroftai:ssh.enable.intent.
Regenerated mycroft-installer.mycroftai:install.custom.intent.
Regenerated mycroft-installer.mycroftai:install.intent.
Regenerated mycroft-installer.mycroftai:is.installed.intent.
Regenerated mycroft-installer.mycroftai:list.skills.intent.
Regenerated mycroft-installer.mycroftai:install.beta.intent.
Regenerated mycroft-installer.mycroftai:remove.intent.
Regenerated mycroft-npr-news.mycroftai:PlayTheNews.intent.
Regenerated mycroft-alarm.mycroftai:change.alarm.sound.intent.
Regenerated mycroft-alarm.mycroftai:snooze.intent.
Regenerated mycroft-reminder.mycroftai:UnspecifiedReminderAt.intent.
Regenerated mycroft-reminder.mycroftai:SnoozeReminder.intent.
Regenerated mycroft-reminder.mycroftai:GetNextReminders.intent.
Regenerated mycroft-reminder.mycroftai:ClearReminders.intent.
Regenerated mycroft-personal.mycroftai:WhoAreYou.intent.
Regenerated mycroft-personal.mycroftai:WhenWereYouBorn.intent.
Regenerated mycroft-personal.mycroftai:DoYouDream.intent.
Regenerated mycroft-support-helper.mycroftai:contact.support.intent.
Regenerated mycroft-personal.mycroftai:DoYouRhyme.intent.
Regenerated mycroft-wiki.mycroftai:Random.intent.
Regenerated mycroft-hello-world.mycroftai:HowAreYou.intent.
Regenerated mycroft-weather.mycroftai:do-i-need-an-umbrella.intent.
Regenerated mycroft-configuration.mycroftai:DisablePreciseDev.intent.
Regenerated mycroft-configuration.mycroftai:EnablePreciseDev.intent.
Regenerated mycroft-configuration.mycroftai:WhereAreYou.intent.
Regenerated homeassistant.mycroftai:cover.stop.intent.
Regenerated homeassistant.mycroftai:set.climate.intent.
Regenerated homeassistant.mycroftai:sensor.intent.
Regenerated homeassistant.mycroftai:tracker.intent.
Regenerated homeassistant.mycroftai:decrease.light.brightness.intent.
Regenerated homeassistant.mycroftai:camera.intent.
Regenerated homeassistant.mycroftai:cover.open.intent.
Regenerated mycroft-audio-record.mycroftai:StartRecording.intent.
Regenerated mycroft-audio-record.mycroftai:PlayRecording.intent.
Regenerated mycroft-timer.mycroftai:timer.status.intent.
Regenerated mycroft-timer.mycroftai:start.timer.intent.
Regenerated mycroft-date-time.mycroftai:what.time.will.it.be.intent.
Regenerated mycroft-date-time.mycroftai:date.future.weekend.intent.
Regenerated mycroft-date-time.mycroftai:what.time.is.it.intent.
Regenerated mycroft-date-time.mycroftai:date.last.weekend.intent.
Regenerated mycroft-stop.mycroftai:reboot.intent.
Regenerated mycroft-stop.mycroftai:shutdown.intent.
Regenerated mycroft-reminder.mycroftai:CancelActiveReminder.intent.
Regenerated mycroft-reminder.mycroftai:Reminder.intent.
Regenerated mycroft-reminder.mycroftai:ReminderAt.intent.
Regenerated mycroft-reminder.mycroftai:GetRemindersForDay.intent.
Regenerated mycroft-reminder.mycroftai:DeleteReminderForDay.intent.
Regenerated mycroft-personal.mycroftai:WhoMadeYou.intent.
Regenerated mycroft-personal.mycroftai:WhatAreYou.intent.
Regenerated mycroft-personal.mycroftai:WhereWereYouBorn.intent.
Regenerated homeassistant.mycroftai:add.item.shopping.list.intent.
Regenerated homeassistant.mycroftai:increase.light.brightness.intent.
Regenerated homeassistant.mycroftai:cover.close.intent.
Regenerated homeassistant.mycroftai:automation.intent.
Regenerated homeassistant.mycroftai:turn.on.intent.
Regenerated homeassistant.mycroftai:set.light.brightness.intent.
Regenerated homeassistant.mycroftai:turn.off.intent.
Regenerated homeassistant.mycroftai:toggle.intent.
2021-11-04 07:43:10.677 | INFO     |  5343 | mycroft.skills.intent_services.padatious_service:train:153 | Training complete.
2021-11-04 07:43:19.304 | INFO     |  5343 | mycroft.skills.settings:save_settings:116 | Skill settings successfully saved to /home/runner/.config/mycroft/skills/mycroft-pairing.mycroftai/settings.json
2021-11-04 07:43:19.607 | INFO     |  5343 | mycroft.skills.settings:save_settings:116 | Skill settings successfully saved to /home/runner/.config/mycroft/skills/mycroft-timer.mycroftai/settings.json
2021-11-04 07:43:43.527 | INFO     |  5343 | __main__:on_stopping:193 | Skills service is shutting down...
2021-11-04 07:43:43.528 | INFO     |  5343 | __main__:shutdown:284 | Shutting down Skills service
2021-11-04 07:43:43.614 | ERROR    |  5343 | VolumeSkill | Couldn't allocate mixer, ALSAAudioError('No such file or directory [default]')
2021-11-04 07:43:43.616 | INFO     |  5343 | mycroft.skills.settings:save_settings:116 | Skill settings successfully saved to /home/runner/.config/mycroft/skills/mycroft-volume.mycroftai/settings.json
2021-11-04 07:43:43.618 | INFO     |  5343 | mycroft.skills.settings:save_settings:116 | Skill settings successfully saved to /home/runner/.config/mycroft/skills/mycroft-fallback-duck-duck-go.mycroftai/settings.json
2021-11-04 07:43:43.641 | INFO     |  5343 | UnknownSkill | Removing all handlers...
2021-11-04 07:43:43.643 | INFO     |  5343 | mycroft.skills.settings:save_settings:116 | Skill settings successfully saved to /home/runner/.config/mycroft/skills/fallback-unknown.mycroftai/settings.json
2021-11-04 07:43:43.644 | INFO     |  5343 | mycroft.skills.settings:save_settings:116 | Skill settings successfully saved to /home/runner/.config/mycroft/skills/mycroft-date-time.mycroftai/settings.json
2021-11-04 07:43:43.649 | INFO     |  5343 | mycroft.skills.settings:save_settings:116 | Skill settings successfully saved to /home/runner/.config/mycroft/skills/mycroft-playback-control.mycroftai/settings.json
2021-11-04 07:43:44.650 | INFO     |  5343 | Playback Control Skill | Audio service status: {}
2021-11-04 07:43:45.651 | WARNING  |  5343 | mycroft.skills.skill_manager:_shutdown_skill:106 | mycroft-playback-control.mycroftai shutdown took 2.0034721409999747 seconds
2021-11-04 07:43:45.652 | INFO     |  5343 | mycroft.skills.settings:save_settings:116 | Skill settings successfully saved to /home/runner/.config/mycroft/skills/mycroft-speak.mycroftai/settings.json
2021-11-04 07:43:45.653 | INFO     |  5343 | mycroft.skills.settings:save_settings:116 | Skill settings successfully saved to /home/runner/.config/mycroft/skills/mycroft-stop.mycroftai/settings.json
2021-11-04 07:43:45.656 | INFO     |  5343 | mycroft.skills.settings:save_settings:116 | Skill settings successfully saved to /home/runner/.config/mycroft/skills/mycroft-installer.mycroftai/settings.json
2021-11-04 07:43:45.675 | INFO     |  5343 | mycroft.skills.settings:save_settings:116 | Skill settings successfully saved to /home/runner/.config/mycroft/skills/mycroft-ip.mycroftai/settings.json
2021-11-04 07:43:45.676 | INFO     |  5343 | mycroft.skills.settings:save_settings:116 | Skill settings successfully saved to /home/runner/.config/mycroft/skills/mycroft-npr-news.mycroftai/settings.json
2021-11-04 07:43:45.678 | INFO     |  5343 | mycroft.skills.settings:save_settings:116 | Skill settings successfully saved to /home/runner/.config/mycroft/skills/mycroft-alarm.mycroftai/settings.json
2021-11-04 07:43:45.679 | INFO     |  5343 | mycroft.skills.settings:save_settings:116 | Skill settings successfully saved to /home/runner/.config/mycroft/skills/mycroft-reminder.mycroftai/settings.json
2021-11-04 07:43:45.689 | INFO     |  5343 | mycroft.skills.settings:save_settings:116 | Skill settings successfully saved to /home/runner/.config/mycroft/skills/mycroft-naptime.mycroftai/settings.json
2021-11-04 07:43:45.690 | INFO     |  5343 | mycroft.skills.settings:save_settings:116 | Skill settings successfully saved to /home/runner/.config/mycroft/skills/mycroft-joke.mycroftai/settings.json
2021-11-04 07:43:45.702 | INFO     |  5343 | mycroft.skills.settings:save_settings:116 | Skill settings successfully saved to /home/runner/.config/mycroft/skills/mycroft-personal.mycroftai/settings.json
2021-11-04 07:43:45.703 | INFO     |  5343 | mycroft.skills.settings:save_settings:116 | Skill settings successfully saved to /home/runner/.config/mycroft/skills/mycroft-support-helper.mycroftai/settings.json
2021-11-04 07:43:45.704 | INFO     |  5343 | mycroft.skills.settings:save_settings:116 | Skill settings successfully saved to /home/runner/.config/mycroft/skills/mycroft-wiki.mycroftai/settings.json
2021-11-04 07:43:45.706 | INFO     |  5343 | mycroft.skills.settings:save_settings:116 | Skill settings successfully saved to /home/runner/.config/mycroft/skills/mycroft-hello-world.mycroftai/settings.json
2021-11-04 07:43:45.706 | INFO     |  5343 | mycroft.skills.settings:save_settings:116 | Skill settings successfully saved to /home/runner/.config/mycroft/skills/mycroft-weather.mycroftai/settings.json
2021-11-04 07:43:45.709 | INFO     |  5343 | mycroft.skills.settings:save_settings:116 | Skill settings successfully saved to /home/runner/.config/mycroft/skills/mycroft-configuration.mycroftai/settings.json
2021-11-04 07:43:45.735 | INFO     |  5343 | HomeAssistantSkill | Removing all handlers...
2021-11-04 07:43:45.737 | WARNING  |  5343 | mycroft.skills.fallback_skill:remove_fallback:185 | Could not find matching fallback handler
2021-11-04 07:43:45.739 | INFO     |  5343 | mycroft.skills.settings:save_settings:116 | Skill settings successfully saved to /home/runner/.config/mycroft/skills/mycroft-audio-record.mycroftai/settings.json
2021-11-04 07:43:45.740 | INFO     |  5343 | mycroft.skills.settings:save_settings:116 | Skill settings successfully saved to /home/runner/.config/mycroft/skills/mycroft-version-checker.mycroftai/settings.json
2021-11-04 07:43:45.761 | INFO     |  5343 | mycroft.skills.settings:save_settings:116 | Skill settings successfully saved to /home/runner/.config/mycroft/skills/fallback-wolfram-alpha.mycroftai/settings.json
2021-11-04 07:43:45.763 | INFO     |  5343 | mycroft.skills.settings:save_settings:116 | Skill settings successfully saved to /home/runner/.config/mycroft/skills/mycroft-spelling.mycroftai/settings.json
2021-11-04 07:43:45.764 | INFO     |  5343 | QuestionsAnswersSkill | Removing all handlers...
2021-11-04 07:43:45.769 | INFO     |  5343 | mycroft.skills.settings:save_settings:116 | Skill settings successfully saved to /home/runner/.config/mycroft/skills/fallback-query.mycroftai/settings.json
2021-11-04 07:43:45.803 | INFO     |  5343 | mycroft.skills.settings:save_settings:116 | Skill settings successfully saved to /home/runner/.config/mycroft/skills/mycroft-singing.mycroftai/settings.json
2021-11-04 07:43:45.804 | INFO     |  5343 | __main__:shutdown:291 | Skills service shutdown complete!
2021-11-04 07:43:45.804 | ERROR    |  5343 | websocket | error from callback <bound method MessageBusClient.on_message of <mycroft.messagebus.client.client.MessageBusClient object at 0x7f2fa9fd5cd0>>: cannot schedule new futures after shutdown
2021-11-04 07:43:45.804 | ERROR    |  5343 | mycroft_bus_client.client.client | === RuntimeError('cannot schedule new futures after shutdown') ===
Traceback (most recent call last):
  File "/opt/mycroft-core/.venv/lib/python3.7/site-packages/websocket/_app.py", line 407, in _callback
    callback(self, *args)
  File "/opt/mycroft-core/.venv/lib/python3.7/site-packages/mycroft_bus_client/client/client.py", line 182, in on_message
    self.emitter.emit('message', message)
  File "/opt/mycroft-core/.venv/lib/python3.7/site-packages/pyee/_base.py", line 113, in emit
    handled = self._call_handlers(event, args, kwargs)
  File "/opt/mycroft-core/.venv/lib/python3.7/site-packages/pyee/_base.py", line 96, in _call_handlers
    self._emit_run(f, args, kwargs)
  File "/opt/mycroft-core/.venv/lib/python3.7/site-packages/pyee/_executor.py", line 50, in _emit_run
    future = self._executor.submit(f, *args, **kwargs)
  File "/opt/hostedtoolcache/Python/3.7.12/x64/lib/python3.7/concurrent/futures/thread.py", line 163, in submit
    raise RuntimeError('cannot schedule new futures after shutdown')
RuntimeError: cannot schedule new futures after shutdown
2021-11-04 07:43:45.805 | ERROR    |  5343 | mycroft_bus_client.client.client | Exception closing websocket: RuntimeError('cannot schedule new futures after shutdown')
2021-11-04 07:43:45.805 | WARNING  |  5343 | mycroft_bus_client.client.client | Message Bus Client will reconnect in 5.0 seconds.
