2021-10-15 20:10:39.060 | INFO     |  5417 | mycroft.messagebus.load_config:load_message_bus_config:33 | Loading message bus configs
2021-10-15 20:10:39.064 | INFO     |  5417 | mycroft_bus_client.client.client | Connected
2021-10-15 20:10:39.065 | INFO     |  5417 | mycroft.util.process_utils:start_message_bus_client:155 | Connected to messagebus
2021-10-15 20:10:39.069 | INFO     |  5417 | mycroft.skills.msm_wrapper:create_msm:96 | Acquiring lock to instantiate MSM
2021-10-15 20:10:41.025 | INFO     |  5417 | msm.mycroft_skills_manager | building SkillEntry objects for all skills
2021-10-15 20:10:41.620 | INFO     |  5417 | mycroft.skills.msm_wrapper:create_msm:112 | Releasing MSM instantiation lock.
2021-10-15 20:10:41.620 | INFO     |  5417 | mycroft.skills.skill_updater:_log_next_download_time:267 | Next scheduled skill update: 2021-10-15 20:10:40.620217
2021-10-15 20:10:41.620 | INFO     |  5417 | msm.skill_entry | Downloading skill: https://github.com/mycroftai/skill-pairing
2021-10-15 20:10:42.604 | INFO     |  5417 | msm.skill_entry | Installing system requirements...
2021-10-15 20:10:42.638 | INFO     |  5417 | msm.skill_entry | Successfully installed mycroft-pairing
2021-10-15 20:10:42.638 | INFO     |  5417 | msm.mycroft_skills_manager | invalidating skills cache
2021-10-15 20:10:42.640 | INFO     |  5417 | mycroft.skills.skill_loader:load:185 | ATTEMPTING TO LOAD SKILL: mycroft-pairing.mycroftai
2021-10-15 20:10:42.650 | INFO     |  5417 | mycroft.skills.settings:get_local_settings:83 | /opt/mycroft/skills/mycroft-pairing.mycroftai/settings.json
2021-10-15 20:10:42.676 | INFO     |  5417 | mycroft.skills.skill_loader:_check_for_first_run:324 | First run of mycroft-pairing.mycroftai
2021-10-15 20:10:42.685 | INFO     |  5417 | mycroft.skills.settings:save_settings:116 | Skill settings successfully saved to /home/runner/.config/mycroft/skills/mycroft-pairing.mycroftai/settings.json
2021-10-15 20:10:42.685 | INFO     |  5417 | mycroft.skills.skill_loader:_communicate_load_status:344 | Skill mycroft-pairing.mycroftai loaded successfully
2021-10-15 20:10:42.686 | INFO     |  5417 | msm.skill_entry | Downloading skill: https://github.com/mycroftai/skill-volume
2021-10-15 20:10:43.499 | INFO     |  5417 | msm.skill_entry | Installing system requirements...
2021-10-15 20:10:43.509 | INFO     |  5417 | msm.skill_entry | Installing requirements.txt for mycroft-volume
2021-10-15 20:10:44.342 | INFO     |  5417 | msm.skill_entry | Successfully installed mycroft-volume
2021-10-15 20:10:44.342 | INFO     |  5417 | msm.mycroft_skills_manager | invalidating skills cache
2021-10-15 20:10:44.344 | INFO     |  5417 | mycroft.skills.skill_loader:load:185 | ATTEMPTING TO LOAD SKILL: mycroft-volume.mycroftai
2021-10-15 20:10:44.352 | INFO     |  5417 | mycroft.skills.settings:get_local_settings:83 | /opt/mycroft/skills/mycroft-volume.mycroftai/settings.json
2021-10-15 20:10:44.440 | ERROR    |  5417 | VolumeSkill | Couldn't allocate mixer, ALSAAudioError('No such file or directory [default]')
2021-10-15 20:10:47.470 | INFO     |  5417 | mycroft.skills.skill_loader:_check_for_first_run:324 | First run of mycroft-volume.mycroftai
2021-10-15 20:10:47.471 | INFO     |  5417 | mycroft.skills.settings:save_settings:116 | Skill settings successfully saved to /home/runner/.config/mycroft/skills/mycroft-volume.mycroftai/settings.json
2021-10-15 20:10:47.474 | INFO     |  5417 | mycroft.skills.skill_loader:_communicate_load_status:344 | Skill mycroft-volume.mycroftai loaded successfully
2021-10-15 20:10:47.475 | INFO     |  5417 | __main__:on_started:177 | Skills service is starting up.
2021-10-15 20:10:47.677 | INFO     |  5417 | __main__:_update_system:154 | Attempting system update...
2021-10-15 20:10:50.679 | INFO     |  5417 | mycroft.enclosure.display_manager:_write_data:70 | Display Manager is creating /tmp/mycroft/ipc/managers/disp_info
2021-10-15 20:10:50.680 | INFO     |  5417 | __main__:_ensure_device_is_paired:133 | Device not paired, invoking the pairing skill
2021-10-15 20:10:50.682 | INFO     |  5417 | __main__:on_alive:181 | Skills service is alive.
2021-10-15 20:10:50.693 | INFO     |  5417 | msm.mycroft_skills_manager | building SkillEntry objects for all skills
2021-10-15 20:10:51.010 | INFO     |  5417 | PairingSkill | Communicating account URL to user
2021-10-15 20:10:51.460 | WARNING  |  5417 | msm.mycroft_skills_manager | No such default skill: mycroft-pandora
2021-10-15 20:10:51.461 | INFO     |  5417 | mycroft.skills.skill_manager:run:234 | Not all default skills are installed, performing skill update...
2021-10-15 20:10:51.461 | INFO     |  5417 | mycroft.skills.skill_updater:update_skills:149 | Beginning skill update...
2021-10-15 20:10:51.673 | INFO     |  5417 | msm.mycroft_skills_manager | building SkillEntry objects for all skills
2021-10-15 20:10:52.663 | INFO     |  5417 | msm.mycroft_skills_manager | invalidating skills cache
2021-10-15 20:10:52.713 | INFO     |  5417 | msm.skill_entry | Downloading skill: https://github.com/mycroftai/fallback-wolfram-alpha
2021-10-15 20:10:52.717 | INFO     |  5417 | msm.skill_entry | Downloading skill: https://github.com/mycroftai/fallback-unknown
2021-10-15 20:10:52.718 | INFO     |  5417 | msm.skill_entry | Downloading skill: https://github.com/mycroftai/skill-alarm
2021-10-15 20:10:52.745 | INFO     |  5417 | msm.skill_entry | Downloading skill: https://github.com/mycroftai/skill-audio-record
2021-10-15 20:10:52.750 | INFO     |  5417 | msm.skill_entry | Downloading skill: https://github.com/mycroftai/skill-date-time
2021-10-15 20:10:52.758 | INFO     |  5417 | msm.skill_entry | Downloading skill: https://github.com/mycroftai/fallback-duckduckgo
2021-10-15 20:10:52.767 | INFO     |  5417 | msm.skill_entry | Downloading skill: https://github.com/mycroftai/skill-hello-world
2021-10-15 20:10:52.771 | INFO     |  5417 | msm.skill_entry | Downloading skill: https://github.com/mycroftai/skill-installer
2021-10-15 20:10:52.793 | INFO     |  5417 | msm.skill_entry | Downloading skill: https://github.com/mycroftai/skill-configuration
2021-10-15 20:10:52.804 | INFO     |  5417 | msm.skill_entry | Downloading skill: https://github.com/mycroftai/skill-joke
2021-10-15 20:10:52.808 | INFO     |  5417 | msm.skill_entry | Downloading skill: https://github.com/mycroftai/skill-personal
2021-10-15 20:10:52.816 | INFO     |  5417 | msm.skill_entry | Downloading skill: https://github.com/mycroftai/skill-playback-control
2021-10-15 20:10:52.818 | INFO     |  5417 | msm.skill_entry | Downloading skill: https://github.com/mycroftai/skill-reminder
2021-10-15 20:10:52.822 | INFO     |  5417 | msm.skill_entry | Downloading skill: https://github.com/mycroftai/skill-naptime
2021-10-15 20:10:52.833 | INFO     |  5417 | msm.skill_entry | Downloading skill: https://github.com/mycroftai/skill-npr-news
2021-10-15 20:10:52.844 | INFO     |  5417 | msm.skill_entry | Downloading skill: https://github.com/mycroftai/skill-ip
2021-10-15 20:10:52.853 | INFO     |  5417 | msm.skill_entry | Downloading skill: https://github.com/mycroftai/skill-singing
2021-10-15 20:10:53.691 | ERROR    |  5417 | msm.mycroft_skills_manager | Error running install_or_update on homeassistant.mycroftai: MergeConflict
2021-10-15 20:10:53.692 | INFO     |  5417 | msm.skill_entry | Downloading skill: https://github.com/mycroftai/skill-speak
2021-10-15 20:10:54.296 | INFO     |  5417 | msm.skill_entry | Nothing new for mycroft-volume
2021-10-15 20:10:54.304 | INFO     |  5417 | msm.skill_entry | Installing system requirements...
2021-10-15 20:10:54.314 | INFO     |  5417 | msm.skill_entry | Installing requirements.txt for mycroft-volume
2021-10-15 20:10:54.448 | INFO     |  5417 | msm.skill_entry | Nothing new for mycroft-pairing
2021-10-15 20:10:54.453 | INFO     |  5417 | msm.skill_entry | Installing system requirements...
2021-10-15 20:10:54.466 | INFO     |  5417 | msm.skill_entry | Downloading skill: https://github.com/mycroftai/skill-spelling
2021-10-15 20:10:54.482 | INFO     |  5417 | msm.skill_entry | Installing system requirements...
2021-10-15 20:10:54.509 | INFO     |  5417 | msm.skill_entry | Installing requirements.txt for fallback-wolfram-alpha
2021-10-15 20:10:54.783 | INFO     |  5417 | msm.skill_entry | Installing system requirements...
2021-10-15 20:10:54.834 | INFO     |  5417 | msm.skill_entry | Successfully installed fallback-unknown
2021-10-15 20:10:54.835 | INFO     |  5417 | msm.mycroft_skills_manager | invalidating skills cache
2021-10-15 20:10:54.836 | INFO     |  5417 | msm.skill_entry | Downloading skill: https://github.com/mycroftai/skill-stop
2021-10-15 20:10:54.873 | INFO     |  5417 | msm.skill_entry | Installing system requirements...
2021-10-15 20:10:54.884 | INFO     |  5417 | msm.skill_entry | Installing requirements.txt for mycroft-audio-record
2021-10-15 20:10:54.963 | INFO     |  5417 | msm.skill_entry | Installing system requirements...
2021-10-15 20:10:54.969 | INFO     |  5417 | msm.skill_entry | Installing system requirements...
2021-10-15 20:10:54.995 | INFO     |  5417 | msm.skill_entry | Installing requirements.txt for mycroft-fallback-duck-duck-go
2021-10-15 20:10:55.006 | INFO     |  5417 | msm.skill_entry | Installing requirements.txt for mycroft-joke
2021-10-15 20:10:55.381 | INFO     |  5417 | msm.skill_entry | Installing system requirements...
2021-10-15 20:10:55.386 | INFO     |  5417 | msm.skill_entry | Installing system requirements...
2021-10-15 20:10:55.407 | INFO     |  5417 | msm.skill_entry | Installing system requirements...
2021-10-15 20:10:55.416 | INFO     |  5417 | msm.skill_entry | Installing system requirements...
2021-10-15 20:10:55.430 | INFO     |  5417 | msm.skill_entry | Installing system requirements...
2021-10-15 20:10:55.521 | INFO     |  5417 | msm.skill_entry | Successfully installed mycroft-personal
2021-10-15 20:10:55.522 | INFO     |  5417 | msm.mycroft_skills_manager | invalidating skills cache
2021-10-15 20:10:55.524 | INFO     |  5417 | msm.skill_entry | Successfully installed mycroft-hello-world
2021-10-15 20:10:55.528 | INFO     |  5417 | msm.mycroft_skills_manager | invalidating skills cache
2021-10-15 20:10:55.525 | INFO     |  5417 | msm.skill_entry | Downloading skill: https://github.com/mycroftai/skill-support
2021-10-15 20:10:55.544 | INFO     |  5417 | msm.skill_entry | Installing system requirements...
2021-10-15 20:10:55.532 | INFO     |  5417 | msm.skill_entry | Downloading skill: https://github.com/mycroftai/mycroft-timer
2021-10-15 20:10:55.597 | INFO     |  5417 | msm.skill_entry | Successfully installed mycroft-playback-control
2021-10-15 20:10:55.598 | INFO     |  5417 | msm.mycroft_skills_manager | invalidating skills cache
2021-10-15 20:10:55.603 | INFO     |  5417 | msm.skill_entry | Installing system requirements...
2021-10-15 20:10:55.605 | INFO     |  5417 | msm.skill_entry | Installing system requirements...
2021-10-15 20:10:55.608 | INFO     |  5417 | msm.skill_entry | Successfully installed mycroft-speak
2021-10-15 20:10:55.609 | INFO     |  5417 | msm.mycroft_skills_manager | invalidating skills cache
2021-10-15 20:10:55.611 | INFO     |  5417 | msm.skill_entry | Downloading skill: https://github.com/mycroftai/skill-version-checker
2021-10-15 20:10:55.612 | INFO     |  5417 | msm.skill_entry | Installing system requirements...
2021-10-15 20:10:55.613 | INFO     |  5417 | msm.skill_entry | Downloading skill: https://github.com/mycroftai/skill-weather
2021-10-15 20:10:55.615 | INFO     |  5417 | msm.skill_entry | Successfully installed mycroft-naptime
2021-10-15 20:10:55.615 | INFO     |  5417 | msm.mycroft_skills_manager | invalidating skills cache
2021-10-15 20:10:55.640 | INFO     |  5417 | msm.skill_entry | Downloading skill: https://github.com/mycroftai/skill-wiki
2021-10-15 20:10:55.684 | INFO     |  5417 | msm.skill_entry | Installing system requirements...
2021-10-15 20:10:55.740 | INFO     |  5417 | msm.skill_entry | Installing requirements.txt for mycroft-installer
2021-10-15 20:10:55.747 | INFO     |  5417 | msm.skill_entry | Successfully installed mycroft-reminder
2021-10-15 20:10:55.748 | INFO     |  5417 | msm.mycroft_skills_manager | invalidating skills cache
2021-10-15 20:10:55.750 | INFO     |  5417 | msm.skill_entry | Downloading skill: https://github.com/MycroftAI/skill-query
2021-10-15 20:10:55.767 | INFO     |  5417 | msm.skill_entry | Installing system requirements...
2021-10-15 20:10:55.771 | INFO     |  5417 | msm.skill_entry | Installing requirements.txt for mycroft-date-time
2021-10-15 20:10:55.777 | INFO     |  5417 | msm.skill_entry | Installing requirements.txt for mycroft-configuration
2021-10-15 20:10:55.779 | INFO     |  5417 | msm.skill_entry | Installing system requirements...
2021-10-15 20:10:55.795 | INFO     |  5417 | msm.skill_entry | Installing requirements.txt for mycroft-npr-news
2021-10-15 20:10:55.862 | INFO     |  5417 | msm.skill_entry | Installing requirements.txt for mycroft-ip
2021-10-15 20:10:55.863 | INFO     |  5417 | msm.skill_entry | Successfully installed mycroft-spelling
2021-10-15 20:10:55.863 | INFO     |  5417 | msm.mycroft_skills_manager | invalidating skills cache
2021-10-15 20:10:55.877 | INFO     |  5417 | msm.skill_entry | Installing system requirements...
2021-10-15 20:10:55.998 | INFO     |  5417 | msm.skill_entry | Installing requirements.txt for mycroft-alarm
2021-10-15 20:10:56.246 | ERROR    |  5417 | msm.mycroft_skills_manager | Error running install_or_update on homeassistant: MergeConflict
2021-10-15 20:10:56.474 | INFO     |  5417 | msm.skill_entry | Installing system requirements...
2021-10-15 20:10:56.511 | INFO     |  5417 | msm.skill_entry | Successfully installed mycroft-stop
2021-10-15 20:10:56.512 | INFO     |  5417 | msm.mycroft_skills_manager | invalidating skills cache
2021-10-15 20:10:56.637 | INFO     |  5417 | msm.skill_entry | Installing system requirements...
2021-10-15 20:10:56.727 | INFO     |  5417 | msm.skill_entry | Successfully installed fallback-query
2021-10-15 20:10:56.727 | INFO     |  5417 | msm.mycroft_skills_manager | invalidating skills cache
2021-10-15 20:10:56.760 | INFO     |  5417 | msm.skill_entry | Installing system requirements...
2021-10-15 20:10:56.766 | INFO     |  5417 | msm.skill_entry | Installing system requirements...
2021-10-15 20:10:56.836 | INFO     |  5417 | msm.skill_entry | Installing requirements.txt for mycroft-support-helper
2021-10-15 20:10:56.853 | INFO     |  5417 | msm.skill_entry | Successfully installed mycroft-version-checker
2021-10-15 20:10:56.853 | INFO     |  5417 | msm.mycroft_skills_manager | invalidating skills cache
2021-10-15 20:10:56.929 | INFO     |  5417 | msm.skill_entry | Installing system requirements...
2021-10-15 20:10:56.993 | INFO     |  5417 | msm.skill_entry | Installing requirements.txt for mycroft-wiki
2021-10-15 20:10:57.130 | INFO     |  5417 | msm.skill_entry | Installing system requirements...
2021-10-15 20:10:57.134 | INFO     |  5417 | msm.skill_entry | Installing system requirements...
2021-10-15 20:10:57.178 | INFO     |  5417 | msm.skill_entry | Successfully installed mycroft-timer
2021-10-15 20:10:57.179 | INFO     |  5417 | msm.mycroft_skills_manager | invalidating skills cache
2021-10-15 20:10:57.180 | INFO     |  5417 | msm.skill_entry | Successfully installed mycroft-singing
2021-10-15 20:10:57.180 | INFO     |  5417 | msm.mycroft_skills_manager | invalidating skills cache
2021-10-15 20:10:57.281 | INFO     |  5417 | msm.skill_entry | Installing system requirements...
2021-10-15 20:10:57.308 | INFO     |  5417 | msm.skill_entry | Installing requirements.txt for mycroft-weather
2021-10-15 20:11:00.603 | INFO     |  5417 | msm.skill_entry | Successfully installed fallback-wolfram-alpha
2021-10-15 20:11:00.604 | INFO     |  5417 | msm.mycroft_skills_manager | invalidating skills cache
2021-10-15 20:11:01.405 | INFO     |  5417 | msm.skill_entry | Successfully installed mycroft-audio-record
2021-10-15 20:11:01.405 | INFO     |  5417 | msm.mycroft_skills_manager | invalidating skills cache
2021-10-15 20:11:02.795 | INFO     |  5417 | msm.skill_entry | Successfully installed mycroft-fallback-duck-duck-go
2021-10-15 20:11:02.795 | INFO     |  5417 | msm.mycroft_skills_manager | invalidating skills cache
2021-10-15 20:11:03.899 | INFO     |  5417 | msm.skill_entry | Successfully installed mycroft-joke
2021-10-15 20:11:03.902 | INFO     |  5417 | msm.mycroft_skills_manager | invalidating skills cache
2021-10-15 20:11:04.766 | INFO     |  5417 | msm.skill_entry | Successfully installed mycroft-installer
2021-10-15 20:11:04.767 | INFO     |  5417 | msm.mycroft_skills_manager | invalidating skills cache
2021-10-15 20:11:20.162 | INFO     |  5417 | msm.skill_entry | Successfully installed mycroft-date-time
2021-10-15 20:11:20.162 | INFO     |  5417 | msm.mycroft_skills_manager | invalidating skills cache
2021-10-15 20:11:21.345 | INFO     |  5417 | PairingSkill | Initiating device pairing sequence...
2021-10-15 20:11:21.345 | INFO     |  5417 | PairingSkill | Retrieving pairing code from device API...
2021-10-15 20:11:21.644 | INFO     |  5417 | PairingSkill | Pairing code obtained: N4PA9N
2021-10-15 20:11:21.644 | INFO     |  5417 | PairingSkill | Communicating pairing URL to user
2021-10-15 20:11:22.683 | INFO     |  5417 | msm.skill_entry | Successfully installed mycroft-configuration
2021-10-15 20:11:22.684 | INFO     |  5417 | msm.mycroft_skills_manager | invalidating skills cache
2021-10-15 20:11:26.386 | INFO     |  5417 | msm.skill_entry | Successfully installed mycroft-npr-news
2021-10-15 20:11:26.386 | INFO     |  5417 | msm.mycroft_skills_manager | invalidating skills cache
2021-10-15 20:11:27.245 | INFO     |  5417 | msm.skill_entry | Successfully installed mycroft-ip
2021-10-15 20:11:27.245 | INFO     |  5417 | msm.mycroft_skills_manager | invalidating skills cache
2021-10-15 20:11:28.101 | INFO     |  5417 | msm.skill_entry | Successfully installed mycroft-alarm
2021-10-15 20:11:28.102 | INFO     |  5417 | msm.mycroft_skills_manager | invalidating skills cache
2021-10-15 20:11:30.223 | INFO     |  5417 | msm.skill_entry | Successfully installed mycroft-support-helper
2021-10-15 20:11:30.225 | INFO     |  5417 | msm.mycroft_skills_manager | invalidating skills cache
2021-10-15 20:11:31.992 | INFO     |  5417 | msm.skill_entry | Successfully installed mycroft-wiki
2021-10-15 20:11:31.992 | INFO     |  5417 | msm.mycroft_skills_manager | invalidating skills cache
2021-10-15 20:11:32.940 | INFO     |  5417 | msm.skill_entry | Successfully installed mycroft-weather
2021-10-15 20:11:32.940 | INFO     |  5417 | msm.mycroft_skills_manager | invalidating skills cache
2021-10-15 20:11:32.972 | INFO     |  5417 | mycroft.skills.skill_updater:_log_next_download_time:267 | Next scheduled skill update: 2021-10-15 21:11:32.972269
2021-10-15 20:11:32.973 | INFO     |  5417 | mycroft.skills.skill_updater:update_skills:170 | Skill update complete
2021-10-15 20:11:32.973 | INFO     |  5417 | mycroft.skills.skill_manager:_load_on_startup:273 | Loading installed skills...
2021-10-15 20:11:32.974 | INFO     |  5417 | mycroft.skills.skill_loader:load:185 | ATTEMPTING TO LOAD SKILL: mycroft-ip.mycroftai
2021-10-15 20:11:33.010 | INFO     |  5417 | mycroft.skills.settings:get_local_settings:83 | /opt/mycroft/skills/mycroft-ip.mycroftai/settings.json
2021-10-15 20:11:33.020 | INFO     |  5417 | mycroft.skills.skill_loader:_check_for_first_run:324 | First run of mycroft-ip.mycroftai
2021-10-15 20:11:33.021 | INFO     |  5417 | mycroft.skills.settings:save_settings:116 | Skill settings successfully saved to /home/runner/.config/mycroft/skills/mycroft-ip.mycroftai/settings.json
2021-10-15 20:11:33.022 | INFO     |  5417 | mycroft.skills.skill_loader:_communicate_load_status:344 | Skill mycroft-ip.mycroftai loaded successfully
2021-10-15 20:11:33.022 | INFO     |  5417 | mycroft.skills.skill_loader:load:185 | ATTEMPTING TO LOAD SKILL: mycroft-reminder.mycroftai
2021-10-15 20:11:33.036 | INFO     |  5417 | mycroft.skills.settings:get_local_settings:83 | /opt/mycroft/skills/mycroft-reminder.mycroftai/settings.json
2021-10-15 20:11:33.054 | INFO     |  5417 | mycroft.skills.skill_loader:_check_for_first_run:324 | First run of mycroft-reminder.mycroftai
2021-10-15 20:11:33.055 | INFO     |  5417 | mycroft.skills.settings:save_settings:116 | Skill settings successfully saved to /home/runner/.config/mycroft/skills/mycroft-reminder.mycroftai/settings.json
2021-10-15 20:11:33.055 | INFO     |  5417 | mycroft.skills.skill_loader:_communicate_load_status:344 | Skill mycroft-reminder.mycroftai loaded successfully
2021-10-15 20:11:33.056 | INFO     |  5417 | mycroft.skills.skill_loader:load:185 | ATTEMPTING TO LOAD SKILL: mycroft-installer.mycroftai
2021-10-15 20:11:33.063 | INFO     |  5417 | mycroft.skills.settings:get_local_settings:83 | /opt/mycroft/skills/mycroft-installer.mycroftai/settings.json
2021-10-15 20:11:33.090 | INFO     |  5417 | mycroft.skills.skill_loader:_check_for_first_run:324 | First run of mycroft-installer.mycroftai
2021-10-15 20:11:33.092 | INFO     |  5417 | mycroft.skills.settings:save_settings:116 | Skill settings successfully saved to /home/runner/.config/mycroft/skills/mycroft-installer.mycroftai/settings.json
2021-10-15 20:11:33.092 | INFO     |  5417 | mycroft.skills.skill_loader:_communicate_load_status:344 | Skill mycroft-installer.mycroftai loaded successfully
2021-10-15 20:11:33.093 | INFO     |  5417 | mycroft.skills.skill_loader:load:185 | ATTEMPTING TO LOAD SKILL: mycroft-version-checker.mycroftai
2021-10-15 20:11:33.100 | INFO     |  5417 | mycroft.skills.settings:get_local_settings:83 | /opt/mycroft/skills/mycroft-version-checker.mycroftai/settings.json
2021-10-15 20:11:33.120 | INFO     |  5417 | mycroft.skills.skill_loader:_check_for_first_run:324 | First run of mycroft-version-checker.mycroftai
2021-10-15 20:11:33.121 | INFO     |  5417 | mycroft.skills.settings:save_settings:116 | Skill settings successfully saved to /home/runner/.config/mycroft/skills/mycroft-version-checker.mycroftai/settings.json
2021-10-15 20:11:33.122 | INFO     |  5417 | mycroft.skills.skill_loader:_communicate_load_status:344 | Skill mycroft-version-checker.mycroftai loaded successfully
2021-10-15 20:11:33.124 | INFO     |  5417 | mycroft.skills.skill_loader:load:185 | ATTEMPTING TO LOAD SKILL: mycroft-singing.mycroftai
2021-10-15 20:11:33.127 | INFO     |  5417 | mycroft.skills.settings:get_local_settings:83 | /opt/mycroft/skills/mycroft-singing.mycroftai/settings.json
2021-10-15 20:11:33.135 | INFO     |  5417 | mycroft.skills.skill_loader:_check_for_first_run:324 | First run of mycroft-singing.mycroftai
2021-10-15 20:11:33.140 | INFO     |  5417 | mycroft.skills.settings:save_settings:116 | Skill settings successfully saved to /home/runner/.config/mycroft/skills/mycroft-singing.mycroftai/settings.json
2021-10-15 20:11:33.141 | INFO     |  5417 | mycroft.skills.skill_loader:_communicate_load_status:344 | Skill mycroft-singing.mycroftai loaded successfully
2021-10-15 20:11:33.141 | INFO     |  5417 | mycroft.skills.skill_loader:load:185 | ATTEMPTING TO LOAD SKILL: mycroft-joke.mycroftai
2021-10-15 20:11:33.149 | INFO     |  5417 | mycroft.skills.settings:get_local_settings:83 | /opt/mycroft/skills/mycroft-joke.mycroftai/settings.json
2021-10-15 20:11:33.168 | INFO     |  5417 | mycroft.skills.skill_loader:_check_for_first_run:324 | First run of mycroft-joke.mycroftai
2021-10-15 20:11:33.171 | INFO     |  5417 | mycroft.skills.settings:save_settings:116 | Skill settings successfully saved to /home/runner/.config/mycroft/skills/mycroft-joke.mycroftai/settings.json
2021-10-15 20:11:33.172 | INFO     |  5417 | mycroft.skills.skill_loader:_communicate_load_status:344 | Skill mycroft-joke.mycroftai loaded successfully
2021-10-15 20:11:33.173 | INFO     |  5417 | mycroft.skills.skill_loader:load:185 | ATTEMPTING TO LOAD SKILL: mycroft-timer.mycroftai
2021-10-15 20:11:33.203 | INFO     |  5417 | mycroft.skills.settings:get_local_settings:83 | /opt/mycroft/skills/mycroft-timer.mycroftai/settings.json
2021-10-15 20:11:33.266 | INFO     |  5417 | mycroft.skills.skill_loader:_check_for_first_run:324 | First run of mycroft-timer.mycroftai
2021-10-15 20:11:33.266 | INFO     |  5417 | mycroft.skills.settings:save_settings:116 | Skill settings successfully saved to /home/runner/.config/mycroft/skills/mycroft-timer.mycroftai/settings.json
2021-10-15 20:11:33.269 | INFO     |  5417 | mycroft.skills.skill_loader:_communicate_load_status:344 | Skill mycroft-timer.mycroftai loaded successfully
2021-10-15 20:11:33.270 | INFO     |  5417 | mycroft.skills.skill_loader:load:185 | ATTEMPTING TO LOAD SKILL: homeassistant.mycroftai
2021-10-15 20:11:33.676 | INFO     |  5417 | mycroft.skills.settings:get_local_settings:83 | /opt/mycroft/skills/homeassistant.mycroftai/settings.json
2021-10-15 20:11:33.678 | INFO     |  5417 | mycroft.skills.settings:get_local_settings:83 | /opt/mycroft/skills/homeassistant.mycroftai/settings.json
2021-10-15 20:11:33.743 | INFO     |  5417 | mycroft.skills.skill_loader:_communicate_load_status:344 | Skill homeassistant.mycroftai loaded successfully
2021-10-15 20:11:33.744 | INFO     |  5417 | mycroft.skills.skill_loader:load:185 | ATTEMPTING TO LOAD SKILL: mycroft-alarm.mycroftai
2021-10-15 20:11:33.780 | INFO     |  5417 | mycroft.skills.settings:get_local_settings:83 | /opt/mycroft/skills/mycroft-alarm.mycroftai/settings.json
2021-10-15 20:11:33.781 | ERROR    |  5417 | AlarmSkill | Couldn't allocate mixer, ALSAAudioError('No such file or directory [default]')
2021-10-15 20:11:33.843 | INFO     |  5417 | mycroft.skills.skill_loader:_check_for_first_run:324 | First run of mycroft-alarm.mycroftai
2021-10-15 20:11:33.844 | INFO     |  5417 | mycroft.skills.settings:save_settings:116 | Skill settings successfully saved to /home/runner/.config/mycroft/skills/mycroft-alarm.mycroftai/settings.json
2021-10-15 20:11:33.844 | INFO     |  5417 | mycroft.skills.skill_loader:_communicate_load_status:344 | Skill mycroft-alarm.mycroftai loaded successfully
2021-10-15 20:11:33.845 | INFO     |  5417 | mycroft.skills.skill_loader:load:185 | ATTEMPTING TO LOAD SKILL: mycroft-naptime.mycroftai
2021-10-15 20:11:33.851 | INFO     |  5417 | mycroft.skills.settings:get_local_settings:83 | /opt/mycroft/skills/mycroft-naptime.mycroftai/settings.json
2021-10-15 20:11:33.859 | INFO     |  5417 | mycroft.skills.skill_loader:_check_for_first_run:324 | First run of mycroft-naptime.mycroftai
2021-10-15 20:11:33.860 | INFO     |  5417 | mycroft.skills.settings:save_settings:116 | Skill settings successfully saved to /home/runner/.config/mycroft/skills/mycroft-naptime.mycroftai/settings.json
2021-10-15 20:11:33.860 | INFO     |  5417 | mycroft.skills.skill_loader:_communicate_load_status:344 | Skill mycroft-naptime.mycroftai loaded successfully
2021-10-15 20:11:33.861 | INFO     |  5417 | mycroft.skills.skill_loader:load:185 | ATTEMPTING TO LOAD SKILL: mycroft-spelling.mycroftai
2021-10-15 20:11:33.865 | INFO     |  5417 | mycroft.skills.settings:get_local_settings:83 | /opt/mycroft/skills/mycroft-spelling.mycroftai/settings.json
2021-10-15 20:11:33.877 | INFO     |  5417 | mycroft.skills.skill_loader:_check_for_first_run:324 | First run of mycroft-spelling.mycroftai
2021-10-15 20:11:33.878 | INFO     |  5417 | mycroft.skills.settings:save_settings:116 | Skill settings successfully saved to /home/runner/.config/mycroft/skills/mycroft-spelling.mycroftai/settings.json
2021-10-15 20:11:33.879 | INFO     |  5417 | mycroft.skills.skill_loader:_communicate_load_status:344 | Skill mycroft-spelling.mycroftai loaded successfully
2021-10-15 20:11:33.880 | INFO     |  5417 | mycroft.skills.skill_loader:load:185 | ATTEMPTING TO LOAD SKILL: mycroft-fallback-duck-duck-go.mycroftai
2021-10-15 20:11:33.900 | INFO     |  5417 | mycroft.skills.settings:get_local_settings:83 | /opt/mycroft/skills/mycroft-fallback-duck-duck-go.mycroftai/settings.json
2021-10-15 20:11:33.923 | INFO     |  5417 | mycroft.skills.skill_loader:_check_for_first_run:324 | First run of mycroft-fallback-duck-duck-go.mycroftai
2021-10-15 20:11:33.924 | INFO     |  5417 | mycroft.skills.settings:save_settings:116 | Skill settings successfully saved to /home/runner/.config/mycroft/skills/mycroft-fallback-duck-duck-go.mycroftai/settings.json
2021-10-15 20:11:33.925 | INFO     |  5417 | mycroft.skills.skill_loader:_communicate_load_status:344 | Skill mycroft-fallback-duck-duck-go.mycroftai loaded successfully
2021-10-15 20:11:33.926 | INFO     |  5417 | mycroft.skills.skill_loader:load:185 | ATTEMPTING TO LOAD SKILL: mycroft-npr-news.mycroftai
2021-10-15 20:11:34.003 | INFO     |  5417 | mycroft.skills.settings:get_local_settings:83 | /opt/mycroft/skills/mycroft-npr-news.mycroftai/settings.json
2021-10-15 20:11:35.032 | INFO     |  5417 | mycroft.skills.skill_loader:_check_for_first_run:324 | First run of mycroft-npr-news.mycroftai
2021-10-15 20:11:35.033 | INFO     |  5417 | mycroft.skills.settings:save_settings:116 | Skill settings successfully saved to /home/runner/.config/mycroft/skills/mycroft-npr-news.mycroftai/settings.json
2021-10-15 20:11:35.034 | INFO     |  5417 | mycroft.skills.skill_loader:_communicate_load_status:344 | Skill mycroft-npr-news.mycroftai loaded successfully
2021-10-15 20:11:35.034 | INFO     |  5417 | mycroft.skills.skill_loader:load:185 | ATTEMPTING TO LOAD SKILL: mycroft-support-helper.mycroftai
2021-10-15 20:11:35.042 | INFO     |  5417 | mycroft.skills.settings:get_local_settings:83 | /opt/mycroft/skills/mycroft-support-helper.mycroftai/settings.json
2021-10-15 20:11:35.047 | INFO     |  5417 | mycroft.skills.skill_loader:_check_for_first_run:324 | First run of mycroft-support-helper.mycroftai
2021-10-15 20:11:35.047 | INFO     |  5417 | mycroft.skills.settings:save_settings:116 | Skill settings successfully saved to /home/runner/.config/mycroft/skills/mycroft-support-helper.mycroftai/settings.json
2021-10-15 20:11:35.048 | INFO     |  5417 | mycroft.skills.skill_loader:_communicate_load_status:344 | Skill mycroft-support-helper.mycroftai loaded successfully
2021-10-15 20:11:35.048 | INFO     |  5417 | mycroft.skills.skill_loader:load:185 | ATTEMPTING TO LOAD SKILL: mycroft-weather.mycroftai
2021-10-15 20:11:35.068 | INFO     |  5417 | mycroft.skills.settings:get_local_settings:83 | /opt/mycroft/skills/mycroft-weather.mycroftai/settings.json
2021-10-15 20:11:35.152 | INFO     |  5417 | mycroft.skills.skill_loader:_check_for_first_run:324 | First run of mycroft-weather.mycroftai
2021-10-15 20:11:35.152 | INFO     |  5417 | mycroft.skills.settings:save_settings:116 | Skill settings successfully saved to /home/runner/.config/mycroft/skills/mycroft-weather.mycroftai/settings.json
2021-10-15 20:11:35.176 | INFO     |  5417 | mycroft.skills.skill_loader:_communicate_load_status:344 | Skill mycroft-weather.mycroftai loaded successfully
2021-10-15 20:11:35.177 | INFO     |  5417 | mycroft.skills.skill_loader:load:185 | ATTEMPTING TO LOAD SKILL: mycroft-speak.mycroftai
2021-10-15 20:11:35.179 | INFO     |  5417 | mycroft.skills.settings:get_local_settings:83 | /opt/mycroft/skills/mycroft-speak.mycroftai/settings.json
2021-10-15 20:11:35.191 | INFO     |  5417 | mycroft.skills.skill_loader:_check_for_first_run:324 | First run of mycroft-speak.mycroftai
2021-10-15 20:11:35.192 | INFO     |  5417 | mycroft.skills.settings:save_settings:116 | Skill settings successfully saved to /home/runner/.config/mycroft/skills/mycroft-speak.mycroftai/settings.json
2021-10-15 20:11:35.238 | INFO     |  5417 | mycroft.skills.skill_loader:_communicate_load_status:344 | Skill mycroft-speak.mycroftai loaded successfully
2021-10-15 20:11:35.238 | INFO     |  5417 | mycroft.skills.skill_loader:load:185 | ATTEMPTING TO LOAD SKILL: mycroft-audio-record.mycroftai
2021-10-15 20:11:35.243 | INFO     |  5417 | mycroft.skills.settings:get_local_settings:83 | /opt/mycroft/skills/mycroft-audio-record.mycroftai/settings.json
2021-10-15 20:11:35.261 | INFO     |  5417 | mycroft.skills.skill_loader:_check_for_first_run:324 | First run of mycroft-audio-record.mycroftai
2021-10-15 20:11:35.264 | INFO     |  5417 | mycroft.skills.settings:save_settings:116 | Skill settings successfully saved to /home/runner/.config/mycroft/skills/mycroft-audio-record.mycroftai/settings.json
2021-10-15 20:11:35.281 | INFO     |  5417 | mycroft.skills.skill_loader:_communicate_load_status:344 | Skill mycroft-audio-record.mycroftai loaded successfully
2021-10-15 20:11:35.281 | INFO     |  5417 | mycroft.skills.skill_loader:load:185 | ATTEMPTING TO LOAD SKILL: mycroft-stop.mycroftai
2021-10-15 20:11:35.285 | INFO     |  5417 | mycroft.skills.settings:get_local_settings:83 | /opt/mycroft/skills/mycroft-stop.mycroftai/settings.json
2021-10-15 20:11:35.316 | INFO     |  5417 | mycroft.skills.skill_loader:_check_for_first_run:324 | First run of mycroft-stop.mycroftai
2021-10-15 20:11:35.318 | INFO     |  5417 | mycroft.skills.settings:save_settings:116 | Skill settings successfully saved to /home/runner/.config/mycroft/skills/mycroft-stop.mycroftai/settings.json
2021-10-15 20:11:35.377 | INFO     |  5417 | mycroft.skills.skill_loader:_communicate_load_status:344 | Skill mycroft-stop.mycroftai loaded successfully
2021-10-15 20:11:35.377 | INFO     |  5417 | mycroft.skills.skill_loader:load:185 | ATTEMPTING TO LOAD SKILL: mycroft-hello-world.mycroftai
2021-10-15 20:11:35.380 | INFO     |  5417 | mycroft.skills.settings:get_local_settings:83 | /opt/mycroft/skills/mycroft-hello-world.mycroftai/settings.json
2021-10-15 20:11:35.407 | INFO     |  5417 | mycroft.skills.skill_loader:_check_for_first_run:324 | First run of mycroft-hello-world.mycroftai
2021-10-15 20:11:35.408 | INFO     |  5417 | mycroft.skills.settings:save_settings:116 | Skill settings successfully saved to /home/runner/.config/mycroft/skills/mycroft-hello-world.mycroftai/settings.json
2021-10-15 20:11:35.427 | INFO     |  5417 | mycroft.skills.skill_loader:_communicate_load_status:344 | Skill mycroft-hello-world.mycroftai loaded successfully
2021-10-15 20:11:35.427 | INFO     |  5417 | mycroft.skills.skill_loader:load:185 | ATTEMPTING TO LOAD SKILL: mycroft-date-time.mycroftai
2021-10-15 20:11:35.944 | INFO     |  5417 | mycroft.skills.settings:get_local_settings:83 | /opt/mycroft/skills/mycroft-date-time.mycroftai/settings.json
2021-10-15 20:11:35.969 | INFO     |  5417 | TimeSkill | Registering resting screen <bound method TimeSkill.handle_idle of <mycroft-date-time_mycroftai.TimeSkill object at 0x7f5f3c1463d0>> for Time and Date.
2021-10-15 20:11:35.970 | INFO     |  5417 | TimeSkill | Registering resting screen
2021-10-15 20:11:35.974 | INFO     |  5417 | mycroft.skills.skill_loader:_check_for_first_run:324 | First run of mycroft-date-time.mycroftai
2021-10-15 20:11:35.975 | INFO     |  5417 | mycroft.skills.settings:save_settings:116 | Skill settings successfully saved to /home/runner/.config/mycroft/skills/mycroft-date-time.mycroftai/settings.json
2021-10-15 20:11:36.024 | INFO     |  5417 | mycroft.skills.skill_loader:_communicate_load_status:344 | Skill mycroft-date-time.mycroftai loaded successfully
2021-10-15 20:11:36.025 | INFO     |  5417 | mycroft.skills.skill_loader:load:185 | ATTEMPTING TO LOAD SKILL: mycroft-configuration.mycroftai
2021-10-15 20:11:36.030 | INFO     |  5417 | mycroft.skills.settings:get_local_settings:83 | /opt/mycroft/skills/mycroft-configuration.mycroftai/settings.json
2021-10-15 20:11:36.055 | INFO     |  5417 | mycroft.skills.skill_loader:_check_for_first_run:324 | First run of mycroft-configuration.mycroftai
2021-10-15 20:11:36.055 | INFO     |  5417 | mycroft.skills.settings:save_settings:116 | Skill settings successfully saved to /home/runner/.config/mycroft/skills/mycroft-configuration.mycroftai/settings.json
2021-10-15 20:11:36.130 | INFO     |  5417 | mycroft.skills.skill_loader:_communicate_load_status:344 | Skill mycroft-configuration.mycroftai loaded successfully
2021-10-15 20:11:36.131 | INFO     |  5417 | mycroft.skills.skill_loader:load:185 | ATTEMPTING TO LOAD SKILL: fallback-query.mycroftai
2021-10-15 20:11:36.136 | INFO     |  5417 | mycroft.skills.settings:get_local_settings:83 | /opt/mycroft/skills/fallback-query.mycroftai/settings.json
2021-10-15 20:11:36.142 | INFO     |  5417 | mycroft.skills.skill_loader:_check_for_first_run:324 | First run of fallback-query.mycroftai
2021-10-15 20:11:36.142 | INFO     |  5417 | mycroft.skills.settings:save_settings:116 | Skill settings successfully saved to /home/runner/.config/mycroft/skills/fallback-query.mycroftai/settings.json
2021-10-15 20:11:36.184 | INFO     |  5417 | mycroft.skills.skill_loader:_communicate_load_status:344 | Skill fallback-query.mycroftai loaded successfully
2021-10-15 20:11:36.185 | INFO     |  5417 | mycroft.skills.skill_loader:load:185 | ATTEMPTING TO LOAD SKILL: mycroft-personal.mycroftai
2021-10-15 20:11:36.191 | INFO     |  5417 | mycroft.skills.settings:get_local_settings:83 | /opt/mycroft/skills/mycroft-personal.mycroftai/settings.json
2021-10-15 20:11:36.203 | INFO     |  5417 | mycroft.skills.skill_loader:_check_for_first_run:324 | First run of mycroft-personal.mycroftai
2021-10-15 20:11:36.205 | INFO     |  5417 | mycroft.skills.settings:save_settings:116 | Skill settings successfully saved to /home/runner/.config/mycroft/skills/mycroft-personal.mycroftai/settings.json
2021-10-15 20:11:36.227 | INFO     |  5417 | mycroft.skills.skill_loader:_communicate_load_status:344 | Skill mycroft-personal.mycroftai loaded successfully
2021-10-15 20:11:36.227 | INFO     |  5417 | mycroft.skills.skill_loader:load:185 | ATTEMPTING TO LOAD SKILL: fallback-wolfram-alpha.mycroftai
2021-10-15 20:11:36.281 | INFO     |  5417 | mycroft.skills.settings:get_local_settings:83 | /opt/mycroft/skills/fallback-wolfram-alpha.mycroftai/settings.json
2021-10-15 20:11:36.291 | INFO     |  5417 | mycroft.skills.skill_loader:_check_for_first_run:324 | First run of fallback-wolfram-alpha.mycroftai
2021-10-15 20:11:36.293 | INFO     |  5417 | mycroft.skills.settings:save_settings:116 | Skill settings successfully saved to /home/runner/.config/mycroft/skills/fallback-wolfram-alpha.mycroftai/settings.json
2021-10-15 20:11:36.328 | INFO     |  5417 | mycroft.skills.skill_loader:_communicate_load_status:344 | Skill fallback-wolfram-alpha.mycroftai loaded successfully
2021-10-15 20:11:36.329 | INFO     |  5417 | mycroft.skills.skill_loader:load:185 | ATTEMPTING TO LOAD SKILL: mycroft-wiki.mycroftai
2021-10-15 20:11:36.334 | INFO     |  5417 | mycroft.skills.settings:get_local_settings:83 | /opt/mycroft/skills/mycroft-wiki.mycroftai/settings.json
2021-10-15 20:11:36.343 | INFO     |  5417 | mycroft.skills.skill_loader:_check_for_first_run:324 | First run of mycroft-wiki.mycroftai
2021-10-15 20:11:36.344 | INFO     |  5417 | mycroft.skills.settings:save_settings:116 | Skill settings successfully saved to /home/runner/.config/mycroft/skills/mycroft-wiki.mycroftai/settings.json
2021-10-15 20:11:36.345 | INFO     |  5417 | mycroft.skills.skill_loader:_communicate_load_status:344 | Skill mycroft-wiki.mycroftai loaded successfully
2021-10-15 20:11:36.346 | INFO     |  5417 | mycroft.skills.skill_loader:load:185 | ATTEMPTING TO LOAD SKILL: fallback-unknown.mycroftai
2021-10-15 20:11:36.349 | INFO     |  5417 | mycroft.skills.settings:get_local_settings:83 | /opt/mycroft/skills/fallback-unknown.mycroftai/settings.json
2021-10-15 20:11:36.364 | INFO     |  5417 | mycroft.skills.skill_loader:_check_for_first_run:324 | First run of fallback-unknown.mycroftai
2021-10-15 20:11:36.367 | INFO     |  5417 | mycroft.skills.settings:save_settings:116 | Skill settings successfully saved to /home/runner/.config/mycroft/skills/fallback-unknown.mycroftai/settings.json
2021-10-15 20:11:36.381 | INFO     |  5417 | mycroft.skills.skill_loader:_communicate_load_status:344 | Skill fallback-unknown.mycroftai loaded successfully
2021-10-15 20:11:36.382 | INFO     |  5417 | mycroft.skills.skill_loader:load:185 | ATTEMPTING TO LOAD SKILL: mycroft-playback-control.mycroftai
2021-10-15 20:11:36.390 | INFO     |  5417 | mycroft.skills.settings:get_local_settings:83 | /opt/mycroft/skills/mycroft-playback-control.mycroftai/settings.json
2021-10-15 20:11:36.410 | INFO     |  5417 | mycroft.skills.skill_loader:_check_for_first_run:324 | First run of mycroft-playback-control.mycroftai
2021-10-15 20:11:36.411 | INFO     |  5417 | mycroft.skills.settings:save_settings:116 | Skill settings successfully saved to /home/runner/.config/mycroft/skills/mycroft-playback-control.mycroftai/settings.json
2021-10-15 20:11:36.412 | INFO     |  5417 | mycroft.skills.skill_loader:_communicate_load_status:344 | Skill mycroft-playback-control.mycroftai loaded successfully
2021-10-15 20:11:36.414 | INFO     |  5417 | mycroft.skills.skill_manager:_load_on_startup:275 | Skills all loaded!
2021-10-15 20:11:36.469 | INFO     |  5417 | mycroft.skills.intent_services.padatious_service:train:81 | Training... (single_thread=False)
2021-10-15 20:11:36.476 | INFO     |  5417 | __main__:on_ready:185 | Skills service is ready.
Regenerated mycroft-alarm.mycroftai:{daytype}.
Regenerated mycroft-reminder.mycroftai:DeleteReminderForDay.intent.
Regenerated mycroft-reminder.mycroftai:ReminderAt.intent.
Regenerated mycroft-reminder.mycroftai:Reminder.intent.
Regenerated mycroft-reminder.mycroftai:ClearReminders.intent.
Regenerated mycroft-reminder.mycroftai:CancelActiveReminder.intent.
Regenerated mycroft-reminder.mycroftai:SnoozeReminder.intent.
Regenerated mycroft-reminder.mycroftai:GetRemindersForDay.intent.
Regenerated mycroft-alarm.mycroftai:snooze.intent.
Regenerated mycroft-alarm.mycroftai:change.alarm.sound.intent.
Regenerated mycroft-npr-news.mycroftai:PlayTheNews.intent.
Regenerated mycroft-support-helper.mycroftai:contact.support.intent.
Regenerated mycroft-weather.mycroftai:do-i-need-an-umbrella.intent.
Regenerated mycroft-audio-record.mycroftai:StartRecording.intent.
Regenerated mycroft-audio-record.mycroftai:PlayRecording.intent.
Regenerated mycroft-stop.mycroftai:ssh.enable.intent.
Regenerated mycroft-stop.mycroftai:shutdown.intent.
Regenerated mycroft-stop.mycroftai:wifi.setup.intent.
Regenerated mycroft-stop.mycroftai:reboot.intent.
Regenerated mycroft-stop.mycroftai:ssh.disable.intent.
Regenerated mycroft-hello-world.mycroftai:HowAreYou.intent.
Regenerated mycroft-date-time.mycroftai:date.last.weekend.intent.
Regenerated mycroft-date-time.mycroftai:date.future.weekend.intent.
Regenerated mycroft-date-time.mycroftai:what.time.is.it.intent.
Regenerated mycroft-date-time.mycroftai:what.time.will.it.be.intent.
Regenerated mycroft-configuration.mycroftai:DisablePreciseDev.intent.
Regenerated mycroft-configuration.mycroftai:WhereAreYou.intent.
Regenerated mycroft-configuration.mycroftai:EnablePreciseDev.intent.
Regenerated mycroft-personal.mycroftai:WhoMadeYou.intent.
Regenerated mycroft-reminder.mycroftai:GetNextReminders.intent.
Regenerated mycroft-reminder.mycroftai:UnspecifiedReminderAt.intent.
Regenerated mycroft-installer.mycroftai:remove.intent.
Regenerated mycroft-installer.mycroftai:install.intent.
Regenerated mycroft-installer.mycroftai:list.skills.intent.
Regenerated mycroft-installer.mycroftai:install.beta.intent.
Regenerated mycroft-installer.mycroftai:is.installed.intent.
Regenerated mycroft-installer.mycroftai:install.custom.intent.
Regenerated mycroft-timer.mycroftai:start.timer.intent.
Regenerated mycroft-timer.mycroftai:timer.status.intent.
Regenerated homeassistant.mycroftai:turn.off.intent.
Regenerated homeassistant.mycroftai:automation.intent.
Regenerated homeassistant.mycroftai:turn.on.intent.
Regenerated homeassistant.mycroftai:tracker.intent.
Regenerated homeassistant.mycroftai:add.item.shopping.list.intent.
Regenerated homeassistant.mycroftai:set.light.brightness.intent.
Regenerated homeassistant.mycroftai:decrease.light.brightness.intent.
Regenerated homeassistant.mycroftai:set.climate.intent.
Regenerated homeassistant.mycroftai:toggle.intent.
Regenerated homeassistant.mycroftai:increase.light.brightness.intent.
Regenerated homeassistant.mycroftai:sensor.intent.
Regenerated mycroft-personal.mycroftai:WhenWereYouBorn.intent.
Regenerated mycroft-personal.mycroftai:WhatAreYou.intent.
Regenerated mycroft-personal.mycroftai:DoYouRhyme.intent.
Regenerated mycroft-personal.mycroftai:WhoAreYou.intent.
Regenerated mycroft-personal.mycroftai:WhereWereYouBorn.intent.
Regenerated mycroft-personal.mycroftai:DoYouDream.intent.
Regenerated mycroft-wiki.mycroftai:Random.intent.
2021-10-15 20:11:40.232 | INFO     |  5417 | mycroft.skills.intent_services.padatious_service:train:83 | Training complete.
2021-10-15 20:11:51.985 | INFO     |  5417 | mycroft.skills.settings:save_settings:116 | Skill settings successfully saved to /home/runner/.config/mycroft/skills/mycroft-pairing.mycroftai/settings.json
2021-10-15 20:11:52.288 | INFO     |  5417 | mycroft.skills.settings:save_settings:116 | Skill settings successfully saved to /home/runner/.config/mycroft/skills/mycroft-timer.mycroftai/settings.json
2021-10-15 20:12:16.667 | INFO     |  5417 | __main__:on_stopping:193 | Skills service is shutting down...
2021-10-15 20:12:16.667 | INFO     |  5417 | __main__:shutdown:284 | Shutting down Skills service
2021-10-15 20:12:16.742 | ERROR    |  5417 | VolumeSkill | Couldn't allocate mixer, ALSAAudioError('No such file or directory [default]')
2021-10-15 20:12:16.744 | INFO     |  5417 | mycroft.skills.settings:save_settings:116 | Skill settings successfully saved to /home/runner/.config/mycroft/skills/mycroft-volume.mycroftai/settings.json
2021-10-15 20:12:16.745 | INFO     |  5417 | mycroft.skills.settings:save_settings:116 | Skill settings successfully saved to /home/runner/.config/mycroft/skills/mycroft-ip.mycroftai/settings.json
2021-10-15 20:12:16.764 | INFO     |  5417 | mycroft.skills.settings:save_settings:116 | Skill settings successfully saved to /home/runner/.config/mycroft/skills/mycroft-reminder.mycroftai/settings.json
2021-10-15 20:12:16.767 | INFO     |  5417 | mycroft.skills.settings:save_settings:116 | Skill settings successfully saved to /home/runner/.config/mycroft/skills/mycroft-installer.mycroftai/settings.json
2021-10-15 20:12:16.768 | INFO     |  5417 | mycroft.skills.settings:save_settings:116 | Skill settings successfully saved to /home/runner/.config/mycroft/skills/mycroft-version-checker.mycroftai/settings.json
2021-10-15 20:12:16.786 | INFO     |  5417 | mycroft.skills.settings:save_settings:116 | Skill settings successfully saved to /home/runner/.config/mycroft/skills/mycroft-singing.mycroftai/settings.json
2021-10-15 20:12:16.787 | INFO     |  5417 | mycroft.skills.settings:save_settings:116 | Skill settings successfully saved to /home/runner/.config/mycroft/skills/mycroft-joke.mycroftai/settings.json
2021-10-15 20:12:16.789 | INFO     |  5417 | HomeAssistantSkill | Removing all handlers...
2021-10-15 20:12:16.789 | WARNING  |  5417 | mycroft.skills.fallback_skill:remove_fallback:185 | Could not find matching fallback handler
2021-10-15 20:12:16.791 | INFO     |  5417 | mycroft.skills.settings:save_settings:116 | Skill settings successfully saved to /home/runner/.config/mycroft/skills/mycroft-alarm.mycroftai/settings.json
2021-10-15 20:12:16.796 | INFO     |  5417 | mycroft.skills.settings:save_settings:116 | Skill settings successfully saved to /home/runner/.config/mycroft/skills/mycroft-naptime.mycroftai/settings.json
2021-10-15 20:12:16.797 | INFO     |  5417 | mycroft.skills.settings:save_settings:116 | Skill settings successfully saved to /home/runner/.config/mycroft/skills/mycroft-spelling.mycroftai/settings.json
2021-10-15 20:12:16.799 | INFO     |  5417 | mycroft.skills.settings:save_settings:116 | Skill settings successfully saved to /home/runner/.config/mycroft/skills/mycroft-fallback-duck-duck-go.mycroftai/settings.json
2021-10-15 20:12:16.805 | INFO     |  5417 | mycroft.skills.settings:save_settings:116 | Skill settings successfully saved to /home/runner/.config/mycroft/skills/mycroft-npr-news.mycroftai/settings.json
2021-10-15 20:12:16.806 | INFO     |  5417 | mycroft.skills.settings:save_settings:116 | Skill settings successfully saved to /home/runner/.config/mycroft/skills/mycroft-support-helper.mycroftai/settings.json
2021-10-15 20:12:16.806 | INFO     |  5417 | mycroft.skills.settings:save_settings:116 | Skill settings successfully saved to /home/runner/.config/mycroft/skills/mycroft-weather.mycroftai/settings.json
2021-10-15 20:12:16.807 | INFO     |  5417 | mycroft.skills.settings:save_settings:116 | Skill settings successfully saved to /home/runner/.config/mycroft/skills/mycroft-speak.mycroftai/settings.json
2021-10-15 20:12:16.808 | INFO     |  5417 | mycroft.skills.settings:save_settings:116 | Skill settings successfully saved to /home/runner/.config/mycroft/skills/mycroft-audio-record.mycroftai/settings.json
2021-10-15 20:12:16.823 | INFO     |  5417 | mycroft.skills.settings:save_settings:116 | Skill settings successfully saved to /home/runner/.config/mycroft/skills/mycroft-stop.mycroftai/settings.json
2021-10-15 20:12:16.825 | INFO     |  5417 | mycroft.skills.settings:save_settings:116 | Skill settings successfully saved to /home/runner/.config/mycroft/skills/mycroft-hello-world.mycroftai/settings.json
2021-10-15 20:12:16.833 | INFO     |  5417 | mycroft.skills.settings:save_settings:116 | Skill settings successfully saved to /home/runner/.config/mycroft/skills/mycroft-date-time.mycroftai/settings.json
2021-10-15 20:12:16.837 | INFO     |  5417 | mycroft.skills.settings:save_settings:116 | Skill settings successfully saved to /home/runner/.config/mycroft/skills/mycroft-configuration.mycroftai/settings.json
2021-10-15 20:12:16.848 | INFO     |  5417 | QuestionsAnswersSkill | Removing all handlers...
2021-10-15 20:12:16.849 | INFO     |  5417 | mycroft.skills.settings:save_settings:116 | Skill settings successfully saved to /home/runner/.config/mycroft/skills/fallback-query.mycroftai/settings.json
2021-10-15 20:12:16.850 | INFO     |  5417 | mycroft.skills.settings:save_settings:116 | Skill settings successfully saved to /home/runner/.config/mycroft/skills/mycroft-personal.mycroftai/settings.json
2021-10-15 20:12:16.851 | INFO     |  5417 | mycroft.skills.settings:save_settings:116 | Skill settings successfully saved to /home/runner/.config/mycroft/skills/fallback-wolfram-alpha.mycroftai/settings.json
2021-10-15 20:12:16.863 | INFO     |  5417 | mycroft.skills.settings:save_settings:116 | Skill settings successfully saved to /home/runner/.config/mycroft/skills/mycroft-wiki.mycroftai/settings.json
2021-10-15 20:12:16.863 | INFO     |  5417 | UnknownSkill | Removing all handlers...
2021-10-15 20:12:16.864 | INFO     |  5417 | mycroft.skills.settings:save_settings:116 | Skill settings successfully saved to /home/runner/.config/mycroft/skills/fallback-unknown.mycroftai/settings.json
2021-10-15 20:12:16.865 | INFO     |  5417 | mycroft.skills.settings:save_settings:116 | Skill settings successfully saved to /home/runner/.config/mycroft/skills/mycroft-playback-control.mycroftai/settings.json
2021-10-15 20:12:17.867 | INFO     |  5417 | Playback Control Skill | Audio service status: {}
2021-10-15 20:12:18.869 | WARNING  |  5417 | mycroft.skills.skill_manager:_shutdown_skill:106 | mycroft-playback-control.mycroftai shutdown took 2.0039341769999623 seconds
2021-10-15 20:12:18.869 | INFO     |  5417 | __main__:shutdown:291 | Skills service shutdown complete!
2021-10-15 20:12:21.680 | ERROR    |  5417 | websocket | error from callback <bound method MessageBusClient.on_message of <mycroft.messagebus.client.client.MessageBusClient object at 0x7f5f4f7f7a10>>: cannot schedule new futures after shutdown
2021-10-15 20:12:21.682 | ERROR    |  5417 | websocket | error from callback <bound method MessageBusClient.on_message of <mycroft.messagebus.client.client.MessageBusClient object at 0x7f5f4f7f7a10>>: cannot schedule new futures after shutdown
2021-10-15 20:12:21.684 | ERROR    |  5417 | websocket | error from callback <bound method MessageBusClient.on_message of <mycroft.messagebus.client.client.MessageBusClient object at 0x7f5f4f7f7a10>>: cannot schedule new futures after shutdown
2021-10-15 20:12:21.686 | ERROR    |  5417 | websocket | error from callback <bound method MessageBusClient.on_message of <mycroft.messagebus.client.client.MessageBusClient object at 0x7f5f4f7f7a10>>: cannot schedule new futures after shutdown
2021-10-15 20:12:21.727 | ERROR    |  5417 | websocket | error from callback <bound method MessageBusClient.on_message of <mycroft.messagebus.client.client.MessageBusClient object at 0x7f5f4f7f7a10>>: cannot schedule new futures after shutdown
