2021-10-26 14:39:58.759 | INFO     |  5798 | mycroft.messagebus.load_config:load_message_bus_config:33 | Loading message bus configs
2021-10-26 14:39:58.765 | ERROR    |  5798 | mycroft_bus_client.client.client | === ConnectionRefusedError(111, 'Connection refused') ===
Traceback (most recent call last):
  File "/opt/mycroft-core/.venv/lib/python3.7/site-packages/websocket/_app.py", line 254, in run_forever
    proxy_type=proxy_type)
  File "/opt/mycroft-core/.venv/lib/python3.7/site-packages/websocket/_core.py", line 220, in connect
    options.pop('socket', None))
  File "/opt/mycroft-core/.venv/lib/python3.7/site-packages/websocket/_http.py", line 120, in connect
    sock = _open_socket(addrinfo_list, options.sockopt, options.timeout)
  File "/opt/mycroft-core/.venv/lib/python3.7/site-packages/websocket/_http.py", line 190, in _open_socket
    raise err
  File "/opt/mycroft-core/.venv/lib/python3.7/site-packages/websocket/_http.py", line 170, in _open_socket
    sock.connect(address)
ConnectionRefusedError: [Errno 111] Connection refused
2021-10-26 14:39:58.765 | ERROR    |  5798 | mycroft_bus_client.client.client | Exception closing websocket: ConnectionRefusedError(111, 'Connection refused')
2021-10-26 14:39:58.765 | WARNING  |  5798 | mycroft_bus_client.client.client | Message Bus Client will reconnect in 5 seconds.
2021-10-26 14:40:03.773 | INFO     |  5798 | mycroft_bus_client.client.client | Connected
2021-10-26 14:40:03.775 | INFO     |  5798 | mycroft.util.process_utils:start_message_bus_client:155 | Connected to messagebus
2021-10-26 14:40:03.778 | INFO     |  5798 | mycroft.skills.msm_wrapper:create_msm:96 | Acquiring lock to instantiate MSM
2021-10-26 14:40:03.778 | INFO     |  5798 | msm.mycroft_skills_manager | building SkillEntry objects for all skills
2021-10-26 14:40:05.421 | INFO     |  5798 | mycroft.skills.msm_wrapper:create_msm:112 | Releasing MSM instantiation lock.
2021-10-26 14:40:05.421 | INFO     |  5798 | mycroft.skills.skill_updater:_log_next_download_time:267 | Next scheduled skill update: 2021-10-26 14:40:04.421341
2021-10-26 14:40:05.421 | INFO     |  5798 | msm.skill_entry | Downloading skill: https://github.com/mycroftai/skill-pairing
2021-10-26 14:40:06.149 | INFO     |  5798 | msm.skill_entry | Installing system requirements...
2021-10-26 14:40:06.158 | INFO     |  5798 | msm.skill_entry | Successfully installed mycroft-pairing
2021-10-26 14:40:06.158 | INFO     |  5798 | msm.mycroft_skills_manager | invalidating skills cache
2021-10-26 14:40:06.159 | INFO     |  5798 | mycroft.skills.skill_loader:load:185 | ATTEMPTING TO LOAD SKILL: mycroft-pairing.mycroftai
2021-10-26 14:40:06.166 | INFO     |  5798 | mycroft.skills.settings:get_local_settings:83 | /opt/mycroft/skills/mycroft-pairing.mycroftai/settings.json
2021-10-26 14:40:06.173 | INFO     |  5798 | mycroft.skills.skill_loader:_check_for_first_run:324 | First run of mycroft-pairing.mycroftai
2021-10-26 14:40:06.174 | INFO     |  5798 | mycroft.skills.settings:save_settings:116 | Skill settings successfully saved to /home/runner/.config/mycroft/skills/mycroft-pairing.mycroftai/settings.json
2021-10-26 14:40:06.176 | INFO     |  5798 | mycroft.skills.skill_loader:_communicate_load_status:344 | Skill mycroft-pairing.mycroftai loaded successfully
2021-10-26 14:40:06.176 | INFO     |  5798 | msm.skill_entry | Downloading skill: https://github.com/mycroftai/skill-volume
2021-10-26 14:40:06.606 | INFO     |  5798 | msm.skill_entry | Installing system requirements...
2021-10-26 14:40:06.616 | INFO     |  5798 | msm.skill_entry | Installing requirements.txt for mycroft-volume
2021-10-26 14:40:07.374 | INFO     |  5798 | msm.skill_entry | Successfully installed mycroft-volume
2021-10-26 14:40:07.374 | INFO     |  5798 | msm.mycroft_skills_manager | invalidating skills cache
2021-10-26 14:40:07.376 | INFO     |  5798 | mycroft.skills.skill_loader:load:185 | ATTEMPTING TO LOAD SKILL: mycroft-volume.mycroftai
2021-10-26 14:40:07.384 | INFO     |  5798 | mycroft.skills.settings:get_local_settings:83 | /opt/mycroft/skills/mycroft-volume.mycroftai/settings.json
2021-10-26 14:40:07.507 | ERROR    |  5798 | VolumeSkill | Couldn't allocate mixer, ALSAAudioError('No such file or directory [default]')
2021-10-26 14:40:10.510 | INFO     |  5798 | mycroft.skills.skill_loader:_check_for_first_run:324 | First run of mycroft-volume.mycroftai
2021-10-26 14:40:10.511 | INFO     |  5798 | mycroft.skills.settings:save_settings:116 | Skill settings successfully saved to /home/runner/.config/mycroft/skills/mycroft-volume.mycroftai/settings.json
2021-10-26 14:40:10.512 | INFO     |  5798 | mycroft.skills.skill_loader:_communicate_load_status:344 | Skill mycroft-volume.mycroftai loaded successfully
2021-10-26 14:40:10.512 | INFO     |  5798 | __main__:on_started:177 | Skills service is starting up.
2021-10-26 14:40:10.562 | INFO     |  5798 | __main__:_update_system:154 | Attempting system update...
2021-10-26 14:40:13.564 | INFO     |  5798 | mycroft.enclosure.display_manager:_write_data:70 | Display Manager is creating /tmp/mycroft/ipc/managers/disp_info
2021-10-26 14:40:13.567 | INFO     |  5798 | __main__:_ensure_device_is_paired:133 | Device not paired, invoking the pairing skill
2021-10-26 14:40:13.576 | INFO     |  5798 | __main__:on_alive:181 | Skills service is alive.
2021-10-26 14:40:13.576 | INFO     |  5798 | msm.mycroft_skills_manager | building SkillEntry objects for all skills
2021-10-26 14:40:13.746 | INFO     |  5798 | PairingSkill | Communicating account URL to user
2021-10-26 14:40:13.807 | WARNING  |  5798 | msm.mycroft_skills_manager | No such default skill: mycroft-pandora
2021-10-26 14:40:13.807 | INFO     |  5798 | mycroft.skills.skill_manager:run:234 | Not all default skills are installed, performing skill update...
2021-10-26 14:40:13.808 | INFO     |  5798 | mycroft.skills.skill_updater:update_skills:149 | Beginning skill update...
2021-10-26 14:40:13.853 | INFO     |  5798 | msm.mycroft_skills_manager | building SkillEntry objects for all skills
2021-10-26 14:40:14.050 | INFO     |  5798 | msm.mycroft_skills_manager | invalidating skills cache
2021-10-26 14:40:14.071 | INFO     |  5798 | msm.skill_entry | Downloading skill: https://github.com/mycroftai/fallback-unknown
2021-10-26 14:40:14.072 | INFO     |  5798 | msm.skill_entry | Downloading skill: https://github.com/mycroftai/fallback-wolfram-alpha
2021-10-26 14:40:14.073 | INFO     |  5798 | msm.skill_entry | Downloading skill: https://github.com/mycroftai/skill-audio-record
2021-10-26 14:40:14.073 | INFO     |  5798 | msm.skill_entry | Downloading skill: https://github.com/mycroftai/skill-configuration
2021-10-26 14:40:14.074 | INFO     |  5798 | msm.skill_entry | Downloading skill: https://github.com/mycroftai/skill-date-time
2021-10-26 14:40:14.074 | INFO     |  5798 | msm.skill_entry | Downloading skill: https://github.com/mycroftai/skill-hello-world
2021-10-26 14:40:14.075 | INFO     |  5798 | msm.skill_entry | Downloading skill: https://github.com/mycroftai/fallback-duckduckgo
2021-10-26 14:40:14.083 | INFO     |  5798 | msm.skill_entry | Downloading skill: https://github.com/mycroftai/skill-ip
2021-10-26 14:40:14.087 | INFO     |  5798 | msm.skill_entry | Downloading skill: https://github.com/mycroftai/skill-joke
2021-10-26 14:40:14.099 | INFO     |  5798 | msm.skill_entry | Downloading skill: https://github.com/mycroftai/skill-reminder
2021-10-26 14:40:14.104 | INFO     |  5798 | msm.skill_entry | Downloading skill: https://github.com/mycroftai/skill-personal
2021-10-26 14:40:14.114 | INFO     |  5798 | msm.skill_entry | Downloading skill: https://github.com/mycroftai/skill-alarm
2021-10-26 14:40:14.123 | INFO     |  5798 | msm.skill_entry | Downloading skill: https://github.com/mycroftai/skill-naptime
2021-10-26 14:40:14.113 | INFO     |  5798 | msm.skill_entry | Downloading skill: https://github.com/mycroftai/skill-singing
2021-10-26 14:40:14.132 | INFO     |  5798 | msm.skill_entry | Downloading skill: https://github.com/mycroftai/skill-installer
2021-10-26 14:40:14.133 | INFO     |  5798 | msm.skill_entry | Downloading skill: https://github.com/mycroftai/skill-npr-news
2021-10-26 14:40:14.148 | INFO     |  5798 | msm.skill_entry | Downloading skill: https://github.com/mycroftai/skill-playback-control
2021-10-26 14:40:14.624 | ERROR    |  5798 | msm.mycroft_skills_manager | Error running install_or_update on homeassistant.mycroftai: MergeConflict
2021-10-26 14:40:14.638 | INFO     |  5798 | msm.skill_entry | Downloading skill: https://github.com/mycroftai/skill-speak
2021-10-26 14:40:15.174 | INFO     |  5798 | msm.skill_entry | Installing system requirements...
2021-10-26 14:40:15.211 | INFO     |  5798 | msm.skill_entry | Installing system requirements...
2021-10-26 14:40:15.218 | INFO     |  5798 | msm.skill_entry | Installing system requirements...
2021-10-26 14:40:15.226 | INFO     |  5798 | msm.skill_entry | Installing system requirements...
2021-10-26 14:40:15.234 | INFO     |  5798 | msm.skill_entry | Nothing new for mycroft-volume
2021-10-26 14:40:15.275 | INFO     |  5798 | msm.skill_entry | Successfully installed mycroft-playback-control
2021-10-26 14:40:15.276 | INFO     |  5798 | msm.mycroft_skills_manager | invalidating skills cache
2021-10-26 14:40:15.277 | INFO     |  5798 | msm.skill_entry | Downloading skill: https://github.com/mycroftai/skill-spelling
2021-10-26 14:40:15.287 | INFO     |  5798 | msm.skill_entry | Nothing new for mycroft-pairing
2021-10-26 14:40:15.290 | INFO     |  5798 | msm.skill_entry | Successfully installed mycroft-naptime
2021-10-26 14:40:15.290 | INFO     |  5798 | msm.mycroft_skills_manager | invalidating skills cache
2021-10-26 14:40:15.332 | INFO     |  5798 | msm.skill_entry | Installing requirements.txt for mycroft-joke
2021-10-26 14:40:15.335 | INFO     |  5798 | msm.skill_entry | Downloading skill: https://github.com/mycroftai/skill-stop
2021-10-26 14:40:15.338 | INFO     |  5798 | msm.skill_entry | Installing requirements.txt for mycroft-ip
2021-10-26 14:40:15.343 | INFO     |  5798 | msm.skill_entry | Installing system requirements...
2021-10-26 14:40:15.390 | INFO     |  5798 | msm.skill_entry | Installing system requirements...
2021-10-26 14:40:15.416 | INFO     |  5798 | msm.skill_entry | Installing system requirements...
2021-10-26 14:40:15.477 | INFO     |  5798 | msm.skill_entry | Installing system requirements...
2021-10-26 14:40:15.496 | INFO     |  5798 | msm.skill_entry | Downloading skill: https://github.com/mycroftai/skill-support
2021-10-26 14:40:15.519 | INFO     |  5798 | msm.skill_entry | Installing system requirements...
2021-10-26 14:40:15.531 | INFO     |  5798 | msm.skill_entry | Installing system requirements...
2021-10-26 14:40:15.537 | INFO     |  5798 | msm.skill_entry | Successfully installed mycroft-speak
2021-10-26 14:40:15.538 | INFO     |  5798 | msm.mycroft_skills_manager | invalidating skills cache
2021-10-26 14:40:15.540 | INFO     |  5798 | msm.skill_entry | Downloading skill: https://github.com/mycroftai/mycroft-timer
2021-10-26 14:40:15.562 | INFO     |  5798 | msm.skill_entry | Installing requirements.txt for mycroft-volume
2021-10-26 14:40:15.600 | INFO     |  5798 | msm.skill_entry | Installing system requirements...
2021-10-26 14:40:15.608 | INFO     |  5798 | msm.skill_entry | Installing requirements.txt for mycroft-npr-news
2021-10-26 14:40:15.625 | INFO     |  5798 | msm.skill_entry | Successfully installed mycroft-reminder
2021-10-26 14:40:15.625 | INFO     |  5798 | msm.mycroft_skills_manager | invalidating skills cache
2021-10-26 14:40:15.626 | INFO     |  5798 | msm.skill_entry | Downloading skill: https://github.com/mycroftai/skill-weather
2021-10-26 14:40:15.631 | INFO     |  5798 | msm.skill_entry | Installing requirements.txt for mycroft-configuration
2021-10-26 14:40:15.696 | INFO     |  5798 | msm.skill_entry | Installing requirements.txt for mycroft-date-time
2021-10-26 14:40:15.704 | INFO     |  5798 | msm.skill_entry | Installing system requirements...
2021-10-26 14:40:15.826 | INFO     |  5798 | msm.skill_entry | Successfully installed fallback-unknown
2021-10-26 14:40:15.826 | INFO     |  5798 | msm.mycroft_skills_manager | invalidating skills cache
2021-10-26 14:40:15.828 | INFO     |  5798 | msm.skill_entry | Downloading skill: https://github.com/mycroftai/skill-version-checker
2021-10-26 14:40:15.955 | INFO     |  5798 | msm.skill_entry | Installing system requirements...
2021-10-26 14:40:16.060 | INFO     |  5798 | msm.skill_entry | Installing requirements.txt for mycroft-audio-record
2021-10-26 14:40:16.061 | INFO     |  5798 | msm.skill_entry | Installing system requirements...
2021-10-26 14:40:16.080 | INFO     |  5798 | msm.skill_entry | Installing system requirements...
2021-10-26 14:40:16.136 | INFO     |  5798 | msm.skill_entry | Installing system requirements...
2021-10-26 14:40:16.138 | INFO     |  5798 | msm.skill_entry | Installing requirements.txt for mycroft-fallback-duck-duck-go
2021-10-26 14:40:16.147 | INFO     |  5798 | msm.skill_entry | Installing system requirements...
2021-10-26 14:40:16.158 | INFO     |  5798 | msm.skill_entry | Successfully installed mycroft-personal
2021-10-26 14:40:16.159 | INFO     |  5798 | msm.mycroft_skills_manager | invalidating skills cache
2021-10-26 14:40:16.161 | INFO     |  5798 | msm.skill_entry | Downloading skill: https://github.com/mycroftai/skill-wiki
2021-10-26 14:40:16.206 | INFO     |  5798 | msm.skill_entry | Installing requirements.txt for fallback-wolfram-alpha
2021-10-26 14:40:16.251 | INFO     |  5798 | msm.skill_entry | Successfully installed mycroft-hello-world
2021-10-26 14:40:16.252 | INFO     |  5798 | msm.mycroft_skills_manager | invalidating skills cache
2021-10-26 14:40:16.254 | INFO     |  5798 | msm.skill_entry | Downloading skill: https://github.com/MycroftAI/skill-query
2021-10-26 14:40:16.362 | INFO     |  5798 | msm.skill_entry | Installing system requirements...
2021-10-26 14:40:16.419 | INFO     |  5798 | msm.skill_entry | Installing requirements.txt for mycroft-installer
2021-10-26 14:40:16.586 | INFO     |  5798 | msm.skill_entry | Installing system requirements...
2021-10-26 14:40:16.671 | INFO     |  5798 | msm.skill_entry | Successfully installed mycroft-timer
2021-10-26 14:40:16.671 | INFO     |  5798 | msm.mycroft_skills_manager | invalidating skills cache
2021-10-26 14:40:16.833 | INFO     |  5798 | msm.skill_entry | Installing system requirements...
2021-10-26 14:40:16.869 | INFO     |  5798 | msm.skill_entry | Successfully installed mycroft-version-checker
2021-10-26 14:40:16.869 | INFO     |  5798 | msm.mycroft_skills_manager | invalidating skills cache
2021-10-26 14:40:16.873 | INFO     |  5798 | msm.skill_entry | Installing system requirements...
2021-10-26 14:40:16.950 | INFO     |  5798 | msm.skill_entry | Successfully installed fallback-query
2021-10-26 14:40:16.950 | INFO     |  5798 | msm.mycroft_skills_manager | invalidating skills cache
2021-10-26 14:40:17.043 | INFO     |  5798 | msm.skill_entry | Installing system requirements...
2021-10-26 14:40:17.052 | INFO     |  5798 | msm.skill_entry | Installing system requirements...
2021-10-26 14:40:17.104 | INFO     |  5798 | msm.skill_entry | Installing requirements.txt for mycroft-alarm
2021-10-26 14:40:17.125 | ERROR    |  5798 | msm.mycroft_skills_manager | Error running install_or_update on homeassistant: MergeConflict
2021-10-26 14:40:17.147 | INFO     |  5798 | msm.skill_entry | Successfully installed mycroft-spelling
2021-10-26 14:40:17.147 | INFO     |  5798 | msm.mycroft_skills_manager | invalidating skills cache
2021-10-26 14:40:17.193 | INFO     |  5798 | msm.skill_entry | Installing system requirements...
2021-10-26 14:40:17.201 | INFO     |  5798 | msm.skill_entry | Installing system requirements...
2021-10-26 14:40:17.230 | INFO     |  5798 | msm.skill_entry | Successfully installed mycroft-stop
2021-10-26 14:40:17.230 | INFO     |  5798 | msm.mycroft_skills_manager | invalidating skills cache
2021-10-26 14:40:17.239 | INFO     |  5798 | msm.skill_entry | Installing requirements.txt for mycroft-support-helper
2021-10-26 14:40:17.405 | INFO     |  5798 | msm.skill_entry | Installing system requirements...
2021-10-26 14:40:17.426 | INFO     |  5798 | msm.skill_entry | Successfully installed mycroft-singing
2021-10-26 14:40:17.426 | INFO     |  5798 | msm.mycroft_skills_manager | invalidating skills cache
2021-10-26 14:40:17.824 | INFO     |  5798 | msm.skill_entry | Successfully installed mycroft-joke
2021-10-26 14:40:17.824 | INFO     |  5798 | msm.mycroft_skills_manager | invalidating skills cache
2021-10-26 14:40:17.986 | INFO     |  5798 | msm.skill_entry | Installing system requirements...
2021-10-26 14:40:18.010 | INFO     |  5798 | msm.skill_entry | Installing requirements.txt for mycroft-wiki
2021-10-26 14:40:18.608 | INFO     |  5798 | msm.skill_entry | Successfully installed mycroft-ip
2021-10-26 14:40:18.608 | INFO     |  5798 | msm.mycroft_skills_manager | invalidating skills cache
2021-10-26 14:40:20.293 | INFO     |  5798 | msm.skill_entry | Installing system requirements...
2021-10-26 14:40:20.315 | INFO     |  5798 | msm.skill_entry | Installing requirements.txt for mycroft-weather
2021-10-26 14:40:22.252 | INFO     |  5798 | msm.skill_entry | Successfully installed mycroft-npr-news
2021-10-26 14:40:22.253 | INFO     |  5798 | msm.mycroft_skills_manager | invalidating skills cache
2021-10-26 14:40:24.432 | INFO     |  5798 | msm.skill_entry | Successfully installed mycroft-configuration
2021-10-26 14:40:24.432 | INFO     |  5798 | msm.mycroft_skills_manager | invalidating skills cache
2021-10-26 14:40:39.088 | INFO     |  5798 | msm.skill_entry | Successfully installed mycroft-date-time
2021-10-26 14:40:39.089 | INFO     |  5798 | msm.mycroft_skills_manager | invalidating skills cache
2021-10-26 14:40:39.930 | INFO     |  5798 | msm.skill_entry | Successfully installed mycroft-audio-record
2021-10-26 14:40:39.930 | INFO     |  5798 | msm.mycroft_skills_manager | invalidating skills cache
2021-10-26 14:40:40.938 | INFO     |  5798 | msm.skill_entry | Successfully installed mycroft-fallback-duck-duck-go
2021-10-26 14:40:40.938 | INFO     |  5798 | msm.mycroft_skills_manager | invalidating skills cache
2021-10-26 14:40:44.095 | INFO     |  5798 | PairingSkill | Initiating device pairing sequence...
2021-10-26 14:40:44.096 | INFO     |  5798 | PairingSkill | Retrieving pairing code from device API...
2021-10-26 14:40:44.289 | INFO     |  5798 | PairingSkill | Pairing code obtained: LJLCXU
2021-10-26 14:40:44.289 | INFO     |  5798 | PairingSkill | Communicating pairing URL to user
2021-10-26 14:40:44.582 | INFO     |  5798 | msm.skill_entry | Successfully installed fallback-wolfram-alpha
2021-10-26 14:40:44.582 | INFO     |  5798 | msm.mycroft_skills_manager | invalidating skills cache
2021-10-26 14:40:45.387 | INFO     |  5798 | msm.skill_entry | Successfully installed mycroft-installer
2021-10-26 14:40:45.387 | INFO     |  5798 | msm.mycroft_skills_manager | invalidating skills cache
2021-10-26 14:40:46.152 | INFO     |  5798 | msm.skill_entry | Successfully installed mycroft-alarm
2021-10-26 14:40:46.153 | INFO     |  5798 | msm.mycroft_skills_manager | invalidating skills cache
2021-10-26 14:40:48.255 | INFO     |  5798 | msm.skill_entry | Successfully installed mycroft-support-helper
2021-10-26 14:40:48.256 | INFO     |  5798 | msm.mycroft_skills_manager | invalidating skills cache
2021-10-26 14:40:50.467 | INFO     |  5798 | msm.skill_entry | Successfully installed mycroft-wiki
2021-10-26 14:40:50.468 | INFO     |  5798 | msm.mycroft_skills_manager | invalidating skills cache
2021-10-26 14:40:51.353 | INFO     |  5798 | msm.skill_entry | Successfully installed mycroft-weather
2021-10-26 14:40:51.353 | INFO     |  5798 | msm.mycroft_skills_manager | invalidating skills cache
2021-10-26 14:40:51.454 | INFO     |  5798 | mycroft.skills.skill_updater:_log_next_download_time:267 | Next scheduled skill update: 2021-10-26 15:40:51.454197
2021-10-26 14:40:51.455 | INFO     |  5798 | mycroft.skills.skill_updater:update_skills:170 | Skill update complete
2021-10-26 14:40:51.455 | INFO     |  5798 | mycroft.skills.skill_manager:_load_on_startup:273 | Loading installed skills...
2021-10-26 14:40:51.457 | INFO     |  5798 | mycroft.skills.skill_loader:load:185 | ATTEMPTING TO LOAD SKILL: mycroft-ip.mycroftai
2021-10-26 14:40:51.577 | INFO     |  5798 | mycroft.skills.settings:get_local_settings:83 | /opt/mycroft/skills/mycroft-ip.mycroftai/settings.json
2021-10-26 14:40:51.592 | INFO     |  5798 | mycroft.skills.skill_loader:_check_for_first_run:324 | First run of mycroft-ip.mycroftai
2021-10-26 14:40:51.593 | INFO     |  5798 | mycroft.skills.settings:save_settings:116 | Skill settings successfully saved to /home/runner/.config/mycroft/skills/mycroft-ip.mycroftai/settings.json
2021-10-26 14:40:51.606 | INFO     |  5798 | mycroft.skills.skill_loader:_communicate_load_status:344 | Skill mycroft-ip.mycroftai loaded successfully
2021-10-26 14:40:51.607 | INFO     |  5798 | mycroft.skills.skill_loader:load:185 | ATTEMPTING TO LOAD SKILL: mycroft-reminder.mycroftai
2021-10-26 14:40:51.628 | INFO     |  5798 | mycroft.skills.settings:get_local_settings:83 | /opt/mycroft/skills/mycroft-reminder.mycroftai/settings.json
2021-10-26 14:40:51.650 | INFO     |  5798 | mycroft.skills.skill_loader:_check_for_first_run:324 | First run of mycroft-reminder.mycroftai
2021-10-26 14:40:51.651 | INFO     |  5798 | mycroft.skills.settings:save_settings:116 | Skill settings successfully saved to /home/runner/.config/mycroft/skills/mycroft-reminder.mycroftai/settings.json
2021-10-26 14:40:51.651 | INFO     |  5798 | mycroft.skills.skill_loader:_communicate_load_status:344 | Skill mycroft-reminder.mycroftai loaded successfully
2021-10-26 14:40:51.652 | INFO     |  5798 | mycroft.skills.skill_loader:load:185 | ATTEMPTING TO LOAD SKILL: mycroft-installer.mycroftai
2021-10-26 14:40:51.661 | INFO     |  5798 | mycroft.skills.settings:get_local_settings:83 | /opt/mycroft/skills/mycroft-installer.mycroftai/settings.json
2021-10-26 14:40:51.682 | INFO     |  5798 | mycroft.skills.skill_loader:_check_for_first_run:324 | First run of mycroft-installer.mycroftai
2021-10-26 14:40:51.683 | INFO     |  5798 | mycroft.skills.settings:save_settings:116 | Skill settings successfully saved to /home/runner/.config/mycroft/skills/mycroft-installer.mycroftai/settings.json
2021-10-26 14:40:51.708 | INFO     |  5798 | mycroft.skills.skill_loader:_communicate_load_status:344 | Skill mycroft-installer.mycroftai loaded successfully
2021-10-26 14:40:51.708 | INFO     |  5798 | mycroft.skills.skill_loader:load:185 | ATTEMPTING TO LOAD SKILL: mycroft-version-checker.mycroftai
2021-10-26 14:40:51.751 | INFO     |  5798 | mycroft.skills.settings:get_local_settings:83 | /opt/mycroft/skills/mycroft-version-checker.mycroftai/settings.json
2021-10-26 14:40:51.935 | INFO     |  5798 | mycroft.skills.skill_loader:_check_for_first_run:324 | First run of mycroft-version-checker.mycroftai
2021-10-26 14:40:51.936 | INFO     |  5798 | mycroft.skills.settings:save_settings:116 | Skill settings successfully saved to /home/runner/.config/mycroft/skills/mycroft-version-checker.mycroftai/settings.json
2021-10-26 14:40:51.937 | INFO     |  5798 | mycroft.skills.skill_loader:_communicate_load_status:344 | Skill mycroft-version-checker.mycroftai loaded successfully
2021-10-26 14:40:51.938 | INFO     |  5798 | mycroft.skills.skill_loader:load:185 | ATTEMPTING TO LOAD SKILL: mycroft-singing.mycroftai
2021-10-26 14:40:51.941 | INFO     |  5798 | mycroft.skills.settings:get_local_settings:83 | /opt/mycroft/skills/mycroft-singing.mycroftai/settings.json
2021-10-26 14:40:51.969 | INFO     |  5798 | mycroft.skills.skill_loader:_check_for_first_run:324 | First run of mycroft-singing.mycroftai
2021-10-26 14:40:51.970 | INFO     |  5798 | mycroft.skills.settings:save_settings:116 | Skill settings successfully saved to /home/runner/.config/mycroft/skills/mycroft-singing.mycroftai/settings.json
2021-10-26 14:40:51.973 | INFO     |  5798 | mycroft.skills.skill_loader:_communicate_load_status:344 | Skill mycroft-singing.mycroftai loaded successfully
2021-10-26 14:40:51.973 | INFO     |  5798 | mycroft.skills.skill_loader:load:185 | ATTEMPTING TO LOAD SKILL: mycroft-joke.mycroftai
2021-10-26 14:40:51.979 | INFO     |  5798 | mycroft.skills.settings:get_local_settings:83 | /opt/mycroft/skills/mycroft-joke.mycroftai/settings.json
2021-10-26 14:40:52.006 | INFO     |  5798 | mycroft.skills.skill_loader:_check_for_first_run:324 | First run of mycroft-joke.mycroftai
2021-10-26 14:40:52.007 | INFO     |  5798 | mycroft.skills.settings:save_settings:116 | Skill settings successfully saved to /home/runner/.config/mycroft/skills/mycroft-joke.mycroftai/settings.json
2021-10-26 14:40:52.008 | INFO     |  5798 | mycroft.skills.skill_loader:_communicate_load_status:344 | Skill mycroft-joke.mycroftai loaded successfully
2021-10-26 14:40:52.009 | INFO     |  5798 | mycroft.skills.skill_loader:load:185 | ATTEMPTING TO LOAD SKILL: mycroft-timer.mycroftai
2021-10-26 14:40:52.027 | INFO     |  5798 | mycroft.skills.settings:get_local_settings:83 | /opt/mycroft/skills/mycroft-timer.mycroftai/settings.json
2021-10-26 14:40:52.100 | INFO     |  5798 | mycroft.skills.skill_loader:_check_for_first_run:324 | First run of mycroft-timer.mycroftai
2021-10-26 14:40:52.101 | INFO     |  5798 | mycroft.skills.settings:save_settings:116 | Skill settings successfully saved to /home/runner/.config/mycroft/skills/mycroft-timer.mycroftai/settings.json
2021-10-26 14:40:52.102 | INFO     |  5798 | mycroft.skills.skill_loader:_communicate_load_status:344 | Skill mycroft-timer.mycroftai loaded successfully
2021-10-26 14:40:52.102 | INFO     |  5798 | mycroft.skills.skill_loader:load:185 | ATTEMPTING TO LOAD SKILL: homeassistant.mycroftai
2021-10-26 14:40:52.439 | INFO     |  5798 | mycroft.skills.settings:get_local_settings:83 | /opt/mycroft/skills/homeassistant.mycroftai/settings.json
2021-10-26 14:40:52.440 | INFO     |  5798 | mycroft.skills.settings:get_local_settings:83 | /opt/mycroft/skills/homeassistant.mycroftai/settings.json
2021-10-26 14:40:52.484 | INFO     |  5798 | mycroft.skills.skill_loader:_communicate_load_status:344 | Skill homeassistant.mycroftai loaded successfully
2021-10-26 14:40:52.486 | INFO     |  5798 | mycroft.skills.skill_loader:load:185 | ATTEMPTING TO LOAD SKILL: mycroft-alarm.mycroftai
2021-10-26 14:40:52.545 | INFO     |  5798 | mycroft.skills.settings:get_local_settings:83 | /opt/mycroft/skills/mycroft-alarm.mycroftai/settings.json
2021-10-26 14:40:52.547 | ERROR    |  5798 | AlarmSkill | Couldn't allocate mixer, ALSAAudioError('No such file or directory [default]')
2021-10-26 14:40:52.645 | INFO     |  5798 | mycroft.skills.skill_loader:_check_for_first_run:324 | First run of mycroft-alarm.mycroftai
2021-10-26 14:40:52.649 | INFO     |  5798 | mycroft.skills.settings:save_settings:116 | Skill settings successfully saved to /home/runner/.config/mycroft/skills/mycroft-alarm.mycroftai/settings.json
2021-10-26 14:40:52.654 | INFO     |  5798 | mycroft.skills.skill_loader:_communicate_load_status:344 | Skill mycroft-alarm.mycroftai loaded successfully
2021-10-26 14:40:52.654 | INFO     |  5798 | mycroft.skills.skill_loader:load:185 | ATTEMPTING TO LOAD SKILL: mycroft-naptime.mycroftai
2021-10-26 14:40:52.662 | INFO     |  5798 | mycroft.skills.settings:get_local_settings:83 | /opt/mycroft/skills/mycroft-naptime.mycroftai/settings.json
2021-10-26 14:40:52.687 | INFO     |  5798 | mycroft.skills.skill_loader:_check_for_first_run:324 | First run of mycroft-naptime.mycroftai
2021-10-26 14:40:52.687 | INFO     |  5798 | mycroft.skills.settings:save_settings:116 | Skill settings successfully saved to /home/runner/.config/mycroft/skills/mycroft-naptime.mycroftai/settings.json
2021-10-26 14:40:52.688 | INFO     |  5798 | mycroft.skills.skill_loader:_communicate_load_status:344 | Skill mycroft-naptime.mycroftai loaded successfully
2021-10-26 14:40:52.692 | INFO     |  5798 | mycroft.skills.skill_loader:load:185 | ATTEMPTING TO LOAD SKILL: mycroft-spelling.mycroftai
2021-10-26 14:40:52.702 | INFO     |  5798 | mycroft.skills.settings:get_local_settings:83 | /opt/mycroft/skills/mycroft-spelling.mycroftai/settings.json
2021-10-26 14:40:52.725 | INFO     |  5798 | mycroft.skills.skill_loader:_check_for_first_run:324 | First run of mycroft-spelling.mycroftai
2021-10-26 14:40:52.726 | INFO     |  5798 | mycroft.skills.settings:save_settings:116 | Skill settings successfully saved to /home/runner/.config/mycroft/skills/mycroft-spelling.mycroftai/settings.json
2021-10-26 14:40:52.726 | INFO     |  5798 | mycroft.skills.skill_loader:_communicate_load_status:344 | Skill mycroft-spelling.mycroftai loaded successfully
2021-10-26 14:40:52.727 | INFO     |  5798 | mycroft.skills.skill_loader:load:185 | ATTEMPTING TO LOAD SKILL: mycroft-fallback-duck-duck-go.mycroftai
2021-10-26 14:40:52.757 | INFO     |  5798 | mycroft.skills.settings:get_local_settings:83 | /opt/mycroft/skills/mycroft-fallback-duck-duck-go.mycroftai/settings.json
2021-10-26 14:40:52.788 | INFO     |  5798 | mycroft.skills.skill_loader:_check_for_first_run:324 | First run of mycroft-fallback-duck-duck-go.mycroftai
2021-10-26 14:40:52.790 | INFO     |  5798 | mycroft.skills.settings:save_settings:116 | Skill settings successfully saved to /home/runner/.config/mycroft/skills/mycroft-fallback-duck-duck-go.mycroftai/settings.json
2021-10-26 14:40:52.790 | INFO     |  5798 | mycroft.skills.skill_loader:_communicate_load_status:344 | Skill mycroft-fallback-duck-duck-go.mycroftai loaded successfully
2021-10-26 14:40:52.794 | INFO     |  5798 | mycroft.skills.skill_loader:load:185 | ATTEMPTING TO LOAD SKILL: mycroft-npr-news.mycroftai
2021-10-26 14:40:52.973 | INFO     |  5798 | mycroft.skills.settings:get_local_settings:83 | /opt/mycroft/skills/mycroft-npr-news.mycroftai/settings.json
2021-10-26 14:40:54.046 | INFO     |  5798 | mycroft.skills.skill_loader:_check_for_first_run:324 | First run of mycroft-npr-news.mycroftai
2021-10-26 14:40:54.046 | INFO     |  5798 | mycroft.skills.settings:save_settings:116 | Skill settings successfully saved to /home/runner/.config/mycroft/skills/mycroft-npr-news.mycroftai/settings.json
2021-10-26 14:40:54.047 | INFO     |  5798 | mycroft.skills.skill_loader:_communicate_load_status:344 | Skill mycroft-npr-news.mycroftai loaded successfully
2021-10-26 14:40:54.047 | INFO     |  5798 | mycroft.skills.skill_loader:load:185 | ATTEMPTING TO LOAD SKILL: mycroft-support-helper.mycroftai
2021-10-26 14:40:54.090 | INFO     |  5798 | mycroft.skills.settings:get_local_settings:83 | /opt/mycroft/skills/mycroft-support-helper.mycroftai/settings.json
2021-10-26 14:40:54.135 | INFO     |  5798 | mycroft.skills.skill_loader:_check_for_first_run:324 | First run of mycroft-support-helper.mycroftai
2021-10-26 14:40:54.137 | INFO     |  5798 | mycroft.skills.settings:save_settings:116 | Skill settings successfully saved to /home/runner/.config/mycroft/skills/mycroft-support-helper.mycroftai/settings.json
2021-10-26 14:40:54.146 | INFO     |  5798 | mycroft.skills.skill_loader:_communicate_load_status:344 | Skill mycroft-support-helper.mycroftai loaded successfully
2021-10-26 14:40:54.147 | INFO     |  5798 | mycroft.skills.skill_loader:load:185 | ATTEMPTING TO LOAD SKILL: mycroft-weather.mycroftai
2021-10-26 14:40:54.219 | INFO     |  5798 | mycroft.skills.settings:get_local_settings:83 | /opt/mycroft/skills/mycroft-weather.mycroftai/settings.json
2021-10-26 14:40:54.446 | INFO     |  5798 | mycroft.skills.skill_loader:_check_for_first_run:324 | First run of mycroft-weather.mycroftai
2021-10-26 14:40:54.446 | INFO     |  5798 | mycroft.skills.settings:save_settings:116 | Skill settings successfully saved to /home/runner/.config/mycroft/skills/mycroft-weather.mycroftai/settings.json
2021-10-26 14:40:54.450 | INFO     |  5798 | mycroft.skills.skill_loader:_communicate_load_status:344 | Skill mycroft-weather.mycroftai loaded successfully
2021-10-26 14:40:54.450 | INFO     |  5798 | mycroft.skills.skill_loader:load:185 | ATTEMPTING TO LOAD SKILL: mycroft-speak.mycroftai
2021-10-26 14:40:54.453 | INFO     |  5798 | mycroft.skills.settings:get_local_settings:83 | /opt/mycroft/skills/mycroft-speak.mycroftai/settings.json
2021-10-26 14:40:54.482 | INFO     |  5798 | mycroft.skills.skill_loader:_check_for_first_run:324 | First run of mycroft-speak.mycroftai
2021-10-26 14:40:54.483 | INFO     |  5798 | mycroft.skills.settings:save_settings:116 | Skill settings successfully saved to /home/runner/.config/mycroft/skills/mycroft-speak.mycroftai/settings.json
2021-10-26 14:40:54.500 | INFO     |  5798 | mycroft.skills.skill_loader:_communicate_load_status:344 | Skill mycroft-speak.mycroftai loaded successfully
2021-10-26 14:40:54.500 | INFO     |  5798 | mycroft.skills.skill_loader:load:185 | ATTEMPTING TO LOAD SKILL: mycroft-audio-record.mycroftai
2021-10-26 14:40:54.511 | INFO     |  5798 | mycroft.skills.settings:get_local_settings:83 | /opt/mycroft/skills/mycroft-audio-record.mycroftai/settings.json
2021-10-26 14:40:54.534 | INFO     |  5798 | mycroft.skills.skill_loader:_check_for_first_run:324 | First run of mycroft-audio-record.mycroftai
2021-10-26 14:40:54.535 | INFO     |  5798 | mycroft.skills.settings:save_settings:116 | Skill settings successfully saved to /home/runner/.config/mycroft/skills/mycroft-audio-record.mycroftai/settings.json
2021-10-26 14:40:54.542 | INFO     |  5798 | mycroft.skills.skill_loader:_communicate_load_status:344 | Skill mycroft-audio-record.mycroftai loaded successfully
2021-10-26 14:40:54.543 | INFO     |  5798 | mycroft.skills.skill_loader:load:185 | ATTEMPTING TO LOAD SKILL: mycroft-stop.mycroftai
2021-10-26 14:40:54.546 | INFO     |  5798 | mycroft.skills.settings:get_local_settings:83 | /opt/mycroft/skills/mycroft-stop.mycroftai/settings.json
2021-10-26 14:40:54.577 | INFO     |  5798 | mycroft.skills.skill_loader:_check_for_first_run:324 | First run of mycroft-stop.mycroftai
2021-10-26 14:40:54.578 | INFO     |  5798 | mycroft.skills.settings:save_settings:116 | Skill settings successfully saved to /home/runner/.config/mycroft/skills/mycroft-stop.mycroftai/settings.json
2021-10-26 14:40:54.578 | INFO     |  5798 | mycroft.skills.skill_loader:_communicate_load_status:344 | Skill mycroft-stop.mycroftai loaded successfully
2021-10-26 14:40:54.589 | INFO     |  5798 | mycroft.skills.skill_loader:load:185 | ATTEMPTING TO LOAD SKILL: mycroft-hello-world.mycroftai
2021-10-26 14:40:54.592 | INFO     |  5798 | mycroft.skills.settings:get_local_settings:83 | /opt/mycroft/skills/mycroft-hello-world.mycroftai/settings.json
2021-10-26 14:40:54.629 | INFO     |  5798 | mycroft.skills.skill_loader:_check_for_first_run:324 | First run of mycroft-hello-world.mycroftai
2021-10-26 14:40:54.629 | INFO     |  5798 | mycroft.skills.settings:save_settings:116 | Skill settings successfully saved to /home/runner/.config/mycroft/skills/mycroft-hello-world.mycroftai/settings.json
2021-10-26 14:40:54.630 | INFO     |  5798 | mycroft.skills.skill_loader:_communicate_load_status:344 | Skill mycroft-hello-world.mycroftai loaded successfully
2021-10-26 14:40:54.642 | INFO     |  5798 | mycroft.skills.skill_loader:load:185 | ATTEMPTING TO LOAD SKILL: mycroft-date-time.mycroftai
2021-10-26 14:40:55.373 | INFO     |  5798 | mycroft.skills.settings:get_local_settings:83 | /opt/mycroft/skills/mycroft-date-time.mycroftai/settings.json
2021-10-26 14:40:55.433 | INFO     |  5798 | TimeSkill | Registering resting screen <bound method TimeSkill.handle_idle of <mycroft-date-time_mycroftai.TimeSkill object at 0x7f3f98d20810>> for Time and Date.
2021-10-26 14:40:55.434 | INFO     |  5798 | TimeSkill | Registering resting screen
2021-10-26 14:40:55.436 | INFO     |  5798 | mycroft.skills.skill_loader:_check_for_first_run:324 | First run of mycroft-date-time.mycroftai
2021-10-26 14:40:55.453 | INFO     |  5798 | mycroft.skills.settings:save_settings:116 | Skill settings successfully saved to /home/runner/.config/mycroft/skills/mycroft-date-time.mycroftai/settings.json
2021-10-26 14:40:55.456 | INFO     |  5798 | mycroft.skills.skill_loader:_communicate_load_status:344 | Skill mycroft-date-time.mycroftai loaded successfully
2021-10-26 14:40:55.458 | INFO     |  5798 | mycroft.skills.skill_loader:load:185 | ATTEMPTING TO LOAD SKILL: mycroft-configuration.mycroftai
2021-10-26 14:40:55.463 | INFO     |  5798 | mycroft.skills.settings:get_local_settings:83 | /opt/mycroft/skills/mycroft-configuration.mycroftai/settings.json
2021-10-26 14:40:55.518 | INFO     |  5798 | mycroft.skills.skill_loader:_check_for_first_run:324 | First run of mycroft-configuration.mycroftai
2021-10-26 14:40:55.519 | INFO     |  5798 | mycroft.skills.settings:save_settings:116 | Skill settings successfully saved to /home/runner/.config/mycroft/skills/mycroft-configuration.mycroftai/settings.json
2021-10-26 14:40:55.522 | INFO     |  5798 | mycroft.skills.skill_loader:_communicate_load_status:344 | Skill mycroft-configuration.mycroftai loaded successfully
2021-10-26 14:40:55.523 | INFO     |  5798 | mycroft.skills.skill_loader:load:185 | ATTEMPTING TO LOAD SKILL: fallback-query.mycroftai
2021-10-26 14:40:55.531 | INFO     |  5798 | mycroft.skills.settings:get_local_settings:83 | /opt/mycroft/skills/fallback-query.mycroftai/settings.json
2021-10-26 14:40:55.557 | INFO     |  5798 | mycroft.skills.skill_loader:_check_for_first_run:324 | First run of fallback-query.mycroftai
2021-10-26 14:40:55.557 | INFO     |  5798 | mycroft.skills.settings:save_settings:116 | Skill settings successfully saved to /home/runner/.config/mycroft/skills/fallback-query.mycroftai/settings.json
2021-10-26 14:40:55.558 | INFO     |  5798 | mycroft.skills.skill_loader:_communicate_load_status:344 | Skill fallback-query.mycroftai loaded successfully
2021-10-26 14:40:55.558 | INFO     |  5798 | mycroft.skills.skill_loader:load:185 | ATTEMPTING TO LOAD SKILL: mycroft-personal.mycroftai
2021-10-26 14:40:55.576 | INFO     |  5798 | mycroft.skills.settings:get_local_settings:83 | /opt/mycroft/skills/mycroft-personal.mycroftai/settings.json
2021-10-26 14:40:55.608 | INFO     |  5798 | mycroft.skills.skill_loader:_check_for_first_run:324 | First run of mycroft-personal.mycroftai
2021-10-26 14:40:55.609 | INFO     |  5798 | mycroft.skills.settings:save_settings:116 | Skill settings successfully saved to /home/runner/.config/mycroft/skills/mycroft-personal.mycroftai/settings.json
2021-10-26 14:40:55.609 | INFO     |  5798 | mycroft.skills.skill_loader:_communicate_load_status:344 | Skill mycroft-personal.mycroftai loaded successfully
2021-10-26 14:40:55.624 | INFO     |  5798 | mycroft.skills.skill_loader:load:185 | ATTEMPTING TO LOAD SKILL: fallback-wolfram-alpha.mycroftai
2021-10-26 14:40:55.695 | INFO     |  5798 | mycroft.skills.settings:get_local_settings:83 | /opt/mycroft/skills/fallback-wolfram-alpha.mycroftai/settings.json
2021-10-26 14:40:55.732 | INFO     |  5798 | mycroft.skills.skill_loader:_check_for_first_run:324 | First run of fallback-wolfram-alpha.mycroftai
2021-10-26 14:40:55.760 | INFO     |  5798 | mycroft.skills.settings:save_settings:116 | Skill settings successfully saved to /home/runner/.config/mycroft/skills/fallback-wolfram-alpha.mycroftai/settings.json
2021-10-26 14:40:55.762 | INFO     |  5798 | mycroft.skills.skill_loader:_communicate_load_status:344 | Skill fallback-wolfram-alpha.mycroftai loaded successfully
2021-10-26 14:40:55.762 | INFO     |  5798 | mycroft.skills.skill_loader:load:185 | ATTEMPTING TO LOAD SKILL: mycroft-wiki.mycroftai
2021-10-26 14:40:55.767 | INFO     |  5798 | mycroft.skills.settings:get_local_settings:83 | /opt/mycroft/skills/mycroft-wiki.mycroftai/settings.json
2021-10-26 14:40:55.821 | INFO     |  5798 | mycroft.skills.skill_loader:_check_for_first_run:324 | First run of mycroft-wiki.mycroftai
2021-10-26 14:40:55.822 | INFO     |  5798 | mycroft.skills.settings:save_settings:116 | Skill settings successfully saved to /home/runner/.config/mycroft/skills/mycroft-wiki.mycroftai/settings.json
2021-10-26 14:40:55.826 | INFO     |  5798 | mycroft.skills.skill_loader:_communicate_load_status:344 | Skill mycroft-wiki.mycroftai loaded successfully
2021-10-26 14:40:55.827 | INFO     |  5798 | mycroft.skills.skill_loader:load:185 | ATTEMPTING TO LOAD SKILL: fallback-unknown.mycroftai
2021-10-26 14:40:55.830 | INFO     |  5798 | mycroft.skills.settings:get_local_settings:83 | /opt/mycroft/skills/fallback-unknown.mycroftai/settings.json
2021-10-26 14:40:55.858 | INFO     |  5798 | mycroft.skills.skill_loader:_check_for_first_run:324 | First run of fallback-unknown.mycroftai
2021-10-26 14:40:55.859 | INFO     |  5798 | mycroft.skills.settings:save_settings:116 | Skill settings successfully saved to /home/runner/.config/mycroft/skills/fallback-unknown.mycroftai/settings.json
2021-10-26 14:40:55.859 | INFO     |  5798 | mycroft.skills.skill_loader:_communicate_load_status:344 | Skill fallback-unknown.mycroftai loaded successfully
2021-10-26 14:40:55.871 | INFO     |  5798 | mycroft.skills.skill_loader:load:185 | ATTEMPTING TO LOAD SKILL: mycroft-playback-control.mycroftai
2021-10-26 14:40:55.875 | INFO     |  5798 | mycroft.skills.settings:get_local_settings:83 | /opt/mycroft/skills/mycroft-playback-control.mycroftai/settings.json
2021-10-26 14:40:55.949 | INFO     |  5798 | mycroft.skills.skill_loader:_check_for_first_run:324 | First run of mycroft-playback-control.mycroftai
2021-10-26 14:40:55.949 | INFO     |  5798 | mycroft.skills.settings:save_settings:116 | Skill settings successfully saved to /home/runner/.config/mycroft/skills/mycroft-playback-control.mycroftai/settings.json
2021-10-26 14:40:55.950 | INFO     |  5798 | mycroft.skills.skill_loader:_communicate_load_status:344 | Skill mycroft-playback-control.mycroftai loaded successfully
2021-10-26 14:40:55.950 | INFO     |  5798 | mycroft.skills.skill_manager:_load_on_startup:275 | Skills all loaded!
2021-10-26 14:40:56.037 | INFO     |  5798 | __main__:on_ready:185 | Skills service is ready.
2021-10-26 14:40:56.128 | INFO     |  5798 | mycroft.skills.intent_services.padatious_service:train:151 | Training... (single_thread=False)
Regenerated mycroft-alarm.mycroftai:{daytype}.
Regenerated mycroft-reminder.mycroftai:ClearReminders.intent.
Regenerated mycroft-reminder.mycroftai:GetNextReminders.intent.
Regenerated mycroft-reminder.mycroftai:UnspecifiedReminderAt.intent.
Regenerated mycroft-reminder.mycroftai:SnoozeReminder.intent.
Regenerated mycroft-reminder.mycroftai:Reminder.intent.
Regenerated mycroft-reminder.mycroftai:CancelActiveReminder.intent.
Regenerated mycroft-reminder.mycroftai:GetRemindersForDay.intent.
Regenerated mycroft-installer.mycroftai:install.intent.
Regenerated mycroft-timer.mycroftai:start.timer.intent.
Regenerated mycroft-timer.mycroftai:timer.status.intent.
Regenerated homeassistant.mycroftai:tracker.intent.
Regenerated homeassistant.mycroftai:increase.light.brightness.intent.
Regenerated homeassistant.mycroftai:turn.on.intent.
Regenerated homeassistant.mycroftai:set.climate.intent.
Regenerated mycroft-personal.mycroftai:DoYouRhyme.intent.
Regenerated mycroft-personal.mycroftai:DoYouDream.intent.
Regenerated mycroft-personal.mycroftai:WhoMadeYou.intent.
Regenerated mycroft-personal.mycroftai:WhenWereYouBorn.intent.
Regenerated mycroft-personal.mycroftai:WhatAreYou.intent.
Regenerated mycroft-personal.mycroftai:WhoAreYou.intent.
Regenerated mycroft-wiki.mycroftai:Random.intent.
Regenerated mycroft-reminder.mycroftai:DeleteReminderForDay.intent.
Regenerated mycroft-reminder.mycroftai:ReminderAt.intent.
Regenerated mycroft-installer.mycroftai:install.beta.intent.
Regenerated mycroft-installer.mycroftai:install.custom.intent.
Regenerated mycroft-installer.mycroftai:is.installed.intent.
Regenerated mycroft-installer.mycroftai:list.skills.intent.
Regenerated mycroft-installer.mycroftai:remove.intent.
Regenerated homeassistant.mycroftai:set.light.brightness.intent.
Regenerated homeassistant.mycroftai:automation.intent.
Regenerated homeassistant.mycroftai:add.item.shopping.list.intent.
Regenerated homeassistant.mycroftai:decrease.light.brightness.intent.
Regenerated homeassistant.mycroftai:turn.off.intent.
Regenerated homeassistant.mycroftai:toggle.intent.
Regenerated homeassistant.mycroftai:sensor.intent.
Regenerated mycroft-alarm.mycroftai:snooze.intent.
Regenerated mycroft-alarm.mycroftai:change.alarm.sound.intent.
Regenerated mycroft-npr-news.mycroftai:PlayTheNews.intent.
Regenerated mycroft-support-helper.mycroftai:contact.support.intent.
Regenerated mycroft-weather.mycroftai:do-i-need-an-umbrella.intent.
Regenerated mycroft-audio-record.mycroftai:StartRecording.intent.
Regenerated mycroft-audio-record.mycroftai:PlayRecording.intent.
Regenerated mycroft-stop.mycroftai:shutdown.intent.
Regenerated mycroft-stop.mycroftai:ssh.disable.intent.
Regenerated mycroft-stop.mycroftai:reboot.intent.
Regenerated mycroft-stop.mycroftai:wifi.setup.intent.
Regenerated mycroft-stop.mycroftai:ssh.enable.intent.
Regenerated mycroft-hello-world.mycroftai:HowAreYou.intent.
Regenerated mycroft-date-time.mycroftai:date.future.weekend.intent.
Regenerated mycroft-date-time.mycroftai:what.time.is.it.intent.
Regenerated mycroft-date-time.mycroftai:date.last.weekend.intent.
Regenerated mycroft-date-time.mycroftai:what.time.will.it.be.intent.
Regenerated mycroft-configuration.mycroftai:EnablePreciseDev.intent.
Regenerated mycroft-configuration.mycroftai:WhereAreYou.intent.
Regenerated mycroft-configuration.mycroftai:DisablePreciseDev.intent.
Regenerated mycroft-personal.mycroftai:WhereWereYouBorn.intent.
2021-10-26 14:40:58.366 | INFO     |  5798 | mycroft.skills.intent_services.padatious_service:train:153 | Training complete.
2021-10-26 14:41:08.946 | INFO     |  5798 | mycroft.skills.settings:save_settings:116 | Skill settings successfully saved to /home/runner/.config/mycroft/skills/mycroft-timer.mycroftai/settings.json
2021-10-26 14:41:17.638 | INFO     |  5798 | mycroft.skills.settings:save_settings:116 | Skill settings successfully saved to /home/runner/.config/mycroft/skills/mycroft-pairing.mycroftai/settings.json
2021-10-26 14:41:30.817 | INFO     |  5798 | __main__:on_stopping:193 | Skills service is shutting down...
2021-10-26 14:41:30.817 | INFO     |  5798 | __main__:shutdown:284 | Shutting down Skills service
2021-10-26 14:41:30.974 | ERROR    |  5798 | VolumeSkill | Couldn't allocate mixer, ALSAAudioError('No such file or directory [default]')
2021-10-26 14:41:30.976 | INFO     |  5798 | mycroft.skills.settings:save_settings:116 | Skill settings successfully saved to /home/runner/.config/mycroft/skills/mycroft-volume.mycroftai/settings.json
2021-10-26 14:41:30.977 | INFO     |  5798 | mycroft.skills.settings:save_settings:116 | Skill settings successfully saved to /home/runner/.config/mycroft/skills/mycroft-ip.mycroftai/settings.json
2021-10-26 14:41:30.978 | INFO     |  5798 | mycroft.skills.settings:save_settings:116 | Skill settings successfully saved to /home/runner/.config/mycroft/skills/mycroft-reminder.mycroftai/settings.json
2021-10-26 14:41:30.992 | INFO     |  5798 | mycroft.skills.settings:save_settings:116 | Skill settings successfully saved to /home/runner/.config/mycroft/skills/mycroft-installer.mycroftai/settings.json
2021-10-26 14:41:30.995 | INFO     |  5798 | mycroft.skills.settings:save_settings:116 | Skill settings successfully saved to /home/runner/.config/mycroft/skills/mycroft-version-checker.mycroftai/settings.json
2021-10-26 14:41:31.004 | INFO     |  5798 | mycroft.skills.settings:save_settings:116 | Skill settings successfully saved to /home/runner/.config/mycroft/skills/mycroft-singing.mycroftai/settings.json
2021-10-26 14:41:31.014 | INFO     |  5798 | mycroft.skills.settings:save_settings:116 | Skill settings successfully saved to /home/runner/.config/mycroft/skills/mycroft-joke.mycroftai/settings.json
2021-10-26 14:41:31.028 | INFO     |  5798 | HomeAssistantSkill | Removing all handlers...
2021-10-26 14:41:31.029 | WARNING  |  5798 | mycroft.skills.fallback_skill:remove_fallback:185 | Could not find matching fallback handler
2021-10-26 14:41:31.030 | INFO     |  5798 | mycroft.skills.settings:save_settings:116 | Skill settings successfully saved to /home/runner/.config/mycroft/skills/mycroft-alarm.mycroftai/settings.json
2021-10-26 14:41:31.035 | INFO     |  5798 | mycroft.skills.settings:save_settings:116 | Skill settings successfully saved to /home/runner/.config/mycroft/skills/mycroft-naptime.mycroftai/settings.json
2021-10-26 14:41:31.037 | INFO     |  5798 | mycroft.skills.settings:save_settings:116 | Skill settings successfully saved to /home/runner/.config/mycroft/skills/mycroft-spelling.mycroftai/settings.json
2021-10-26 14:41:31.038 | INFO     |  5798 | mycroft.skills.settings:save_settings:116 | Skill settings successfully saved to /home/runner/.config/mycroft/skills/mycroft-fallback-duck-duck-go.mycroftai/settings.json
2021-10-26 14:41:31.039 | INFO     |  5798 | mycroft.skills.settings:save_settings:116 | Skill settings successfully saved to /home/runner/.config/mycroft/skills/mycroft-npr-news.mycroftai/settings.json
2021-10-26 14:41:31.039 | INFO     |  5798 | mycroft.skills.settings:save_settings:116 | Skill settings successfully saved to /home/runner/.config/mycroft/skills/mycroft-support-helper.mycroftai/settings.json
2021-10-26 14:41:31.048 | INFO     |  5798 | mycroft.skills.settings:save_settings:116 | Skill settings successfully saved to /home/runner/.config/mycroft/skills/mycroft-weather.mycroftai/settings.json
2021-10-26 14:41:31.049 | INFO     |  5798 | mycroft.skills.settings:save_settings:116 | Skill settings successfully saved to /home/runner/.config/mycroft/skills/mycroft-speak.mycroftai/settings.json
2021-10-26 14:41:31.051 | INFO     |  5798 | mycroft.skills.settings:save_settings:116 | Skill settings successfully saved to /home/runner/.config/mycroft/skills/mycroft-audio-record.mycroftai/settings.json
2021-10-26 14:41:31.059 | INFO     |  5798 | mycroft.skills.settings:save_settings:116 | Skill settings successfully saved to /home/runner/.config/mycroft/skills/mycroft-stop.mycroftai/settings.json
2021-10-26 14:41:31.061 | INFO     |  5798 | mycroft.skills.settings:save_settings:116 | Skill settings successfully saved to /home/runner/.config/mycroft/skills/mycroft-hello-world.mycroftai/settings.json
2021-10-26 14:41:31.062 | INFO     |  5798 | mycroft.skills.settings:save_settings:116 | Skill settings successfully saved to /home/runner/.config/mycroft/skills/mycroft-date-time.mycroftai/settings.json
2021-10-26 14:41:31.064 | INFO     |  5798 | mycroft.skills.settings:save_settings:116 | Skill settings successfully saved to /home/runner/.config/mycroft/skills/mycroft-configuration.mycroftai/settings.json
2021-10-26 14:41:31.072 | INFO     |  5798 | QuestionsAnswersSkill | Removing all handlers...
2021-10-26 14:41:31.073 | INFO     |  5798 | mycroft.skills.settings:save_settings:116 | Skill settings successfully saved to /home/runner/.config/mycroft/skills/fallback-query.mycroftai/settings.json
2021-10-26 14:41:31.074 | INFO     |  5798 | mycroft.skills.settings:save_settings:116 | Skill settings successfully saved to /home/runner/.config/mycroft/skills/mycroft-personal.mycroftai/settings.json
2021-10-26 14:41:31.075 | INFO     |  5798 | mycroft.skills.settings:save_settings:116 | Skill settings successfully saved to /home/runner/.config/mycroft/skills/fallback-wolfram-alpha.mycroftai/settings.json
2021-10-26 14:41:31.076 | INFO     |  5798 | mycroft.skills.settings:save_settings:116 | Skill settings successfully saved to /home/runner/.config/mycroft/skills/mycroft-wiki.mycroftai/settings.json
2021-10-26 14:41:31.077 | INFO     |  5798 | UnknownSkill | Removing all handlers...
2021-10-26 14:41:31.078 | INFO     |  5798 | mycroft.skills.settings:save_settings:116 | Skill settings successfully saved to /home/runner/.config/mycroft/skills/fallback-unknown.mycroftai/settings.json
2021-10-26 14:41:31.093 | INFO     |  5798 | mycroft.skills.settings:save_settings:116 | Skill settings successfully saved to /home/runner/.config/mycroft/skills/mycroft-playback-control.mycroftai/settings.json
2021-10-26 14:41:32.094 | INFO     |  5798 | Playback Control Skill | Audio service status: {}
2021-10-26 14:41:33.095 | WARNING  |  5798 | mycroft.skills.skill_manager:_shutdown_skill:106 | mycroft-playback-control.mycroftai shutdown took 2.0020240090000243 seconds
2021-10-26 14:41:33.096 | INFO     |  5798 | __main__:shutdown:291 | Skills service shutdown complete!
2021-10-26 14:41:34.614 | ERROR    |  5798 | websocket | error from callback <bound method MessageBusClient.on_message of <mycroft.messagebus.client.client.MessageBusClient object at 0x7f3fb53669d0>>: cannot schedule new futures after shutdown
