2021-10-19 07:03:20.502 | INFO     |  5427 | mycroft.messagebus.load_config:load_message_bus_config:33 | Loading message bus configs
2021-10-19 07:03:20.526 | ERROR    |  5427 | mycroft_bus_client.client.client | === ConnectionRefusedError(111, 'Connection refused') ===
Traceback (most recent call last):
  File "/opt/mycroft-core/.venv/lib/python3.7/site-packages/websocket/_app.py", line 254, in run_forever
    proxy_type=proxy_type)
  File "/opt/mycroft-core/.venv/lib/python3.7/site-packages/websocket/_core.py", line 220, in connect
    options.pop('socket', None))
  File "/opt/mycroft-core/.venv/lib/python3.7/site-packages/websocket/_http.py", line 120, in connect
    sock = _open_socket(addrinfo_list, options.sockopt, options.timeout)
  File "/opt/mycroft-core/.venv/lib/python3.7/site-packages/websocket/_http.py", line 190, in _open_socket
    raise err
  File "/opt/mycroft-core/.venv/lib/python3.7/site-packages/websocket/_http.py", line 170, in _open_socket
    sock.connect(address)
ConnectionRefusedError: [Errno 111] Connection refused
2021-10-19 07:03:20.527 | ERROR    |  5427 | mycroft_bus_client.client.client | Exception closing websocket: ConnectionRefusedError(111, 'Connection refused')
2021-10-19 07:03:20.527 | WARNING  |  5427 | mycroft_bus_client.client.client | Message Bus Client will reconnect in 5 seconds.
2021-10-19 07:03:25.537 | INFO     |  5427 | mycroft_bus_client.client.client | Connected
2021-10-19 07:03:25.543 | INFO     |  5427 | mycroft.util.process_utils:start_message_bus_client:155 | Connected to messagebus
2021-10-19 07:03:25.553 | INFO     |  5427 | mycroft.skills.msm_wrapper:create_msm:96 | Acquiring lock to instantiate MSM
2021-10-19 07:03:25.553 | INFO     |  5427 | msm.mycroft_skills_manager | building SkillEntry objects for all skills
2021-10-19 07:03:25.863 | INFO     |  5427 | mycroft.skills.msm_wrapper:create_msm:112 | Releasing MSM instantiation lock.
2021-10-19 07:03:25.864 | INFO     |  5427 | mycroft.skills.skill_updater:_log_next_download_time:267 | Next scheduled skill update: 2021-10-19 07:03:24.864006
2021-10-19 07:03:25.864 | INFO     |  5427 | msm.skill_entry | Downloading skill: https://github.com/mycroftai/skill-pairing
2021-10-19 07:03:26.502 | INFO     |  5427 | msm.skill_entry | Installing system requirements...
2021-10-19 07:03:26.511 | INFO     |  5427 | msm.skill_entry | Successfully installed mycroft-pairing
2021-10-19 07:03:26.511 | INFO     |  5427 | msm.mycroft_skills_manager | invalidating skills cache
2021-10-19 07:03:26.512 | INFO     |  5427 | mycroft.skills.skill_loader:load:185 | ATTEMPTING TO LOAD SKILL: mycroft-pairing.mycroftai
2021-10-19 07:03:26.519 | INFO     |  5427 | mycroft.skills.settings:get_local_settings:83 | /opt/mycroft/skills/mycroft-pairing.mycroftai/settings.json
2021-10-19 07:03:26.528 | INFO     |  5427 | mycroft.skills.skill_loader:_check_for_first_run:324 | First run of mycroft-pairing.mycroftai
2021-10-19 07:03:26.528 | INFO     |  5427 | mycroft.skills.settings:save_settings:116 | Skill settings successfully saved to /home/runner/.config/mycroft/skills/mycroft-pairing.mycroftai/settings.json
2021-10-19 07:03:26.531 | INFO     |  5427 | mycroft.skills.skill_loader:_communicate_load_status:344 | Skill mycroft-pairing.mycroftai loaded successfully
2021-10-19 07:03:26.532 | INFO     |  5427 | msm.skill_entry | Downloading skill: https://github.com/mycroftai/skill-volume
2021-10-19 07:03:27.098 | INFO     |  5427 | msm.skill_entry | Installing system requirements...
2021-10-19 07:03:27.117 | INFO     |  5427 | msm.skill_entry | Installing requirements.txt for mycroft-volume
2021-10-19 07:03:27.964 | INFO     |  5427 | msm.skill_entry | Successfully installed mycroft-volume
2021-10-19 07:03:27.965 | INFO     |  5427 | msm.mycroft_skills_manager | invalidating skills cache
2021-10-19 07:03:28.050 | INFO     |  5427 | mycroft.skills.skill_loader:load:185 | ATTEMPTING TO LOAD SKILL: mycroft-volume.mycroftai
2021-10-19 07:03:28.059 | INFO     |  5427 | mycroft.skills.settings:get_local_settings:83 | /opt/mycroft/skills/mycroft-volume.mycroftai/settings.json
2021-10-19 07:03:28.132 | ERROR    |  5427 | VolumeSkill | Couldn't allocate mixer, ALSAAudioError('No such file or directory [default]')
2021-10-19 07:03:31.144 | INFO     |  5427 | mycroft.skills.skill_loader:_check_for_first_run:324 | First run of mycroft-volume.mycroftai
2021-10-19 07:03:31.145 | INFO     |  5427 | mycroft.skills.settings:save_settings:116 | Skill settings successfully saved to /home/runner/.config/mycroft/skills/mycroft-volume.mycroftai/settings.json
2021-10-19 07:03:31.244 | INFO     |  5427 | mycroft.skills.skill_loader:_communicate_load_status:344 | Skill mycroft-volume.mycroftai loaded successfully
2021-10-19 07:03:31.245 | INFO     |  5427 | __main__:on_started:177 | Skills service is starting up.
2021-10-19 07:03:31.297 | INFO     |  5427 | __main__:_update_system:154 | Attempting system update...
2021-10-19 07:03:34.299 | INFO     |  5427 | mycroft.enclosure.display_manager:_write_data:70 | Display Manager is creating /tmp/mycroft/ipc/managers/disp_info
2021-10-19 07:03:34.300 | INFO     |  5427 | __main__:_ensure_device_is_paired:133 | Device not paired, invoking the pairing skill
2021-10-19 07:03:34.303 | INFO     |  5427 | __main__:on_alive:181 | Skills service is alive.
2021-10-19 07:03:34.304 | INFO     |  5427 | msm.mycroft_skills_manager | building SkillEntry objects for all skills
2021-10-19 07:03:34.493 | INFO     |  5427 | PairingSkill | Communicating account URL to user
2021-10-19 07:03:34.563 | WARNING  |  5427 | msm.mycroft_skills_manager | No such default skill: mycroft-pandora
2021-10-19 07:03:34.564 | INFO     |  5427 | mycroft.skills.skill_manager:run:234 | Not all default skills are installed, performing skill update...
2021-10-19 07:03:34.565 | INFO     |  5427 | mycroft.skills.skill_updater:update_skills:149 | Beginning skill update...
2021-10-19 07:03:34.610 | INFO     |  5427 | msm.mycroft_skills_manager | building SkillEntry objects for all skills
2021-10-19 07:03:34.831 | INFO     |  5427 | msm.mycroft_skills_manager | invalidating skills cache
2021-10-19 07:03:34.864 | INFO     |  5427 | msm.skill_entry | Downloading skill: https://github.com/mycroftai/skill-date-time
2021-10-19 07:03:34.865 | INFO     |  5427 | msm.skill_entry | Downloading skill: https://github.com/mycroftai/skill-alarm
2021-10-19 07:03:34.866 | INFO     |  5427 | msm.skill_entry | Downloading skill: https://github.com/mycroftai/skill-installer
2021-10-19 07:03:34.869 | INFO     |  5427 | msm.skill_entry | Downloading skill: https://github.com/mycroftai/skill-ip
2021-10-19 07:03:34.869 | INFO     |  5427 | msm.skill_entry | Downloading skill: https://github.com/mycroftai/skill-joke
2021-10-19 07:03:34.871 | INFO     |  5427 | msm.skill_entry | Downloading skill: https://github.com/mycroftai/skill-configuration
2021-10-19 07:03:34.872 | INFO     |  5427 | msm.skill_entry | Downloading skill: https://github.com/mycroftai/skill-naptime
2021-10-19 07:03:34.872 | INFO     |  5427 | msm.skill_entry | Downloading skill: https://github.com/mycroftai/fallback-unknown
2021-10-19 07:03:34.873 | INFO     |  5427 | msm.skill_entry | Downloading skill: https://github.com/mycroftai/skill-npr-news
2021-10-19 07:03:34.874 | INFO     |  5427 | msm.skill_entry | Downloading skill: https://github.com/mycroftai/skill-personal
2021-10-19 07:03:34.875 | INFO     |  5427 | msm.skill_entry | Downloading skill: https://github.com/mycroftai/skill-hello-world
2021-10-19 07:03:34.878 | INFO     |  5427 | msm.skill_entry | Downloading skill: https://github.com/mycroftai/skill-singing
2021-10-19 07:03:34.883 | INFO     |  5427 | msm.skill_entry | Downloading skill: https://github.com/mycroftai/skill-playback-control
2021-10-19 07:03:34.884 | INFO     |  5427 | msm.skill_entry | Downloading skill: https://github.com/mycroftai/skill-audio-record
2021-10-19 07:03:34.931 | INFO     |  5427 | msm.skill_entry | Downloading skill: https://github.com/mycroftai/fallback-wolfram-alpha
2021-10-19 07:03:34.931 | INFO     |  5427 | msm.skill_entry | Downloading skill: https://github.com/mycroftai/fallback-duckduckgo
2021-10-19 07:03:34.947 | INFO     |  5427 | msm.skill_entry | Downloading skill: https://github.com/mycroftai/skill-reminder
2021-10-19 07:03:35.753 | INFO     |  5427 | msm.skill_entry | Nothing new for mycroft-volume
2021-10-19 07:03:35.790 | INFO     |  5427 | msm.skill_entry | Installing system requirements...
2021-10-19 07:03:35.815 | INFO     |  5427 | msm.skill_entry | Installing requirements.txt for mycroft-volume
2021-10-19 07:03:36.003 | ERROR    |  5427 | msm.mycroft_skills_manager | Error running install_or_update on homeassistant.mycroftai: MergeConflict
2021-10-19 07:03:36.013 | INFO     |  5427 | msm.skill_entry | Downloading skill: https://github.com/mycroftai/skill-speak
2021-10-19 07:03:36.035 | INFO     |  5427 | msm.skill_entry | Installing system requirements...
2021-10-19 07:03:36.216 | INFO     |  5427 | msm.skill_entry | Installing system requirements...
2021-10-19 07:03:36.310 | INFO     |  5427 | msm.skill_entry | Installing requirements.txt for mycroft-joke
2021-10-19 07:03:36.318 | INFO     |  5427 | msm.skill_entry | Installing system requirements...
2021-10-19 07:03:36.323 | INFO     |  5427 | msm.skill_entry | Installing system requirements...
2021-10-19 07:03:36.337 | INFO     |  5427 | msm.skill_entry | Installing system requirements...
2021-10-19 07:03:36.360 | INFO     |  5427 | msm.skill_entry | Installing requirements.txt for mycroft-audio-record
2021-10-19 07:03:36.391 | INFO     |  5427 | msm.skill_entry | Installing system requirements...
2021-10-19 07:03:36.397 | INFO     |  5427 | msm.skill_entry | Installing system requirements...
2021-10-19 07:03:36.409 | INFO     |  5427 | msm.skill_entry | Installing system requirements...
2021-10-19 07:03:36.411 | INFO     |  5427 | msm.skill_entry | Installing system requirements...
2021-10-19 07:03:36.464 | INFO     |  5427 | msm.skill_entry | Installing system requirements...
2021-10-19 07:03:36.471 | INFO     |  5427 | msm.skill_entry | Successfully installed mycroft-hello-world
2021-10-19 07:03:36.471 | INFO     |  5427 | msm.mycroft_skills_manager | invalidating skills cache
2021-10-19 07:03:36.473 | INFO     |  5427 | msm.skill_entry | Downloading skill: https://github.com/mycroftai/skill-spelling
2021-10-19 07:03:36.504 | INFO     |  5427 | msm.skill_entry | Installing system requirements...
2021-10-19 07:03:36.580 | INFO     |  5427 | msm.skill_entry | Installing requirements.txt for mycroft-ip
2021-10-19 07:03:36.591 | INFO     |  5427 | msm.skill_entry | Installing requirements.txt for mycroft-fallback-duck-duck-go
2021-10-19 07:03:36.604 | INFO     |  5427 | msm.skill_entry | Successfully installed mycroft-playback-control
2021-10-19 07:03:36.604 | INFO     |  5427 | msm.mycroft_skills_manager | invalidating skills cache
2021-10-19 07:03:36.597 | INFO     |  5427 | msm.skill_entry | Installing requirements.txt for fallback-wolfram-alpha
2021-10-19 07:03:36.604 | INFO     |  5427 | msm.skill_entry | Successfully installed fallback-unknown
2021-10-19 07:03:36.605 | INFO     |  5427 | msm.mycroft_skills_manager | invalidating skills cache
2021-10-19 07:03:36.603 | INFO     |  5427 | msm.skill_entry | Successfully installed mycroft-naptime
2021-10-19 07:03:36.606 | INFO     |  5427 | msm.mycroft_skills_manager | invalidating skills cache
2021-10-19 07:03:36.606 | INFO     |  5427 | msm.skill_entry | Installing system requirements...
2021-10-19 07:03:36.606 | INFO     |  5427 | msm.skill_entry | Downloading skill: https://github.com/mycroftai/skill-support
2021-10-19 07:03:36.606 | INFO     |  5427 | msm.skill_entry | Downloading skill: https://github.com/mycroftai/mycroft-timer
2021-10-19 07:03:36.605 | INFO     |  5427 | msm.skill_entry | Downloading skill: https://github.com/mycroftai/skill-stop
2021-10-19 07:03:36.617 | INFO     |  5427 | msm.skill_entry | Installing system requirements...
2021-10-19 07:03:36.681 | INFO     |  5427 | msm.skill_entry | Successfully installed mycroft-personal
2021-10-19 07:03:36.681 | INFO     |  5427 | msm.mycroft_skills_manager | invalidating skills cache
2021-10-19 07:03:36.683 | INFO     |  5427 | msm.skill_entry | Downloading skill: https://github.com/mycroftai/skill-weather
2021-10-19 07:03:36.752 | INFO     |  5427 | msm.skill_entry | Installing system requirements...
2021-10-19 07:03:36.756 | INFO     |  5427 | msm.skill_entry | Installing requirements.txt for mycroft-installer
2021-10-19 07:03:36.757 | INFO     |  5427 | msm.skill_entry | Successfully installed mycroft-reminder
2021-10-19 07:03:36.757 | INFO     |  5427 | msm.mycroft_skills_manager | invalidating skills cache
2021-10-19 07:03:36.758 | INFO     |  5427 | msm.skill_entry | Downloading skill: https://github.com/mycroftai/skill-version-checker
2021-10-19 07:03:36.767 | INFO     |  5427 | msm.skill_entry | Installing requirements.txt for mycroft-configuration
2021-10-19 07:03:36.808 | INFO     |  5427 | msm.skill_entry | Nothing new for mycroft-pairing
2021-10-19 07:03:36.820 | INFO     |  5427 | msm.skill_entry | Installing system requirements...
2021-10-19 07:03:36.926 | INFO     |  5427 | msm.skill_entry | Installing requirements.txt for mycroft-npr-news
2021-10-19 07:03:37.003 | INFO     |  5427 | msm.skill_entry | Downloading skill: https://github.com/mycroftai/skill-wiki
2021-10-19 07:03:37.052 | INFO     |  5427 | msm.skill_entry | Installing system requirements...
2021-10-19 07:03:37.088 | INFO     |  5427 | msm.skill_entry | Installing system requirements...
2021-10-19 07:03:37.171 | INFO     |  5427 | msm.skill_entry | Installing requirements.txt for mycroft-date-time
2021-10-19 07:03:37.195 | INFO     |  5427 | msm.skill_entry | Successfully installed mycroft-speak
2021-10-19 07:03:37.196 | INFO     |  5427 | msm.mycroft_skills_manager | invalidating skills cache
2021-10-19 07:03:37.198 | INFO     |  5427 | msm.skill_entry | Downloading skill: https://github.com/MycroftAI/skill-query
2021-10-19 07:03:37.441 | INFO     |  5427 | msm.skill_entry | Installing system requirements...
2021-10-19 07:03:37.505 | INFO     |  5427 | msm.skill_entry | Installing requirements.txt for mycroft-alarm
2021-10-19 07:03:37.526 | INFO     |  5427 | msm.skill_entry | Installing system requirements...
2021-10-19 07:03:37.620 | INFO     |  5427 | msm.skill_entry | Successfully installed mycroft-spelling
2021-10-19 07:03:37.620 | INFO     |  5427 | msm.mycroft_skills_manager | invalidating skills cache
2021-10-19 07:03:37.640 | INFO     |  5427 | msm.skill_entry | Installing system requirements...
2021-10-19 07:03:37.656 | INFO     |  5427 | msm.skill_entry | Installing system requirements...
2021-10-19 07:03:37.759 | INFO     |  5427 | msm.skill_entry | Successfully installed mycroft-stop
2021-10-19 07:03:37.760 | INFO     |  5427 | msm.mycroft_skills_manager | invalidating skills cache
2021-10-19 07:03:37.762 | INFO     |  5427 | msm.skill_entry | Installing system requirements...
2021-10-19 07:03:37.767 | INFO     |  5427 | msm.skill_entry | Installing system requirements...
2021-10-19 07:03:37.806 | INFO     |  5427 | msm.skill_entry | Installing requirements.txt for mycroft-support-helper
2021-10-19 07:03:37.886 | INFO     |  5427 | msm.skill_entry | Successfully installed mycroft-version-checker
2021-10-19 07:03:37.887 | INFO     |  5427 | msm.mycroft_skills_manager | invalidating skills cache
2021-10-19 07:03:37.888 | INFO     |  5427 | msm.skill_entry | Successfully installed fallback-query
2021-10-19 07:03:37.888 | INFO     |  5427 | msm.mycroft_skills_manager | invalidating skills cache
2021-10-19 07:03:37.926 | INFO     |  5427 | msm.skill_entry | Installing system requirements...
2021-10-19 07:03:37.983 | INFO     |  5427 | msm.skill_entry | Installing requirements.txt for mycroft-wiki
2021-10-19 07:03:38.136 | INFO     |  5427 | msm.skill_entry | Installing system requirements...
2021-10-19 07:03:38.185 | INFO     |  5427 | msm.skill_entry | Successfully installed mycroft-timer
2021-10-19 07:03:38.186 | INFO     |  5427 | msm.mycroft_skills_manager | invalidating skills cache
2021-10-19 07:03:38.207 | ERROR    |  5427 | msm.mycroft_skills_manager | Error running install_or_update on homeassistant: MergeConflict
2021-10-19 07:03:38.361 | INFO     |  5427 | msm.skill_entry | Installing system requirements...
2021-10-19 07:03:38.404 | INFO     |  5427 | msm.skill_entry | Installing requirements.txt for mycroft-weather
2021-10-19 07:03:38.853 | INFO     |  5427 | msm.skill_entry | Installing system requirements...
2021-10-19 07:03:38.876 | INFO     |  5427 | msm.skill_entry | Successfully installed mycroft-singing
2021-10-19 07:03:38.876 | INFO     |  5427 | msm.mycroft_skills_manager | invalidating skills cache
2021-10-19 07:03:40.015 | INFO     |  5427 | msm.skill_entry | Successfully installed mycroft-joke
2021-10-19 07:03:40.015 | INFO     |  5427 | msm.mycroft_skills_manager | invalidating skills cache
2021-10-19 07:03:40.830 | INFO     |  5427 | msm.skill_entry | Successfully installed mycroft-audio-record
2021-10-19 07:03:40.831 | INFO     |  5427 | msm.mycroft_skills_manager | invalidating skills cache
2021-10-19 07:03:41.640 | INFO     |  5427 | msm.skill_entry | Successfully installed mycroft-ip
2021-10-19 07:03:41.640 | INFO     |  5427 | msm.mycroft_skills_manager | invalidating skills cache
2021-10-19 07:03:42.660 | INFO     |  5427 | msm.skill_entry | Successfully installed mycroft-fallback-duck-duck-go
2021-10-19 07:03:42.663 | INFO     |  5427 | msm.mycroft_skills_manager | invalidating skills cache
2021-10-19 07:03:46.162 | INFO     |  5427 | msm.skill_entry | Successfully installed fallback-wolfram-alpha
2021-10-19 07:03:46.162 | INFO     |  5427 | msm.mycroft_skills_manager | invalidating skills cache
2021-10-19 07:03:47.000 | INFO     |  5427 | msm.skill_entry | Successfully installed mycroft-installer
2021-10-19 07:03:47.000 | INFO     |  5427 | msm.mycroft_skills_manager | invalidating skills cache
2021-10-19 07:03:49.302 | INFO     |  5427 | msm.skill_entry | Successfully installed mycroft-configuration
2021-10-19 07:03:49.302 | INFO     |  5427 | msm.mycroft_skills_manager | invalidating skills cache
2021-10-19 07:03:52.100 | INFO     |  5427 | msm.skill_entry | Successfully installed mycroft-npr-news
2021-10-19 07:03:52.100 | INFO     |  5427 | msm.mycroft_skills_manager | invalidating skills cache
2021-10-19 07:04:04.826 | INFO     |  5427 | PairingSkill | Initiating device pairing sequence...
2021-10-19 07:04:04.827 | INFO     |  5427 | PairingSkill | Retrieving pairing code from device API...
2021-10-19 07:04:04.895 | INFO     |  5427 | PairingSkill | Pairing code obtained: TPMEJ7
2021-10-19 07:04:04.895 | INFO     |  5427 | PairingSkill | Communicating pairing URL to user
2021-10-19 07:04:07.632 | INFO     |  5427 | msm.skill_entry | Successfully installed mycroft-date-time
2021-10-19 07:04:07.632 | INFO     |  5427 | msm.mycroft_skills_manager | invalidating skills cache
2021-10-19 07:04:08.485 | INFO     |  5427 | msm.skill_entry | Successfully installed mycroft-alarm
2021-10-19 07:04:08.485 | INFO     |  5427 | msm.mycroft_skills_manager | invalidating skills cache
2021-10-19 07:04:10.767 | INFO     |  5427 | msm.skill_entry | Successfully installed mycroft-support-helper
2021-10-19 07:04:10.768 | INFO     |  5427 | msm.mycroft_skills_manager | invalidating skills cache
2021-10-19 07:04:12.607 | INFO     |  5427 | msm.skill_entry | Successfully installed mycroft-wiki
2021-10-19 07:04:12.608 | INFO     |  5427 | msm.mycroft_skills_manager | invalidating skills cache
2021-10-19 07:04:15.326 | INFO     |  5427 | msm.skill_entry | Successfully installed mycroft-weather
2021-10-19 07:04:15.327 | INFO     |  5427 | msm.mycroft_skills_manager | invalidating skills cache
2021-10-19 07:04:15.358 | INFO     |  5427 | mycroft.skills.skill_updater:_log_next_download_time:267 | Next scheduled skill update: 2021-10-19 08:04:15.357554
2021-10-19 07:04:15.358 | INFO     |  5427 | mycroft.skills.skill_updater:update_skills:170 | Skill update complete
2021-10-19 07:04:15.358 | INFO     |  5427 | mycroft.skills.skill_manager:_load_on_startup:273 | Loading installed skills...
2021-10-19 07:04:15.360 | INFO     |  5427 | mycroft.skills.skill_loader:load:185 | ATTEMPTING TO LOAD SKILL: mycroft-ip.mycroftai
2021-10-19 07:04:15.446 | INFO     |  5427 | mycroft.skills.settings:get_local_settings:83 | /opt/mycroft/skills/mycroft-ip.mycroftai/settings.json
2021-10-19 07:04:15.454 | INFO     |  5427 | mycroft.skills.skill_loader:_check_for_first_run:324 | First run of mycroft-ip.mycroftai
2021-10-19 07:04:15.455 | INFO     |  5427 | mycroft.skills.settings:save_settings:116 | Skill settings successfully saved to /home/runner/.config/mycroft/skills/mycroft-ip.mycroftai/settings.json
2021-10-19 07:04:15.460 | INFO     |  5427 | mycroft.skills.skill_loader:_communicate_load_status:344 | Skill mycroft-ip.mycroftai loaded successfully
2021-10-19 07:04:15.464 | INFO     |  5427 | mycroft.skills.skill_loader:load:185 | ATTEMPTING TO LOAD SKILL: mycroft-reminder.mycroftai
2021-10-19 07:04:15.481 | INFO     |  5427 | mycroft.skills.settings:get_local_settings:83 | /opt/mycroft/skills/mycroft-reminder.mycroftai/settings.json
2021-10-19 07:04:15.509 | INFO     |  5427 | mycroft.skills.skill_loader:_check_for_first_run:324 | First run of mycroft-reminder.mycroftai
2021-10-19 07:04:15.510 | INFO     |  5427 | mycroft.skills.settings:save_settings:116 | Skill settings successfully saved to /home/runner/.config/mycroft/skills/mycroft-reminder.mycroftai/settings.json
2021-10-19 07:04:15.514 | INFO     |  5427 | mycroft.skills.skill_loader:_communicate_load_status:344 | Skill mycroft-reminder.mycroftai loaded successfully
2021-10-19 07:04:15.515 | INFO     |  5427 | mycroft.skills.skill_loader:load:185 | ATTEMPTING TO LOAD SKILL: mycroft-installer.mycroftai
2021-10-19 07:04:15.526 | INFO     |  5427 | mycroft.skills.settings:get_local_settings:83 | /opt/mycroft/skills/mycroft-installer.mycroftai/settings.json
2021-10-19 07:04:15.564 | INFO     |  5427 | mycroft.skills.skill_loader:_check_for_first_run:324 | First run of mycroft-installer.mycroftai
2021-10-19 07:04:15.571 | INFO     |  5427 | mycroft.skills.settings:save_settings:116 | Skill settings successfully saved to /home/runner/.config/mycroft/skills/mycroft-installer.mycroftai/settings.json
2021-10-19 07:04:15.582 | INFO     |  5427 | mycroft.skills.skill_loader:_communicate_load_status:344 | Skill mycroft-installer.mycroftai loaded successfully
2021-10-19 07:04:15.582 | INFO     |  5427 | mycroft.skills.skill_loader:load:185 | ATTEMPTING TO LOAD SKILL: mycroft-version-checker.mycroftai
2021-10-19 07:04:15.606 | INFO     |  5427 | mycroft.skills.settings:get_local_settings:83 | /opt/mycroft/skills/mycroft-version-checker.mycroftai/settings.json
2021-10-19 07:04:15.667 | INFO     |  5427 | mycroft.skills.skill_loader:_check_for_first_run:324 | First run of mycroft-version-checker.mycroftai
2021-10-19 07:04:15.668 | INFO     |  5427 | mycroft.skills.settings:save_settings:116 | Skill settings successfully saved to /home/runner/.config/mycroft/skills/mycroft-version-checker.mycroftai/settings.json
2021-10-19 07:04:15.671 | INFO     |  5427 | mycroft.skills.skill_loader:_communicate_load_status:344 | Skill mycroft-version-checker.mycroftai loaded successfully
2021-10-19 07:04:15.671 | INFO     |  5427 | mycroft.skills.skill_loader:load:185 | ATTEMPTING TO LOAD SKILL: mycroft-singing.mycroftai
2021-10-19 07:04:15.679 | INFO     |  5427 | mycroft.skills.settings:get_local_settings:83 | /opt/mycroft/skills/mycroft-singing.mycroftai/settings.json
2021-10-19 07:04:15.698 | INFO     |  5427 | mycroft.skills.skill_loader:_check_for_first_run:324 | First run of mycroft-singing.mycroftai
2021-10-19 07:04:15.699 | INFO     |  5427 | mycroft.skills.settings:save_settings:116 | Skill settings successfully saved to /home/runner/.config/mycroft/skills/mycroft-singing.mycroftai/settings.json
2021-10-19 07:04:15.701 | INFO     |  5427 | mycroft.skills.skill_loader:_communicate_load_status:344 | Skill mycroft-singing.mycroftai loaded successfully
2021-10-19 07:04:15.701 | INFO     |  5427 | mycroft.skills.skill_loader:load:185 | ATTEMPTING TO LOAD SKILL: mycroft-joke.mycroftai
2021-10-19 07:04:15.707 | INFO     |  5427 | mycroft.skills.settings:get_local_settings:83 | /opt/mycroft/skills/mycroft-joke.mycroftai/settings.json
2021-10-19 07:04:15.731 | INFO     |  5427 | mycroft.skills.skill_loader:_check_for_first_run:324 | First run of mycroft-joke.mycroftai
2021-10-19 07:04:15.732 | INFO     |  5427 | mycroft.skills.settings:save_settings:116 | Skill settings successfully saved to /home/runner/.config/mycroft/skills/mycroft-joke.mycroftai/settings.json
2021-10-19 07:04:15.732 | INFO     |  5427 | mycroft.skills.skill_loader:_communicate_load_status:344 | Skill mycroft-joke.mycroftai loaded successfully
2021-10-19 07:04:15.742 | INFO     |  5427 | mycroft.skills.skill_loader:load:185 | ATTEMPTING TO LOAD SKILL: mycroft-timer.mycroftai
2021-10-19 07:04:15.768 | INFO     |  5427 | mycroft.skills.settings:get_local_settings:83 | /opt/mycroft/skills/mycroft-timer.mycroftai/settings.json
2021-10-19 07:04:15.876 | INFO     |  5427 | mycroft.skills.skill_loader:_check_for_first_run:324 | First run of mycroft-timer.mycroftai
2021-10-19 07:04:15.882 | INFO     |  5427 | mycroft.skills.settings:save_settings:116 | Skill settings successfully saved to /home/runner/.config/mycroft/skills/mycroft-timer.mycroftai/settings.json
2021-10-19 07:04:15.885 | INFO     |  5427 | mycroft.skills.skill_loader:_communicate_load_status:344 | Skill mycroft-timer.mycroftai loaded successfully
2021-10-19 07:04:15.887 | INFO     |  5427 | mycroft.skills.skill_loader:load:185 | ATTEMPTING TO LOAD SKILL: homeassistant.mycroftai
2021-10-19 07:04:16.361 | INFO     |  5427 | mycroft.skills.settings:get_local_settings:83 | /opt/mycroft/skills/homeassistant.mycroftai/settings.json
2021-10-19 07:04:16.370 | INFO     |  5427 | mycroft.skills.settings:get_local_settings:83 | /opt/mycroft/skills/homeassistant.mycroftai/settings.json
2021-10-19 07:04:16.458 | INFO     |  5427 | mycroft.skills.skill_loader:_communicate_load_status:344 | Skill homeassistant.mycroftai loaded successfully
2021-10-19 07:04:16.458 | INFO     |  5427 | mycroft.skills.skill_loader:load:185 | ATTEMPTING TO LOAD SKILL: mycroft-alarm.mycroftai
2021-10-19 07:04:16.495 | INFO     |  5427 | mycroft.skills.settings:get_local_settings:83 | /opt/mycroft/skills/mycroft-alarm.mycroftai/settings.json
2021-10-19 07:04:16.496 | ERROR    |  5427 | AlarmSkill | Couldn't allocate mixer, ALSAAudioError('No such file or directory [default]')
2021-10-19 07:04:16.618 | INFO     |  5427 | mycroft.skills.skill_loader:_check_for_first_run:324 | First run of mycroft-alarm.mycroftai
2021-10-19 07:04:16.619 | INFO     |  5427 | mycroft.skills.settings:save_settings:116 | Skill settings successfully saved to /home/runner/.config/mycroft/skills/mycroft-alarm.mycroftai/settings.json
2021-10-19 07:04:16.623 | INFO     |  5427 | mycroft.skills.skill_loader:_communicate_load_status:344 | Skill mycroft-alarm.mycroftai loaded successfully
2021-10-19 07:04:16.623 | INFO     |  5427 | mycroft.skills.skill_loader:load:185 | ATTEMPTING TO LOAD SKILL: mycroft-naptime.mycroftai
2021-10-19 07:04:16.627 | INFO     |  5427 | mycroft.skills.settings:get_local_settings:83 | /opt/mycroft/skills/mycroft-naptime.mycroftai/settings.json
2021-10-19 07:04:16.654 | INFO     |  5427 | mycroft.skills.skill_loader:_check_for_first_run:324 | First run of mycroft-naptime.mycroftai
2021-10-19 07:04:16.655 | INFO     |  5427 | mycroft.skills.settings:save_settings:116 | Skill settings successfully saved to /home/runner/.config/mycroft/skills/mycroft-naptime.mycroftai/settings.json
2021-10-19 07:04:16.655 | INFO     |  5427 | mycroft.skills.skill_loader:_communicate_load_status:344 | Skill mycroft-naptime.mycroftai loaded successfully
2021-10-19 07:04:16.656 | INFO     |  5427 | mycroft.skills.skill_loader:load:185 | ATTEMPTING TO LOAD SKILL: mycroft-spelling.mycroftai
2021-10-19 07:04:16.676 | INFO     |  5427 | mycroft.skills.settings:get_local_settings:83 | /opt/mycroft/skills/mycroft-spelling.mycroftai/settings.json
2021-10-19 07:04:16.697 | INFO     |  5427 | mycroft.skills.skill_loader:_check_for_first_run:324 | First run of mycroft-spelling.mycroftai
2021-10-19 07:04:16.697 | INFO     |  5427 | mycroft.skills.settings:save_settings:116 | Skill settings successfully saved to /home/runner/.config/mycroft/skills/mycroft-spelling.mycroftai/settings.json
2021-10-19 07:04:16.698 | INFO     |  5427 | mycroft.skills.skill_loader:_communicate_load_status:344 | Skill mycroft-spelling.mycroftai loaded successfully
2021-10-19 07:04:16.710 | INFO     |  5427 | mycroft.skills.skill_loader:load:185 | ATTEMPTING TO LOAD SKILL: mycroft-fallback-duck-duck-go.mycroftai
2021-10-19 07:04:16.717 | INFO     |  5427 | mycroft.skills.settings:get_local_settings:83 | /opt/mycroft/skills/mycroft-fallback-duck-duck-go.mycroftai/settings.json
2021-10-19 07:04:16.778 | INFO     |  5427 | mycroft.skills.skill_loader:_check_for_first_run:324 | First run of mycroft-fallback-duck-duck-go.mycroftai
2021-10-19 07:04:16.780 | INFO     |  5427 | mycroft.skills.settings:save_settings:116 | Skill settings successfully saved to /home/runner/.config/mycroft/skills/mycroft-fallback-duck-duck-go.mycroftai/settings.json
2021-10-19 07:04:16.781 | INFO     |  5427 | mycroft.skills.skill_loader:_communicate_load_status:344 | Skill mycroft-fallback-duck-duck-go.mycroftai loaded successfully
2021-10-19 07:04:16.781 | INFO     |  5427 | mycroft.skills.skill_loader:load:185 | ATTEMPTING TO LOAD SKILL: mycroft-npr-news.mycroftai
2021-10-19 07:04:16.926 | INFO     |  5427 | mycroft.skills.settings:get_local_settings:83 | /opt/mycroft/skills/mycroft-npr-news.mycroftai/settings.json
2021-10-19 07:04:17.969 | INFO     |  5427 | mycroft.skills.skill_loader:_check_for_first_run:324 | First run of mycroft-npr-news.mycroftai
2021-10-19 07:04:17.972 | INFO     |  5427 | mycroft.skills.settings:save_settings:116 | Skill settings successfully saved to /home/runner/.config/mycroft/skills/mycroft-npr-news.mycroftai/settings.json
2021-10-19 07:04:17.974 | INFO     |  5427 | mycroft.skills.skill_loader:_communicate_load_status:344 | Skill mycroft-npr-news.mycroftai loaded successfully
2021-10-19 07:04:17.975 | INFO     |  5427 | mycroft.skills.skill_loader:load:185 | ATTEMPTING TO LOAD SKILL: mycroft-support-helper.mycroftai
2021-10-19 07:04:17.981 | INFO     |  5427 | mycroft.skills.settings:get_local_settings:83 | /opt/mycroft/skills/mycroft-support-helper.mycroftai/settings.json
2021-10-19 07:04:17.988 | INFO     |  5427 | mycroft.skills.skill_loader:_check_for_first_run:324 | First run of mycroft-support-helper.mycroftai
2021-10-19 07:04:17.988 | INFO     |  5427 | mycroft.skills.settings:save_settings:116 | Skill settings successfully saved to /home/runner/.config/mycroft/skills/mycroft-support-helper.mycroftai/settings.json
2021-10-19 07:04:17.990 | INFO     |  5427 | mycroft.skills.skill_loader:_communicate_load_status:344 | Skill mycroft-support-helper.mycroftai loaded successfully
2021-10-19 07:04:17.990 | INFO     |  5427 | mycroft.skills.skill_loader:load:185 | ATTEMPTING TO LOAD SKILL: mycroft-weather.mycroftai
2021-10-19 07:04:18.029 | INFO     |  5427 | mycroft.skills.settings:get_local_settings:83 | /opt/mycroft/skills/mycroft-weather.mycroftai/settings.json
2021-10-19 07:04:18.140 | INFO     |  5427 | mycroft.skills.skill_loader:_check_for_first_run:324 | First run of mycroft-weather.mycroftai
2021-10-19 07:04:18.141 | INFO     |  5427 | mycroft.skills.settings:save_settings:116 | Skill settings successfully saved to /home/runner/.config/mycroft/skills/mycroft-weather.mycroftai/settings.json
2021-10-19 07:04:18.141 | INFO     |  5427 | mycroft.skills.skill_loader:_communicate_load_status:344 | Skill mycroft-weather.mycroftai loaded successfully
2021-10-19 07:04:18.142 | INFO     |  5427 | mycroft.skills.skill_loader:load:185 | ATTEMPTING TO LOAD SKILL: mycroft-speak.mycroftai
2021-10-19 07:04:18.145 | INFO     |  5427 | mycroft.skills.settings:get_local_settings:83 | /opt/mycroft/skills/mycroft-speak.mycroftai/settings.json
2021-10-19 07:04:18.171 | INFO     |  5427 | mycroft.skills.skill_loader:_check_for_first_run:324 | First run of mycroft-speak.mycroftai
2021-10-19 07:04:18.171 | INFO     |  5427 | mycroft.skills.settings:save_settings:116 | Skill settings successfully saved to /home/runner/.config/mycroft/skills/mycroft-speak.mycroftai/settings.json
2021-10-19 07:04:18.172 | INFO     |  5427 | mycroft.skills.skill_loader:_communicate_load_status:344 | Skill mycroft-speak.mycroftai loaded successfully
2021-10-19 07:04:18.172 | INFO     |  5427 | mycroft.skills.skill_loader:load:185 | ATTEMPTING TO LOAD SKILL: mycroft-audio-record.mycroftai
2021-10-19 07:04:18.183 | INFO     |  5427 | mycroft.skills.settings:get_local_settings:83 | /opt/mycroft/skills/mycroft-audio-record.mycroftai/settings.json
2021-10-19 07:04:18.197 | INFO     |  5427 | mycroft.skills.skill_loader:_check_for_first_run:324 | First run of mycroft-audio-record.mycroftai
2021-10-19 07:04:18.198 | INFO     |  5427 | mycroft.skills.settings:save_settings:116 | Skill settings successfully saved to /home/runner/.config/mycroft/skills/mycroft-audio-record.mycroftai/settings.json
2021-10-19 07:04:18.207 | INFO     |  5427 | mycroft.skills.skill_loader:_communicate_load_status:344 | Skill mycroft-audio-record.mycroftai loaded successfully
2021-10-19 07:04:18.207 | INFO     |  5427 | mycroft.skills.skill_loader:load:185 | ATTEMPTING TO LOAD SKILL: mycroft-stop.mycroftai
2021-10-19 07:04:18.210 | INFO     |  5427 | mycroft.skills.settings:get_local_settings:83 | /opt/mycroft/skills/mycroft-stop.mycroftai/settings.json
2021-10-19 07:04:18.230 | INFO     |  5427 | mycroft.skills.skill_loader:_check_for_first_run:324 | First run of mycroft-stop.mycroftai
2021-10-19 07:04:18.231 | INFO     |  5427 | mycroft.skills.settings:save_settings:116 | Skill settings successfully saved to /home/runner/.config/mycroft/skills/mycroft-stop.mycroftai/settings.json
2021-10-19 07:04:18.232 | INFO     |  5427 | mycroft.skills.skill_loader:_communicate_load_status:344 | Skill mycroft-stop.mycroftai loaded successfully
2021-10-19 07:04:18.232 | INFO     |  5427 | mycroft.skills.skill_loader:load:185 | ATTEMPTING TO LOAD SKILL: mycroft-hello-world.mycroftai
2021-10-19 07:04:18.235 | INFO     |  5427 | mycroft.skills.settings:get_local_settings:83 | /opt/mycroft/skills/mycroft-hello-world.mycroftai/settings.json
2021-10-19 07:04:18.256 | INFO     |  5427 | mycroft.skills.skill_loader:_check_for_first_run:324 | First run of mycroft-hello-world.mycroftai
2021-10-19 07:04:18.256 | INFO     |  5427 | mycroft.skills.settings:save_settings:116 | Skill settings successfully saved to /home/runner/.config/mycroft/skills/mycroft-hello-world.mycroftai/settings.json
2021-10-19 07:04:18.258 | INFO     |  5427 | mycroft.skills.skill_loader:_communicate_load_status:344 | Skill mycroft-hello-world.mycroftai loaded successfully
2021-10-19 07:04:18.259 | INFO     |  5427 | mycroft.skills.skill_loader:load:185 | ATTEMPTING TO LOAD SKILL: mycroft-date-time.mycroftai
2021-10-19 07:04:18.761 | INFO     |  5427 | mycroft.skills.settings:get_local_settings:83 | /opt/mycroft/skills/mycroft-date-time.mycroftai/settings.json
2021-10-19 07:04:18.818 | INFO     |  5427 | TimeSkill | Registering resting screen <bound method TimeSkill.handle_idle of <mycroft-date-time_mycroftai.TimeSkill object at 0x7f8984832b50>> for Time and Date.
2021-10-19 07:04:18.830 | INFO     |  5427 | TimeSkill | Registering resting screen
2021-10-19 07:04:18.840 | INFO     |  5427 | mycroft.skills.skill_loader:_check_for_first_run:324 | First run of mycroft-date-time.mycroftai
2021-10-19 07:04:18.840 | INFO     |  5427 | mycroft.skills.settings:save_settings:116 | Skill settings successfully saved to /home/runner/.config/mycroft/skills/mycroft-date-time.mycroftai/settings.json
2021-10-19 07:04:18.845 | INFO     |  5427 | mycroft.skills.skill_loader:_communicate_load_status:344 | Skill mycroft-date-time.mycroftai loaded successfully
2021-10-19 07:04:18.845 | INFO     |  5427 | mycroft.skills.skill_loader:load:185 | ATTEMPTING TO LOAD SKILL: mycroft-configuration.mycroftai
2021-10-19 07:04:18.850 | INFO     |  5427 | mycroft.skills.settings:get_local_settings:83 | /opt/mycroft/skills/mycroft-configuration.mycroftai/settings.json
2021-10-19 07:04:18.887 | INFO     |  5427 | mycroft.skills.skill_loader:_check_for_first_run:324 | First run of mycroft-configuration.mycroftai
2021-10-19 07:04:18.896 | INFO     |  5427 | mycroft.skills.settings:save_settings:116 | Skill settings successfully saved to /home/runner/.config/mycroft/skills/mycroft-configuration.mycroftai/settings.json
2021-10-19 07:04:18.900 | INFO     |  5427 | mycroft.skills.skill_loader:_communicate_load_status:344 | Skill mycroft-configuration.mycroftai loaded successfully
2021-10-19 07:04:18.901 | INFO     |  5427 | mycroft.skills.skill_loader:load:185 | ATTEMPTING TO LOAD SKILL: fallback-query.mycroftai
2021-10-19 07:04:18.910 | INFO     |  5427 | mycroft.skills.settings:get_local_settings:83 | /opt/mycroft/skills/fallback-query.mycroftai/settings.json
2021-10-19 07:04:18.936 | INFO     |  5427 | mycroft.skills.skill_loader:_check_for_first_run:324 | First run of fallback-query.mycroftai
2021-10-19 07:04:18.937 | INFO     |  5427 | mycroft.skills.settings:save_settings:116 | Skill settings successfully saved to /home/runner/.config/mycroft/skills/fallback-query.mycroftai/settings.json
2021-10-19 07:04:18.938 | INFO     |  5427 | mycroft.skills.skill_loader:_communicate_load_status:344 | Skill fallback-query.mycroftai loaded successfully
2021-10-19 07:04:18.939 | INFO     |  5427 | mycroft.skills.skill_loader:load:185 | ATTEMPTING TO LOAD SKILL: mycroft-personal.mycroftai
2021-10-19 07:04:18.948 | INFO     |  5427 | mycroft.skills.settings:get_local_settings:83 | /opt/mycroft/skills/mycroft-personal.mycroftai/settings.json
2021-10-19 07:04:18.968 | INFO     |  5427 | mycroft.skills.skill_loader:_check_for_first_run:324 | First run of mycroft-personal.mycroftai
2021-10-19 07:04:18.969 | INFO     |  5427 | mycroft.skills.settings:save_settings:116 | Skill settings successfully saved to /home/runner/.config/mycroft/skills/mycroft-personal.mycroftai/settings.json
2021-10-19 07:04:18.969 | INFO     |  5427 | mycroft.skills.skill_loader:_communicate_load_status:344 | Skill mycroft-personal.mycroftai loaded successfully
2021-10-19 07:04:18.970 | INFO     |  5427 | mycroft.skills.skill_loader:load:185 | ATTEMPTING TO LOAD SKILL: fallback-wolfram-alpha.mycroftai
2021-10-19 07:04:19.037 | INFO     |  5427 | mycroft.skills.settings:get_local_settings:83 | /opt/mycroft/skills/fallback-wolfram-alpha.mycroftai/settings.json
2021-10-19 07:04:19.057 | INFO     |  5427 | mycroft.skills.skill_loader:_check_for_first_run:324 | First run of fallback-wolfram-alpha.mycroftai
2021-10-19 07:04:19.058 | INFO     |  5427 | mycroft.skills.settings:save_settings:116 | Skill settings successfully saved to /home/runner/.config/mycroft/skills/fallback-wolfram-alpha.mycroftai/settings.json
2021-10-19 07:04:19.059 | INFO     |  5427 | mycroft.skills.skill_loader:_communicate_load_status:344 | Skill fallback-wolfram-alpha.mycroftai loaded successfully
2021-10-19 07:04:19.059 | INFO     |  5427 | mycroft.skills.skill_loader:load:185 | ATTEMPTING TO LOAD SKILL: mycroft-wiki.mycroftai
2021-10-19 07:04:19.068 | INFO     |  5427 | mycroft.skills.settings:get_local_settings:83 | /opt/mycroft/skills/mycroft-wiki.mycroftai/settings.json
2021-10-19 07:04:19.085 | INFO     |  5427 | mycroft.skills.skill_loader:_check_for_first_run:324 | First run of mycroft-wiki.mycroftai
2021-10-19 07:04:19.089 | INFO     |  5427 | mycroft.skills.settings:save_settings:116 | Skill settings successfully saved to /home/runner/.config/mycroft/skills/mycroft-wiki.mycroftai/settings.json
2021-10-19 07:04:19.092 | INFO     |  5427 | mycroft.skills.skill_loader:_communicate_load_status:344 | Skill mycroft-wiki.mycroftai loaded successfully
2021-10-19 07:04:19.092 | INFO     |  5427 | mycroft.skills.skill_loader:load:185 | ATTEMPTING TO LOAD SKILL: fallback-unknown.mycroftai
2021-10-19 07:04:19.096 | INFO     |  5427 | mycroft.skills.settings:get_local_settings:83 | /opt/mycroft/skills/fallback-unknown.mycroftai/settings.json
2021-10-19 07:04:19.107 | INFO     |  5427 | mycroft.skills.skill_loader:_check_for_first_run:324 | First run of fallback-unknown.mycroftai
2021-10-19 07:04:19.108 | INFO     |  5427 | mycroft.skills.settings:save_settings:116 | Skill settings successfully saved to /home/runner/.config/mycroft/skills/fallback-unknown.mycroftai/settings.json
2021-10-19 07:04:19.108 | INFO     |  5427 | mycroft.skills.skill_loader:_communicate_load_status:344 | Skill fallback-unknown.mycroftai loaded successfully
2021-10-19 07:04:19.109 | INFO     |  5427 | mycroft.skills.skill_loader:load:185 | ATTEMPTING TO LOAD SKILL: mycroft-playback-control.mycroftai
2021-10-19 07:04:19.114 | INFO     |  5427 | mycroft.skills.settings:get_local_settings:83 | /opt/mycroft/skills/mycroft-playback-control.mycroftai/settings.json
2021-10-19 07:04:19.148 | INFO     |  5427 | mycroft.skills.skill_loader:_check_for_first_run:324 | First run of mycroft-playback-control.mycroftai
2021-10-19 07:04:19.149 | INFO     |  5427 | mycroft.skills.settings:save_settings:116 | Skill settings successfully saved to /home/runner/.config/mycroft/skills/mycroft-playback-control.mycroftai/settings.json
2021-10-19 07:04:19.151 | INFO     |  5427 | mycroft.skills.skill_loader:_communicate_load_status:344 | Skill mycroft-playback-control.mycroftai loaded successfully
2021-10-19 07:04:19.152 | INFO     |  5427 | mycroft.skills.skill_manager:_load_on_startup:275 | Skills all loaded!
2021-10-19 07:04:19.212 | INFO     |  5427 | __main__:on_ready:185 | Skills service is ready.
2021-10-19 07:04:19.227 | INFO     |  5427 | mycroft.skills.intent_services.padatious_service:train:81 | Training... (single_thread=False)
Regenerated mycroft-alarm.mycroftai:{daytype}.
Regenerated mycroft-reminder.mycroftai:ClearReminders.intent.
Regenerated mycroft-reminder.mycroftai:GetRemindersForDay.intent.
Regenerated mycroft-reminder.mycroftai:GetNextReminders.intent.
Regenerated mycroft-reminder.mycroftai:ReminderAt.intent.
Regenerated mycroft-reminder.mycroftai:SnoozeReminder.intent.
Regenerated mycroft-reminder.mycroftai:CancelActiveReminder.intent.
Regenerated mycroft-reminder.mycroftai:DeleteReminderForDay.intent.
Regenerated homeassistant.mycroftai:tracker.intent.
Regenerated homeassistant.mycroftai:sensor.intent.
Regenerated homeassistant.mycroftai:set.climate.intent.
Regenerated homeassistant.mycroftai:set.light.brightness.intent.
Regenerated homeassistant.mycroftai:automation.intent.
Regenerated homeassistant.mycroftai:turn.on.intent.
Regenerated homeassistant.mycroftai:toggle.intent.
Regenerated mycroft-stop.mycroftai:reboot.intent.
Regenerated mycroft-stop.mycroftai:shutdown.intent.
Regenerated mycroft-stop.mycroftai:wifi.setup.intent.
Regenerated mycroft-stop.mycroftai:ssh.enable.intent.
Regenerated mycroft-stop.mycroftai:ssh.disable.intent.
Regenerated mycroft-hello-world.mycroftai:HowAreYou.intent.
Regenerated mycroft-date-time.mycroftai:what.time.will.it.be.intent.
Regenerated mycroft-reminder.mycroftai:UnspecifiedReminderAt.intent.
Regenerated mycroft-reminder.mycroftai:Reminder.intent.
Regenerated mycroft-installer.mycroftai:install.beta.intent.
Regenerated mycroft-installer.mycroftai:install.intent.
Regenerated mycroft-installer.mycroftai:install.custom.intent.
Regenerated mycroft-installer.mycroftai:remove.intent.
Regenerated mycroft-installer.mycroftai:list.skills.intent.
Regenerated mycroft-installer.mycroftai:is.installed.intent.
Regenerated mycroft-timer.mycroftai:timer.status.intent.
Regenerated mycroft-timer.mycroftai:start.timer.intent.
Regenerated homeassistant.mycroftai:increase.light.brightness.intent.
Regenerated homeassistant.mycroftai:turn.off.intent.
Regenerated homeassistant.mycroftai:decrease.light.brightness.intent.
Regenerated homeassistant.mycroftai:add.item.shopping.list.intent.
Regenerated mycroft-alarm.mycroftai:change.alarm.sound.intent.
Regenerated mycroft-alarm.mycroftai:snooze.intent.
Regenerated mycroft-npr-news.mycroftai:PlayTheNews.intent.
Regenerated mycroft-support-helper.mycroftai:contact.support.intent.
Regenerated mycroft-weather.mycroftai:do-i-need-an-umbrella.intent.
Regenerated mycroft-audio-record.mycroftai:PlayRecording.intent.
Regenerated mycroft-audio-record.mycroftai:StartRecording.intent.
Regenerated mycroft-date-time.mycroftai:date.last.weekend.intent.
Regenerated mycroft-date-time.mycroftai:date.future.weekend.intent.
Regenerated mycroft-date-time.mycroftai:what.time.is.it.intent.
Regenerated mycroft-configuration.mycroftai:DisablePreciseDev.intent.
Regenerated mycroft-personal.mycroftai:DoYouDream.intent.
Regenerated mycroft-personal.mycroftai:WhoAreYou.intent.
Regenerated mycroft-personal.mycroftai:WhenWereYouBorn.intent.
Regenerated mycroft-personal.mycroftai:DoYouRhyme.intent.
Regenerated mycroft-configuration.mycroftai:EnablePreciseDev.intent.
Regenerated mycroft-configuration.mycroftai:WhereAreYou.intent.
Regenerated mycroft-personal.mycroftai:WhoMadeYou.intent.
Regenerated mycroft-personal.mycroftai:WhereWereYouBorn.intent.
Regenerated mycroft-personal.mycroftai:WhatAreYou.intent.
Regenerated mycroft-wiki.mycroftai:Random.intent.
2021-10-19 07:04:21.125 | INFO     |  5427 | mycroft.skills.intent_services.padatious_service:train:83 | Training complete.
2021-10-19 07:04:29.990 | INFO     |  5427 | mycroft.skills.settings:save_settings:116 | Skill settings successfully saved to /home/runner/.config/mycroft/skills/mycroft-timer.mycroftai/settings.json
2021-10-19 07:04:38.242 | INFO     |  5427 | mycroft.skills.settings:save_settings:116 | Skill settings successfully saved to /home/runner/.config/mycroft/skills/mycroft-pairing.mycroftai/settings.json
2021-10-19 07:04:51.822 | INFO     |  5427 | __main__:on_stopping:193 | Skills service is shutting down...
2021-10-19 07:04:51.822 | INFO     |  5427 | __main__:shutdown:284 | Shutting down Skills service
2021-10-19 07:04:52.234 | ERROR    |  5427 | VolumeSkill | Couldn't allocate mixer, ALSAAudioError('No such file or directory [default]')
2021-10-19 07:04:52.235 | INFO     |  5427 | mycroft.skills.settings:save_settings:116 | Skill settings successfully saved to /home/runner/.config/mycroft/skills/mycroft-volume.mycroftai/settings.json
2021-10-19 07:04:52.237 | INFO     |  5427 | mycroft.skills.settings:save_settings:116 | Skill settings successfully saved to /home/runner/.config/mycroft/skills/mycroft-ip.mycroftai/settings.json
2021-10-19 07:04:52.244 | INFO     |  5427 | mycroft.skills.settings:save_settings:116 | Skill settings successfully saved to /home/runner/.config/mycroft/skills/mycroft-reminder.mycroftai/settings.json
2021-10-19 07:04:52.259 | INFO     |  5427 | mycroft.skills.settings:save_settings:116 | Skill settings successfully saved to /home/runner/.config/mycroft/skills/mycroft-installer.mycroftai/settings.json
2021-10-19 07:04:52.260 | INFO     |  5427 | mycroft.skills.settings:save_settings:116 | Skill settings successfully saved to /home/runner/.config/mycroft/skills/mycroft-version-checker.mycroftai/settings.json
2021-10-19 07:04:52.261 | INFO     |  5427 | mycroft.skills.settings:save_settings:116 | Skill settings successfully saved to /home/runner/.config/mycroft/skills/mycroft-singing.mycroftai/settings.json
2021-10-19 07:04:52.267 | INFO     |  5427 | mycroft.skills.settings:save_settings:116 | Skill settings successfully saved to /home/runner/.config/mycroft/skills/mycroft-joke.mycroftai/settings.json
2021-10-19 07:04:52.273 | INFO     |  5427 | HomeAssistantSkill | Removing all handlers...
2021-10-19 07:04:52.274 | WARNING  |  5427 | mycroft.skills.fallback_skill:remove_fallback:185 | Could not find matching fallback handler
2021-10-19 07:04:52.275 | INFO     |  5427 | mycroft.skills.settings:save_settings:116 | Skill settings successfully saved to /home/runner/.config/mycroft/skills/mycroft-alarm.mycroftai/settings.json
2021-10-19 07:04:52.280 | INFO     |  5427 | mycroft.skills.settings:save_settings:116 | Skill settings successfully saved to /home/runner/.config/mycroft/skills/mycroft-naptime.mycroftai/settings.json
2021-10-19 07:04:52.288 | INFO     |  5427 | mycroft.skills.settings:save_settings:116 | Skill settings successfully saved to /home/runner/.config/mycroft/skills/mycroft-spelling.mycroftai/settings.json
2021-10-19 07:04:52.290 | INFO     |  5427 | mycroft.skills.settings:save_settings:116 | Skill settings successfully saved to /home/runner/.config/mycroft/skills/mycroft-fallback-duck-duck-go.mycroftai/settings.json
2021-10-19 07:04:52.290 | INFO     |  5427 | mycroft.skills.settings:save_settings:116 | Skill settings successfully saved to /home/runner/.config/mycroft/skills/mycroft-npr-news.mycroftai/settings.json
2021-10-19 07:04:52.300 | INFO     |  5427 | mycroft.skills.settings:save_settings:116 | Skill settings successfully saved to /home/runner/.config/mycroft/skills/mycroft-support-helper.mycroftai/settings.json
2021-10-19 07:04:52.300 | INFO     |  5427 | mycroft.skills.settings:save_settings:116 | Skill settings successfully saved to /home/runner/.config/mycroft/skills/mycroft-weather.mycroftai/settings.json
2021-10-19 07:04:52.301 | INFO     |  5427 | mycroft.skills.settings:save_settings:116 | Skill settings successfully saved to /home/runner/.config/mycroft/skills/mycroft-speak.mycroftai/settings.json
2021-10-19 07:04:52.307 | INFO     |  5427 | mycroft.skills.settings:save_settings:116 | Skill settings successfully saved to /home/runner/.config/mycroft/skills/mycroft-audio-record.mycroftai/settings.json
2021-10-19 07:04:52.318 | INFO     |  5427 | mycroft.skills.settings:save_settings:116 | Skill settings successfully saved to /home/runner/.config/mycroft/skills/mycroft-stop.mycroftai/settings.json
2021-10-19 07:04:52.319 | INFO     |  5427 | mycroft.skills.settings:save_settings:116 | Skill settings successfully saved to /home/runner/.config/mycroft/skills/mycroft-hello-world.mycroftai/settings.json
2021-10-19 07:04:52.320 | INFO     |  5427 | mycroft.skills.settings:save_settings:116 | Skill settings successfully saved to /home/runner/.config/mycroft/skills/mycroft-date-time.mycroftai/settings.json
2021-10-19 07:04:52.322 | INFO     |  5427 | mycroft.skills.settings:save_settings:116 | Skill settings successfully saved to /home/runner/.config/mycroft/skills/mycroft-configuration.mycroftai/settings.json
2021-10-19 07:04:52.335 | INFO     |  5427 | QuestionsAnswersSkill | Removing all handlers...
2021-10-19 07:04:52.336 | INFO     |  5427 | mycroft.skills.settings:save_settings:116 | Skill settings successfully saved to /home/runner/.config/mycroft/skills/fallback-query.mycroftai/settings.json
2021-10-19 07:04:52.336 | INFO     |  5427 | mycroft.skills.settings:save_settings:116 | Skill settings successfully saved to /home/runner/.config/mycroft/skills/mycroft-personal.mycroftai/settings.json
2021-10-19 07:04:52.337 | INFO     |  5427 | mycroft.skills.settings:save_settings:116 | Skill settings successfully saved to /home/runner/.config/mycroft/skills/fallback-wolfram-alpha.mycroftai/settings.json
2021-10-19 07:04:52.338 | INFO     |  5427 | mycroft.skills.settings:save_settings:116 | Skill settings successfully saved to /home/runner/.config/mycroft/skills/mycroft-wiki.mycroftai/settings.json
2021-10-19 07:04:52.352 | INFO     |  5427 | UnknownSkill | Removing all handlers...
2021-10-19 07:04:52.352 | INFO     |  5427 | mycroft.skills.settings:save_settings:116 | Skill settings successfully saved to /home/runner/.config/mycroft/skills/fallback-unknown.mycroftai/settings.json
2021-10-19 07:04:52.353 | INFO     |  5427 | mycroft.skills.settings:save_settings:116 | Skill settings successfully saved to /home/runner/.config/mycroft/skills/mycroft-playback-control.mycroftai/settings.json
2021-10-19 07:04:53.354 | INFO     |  5427 | Playback Control Skill | Audio service status: {}
2021-10-19 07:04:54.355 | WARNING  |  5427 | mycroft.skills.skill_manager:_shutdown_skill:106 | mycroft-playback-control.mycroftai shutdown took 2.002161082999976 seconds
2021-10-19 07:04:54.356 | INFO     |  5427 | __main__:shutdown:291 | Skills service shutdown complete!
2021-10-19 07:04:56.268 | ERROR    |  5427 | websocket | error from callback <bound method MessageBusClient.on_message of <mycroft.messagebus.client.client.MessageBusClient object at 0x7f898fe2ab10>>: cannot schedule new futures after shutdown
